#
# There is insufficient memory for the Java Runtime Environment to continue.
# Native memory allocation (malloc) failed to allocate 2159216 bytes for Chunk::new
# Possible reasons:
#   The system is out of physical RAM or swap space
#   The process is running with CompressedOops enabled, and the Java Heap may be blocking the growth of the native heap
# Possible solutions:
#   Reduce memory load on the system
#   Increase physical memory or swap space
#   Check if swap backing store is full
#   Decrease Java heap size (-Xmx/-Xms)
#   Decrease number of Java threads
#   Decrease Java thread stack sizes (-Xss)
#   Set larger code cache with -XX:ReservedCodeCacheSize=
#   JVM is running with Unscaled Compressed Oops mode in which the Java heap is
#     placed in the first 4GB address space. The Java Heap base address is the
#     maximum limit for the native heap growth. Please use -XX:HeapBaseMinAddress
#     to set the Java Heap base and to place the Java Heap above 4GB virtual address.
# This output file may be truncated or incomplete.
#
#  Out of Memory Error (./src/hotspot/share/memory/arena.cpp:197), pid=4008, tid=2356
#
# JRE version: OpenJDK Runtime Environment (11.0.13) (build 11.0.13+0-b1751.21-8125866)
# Java VM: OpenJDK 64-Bit Server VM (11.0.13+0-b1751.21-8125866, mixed mode, tiered, compressed oops, g1 gc, windows-amd64)
# No core dump will be written. Minidumps are not enabled by default on client versions of Windows
#

---------------  S U M M A R Y ------------

Command Line: --add-opens=java.base/java.util=ALL-UNNAMED --add-opens=java.base/java.lang=ALL-UNNAMED --add-opens=java.base/java.lang.invoke=ALL-UNNAMED --add-opens=java.base/java.util=ALL-UNNAMED --add-opens=java.prefs/java.util.prefs=ALL-UNNAMED --add-opens=java.prefs/java.util.prefs=ALL-UNNAMED --add-opens=java.base/java.nio.charset=ALL-UNNAMED --add-opens=java.base/java.net=ALL-UNNAMED --add-opens=java.base/java.util.concurrent.atomic=ALL-UNNAMED -Xmx2048m -Dfile.encoding=UTF-8 -Duser.country=US -Duser.language=en -Duser.variant org.gradle.launcher.daemon.bootstrap.GradleDaemon 7.5

Host: Intel(R) Core(TM) i5-4300U CPU @ 1.90GHz, 4 cores, 7G,  Windows 10 , 64 bit Build 19041 (10.0.19041.3155)
Time: Thu Aug 24 19:29:50 2023 E. Africa Standard Time elapsed time: 42.408235 seconds (0d 0h 0m 42s)

---------------  T H R E A D  ---------------

Current thread (0x000001fccb021000):  JavaThread "C2 CompilerThread0" daemon [_thread_in_native, id=2356, stack(0x000000cf66f00000,0x000000cf67000000)]


Current CompileTask:
C2:  42408 4516       4       java.lang.invoke.LambdaForm$Name::replaceNames (174 bytes)

Stack: [0x000000cf66f00000,0x000000cf67000000]
Native frames: (J=compiled Java code, j=interpreted, Vv=VM code, C=native code)
V  [jvm.dll+0x6100fa]
V  [jvm.dll+0x747090]
V  [jvm.dll+0x7486ad]
V  [jvm.dll+0x748d83]
V  [jvm.dll+0x24ab48]
V  [jvm.dll+0xc04dc]
V  [jvm.dll+0xc0a0c]
V  [jvm.dll+0x35eb5b]
V  [jvm.dll+0x32b833]
V  [jvm.dll+0x32ad2a]
V  [jvm.dll+0x2032b2]
V  [jvm.dll+0x202437]
V  [jvm.dll+0x188e01]
V  [jvm.dll+0x21106b]
V  [jvm.dll+0x20f8c1]
V  [jvm.dll+0x70de0f]
V  [jvm.dll+0x706a75]
V  [jvm.dll+0x60ed66]
C  [ucrtbase.dll+0x21bb2]
C  [KERNEL32.DLL+0x17614]
C  [ntdll.dll+0x526b1]


---------------  P R O C E S S  ---------------

Threads class SMR info:
_java_thread_list=0x000001fcd0624980, length=37, elements={
0x000001fcb0c3c800, 0x000001fccb000000, 0x000001fccb001800, 0x000001fccb00d800,
0x000001fccb9a2800, 0x000001fccb01d000, 0x000001fccb021000, 0x000001fccb026000,
0x000001fccb02b800, 0x000001fccbb11800, 0x000001fccbc6f800, 0x000001fccd4fe800,
0x000001fccd4d9000, 0x000001fccd4f3800, 0x000001fccd519800, 0x000001fccc6a6800,
0x000001fccd528800, 0x000001fccbf02000, 0x000001fccc3da800, 0x000001fccd05e800,
0x000001fccc40e800, 0x000001fccc40f000, 0x000001fccc410000, 0x000001fccc411000,
0x000001fccc40d800, 0x000001fccc40c800, 0x000001fccc411800, 0x000001fccc412800,
0x000001fccc413000, 0x000001fccf69b000, 0x000001fccf6a0000, 0x000001fccf69c800,
0x000001fccf69f000, 0x000001fccf69e000, 0x000001fccf69a000, 0x000001fccf6a0800,
0x000001fccf6a1800
}

Java Threads: ( => current thread )
  0x000001fcb0c3c800 JavaThread "main" [_thread_blocked, id=5448, stack(0x000000cf66300000,0x000000cf66400000)]
  0x000001fccb000000 JavaThread "Reference Handler" daemon [_thread_blocked, id=5944, stack(0x000000cf66a00000,0x000000cf66b00000)]
  0x000001fccb001800 JavaThread "Finalizer" daemon [_thread_blocked, id=9756, stack(0x000000cf66b00000,0x000000cf66c00000)]
  0x000001fccb00d800 JavaThread "Signal Dispatcher" daemon [_thread_blocked, id=8884, stack(0x000000cf66c00000,0x000000cf66d00000)]
  0x000001fccb9a2800 JavaThread "Attach Listener" daemon [_thread_blocked, id=10852, stack(0x000000cf66d00000,0x000000cf66e00000)]
  0x000001fccb01d000 JavaThread "Service Thread" daemon [_thread_blocked, id=1440, stack(0x000000cf66e00000,0x000000cf66f00000)]
=>0x000001fccb021000 JavaThread "C2 CompilerThread0" daemon [_thread_in_native, id=2356, stack(0x000000cf66f00000,0x000000cf67000000)]
  0x000001fccb026000 JavaThread "C1 CompilerThread0" daemon [_thread_blocked, id=11928, stack(0x000000cf67000000,0x000000cf67100000)]
  0x000001fccb02b800 JavaThread "Sweeper thread" daemon [_thread_blocked, id=11944, stack(0x000000cf67100000,0x000000cf67200000)]
  0x000001fccbb11800 JavaThread "Common-Cleaner" daemon [_thread_blocked, id=3100, stack(0x000000cf67200000,0x000000cf67300000)]
  0x000001fccbc6f800 JavaThread "Daemon health stats" [_thread_blocked, id=11940, stack(0x000000cf67600000,0x000000cf67700000)]
  0x000001fccd4fe800 JavaThread "Incoming local TCP Connector on port 11683" [_thread_in_native, id=10796, stack(0x000000cf67700000,0x000000cf67800000)]
  0x000001fccd4d9000 JavaThread "Daemon periodic checks" [_thread_blocked, id=9656, stack(0x000000cf67900000,0x000000cf67a00000)]
  0x000001fccd4f3800 JavaThread "Daemon" [_thread_blocked, id=4988, stack(0x000000cf67a00000,0x000000cf67b00000)]
  0x000001fccd519800 JavaThread "Handler for socket connection from /127.0.0.1:11683 to /127.0.0.1:11684" [_thread_in_native, id=11484, stack(0x000000cf67b00000,0x000000cf67c00000)]
  0x000001fccc6a6800 JavaThread "Cancel handler" [_thread_blocked, id=10284, stack(0x000000cf67c00000,0x000000cf67d00000)]
  0x000001fccd528800 JavaThread "Daemon worker" [_thread_in_Java, id=11064, stack(0x000000cf67d00000,0x000000cf67e00000)]
  0x000001fccbf02000 JavaThread "Asynchronous log dispatcher for DefaultDaemonConnection: socket connection from /127.0.0.1:11683 to /127.0.0.1:11684" [_thread_blocked, id=12012, stack(0x000000cf67e00000,0x000000cf67f00000)]
  0x000001fccc3da800 JavaThread "Stdin handler" [_thread_blocked, id=10980, stack(0x000000cf67f00000,0x000000cf68000000)]
  0x000001fccd05e800 JavaThread "Daemon client event forwarder" [_thread_blocked, id=5968, stack(0x000000cf68000000,0x000000cf68100000)]
  0x000001fccc40e800 JavaThread "Cache worker for journal cache (C:\Users\hp\.gradle\caches\journal-1)" [_thread_blocked, id=11148, stack(0x000000cf68100000,0x000000cf68200000)]
  0x000001fccc40f000 JavaThread "File lock request listener" [_thread_in_native, id=12264, stack(0x000000cf68200000,0x000000cf68300000)]
  0x000001fccc410000 JavaThread "Cache worker for file hash cache (C:\Users\hp\.gradle\caches\7.5\fileHashes)" [_thread_blocked, id=1560, stack(0x000000cf68300000,0x000000cf68400000)]
  0x000001fccc411000 JavaThread "File watcher server" daemon [_thread_in_native, id=5980, stack(0x000000cf68400000,0x000000cf68500000)]
  0x000001fccc40d800 JavaThread "File watcher consumer" daemon [_thread_blocked, id=10312, stack(0x000000cf68500000,0x000000cf68600000)]
  0x000001fccc40c800 JavaThread "jar transforms" [_thread_blocked, id=10168, stack(0x000000cf68600000,0x000000cf68700000)]
  0x000001fccc411800 JavaThread "jar transforms Thread 2" [_thread_blocked, id=3016, stack(0x000000cf68700000,0x000000cf68800000)]
  0x000001fccc412800 JavaThread "jar transforms Thread 3" [_thread_blocked, id=12148, stack(0x000000cf68800000,0x000000cf68900000)]
  0x000001fccc413000 JavaThread "jar transforms Thread 4" [_thread_in_native, id=10212, stack(0x000000cf68900000,0x000000cf68a00000)]
  0x000001fccf69b000 JavaThread "Cache worker for checksums cache (C:\Users\hp\Desktop\eCommerceApp\.gradle\7.5\checksums)" [_thread_blocked, id=8548, stack(0x000000cf68a00000,0x000000cf68b00000)]
  0x000001fccf6a0000 JavaThread "Cache worker for cache directory md-rule (C:\Users\hp\.gradle\caches\7.5\md-rule)" [_thread_blocked, id=10392, stack(0x000000cf68b00000,0x000000cf68c00000)]
  0x000001fccf69c800 JavaThread "Cache worker for file content cache (C:\Users\hp\.gradle\caches\7.5\fileContent)" [_thread_blocked, id=11564, stack(0x000000cf68c00000,0x000000cf68d00000)]
  0x000001fccf69f000 JavaThread "Cache worker for file hash cache (C:\Users\hp\Desktop\eCommerceApp\.gradle\7.5\fileHashes)" [_thread_blocked, id=10208, stack(0x000000cf68d00000,0x000000cf68e00000)]
  0x000001fccf69e000 JavaThread "Cache worker for cache directory md-supplier (C:\Users\hp\.gradle\caches\7.5\md-supplier)" [_thread_blocked, id=10900, stack(0x000000cf68e00000,0x000000cf68f00000)]
  0x000001fccf69a000 JavaThread "Cache worker for execution history cache (C:\Users\hp\.gradle\caches\7.5\executionHistory)" [_thread_blocked, id=1476, stack(0x000000cf68f00000,0x000000cf69000000)]
  0x000001fccf6a0800 JavaThread "Cache worker for dependencies-accessors (C:\Users\hp\Desktop\eCommerceApp\.gradle\7.5\dependencies-accessors)" [_thread_blocked, id=2736, stack(0x000000cf69000000,0x000000cf69100000)]
  0x000001fccf6a1800 JavaThread "Cache worker for Build Output Cleanup Cache (C:\Users\hp\Desktop\eCommerceApp\.gradle\buildOutputCleanup)" [_thread_blocked, id=1080, stack(0x000000cf69100000,0x000000cf69200000)]

Other Threads:
  0x000001fccaffa800 VMThread "VM Thread" [stack: 0x000000cf66900000,0x000000cf66a00000] [id=8048]
  0x000001fccbb16800 WatcherThread [stack: 0x000000cf67300000,0x000000cf67400000] [id=7808]
  0x000001fcb0c55000 GCTaskThread "GC Thread#0" [stack: 0x000000cf66400000,0x000000cf66500000] [id=10480]
  0x000001fccbd5b800 GCTaskThread "GC Thread#1" [stack: 0x000000cf67400000,0x000000cf67500000] [id=10680]
  0x000001fccbd5c800 GCTaskThread "GC Thread#2" [stack: 0x000000cf67500000,0x000000cf67600000] [id=3304]
  0x000001fccd0d6800 GCTaskThread "GC Thread#3" [stack: 0x000000cf67800000,0x000000cf67900000] [id=11472]
  0x000001fcb0c87000 ConcurrentGCThread "G1 Main Marker" [stack: 0x000000cf66500000,0x000000cf66600000] [id=7136]
  0x000001fcb0c8a000 ConcurrentGCThread "G1 Conc#0" [stack: 0x000000cf66600000,0x000000cf66700000] [id=12228]
  0x000001fcb0d17800 ConcurrentGCThread "G1 Refine#0" [stack: 0x000000cf66700000,0x000000cf66800000] [id=7272]
  0x000001fcb0d18800 ConcurrentGCThread "G1 Young RemSet Sampling" [stack: 0x000000cf66800000,0x000000cf66900000] [id=4740]

Threads with active compile tasks:
C2 CompilerThread0  42592 4516       4       java.lang.invoke.LambdaForm$Name::replaceNames (174 bytes)

VM state:not at safepoint (normal execution)

VM Mutex/Monitor currently owned by a thread: None

Heap address: 0x0000000080000000, size: 2048 MB, Compressed Oops mode: 32-bit
Narrow klass base: 0x0000000000000000, Narrow klass shift: 3
Compressed class space size: 1073741824 Address: 0x0000000100000000

Heap:
 garbage-first heap   total 131072K, used 85522K [0x0000000080000000, 0x0000000100000000)
  region size 1024K, 4 young (4096K), 2 survivors (2048K)
 Metaspace       used 49879K, capacity 51372K, committed 51408K, reserved 1093632K
  class space    used 6405K, capacity 6931K, committed 6944K, reserved 1048576K
Heap Regions: E=young(eden), S=young(survivor), O=old, HS=humongous(starts), HC=humongous(continues), CS=collection set, F=free, A=archive, TAMS=top-at-mark-start (previous, next)
|   0|0x0000000080000000, 0x0000000080100000, 0x0000000080100000|100%|HS|  |TAMS 0x0000000080100000, 0x0000000080000000| Complete 
|   1|0x0000000080100000, 0x0000000080200000, 0x0000000080200000|100%|HC|  |TAMS 0x0000000080200000, 0x0000000080100000| Complete 
|   2|0x0000000080200000, 0x0000000080300000, 0x0000000080300000|100%|HC|  |TAMS 0x0000000080300000, 0x0000000080200000| Complete 
|   3|0x0000000080300000, 0x0000000080400000, 0x0000000080400000|100%| O|  |TAMS 0x0000000080400000, 0x0000000080300000| Untracked 
|   4|0x0000000080400000, 0x0000000080500000, 0x0000000080500000|100%| O|  |TAMS 0x0000000080500000, 0x0000000080400000| Untracked 
|   5|0x0000000080500000, 0x0000000080600000, 0x0000000080600000|100%| O|  |TAMS 0x0000000080600000, 0x0000000080500000| Untracked 
|   6|0x0000000080600000, 0x0000000080700000, 0x0000000080700000|100%| O|  |TAMS 0x0000000080700000, 0x0000000080600000| Untracked 
|   7|0x0000000080700000, 0x0000000080800000, 0x0000000080800000|100%| O|  |TAMS 0x0000000080800000, 0x0000000080700000| Untracked 
|   8|0x0000000080800000, 0x0000000080900000, 0x0000000080900000|100%| O|  |TAMS 0x0000000080900000, 0x0000000080800000| Untracked 
|   9|0x0000000080900000, 0x0000000080a00000, 0x0000000080a00000|100%| O|  |TAMS 0x0000000080a00000, 0x0000000080900000| Untracked 
|  10|0x0000000080a00000, 0x0000000080b00000, 0x0000000080b00000|100%| O|  |TAMS 0x0000000080b00000, 0x0000000080a00000| Untracked 
|  11|0x0000000080b00000, 0x0000000080c00000, 0x0000000080c00000|100%| O|  |TAMS 0x0000000080c00000, 0x0000000080b00000| Untracked 
|  12|0x0000000080c00000, 0x0000000080d00000, 0x0000000080d00000|100%| O|  |TAMS 0x0000000080d00000, 0x0000000080c00000| Untracked 
|  13|0x0000000080d00000, 0x0000000080e00000, 0x0000000080e00000|100%| O|  |TAMS 0x0000000080e00000, 0x0000000080d00000| Untracked 
|  14|0x0000000080e00000, 0x0000000080f00000, 0x0000000080f00000|100%| O|  |TAMS 0x0000000080f00000, 0x0000000080e00000| Untracked 
|  15|0x0000000080f00000, 0x0000000081000000, 0x0000000081000000|100%| O|  |TAMS 0x0000000081000000, 0x0000000080f00000| Untracked 
|  16|0x0000000081000000, 0x0000000081100000, 0x0000000081100000|100%|HS|  |TAMS 0x0000000081100000, 0x0000000081000000| Complete 
|  17|0x0000000081100000, 0x0000000081200000, 0x0000000081200000|100%|HC|  |TAMS 0x0000000081200000, 0x0000000081100000| Complete 
|  18|0x0000000081200000, 0x0000000081300000, 0x0000000081300000|100%|HS|  |TAMS 0x0000000081300000, 0x0000000081200000| Complete 
|  19|0x0000000081300000, 0x0000000081400000, 0x0000000081400000|100%|HC|  |TAMS 0x0000000081400000, 0x0000000081300000| Complete 
|  20|0x0000000081400000, 0x0000000081500000, 0x0000000081500000|100%|HC|  |TAMS 0x0000000081500000, 0x0000000081400000| Complete 
|  21|0x0000000081500000, 0x0000000081600000, 0x0000000081600000|100%|HS|  |TAMS 0x0000000081600000, 0x0000000081500000| Complete 
|  22|0x0000000081600000, 0x0000000081700000, 0x0000000081700000|100%|HS|  |TAMS 0x0000000081700000, 0x0000000081600000| Complete 
|  23|0x0000000081700000, 0x0000000081800000, 0x0000000081800000|100%|HC|  |TAMS 0x0000000081800000, 0x0000000081700000| Complete 
|  24|0x0000000081800000, 0x0000000081900000, 0x0000000081900000|100%|HS|  |TAMS 0x0000000081900000, 0x0000000081800000| Complete 
|  25|0x0000000081900000, 0x0000000081a00000, 0x0000000081a00000|100%|HC|  |TAMS 0x0000000081a00000, 0x0000000081900000| Complete 
|  26|0x0000000081a00000, 0x0000000081b00000, 0x0000000081b00000|100%|HC|  |TAMS 0x0000000081b00000, 0x0000000081a00000| Complete 
|  27|0x0000000081b00000, 0x0000000081c00000, 0x0000000081c00000|100%|HS|  |TAMS 0x0000000081c00000, 0x0000000081b00000| Complete 
|  28|0x0000000081c00000, 0x0000000081d00000, 0x0000000081d00000|100%|HC|  |TAMS 0x0000000081d00000, 0x0000000081c00000| Complete 
|  29|0x0000000081d00000, 0x0000000081e00000, 0x0000000081e00000|100%|HC|  |TAMS 0x0000000081e00000, 0x0000000081d00000| Complete 
|  30|0x0000000081e00000, 0x0000000081f00000, 0x0000000081f00000|100%|HS|  |TAMS 0x0000000081f00000, 0x0000000081e00000| Complete 
|  31|0x0000000081f00000, 0x0000000082000000, 0x0000000082000000|100%|HC|  |TAMS 0x0000000082000000, 0x0000000081f00000| Complete 
|  32|0x0000000082000000, 0x0000000082100000, 0x0000000082100000|100%|HC|  |TAMS 0x0000000082100000, 0x0000000082000000| Complete 
|  33|0x0000000082100000, 0x0000000082200000, 0x0000000082200000|100%|HC|  |TAMS 0x0000000082200000, 0x0000000082100000| Complete 
|  34|0x0000000082200000, 0x0000000082300000, 0x0000000082300000|100%|HS|  |TAMS 0x0000000082300000, 0x0000000082200000| Complete 
|  35|0x0000000082300000, 0x0000000082400000, 0x0000000082400000|100%|HC|  |TAMS 0x0000000082400000, 0x0000000082300000| Complete 
|  36|0x0000000082400000, 0x0000000082500000, 0x0000000082500000|100%|HC|  |TAMS 0x0000000082500000, 0x0000000082400000| Complete 
|  37|0x0000000082500000, 0x0000000082600000, 0x0000000082600000|100%|HC|  |TAMS 0x0000000082600000, 0x0000000082500000| Complete 
|  38|0x0000000082600000, 0x0000000082700000, 0x0000000082700000|100%|HC|  |TAMS 0x0000000082700000, 0x0000000082600000| Complete 
|  39|0x0000000082700000, 0x0000000082800000, 0x0000000082800000|100%| O|  |TAMS 0x0000000082800000, 0x0000000082700000| Untracked 
|  40|0x0000000082800000, 0x0000000082900000, 0x0000000082900000|100%| O|  |TAMS 0x0000000082900000, 0x0000000082800000| Untracked 
|  41|0x0000000082900000, 0x0000000082a00000, 0x0000000082a00000|100%| O|  |TAMS 0x0000000082a00000, 0x0000000082900000| Untracked 
|  42|0x0000000082a00000, 0x0000000082b00000, 0x0000000082b00000|100%| O|  |TAMS 0x0000000082b00000, 0x0000000082a00000| Untracked 
|  43|0x0000000082b00000, 0x0000000082c00000, 0x0000000082c00000|100%| O|  |TAMS 0x0000000082c00000, 0x0000000082b00000| Untracked 
|  44|0x0000000082c00000, 0x0000000082d00000, 0x0000000082d00000|100%| O|  |TAMS 0x0000000082d00000, 0x0000000082c00000| Untracked 
|  45|0x0000000082d00000, 0x0000000082e00000, 0x0000000082e00000|100%| O|  |TAMS 0x0000000082e00000, 0x0000000082d00000| Untracked 
|  46|0x0000000082e00000, 0x0000000082f00000, 0x0000000082f00000|100%| O|  |TAMS 0x0000000082f00000, 0x0000000082e00000| Untracked 
|  47|0x0000000082f00000, 0x0000000083000000, 0x0000000083000000|100%| O|  |TAMS 0x0000000083000000, 0x0000000082f00000| Untracked 
|  48|0x0000000083000000, 0x0000000083100000, 0x0000000083100000|100%| O|  |TAMS 0x0000000083100000, 0x0000000083000000| Untracked 
|  49|0x0000000083100000, 0x0000000083200000, 0x0000000083200000|100%| O|  |TAMS 0x0000000083200000, 0x0000000083100000| Untracked 
|  50|0x0000000083200000, 0x0000000083300000, 0x0000000083300000|100%| O|  |TAMS 0x0000000083300000, 0x0000000083200000| Untracked 
|  51|0x0000000083300000, 0x0000000083400000, 0x0000000083400000|100%| O|  |TAMS 0x0000000083400000, 0x0000000083300000| Untracked 
|  52|0x0000000083400000, 0x0000000083500000, 0x0000000083500000|100%| O|  |TAMS 0x0000000083500000, 0x0000000083400000| Untracked 
|  53|0x0000000083500000, 0x0000000083600000, 0x0000000083600000|100%| O|  |TAMS 0x0000000083600000, 0x0000000083500000| Untracked 
|  54|0x0000000083600000, 0x0000000083700000, 0x0000000083700000|100%| O|  |TAMS 0x0000000083700000, 0x0000000083600000| Untracked 
|  55|0x0000000083700000, 0x0000000083800000, 0x0000000083800000|100%| O|  |TAMS 0x0000000083800000, 0x0000000083700000| Untracked 
|  56|0x0000000083800000, 0x0000000083900000, 0x0000000083900000|100%| O|  |TAMS 0x0000000083900000, 0x0000000083800000| Untracked 
|  57|0x0000000083900000, 0x0000000083a00000, 0x0000000083a00000|100%| O|  |TAMS 0x0000000083a00000, 0x0000000083900000| Untracked 
|  58|0x0000000083a00000, 0x0000000083b00000, 0x0000000083b00000|100%|HS|  |TAMS 0x0000000083b00000, 0x0000000083a00000| Complete 
|  59|0x0000000083b00000, 0x0000000083c00000, 0x0000000083c00000|100%|HC|  |TAMS 0x0000000083c00000, 0x0000000083b00000| Complete 
|  60|0x0000000083c00000, 0x0000000083d00000, 0x0000000083d00000|100%|HC|  |TAMS 0x0000000083d00000, 0x0000000083c00000| Complete 
|  61|0x0000000083d00000, 0x0000000083e00000, 0x0000000083e00000|100%|HC|  |TAMS 0x0000000083e00000, 0x0000000083d00000| Complete 
|  62|0x0000000083e00000, 0x0000000083f00000, 0x0000000083f00000|100%|HS|  |TAMS 0x0000000083f00000, 0x0000000083e00000| Complete 
|  63|0x0000000083f00000, 0x0000000084000000, 0x0000000084000000|100%|HC|  |TAMS 0x0000000084000000, 0x0000000083f00000| Complete 
|  64|0x0000000084000000, 0x0000000084100000, 0x0000000084100000|100%|HC|  |TAMS 0x0000000084100000, 0x0000000084000000| Complete 
|  65|0x0000000084100000, 0x0000000084200000, 0x0000000084200000|100%|HS|  |TAMS 0x0000000084200000, 0x0000000084100000| Complete 
|  66|0x0000000084200000, 0x0000000084300000, 0x0000000084300000|100%|HC|  |TAMS 0x0000000084300000, 0x0000000084200000| Complete 
|  67|0x0000000084300000, 0x0000000084400000, 0x0000000084400000|100%|HS|  |TAMS 0x0000000084400000, 0x0000000084300000| Complete 
|  68|0x0000000084400000, 0x0000000084500000, 0x0000000084500000|100%|HC|  |TAMS 0x0000000084500000, 0x0000000084400000| Complete 
|  69|0x0000000084500000, 0x0000000084600000, 0x0000000084600000|100%|HC|  |TAMS 0x0000000084600000, 0x0000000084500000| Complete 
|  70|0x0000000084600000, 0x0000000084700000, 0x0000000084700000|100%| O|  |TAMS 0x0000000084700000, 0x0000000084600000| Untracked 
|  71|0x0000000084700000, 0x0000000084800000, 0x0000000084800000|100%| O|  |TAMS 0x0000000084800000, 0x0000000084700000| Untracked 
|  72|0x0000000084800000, 0x0000000084900000, 0x0000000084900000|100%| O|  |TAMS 0x0000000084900000, 0x0000000084800000| Untracked 
|  73|0x0000000084900000, 0x0000000084a00000, 0x0000000084a00000|100%| O|  |TAMS 0x0000000084a00000, 0x0000000084900000| Untracked 
|  74|0x0000000084a00000, 0x0000000084b00000, 0x0000000084b00000|100%| O|  |TAMS 0x0000000084a30600, 0x0000000084a00000| Untracked 
|  75|0x0000000084b00000, 0x0000000084c00000, 0x0000000084c00000|100%|HS|  |TAMS 0x0000000084b00000, 0x0000000084b00000| Complete 
|  76|0x0000000084c00000, 0x0000000084d00000, 0x0000000084d00000|100%|HC|  |TAMS 0x0000000084c00000, 0x0000000084c00000| Complete 
|  77|0x0000000084d00000, 0x0000000084e00000, 0x0000000084e00000|100%|HC|  |TAMS 0x0000000084d00000, 0x0000000084d00000| Complete 
|  78|0x0000000084e00000, 0x0000000084f00000, 0x0000000084f00000|100%|HC|  |TAMS 0x0000000084e00000, 0x0000000084e00000| Complete 
|  79|0x0000000084f00000, 0x0000000085000000, 0x0000000085000000|100%|HC|  |TAMS 0x0000000084f00000, 0x0000000084f00000| Complete 
|  80|0x0000000085000000, 0x00000000850a1600, 0x0000000085100000| 63%| O|  |TAMS 0x0000000085000000, 0x0000000085000000| Untracked 
|  81|0x0000000085100000, 0x0000000085100000, 0x0000000085200000|  0%| F|  |TAMS 0x0000000085100000, 0x0000000085100000| Untracked 
|  82|0x0000000085200000, 0x0000000085200000, 0x0000000085300000|  0%| F|  |TAMS 0x0000000085200000, 0x0000000085200000| Untracked 
|  83|0x0000000085300000, 0x0000000085300000, 0x0000000085400000|  0%| F|  |TAMS 0x0000000085300000, 0x0000000085300000| Untracked 
|  84|0x0000000085400000, 0x0000000085400000, 0x0000000085500000|  0%| F|  |TAMS 0x0000000085400000, 0x0000000085400000| Untracked 
|  85|0x0000000085500000, 0x0000000085500000, 0x0000000085600000|  0%| F|  |TAMS 0x0000000085500000, 0x0000000085500000| Untracked 
|  86|0x0000000085600000, 0x0000000085600000, 0x0000000085700000|  0%| F|  |TAMS 0x0000000085600000, 0x0000000085600000| Untracked 
|  87|0x0000000085700000, 0x0000000085700000, 0x0000000085800000|  0%| F|  |TAMS 0x0000000085700000, 0x0000000085700000| Untracked 
|  88|0x0000000085800000, 0x0000000085800000, 0x0000000085900000|  0%| F|  |TAMS 0x0000000085800000, 0x0000000085800000| Untracked 
|  89|0x0000000085900000, 0x0000000085900000, 0x0000000085a00000|  0%| F|  |TAMS 0x0000000085900000, 0x0000000085900000| Untracked 
|  90|0x0000000085a00000, 0x0000000085a00000, 0x0000000085b00000|  0%| F|  |TAMS 0x0000000085a00000, 0x0000000085a00000| Untracked 
|  91|0x0000000085b00000, 0x0000000085b00000, 0x0000000085c00000|  0%| F|  |TAMS 0x0000000085b00000, 0x0000000085b00000| Untracked 
|  92|0x0000000085c00000, 0x0000000085c00000, 0x0000000085d00000|  0%| F|  |TAMS 0x0000000085c00000, 0x0000000085c00000| Untracked 
|  93|0x0000000085d00000, 0x0000000085d00000, 0x0000000085e00000|  0%| F|  |TAMS 0x0000000085d00000, 0x0000000085d00000| Untracked 
|  94|0x0000000085e00000, 0x0000000085e00000, 0x0000000085f00000|  0%| F|  |TAMS 0x0000000085e00000, 0x0000000085e00000| Untracked 
|  95|0x0000000085f00000, 0x0000000085f00000, 0x0000000086000000|  0%| F|  |TAMS 0x0000000085f00000, 0x0000000085f00000| Untracked 
|  96|0x0000000086000000, 0x0000000086000000, 0x0000000086100000|  0%| F|  |TAMS 0x0000000086000000, 0x0000000086000000| Untracked 
|  97|0x0000000086100000, 0x0000000086100000, 0x0000000086200000|  0%| F|  |TAMS 0x0000000086100000, 0x0000000086100000| Untracked 
|  98|0x0000000086200000, 0x0000000086200000, 0x0000000086300000|  0%| F|  |TAMS 0x0000000086200000, 0x0000000086200000| Untracked 
|  99|0x0000000086300000, 0x0000000086300000, 0x0000000086400000|  0%| F|  |TAMS 0x0000000086300000, 0x0000000086300000| Untracked 
| 100|0x0000000086400000, 0x0000000086400000, 0x0000000086500000|  0%| F|  |TAMS 0x0000000086400000, 0x0000000086400000| Untracked 
| 101|0x0000000086500000, 0x0000000086500000, 0x0000000086600000|  0%| F|  |TAMS 0x0000000086500000, 0x0000000086500000| Untracked 
| 102|0x0000000086600000, 0x0000000086600000, 0x0000000086700000|  0%| F|  |TAMS 0x0000000086600000, 0x0000000086600000| Untracked 
| 103|0x0000000086700000, 0x0000000086700000, 0x0000000086800000|  0%| F|  |TAMS 0x0000000086700000, 0x0000000086700000| Untracked 
| 104|0x0000000086800000, 0x0000000086800000, 0x0000000086900000|  0%| F|  |TAMS 0x0000000086800000, 0x0000000086800000| Untracked 
| 105|0x0000000086900000, 0x0000000086900000, 0x0000000086a00000|  0%| F|  |TAMS 0x0000000086900000, 0x0000000086900000| Untracked 
| 106|0x0000000086a00000, 0x0000000086ae3480, 0x0000000086b00000| 88%| S|CS|TAMS 0x0000000086a00000, 0x0000000086a00000| Complete 
| 107|0x0000000086b00000, 0x0000000086c00000, 0x0000000086c00000|100%| S|CS|TAMS 0x0000000086b00000, 0x0000000086b00000| Complete 
| 108|0x0000000086c00000, 0x0000000086c00000, 0x0000000086d00000|  0%| F|  |TAMS 0x0000000086c00000, 0x0000000086c00000| Untracked 
| 109|0x0000000086d00000, 0x0000000086d00000, 0x0000000086e00000|  0%| F|  |TAMS 0x0000000086d00000, 0x0000000086d00000| Untracked 
| 110|0x0000000086e00000, 0x0000000086e00000, 0x0000000086f00000|  0%| F|  |TAMS 0x0000000086e00000, 0x0000000086e00000| Untracked 
| 111|0x0000000086f00000, 0x0000000086f00000, 0x0000000087000000|  0%| F|  |TAMS 0x0000000086f00000, 0x0000000086f00000| Untracked 
| 112|0x0000000087000000, 0x0000000087000000, 0x0000000087100000|  0%| F|  |TAMS 0x0000000087000000, 0x0000000087000000| Untracked 
| 113|0x0000000087100000, 0x0000000087100000, 0x0000000087200000|  0%| F|  |TAMS 0x0000000087100000, 0x0000000087100000| Untracked 
| 114|0x0000000087200000, 0x0000000087200000, 0x0000000087300000|  0%| F|  |TAMS 0x0000000087200000, 0x0000000087200000| Untracked 
| 115|0x0000000087300000, 0x0000000087300000, 0x0000000087400000|  0%| F|  |TAMS 0x0000000087300000, 0x0000000087300000| Untracked 
| 116|0x0000000087400000, 0x0000000087400000, 0x0000000087500000|  0%| F|  |TAMS 0x0000000087400000, 0x0000000087400000| Untracked 
| 117|0x0000000087500000, 0x0000000087500000, 0x0000000087600000|  0%| F|  |TAMS 0x0000000087500000, 0x0000000087500000| Untracked 
| 118|0x0000000087600000, 0x0000000087600000, 0x0000000087700000|  0%| F|  |TAMS 0x0000000087600000, 0x0000000087600000| Untracked 
| 119|0x0000000087700000, 0x0000000087700000, 0x0000000087800000|  0%| F|  |TAMS 0x0000000087700000, 0x0000000087700000| Untracked 
| 120|0x0000000087800000, 0x0000000087800000, 0x0000000087900000|  0%| F|  |TAMS 0x0000000087800000, 0x0000000087800000| Untracked 
| 121|0x0000000087900000, 0x0000000087900000, 0x0000000087a00000|  0%| F|  |TAMS 0x0000000087900000, 0x0000000087900000| Untracked 
| 122|0x0000000087a00000, 0x0000000087a00000, 0x0000000087b00000|  0%| F|  |TAMS 0x0000000087a00000, 0x0000000087a00000| Untracked 
| 123|0x0000000087b00000, 0x0000000087b00000, 0x0000000087c00000|  0%| F|  |TAMS 0x0000000087b00000, 0x0000000087b00000| Untracked 
| 124|0x0000000087c00000, 0x0000000087c00000, 0x0000000087d00000|  0%| F|  |TAMS 0x0000000087c00000, 0x0000000087c00000| Untracked 
| 125|0x0000000087d00000, 0x0000000087d00000, 0x0000000087e00000|  0%| F|  |TAMS 0x0000000087d00000, 0x0000000087d00000| Untracked 
| 126|0x0000000087e00000, 0x0000000087e602a0, 0x0000000087f00000| 37%| E|  |TAMS 0x0000000087e00000, 0x0000000087e00000| Complete 
| 127|0x0000000087f00000, 0x0000000088000000, 0x0000000088000000|100%| E|CS|TAMS 0x0000000087f00000, 0x0000000087f00000| Complete 

Card table byte_map: [0x000001fcc41b0000,0x000001fcc45b0000] _byte_map_base: 0x000001fcc3db0000

Marking Bits (Prev, Next): (CMBitMap*) 0x000001fcb0c7e110, (CMBitMap*) 0x000001fcb0c7e0d8
 Prev Bits: [0x000001fcc69b0000, 0x000001fcc89b0000)
 Next Bits: [0x000001fcc49b0000, 0x000001fcc69b0000)

Polling page: 0x000001fcb4760000

Metaspace:

Usage:
  Non-class:     43.40 MB capacity,    42.45 MB ( 98%) used,   832.23 KB (  2%) free+waste,   135.50 KB ( <1%) overhead. 
      Class:      6.77 MB capacity,     6.26 MB ( 92%) used,   459.19 KB (  7%) free+waste,    66.06 KB ( <1%) overhead. 
       Both:     50.17 MB capacity,    48.71 MB ( 97%) used,     1.26 MB (  3%) free+waste,   201.56 KB ( <1%) overhead. 

Virtual space:
  Non-class space:       44.00 MB reserved,      43.42 MB ( 99%) committed 
      Class space:        1.00 GB reserved,       6.78 MB ( <1%) committed 
             Both:        1.04 GB reserved,      50.20 MB (  5%) committed 

Chunk freelists:
   Non-Class:  23.00 KB
       Class:  13.00 KB
        Both:  36.00 KB

MaxMetaspaceSize: 17179869184.00 GB
CompressedClassSpaceSize: 1.00 GB
Initial GC threshold: 20.80 MB
Current GC threshold: 81.59 MB
CDS: off

CodeHeap 'non-profiled nmethods': size=120064Kb used=2568Kb max_used=2568Kb free=117495Kb
 bounds [0x000001fcbc240000, 0x000001fcbc4d0000, 0x000001fcc3780000]
CodeHeap 'profiled nmethods': size=120000Kb used=9942Kb max_used=9942Kb free=110058Kb
 bounds [0x000001fcb4d10000, 0x000001fcb56d0000, 0x000001fcbc240000]
CodeHeap 'non-nmethods': size=5696Kb used=2299Kb max_used=2339Kb free=3396Kb
 bounds [0x000001fcb4780000, 0x000001fcb49f0000, 0x000001fcb4d10000]
 total_blobs=5357 nmethods=4559 adapters=709
 compilation: enabled
              stopped_count=0, restarted_count=0
 full_count=0

Compilation events (20 events):
Event: 42.226 Thread 0x000001fccb026000 4521       3       com.google.common.cache.LocalCache::usesWriteQueue (5 bytes)
Event: 42.226 Thread 0x000001fccb021000 nmethod 4480 0x000001fcbc4bad90 code [0x000001fcbc4bb100, 0x000001fcbc4bef70]
Event: 42.226 Thread 0x000001fccb026000 nmethod 4521 0x000001fcb56ad790 code [0x000001fcb56ad940, 0x000001fcb56adb18]
Event: 42.226 Thread 0x000001fccb026000 4522       3       com.google.common.cache.CacheBuilder$1::recordHits (1 bytes)
Event: 42.227 Thread 0x000001fccb026000 nmethod 4522 0x000001fcb56adc10 code [0x000001fcb56addc0, 0x000001fcb56adeb8]
Event: 42.227 Thread 0x000001fccb026000 4523       3       org.gradle.internal.service.DefaultServiceRegistry::get (10 bytes)
Event: 42.227 Thread 0x000001fccb021000 4516       4       java.lang.invoke.LambdaForm$Name::replaceNames (174 bytes)
Event: 42.227 Thread 0x000001fccb026000 nmethod 4523 0x000001fcb56adf90 code [0x000001fcb56ae180, 0x000001fcb56ae548]
Event: 42.227 Thread 0x000001fccb026000 4524       3       java.util.regex.Pattern$$Lambda$13/0x0000000100090040::is (13 bytes)
Event: 42.227 Thread 0x000001fccb026000 nmethod 4524 0x000001fcb56ae690 code [0x000001fcb56ae860, 0x000001fcb56aeab8]
Event: 42.228 Thread 0x000001fccb026000 4525       3       java.util.regex.Pattern::lambda$Range$11 (7 bytes)
Event: 42.228 Thread 0x000001fccb026000 nmethod 4525 0x000001fcb56aeb90 code [0x000001fcb56aed40, 0x000001fcb56aef18]
Event: 42.228 Thread 0x000001fccb026000 4526       3       java.util.regex.Pattern::inRange (16 bytes)
Event: 42.228 Thread 0x000001fccb026000 nmethod 4526 0x000001fcb56af010 code [0x000001fcb56af1c0, 0x000001fcb56af338]
Event: 42.228 Thread 0x000001fccb026000 4527       3       com.google.common.collect.ImmutableList$Builder::<init> (18 bytes)
Event: 42.228 Thread 0x000001fccb026000 nmethod 4527 0x000001fcb56af410 code [0x000001fcb56af5e0, 0x000001fcb56af898]
Event: 42.230 Thread 0x000001fccb026000 4528       3       java.util.HashSet::remove (20 bytes)
Event: 42.230 Thread 0x000001fccb026000 nmethod 4528 0x000001fcb56af990 code [0x000001fcb56afb60, 0x000001fcb56afd88]
Event: 42.260 Thread 0x000001fccb026000 4529       3       org.gradle.internal.logging.events.CategorisedOutputEvent::<init> (21 bytes)
Event: 42.260 Thread 0x000001fccb026000 nmethod 4529 0x000001fcb56afe90 code [0x000001fcb56b0060, 0x000001fcb56b02d8]

GC Heap History (20 events):
Event: 34.629 GC heap before
{Heap before GC invocations=8 (full 0):
 garbage-first heap   total 131072K, used 78265K [0x0000000080000000, 0x0000000100000000)
  region size 1024K, 36 young (36864K), 8 survivors (8192K)
 Metaspace       used 34993K, capacity 35963K, committed 36048K, reserved 1081344K
  class space    used 4674K, capacity 5075K, committed 5152K, reserved 1048576K
}
Event: 34.639 GC heap after
{Heap after GC invocations=9 (full 0):
 garbage-first heap   total 131072K, used 53175K [0x0000000080000000, 0x0000000100000000)
  region size 1024K, 2 young (2048K), 2 survivors (2048K)
 Metaspace       used 34993K, capacity 35963K, committed 36048K, reserved 1081344K
  class space    used 4674K, capacity 5075K, committed 5152K, reserved 1048576K
}
Event: 35.615 GC heap before
{Heap before GC invocations=10 (full 0):
 garbage-first heap   total 131072K, used 93111K [0x0000000080000000, 0x0000000100000000)
  region size 1024K, 41 young (41984K), 2 survivors (2048K)
 Metaspace       used 40145K, capacity 41218K, committed 41424K, reserved 1085440K
  class space    used 5173K, capacity 5587K, committed 5664K, reserved 1048576K
}
Event: 35.627 GC heap after
{Heap after GC invocations=11 (full 0):
 garbage-first heap   total 131072K, used 56896K [0x0000000080000000, 0x0000000100000000)
  region size 1024K, 6 young (6144K), 6 survivors (6144K)
 Metaspace       used 40145K, capacity 41218K, committed 41424K, reserved 1085440K
  class space    used 5173K, capacity 5587K, committed 5664K, reserved 1048576K
}
Event: 36.644 GC heap before
{Heap before GC invocations=12 (full 0):
 garbage-first heap   total 131072K, used 98880K [0x0000000080000000, 0x0000000100000000)
  region size 1024K, 45 young (46080K), 6 survivors (6144K)
 Metaspace       used 44229K, capacity 45357K, committed 45520K, reserved 1089536K
  class space    used 5651K, capacity 6092K, committed 6176K, reserved 1048576K
}
Event: 36.665 GC heap after
{Heap after GC invocations=13 (full 0):
 garbage-first heap   total 131072K, used 58321K [0x0000000080000000, 0x0000000100000000)
  region size 1024K, 2 young (2048K), 2 survivors (2048K)
 Metaspace       used 44229K, capacity 45357K, committed 45520K, reserved 1089536K
  class space    used 5651K, capacity 6092K, committed 6176K, reserved 1048576K
}
Event: 37.531 GC heap before
{Heap before GC invocations=13 (full 0):
 garbage-first heap   total 131072K, used 64465K [0x0000000080000000, 0x0000000100000000)
  region size 1024K, 9 young (9216K), 2 survivors (2048K)
 Metaspace       used 44573K, capacity 45714K, committed 45776K, reserved 1089536K
  class space    used 5701K, capacity 6118K, committed 6176K, reserved 1048576K
}
Event: 37.537 GC heap after
{Heap after GC invocations=14 (full 0):
 garbage-first heap   total 131072K, used 59461K [0x0000000080000000, 0x0000000100000000)
  region size 1024K, 4 young (4096K), 4 survivors (4096K)
 Metaspace       used 44573K, capacity 45714K, committed 45776K, reserved 1089536K
  class space    used 5701K, capacity 6118K, committed 6176K, reserved 1048576K
}
Event: 37.634 GC heap before
{Heap before GC invocations=15 (full 0):
 garbage-first heap   total 131072K, used 63557K [0x0000000080000000, 0x0000000100000000)
  region size 1024K, 5 young (5120K), 4 survivors (4096K)
 Metaspace       used 44573K, capacity 45714K, committed 45776K, reserved 1089536K
  class space    used 5701K, capacity 6118K, committed 6176K, reserved 1048576K
}
Event: 37.641 GC heap after
{Heap after GC invocations=16 (full 0):
 garbage-first heap   total 131072K, used 64166K [0x0000000080000000, 0x0000000100000000)
  region size 1024K, 2 young (2048K), 2 survivors (2048K)
 Metaspace       used 44573K, capacity 45714K, committed 45776K, reserved 1089536K
  class space    used 5701K, capacity 6118K, committed 6176K, reserved 1048576K
}
Event: 37.735 GC heap before
{Heap before GC invocations=17 (full 0):
 garbage-first heap   total 131072K, used 69286K [0x0000000080000000, 0x0000000100000000)
  region size 1024K, 3 young (3072K), 2 survivors (2048K)
 Metaspace       used 44573K, capacity 45714K, committed 45776K, reserved 1089536K
  class space    used 5701K, capacity 6118K, committed 6176K, reserved 1048576K
}
Event: 37.739 GC heap after
{Heap after GC invocations=18 (full 0):
 garbage-first heap   total 131072K, used 69833K [0x0000000080000000, 0x0000000100000000)
  region size 1024K, 3 young (3072K), 3 survivors (3072K)
 Metaspace       used 44573K, capacity 45714K, committed 45776K, reserved 1089536K
  class space    used 5701K, capacity 6118K, committed 6176K, reserved 1048576K
}
Event: 39.576 GC heap before
{Heap before GC invocations=19 (full 0):
 garbage-first heap   total 131072K, used 86217K [0x0000000080000000, 0x0000000100000000)
  region size 1024K, 18 young (18432K), 3 survivors (3072K)
 Metaspace       used 45292K, capacity 46562K, committed 46672K, reserved 1089536K
  class space    used 5780K, capacity 6249K, committed 6304K, reserved 1048576K
}
Event: 39.595 GC heap after
{Heap after GC invocations=20 (full 0):
 garbage-first heap   total 131072K, used 74921K [0x0000000080000000, 0x0000000100000000)
  region size 1024K, 3 young (3072K), 3 survivors (3072K)
 Metaspace       used 45292K, capacity 46562K, committed 46672K, reserved 1089536K
  class space    used 5780K, capacity 6249K, committed 6304K, reserved 1048576K
}
Event: 40.248 GC heap before
{Heap before GC invocations=21 (full 0):
 garbage-first heap   total 131072K, used 96425K [0x0000000080000000, 0x0000000100000000)
  region size 1024K, 23 young (23552K), 3 survivors (3072K)
 Metaspace       used 46849K, capacity 48129K, committed 48336K, reserved 1091584K
  class space    used 5888K, capacity 6386K, committed 6432K, reserved 1048576K
}
Event: 40.255 GC heap after
{Heap after GC invocations=22 (full 0):
 garbage-first heap   total 131072K, used 76017K [0x0000000080000000, 0x0000000100000000)
  region size 1024K, 2 young (2048K), 2 survivors (2048K)
 Metaspace       used 46849K, capacity 48129K, committed 48336K, reserved 1091584K
  class space    used 5888K, capacity 6386K, committed 6432K, reserved 1048576K
}
Event: 41.694 GC heap before
{Heap before GC invocations=22 (full 0):
 garbage-first heap   total 131072K, used 96497K [0x0000000080000000, 0x0000000100000000)
  region size 1024K, 23 young (23552K), 2 survivors (2048K)
 Metaspace       used 48138K, capacity 49523K, committed 49616K, reserved 1091584K
  class space    used 6097K, capacity 6615K, committed 6688K, reserved 1048576K
}
Event: 41.710 GC heap after
{Heap after GC invocations=23 (full 0):
 garbage-first heap   total 131072K, used 77499K [0x0000000080000000, 0x0000000100000000)
  region size 1024K, 3 young (3072K), 3 survivors (3072K)
 Metaspace       used 48138K, capacity 49523K, committed 49616K, reserved 1091584K
  class space    used 6097K, capacity 6615K, committed 6688K, reserved 1048576K
}
Event: 41.883 GC heap before
{Heap before GC invocations=24 (full 0):
 garbage-first heap   total 131072K, used 81595K [0x0000000080000000, 0x0000000100000000)
  region size 1024K, 8 young (8192K), 3 survivors (3072K)
 Metaspace       used 48482K, capacity 49863K, committed 49872K, reserved 1093632K
  class space    used 6162K, capacity 6686K, committed 6688K, reserved 1048576K
}
Event: 41.892 GC heap after
{Heap after GC invocations=25 (full 0):
 garbage-first heap   total 131072K, used 77747K [0x0000000080000000, 0x0000000100000000)
  region size 1024K, 2 young (2048K), 2 survivors (2048K)
 Metaspace       used 48482K, capacity 49863K, committed 49872K, reserved 1093632K
  class space    used 6162K, capacity 6686K, committed 6688K, reserved 1048576K
}

Deoptimization events (20 events):
Event: 40.226 Thread 0x000001fccd528800 Uncommon trap: trap_request=0xffffffc6 fr.pc=0x000001fcbc472938 relative=0x0000000000001218
Event: 40.226 Thread 0x000001fccd528800 Uncommon trap: reason=bimorphic_or_optimized_type_check action=maybe_recompile pc=0x000001fcbc472938 method=org.codehaus.groovy.runtime.metaclass.MetaMethodIndex.isOverridden(Lgroovy/lang/MetaMethod;Lgroovy/lang/MetaMethod;)Z @ 15 c2
Event: 40.226 Thread 0x000001fccd528800 DEOPT PACKING pc=0x000001fcbc472938 sp=0x000000cf67df4f40
Event: 40.226 Thread 0x000001fccd528800 DEOPT UNPACKING pc=0x000001fcb47ca1af sp=0x000000cf67df4e98 mode 2
Event: 40.233 Thread 0x000001fccd528800 Uncommon trap: trap_request=0xffffffc6 fr.pc=0x000001fcbc472938 relative=0x0000000000001218
Event: 40.233 Thread 0x000001fccd528800 Uncommon trap: reason=bimorphic_or_optimized_type_check action=maybe_recompile pc=0x000001fcbc472938 method=org.codehaus.groovy.runtime.metaclass.MetaMethodIndex.isOverridden(Lgroovy/lang/MetaMethod;Lgroovy/lang/MetaMethod;)Z @ 15 c2
Event: 40.233 Thread 0x000001fccd528800 DEOPT PACKING pc=0x000001fcbc472938 sp=0x000000cf67df5000
Event: 40.233 Thread 0x000001fccd528800 DEOPT UNPACKING pc=0x000001fcb47ca1af sp=0x000000cf67df4f58 mode 2
Event: 40.242 Thread 0x000001fccd528800 Uncommon trap: trap_request=0xffffffc6 fr.pc=0x000001fcbc472878 relative=0x0000000000001158
Event: 40.242 Thread 0x000001fccd528800 Uncommon trap: reason=bimorphic_or_optimized_type_check action=maybe_recompile pc=0x000001fcbc472878 method=org.codehaus.groovy.runtime.metaclass.MetaMethodIndex.isOverridden(Lgroovy/lang/MetaMethod;Lgroovy/lang/MetaMethod;)Z @ 10 c2
Event: 40.242 Thread 0x000001fccd528800 DEOPT PACKING pc=0x000001fcbc472878 sp=0x000000cf67df4f60
Event: 40.242 Thread 0x000001fccd528800 DEOPT UNPACKING pc=0x000001fcb47ca1af sp=0x000000cf67df4eb8 mode 2
Event: 40.549 Thread 0x000001fccd528800 Uncommon trap: trap_request=0xffffff4d fr.pc=0x000001fcbc3ca588 relative=0x0000000000000928
Event: 40.549 Thread 0x000001fccd528800 Uncommon trap: reason=unstable_if action=reinterpret pc=0x000001fcbc3ca588 method=java.util.WeakHashMap.eq(Ljava/lang/Object;Ljava/lang/Object;)Z @ 2 c2
Event: 40.549 Thread 0x000001fccd528800 DEOPT PACKING pc=0x000001fcbc3ca588 sp=0x000000cf67df56b0
Event: 40.549 Thread 0x000001fccd528800 DEOPT UNPACKING pc=0x000001fcb47ca1af sp=0x000000cf67df5620 mode 2
Event: 41.998 Thread 0x000001fccd528800 Uncommon trap: trap_request=0xffffff4d fr.pc=0x000001fcbc470598 relative=0x00000000000006d8
Event: 41.998 Thread 0x000001fccd528800 Uncommon trap: reason=unstable_if action=reinterpret pc=0x000001fcbc470598 method=org.codehaus.groovy.reflection.CachedMethod.compareToMethod(Ljava/lang/reflect/Method;)I @ 71 c2
Event: 41.998 Thread 0x000001fccd528800 DEOPT PACKING pc=0x000001fcbc470598 sp=0x000000cf67df5d00
Event: 41.998 Thread 0x000001fccd528800 DEOPT UNPACKING pc=0x000001fcb47ca1af sp=0x000000cf67df5c20 mode 2

Classes redefined (0 events):
No events

Internal exceptions (20 events):
Event: 40.562 Thread 0x000001fccd528800 Exception <a 'java/lang/ClassNotFoundException'{0x00000000876e0470}: org/gradle/api/internal/provider/AbstractMinimalProviderBeanInfo> (0x00000000876e0470) thrown at [./src/hotspot/share/classfile/systemDictionary.cpp, line 231]
Event: 40.563 Thread 0x000001fccd528800 Exception <a 'java/lang/ClassNotFoundException'{0x000000008750a800}: org/gradle/api/internal/provider/AbstractMinimalProviderCustomizer> (0x000000008750a800) thrown at [./src/hotspot/share/classfile/systemDictionary.cpp, line 231]
Event: 40.568 Thread 0x000001fccd528800 Exception <a 'java/lang/ClassNotFoundException'{0x000000008756d7b8}: org/gradle/api/internal/provider/AbstractPropertyCustomizer> (0x000000008756d7b8) thrown at [./src/hotspot/share/classfile/systemDictionary.cpp, line 231]
Event: 40.569 Thread 0x000001fccd528800 Exception <a 'java/lang/ClassNotFoundException'{0x00000000875a0ff0}: org/gradle/api/internal/provider/DefaultPropertyCustomizer> (0x00000000875a0ff0) thrown at [./src/hotspot/share/classfile/systemDictionary.cpp, line 231]
Event: 40.577 Thread 0x000001fccd528800 Exception <a 'java/lang/ClassNotFoundException'{0x0000000087415558}: org/gradle/initialization/DefaultProjectDescriptorBeanInfo> (0x0000000087415558) thrown at [./src/hotspot/share/classfile/systemDictionary.cpp, line 231]
Event: 40.578 Thread 0x000001fccd528800 Exception <a 'java/lang/ClassNotFoundException'{0x000000008743c380}: org/gradle/initialization/DefaultProjectDescriptorCustomizer> (0x000000008743c380) thrown at [./src/hotspot/share/classfile/systemDictionary.cpp, line 231]
Event: 41.348 Thread 0x000001fccd528800 Exception <a 'java/lang/ClassNotFoundException'{0x00000000870c7b18}: org/jetbrains/plugins/gradle/model/web/WebConfigurationBeanInfo> (0x00000000870c7b18) thrown at [./src/hotspot/share/classfile/systemDictionary.cpp, line 231]
Event: 41.349 Thread 0x000001fccd528800 Exception <a 'java/lang/ClassNotFoundException'{0x00000000870d7900}: org/jetbrains/plugins/gradle/model/web/WebConfigurationCustomizer> (0x00000000870d7900) thrown at [./src/hotspot/share/classfile/systemDictionary.cpp, line 231]
Event: 41.351 Thread 0x000001fccd528800 Exception <a 'java/lang/ClassNotFoundException'{0x0000000086f089e0}: org/jetbrains/plugins/gradle/model/scala/ScalaModelBeanInfo> (0x0000000086f089e0) thrown at [./src/hotspot/share/classfile/systemDictionary.cpp, line 231]
Event: 41.352 Thread 0x000001fccd528800 Exception <a 'java/lang/ClassNotFoundException'{0x0000000086f183a8}: org/jetbrains/plugins/gradle/model/scala/ScalaModelCustomizer> (0x0000000086f183a8) thrown at [./src/hotspot/share/classfile/systemDictionary.cpp, line 231]
Event: 41.965 Thread 0x000001fccd528800 Exception <a 'java/lang/ClassNotFoundException'{0x0000000087e7c3c8}: org/gradle/api/internal/project/DefaultProject_DecoratedBeanInfo> (0x0000000087e7c3c8) thrown at [./src/hotspot/share/classfile/systemDictionary.cpp, line 231]
Event: 41.966 Thread 0x000001fccd528800 Exception <a 'java/lang/ClassNotFoundException'{0x0000000087e952e0}: org/gradle/api/internal/project/DefaultProjectBeanInfo> (0x0000000087e952e0) thrown at [./src/hotspot/share/classfile/systemDictionary.cpp, line 231]
Event: 41.967 Thread 0x000001fccd528800 Exception <a 'java/lang/ClassNotFoundException'{0x0000000087eae240}: org/gradle/api/internal/project/DefaultProjectCustomizer> (0x0000000087eae240) thrown at [./src/hotspot/share/classfile/systemDictionary.cpp, line 231]
Event: 41.972 Thread 0x000001fccd528800 Exception <a 'java/lang/ClassNotFoundException'{0x0000000087d5bed8}: org/gradle/api/internal/project/DefaultProject_DecoratedCustomizer> (0x0000000087d5bed8) thrown at [./src/hotspot/share/classfile/systemDictionary.cpp, line 231]
Event: 42.143 Thread 0x000001fccd528800 Exception <a 'java/lang/NoSuchMethodError'{0x00000000875db5c0}: 'java.lang.Object java.lang.invoke.DelegatingMethodHandle$Holder.reinvoke_L(java.lang.Object, java.lang.Object, java.lang.Object, java.lang.Object, java.lang.Object, java.lang.Object, java.lang.Object, java.lang.Object, java.lang.Object, java.lang.Object, java.lang.Object, java.lang.Object, java.lang.Object, java.lang.Object, java.lang.Object, java.lang.Object, java.lang.Object, java.lang.Object, java.lang.Object, java.lang.Object, java.lang.O
Event: 42.144 Thread 0x000001fccd528800 Exception <a 'java/lang/NoSuchMethodError'{0x00000000875e7a18}: 'java.lang.Object java.lang.invoke.Invokers$Holder.invoker(java.lang.Object, java.lang.Object, java.lang.Object, java.lang.Object, java.lang.Object, java.lang.Object, java.lang.Object, java.lang.Object, java.lang.Object, java.lang.Object, java.lang.Object, java.lang.Object, java.lang.Object, java.lang.Object, java.lang.Object, java.lang.Object, java.lang.Object, java.lang.Object, java.lang.Object, java.lang.Object, java.lang.Object)'> (0x00000
Event: 42.145 Thread 0x000001fccd528800 Exception <a 'java/lang/NoSuchMethodError'{0x00000000875ef580}: 'java.lang.Object java.lang.invoke.DelegatingMethodHandle$Holder.delegate(java.lang.Object, java.lang.Object, java.lang.Object, java.lang.Object, java.lang.Object, java.lang.Object, java.lang.Object, java.lang.Object, java.lang.Object, java.lang.Object, java.lang.Object, java.lang.Object, java.lang.Object, java.lang.Object, java.lang.Object, java.lang.Object, java.lang.Object, java.lang.Object, java.lang.Object, java.lang.Object, java.lang.Obj
Event: 42.150 Thread 0x000001fccd528800 Exception <a 'java/lang/NoSuchMethodError'{0x00000000874392f8}: 'java.lang.Object java.lang.invoke.DirectMethodHandle$Holder.invokeStatic(java.lang.Object, java.lang.Object, java.lang.Object, java.lang.Object, java.lang.Object, java.lang.Object, java.lang.Object, java.lang.Object, java.lang.Object, java.lang.Object, java.lang.Object, java.lang.Object, java.lang.Object, java.lang.Object, java.lang.Object)'> (0x00000000874392f8) thrown at [./src/hotspot/share/interpreter/linkResolver.cpp, line 773]
Event: 42.152 Thread 0x000001fccd528800 Exception <a 'java/lang/NoSuchMethodError'{0x000000008744a3d0}: 'java.lang.Object java.lang.invoke.DirectMethodHandle$Holder.invokeStatic(java.lang.Object, java.lang.Object, java.lang.Object, java.lang.Object, java.lang.Object, java.lang.Object, java.lang.Object, java.lang.Object, java.lang.Object, java.lang.Object, java.lang.Object, java.lang.Object, java.lang.Object, java.lang.Object, java.lang.Object, java.lang.Object)'> (0x000000008744a3d0) thrown at [./src/hotspot/share/interpreter/linkResolver.cpp, l
Event: 42.153 Thread 0x000001fccd528800 Exception <a 'java/lang/NoSuchMethodError'{0x000000008745c050}: 'java.lang.Object java.lang.invoke.DelegatingMethodHandle$Holder.reinvoke_L(java.lang.Object, java.lang.Object, java.lang.Object, java.lang.Object, java.lang.Object, java.lang.Object, java.lang.Object, java.lang.Object, java.lang.Object, java.lang.Object, java.lang.Object, java.lang.Object, java.lang.Object, java.lang.Object, java.lang.Object, java.lang.Object, java.lang.Object, java.lang.Object, java.lang.Object, java.lang.Object)'> (0x000000

Events (20 events):
Event: 42.374 loading class org/gradle/model/internal/registry/ModelReferenceNode
Event: 42.374 loading class org/gradle/model/internal/registry/ModelReferenceNode done
Event: 42.376 loading class org/gradle/model/internal/core/DuplicateModelException
Event: 42.376 loading class org/gradle/model/internal/core/DuplicateModelException done
Event: 42.377 loading class org/gradle/model/internal/registry/RuleBindings
Event: 42.377 loading class org/gradle/model/internal/registry/RuleBindings done
Event: 42.378 loading class org/gradle/model/internal/registry/RuleBindings$PathPredicateIndex
Event: 42.378 loading class org/gradle/model/internal/registry/RuleBindings$PathPredicateIndex done
Event: 42.385 loading class org/gradle/model/internal/registry/RuleBindings$TypePredicateIndex
Event: 42.385 loading class org/gradle/model/internal/registry/RuleBindings$TypePredicateIndex done
Event: 42.385 loading class org/gradle/model/internal/registry/RuleBindings$NodeAtStateIndex
Event: 42.385 loading class org/gradle/model/internal/registry/RuleBindings$NodeAtStateIndex done
Event: 42.386 loading class org/gradle/model/internal/registry/DefaultModelRegistry$GoalGraph
Event: 42.386 loading class org/gradle/model/internal/registry/DefaultModelRegistry$GoalGraph done
Event: 42.387 loading class org/gradle/model/internal/registry/DefaultModelRegistry$MakeKnown
Event: 42.387 loading class org/gradle/model/internal/registry/DefaultModelRegistry$MakeKnown done
Event: 42.387 loading class org/gradle/model/internal/registry/DefaultModelRegistry$CloseGraph
Event: 42.387 loading class org/gradle/model/internal/registry/DefaultModelRegistry$CloseGraph done
Event: 42.387 loading class org/gradle/model/internal/registry/DefaultModelRegistry$TransitionNodeToState
Event: 42.387 loading class org/gradle/model/internal/registry/DefaultModelRegistry$TransitionNodeToState done


Dynamic libraries:
0x00007ff6b47b0000 - 0x00007ff6b47ba000 	C:\Program Files\Android\Android Studio\jre\bin\java.exe
0x00007fff94370000 - 0x00007fff94568000 	C:\Windows\SYSTEM32\ntdll.dll
0x00007fff92fd0000 - 0x00007fff9308f000 	C:\Windows\System32\KERNEL32.DLL
0x00007fff92040000 - 0x00007fff92336000 	C:\Windows\System32\KERNELBASE.dll
0x00007fff91e70000 - 0x00007fff91f70000 	C:\Windows\System32\ucrtbase.dll
0x00007fff8bc20000 - 0x00007fff8bc39000 	C:\Program Files\Android\Android Studio\jre\bin\jli.dll
0x00007fff8b4d0000 - 0x00007fff8b4e7000 	C:\Program Files\Android\Android Studio\jre\bin\VCRUNTIME140.dll
0x00007fff933b0000 - 0x00007fff9354d000 	C:\Windows\System32\USER32.dll
0x00007fff91c90000 - 0x00007fff91cb2000 	C:\Windows\System32\win32u.dll
0x00007fff7ea10000 - 0x00007fff7ecaa000 	C:\Windows\WinSxS\amd64_microsoft.windows.common-controls_6595b64144ccf1df_6.0.19041.1110_none_60b5254171f9507e\COMCTL32.dll
0x00007fff93720000 - 0x00007fff9374c000 	C:\Windows\System32\GDI32.dll
0x00007fff92b70000 - 0x00007fff92c0e000 	C:\Windows\System32\msvcrt.dll
0x00007fff91b00000 - 0x00007fff91c15000 	C:\Windows\System32\gdi32full.dll
0x00007fff91fa0000 - 0x00007fff9203d000 	C:\Windows\System32\msvcp_win.dll
0x00007fff92620000 - 0x00007fff92650000 	C:\Windows\System32\IMM32.DLL
0x00007fff7d530000 - 0x00007fff7d5cd000 	C:\Program Files\Android\Android Studio\jre\bin\msvcp140.dll
0x00007fff4c860000 - 0x00007fff4d362000 	C:\Program Files\Android\Android Studio\jre\bin\server\jvm.dll
0x00007fff92ac0000 - 0x00007fff92b6f000 	C:\Windows\System32\ADVAPI32.dll
0x00007fff94290000 - 0x00007fff9432c000 	C:\Windows\System32\sechost.dll
0x00007fff93570000 - 0x00007fff93696000 	C:\Windows\System32\RPCRT4.dll
0x00007fff925b0000 - 0x00007fff925b8000 	C:\Windows\System32\PSAPI.DLL
0x00007fff7d490000 - 0x00007fff7d4b7000 	C:\Windows\SYSTEM32\WINMM.dll
0x00007fff8b4a0000 - 0x00007fff8b4a9000 	C:\Windows\SYSTEM32\WSOCK32.dll
0x00007fff7f2e0000 - 0x00007fff7f2ea000 	C:\Windows\SYSTEM32\VERSION.dll
0x00007fff93140000 - 0x00007fff931ab000 	C:\Windows\System32\WS2_32.dll
0x00007fff8f8f0000 - 0x00007fff8f902000 	C:\Windows\SYSTEM32\kernel.appcore.dll
0x00007fff8b480000 - 0x00007fff8b491000 	C:\Program Files\Android\Android Studio\jre\bin\verify.dll
0x00007fff7e630000 - 0x00007fff7e814000 	C:\Windows\SYSTEM32\DBGHELP.DLL
0x00007fff7e5f0000 - 0x00007fff7e624000 	C:\Windows\SYSTEM32\dbgcore.DLL
0x00007fff92340000 - 0x00007fff923c2000 	C:\Windows\System32\bcryptPrimitives.dll
0x00007fff8b450000 - 0x00007fff8b479000 	C:\Program Files\Android\Android Studio\jre\bin\java.dll
0x00007fff8b440000 - 0x00007fff8b44b000 	C:\Program Files\Android\Android Studio\jre\bin\jimage.dll
0x00007fff8b420000 - 0x00007fff8b438000 	C:\Program Files\Android\Android Studio\jre\bin\zip.dll
0x00007fff93ae0000 - 0x00007fff94224000 	C:\Windows\System32\SHELL32.dll
0x00007fff8faf0000 - 0x00007fff90283000 	C:\Windows\SYSTEM32\windows.storage.dll
0x00007fff92c10000 - 0x00007fff92f64000 	C:\Windows\System32\combase.dll
0x00007fff91490000 - 0x00007fff914be000 	C:\Windows\SYSTEM32\Wldp.dll
0x00007fff923d0000 - 0x00007fff9247d000 	C:\Windows\System32\SHCORE.dll
0x00007fff925c0000 - 0x00007fff92615000 	C:\Windows\System32\shlwapi.dll
0x00007fff91980000 - 0x00007fff919a5000 	C:\Windows\SYSTEM32\profapi.dll
0x00007fff8b400000 - 0x00007fff8b41a000 	C:\Program Files\Android\Android Studio\jre\bin\net.dll
0x00007fff864c0000 - 0x00007fff865ca000 	C:\Windows\SYSTEM32\WINHTTP.dll
0x00007fff911f0000 - 0x00007fff9125a000 	C:\Windows\system32\mswsock.dll
0x00007fff8b3e0000 - 0x00007fff8b3f4000 	C:\Program Files\Android\Android Studio\jre\bin\nio.dll
0x00007fff843d0000 - 0x00007fff843f7000 	C:\Users\hp\.gradle\native\e1d6ef7f7dcc3fd88c89a11ec53ec762bb8ba0a96d01ffa2cd45eb1d1d8dd5c5\windows-amd64\native-platform.dll
0x00007fff60660000 - 0x00007fff607a4000 	C:\Users\hp\.gradle\native\0d407fdbe67a94daf76414ababcb853783967236a71b16ec16e742cd7a986fd3\windows-amd64\native-platform-file-events.dll
0x00007fff8b3d0000 - 0x00007fff8b3da000 	C:\Program Files\Android\Android Studio\jre\bin\management.dll
0x00007fff8b3c0000 - 0x00007fff8b3cd000 	C:\Program Files\Android\Android Studio\jre\bin\management_ext.dll
0x00007fff913e0000 - 0x00007fff913f8000 	C:\Windows\SYSTEM32\CRYPTSP.dll
0x00007fff90a90000 - 0x00007fff90ac4000 	C:\Windows\system32\rsaenh.dll
0x00007fff91f70000 - 0x00007fff91f97000 	C:\Windows\System32\bcrypt.dll
0x00007fff91900000 - 0x00007fff9192e000 	C:\Windows\SYSTEM32\USERENV.dll
0x00007fff91400000 - 0x00007fff9140c000 	C:\Windows\SYSTEM32\CRYPTBASE.dll
0x00007fff90e90000 - 0x00007fff90ecb000 	C:\Windows\SYSTEM32\IPHLPAPI.DLL
0x00007fff93130000 - 0x00007fff93138000 	C:\Windows\System32\NSI.dll
0x00007fff88230000 - 0x00007fff88247000 	C:\Windows\SYSTEM32\dhcpcsvc6.DLL
0x00007fff881d0000 - 0x00007fff881ed000 	C:\Windows\SYSTEM32\dhcpcsvc.DLL
0x00007fff90ee0000 - 0x00007fff90faa000 	C:\Windows\SYSTEM32\DNSAPI.dll

dbghelp: loaded successfully - version: 4.0.5 - missing functions: none
symbol engine: initialized successfully - sym options: 0x614 - pdb path: .;C:\Program Files\Android\Android Studio\jre\bin;C:\Windows\SYSTEM32;C:\Windows\WinSxS\amd64_microsoft.windows.common-controls_6595b64144ccf1df_6.0.19041.1110_none_60b5254171f9507e;C:\Program Files\Android\Android Studio\jre\bin\server;C:\Users\hp\.gradle\native\e1d6ef7f7dcc3fd88c89a11ec53ec762bb8ba0a96d01ffa2cd45eb1d1d8dd5c5\windows-amd64;C:\Users\hp\.gradle\native\0d407fdbe67a94daf76414ababcb853783967236a71b16ec16e742cd7a986fd3\windows-amd64

VM Arguments:
jvm_args: --add-opens=java.base/java.util=ALL-UNNAMED --add-opens=java.base/java.lang=ALL-UNNAMED --add-opens=java.base/java.lang.invoke=ALL-UNNAMED --add-opens=java.base/java.util=ALL-UNNAMED --add-opens=java.prefs/java.util.prefs=ALL-UNNAMED --add-opens=java.prefs/java.util.prefs=ALL-UNNAMED --add-opens=java.base/java.nio.charset=ALL-UNNAMED --add-opens=java.base/java.net=ALL-UNNAMED --add-opens=java.base/java.util.concurrent.atomic=ALL-UNNAMED -Xmx2048m -Dfile.encoding=UTF-8 -Duser.country=US -Duser.language=en -Duser.variant 
java_command: org.gradle.launcher.daemon.bootstrap.GradleDaemon 7.5
java_class_path (initial): C:\Users\hp\.gradle\wrapper\dists\gradle-7.5-bin\f1w0cc9nuo0eivz97x2xlu9sv\gradle-7.5\lib\gradle-launcher-7.5.jar
Launcher Type: SUN_STANDARD

[Global flags]
     intx CICompilerCount                          = 3                                         {product} {ergonomic}
     uint ConcGCThreads                            = 1                                         {product} {ergonomic}
     uint G1ConcRefinementThreads                  = 4                                         {product} {ergonomic}
   size_t G1HeapRegionSize                         = 1048576                                   {product} {ergonomic}
    uintx GCDrainStackTargetSize                   = 64                                        {product} {ergonomic}
   size_t InitialHeapSize                          = 134217728                                 {product} {ergonomic}
   size_t MarkStackSize                            = 4194304                                   {product} {ergonomic}
   size_t MaxHeapSize                              = 2147483648                                {product} {command line}
   size_t MaxNewSize                               = 1287651328                                {product} {ergonomic}
   size_t MinHeapDeltaBytes                        = 1048576                                   {product} {ergonomic}
    uintx NonNMethodCodeHeapSize                   = 5830732                                {pd product} {ergonomic}
    uintx NonProfiledCodeHeapSize                  = 122913754                              {pd product} {ergonomic}
    uintx ProfiledCodeHeapSize                     = 122913754                              {pd product} {ergonomic}
    uintx ReservedCodeCacheSize                    = 251658240                              {pd product} {ergonomic}
     bool SegmentedCodeCache                       = true                                      {product} {ergonomic}
     bool UseCompressedClassPointers               = true                                 {lp64_product} {ergonomic}
     bool UseCompressedOops                        = true                                 {lp64_product} {ergonomic}
     bool UseG1GC                                  = true                                      {product} {ergonomic}
     bool UseLargePagesIndividualAllocation        = false                                  {pd product} {ergonomic}

Logging:
Log output configuration:
 #0: stdout all=warning uptime,level,tags
 #1: stderr all=off uptime,level,tags

Environment Variables:
PATH=C:\Program Files (x86)\VMware\VMware Workstation\bin\;C:\Program Files (x86)\NVIDIA Corporation\PhysX\Common;C:\Windows\system32;C:\Windows;C:\Windows\System32\Wbem;C:\Windows\System32\WindowsPowerShell\v1.0\;C:\Windows\System32\OpenSSH\;C:\Users\hp\Documents\Java\jdk1.8.0_111\bin;c:\Program Files (x86)\Microsoft SQL Server\90\Tools\binn\;C:\Program Files\dotnet\;C:\Program Files\Microsoft SQL Server\150\Tools\Binn\;C:\Program Files\Microsoft SQL Server\Client SDK\ODBC\170\Tools\Binn\;C:\Program Files\Git\cmd;C:\Program Files\nodejs\;C:\ProgramData\chocolatey\bin;C:\Users\hp\AppData\Local\Programs\Python\Python310\Scripts\;C:\Users\hp\AppData\Local\Programs\Python\Python310\;C:\Users\hp\AppData\Local\Programs\Python\Launcher\;C:\Users\hp\AppData\Local\Microsoft\WindowsApps;C:\Program Files\Java\jdk1.8.0_111\bin;;C:\Program Files\JetBrains\PyCharm Community Edition 2022.3.1\bin;;C:\Users\hp\.dotnet\tools;C:\Users\hp\AppData\Roaming\npm;C:\Users\hp\AppData\Local\Programs\Microsoft VS Code\bin
USERNAME=hp
OS=Windows_NT
PROCESSOR_IDENTIFIER=Intel64 Family 6 Model 69 Stepping 1, GenuineIntel



---------------  S Y S T E M  ---------------

OS: Windows 10 , 64 bit Build 19041 (10.0.19041.3155)
OS uptime: 0 days 10:13 hours

CPU:total 4 (initial active 4) (2 cores per cpu, 2 threads per core) family 6 model 69 stepping 1 microcode 0x25, cmov, cx8, fxsr, mmx, sse, sse2, sse3, ssse3, sse4.1, sse4.2, popcnt, avx, avx2, aes, clmul, erms, lzcnt, ht, tsc, tscinvbit, bmi1, bmi2, fma

Memory: 4k page, system-wide physical 8089M (244M free)
TotalPageFile size 10949M (AvailPageFile size 6M)
current process WorkingSet (physical memory assigned to process): 278M, peak: 278M
current process commit charge ("private bytes"): 310M, peak: 311M

vm_info: OpenJDK 64-Bit Server VM (11.0.13+0-b1751.21-8125866) for windows-amd64 JRE (11.0.13+0-b1751.21-8125866), built on Feb  2 2022 03:00:22 by "builder" with MS VC++ 14.0 (VS2015)

END.
