#
# There is insufficient memory for the Java Runtime Environment to continue.
# Native memory allocation (malloc) failed to allocate 1305456 bytes for Chunk::new
# Possible reasons:
#   The system is out of physical RAM or swap space
#   The process is running with CompressedOops enabled, and the Java Heap may be blocking the growth of the native heap
# Possible solutions:
#   Reduce memory load on the system
#   Increase physical memory or swap space
#   Check if swap backing store is full
#   Decrease Java heap size (-Xmx/-Xms)
#   Decrease number of Java threads
#   Decrease Java thread stack sizes (-Xss)
#   Set larger code cache with -XX:ReservedCodeCacheSize=
#   JVM is running with Unscaled Compressed Oops mode in which the Java heap is
#     placed in the first 4GB address space. The Java Heap base address is the
#     maximum limit for the native heap growth. Please use -XX:HeapBaseMinAddress
#     to set the Java Heap base and to place the Java Heap above 4GB virtual address.
# This output file may be truncated or incomplete.
#
#  Out of Memory Error (./src/hotspot/share/memory/arena.cpp:197), pid=5064, tid=3452
#
# JRE version: OpenJDK Runtime Environment (11.0.13) (build 11.0.13+0-b1751.21-8125866)
# Java VM: OpenJDK 64-Bit Server VM (11.0.13+0-b1751.21-8125866, mixed mode, tiered, compressed oops, g1 gc, windows-amd64)
# No core dump will be written. Minidumps are not enabled by default on client versions of Windows
#

---------------  S U M M A R Y ------------

Command Line: --add-opens=java.base/java.util=ALL-UNNAMED --add-opens=java.base/java.lang=ALL-UNNAMED --add-opens=java.base/java.lang.invoke=ALL-UNNAMED --add-opens=java.prefs/java.util.prefs=ALL-UNNAMED --add-opens=java.base/java.nio.charset=ALL-UNNAMED --add-opens=java.base/java.net=ALL-UNNAMED --add-opens=java.base/java.util.concurrent.atomic=ALL-UNNAMED -Xmx2048m -Dfile.encoding=UTF-8 -Duser.country=US -Duser.language=en -Duser.variant org.gradle.launcher.daemon.bootstrap.GradleDaemon 8.0

Host: Intel(R) Core(TM) i5-4300U CPU @ 1.90GHz, 4 cores, 7G,  Windows 10 , 64 bit Build 19041 (10.0.19041.3155)
Time: Fri Aug 25 09:43:38 2023 E. Africa Standard Time elapsed time: 6.450625 seconds (0d 0h 0m 6s)

---------------  T H R E A D  ---------------

Current thread (0x000001bdcff6b000):  JavaThread "C2 CompilerThread1" daemon [_thread_in_native, id=3452, stack(0x000000458dd00000,0x000000458de00000)]


Current CompileTask:
C2:   6450 2091   !   4       java.lang.ClassLoader::loadClass (122 bytes)

Stack: [0x000000458dd00000,0x000000458de00000]
Native frames: (J=compiled Java code, j=interpreted, Vv=VM code, C=native code)
V  [jvm.dll+0x6100fa]
V  [jvm.dll+0x747090]
V  [jvm.dll+0x7486ad]
V  [jvm.dll+0x748d83]
V  [jvm.dll+0x24ab48]
V  [jvm.dll+0xc04dc]
V  [jvm.dll+0xc0a0c]
V  [jvm.dll+0x35eb5b]
V  [jvm.dll+0x32b833]
V  [jvm.dll+0x32ad2a]
V  [jvm.dll+0x2032b2]
V  [jvm.dll+0x202437]
V  [jvm.dll+0x188e01]
V  [jvm.dll+0x21106b]
V  [jvm.dll+0x20f8c1]
V  [jvm.dll+0x70de0f]
V  [jvm.dll+0x706a75]
V  [jvm.dll+0x60ed66]
C  [ucrtbase.dll+0x21bb2]
C  [KERNEL32.DLL+0x17614]
C  [ntdll.dll+0x526b1]


---------------  P R O C E S S  ---------------

Threads class SMR info:
_java_thread_list=0x000001bdcea57bb0, length=23, elements={
0x000001bdb37ad800, 0x000001bdcdb8c000, 0x000001bdcdb81800, 0x000001bdcdb93000,
0x000001bdcdb96000, 0x000001bdce3a0800, 0x000001bdce3ae000, 0x000001bdce3b2800,
0x000001bdce3b4000, 0x000001bdce50f000, 0x000001bdd03f8800, 0x000001bdcf4ae800,
0x000001bdd1450800, 0x000001bdd0352800, 0x000001bdcfb45000, 0x000001bdcff6b000,
0x000001bdd08dc800, 0x000001bdd0dcb000, 0x000001bdcf38c000, 0x000001bdd0c47800,
0x000001bdd0944800, 0x000001bdd0944000, 0x000001bdd0942800
}

Java Threads: ( => current thread )
  0x000001bdb37ad800 JavaThread "main" [_thread_blocked, id=11744, stack(0x000000458c500000,0x000000458c600000)]
  0x000001bdcdb8c000 JavaThread "Reference Handler" daemon [_thread_blocked, id=10300, stack(0x000000458cc00000,0x000000458cd00000)]
  0x000001bdcdb81800 JavaThread "Finalizer" daemon [_thread_blocked, id=11652, stack(0x000000458cd00000,0x000000458ce00000)]
  0x000001bdcdb93000 JavaThread "Signal Dispatcher" daemon [_thread_blocked, id=10068, stack(0x000000458ce00000,0x000000458cf00000)]
  0x000001bdcdb96000 JavaThread "Attach Listener" daemon [_thread_blocked, id=1632, stack(0x000000458cf00000,0x000000458d000000)]
  0x000001bdce3a0800 JavaThread "Service Thread" daemon [_thread_blocked, id=2060, stack(0x000000458d000000,0x000000458d100000)]
  0x000001bdce3ae000 JavaThread "C2 CompilerThread0" daemon [_thread_blocked, id=7648, stack(0x000000458d100000,0x000000458d200000)]
  0x000001bdce3b2800 JavaThread "C1 CompilerThread0" daemon [_thread_blocked, id=5304, stack(0x000000458d200000,0x000000458d300000)]
  0x000001bdce3b4000 JavaThread "Sweeper thread" daemon [_thread_blocked, id=7372, stack(0x000000458d300000,0x000000458d400000)]
  0x000001bdce50f000 JavaThread "Common-Cleaner" daemon [_thread_blocked, id=11252, stack(0x000000458d400000,0x000000458d500000)]
  0x000001bdd03f8800 JavaThread "Daemon health stats" [_thread_blocked, id=8880, stack(0x000000458d900000,0x000000458da00000)]
  0x000001bdcf4ae800 JavaThread "Incoming local TCP Connector on port 1242" [_thread_in_native, id=7452, stack(0x000000458d600000,0x000000458d700000)]
  0x000001bdd1450800 JavaThread "Daemon periodic checks" [_thread_blocked, id=7704, stack(0x000000458da00000,0x000000458db00000)]
  0x000001bdd0352800 JavaThread "Daemon" [_thread_blocked, id=7420, stack(0x000000458db00000,0x000000458dc00000)]
  0x000001bdcfb45000 JavaThread "Handler for socket connection from /127.0.0.1:1242 to /127.0.0.1:1243" [_thread_in_native, id=11688, stack(0x000000458dc00000,0x000000458dd00000)]
=>0x000001bdcff6b000 JavaThread "C2 CompilerThread1" daemon [_thread_in_native, id=3452, stack(0x000000458dd00000,0x000000458de00000)]
  0x000001bdd08dc800 JavaThread "Cancel handler" [_thread_blocked, id=10904, stack(0x000000458de00000,0x000000458df00000)]
  0x000001bdd0dcb000 JavaThread "Daemon worker" [_thread_in_vm, id=8828, stack(0x000000458df00000,0x000000458e000000)]
  0x000001bdcf38c000 JavaThread "Asynchronous log dispatcher for DefaultDaemonConnection: socket connection from /127.0.0.1:1242 to /127.0.0.1:1243" [_thread_blocked, id=12188, stack(0x000000458e000000,0x000000458e100000)]
  0x000001bdd0c47800 JavaThread "Stdin handler" [_thread_blocked, id=10708, stack(0x000000458e100000,0x000000458e200000)]
  0x000001bdd0944800 JavaThread "Daemon client event forwarder" [_thread_blocked, id=3192, stack(0x000000458e200000,0x000000458e300000)]
  0x000001bdd0944000 JavaThread "Cache worker for journal cache (C:\Users\hp\.gradle\caches\journal-1)" [_thread_blocked, id=11656, stack(0x000000458e400000,0x000000458e500000)]
  0x000001bdd0942800 JavaThread "File lock request listener" [_thread_in_native, id=6164, stack(0x000000458e500000,0x000000458e600000)]

Other Threads:
  0x000001bdcdb34000 VMThread "VM Thread" [stack: 0x000000458cb00000,0x000000458cc00000] [id=8028]
  0x000001bdce5a2000 WatcherThread [stack: 0x000000458d500000,0x000000458d600000] [id=4404]
  0x000001bdb37c7000 GCTaskThread "GC Thread#0" [stack: 0x000000458c600000,0x000000458c700000] [id=7088]
  0x000001bdce8e4000 GCTaskThread "GC Thread#1" [stack: 0x000000458d700000,0x000000458d800000] [id=9628]
  0x000001bdce70f800 GCTaskThread "GC Thread#2" [stack: 0x000000458d800000,0x000000458d900000] [id=10276]
  0x000001bdcea6a800 GCTaskThread "GC Thread#3" [stack: 0x000000458e300000,0x000000458e400000] [id=7256]
  0x000001bdb37f6800 ConcurrentGCThread "G1 Main Marker" [stack: 0x000000458c700000,0x000000458c800000] [id=3384]
  0x000001bdb37f8000 ConcurrentGCThread "G1 Conc#0" [stack: 0x000000458c800000,0x000000458c900000] [id=10536]
  0x000001bdb388a800 ConcurrentGCThread "G1 Refine#0" [stack: 0x000000458c900000,0x000000458ca00000] [id=10764]
  0x000001bdb388b800 ConcurrentGCThread "G1 Young RemSet Sampling" [stack: 0x000000458ca00000,0x000000458cb00000] [id=6500]

Threads with active compile tasks:
C2 CompilerThread1   6487 2091   !   4       java.lang.ClassLoader::loadClass (122 bytes)

VM state:not at safepoint (normal execution)

VM Mutex/Monitor currently owned by a thread: None

Heap address: 0x0000000080000000, size: 2048 MB, Compressed Oops mode: 32-bit
Narrow klass base: 0x0000000000000000, Narrow klass shift: 3
Compressed class space size: 1073741824 Address: 0x0000000100000000

Heap:
 garbage-first heap   total 131072K, used 18988K [0x0000000080000000, 0x0000000100000000)
  region size 1024K, 5 young (5120K), 4 survivors (4096K)
 Metaspace       used 22851K, capacity 23397K, committed 23728K, reserved 1075200K
  class space    used 2819K, capacity 3033K, committed 3072K, reserved 1048576K
Heap Regions: E=young(eden), S=young(survivor), O=old, HS=humongous(starts), HC=humongous(continues), CS=collection set, F=free, A=archive, TAMS=top-at-mark-start (previous, next)
|   0|0x0000000080000000, 0x0000000080100000, 0x0000000080100000|100%|HS|  |TAMS 0x0000000080100000, 0x0000000080100000| Complete 
|   1|0x0000000080100000, 0x0000000080200000, 0x0000000080200000|100%|HC|  |TAMS 0x0000000080200000, 0x0000000080200000| Complete 
|   2|0x0000000080200000, 0x0000000080300000, 0x0000000080300000|100%|HC|  |TAMS 0x0000000080300000, 0x0000000080300000| Complete 
|   3|0x0000000080300000, 0x0000000080400000, 0x0000000080400000|100%|HC|  |TAMS 0x0000000080400000, 0x0000000080400000| Complete 
|   4|0x0000000080400000, 0x0000000080500000, 0x0000000080500000|100%| O|  |TAMS 0x0000000080500000, 0x0000000080500000| Untracked 
|   5|0x0000000080500000, 0x0000000080600000, 0x0000000080600000|100%| O|  |TAMS 0x0000000080600000, 0x0000000080600000| Untracked 
|   6|0x0000000080600000, 0x0000000080700000, 0x0000000080700000|100%| O|  |TAMS 0x0000000080700000, 0x0000000080700000| Untracked 
|   7|0x0000000080700000, 0x0000000080800000, 0x0000000080800000|100%| O|  |TAMS 0x0000000080800000, 0x0000000080800000| Untracked 
|   8|0x0000000080800000, 0x0000000080900000, 0x0000000080900000|100%| O|  |TAMS 0x0000000080900000, 0x0000000080900000| Untracked 
|   9|0x0000000080900000, 0x0000000080a00000, 0x0000000080a00000|100%| O|  |TAMS 0x0000000080a00000, 0x0000000080a00000| Untracked 
|  10|0x0000000080a00000, 0x0000000080b00000, 0x0000000080b00000|100%| O|  |TAMS 0x0000000080b00000, 0x0000000080b00000| Untracked 
|  11|0x0000000080b00000, 0x0000000080c00000, 0x0000000080c00000|100%| O|  |TAMS 0x0000000080c00000, 0x0000000080c00000| Untracked 
|  12|0x0000000080c00000, 0x0000000080d00000, 0x0000000080d00000|100%| O|  |TAMS 0x0000000080d00000, 0x0000000080d00000| Untracked 
|  13|0x0000000080d00000, 0x0000000080e00000, 0x0000000080e00000|100%| O|  |TAMS 0x0000000080e00000, 0x0000000080e00000| Untracked 
|  14|0x0000000080e00000, 0x0000000080ed1a00, 0x0000000080f00000| 81%| O|  |TAMS 0x0000000080ed1a00, 0x0000000080ed1a00| Untracked 
|  15|0x0000000080f00000, 0x0000000080f00000, 0x0000000081000000|  0%| F|  |TAMS 0x0000000080f00000, 0x0000000080f00000| Untracked 
|  16|0x0000000081000000, 0x0000000081000000, 0x0000000081100000|  0%| F|  |TAMS 0x0000000081000000, 0x0000000081000000| Untracked 
|  17|0x0000000081100000, 0x0000000081100000, 0x0000000081200000|  0%| F|  |TAMS 0x0000000081100000, 0x0000000081100000| Untracked 
|  18|0x0000000081200000, 0x0000000081200000, 0x0000000081300000|  0%| F|  |TAMS 0x0000000081200000, 0x0000000081200000| Untracked 
|  19|0x0000000081300000, 0x0000000081300000, 0x0000000081400000|  0%| F|  |TAMS 0x0000000081300000, 0x0000000081300000| Untracked 
|  20|0x0000000081400000, 0x0000000081400000, 0x0000000081500000|  0%| F|  |TAMS 0x0000000081400000, 0x0000000081400000| Untracked 
|  21|0x0000000081500000, 0x0000000081500000, 0x0000000081600000|  0%| F|  |TAMS 0x0000000081500000, 0x0000000081500000| Untracked 
|  22|0x0000000081600000, 0x0000000081600000, 0x0000000081700000|  0%| F|  |TAMS 0x0000000081600000, 0x0000000081600000| Untracked 
|  23|0x0000000081700000, 0x0000000081700000, 0x0000000081800000|  0%| F|  |TAMS 0x0000000081700000, 0x0000000081700000| Untracked 
|  24|0x0000000081800000, 0x0000000081800000, 0x0000000081900000|  0%| F|  |TAMS 0x0000000081800000, 0x0000000081800000| Untracked 
|  25|0x0000000081900000, 0x0000000081900000, 0x0000000081a00000|  0%| F|  |TAMS 0x0000000081900000, 0x0000000081900000| Untracked 
|  26|0x0000000081a00000, 0x0000000081a00000, 0x0000000081b00000|  0%| F|  |TAMS 0x0000000081a00000, 0x0000000081a00000| Untracked 
|  27|0x0000000081b00000, 0x0000000081b00000, 0x0000000081c00000|  0%| F|  |TAMS 0x0000000081b00000, 0x0000000081b00000| Untracked 
|  28|0x0000000081c00000, 0x0000000081c00000, 0x0000000081d00000|  0%| F|  |TAMS 0x0000000081c00000, 0x0000000081c00000| Untracked 
|  29|0x0000000081d00000, 0x0000000081d00000, 0x0000000081e00000|  0%| F|  |TAMS 0x0000000081d00000, 0x0000000081d00000| Untracked 
|  30|0x0000000081e00000, 0x0000000081e00000, 0x0000000081f00000|  0%| F|  |TAMS 0x0000000081e00000, 0x0000000081e00000| Untracked 
|  31|0x0000000081f00000, 0x0000000081f00000, 0x0000000082000000|  0%| F|  |TAMS 0x0000000081f00000, 0x0000000081f00000| Untracked 
|  32|0x0000000082000000, 0x0000000082000000, 0x0000000082100000|  0%| F|  |TAMS 0x0000000082000000, 0x0000000082000000| Untracked 
|  33|0x0000000082100000, 0x0000000082100000, 0x0000000082200000|  0%| F|  |TAMS 0x0000000082100000, 0x0000000082100000| Untracked 
|  34|0x0000000082200000, 0x0000000082200000, 0x0000000082300000|  0%| F|  |TAMS 0x0000000082200000, 0x0000000082200000| Untracked 
|  35|0x0000000082300000, 0x0000000082300000, 0x0000000082400000|  0%| F|  |TAMS 0x0000000082300000, 0x0000000082300000| Untracked 
|  36|0x0000000082400000, 0x0000000082400000, 0x0000000082500000|  0%| F|  |TAMS 0x0000000082400000, 0x0000000082400000| Untracked 
|  37|0x0000000082500000, 0x0000000082500000, 0x0000000082600000|  0%| F|  |TAMS 0x0000000082500000, 0x0000000082500000| Untracked 
|  38|0x0000000082600000, 0x0000000082600000, 0x0000000082700000|  0%| F|  |TAMS 0x0000000082600000, 0x0000000082600000| Untracked 
|  39|0x0000000082700000, 0x0000000082700000, 0x0000000082800000|  0%| F|  |TAMS 0x0000000082700000, 0x0000000082700000| Untracked 
|  40|0x0000000082800000, 0x0000000082800000, 0x0000000082900000|  0%| F|  |TAMS 0x0000000082800000, 0x0000000082800000| Untracked 
|  41|0x0000000082900000, 0x0000000082900000, 0x0000000082a00000|  0%| F|  |TAMS 0x0000000082900000, 0x0000000082900000| Untracked 
|  42|0x0000000082a00000, 0x0000000082a00000, 0x0000000082b00000|  0%| F|  |TAMS 0x0000000082a00000, 0x0000000082a00000| Untracked 
|  43|0x0000000082b00000, 0x0000000082b00000, 0x0000000082c00000|  0%| F|  |TAMS 0x0000000082b00000, 0x0000000082b00000| Untracked 
|  44|0x0000000082c00000, 0x0000000082c00000, 0x0000000082d00000|  0%| F|  |TAMS 0x0000000082c00000, 0x0000000082c00000| Untracked 
|  45|0x0000000082d00000, 0x0000000082d00000, 0x0000000082e00000|  0%| F|  |TAMS 0x0000000082d00000, 0x0000000082d00000| Untracked 
|  46|0x0000000082e00000, 0x0000000082e00000, 0x0000000082f00000|  0%| F|  |TAMS 0x0000000082e00000, 0x0000000082e00000| Untracked 
|  47|0x0000000082f00000, 0x0000000082f00000, 0x0000000083000000|  0%| F|  |TAMS 0x0000000082f00000, 0x0000000082f00000| Untracked 
|  48|0x0000000083000000, 0x0000000083000000, 0x0000000083100000|  0%| F|  |TAMS 0x0000000083000000, 0x0000000083000000| Untracked 
|  49|0x0000000083100000, 0x0000000083100000, 0x0000000083200000|  0%| F|  |TAMS 0x0000000083100000, 0x0000000083100000| Untracked 
|  50|0x0000000083200000, 0x0000000083200000, 0x0000000083300000|  0%| F|  |TAMS 0x0000000083200000, 0x0000000083200000| Untracked 
|  51|0x0000000083300000, 0x0000000083300000, 0x0000000083400000|  0%| F|  |TAMS 0x0000000083300000, 0x0000000083300000| Untracked 
|  52|0x0000000083400000, 0x0000000083400000, 0x0000000083500000|  0%| F|  |TAMS 0x0000000083400000, 0x0000000083400000| Untracked 
|  53|0x0000000083500000, 0x0000000083500000, 0x0000000083600000|  0%| F|  |TAMS 0x0000000083500000, 0x0000000083500000| Untracked 
|  54|0x0000000083600000, 0x0000000083600000, 0x0000000083700000|  0%| F|  |TAMS 0x0000000083600000, 0x0000000083600000| Untracked 
|  55|0x0000000083700000, 0x0000000083700000, 0x0000000083800000|  0%| F|  |TAMS 0x0000000083700000, 0x0000000083700000| Untracked 
|  56|0x0000000083800000, 0x0000000083800000, 0x0000000083900000|  0%| F|  |TAMS 0x0000000083800000, 0x0000000083800000| Untracked 
|  57|0x0000000083900000, 0x0000000083900000, 0x0000000083a00000|  0%| F|  |TAMS 0x0000000083900000, 0x0000000083900000| Untracked 
|  58|0x0000000083a00000, 0x0000000083a00000, 0x0000000083b00000|  0%| F|  |TAMS 0x0000000083a00000, 0x0000000083a00000| Untracked 
|  59|0x0000000083b00000, 0x0000000083b00000, 0x0000000083c00000|  0%| F|  |TAMS 0x0000000083b00000, 0x0000000083b00000| Untracked 
|  60|0x0000000083c00000, 0x0000000083c00000, 0x0000000083d00000|  0%| F|  |TAMS 0x0000000083c00000, 0x0000000083c00000| Untracked 
|  61|0x0000000083d00000, 0x0000000083d00000, 0x0000000083e00000|  0%| F|  |TAMS 0x0000000083d00000, 0x0000000083d00000| Untracked 
|  62|0x0000000083e00000, 0x0000000083e00000, 0x0000000083f00000|  0%| F|  |TAMS 0x0000000083e00000, 0x0000000083e00000| Untracked 
|  63|0x0000000083f00000, 0x0000000083f00000, 0x0000000084000000|  0%| F|  |TAMS 0x0000000083f00000, 0x0000000083f00000| Untracked 
|  64|0x0000000084000000, 0x0000000084000000, 0x0000000084100000|  0%| F|  |TAMS 0x0000000084000000, 0x0000000084000000| Untracked 
|  65|0x0000000084100000, 0x0000000084100000, 0x0000000084200000|  0%| F|  |TAMS 0x0000000084100000, 0x0000000084100000| Untracked 
|  66|0x0000000084200000, 0x0000000084200000, 0x0000000084300000|  0%| F|  |TAMS 0x0000000084200000, 0x0000000084200000| Untracked 
|  67|0x0000000084300000, 0x0000000084300000, 0x0000000084400000|  0%| F|  |TAMS 0x0000000084300000, 0x0000000084300000| Untracked 
|  68|0x0000000084400000, 0x0000000084400000, 0x0000000084500000|  0%| F|  |TAMS 0x0000000084400000, 0x0000000084400000| Untracked 
|  69|0x0000000084500000, 0x0000000084500000, 0x0000000084600000|  0%| F|  |TAMS 0x0000000084500000, 0x0000000084500000| Untracked 
|  70|0x0000000084600000, 0x0000000084600000, 0x0000000084700000|  0%| F|  |TAMS 0x0000000084600000, 0x0000000084600000| Untracked 
|  71|0x0000000084700000, 0x0000000084700000, 0x0000000084800000|  0%| F|  |TAMS 0x0000000084700000, 0x0000000084700000| Untracked 
|  72|0x0000000084800000, 0x0000000084800000, 0x0000000084900000|  0%| F|  |TAMS 0x0000000084800000, 0x0000000084800000| Untracked 
|  73|0x0000000084900000, 0x0000000084900000, 0x0000000084a00000|  0%| F|  |TAMS 0x0000000084900000, 0x0000000084900000| Untracked 
|  74|0x0000000084a00000, 0x0000000084a00000, 0x0000000084b00000|  0%| F|  |TAMS 0x0000000084a00000, 0x0000000084a00000| Untracked 
|  75|0x0000000084b00000, 0x0000000084b00000, 0x0000000084c00000|  0%| F|  |TAMS 0x0000000084b00000, 0x0000000084b00000| Untracked 
|  76|0x0000000084c00000, 0x0000000084c00000, 0x0000000084d00000|  0%| F|  |TAMS 0x0000000084c00000, 0x0000000084c00000| Untracked 
|  77|0x0000000084d00000, 0x0000000084d00000, 0x0000000084e00000|  0%| F|  |TAMS 0x0000000084d00000, 0x0000000084d00000| Untracked 
|  78|0x0000000084e00000, 0x0000000084e00000, 0x0000000084f00000|  0%| F|  |TAMS 0x0000000084e00000, 0x0000000084e00000| Untracked 
|  79|0x0000000084f00000, 0x0000000084f00000, 0x0000000085000000|  0%| F|  |TAMS 0x0000000084f00000, 0x0000000084f00000| Untracked 
|  80|0x0000000085000000, 0x0000000085000000, 0x0000000085100000|  0%| F|  |TAMS 0x0000000085000000, 0x0000000085000000| Untracked 
|  81|0x0000000085100000, 0x0000000085100000, 0x0000000085200000|  0%| F|  |TAMS 0x0000000085100000, 0x0000000085100000| Untracked 
|  82|0x0000000085200000, 0x0000000085200000, 0x0000000085300000|  0%| F|  |TAMS 0x0000000085200000, 0x0000000085200000| Untracked 
|  83|0x0000000085300000, 0x0000000085300000, 0x0000000085400000|  0%| F|  |TAMS 0x0000000085300000, 0x0000000085300000| Untracked 
|  84|0x0000000085400000, 0x0000000085400000, 0x0000000085500000|  0%| F|  |TAMS 0x0000000085400000, 0x0000000085400000| Untracked 
|  85|0x0000000085500000, 0x0000000085500000, 0x0000000085600000|  0%| F|  |TAMS 0x0000000085500000, 0x0000000085500000| Untracked 
|  86|0x0000000085600000, 0x0000000085600000, 0x0000000085700000|  0%| F|  |TAMS 0x0000000085600000, 0x0000000085600000| Untracked 
|  87|0x0000000085700000, 0x0000000085700000, 0x0000000085800000|  0%| F|  |TAMS 0x0000000085700000, 0x0000000085700000| Untracked 
|  88|0x0000000085800000, 0x0000000085800000, 0x0000000085900000|  0%| F|  |TAMS 0x0000000085800000, 0x0000000085800000| Untracked 
|  89|0x0000000085900000, 0x0000000085900000, 0x0000000085a00000|  0%| F|  |TAMS 0x0000000085900000, 0x0000000085900000| Untracked 
|  90|0x0000000085a00000, 0x0000000085a00000, 0x0000000085b00000|  0%| F|  |TAMS 0x0000000085a00000, 0x0000000085a00000| Untracked 
|  91|0x0000000085b00000, 0x0000000085b00000, 0x0000000085c00000|  0%| F|  |TAMS 0x0000000085b00000, 0x0000000085b00000| Untracked 
|  92|0x0000000085c00000, 0x0000000085c00000, 0x0000000085d00000|  0%| F|  |TAMS 0x0000000085c00000, 0x0000000085c00000| Untracked 
|  93|0x0000000085d00000, 0x0000000085d00000, 0x0000000085e00000|  0%| F|  |TAMS 0x0000000085d00000, 0x0000000085d00000| Untracked 
|  94|0x0000000085e00000, 0x0000000085e00000, 0x0000000085f00000|  0%| F|  |TAMS 0x0000000085e00000, 0x0000000085e00000| Untracked 
|  95|0x0000000085f00000, 0x0000000085f00000, 0x0000000086000000|  0%| F|  |TAMS 0x0000000085f00000, 0x0000000085f00000| Untracked 
|  96|0x0000000086000000, 0x0000000086000000, 0x0000000086100000|  0%| F|  |TAMS 0x0000000086000000, 0x0000000086000000| Untracked 
|  97|0x0000000086100000, 0x0000000086100000, 0x0000000086200000|  0%| F|  |TAMS 0x0000000086100000, 0x0000000086100000| Untracked 
|  98|0x0000000086200000, 0x0000000086200000, 0x0000000086300000|  0%| F|  |TAMS 0x0000000086200000, 0x0000000086200000| Untracked 
|  99|0x0000000086300000, 0x0000000086300000, 0x0000000086400000|  0%| F|  |TAMS 0x0000000086300000, 0x0000000086300000| Untracked 
| 100|0x0000000086400000, 0x0000000086400000, 0x0000000086500000|  0%| F|  |TAMS 0x0000000086400000, 0x0000000086400000| Untracked 
| 101|0x0000000086500000, 0x00000000865b9988, 0x0000000086600000| 72%| S|CS|TAMS 0x0000000086500000, 0x0000000086500000| Complete 
| 102|0x0000000086600000, 0x0000000086700000, 0x0000000086700000|100%| S|CS|TAMS 0x0000000086600000, 0x0000000086600000| Complete 
| 103|0x0000000086700000, 0x0000000086800000, 0x0000000086800000|100%| S|CS|TAMS 0x0000000086700000, 0x0000000086700000| Complete 
| 104|0x0000000086800000, 0x0000000086900000, 0x0000000086900000|100%| S|CS|TAMS 0x0000000086800000, 0x0000000086800000| Complete 
| 105|0x0000000086900000, 0x0000000086900000, 0x0000000086a00000|  0%| F|  |TAMS 0x0000000086900000, 0x0000000086900000| Untracked 
| 106|0x0000000086a00000, 0x0000000086a00000, 0x0000000086b00000|  0%| F|  |TAMS 0x0000000086a00000, 0x0000000086a00000| Untracked 
| 107|0x0000000086b00000, 0x0000000086b00000, 0x0000000086c00000|  0%| F|  |TAMS 0x0000000086b00000, 0x0000000086b00000| Untracked 
| 108|0x0000000086c00000, 0x0000000086c00000, 0x0000000086d00000|  0%| F|  |TAMS 0x0000000086c00000, 0x0000000086c00000| Untracked 
| 109|0x0000000086d00000, 0x0000000086d00000, 0x0000000086e00000|  0%| F|  |TAMS 0x0000000086d00000, 0x0000000086d00000| Untracked 
| 110|0x0000000086e00000, 0x0000000086e00000, 0x0000000086f00000|  0%| F|  |TAMS 0x0000000086e00000, 0x0000000086e00000| Untracked 
| 111|0x0000000086f00000, 0x0000000086f00000, 0x0000000087000000|  0%| F|  |TAMS 0x0000000086f00000, 0x0000000086f00000| Untracked 
| 112|0x0000000087000000, 0x0000000087000000, 0x0000000087100000|  0%| F|  |TAMS 0x0000000087000000, 0x0000000087000000| Untracked 
| 113|0x0000000087100000, 0x0000000087100000, 0x0000000087200000|  0%| F|  |TAMS 0x0000000087100000, 0x0000000087100000| Untracked 
| 114|0x0000000087200000, 0x0000000087200000, 0x0000000087300000|  0%| F|  |TAMS 0x0000000087200000, 0x0000000087200000| Untracked 
| 115|0x0000000087300000, 0x0000000087300000, 0x0000000087400000|  0%| F|  |TAMS 0x0000000087300000, 0x0000000087300000| Untracked 
| 116|0x0000000087400000, 0x0000000087400000, 0x0000000087500000|  0%| F|  |TAMS 0x0000000087400000, 0x0000000087400000| Untracked 
| 117|0x0000000087500000, 0x0000000087500000, 0x0000000087600000|  0%| F|  |TAMS 0x0000000087500000, 0x0000000087500000| Untracked 
| 118|0x0000000087600000, 0x0000000087600000, 0x0000000087700000|  0%| F|  |TAMS 0x0000000087600000, 0x0000000087600000| Untracked 
| 119|0x0000000087700000, 0x0000000087700000, 0x0000000087800000|  0%| F|  |TAMS 0x0000000087700000, 0x0000000087700000| Untracked 
| 120|0x0000000087800000, 0x0000000087800000, 0x0000000087900000|  0%| F|  |TAMS 0x0000000087800000, 0x0000000087800000| Untracked 
| 121|0x0000000087900000, 0x0000000087900000, 0x0000000087a00000|  0%| F|  |TAMS 0x0000000087900000, 0x0000000087900000| Untracked 
| 122|0x0000000087a00000, 0x0000000087a00000, 0x0000000087b00000|  0%| F|  |TAMS 0x0000000087a00000, 0x0000000087a00000| Untracked 
| 123|0x0000000087b00000, 0x0000000087b00000, 0x0000000087c00000|  0%| F|  |TAMS 0x0000000087b00000, 0x0000000087b00000| Untracked 
| 124|0x0000000087c00000, 0x0000000087c00000, 0x0000000087d00000|  0%| F|  |TAMS 0x0000000087c00000, 0x0000000087c00000| Untracked 
| 125|0x0000000087d00000, 0x0000000087d00000, 0x0000000087e00000|  0%| F|  |TAMS 0x0000000087d00000, 0x0000000087d00000| Untracked 
| 126|0x0000000087e00000, 0x0000000087e00000, 0x0000000087f00000|  0%| F|  |TAMS 0x0000000087e00000, 0x0000000087e00000| Untracked 
| 127|0x0000000087f00000, 0x0000000087ff3f08, 0x0000000088000000| 95%| E|  |TAMS 0x0000000087f00000, 0x0000000087f00000| Complete 

Card table byte_map: [0x000001bdc6d00000,0x000001bdc7100000] _byte_map_base: 0x000001bdc6900000

Marking Bits (Prev, Next): (CMBitMap*) 0x000001bdb37edde0, (CMBitMap*) 0x000001bdb37edda8
 Prev Bits: [0x000001bdc9500000, 0x000001bdcb500000)
 Next Bits: [0x000001bdc7500000, 0x000001bdc9500000)

Polling page: 0x000001bdb2140000

Metaspace:

Usage:
  Non-class:     19.95 MB capacity,    19.61 MB ( 98%) used,   308.81 KB (  2%) free+waste,    46.63 KB ( <1%) overhead. 
      Class:      2.96 MB capacity,     2.76 MB ( 93%) used,   189.30 KB (  6%) free+waste,    23.19 KB ( <1%) overhead. 
       Both:     22.92 MB capacity,    22.36 MB ( 98%) used,   498.12 KB (  2%) free+waste,    69.81 KB ( <1%) overhead. 

Virtual space:
  Non-class space:       26.00 MB reserved,      20.17 MB ( 78%) committed 
      Class space:        1.00 GB reserved,       3.00 MB ( <1%) committed 
             Both:        1.03 GB reserved,      23.17 MB (  2%) committed 

Chunk freelists:
   Non-Class:  96.00 KB
       Class:  3.00 KB
        Both:  99.00 KB

MaxMetaspaceSize: 17179869184.00 GB
CompressedClassSpaceSize: 1.00 GB
Initial GC threshold: 20.80 MB
Current GC threshold: 35.40 MB
CDS: off

CodeHeap 'non-profiled nmethods': size=120064Kb used=1086Kb max_used=1086Kb free=118977Kb
 bounds [0x000001bdbed90000, 0x000001bdbf000000, 0x000001bdc62d0000]
CodeHeap 'profiled nmethods': size=120000Kb used=4526Kb max_used=4526Kb free=115473Kb
 bounds [0x000001bdb7860000, 0x000001bdb7cd0000, 0x000001bdbed90000]
CodeHeap 'non-nmethods': size=5696Kb used=1219Kb max_used=1236Kb free=4476Kb
 bounds [0x000001bdb72d0000, 0x000001bdb7540000, 0x000001bdb7860000]
 total_blobs=2627 nmethods=2132 adapters=407
 compilation: enabled
              stopped_count=0, restarted_count=0
 full_count=0

Compilation events (20 events):
Event: 6.434 Thread 0x000001bdce3b2800 2127       3       java.lang.reflect.Constructor::newInstance (76 bytes)
Event: 6.434 Thread 0x000001bdce3ae000 nmethod 2128 0x000001bdbee9d690 code [0x000001bdbee9d820, 0x000001bdbee9d8a8]
Event: 6.434 Thread 0x000001bdce3ae000 2112       4       java.io.DataOutputStream::writeShort (35 bytes)
Event: 6.435 Thread 0x000001bdce3b2800 nmethod 2127 0x000001bdb7cc3290 code [0x000001bdb7cc34a0, 0x000001bdb7cc38d8]
Event: 6.435 Thread 0x000001bdce3b2800 2125       3       java.nio.ByteBuffer::limit (6 bytes)
Event: 6.435 Thread 0x000001bdce3b2800 nmethod 2125 0x000001bdb7cc3a90 code [0x000001bdb7cc3c40, 0x000001bdb7cc3de8]
Event: 6.435 Thread 0x000001bdce3b2800 2126       3       java.util.Collections::emptySet (4 bytes)
Event: 6.435 Thread 0x000001bdce3b2800 nmethod 2126 0x000001bdb7cc3e90 code [0x000001bdb7cc4040, 0x000001bdb7cc4138]
Event: 6.437 Thread 0x000001bdce3b2800 2129       3       java.lang.invoke.VarHandleGuards::guard_LL_V (103 bytes)
Event: 6.441 Thread 0x000001bdce3b2800 nmethod 2129 0x000001bdb7cc4190 code [0x000001bdb7cc4500, 0x000001bdb7cc5fa8]
Event: 6.441 Thread 0x000001bdce3b2800 2132       3       org.gradle.internal.service.DefaultServiceRegistry$CompositeServiceProvider::getService (49 bytes)
Event: 6.442 Thread 0x000001bdce3b2800 nmethod 2132 0x000001bdb7cc6890 code [0x000001bdb7cc6a60, 0x000001bdb7cc6d68]
Event: 6.442 Thread 0x000001bdce3b2800 2130       3       java.lang.invoke.VarHandleObjects$FieldInstanceReadWrite::set (30 bytes)
Event: 6.443 Thread 0x000001bdce3b2800 nmethod 2130 0x000001bdb7cc6e90 code [0x000001bdb7cc70c0, 0x000001bdb7cc77c8]
Event: 6.443 Thread 0x000001bdce3b2800 2133       3       java.lang.String::subSequence (7 bytes)
Event: 6.443 Thread 0x000001bdce3b2800 nmethod 2133 0x000001bdb7cc7a90 code [0x000001bdb7cc7c40, 0x000001bdb7cc7d68]
Event: 6.443 Thread 0x000001bdce3b2800 2135       3       org.gradle.util.internal.DefaultGradleVersion::compareTo (9 bytes)
Event: 6.444 Thread 0x000001bdce3b2800 nmethod 2135 0x000001bdb7cc7e10 code [0x000001bdb7cc7fe0, 0x000001bdb7cc8208]
Event: 6.444 Thread 0x000001bdce3b2800 2131       3       org.gradle.internal.service.DefaultServiceRegistry::find (142 bytes)
Event: 6.446 Thread 0x000001bdce3b2800 nmethod 2131 0x000001bdb7cc8310 code [0x000001bdb7cc86c0, 0x000001bdb7cca028]

GC Heap History (6 events):
Event: 0.817 GC heap before
{Heap before GC invocations=0 (full 0):
 garbage-first heap   total 131072K, used 17408K [0x0000000080000000, 0x0000000100000000)
  region size 1024K, 14 young (14336K), 0 survivors (0K)
 Metaspace       used 6734K, capacity 6929K, committed 7168K, reserved 1056768K
  class space    used 573K, capacity 650K, committed 768K, reserved 1048576K
}
Event: 0.824 GC heap after
{Heap after GC invocations=1 (full 0):
 garbage-first heap   total 131072K, used 8395K [0x0000000080000000, 0x0000000100000000)
  region size 1024K, 2 young (2048K), 2 survivors (2048K)
 Metaspace       used 6734K, capacity 6929K, committed 7168K, reserved 1056768K
  class space    used 573K, capacity 650K, committed 768K, reserved 1048576K
}
Event: 2.499 GC heap before
{Heap before GC invocations=1 (full 0):
 garbage-first heap   total 131072K, used 73931K [0x0000000080000000, 0x0000000100000000)
  region size 1024K, 66 young (67584K), 2 survivors (2048K)
 Metaspace       used 11447K, capacity 11675K, committed 11904K, reserved 1060864K
  class space    used 1238K, capacity 1342K, committed 1408K, reserved 1048576K
}
Event: 2.515 GC heap after
{Heap after GC invocations=2 (full 0):
 garbage-first heap   total 131072K, used 15153K [0x0000000080000000, 0x0000000100000000)
  region size 1024K, 9 young (9216K), 9 survivors (9216K)
 Metaspace       used 11447K, capacity 11675K, committed 11904K, reserved 1060864K
  class space    used 1238K, capacity 1342K, committed 1408K, reserved 1048576K
}
Event: 6.048 GC heap before
{Heap before GC invocations=2 (full 0):
 garbage-first heap   total 131072K, used 57137K [0x0000000080000000, 0x0000000100000000)
  region size 1024K, 51 young (52224K), 9 survivors (9216K)
 Metaspace       used 20756K, capacity 21185K, committed 21296K, reserved 1069056K
  class space    used 2481K, capacity 2658K, committed 2688K, reserved 1048576K
}
Event: 6.071 GC heap after
{Heap after GC invocations=3 (full 0):
 garbage-first heap   total 131072K, used 18246K [0x0000000080000000, 0x0000000100000000)
  region size 1024K, 3 young (3072K), 3 survivors (3072K)
 Metaspace       used 20756K, capacity 21185K, committed 21296K, reserved 1069056K
  class space    used 2481K, capacity 2658K, committed 2688K, reserved 1048576K
}

Deoptimization events (20 events):
Event: 6.206 Thread 0x000001bdd0dcb000 Uncommon trap: trap_request=0xffffffc6 fr.pc=0x000001bdbee10b24 relative=0x0000000000000084
Event: 6.206 Thread 0x000001bdd0dcb000 Uncommon trap: reason=bimorphic_or_optimized_type_check action=maybe_recompile pc=0x000001bdbee10b24 method=java.util.AbstractList$Itr.hasNext()Z @ 8 c2
Event: 6.206 Thread 0x000001bdd0dcb000 DEOPT PACKING pc=0x000001bdbee10b24 sp=0x000000458dffc480
Event: 6.206 Thread 0x000001bdd0dcb000 DEOPT UNPACKING pc=0x000001bdb731a1af sp=0x000000458dffc418 mode 2
Event: 6.206 Thread 0x000001bdd0dcb000 Uncommon trap: trap_request=0xffffffc6 fr.pc=0x000001bdbee11754 relative=0x0000000000000114
Event: 6.206 Thread 0x000001bdd0dcb000 Uncommon trap: reason=bimorphic_or_optimized_type_check action=maybe_recompile pc=0x000001bdbee11754 method=java.util.AbstractList$Itr.next()Ljava/lang/Object; @ 14 c2
Event: 6.206 Thread 0x000001bdd0dcb000 DEOPT PACKING pc=0x000001bdbee11754 sp=0x000000458dffc470
Event: 6.206 Thread 0x000001bdd0dcb000 DEOPT UNPACKING pc=0x000001bdb731a1af sp=0x000000458dffc408 mode 2
Event: 6.206 Thread 0x000001bdd0dcb000 Uncommon trap: trap_request=0xffffff4d fr.pc=0x000001bdbee0ef04 relative=0x00000000000005c4
Event: 6.206 Thread 0x000001bdd0dcb000 Uncommon trap: reason=unstable_if action=reinterpret pc=0x000001bdbee0ef04 method=java.io.File.getName()Ljava/lang/String; @ 16 c2
Event: 6.206 Thread 0x000001bdd0dcb000 DEOPT PACKING pc=0x000001bdbee0ef04 sp=0x000000458dffce50
Event: 6.206 Thread 0x000001bdd0dcb000 DEOPT UNPACKING pc=0x000001bdb731a1af sp=0x000000458dffce20 mode 2
Event: 6.206 Thread 0x000001bdd0dcb000 Uncommon trap: trap_request=0xffffff4d fr.pc=0x000001bdbee07d34 relative=0x0000000000000474
Event: 6.206 Thread 0x000001bdd0dcb000 Uncommon trap: reason=unstable_if action=reinterpret pc=0x000001bdbee07d34 method=java.lang.String.substring(I)Ljava/lang/String; @ 34 c2
Event: 6.206 Thread 0x000001bdd0dcb000 DEOPT PACKING pc=0x000001bdbee07d34 sp=0x000000458dffcdd0
Event: 6.206 Thread 0x000001bdd0dcb000 DEOPT UNPACKING pc=0x000001bdb731a1af sp=0x000000458dffcda8 mode 2
Event: 6.312 Thread 0x000001bdd0dcb000 Uncommon trap: trap_request=0xffffffcc fr.pc=0x000001bdbee91ff8 relative=0x00000000000002b8
Event: 6.312 Thread 0x000001bdd0dcb000 Uncommon trap: reason=intrinsic_or_type_checked_inlining action=make_not_entrant pc=0x000001bdbee91ff8 method=java.util.Arrays.copyOf([Ljava/lang/Object;ILjava/lang/Class;)[Ljava/lang/Object; @ 35 c2
Event: 6.312 Thread 0x000001bdd0dcb000 DEOPT PACKING pc=0x000001bdbee91ff8 sp=0x000000458dffd6d0
Event: 6.313 Thread 0x000001bdd0dcb000 DEOPT UNPACKING pc=0x000001bdb731a1af sp=0x000000458dffd660 mode 2

Classes redefined (0 events):
No events

Internal exceptions (20 events):
Event: 5.503 Thread 0x000001bdcfb45000 Exception <a 'java/lang/NoSuchMethodError'{0x0000000086f01128}: <clinit>> (0x0000000086f01128) thrown at [./src/hotspot/share/prims/jni.cpp, line 1366]
Event: 5.507 Thread 0x000001bdcfb45000 Exception <a 'java/lang/NoSuchMethodError'{0x0000000086f18f10}: <clinit>> (0x0000000086f18f10) thrown at [./src/hotspot/share/prims/jni.cpp, line 1366]
Event: 5.509 Thread 0x000001bdcfb45000 Exception <a 'java/lang/NoSuchMethodError'{0x0000000086f228d8}: <clinit>> (0x0000000086f228d8) thrown at [./src/hotspot/share/prims/jni.cpp, line 1366]
Event: 5.512 Thread 0x000001bdcfb45000 Exception <a 'java/lang/NoSuchMethodError'{0x0000000086f37c60}: <clinit>> (0x0000000086f37c60) thrown at [./src/hotspot/share/prims/jni.cpp, line 1366]
Event: 5.629 Thread 0x000001bdd0dcb000 Exception <a 'java/lang/NoSuchMethodError'{0x0000000086b3a748}: 'long java.lang.invoke.DirectMethodHandle$Holder.invokeInterface(java.lang.Object, java.lang.Object)'> (0x0000000086b3a748) thrown at [./src/hotspot/share/interpreter/linkResolver.cpp, line 773]
Event: 5.638 Thread 0x000001bdd0dcb000 Exception <a 'java/lang/NoSuchMethodError'{0x0000000086b85cf8}: 'java.lang.Object java.lang.invoke.DirectMethodHandle$Holder.invokeVirtual(java.lang.Object, java.lang.Object, java.lang.Object)'> (0x0000000086b85cf8) thrown at [./src/hotspot/share/interpreter/linkResolver.cpp, line 773]
Event: 5.855 Thread 0x000001bdd0dcb000 Exception <a 'java/lang/NoSuchMethodError'{0x00000000862b7cc8}: 'java.lang.Object java.lang.invoke.Invokers$Holder.linkToTargetMethod(java.lang.Object, java.lang.Object, java.lang.Object, java.lang.Object, java.lang.Object, java.lang.Object)'> (0x00000000862b7cc8) thrown at [./src/hotspot/share/interpreter/linkResolver.cpp, line 773]
Event: 5.859 Thread 0x000001bdd0dcb000 Exception <a 'java/lang/NoSuchMethodError'{0x00000000862e59b0}: 'void java.lang.invoke.DirectMethodHandle$Holder.invokeSpecial(java.lang.Object, java.lang.Object, java.lang.Object, java.lang.Object, java.lang.Object, java.lang.Object)'> (0x00000000862e59b0) thrown at [./src/hotspot/share/interpreter/linkResolver.cpp, line 773]
Event: 5.863 Thread 0x000001bdd0dcb000 Exception <a 'java/lang/NoSuchMethodError'{0x0000000086113a30}: 'java.lang.Object java.lang.invoke.DirectMethodHandle$Holder.invokeSpecial(java.lang.Object, java.lang.Object, java.lang.Object, java.lang.Object, java.lang.Object, java.lang.Object, java.lang.Object, java.lang.Object, int, int)'> (0x0000000086113a30) thrown at [./src/hotspot/share/interpreter/linkResolver.cpp, line 773]
Event: 5.894 Thread 0x000001bdd0dcb000 Exception <a 'java/lang/NoSuchMethodError'{0x00000000860356f8}: 'java.lang.Object java.lang.invoke.DirectMethodHandle$Holder.invokeStatic(java.lang.Object, java.lang.Object, java.lang.Object, int, java.lang.Object, java.lang.Object)'> (0x00000000860356f8) thrown at [./src/hotspot/share/interpreter/linkResolver.cpp, line 773]
Event: 5.894 Thread 0x000001bdd0dcb000 Exception <a 'java/lang/NoSuchMethodError'{0x000000008603cb60}: 'java.lang.Object java.lang.invoke.Invokers$Holder.linkToTargetMethod(java.lang.Object, java.lang.Object, int, java.lang.Object, java.lang.Object, java.lang.Object)'> (0x000000008603cb60) thrown at [./src/hotspot/share/interpreter/linkResolver.cpp, line 773]
Event: 5.946 Thread 0x000001bdd0dcb000 Exception <a 'java/lang/NoSuchMethodError'{0x0000000085e80300}: 'void java.lang.invoke.DelegatingMethodHandle$Holder.reinvoke_L(java.lang.Object, java.lang.Object, java.lang.Object, java.lang.Object, java.lang.Object, java.lang.Object, java.lang.Object, java.lang.Object, java.lang.Object, java.lang.Object, java.lang.Object)'> (0x0000000085e80300) thrown at [./src/hotspot/share/interpreter/linkResolver.cpp, line 773]
Event: 5.947 Thread 0x000001bdd0dcb000 Exception <a 'java/lang/NoSuchMethodError'{0x0000000085e88930}: 'java.lang.Object java.lang.invoke.DirectMethodHandle$Holder.invokeSpecial(java.lang.Object, java.lang.Object, java.lang.Object, java.lang.Object, java.lang.Object, java.lang.Object, java.lang.Object, java.lang.Object, java.lang.Object, java.lang.Object, java.lang.Object)'> (0x0000000085e88930) thrown at [./src/hotspot/share/interpreter/linkResolver.cpp, line 773]
Event: 5.947 Thread 0x000001bdd0dcb000 Exception <a 'java/lang/NoSuchMethodError'{0x0000000085e8d0a0}: 'java.lang.Object java.lang.invoke.Invokers$Holder.invoker(java.lang.Object, java.lang.Object, java.lang.Object, java.lang.Object, java.lang.Object, java.lang.Object, java.lang.Object, java.lang.Object, java.lang.Object, java.lang.Object, java.lang.Object)'> (0x0000000085e8d0a0) thrown at [./src/hotspot/share/interpreter/linkResolver.cpp, line 773]
Event: 5.948 Thread 0x000001bdd0dcb000 Exception <a 'java/lang/NoSuchMethodError'{0x0000000085e92050}: 'java.lang.Object java.lang.invoke.DirectMethodHandle$Holder.invokeSpecial(java.lang.Object, java.lang.Object, java.lang.Object, java.lang.Object, java.lang.Object, java.lang.Object, java.lang.Object, java.lang.Object, java.lang.Object, java.lang.Object, java.lang.Object, java.lang.Object)'> (0x0000000085e92050) thrown at [./src/hotspot/share/interpreter/linkResolver.cpp, line 773]
Event: 5.975 Thread 0x000001bdd0dcb000 Exception <a 'java/lang/NoSuchMethodError'{0x0000000085df0758}: 'java.lang.Object java.lang.invoke.DirectMethodHandle$Holder.invokeSpecial(java.lang.Object, java.lang.Object, java.lang.Object, java.lang.Object, java.lang.Object, java.lang.Object, java.lang.Object, java.lang.Object, java.lang.Object)'> (0x0000000085df0758) thrown at [./src/hotspot/share/interpreter/linkResolver.cpp, line 773]
Event: 6.084 Thread 0x000001bdd0dcb000 Exception <a 'java/lang/NoSuchMethodError'{0x0000000087fea170}: 'void java.lang.invoke.DirectMethodHandle$Holder.invokeStaticInit(java.lang.Object)'> (0x0000000087fea170) thrown at [./src/hotspot/share/interpreter/linkResolver.cpp, line 773]
Event: 6.107 Thread 0x000001bdd0dcb000 Exception <a 'java/lang/NoSuchMethodError'{0x0000000087e8d458}: 'java.lang.Object java.lang.invoke.DirectMethodHandle$Holder.invokeStatic(java.lang.Object, java.lang.Object, java.lang.Object, int)'> (0x0000000087e8d458) thrown at [./src/hotspot/share/interpreter/linkResolver.cpp, line 773]
Event: 6.108 Thread 0x000001bdd0dcb000 Exception <a 'java/lang/NoSuchMethodError'{0x0000000087e91620}: 'java.lang.Object java.lang.invoke.DirectMethodHandle$Holder.invokeSpecial(java.lang.Object, java.lang.Object, java.lang.Object, java.lang.Object, int)'> (0x0000000087e91620) thrown at [./src/hotspot/share/interpreter/linkResolver.cpp, line 773]
Event: 6.108 Thread 0x000001bdd0dcb000 Exception <a 'java/lang/NoSuchMethodError'{0x0000000087e95008}: 'java.lang.Object java.lang.invoke.Invokers$Holder.linkToTargetMethod(java.lang.Object, java.lang.Object, int, java.lang.Object)'> (0x0000000087e95008) thrown at [./src/hotspot/share/interpreter/linkResolver.cpp, line 773]

Events (20 events):
Event: 6.444 loading class org/gradle/internal/hash/DefaultStreamHasher
Event: 6.444 loading class org/gradle/internal/hash/DefaultStreamHasher done
Event: 6.445 loading class org/gradle/internal/hash/Hashing
Event: 6.445 loading class org/gradle/internal/hash/Hashing done
Event: 6.445 loading class org/gradle/internal/hash/HashFunction
Event: 6.445 loading class org/gradle/internal/hash/HashFunction done
Event: 6.446 loading class org/gradle/internal/hash/Hashing$MessageDigestHashFunction
Event: 6.446 loading class org/gradle/internal/hash/Hashing$MessageDigestHashFunction done
Event: 6.447 loading class java/security/NoSuchAlgorithmException
Event: 6.447 loading class java/security/GeneralSecurityException
Event: 6.447 loading class java/security/GeneralSecurityException done
Event: 6.447 loading class java/security/NoSuchAlgorithmException done
Event: 6.447 loading class org/gradle/internal/hash/Hashing$CloningMessageDigestHashFunction
Event: 6.447 loading class org/gradle/internal/hash/Hashing$CloningMessageDigestHashFunction done
Event: 6.447 loading class org/gradle/internal/hash/Hashing$RegularMessageDigestHashFunction
Event: 6.447 loading class org/gradle/internal/hash/Hashing$RegularMessageDigestHashFunction done
Event: 6.448 loading class org/gradle/internal/hash/Hasher
Event: 6.448 loading class org/gradle/internal/hash/Hasher done
Event: 6.448 loading class org/gradle/internal/hash/HashingOutputStream
Event: 6.448 loading class org/gradle/internal/hash/HashingOutputStream done


Dynamic libraries:
0x00007ff6779d0000 - 0x00007ff6779da000 	C:\Program Files\Android\Android Studio\jre\bin\java.exe
0x00007ff8a9b10000 - 0x00007ff8a9d08000 	C:\Windows\SYSTEM32\ntdll.dll
0x00007ff8a8ca0000 - 0x00007ff8a8d5f000 	C:\Windows\System32\KERNEL32.DLL
0x00007ff8a7560000 - 0x00007ff8a7856000 	C:\Windows\System32\KERNELBASE.dll
0x00007ff8a72a0000 - 0x00007ff8a73a0000 	C:\Windows\System32\ucrtbase.dll
0x00007ff894d40000 - 0x00007ff894d59000 	C:\Program Files\Android\Android Studio\jre\bin\jli.dll
0x00007ff8a0180000 - 0x00007ff8a0197000 	C:\Program Files\Android\Android Studio\jre\bin\VCRUNTIME140.dll
0x00007ff8a8b00000 - 0x00007ff8a8c9d000 	C:\Windows\System32\USER32.dll
0x00007ff892520000 - 0x00007ff8927ba000 	C:\Windows\WinSxS\amd64_microsoft.windows.common-controls_6595b64144ccf1df_6.0.19041.1110_none_60b5254171f9507e\COMCTL32.dll
0x00007ff8a7530000 - 0x00007ff8a7552000 	C:\Windows\System32\win32u.dll
0x00007ff8a91b0000 - 0x00007ff8a924e000 	C:\Windows\System32\msvcrt.dll
0x00007ff8a9700000 - 0x00007ff8a972c000 	C:\Windows\System32\GDI32.dll
0x00007ff8a7410000 - 0x00007ff8a7525000 	C:\Windows\System32\gdi32full.dll
0x00007ff8a7a50000 - 0x00007ff8a7aed000 	C:\Windows\System32\msvcp_win.dll
0x00007ff8a9740000 - 0x00007ff8a9770000 	C:\Windows\System32\IMM32.DLL
0x00007ff894ca0000 - 0x00007ff894d3d000 	C:\Program Files\Android\Android Studio\jre\bin\msvcp140.dll
0x00007ff8776e0000 - 0x00007ff8781e2000 	C:\Program Files\Android\Android Studio\jre\bin\server\jvm.dll
0x00007ff8a7d00000 - 0x00007ff8a7daf000 	C:\Windows\System32\ADVAPI32.dll
0x00007ff8a9660000 - 0x00007ff8a96fc000 	C:\Windows\System32\sechost.dll
0x00007ff8a7bd0000 - 0x00007ff8a7cf6000 	C:\Windows\System32\RPCRT4.dll
0x00007ff8a94f0000 - 0x00007ff8a94f8000 	C:\Windows\System32\PSAPI.DLL
0x00007ff8a12b0000 - 0x00007ff8a12b9000 	C:\Windows\SYSTEM32\WSOCK32.dll
0x00007ff8968e0000 - 0x00007ff8968ea000 	C:\Windows\SYSTEM32\VERSION.dll
0x00007ff891170000 - 0x00007ff891197000 	C:\Windows\SYSTEM32\WINMM.dll
0x00007ff8a9250000 - 0x00007ff8a92bb000 	C:\Windows\System32\WS2_32.dll
0x00007ff8a5120000 - 0x00007ff8a5132000 	C:\Windows\SYSTEM32\kernel.appcore.dll
0x00007ff8a1290000 - 0x00007ff8a12a1000 	C:\Program Files\Android\Android Studio\jre\bin\verify.dll
0x00007ff891c70000 - 0x00007ff891e54000 	C:\Windows\SYSTEM32\DBGHELP.DLL
0x00007ff891c30000 - 0x00007ff891c64000 	C:\Windows\SYSTEM32\dbgcore.DLL
0x00007ff8a7860000 - 0x00007ff8a78e2000 	C:\Windows\System32\bcryptPrimitives.dll
0x00007ff8a1110000 - 0x00007ff8a1139000 	C:\Program Files\Android\Android Studio\jre\bin\java.dll
0x00007ff8a1280000 - 0x00007ff8a128b000 	C:\Program Files\Android\Android Studio\jre\bin\jimage.dll
0x00007ff8a10f0000 - 0x00007ff8a1108000 	C:\Program Files\Android\Android Studio\jre\bin\zip.dll
0x00007ff8a83b0000 - 0x00007ff8a8af4000 	C:\Windows\System32\SHELL32.dll
0x00007ff8a5290000 - 0x00007ff8a5a23000 	C:\Windows\SYSTEM32\windows.storage.dll
0x00007ff8a8d60000 - 0x00007ff8a90b4000 	C:\Windows\System32\combase.dll
0x00007ff8a6c30000 - 0x00007ff8a6c5e000 	C:\Windows\SYSTEM32\Wldp.dll
0x00007ff8a9500000 - 0x00007ff8a95ad000 	C:\Windows\System32\SHCORE.dll
0x00007ff8a9980000 - 0x00007ff8a99d5000 	C:\Windows\System32\shlwapi.dll
0x00007ff8a7120000 - 0x00007ff8a7145000 	C:\Windows\SYSTEM32\profapi.dll
0x00007ff8a10d0000 - 0x00007ff8a10ea000 	C:\Program Files\Android\Android Studio\jre\bin\net.dll
0x00007ff89acc0000 - 0x00007ff89adca000 	C:\Windows\SYSTEM32\WINHTTP.dll
0x00007ff8a6990000 - 0x00007ff8a69fa000 	C:\Windows\system32\mswsock.dll
0x00007ff8a10b0000 - 0x00007ff8a10c4000 	C:\Program Files\Android\Android Studio\jre\bin\nio.dll
0x00007ff8a0630000 - 0x00007ff8a0657000 	C:\Users\hp\.gradle\native\68d5fa5c4cc2d200863cafc0d521ce42e7d3e7ee720ec0a83991735586a16f82\windows-amd64\native-platform.dll
0x00007ff8744c0000 - 0x00007ff874604000 	C:\Users\hp\.gradle\native\e376f236ea51e6404a007f0833ffe2c6e607c4080706a723a18a27aeea778392\windows-amd64\native-platform-file-events.dll
0x00007ff8a1270000 - 0x00007ff8a127a000 	C:\Program Files\Android\Android Studio\jre\bin\management.dll
0x00007ff8a11b0000 - 0x00007ff8a11bd000 	C:\Program Files\Android\Android Studio\jre\bin\management_ext.dll
0x00007ff8a6b80000 - 0x00007ff8a6b98000 	C:\Windows\SYSTEM32\CRYPTSP.dll
0x00007ff8a6230000 - 0x00007ff8a6264000 	C:\Windows\system32\rsaenh.dll
0x00007ff8a7af0000 - 0x00007ff8a7b17000 	C:\Windows\System32\bcrypt.dll
0x00007ff8a70a0000 - 0x00007ff8a70ce000 	C:\Windows\SYSTEM32\USERENV.dll
0x00007ff8a6ba0000 - 0x00007ff8a6bac000 	C:\Windows\SYSTEM32\CRYPTBASE.dll
0x00007ff8a6630000 - 0x00007ff8a666b000 	C:\Windows\SYSTEM32\IPHLPAPI.DLL
0x00007ff8a7f30000 - 0x00007ff8a7f38000 	C:\Windows\System32\NSI.dll
0x00007ff89d9d0000 - 0x00007ff89d9e7000 	C:\Windows\SYSTEM32\dhcpcsvc6.DLL
0x00007ff89d950000 - 0x00007ff89d96d000 	C:\Windows\SYSTEM32\dhcpcsvc.DLL
0x00007ff8a6680000 - 0x00007ff8a674a000 	C:\Windows\SYSTEM32\DNSAPI.dll

dbghelp: loaded successfully - version: 4.0.5 - missing functions: none
symbol engine: initialized successfully - sym options: 0x614 - pdb path: .;C:\Program Files\Android\Android Studio\jre\bin;C:\Windows\SYSTEM32;C:\Windows\WinSxS\amd64_microsoft.windows.common-controls_6595b64144ccf1df_6.0.19041.1110_none_60b5254171f9507e;C:\Program Files\Android\Android Studio\jre\bin\server;C:\Users\hp\.gradle\native\68d5fa5c4cc2d200863cafc0d521ce42e7d3e7ee720ec0a83991735586a16f82\windows-amd64;C:\Users\hp\.gradle\native\e376f236ea51e6404a007f0833ffe2c6e607c4080706a723a18a27aeea778392\windows-amd64

VM Arguments:
jvm_args: --add-opens=java.base/java.util=ALL-UNNAMED --add-opens=java.base/java.lang=ALL-UNNAMED --add-opens=java.base/java.lang.invoke=ALL-UNNAMED --add-opens=java.prefs/java.util.prefs=ALL-UNNAMED --add-opens=java.base/java.nio.charset=ALL-UNNAMED --add-opens=java.base/java.net=ALL-UNNAMED --add-opens=java.base/java.util.concurrent.atomic=ALL-UNNAMED -Xmx2048m -Dfile.encoding=UTF-8 -Duser.country=US -Duser.language=en -Duser.variant 
java_command: org.gradle.launcher.daemon.bootstrap.GradleDaemon 8.0
java_class_path (initial): C:\Users\hp\.gradle\wrapper\dists\gradle-8.0-bin\ca5e32bp14vu59qr306oxotwh\gradle-8.0\lib\gradle-launcher-8.0.jar
Launcher Type: SUN_STANDARD

[Global flags]
     intx CICompilerCount                          = 3                                         {product} {ergonomic}
     uint ConcGCThreads                            = 1                                         {product} {ergonomic}
     uint G1ConcRefinementThreads                  = 4                                         {product} {ergonomic}
   size_t G1HeapRegionSize                         = 1048576                                   {product} {ergonomic}
    uintx GCDrainStackTargetSize                   = 64                                        {product} {ergonomic}
   size_t InitialHeapSize                          = 134217728                                 {product} {ergonomic}
   size_t MarkStackSize                            = 4194304                                   {product} {ergonomic}
   size_t MaxHeapSize                              = 2147483648                                {product} {command line}
   size_t MaxNewSize                               = 1287651328                                {product} {ergonomic}
   size_t MinHeapDeltaBytes                        = 1048576                                   {product} {ergonomic}
    uintx NonNMethodCodeHeapSize                   = 5830732                                {pd product} {ergonomic}
    uintx NonProfiledCodeHeapSize                  = 122913754                              {pd product} {ergonomic}
    uintx ProfiledCodeHeapSize                     = 122913754                              {pd product} {ergonomic}
    uintx ReservedCodeCacheSize                    = 251658240                              {pd product} {ergonomic}
     bool SegmentedCodeCache                       = true                                      {product} {ergonomic}
     bool UseCompressedClassPointers               = true                                 {lp64_product} {ergonomic}
     bool UseCompressedOops                        = true                                 {lp64_product} {ergonomic}
     bool UseG1GC                                  = true                                      {product} {ergonomic}
     bool UseLargePagesIndividualAllocation        = false                                  {pd product} {ergonomic}

Logging:
Log output configuration:
 #0: stdout all=warning uptime,level,tags
 #1: stderr all=off uptime,level,tags

Environment Variables:
PATH=C:\Program Files (x86)\VMware\VMware Workstation\bin\;C:\Program Files (x86)\NVIDIA Corporation\PhysX\Common;C:\Windows\system32;C:\Windows;C:\Windows\System32\Wbem;C:\Windows\System32\WindowsPowerShell\v1.0\;C:\Windows\System32\OpenSSH\;C:\Users\hp\Documents\Java\jdk1.8.0_111\bin;c:\Program Files (x86)\Microsoft SQL Server\90\Tools\binn\;C:\Program Files\dotnet\;C:\Program Files\Microsoft SQL Server\150\Tools\Binn\;C:\Program Files\Microsoft SQL Server\Client SDK\ODBC\170\Tools\Binn\;C:\Program Files\Git\cmd;C:\Program Files\nodejs\;C:\ProgramData\chocolatey\bin;C:\Users\hp\AppData\Local\Programs\Python\Python310\Scripts\;C:\Users\hp\AppData\Local\Programs\Python\Python310\;C:\Users\hp\AppData\Local\Programs\Python\Launcher\;C:\Users\hp\AppData\Local\Microsoft\WindowsApps;C:\Program Files\Java\jdk1.8.0_111\bin;;C:\Program Files\JetBrains\PyCharm Community Edition 2022.3.1\bin;;C:\Users\hp\.dotnet\tools;C:\Users\hp\AppData\Roaming\npm;C:\Users\hp\AppData\Local\Programs\Microsoft VS Code\bin
USERNAME=hp
OS=Windows_NT
PROCESSOR_IDENTIFIER=Intel64 Family 6 Model 69 Stepping 1, GenuineIntel



---------------  S Y S T E M  ---------------

OS: Windows 10 , 64 bit Build 19041 (10.0.19041.3155)
OS uptime: 0 days 2:00 hours

CPU:total 4 (initial active 4) (2 cores per cpu, 2 threads per core) family 6 model 69 stepping 1 microcode 0x25, cmov, cx8, fxsr, mmx, sse, sse2, sse3, ssse3, sse4.1, sse4.2, popcnt, avx, avx2, aes, clmul, erms, lzcnt, ht, tsc, tscinvbit, bmi1, bmi2, fma

Memory: 4k page, system-wide physical 8089M (2407M free)
TotalPageFile size 10949M (AvailPageFile size 4M)
current process WorkingSet (physical memory assigned to process): 188M, peak: 188M
current process commit charge ("private bytes"): 257M, peak: 258M

vm_info: OpenJDK 64-Bit Server VM (11.0.13+0-b1751.21-8125866) for windows-amd64 JRE (11.0.13+0-b1751.21-8125866), built on Feb  2 2022 03:00:22 by "builder" with MS VC++ 14.0 (VS2015)

END.
