#
# There is insufficient memory for the Java Runtime Environment to continue.
# Native memory allocation (mmap) failed to map 32505856 bytes for Failed to commit area from 0x0000000089a00000 to 0x000000008b900000 of length 32505856.
# Possible reasons:
#   The system is out of physical RAM or swap space
#   The process is running with CompressedOops enabled, and the Java Heap may be blocking the growth of the native heap
# Possible solutions:
#   Reduce memory load on the system
#   Increase physical memory or swap space
#   Check if swap backing store is full
#   Decrease Java heap size (-Xmx/-Xms)
#   Decrease number of Java threads
#   Decrease Java thread stack sizes (-Xss)
#   Set larger code cache with -XX:ReservedCodeCacheSize=
#   JVM is running with Unscaled Compressed Oops mode in which the Java heap is
#     placed in the first 4GB address space. The Java Heap base address is the
#     maximum limit for the native heap growth. Please use -XX:HeapBaseMinAddress
#     to set the Java Heap base and to place the Java Heap above 4GB virtual address.
# This output file may be truncated or incomplete.
#
#  Out of Memory Error (./src/hotspot/os/windows/os_windows.cpp:3619), pid=11448, tid=10024
#
# JRE version: OpenJDK Runtime Environment (11.0.13) (build 11.0.13+0-b1751.21-8125866)
# Java VM: OpenJDK 64-Bit Server VM (11.0.13+0-b1751.21-8125866, mixed mode, tiered, compressed oops, g1 gc, windows-amd64)
# No core dump will be written. Minidumps are not enabled by default on client versions of Windows
#

---------------  S U M M A R Y ------------

Command Line: --add-opens=java.base/java.util=ALL-UNNAMED --add-opens=java.base/java.lang=ALL-UNNAMED --add-opens=java.base/java.lang.invoke=ALL-UNNAMED --add-opens=java.base/java.util=ALL-UNNAMED --add-opens=java.prefs/java.util.prefs=ALL-UNNAMED --add-opens=java.prefs/java.util.prefs=ALL-UNNAMED --add-opens=java.base/java.nio.charset=ALL-UNNAMED --add-opens=java.base/java.net=ALL-UNNAMED --add-opens=java.base/java.util.concurrent.atomic=ALL-UNNAMED -Xmx2048m -Dfile.encoding=UTF-8 -Duser.country=US -Duser.language=en -Duser.variant org.gradle.launcher.daemon.bootstrap.GradleDaemon 7.4

Host: Intel(R) Core(TM) i5-4300U CPU @ 1.90GHz, 4 cores, 7G,  Windows 10 , 64 bit Build 19041 (10.0.19041.3155)
Time: Wed Aug 23 00:06:53 2023 E. Africa Standard Time elapsed time: 15.022916 seconds (0d 0h 0m 15s)

---------------  T H R E A D  ---------------

Current thread (0x00000262b9bbc000):  VMThread "VM Thread" [stack: 0x0000006c1ca00000,0x0000006c1cb00000] [id=10024]

Stack: [0x0000006c1ca00000,0x0000006c1cb00000]
[error occurred during error reporting (printing stack bounds), id 0xc0000005, EXCEPTION_ACCESS_VIOLATION (0xc0000005) at pc=0x00000262a3ad112d]

Native frames: (J=compiled Java code, j=interpreted, Vv=VM code, C=native code)
V  [jvm.dll+0x6100fa]
V  [jvm.dll+0x747090]
V  [jvm.dll+0x7486ad]
V  [jvm.dll+0x748ce5]
V  [jvm.dll+0x748c9b]
V  [jvm.dll+0x60f224]
V  [jvm.dll+0x60f9b8]
C  [ntdll.dll+0xa23df]
C  [ntdll.dll+0x514b4]
C  [ntdll.dll+0xa0eee]
C  0x00000262a3ad112d

VM_Operation (0x0000006c1e0fe9d0): G1CollectForAllocation, mode: safepoint, requested by thread 0x00000262bc794800


---------------  P R O C E S S  ---------------

Threads class SMR info:
_java_thread_list=0x00000262bfe85a30, length=38, elements={
0x000002629ffb0000, 0x00000262b9bc0000, 0x00000262b9bc3800, 0x00000262b9bdb000,
0x00000262b9bde000, 0x00000262b9be0800, 0x00000262b9be4000, 0x00000262b9be9000,
0x00000262b9bec800, 0x00000262ba691800, 0x00000262bc552800, 0x00000262ba8dc000,
0x00000262bc674800, 0x00000262bc770000, 0x00000262bcb86800, 0x00000262bbca8800,
0x00000262bc718000, 0x00000262bc718800, 0x00000262bc793800, 0x00000262bc794800,
0x00000262bbc78800, 0x00000262bbc76800, 0x00000262bbc76000, 0x00000262bbc77800,
0x00000262bbc75000, 0x00000262bbc72800, 0x00000262bbc79000, 0x00000262bbc73800,
0x00000262bbc74000, 0x00000262bd8ba000, 0x00000262bd8bf000, 0x00000262bd8bc800,
0x00000262bd8bd800, 0x00000262bd8b9800, 0x00000262bd8be800, 0x00000262bd8bc000,
0x00000262bd8bb000, 0x00000262c08e5800
}

Java Threads: ( => current thread )
  0x000002629ffb0000 JavaThread "main" [_thread_blocked, id=7512, stack(0x0000006c1c400000,0x0000006c1c500000)]
  0x00000262b9bc0000 JavaThread "Reference Handler" daemon [_thread_blocked, id=9760, stack(0x0000006c1cb00000,0x0000006c1cc00000)]
  0x00000262b9bc3800 JavaThread "Finalizer" daemon [_thread_blocked, id=13124, stack(0x0000006c1cc00000,0x0000006c1cd00000)]
  0x00000262b9bdb000 JavaThread "Signal Dispatcher" daemon [_thread_blocked, id=908, stack(0x0000006c1cd00000,0x0000006c1ce00000)]
  0x00000262b9bde000 JavaThread "Attach Listener" daemon [_thread_blocked, id=4660, stack(0x0000006c1ce00000,0x0000006c1cf00000)]
  0x00000262b9be0800 JavaThread "Service Thread" daemon [_thread_blocked, id=7784, stack(0x0000006c1cf00000,0x0000006c1d000000)]
  0x00000262b9be4000 JavaThread "C2 CompilerThread0" daemon [_thread_in_native, id=9296, stack(0x0000006c1d000000,0x0000006c1d100000)]
  0x00000262b9be9000 JavaThread "C1 CompilerThread0" daemon [_thread_blocked, id=5600, stack(0x0000006c1d100000,0x0000006c1d200000)]
  0x00000262b9bec800 JavaThread "Sweeper thread" daemon [_thread_blocked, id=10088, stack(0x0000006c1d200000,0x0000006c1d300000)]
  0x00000262ba691800 JavaThread "Common-Cleaner" daemon [_thread_blocked, id=13120, stack(0x0000006c1d300000,0x0000006c1d400000)]
  0x00000262bc552800 JavaThread "Daemon health stats" [_thread_blocked, id=4852, stack(0x0000006c1d800000,0x0000006c1d900000)]
  0x00000262ba8dc000 JavaThread "Incoming local TCP Connector on port 11164" [_thread_in_native, id=7616, stack(0x0000006c1d500000,0x0000006c1d600000)]
  0x00000262bc674800 JavaThread "Daemon periodic checks" [_thread_blocked, id=10448, stack(0x0000006c1d900000,0x0000006c1da00000)]
  0x00000262bc770000 JavaThread "Daemon" [_thread_blocked, id=11636, stack(0x0000006c1da00000,0x0000006c1db00000)]
  0x00000262bcb86800 JavaThread "Handler for socket connection from /127.0.0.1:11164 to /127.0.0.1:11165" [_thread_in_native, id=13528, stack(0x0000006c1db00000,0x0000006c1dc00000)]
  0x00000262bbca8800 JavaThread "Cancel handler" [_thread_blocked, id=4976, stack(0x0000006c1dc00000,0x0000006c1dd00000)]
  0x00000262bc718000 JavaThread "Daemon worker" [_thread_blocked, id=9328, stack(0x0000006c1dd00000,0x0000006c1de00000)]
  0x00000262bc718800 JavaThread "Asynchronous log dispatcher for DefaultDaemonConnection: socket connection from /127.0.0.1:11164 to /127.0.0.1:11165" [_thread_blocked, id=13084, stack(0x0000006c1de00000,0x0000006c1df00000)]
  0x00000262bc793800 JavaThread "Stdin handler" [_thread_blocked, id=1544, stack(0x0000006c1df00000,0x0000006c1e000000)]
  0x00000262bc794800 JavaThread "Daemon client event forwarder" [_thread_blocked, id=9892, stack(0x0000006c1e000000,0x0000006c1e100000)]
  0x00000262bbc78800 JavaThread "Cache worker for journal cache (C:\Users\hp\.gradle\caches\journal-1)" [_thread_blocked, id=11852, stack(0x0000006c1e200000,0x0000006c1e300000)]
  0x00000262bbc76800 JavaThread "File lock request listener" [_thread_in_native, id=8220, stack(0x0000006c1e300000,0x0000006c1e400000)]
  0x00000262bbc76000 JavaThread "Cache worker for file hash cache (C:\Users\hp\.gradle\caches\7.4\fileHashes)" [_thread_blocked, id=13556, stack(0x0000006c1e400000,0x0000006c1e500000)]
  0x00000262bbc77800 JavaThread "File watcher server" daemon [_thread_in_native, id=7444, stack(0x0000006c1e600000,0x0000006c1e700000)]
  0x00000262bbc75000 JavaThread "File watcher consumer" daemon [_thread_blocked, id=5580, stack(0x0000006c1e700000,0x0000006c1e800000)]
  0x00000262bbc72800 JavaThread "jar transforms" [_thread_blocked, id=10784, stack(0x0000006c1e800000,0x0000006c1e900000)]
  0x00000262bbc79000 JavaThread "jar transforms Thread 2" [_thread_blocked, id=6976, stack(0x0000006c1e900000,0x0000006c1ea00000)]
  0x00000262bbc73800 JavaThread "jar transforms Thread 3" [_thread_blocked, id=11008, stack(0x0000006c1ea00000,0x0000006c1eb00000)]
  0x00000262bbc74000 JavaThread "jar transforms Thread 4" [_thread_blocked, id=3160, stack(0x0000006c1eb00000,0x0000006c1ec00000)]
  0x00000262bd8ba000 JavaThread "Cache worker for checksums cache (C:\Users\hp\Desktop\eCommerceApp\.gradle\7.4\checksums)" [_thread_blocked, id=12284, stack(0x0000006c1ec00000,0x0000006c1ed00000)]
  0x00000262bd8bf000 JavaThread "Cache worker for cache directory md-rule (C:\Users\hp\.gradle\caches\7.4\md-rule)" [_thread_blocked, id=2760, stack(0x0000006c1ed00000,0x0000006c1ee00000)]
  0x00000262bd8bc800 JavaThread "Cache worker for file hash cache (C:\Users\hp\Desktop\eCommerceApp\.gradle\7.4\fileHashes)" [_thread_blocked, id=7788, stack(0x0000006c1ee00000,0x0000006c1ef00000)]
  0x00000262bd8bd800 JavaThread "Cache worker for cache directory md-supplier (C:\Users\hp\.gradle\caches\7.4\md-supplier)" [_thread_blocked, id=13408, stack(0x0000006c1ef00000,0x0000006c1f000000)]
  0x00000262bd8b9800 JavaThread "Cache worker for execution history cache (C:\Users\hp\.gradle\caches\7.4\executionHistory)" [_thread_blocked, id=4016, stack(0x0000006c1f000000,0x0000006c1f100000)]
  0x00000262bd8be800 JavaThread "Cache worker for file content cache (C:\Users\hp\.gradle\caches\7.4\fileContent)" [_thread_blocked, id=12076, stack(0x0000006c1f100000,0x0000006c1f200000)]
  0x00000262bd8bc000 JavaThread "Cache worker for dependencies-accessors (C:\Users\hp\Desktop\eCommerceApp\.gradle\7.4\dependencies-accessors)" [_thread_blocked, id=13584, stack(0x0000006c1f200000,0x0000006c1f300000)]
  0x00000262bd8bb000 JavaThread "Cache worker for Build Output Cleanup Cache (C:\Users\hp\Desktop\eCommerceApp\.gradle\buildOutputCleanup)" [_thread_blocked, id=14136, stack(0x0000006c1f300000,0x0000006c1f400000)]
  0x00000262c08e5800 JavaThread "C2 CompilerThread1" daemon [_thread_in_native, id=3532, stack(0x0000006c1e500000,0x0000006c1e600000)]

Other Threads:
=>0x00000262b9bbc000 VMThread "VM Thread" [stack: 0x0000006c1ca00000,0x0000006c1cb00000] [id=10024]
  0x00000262ba6b3000 WatcherThread [stack: 0x0000006c1d400000,0x0000006c1d500000] [id=2608]
  0x000002629ffc9000 GCTaskThread "GC Thread#0" [stack: 0x0000006c1c500000,0x0000006c1c600000] [id=13424]
  0x00000262ba962000 GCTaskThread "GC Thread#1" [stack: 0x0000006c1d600000,0x0000006c1d700000] [id=7084]
  0x00000262bae1d800 GCTaskThread "GC Thread#2" [stack: 0x0000006c1d700000,0x0000006c1d800000] [id=13272]
  0x00000262bbca9800 GCTaskThread "GC Thread#3" [stack: 0x0000006c1e100000,0x0000006c1e200000] [id=11124]
  0x000002629fff9800 ConcurrentGCThread "G1 Main Marker" [stack: 0x0000006c1c600000,0x0000006c1c700000] [id=12324]
  0x000002629fffb000 ConcurrentGCThread "G1 Conc#0" [stack: 0x0000006c1c700000,0x0000006c1c800000] [id=8348]
  0x00000262a008a000 ConcurrentGCThread "G1 Refine#0" [stack: 0x0000006c1c800000,0x0000006c1c900000] [id=4720]
  0x00000262a008b000 ConcurrentGCThread "G1 Young RemSet Sampling" [stack: 0x0000006c1c900000,0x0000006c1ca00000] [id=2676]

Threads with active compile tasks:
C2 CompilerThread0  15041 4415       4       java.net.URLClassLoader$1::run (5 bytes)
C2 CompilerThread1  15041 4416   !   4       java.net.URLClassLoader$1::run (81 bytes)

VM state:at safepoint (normal execution)

VM Mutex/Monitor currently owned by a thread:  ([mutex/lock_event])
[0x000002629ffaba10] Threads_lock - owner thread: 0x00000262b9bbc000
[0x000002629ffacaf0] Heap_lock - owner thread: 0x00000262bc794800

Heap address: 0x0000000080000000, size: 2048 MB, Compressed Oops mode: 32-bit
Narrow klass base: 0x0000000000000000, Narrow klass shift: 3
Compressed class space size: 1073741824 Address: 0x0000000100000000

Heap:
 garbage-first heap   total 189440K, used 80045K [0x0000000080000000, 0x0000000100000000)
  region size 1024K, 4 young (4096K), 4 survivors (4096K)
 Metaspace       used 49885K, capacity 51328K, committed 51376K, reserved 1093632K
  class space    used 6380K, capacity 6897K, committed 6912K, reserved 1048576K
Heap Regions: E=young(eden), S=young(survivor), O=old, HS=humongous(starts), HC=humongous(continues), CS=collection set, F=free, A=archive, TAMS=top-at-mark-start (previous, next)
|   0|0x0000000080000000, 0x0000000080100000, 0x0000000080100000|100%|HS|  |TAMS 0x0000000080100000, 0x0000000080000000| Complete 
|   1|0x0000000080100000, 0x0000000080200000, 0x0000000080200000|100%|HC|  |TAMS 0x0000000080200000, 0x0000000080100000| Complete 
|   2|0x0000000080200000, 0x0000000080300000, 0x0000000080300000|100%|HC|  |TAMS 0x0000000080300000, 0x0000000080200000| Complete 
|   3|0x0000000080300000, 0x0000000080400000, 0x0000000080400000|100%| O|  |TAMS 0x0000000080400000, 0x0000000080300000| Untracked 
|   4|0x0000000080400000, 0x0000000080500000, 0x0000000080500000|100%| O|  |TAMS 0x0000000080500000, 0x0000000080400000| Untracked 
|   5|0x0000000080500000, 0x0000000080600000, 0x0000000080600000|100%| O|  |TAMS 0x0000000080600000, 0x0000000080500000| Untracked 
|   6|0x0000000080600000, 0x0000000080700000, 0x0000000080700000|100%| O|  |TAMS 0x0000000080700000, 0x0000000080600000| Untracked 
|   7|0x0000000080700000, 0x0000000080800000, 0x0000000080800000|100%| O|  |TAMS 0x0000000080800000, 0x0000000080700000| Untracked 
|   8|0x0000000080800000, 0x0000000080900000, 0x0000000080900000|100%| O|  |TAMS 0x0000000080900000, 0x0000000080800000| Untracked 
|   9|0x0000000080900000, 0x0000000080a00000, 0x0000000080a00000|100%| O|  |TAMS 0x0000000080a00000, 0x0000000080900000| Untracked 
|  10|0x0000000080a00000, 0x0000000080b00000, 0x0000000080b00000|100%| O|  |TAMS 0x0000000080b00000, 0x0000000080a00000| Untracked 
|  11|0x0000000080b00000, 0x0000000080c00000, 0x0000000080c00000|100%| O|  |TAMS 0x0000000080c00000, 0x0000000080b00000| Untracked 
|  12|0x0000000080c00000, 0x0000000080d00000, 0x0000000080d00000|100%| O|  |TAMS 0x0000000080d00000, 0x0000000080c00000| Untracked 
|  13|0x0000000080d00000, 0x0000000080e00000, 0x0000000080e00000|100%|HS|  |TAMS 0x0000000080e00000, 0x0000000080d00000| Complete 
|  14|0x0000000080e00000, 0x0000000080f00000, 0x0000000080f00000|100%|HC|  |TAMS 0x0000000080f00000, 0x0000000080e00000| Complete 
|  15|0x0000000080f00000, 0x0000000081000000, 0x0000000081000000|100%|HS|  |TAMS 0x0000000081000000, 0x0000000080f00000| Complete 
|  16|0x0000000081000000, 0x0000000081100000, 0x0000000081100000|100%|HC|  |TAMS 0x0000000081100000, 0x0000000081000000| Complete 
|  17|0x0000000081100000, 0x0000000081200000, 0x0000000081200000|100%|HC|  |TAMS 0x0000000081200000, 0x0000000081100000| Complete 
|  18|0x0000000081200000, 0x0000000081300000, 0x0000000081300000|100%| O|  |TAMS 0x0000000081300000, 0x0000000081200000| Untracked 
|  19|0x0000000081300000, 0x0000000081400000, 0x0000000081400000|100%| O|  |TAMS 0x0000000081400000, 0x0000000081300000| Untracked 
|  20|0x0000000081400000, 0x0000000081500000, 0x0000000081500000|100%| O|  |TAMS 0x0000000081500000, 0x0000000081400000| Untracked 
|  21|0x0000000081500000, 0x0000000081600000, 0x0000000081600000|100%| O|  |TAMS 0x0000000081531c00, 0x0000000081500000| Untracked 
|  22|0x0000000081600000, 0x0000000081700000, 0x0000000081700000|100%|HS|  |TAMS 0x0000000081700000, 0x0000000081600000| Complete 
|  23|0x0000000081700000, 0x0000000081800000, 0x0000000081800000|100%|HS|  |TAMS 0x0000000081800000, 0x0000000081700000| Complete 
|  24|0x0000000081800000, 0x0000000081900000, 0x0000000081900000|100%|HC|  |TAMS 0x0000000081900000, 0x0000000081800000| Complete 
|  25|0x0000000081900000, 0x0000000081a00000, 0x0000000081a00000|100%|HS|  |TAMS 0x0000000081a00000, 0x0000000081900000| Complete 
|  26|0x0000000081a00000, 0x0000000081b00000, 0x0000000081b00000|100%|HC|  |TAMS 0x0000000081b00000, 0x0000000081a00000| Complete 
|  27|0x0000000081b00000, 0x0000000081c00000, 0x0000000081c00000|100%|HC|  |TAMS 0x0000000081c00000, 0x0000000081b00000| Complete 
|  28|0x0000000081c00000, 0x0000000081d00000, 0x0000000081d00000|100%|HS|  |TAMS 0x0000000081d00000, 0x0000000081c00000| Complete 
|  29|0x0000000081d00000, 0x0000000081e00000, 0x0000000081e00000|100%|HC|  |TAMS 0x0000000081e00000, 0x0000000081d00000| Complete 
|  30|0x0000000081e00000, 0x0000000081f00000, 0x0000000081f00000|100%|HC|  |TAMS 0x0000000081f00000, 0x0000000081e00000| Complete 
|  31|0x0000000081f00000, 0x0000000082000000, 0x0000000082000000|100%|HS|  |TAMS 0x0000000082000000, 0x0000000081f00000| Complete 
|  32|0x0000000082000000, 0x0000000082100000, 0x0000000082100000|100%|HC|  |TAMS 0x0000000082100000, 0x0000000082000000| Complete 
|  33|0x0000000082100000, 0x0000000082200000, 0x0000000082200000|100%|HC|  |TAMS 0x0000000082200000, 0x0000000082100000| Complete 
|  34|0x0000000082200000, 0x0000000082300000, 0x0000000082300000|100%|HC|  |TAMS 0x0000000082300000, 0x0000000082200000| Complete 
|  35|0x0000000082300000, 0x0000000082400000, 0x0000000082400000|100%|HC|  |TAMS 0x0000000082400000, 0x0000000082300000| Complete 
|  36|0x0000000082400000, 0x0000000082500000, 0x0000000082500000|100%|HS|  |TAMS 0x0000000082400000, 0x0000000082400000| Complete 
|  37|0x0000000082500000, 0x0000000082600000, 0x0000000082600000|100%|HC|  |TAMS 0x0000000082500000, 0x0000000082500000| Complete 
|  38|0x0000000082600000, 0x0000000082700000, 0x0000000082700000|100%|HC|  |TAMS 0x0000000082600000, 0x0000000082600000| Complete 
|  39|0x0000000082700000, 0x0000000082800000, 0x0000000082800000|100%| O|  |TAMS 0x0000000082700000, 0x0000000082700000| Untracked 
|  40|0x0000000082800000, 0x0000000082900000, 0x0000000082900000|100%| O|  |TAMS 0x0000000082800000, 0x0000000082800000| Untracked 
|  41|0x0000000082900000, 0x0000000082a00000, 0x0000000082a00000|100%| O|  |TAMS 0x0000000082900000, 0x0000000082900000| Untracked 
|  42|0x0000000082a00000, 0x0000000082b00000, 0x0000000082b00000|100%| O|  |TAMS 0x0000000082a00000, 0x0000000082a00000| Untracked 
|  43|0x0000000082b00000, 0x0000000082c00000, 0x0000000082c00000|100%| O|  |TAMS 0x0000000082b00000, 0x0000000082b00000| Untracked 
|  44|0x0000000082c00000, 0x0000000082d00000, 0x0000000082d00000|100%| O|  |TAMS 0x0000000082c00000, 0x0000000082c00000| Untracked 
|  45|0x0000000082d00000, 0x0000000082e00000, 0x0000000082e00000|100%| O|  |TAMS 0x0000000082d00000, 0x0000000082d00000| Untracked 
|  46|0x0000000082e00000, 0x0000000082f00000, 0x0000000082f00000|100%| O|  |TAMS 0x0000000082e00000, 0x0000000082e00000| Untracked 
|  47|0x0000000082f00000, 0x0000000083000000, 0x0000000083000000|100%| O|  |TAMS 0x0000000082f00000, 0x0000000082f00000| Untracked 
|  48|0x0000000083000000, 0x0000000083100000, 0x0000000083100000|100%| O|  |TAMS 0x0000000083000000, 0x0000000083000000| Untracked 
|  49|0x0000000083100000, 0x0000000083200000, 0x0000000083200000|100%|HS|  |TAMS 0x0000000083100000, 0x0000000083100000| Complete 
|  50|0x0000000083200000, 0x0000000083300000, 0x0000000083300000|100%|HC|  |TAMS 0x0000000083200000, 0x0000000083200000| Complete 
|  51|0x0000000083300000, 0x0000000083400000, 0x0000000083400000|100%|HC|  |TAMS 0x0000000083300000, 0x0000000083300000| Complete 
|  52|0x0000000083400000, 0x0000000083500000, 0x0000000083500000|100%|HC|  |TAMS 0x0000000083400000, 0x0000000083400000| Complete 
|  53|0x0000000083500000, 0x0000000083600000, 0x0000000083600000|100%|HS|  |TAMS 0x0000000083500000, 0x0000000083500000| Complete 
|  54|0x0000000083600000, 0x0000000083700000, 0x0000000083700000|100%|HC|  |TAMS 0x0000000083600000, 0x0000000083600000| Complete 
|  55|0x0000000083700000, 0x0000000083800000, 0x0000000083800000|100%|HS|  |TAMS 0x0000000083700000, 0x0000000083700000| Complete 
|  56|0x0000000083800000, 0x0000000083900000, 0x0000000083900000|100%|HC|  |TAMS 0x0000000083800000, 0x0000000083800000| Complete 
|  57|0x0000000083900000, 0x0000000083a00000, 0x0000000083a00000|100%|HC|  |TAMS 0x0000000083900000, 0x0000000083900000| Complete 
|  58|0x0000000083a00000, 0x0000000083b00000, 0x0000000083b00000|100%| O|  |TAMS 0x0000000083a00000, 0x0000000083a00000| Untracked 
|  59|0x0000000083b00000, 0x0000000083c00000, 0x0000000083c00000|100%| O|  |TAMS 0x0000000083b00000, 0x0000000083b00000| Untracked 
|  60|0x0000000083c00000, 0x0000000083d00000, 0x0000000083d00000|100%| O|  |TAMS 0x0000000083c00000, 0x0000000083c00000| Untracked 
|  61|0x0000000083d00000, 0x0000000083e00000, 0x0000000083e00000|100%| O|  |TAMS 0x0000000083d00000, 0x0000000083d00000| Untracked 
|  62|0x0000000083e00000, 0x0000000083f00000, 0x0000000083f00000|100%| O|  |TAMS 0x0000000083e00000, 0x0000000083e00000| Untracked 
|  63|0x0000000083f00000, 0x0000000084000000, 0x0000000084000000|100%| O|  |TAMS 0x0000000083f00000, 0x0000000083f00000| Untracked 
|  64|0x0000000084000000, 0x0000000084100000, 0x0000000084100000|100%|HS|  |TAMS 0x0000000084000000, 0x0000000084000000| Complete 
|  65|0x0000000084100000, 0x0000000084200000, 0x0000000084200000|100%|HC|  |TAMS 0x0000000084100000, 0x0000000084100000| Complete 
|  66|0x0000000084200000, 0x0000000084300000, 0x0000000084300000|100%|HC|  |TAMS 0x0000000084200000, 0x0000000084200000| Complete 
|  67|0x0000000084300000, 0x0000000084400000, 0x0000000084400000|100%|HC|  |TAMS 0x0000000084300000, 0x0000000084300000| Complete 
|  68|0x0000000084400000, 0x0000000084500000, 0x0000000084500000|100%|HC|  |TAMS 0x0000000084400000, 0x0000000084400000| Complete 
|  69|0x0000000084500000, 0x0000000084600000, 0x0000000084600000|100%| O|  |TAMS 0x0000000084500000, 0x0000000084500000| Untracked 
|  70|0x0000000084600000, 0x0000000084700000, 0x0000000084700000|100%| O|  |TAMS 0x0000000084600000, 0x0000000084600000| Untracked 
|  71|0x0000000084700000, 0x0000000084800000, 0x0000000084800000|100%| O|  |TAMS 0x0000000084700000, 0x0000000084700000| Untracked 
|  72|0x0000000084800000, 0x0000000084900000, 0x0000000084900000|100%| O|  |TAMS 0x0000000084800000, 0x0000000084800000| Untracked 
|  73|0x0000000084900000, 0x0000000084a00000, 0x0000000084a00000|100%| O|  |TAMS 0x0000000084900000, 0x0000000084900000| Untracked 
|  74|0x0000000084a00000, 0x0000000084af0600, 0x0000000084b00000| 93%| O|  |TAMS 0x0000000084a00000, 0x0000000084a00000| Untracked 
|  75|0x0000000084b00000, 0x0000000084b00000, 0x0000000084c00000|  0%| F|  |TAMS 0x0000000084b00000, 0x0000000084b00000| Untracked 
|  76|0x0000000084c00000, 0x0000000084c00000, 0x0000000084d00000|  0%| F|  |TAMS 0x0000000084c00000, 0x0000000084c00000| Untracked 
|  77|0x0000000084d00000, 0x0000000084d00000, 0x0000000084e00000|  0%| F|  |TAMS 0x0000000084d00000, 0x0000000084d00000| Untracked 
|  78|0x0000000084e00000, 0x0000000084e00000, 0x0000000084f00000|  0%| F|  |TAMS 0x0000000084e00000, 0x0000000084e00000| Untracked 
|  79|0x0000000084f00000, 0x0000000084f00000, 0x0000000085000000|  0%| F|  |TAMS 0x0000000084f00000, 0x0000000084f00000| Untracked 
|  80|0x0000000085000000, 0x0000000085000000, 0x0000000085100000|  0%| F|  |TAMS 0x0000000085000000, 0x0000000085000000| Untracked 
|  81|0x0000000085100000, 0x0000000085100000, 0x0000000085200000|  0%| F|  |TAMS 0x0000000085100000, 0x0000000085100000| Untracked 
|  82|0x0000000085200000, 0x0000000085200000, 0x0000000085300000|  0%| F|  |TAMS 0x0000000085200000, 0x0000000085200000| Untracked 
|  83|0x0000000085300000, 0x0000000085300000, 0x0000000085400000|  0%| F|  |TAMS 0x0000000085300000, 0x0000000085300000| Untracked 
|  84|0x0000000085400000, 0x0000000085400000, 0x0000000085500000|  0%| F|  |TAMS 0x0000000085400000, 0x0000000085400000| Untracked 
|  85|0x0000000085500000, 0x0000000085500000, 0x0000000085600000|  0%| F|  |TAMS 0x0000000085500000, 0x0000000085500000| Untracked 
|  86|0x0000000085600000, 0x0000000085600000, 0x0000000085700000|  0%| F|  |TAMS 0x0000000085600000, 0x0000000085600000| Untracked 
|  87|0x0000000085700000, 0x0000000085700000, 0x0000000085800000|  0%| F|  |TAMS 0x0000000085700000, 0x0000000085700000| Untracked 
|  88|0x0000000085800000, 0x0000000085800000, 0x0000000085900000|  0%| F|  |TAMS 0x0000000085800000, 0x0000000085800000| Untracked 
|  89|0x0000000085900000, 0x0000000085900000, 0x0000000085a00000|  0%| F|  |TAMS 0x0000000085900000, 0x0000000085900000| Untracked 
|  90|0x0000000085a00000, 0x0000000085a00000, 0x0000000085b00000|  0%| F|  |TAMS 0x0000000085a00000, 0x0000000085a00000| Untracked 
|  91|0x0000000085b00000, 0x0000000085b00000, 0x0000000085c00000|  0%| F|  |TAMS 0x0000000085b00000, 0x0000000085b00000| Untracked 
|  92|0x0000000085c00000, 0x0000000085c00000, 0x0000000085d00000|  0%| F|  |TAMS 0x0000000085c00000, 0x0000000085c00000| Untracked 
|  93|0x0000000085d00000, 0x0000000085d00000, 0x0000000085e00000|  0%| F|  |TAMS 0x0000000085d00000, 0x0000000085d00000| Untracked 
|  94|0x0000000085e00000, 0x0000000085e00000, 0x0000000085f00000|  0%| F|  |TAMS 0x0000000085e00000, 0x0000000085e00000| Untracked 
|  95|0x0000000085f00000, 0x0000000085f00000, 0x0000000086000000|  0%| F|  |TAMS 0x0000000085f00000, 0x0000000085f00000| Untracked 
|  96|0x0000000086000000, 0x0000000086000000, 0x0000000086100000|  0%| F|  |TAMS 0x0000000086000000, 0x0000000086000000| Untracked 
|  97|0x0000000086100000, 0x0000000086100000, 0x0000000086200000|  0%| F|  |TAMS 0x0000000086100000, 0x0000000086100000| Untracked 
|  98|0x0000000086200000, 0x0000000086200000, 0x0000000086300000|  0%| F|  |TAMS 0x0000000086200000, 0x0000000086200000| Untracked 
|  99|0x0000000086300000, 0x0000000086300000, 0x0000000086400000|  0%| F|  |TAMS 0x0000000086300000, 0x0000000086300000| Untracked 
| 100|0x0000000086400000, 0x0000000086400000, 0x0000000086500000|  0%| F|  |TAMS 0x0000000086400000, 0x0000000086400000| Untracked 
| 101|0x0000000086500000, 0x000000008653b1c8, 0x0000000086600000| 23%| S|CS|TAMS 0x0000000086500000, 0x0000000086500000| Complete 
| 102|0x0000000086600000, 0x0000000086700000, 0x0000000086700000|100%| S|CS|TAMS 0x0000000086600000, 0x0000000086600000| Complete 
| 103|0x0000000086700000, 0x0000000086800000, 0x0000000086800000|100%| S|CS|TAMS 0x0000000086700000, 0x0000000086700000| Complete 
| 104|0x0000000086800000, 0x0000000086900000, 0x0000000086900000|100%| S|CS|TAMS 0x0000000086800000, 0x0000000086800000| Complete 
| 105|0x0000000086900000, 0x0000000086900000, 0x0000000086a00000|  0%| F|  |TAMS 0x0000000086900000, 0x0000000086900000| Untracked 
| 106|0x0000000086a00000, 0x0000000086a00000, 0x0000000086b00000|  0%| F|  |TAMS 0x0000000086a00000, 0x0000000086a00000| Untracked 
| 107|0x0000000086b00000, 0x0000000086b00000, 0x0000000086c00000|  0%| F|  |TAMS 0x0000000086b00000, 0x0000000086b00000| Untracked 
| 108|0x0000000086c00000, 0x0000000086c00000, 0x0000000086d00000|  0%| F|  |TAMS 0x0000000086c00000, 0x0000000086c00000| Untracked 
| 109|0x0000000086d00000, 0x0000000086d00000, 0x0000000086e00000|  0%| F|  |TAMS 0x0000000086d00000, 0x0000000086d00000| Untracked 
| 110|0x0000000086e00000, 0x0000000086e00000, 0x0000000086f00000|  0%| F|  |TAMS 0x0000000086e00000, 0x0000000086e00000| Untracked 
| 111|0x0000000086f00000, 0x0000000086f00000, 0x0000000087000000|  0%| F|  |TAMS 0x0000000086f00000, 0x0000000086f00000| Untracked 
| 112|0x0000000087000000, 0x0000000087000000, 0x0000000087100000|  0%| F|  |TAMS 0x0000000087000000, 0x0000000087000000| Untracked 
| 113|0x0000000087100000, 0x0000000087100000, 0x0000000087200000|  0%| F|  |TAMS 0x0000000087100000, 0x0000000087100000| Untracked 
| 114|0x0000000087200000, 0x0000000087200000, 0x0000000087300000|  0%| F|  |TAMS 0x0000000087200000, 0x0000000087200000| Untracked 
| 115|0x0000000087300000, 0x0000000087300000, 0x0000000087400000|  0%| F|  |TAMS 0x0000000087300000, 0x0000000087300000| Untracked 
| 116|0x0000000087400000, 0x0000000087400000, 0x0000000087500000|  0%| F|  |TAMS 0x0000000087400000, 0x0000000087400000| Untracked 
| 117|0x0000000087500000, 0x0000000087500000, 0x0000000087600000|  0%| F|  |TAMS 0x0000000087500000, 0x0000000087500000| Untracked 
| 118|0x0000000087600000, 0x0000000087600000, 0x0000000087700000|  0%| F|  |TAMS 0x0000000087600000, 0x0000000087600000| Untracked 
| 119|0x0000000087700000, 0x0000000087700000, 0x0000000087800000|  0%| F|  |TAMS 0x0000000087700000, 0x0000000087700000| Untracked 
| 120|0x0000000087800000, 0x0000000087800000, 0x0000000087900000|  0%| F|  |TAMS 0x0000000087800000, 0x0000000087800000| Untracked 
| 121|0x0000000087900000, 0x0000000087900000, 0x0000000087a00000|  0%| F|  |TAMS 0x0000000087900000, 0x0000000087900000| Untracked 
| 122|0x0000000087a00000, 0x0000000087a00000, 0x0000000087b00000|  0%| F|  |TAMS 0x0000000087a00000, 0x0000000087a00000| Untracked 
| 123|0x0000000087b00000, 0x0000000087b00000, 0x0000000087c00000|  0%| F|  |TAMS 0x0000000087b00000, 0x0000000087b00000| Untracked 
| 124|0x0000000087c00000, 0x0000000087c00000, 0x0000000087d00000|  0%| F|  |TAMS 0x0000000087c00000, 0x0000000087c00000| Untracked 
| 125|0x0000000087d00000, 0x0000000087d00000, 0x0000000087e00000|  0%| F|  |TAMS 0x0000000087d00000, 0x0000000087d00000| Untracked 
| 126|0x0000000087e00000, 0x0000000087e00000, 0x0000000087f00000|  0%| F|  |TAMS 0x0000000087e00000, 0x0000000087e00000| Untracked 
| 127|0x0000000087f00000, 0x0000000087f00000, 0x0000000088000000|  0%| F|  |TAMS 0x0000000087f00000, 0x0000000087f00000| Untracked 
| 128|0x0000000088000000, 0x0000000088000000, 0x0000000088100000|  0%| F|  |TAMS 0x0000000088000000, 0x0000000088000000| Untracked 
| 129|0x0000000088100000, 0x0000000088100000, 0x0000000088200000|  0%| F|  |TAMS 0x0000000088100000, 0x0000000088100000| Untracked 
| 130|0x0000000088200000, 0x0000000088200000, 0x0000000088300000|  0%| F|  |TAMS 0x0000000088200000, 0x0000000088200000| Untracked 
| 131|0x0000000088300000, 0x0000000088300000, 0x0000000088400000|  0%| F|  |TAMS 0x0000000088300000, 0x0000000088300000| Untracked 
| 132|0x0000000088400000, 0x0000000088400000, 0x0000000088500000|  0%| F|  |TAMS 0x0000000088400000, 0x0000000088400000| Untracked 
| 133|0x0000000088500000, 0x0000000088500000, 0x0000000088600000|  0%| F|  |TAMS 0x0000000088500000, 0x0000000088500000| Untracked 
| 134|0x0000000088600000, 0x0000000088600000, 0x0000000088700000|  0%| F|  |TAMS 0x0000000088600000, 0x0000000088600000| Untracked 
| 135|0x0000000088700000, 0x0000000088700000, 0x0000000088800000|  0%| F|  |TAMS 0x0000000088700000, 0x0000000088700000| Untracked 
| 136|0x0000000088800000, 0x0000000088800000, 0x0000000088900000|  0%| F|  |TAMS 0x0000000088800000, 0x0000000088800000| Untracked 
| 137|0x0000000088900000, 0x0000000088900000, 0x0000000088a00000|  0%| F|  |TAMS 0x0000000088900000, 0x0000000088900000| Untracked 
| 138|0x0000000088a00000, 0x0000000088a00000, 0x0000000088b00000|  0%| F|  |TAMS 0x0000000088a00000, 0x0000000088a00000| Untracked 
| 139|0x0000000088b00000, 0x0000000088b00000, 0x0000000088c00000|  0%| F|  |TAMS 0x0000000088b00000, 0x0000000088b00000| Untracked 
| 140|0x0000000088c00000, 0x0000000088c00000, 0x0000000088d00000|  0%| F|  |TAMS 0x0000000088c00000, 0x0000000088c00000| Untracked 
| 141|0x0000000088d00000, 0x0000000088d00000, 0x0000000088e00000|  0%| F|  |TAMS 0x0000000088d00000, 0x0000000088d00000| Untracked 
| 142|0x0000000088e00000, 0x0000000088e00000, 0x0000000088f00000|  0%| F|  |TAMS 0x0000000088e00000, 0x0000000088e00000| Untracked 
| 143|0x0000000088f00000, 0x0000000088f00000, 0x0000000089000000|  0%| F|  |TAMS 0x0000000088f00000, 0x0000000088f00000| Untracked 
| 144|0x0000000089000000, 0x0000000089000000, 0x0000000089100000|  0%| F|  |TAMS 0x0000000089000000, 0x0000000089000000| Untracked 
| 145|0x0000000089100000, 0x0000000089100000, 0x0000000089200000|  0%| F|  |TAMS 0x0000000089100000, 0x0000000089100000| Untracked 
| 146|0x0000000089200000, 0x0000000089200000, 0x0000000089300000|  0%| F|  |TAMS 0x0000000089200000, 0x0000000089200000| Untracked 
| 147|0x0000000089300000, 0x0000000089300000, 0x0000000089400000|  0%| F|  |TAMS 0x0000000089300000, 0x0000000089300000| Untracked 
| 148|0x0000000089400000, 0x0000000089400000, 0x0000000089500000|  0%| F|  |TAMS 0x0000000089400000, 0x0000000089400000| Untracked 
| 149|0x0000000089500000, 0x0000000089500000, 0x0000000089600000|  0%| F|  |TAMS 0x0000000089500000, 0x0000000089500000| Untracked 
| 150|0x0000000089600000, 0x0000000089600000, 0x0000000089700000|  0%| F|  |TAMS 0x0000000089600000, 0x0000000089600000| Untracked 
| 151|0x0000000089700000, 0x0000000089700000, 0x0000000089800000|  0%| F|  |TAMS 0x0000000089700000, 0x0000000089700000| Untracked 
| 152|0x0000000089800000, 0x0000000089800000, 0x0000000089900000|  0%| F|  |TAMS 0x0000000089800000, 0x0000000089800000| Untracked 
| 153|0x0000000089900000, 0x0000000089900000, 0x0000000089a00000|  0%| F|  |TAMS 0x0000000089900000, 0x0000000089900000| Untracked 

Card table byte_map: [0x00000262b2ed0000,0x00000262b32d0000] _byte_map_base: 0x00000262b2ad0000

Marking Bits (Prev, Next): (CMBitMap*) 0x000002629fff0e78, (CMBitMap*) 0x000002629fff0eb0
 Prev Bits: [0x00000262b36d0000, 0x00000262b56d0000)
 Next Bits: [0x00000262b56d0000, 0x00000262b76d0000)

Polling page: 0x000002629df40000

Metaspace:

Usage:
  Non-class:     43.39 MB capacity,    42.49 MB ( 98%) used,   794.96 KB (  2%) free+waste,   130.94 KB ( <1%) overhead. 
      Class:      6.74 MB capacity,     6.23 MB ( 93%) used,   452.95 KB (  7%) free+waste,    63.63 KB ( <1%) overhead. 
       Both:     50.13 MB capacity,    48.72 MB ( 97%) used,     1.22 MB (  2%) free+waste,   194.56 KB ( <1%) overhead. 

Virtual space:
  Non-class space:       44.00 MB reserved,      43.42 MB ( 99%) committed 
      Class space:        1.00 GB reserved,       6.75 MB ( <1%) committed 
             Both:        1.04 GB reserved,      50.17 MB (  5%) committed 

Chunk freelists:
   Non-Class:  33.00 KB
       Class:  15.00 KB
        Both:  48.00 KB

MaxMetaspaceSize: 17179869184.00 GB
CompressedClassSpaceSize: 1.00 GB
Initial GC threshold: 20.80 MB
Current GC threshold: 58.41 MB
CDS: off

CodeHeap 'non-profiled nmethods': size=120064Kb used=2714Kb max_used=2714Kb free=117349Kb
 bounds [0x00000262ab590000, 0x00000262ab840000, 0x00000262b2ad0000]
CodeHeap 'profiled nmethods': size=120000Kb used=9746Kb max_used=9746Kb free=110254Kb
 bounds [0x00000262a4060000, 0x00000262a49f0000, 0x00000262ab590000]
CodeHeap 'non-nmethods': size=5696Kb used=2289Kb max_used=2341Kb free=3406Kb
 bounds [0x00000262a3ad0000, 0x00000262a3d40000, 0x00000262a4060000]
 total_blobs=5248 nmethods=4462 adapters=698
 compilation: enabled
              stopped_count=0, restarted_count=0
 full_count=0

Compilation events (20 events):
Event: 14.674 Thread 0x00000262b9be9000 4475       3       java.lang.invoke.MethodHandles$Lookup::getDirectMethodForConstant (72 bytes)
Event: 14.676 Thread 0x00000262b9be9000 nmethod 4475 0x00000262a49dc110 code [0x00000262a49dc4a0, 0x00000262a49ddac8]
Event: 14.696 Thread 0x00000262b9be9000 4476       3       java.util.stream.Collectors$CollectorImpl::<init> (13 bytes)
Event: 14.696 Thread 0x00000262b9be9000 nmethod 4476 0x00000262a49de290 code [0x00000262a49de480, 0x00000262a49de9b8]
Event: 14.702 Thread 0x00000262b9be9000 4477       1       org.gradle.internal.typeconversion.TypeInfo::getTargetType (5 bytes)
Event: 14.702 Thread 0x00000262b9be9000 nmethod 4477 0x00000262ab836190 code [0x00000262ab836340, 0x00000262ab8363f8]
Event: 14.706 Thread 0x00000262b9be9000 4478       3       org.gradle.internal.instantiation.generator.AsmBackedClassGenerator::getServicesForNext (13 bytes)
Event: 14.706 Thread 0x00000262b9be9000 nmethod 4478 0x00000262a49deb90 code [0x00000262a49ded60, 0x00000262a49defe8]
Event: 14.708 Thread 0x00000262b9be9000 4479       3       java.net.URI::match (56 bytes)
Event: 14.708 Thread 0x00000262b9be9000 nmethod 4479 0x00000262a49df110 code [0x00000262a49df2c0, 0x00000262a49df578]
Event: 14.892 Thread 0x00000262b9be9000 4482       3       java.util.regex.Pattern::range (292 bytes)
Event: 14.896 Thread 0x00000262b9be9000 nmethod 4482 0x00000262a49df610 code [0x00000262a49dfac0, 0x00000262a49e1d48]
Event: 14.915 Thread 0x00000262b9be9000 4483       3       java.lang.invoke.Invokers$Holder::linkToTargetMethod (11 bytes)
Event: 14.915 Thread 0x00000262b9be9000 nmethod 4483 0x00000262a49e2910 code [0x00000262a49e2ae0, 0x00000262a49e2f18]
Event: 14.915 Thread 0x00000262b9be9000 4484       3       java.lang.invoke.DirectMethodHandle$Holder::invokeStatic (18 bytes)
Event: 14.915 Thread 0x00000262b9be9000 nmethod 4484 0x00000262a49e3010 code [0x00000262a49e31e0, 0x00000262a49e3738]
Event: 14.967 Thread 0x00000262b9be9000 4485   !   3       java.lang.Class::desiredAssertionStatus (54 bytes)
Event: 14.968 Thread 0x00000262b9be9000 nmethod 4485 0x00000262a49e3890 code [0x00000262a49e3aa0, 0x00000262a49e4058]
Event: 14.976 Thread 0x00000262b9be9000 4487       3       com.esotericsoftware.kryo.io.Input::readUtf8Length (139 bytes)
Event: 14.976 Thread 0x00000262b9be9000 nmethod 4487 0x00000262a49e4210 code [0x00000262a49e43e0, 0x00000262a49e46f8]

GC Heap History (19 events):
Event: 0.774 GC heap before
{Heap before GC invocations=0 (full 0):
 garbage-first heap   total 131072K, used 17408K [0x0000000080000000, 0x0000000100000000)
  region size 1024K, 14 young (14336K), 0 survivors (0K)
 Metaspace       used 6723K, capacity 6925K, committed 7168K, reserved 1056768K
  class space    used 572K, capacity 650K, committed 768K, reserved 1048576K
}
Event: 0.779 GC heap after
{Heap after GC invocations=1 (full 0):
 garbage-first heap   total 131072K, used 4732K [0x0000000080000000, 0x0000000100000000)
  region size 1024K, 2 young (2048K), 2 survivors (2048K)
 Metaspace       used 6723K, capacity 6925K, committed 7168K, reserved 1056768K
  class space    used 572K, capacity 650K, committed 768K, reserved 1048576K
}
Event: 1.378 GC heap before
{Heap before GC invocations=1 (full 0):
 garbage-first heap   total 131072K, used 20092K [0x0000000080000000, 0x0000000100000000)
  region size 1024K, 14 young (14336K), 2 survivors (2048K)
 Metaspace       used 9886K, capacity 10118K, committed 10368K, reserved 1058816K
  class space    used 1011K, capacity 1102K, committed 1152K, reserved 1048576K
}
Event: 1.385 GC heap after
{Heap after GC invocations=2 (full 0):
 garbage-first heap   total 131072K, used 9651K [0x0000000080000000, 0x0000000100000000)
  region size 1024K, 2 young (2048K), 2 survivors (2048K)
 Metaspace       used 9886K, capacity 10118K, committed 10368K, reserved 1058816K
  class space    used 1011K, capacity 1102K, committed 1152K, reserved 1048576K
}
Event: 2.329 GC heap before
{Heap before GC invocations=2 (full 0):
 garbage-first heap   total 131072K, used 39347K [0x0000000080000000, 0x0000000100000000)
  region size 1024K, 31 young (31744K), 2 survivors (2048K)
 Metaspace       used 10870K, capacity 11074K, committed 11264K, reserved 1058816K
  class space    used 1112K, capacity 1207K, committed 1280K, reserved 1048576K
}
Event: 2.336 GC heap after
{Heap after GC invocations=3 (full 0):
 garbage-first heap   total 131072K, used 12772K [0x0000000080000000, 0x0000000100000000)
  region size 1024K, 4 young (4096K), 4 survivors (4096K)
 Metaspace       used 10870K, capacity 11074K, committed 11264K, reserved 1058816K
  class space    used 1112K, capacity 1207K, committed 1280K, reserved 1048576K
}
Event: 5.475 GC heap before
{Heap before GC invocations=3 (full 0):
 garbage-first heap   total 131072K, used 54756K [0x0000000080000000, 0x0000000100000000)
  region size 1024K, 46 young (47104K), 4 survivors (4096K)
 Metaspace       used 18027K, capacity 18437K, committed 18688K, reserved 1064960K
  class space    used 2094K, capacity 2226K, committed 2304K, reserved 1048576K
}
Event: 5.501 GC heap after
{Heap after GC invocations=4 (full 0):
 garbage-first heap   total 131072K, used 16538K [0x0000000080000000, 0x0000000100000000)
  region size 1024K, 6 young (6144K), 6 survivors (6144K)
 Metaspace       used 18027K, capacity 18437K, committed 18688K, reserved 1064960K
  class space    used 2094K, capacity 2226K, committed 2304K, reserved 1048576K
}
Event: 5.903 GC heap before
{Heap before GC invocations=4 (full 0):
 garbage-first heap   total 131072K, used 42138K [0x0000000080000000, 0x0000000100000000)
  region size 1024K, 32 young (32768K), 6 survivors (6144K)
 Metaspace       used 20737K, capacity 21153K, committed 21296K, reserved 1069056K
  class space    used 2509K, capacity 2663K, committed 2688K, reserved 1048576K
}
Event: 5.913 GC heap after
{Heap after GC invocations=5 (full 0):
 garbage-first heap   total 157696K, used 17655K [0x0000000080000000, 0x0000000100000000)
  region size 1024K, 6 young (6144K), 6 survivors (6144K)
 Metaspace       used 20737K, capacity 21153K, committed 21296K, reserved 1069056K
  class space    used 2509K, capacity 2663K, committed 2688K, reserved 1048576K
}
Event: 7.434 GC heap before
{Heap before GC invocations=6 (full 0):
 garbage-first heap   total 157696K, used 82167K [0x0000000080000000, 0x0000000100000000)
  region size 1024K, 65 young (66560K), 6 survivors (6144K)
 Metaspace       used 27035K, capacity 27793K, committed 28080K, reserved 1073152K
  class space    used 3518K, capacity 3800K, committed 3840K, reserved 1048576K
}
Event: 7.450 GC heap after
{Heap after GC invocations=7 (full 0):
 garbage-first heap   total 157696K, used 26375K [0x0000000080000000, 0x0000000100000000)
  region size 1024K, 5 young (5120K), 5 survivors (5120K)
 Metaspace       used 27035K, capacity 27793K, committed 28080K, reserved 1073152K
  class space    used 3518K, capacity 3800K, committed 3840K, reserved 1048576K
}
Event: 9.874 GC heap before
{Heap before GC invocations=7 (full 0):
 garbage-first heap   total 157696K, used 115463K [0x0000000080000000, 0x0000000100000000)
  region size 1024K, 80 young (81920K), 5 survivors (5120K)
 Metaspace       used 34608K, capacity 35512K, committed 35632K, reserved 1079296K
  class space    used 4579K, capacity 4923K, committed 4992K, reserved 1048576K
}
Event: 9.905 GC heap after
{Heap after GC invocations=8 (full 0):
 garbage-first heap   total 157696K, used 46839K [0x0000000080000000, 0x0000000100000000)
  region size 1024K, 11 young (11264K), 11 survivors (11264K)
 Metaspace       used 34608K, capacity 35512K, committed 35632K, reserved 1079296K
  class space    used 4579K, capacity 4923K, committed 4992K, reserved 1048576K
}
Event: 11.494 GC heap before
{Heap before GC invocations=9 (full 0):
 garbage-first heap   total 157696K, used 117495K [0x0000000080000000, 0x0000000100000000)
  region size 1024K, 78 young (79872K), 11 survivors (11264K)
 Metaspace       used 42474K, capacity 43626K, committed 43952K, reserved 1087488K
  class space    used 5388K, capacity 5812K, committed 5888K, reserved 1048576K
}
Event: 11.516 GC heap after
{Heap after GC invocations=10 (full 0):
 garbage-first heap   total 157696K, used 52537K [0x0000000080000000, 0x0000000100000000)
  region size 1024K, 6 young (6144K), 6 survivors (6144K)
 Metaspace       used 42474K, capacity 43626K, committed 43952K, reserved 1087488K
  class space    used 5388K, capacity 5812K, committed 5888K, reserved 1048576K
}
Event: 13.035 GC heap before
{Heap before GC invocations=10 (full 0):
 garbage-first heap   total 157696K, used 130361K [0x0000000080000000, 0x0000000100000000)
  region size 1024K, 70 young (71680K), 6 survivors (6144K)
 Metaspace       used 46293K, capacity 47538K, committed 47792K, reserved 1091584K
  class space    used 5801K, capacity 6273K, committed 6400K, reserved 1048576K
}
Event: 13.058 GC heap after
{Heap after GC invocations=11 (full 0):
 garbage-first heap   total 157696K, used 71074K [0x0000000080000000, 0x0000000100000000)
  region size 1024K, 7 young (7168K), 7 survivors (7168K)
 Metaspace       used 46293K, capacity 47538K, committed 47792K, reserved 1091584K
  class space    used 5801K, capacity 6273K, committed 6400K, reserved 1048576K
}
Event: 15.002 GC heap before
{Heap before GC invocations=11 (full 0):
 garbage-first heap   total 157696K, used 126370K [0x0000000080000000, 0x0000000100000000)
  region size 1024K, 56 young (57344K), 7 survivors (7168K)
 Metaspace       used 49885K, capacity 51328K, committed 51376K, reserved 1093632K
  class space    used 6380K, capacity 6897K, committed 6912K, reserved 1048576K
}

Deoptimization events (20 events):
Event: 14.658 Thread 0x00000262bc718000 Uncommon trap: trap_request=0xffffffc6 fr.pc=0x00000262ab6c2820 relative=0x0000000000000240
Event: 14.658 Thread 0x00000262bc718000 Uncommon trap: reason=bimorphic_or_optimized_type_check action=maybe_recompile pc=0x00000262ab6c2820 method=com.google.common.base.CharMatcher.indexIn(Ljava/lang/CharSequence;I)I @ 31 c2
Event: 14.658 Thread 0x00000262bc718000 DEOPT PACKING pc=0x00000262ab6c2820 sp=0x0000006c1ddf7470
Event: 14.658 Thread 0x00000262bc718000 DEOPT UNPACKING pc=0x00000262a3b1a1af sp=0x0000006c1ddf7418 mode 2
Event: 14.658 Thread 0x00000262bc718000 Uncommon trap: trap_request=0xffffffc6 fr.pc=0x00000262ab6c2820 relative=0x0000000000000240
Event: 14.658 Thread 0x00000262bc718000 Uncommon trap: reason=bimorphic_or_optimized_type_check action=maybe_recompile pc=0x00000262ab6c2820 method=com.google.common.base.CharMatcher.indexIn(Ljava/lang/CharSequence;I)I @ 31 c2
Event: 14.658 Thread 0x00000262bc718000 DEOPT PACKING pc=0x00000262ab6c2820 sp=0x0000006c1ddf7470
Event: 14.658 Thread 0x00000262bc718000 DEOPT UNPACKING pc=0x00000262a3b1a1af sp=0x0000006c1ddf7418 mode 2
Event: 14.683 Thread 0x00000262bc718000 Uncommon trap: trap_request=0xffffffc6 fr.pc=0x00000262ab6c2820 relative=0x0000000000000240
Event: 14.683 Thread 0x00000262bc718000 Uncommon trap: reason=bimorphic_or_optimized_type_check action=maybe_recompile pc=0x00000262ab6c2820 method=com.google.common.base.CharMatcher.indexIn(Ljava/lang/CharSequence;I)I @ 31 c2
Event: 14.683 Thread 0x00000262bc718000 DEOPT PACKING pc=0x00000262ab6c2820 sp=0x0000006c1ddf8dc0
Event: 14.683 Thread 0x00000262bc718000 DEOPT UNPACKING pc=0x00000262a3b1a1af sp=0x0000006c1ddf8d68 mode 2
Event: 14.707 Thread 0x00000262bc718000 Uncommon trap: trap_request=0xffffff4d fr.pc=0x00000262ab5f1e00 relative=0x00000000000001c0
Event: 14.707 Thread 0x00000262bc718000 Uncommon trap: reason=unstable_if action=reinterpret pc=0x00000262ab5f1e00 method=java.net.URI$Parser.scan(IILjava/lang/String;)I @ 26 c2
Event: 14.707 Thread 0x00000262bc718000 DEOPT PACKING pc=0x00000262ab5f1e00 sp=0x0000006c1ddf8290
Event: 14.708 Thread 0x00000262bc718000 DEOPT UNPACKING pc=0x00000262a3b1a1af sp=0x0000006c1ddf8220 mode 2
Event: 14.708 Thread 0x00000262bc718000 Uncommon trap: trap_request=0xffffff4d fr.pc=0x00000262ab6f3044 relative=0x00000000000000a4
Event: 14.708 Thread 0x00000262bc718000 Uncommon trap: reason=unstable_if action=reinterpret pc=0x00000262ab6f3044 method=java.net.URI.match(CJJ)Z @ 45 c2
Event: 14.708 Thread 0x00000262bc718000 DEOPT PACKING pc=0x00000262ab6f3044 sp=0x0000006c1ddf7f40
Event: 14.708 Thread 0x00000262bc718000 DEOPT UNPACKING pc=0x00000262a3b1a1af sp=0x0000006c1ddf7ec8 mode 2

Classes redefined (0 events):
No events

Internal exceptions (20 events):
Event: 13.410 Thread 0x00000262bc718000 Exception <a 'java/lang/ClassNotFoundException'{0x0000000088ac13c0}: org/gradle/api/internal/project/DefaultProject_DecoratedBeanInfo> (0x0000000088ac13c0) thrown at [./src/hotspot/share/classfile/systemDictionary.cpp, line 231]
Event: 13.411 Thread 0x00000262bc718000 Exception <a 'java/lang/ClassNotFoundException'{0x0000000088adb0d8}: org/gradle/api/internal/project/DefaultProjectBeanInfo> (0x0000000088adb0d8) thrown at [./src/hotspot/share/classfile/systemDictionary.cpp, line 231]
Event: 13.412 Thread 0x00000262bc718000 Exception <a 'java/lang/ClassNotFoundException'{0x0000000088af4e38}: org/gradle/api/internal/project/DefaultProjectCustomizer> (0x0000000088af4e38) thrown at [./src/hotspot/share/classfile/systemDictionary.cpp, line 231]
Event: 13.435 Thread 0x00000262bc718000 Exception <a 'java/lang/ClassNotFoundException'{0x00000000889a36e8}: org/gradle/api/internal/project/DefaultProject_DecoratedCustomizer> (0x00000000889a36e8) thrown at [./src/hotspot/share/classfile/systemDictionary.cpp, line 231]
Event: 13.746 Thread 0x00000262bc718000 Exception <a 'java/lang/NoSuchMethodError'{0x00000000882f8228}: 'java.lang.Object java.lang.invoke.DelegatingMethodHandle$Holder.reinvoke_L(java.lang.Object, java.lang.Object, java.lang.Object, java.lang.Object, java.lang.Object, java.lang.Object, java.lang.Object, java.lang.Object, java.lang.Object, java.lang.Object, java.lang.Object, java.lang.Object, java.lang.Object, java.lang.Object, java.lang.Object, java.lang.Object, java.lang.Object, java.lang.Object, java.lang.Object, java.lang.Object, java.lang.O
Event: 13.754 Thread 0x00000262bc718000 Exception <a 'java/lang/NoSuchMethodError'{0x00000000881053f0}: 'java.lang.Object java.lang.invoke.Invokers$Holder.invoker(java.lang.Object, java.lang.Object, java.lang.Object, java.lang.Object, java.lang.Object, java.lang.Object, java.lang.Object, java.lang.Object, java.lang.Object, java.lang.Object, java.lang.Object, java.lang.Object, java.lang.Object, java.lang.Object, java.lang.Object, java.lang.Object, java.lang.Object, java.lang.Object, java.lang.Object, java.lang.Object, java.lang.Object)'> (0x00000
Event: 13.754 Thread 0x00000262bc718000 Exception <a 'java/lang/NoSuchMethodError'{0x000000008810cf58}: 'java.lang.Object java.lang.invoke.DelegatingMethodHandle$Holder.delegate(java.lang.Object, java.lang.Object, java.lang.Object, java.lang.Object, java.lang.Object, java.lang.Object, java.lang.Object, java.lang.Object, java.lang.Object, java.lang.Object, java.lang.Object, java.lang.Object, java.lang.Object, java.lang.Object, java.lang.Object, java.lang.Object, java.lang.Object, java.lang.Object, java.lang.Object, java.lang.Object, java.lang.Obj
Event: 13.785 Thread 0x00000262bc718000 Exception <a 'java/lang/NoSuchMethodError'{0x0000000088156460}: 'java.lang.Object java.lang.invoke.DirectMethodHandle$Holder.invokeStatic(java.lang.Object, java.lang.Object, java.lang.Object, java.lang.Object, java.lang.Object, java.lang.Object, java.lang.Object, java.lang.Object, java.lang.Object, java.lang.Object, java.lang.Object, java.lang.Object, java.lang.Object, java.lang.Object, java.lang.Object)'> (0x0000000088156460) thrown at [./src/hotspot/share/interpreter/linkResolver.cpp, line 773]
Event: 13.803 Thread 0x00000262bc718000 Exception <a 'java/lang/NoSuchMethodError'{0x0000000088167538}: 'java.lang.Object java.lang.invoke.DirectMethodHandle$Holder.invokeStatic(java.lang.Object, java.lang.Object, java.lang.Object, java.lang.Object, java.lang.Object, java.lang.Object, java.lang.Object, java.lang.Object, java.lang.Object, java.lang.Object, java.lang.Object, java.lang.Object, java.lang.Object, java.lang.Object, java.lang.Object, java.lang.Object)'> (0x0000000088167538) thrown at [./src/hotspot/share/interpreter/linkResolver.cpp, l
Event: 13.816 Thread 0x00000262bc718000 Exception <a 'java/lang/NoSuchMethodError'{0x0000000088178520}: 'java.lang.Object java.lang.invoke.DelegatingMethodHandle$Holder.reinvoke_L(java.lang.Object, java.lang.Object, java.lang.Object, java.lang.Object, java.lang.Object, java.lang.Object, java.lang.Object, java.lang.Object, java.lang.Object, java.lang.Object, java.lang.Object, java.lang.Object, java.lang.Object, java.lang.Object, java.lang.Object, java.lang.Object, java.lang.Object, java.lang.Object, java.lang.Object, java.lang.Object)'> (0x000000
Event: 14.389 Thread 0x00000262bc718000 Implicit null exception at 0x00000262ab680e74 to 0x00000262ab681084
Event: 14.389 Thread 0x00000262bc718000 Implicit null exception at 0x00000262ab5b9678 to 0x00000262ab5b970a
Event: 14.615 Thread 0x00000262bc718000 Exception <a 'java/lang/ClassNotFoundException'{0x000000008779c170}: build_aqzzjaedlwfkccv0m81zcgt7sBeanInfo> (0x000000008779c170) thrown at [./src/hotspot/share/classfile/systemDictionary.cpp, line 231]
Event: 14.616 Thread 0x00000262bc718000 Exception <a 'java/lang/ClassNotFoundException'{0x00000000877b37d0}: org/gradle/api/internal/project/ProjectScriptBeanInfo> (0x00000000877b37d0) thrown at [./src/hotspot/share/classfile/systemDictionary.cpp, line 231]
Event: 14.616 Thread 0x00000262bc718000 Exception <a 'java/lang/ClassNotFoundException'{0x00000000877cb000}: org/gradle/api/internal/project/ProjectScriptCustomizer> (0x00000000877cb000) thrown at [./src/hotspot/share/classfile/systemDictionary.cpp, line 231]
Event: 14.618 Thread 0x00000262bc718000 Exception <a 'java/lang/ClassNotFoundException'{0x00000000877e7178}: build_aqzzjaedlwfkccv0m81zcgt7sCustomizer> (0x00000000877e7178) thrown at [./src/hotspot/share/classfile/systemDictionary.cpp, line 231]
Event: 14.635 Thread 0x00000262bc718000 Exception <a 'java/lang/ClassNotFoundException'{0x000000008766fea0}: org/gradle/plugin/use/internal/PluginRequestCollector$PluginDependenciesSpecImplBeanInfo> (0x000000008766fea0) thrown at [./src/hotspot/share/classfile/systemDictionary.cpp, line 231]
Event: 14.636 Thread 0x00000262bc718000 Exception <a 'java/lang/ClassNotFoundException'{0x00000000876a0590}: org/gradle/plugin/use/internal/PluginRequestCollector$PluginDependenciesSpecImplCustomizer> (0x00000000876a0590) thrown at [./src/hotspot/share/classfile/systemDictionary.cpp, line 231]
Event: 14.646 Thread 0x00000262bc718000 Exception <a 'java/lang/ClassNotFoundException'{0x0000000087505010}: org/gradle/plugin/use/internal/PluginRequestCollector$PluginDependencySpecImplBeanInfo> (0x0000000087505010) thrown at [./src/hotspot/share/classfile/systemDictionary.cpp, line 231]
Event: 14.647 Thread 0x00000262bc718000 Exception <a 'java/lang/ClassNotFoundException'{0x0000000087533710}: org/gradle/plugin/use/internal/PluginRequestCollector$PluginDependencySpecImplCustomizer> (0x0000000087533710) thrown at [./src/hotspot/share/classfile/systemDictionary.cpp, line 231]

Events (20 events):
Event: 14.960 loading class org/gradle/internal/component/external/model/AbstractMutableModuleComponentResolveMetadata done
Event: 14.962 loading class org/gradle/internal/component/external/model/MutableComponentVariant
Event: 14.962 loading class org/gradle/internal/component/external/model/MutableComponentVariant done
Event: 14.963 loading class org/gradle/internal/component/external/model/maven/MavenModuleResolveMetadata
Event: 14.963 loading class org/gradle/internal/component/external/model/maven/MavenModuleResolveMetadata done
Event: 14.964 loading class org/gradle/internal/component/external/model/VariantMetadataRules
Event: 14.964 loading class org/gradle/internal/component/external/model/VariantMetadataRules done
Event: 14.965 loading class org/gradle/api/capabilities/MutableCapabilitiesMetadata
Event: 14.965 loading class org/gradle/api/capabilities/MutableCapabilitiesMetadata done
Event: 14.966 loading class org/gradle/internal/component/external/model/VariantMetadataRules$ImmutableRules
Event: 14.966 loading class org/gradle/internal/component/external/model/VariantMetadataRules$ImmutableRules done
Event: 14.966 loading class org/gradle/internal/component/model/MutableModuleSources
Event: 14.966 loading class org/gradle/internal/component/model/MutableModuleSources done
Event: 14.968 loading class org/gradle/api/internal/artifacts/ivyservice/ivyresolve/parser/GradlePomModuleDescriptorBuilder
Event: 14.968 loading class org/gradle/api/internal/artifacts/ivyservice/ivyresolve/parser/GradlePomModuleDescriptorBuilder done
Event: 14.971 loading class org/gradle/api/internal/artifacts/ivyservice/ivyresolve/parser/data/PomDependencyMgt
Event: 14.971 loading class org/gradle/api/internal/artifacts/ivyservice/ivyresolve/parser/data/PomDependencyMgt done
Event: 14.976 loading class org/gradle/api/internal/artifacts/ivyservice/ivyresolve/ModuleDescriptorHashModuleSource
Event: 14.976 loading class org/gradle/api/internal/artifacts/ivyservice/ivyresolve/ModuleDescriptorHashModuleSource done
Event: 15.001 Executing VM operation: G1CollectForAllocation


Dynamic libraries:
0x00007ff742150000 - 0x00007ff74215a000 	C:\Program Files\Android\Android Studio\jre\bin\java.exe
0x00007ff8f8710000 - 0x00007ff8f8908000 	C:\Windows\SYSTEM32\ntdll.dll
0x00007ff8f7230000 - 0x00007ff8f72ef000 	C:\Windows\System32\KERNEL32.DLL
0x00007ff8f62a0000 - 0x00007ff8f6596000 	C:\Windows\System32\KERNELBASE.dll
0x00007ff8f5f10000 - 0x00007ff8f6010000 	C:\Windows\System32\ucrtbase.dll
0x00007ff8e3330000 - 0x00007ff8e3347000 	C:\Program Files\Android\Android Studio\jre\bin\VCRUNTIME140.dll
0x00007ff8de4c0000 - 0x00007ff8de4d9000 	C:\Program Files\Android\Android Studio\jre\bin\jli.dll
0x00007ff8f73a0000 - 0x00007ff8f753d000 	C:\Windows\System32\USER32.dll
0x00007ff8f6010000 - 0x00007ff8f6032000 	C:\Windows\System32\win32u.dll
0x00007ff8f8380000 - 0x00007ff8f83ac000 	C:\Windows\System32\GDI32.dll
0x00007ff8f5df0000 - 0x00007ff8f5f05000 	C:\Windows\System32\gdi32full.dll
0x00007ff8e3590000 - 0x00007ff8e382a000 	C:\Windows\WinSxS\amd64_microsoft.windows.common-controls_6595b64144ccf1df_6.0.19041.1110_none_60b5254171f9507e\COMCTL32.dll
0x00007ff8f65a0000 - 0x00007ff8f663d000 	C:\Windows\System32\msvcp_win.dll
0x00007ff8f80b0000 - 0x00007ff8f814e000 	C:\Windows\System32\msvcrt.dll
0x00007ff8f86a0000 - 0x00007ff8f86d0000 	C:\Windows\System32\IMM32.DLL
0x00007ff8dd930000 - 0x00007ff8dd9cd000 	C:\Program Files\Android\Android Studio\jre\bin\msvcp140.dll
0x00007ff8b0110000 - 0x00007ff8b0c12000 	C:\Program Files\Android\Android Studio\jre\bin\server\jvm.dll
0x00007ff8f72f0000 - 0x00007ff8f739f000 	C:\Windows\System32\ADVAPI32.dll
0x00007ff8f84e0000 - 0x00007ff8f857c000 	C:\Windows\System32\sechost.dll
0x00007ff8f83b0000 - 0x00007ff8f84d6000 	C:\Windows\System32\RPCRT4.dll
0x00007ff8f85e0000 - 0x00007ff8f85e8000 	C:\Windows\System32\PSAPI.DLL
0x00007ff8e2d20000 - 0x00007ff8e2d47000 	C:\Windows\SYSTEM32\WINMM.dll
0x00007ff8f0910000 - 0x00007ff8f0919000 	C:\Windows\SYSTEM32\WSOCK32.dll
0x00007ff8e3830000 - 0x00007ff8e383a000 	C:\Windows\SYSTEM32\VERSION.dll
0x00007ff8f7730000 - 0x00007ff8f779b000 	C:\Windows\System32\WS2_32.dll
0x00007ff8f3d20000 - 0x00007ff8f3d32000 	C:\Windows\SYSTEM32\kernel.appcore.dll
0x00007ff8efad0000 - 0x00007ff8efae1000 	C:\Program Files\Android\Android Studio\jre\bin\verify.dll
0x00007ff8e1860000 - 0x00007ff8e1a44000 	C:\Windows\SYSTEM32\DBGHELP.DLL
0x00007ff8e2600000 - 0x00007ff8e2634000 	C:\Windows\SYSTEM32\dbgcore.DLL
0x00007ff8f66b0000 - 0x00007ff8f6732000 	C:\Windows\System32\bcryptPrimitives.dll
0x00007ff8eede0000 - 0x00007ff8eee09000 	C:\Program Files\Android\Android Studio\jre\bin\java.dll
0x00007ff8eedd0000 - 0x00007ff8eeddb000 	C:\Program Files\Android\Android Studio\jre\bin\jimage.dll
0x00007ff8eed50000 - 0x00007ff8eed68000 	C:\Program Files\Android\Android Studio\jre\bin\zip.dll
0x00007ff8f6840000 - 0x00007ff8f6f84000 	C:\Windows\System32\SHELL32.dll
0x00007ff8f3e90000 - 0x00007ff8f4623000 	C:\Windows\SYSTEM32\windows.storage.dll
0x00007ff8f7d50000 - 0x00007ff8f80a4000 	C:\Windows\System32\combase.dll
0x00007ff8f5830000 - 0x00007ff8f585e000 	C:\Windows\SYSTEM32\Wldp.dll
0x00007ff8f8150000 - 0x00007ff8f81fd000 	C:\Windows\System32\SHCORE.dll
0x00007ff8f7540000 - 0x00007ff8f7595000 	C:\Windows\System32\shlwapi.dll
0x00007ff8f5d20000 - 0x00007ff8f5d45000 	C:\Windows\SYSTEM32\profapi.dll
0x00007ff8eec00000 - 0x00007ff8eec1a000 	C:\Program Files\Android\Android Studio\jre\bin\net.dll
0x00007ff8e98c0000 - 0x00007ff8e99ca000 	C:\Windows\SYSTEM32\WINHTTP.dll
0x00007ff8f5590000 - 0x00007ff8f55fa000 	C:\Windows\system32\mswsock.dll
0x00007ff8eebe0000 - 0x00007ff8eebf4000 	C:\Program Files\Android\Android Studio\jre\bin\nio.dll
0x00007ff8de630000 - 0x00007ff8de657000 	C:\Users\hp\.gradle\native\e1d6ef7f7dcc3fd88c89a11ec53ec762bb8ba0a96d01ffa2cd45eb1d1d8dd5c5\windows-amd64\native-platform.dll
0x00007ff8db4e0000 - 0x00007ff8db624000 	C:\Users\hp\.gradle\native\0d407fdbe67a94daf76414ababcb853783967236a71b16ec16e742cd7a986fd3\windows-amd64\native-platform-file-events.dll
0x00007ff8eedc0000 - 0x00007ff8eedca000 	C:\Program Files\Android\Android Studio\jre\bin\management.dll
0x00007ff8eebd0000 - 0x00007ff8eebdd000 	C:\Program Files\Android\Android Studio\jre\bin\management_ext.dll
0x00007ff8f5780000 - 0x00007ff8f5798000 	C:\Windows\SYSTEM32\CRYPTSP.dll
0x00007ff8f4e30000 - 0x00007ff8f4e64000 	C:\Windows\system32\rsaenh.dll
0x00007ff8f6740000 - 0x00007ff8f6767000 	C:\Windows\System32\bcrypt.dll
0x00007ff8f5ca0000 - 0x00007ff8f5cce000 	C:\Windows\SYSTEM32\USERENV.dll
0x00007ff8f57a0000 - 0x00007ff8f57ac000 	C:\Windows\SYSTEM32\CRYPTBASE.dll
0x00007ff8f5230000 - 0x00007ff8f526b000 	C:\Windows\SYSTEM32\IPHLPAPI.DLL
0x00007ff8f8370000 - 0x00007ff8f8378000 	C:\Windows\System32\NSI.dll
0x00007ff8ebd80000 - 0x00007ff8ebd97000 	C:\Windows\SYSTEM32\dhcpcsvc6.DLL
0x00007ff8ebd60000 - 0x00007ff8ebd7d000 	C:\Windows\SYSTEM32\dhcpcsvc.DLL
0x00007ff8f5270000 - 0x00007ff8f533a000 	C:\Windows\SYSTEM32\DNSAPI.dll

dbghelp: loaded successfully - version: 4.0.5 - missing functions: none
symbol engine: initialized successfully - sym options: 0x614 - pdb path: .;C:\Program Files\Android\Android Studio\jre\bin;C:\Windows\SYSTEM32;C:\Windows\WinSxS\amd64_microsoft.windows.common-controls_6595b64144ccf1df_6.0.19041.1110_none_60b5254171f9507e;C:\Program Files\Android\Android Studio\jre\bin\server;C:\Users\hp\.gradle\native\e1d6ef7f7dcc3fd88c89a11ec53ec762bb8ba0a96d01ffa2cd45eb1d1d8dd5c5\windows-amd64;C:\Users\hp\.gradle\native\0d407fdbe67a94daf76414ababcb853783967236a71b16ec16e742cd7a986fd3\windows-amd64

VM Arguments:
jvm_args: --add-opens=java.base/java.util=ALL-UNNAMED --add-opens=java.base/java.lang=ALL-UNNAMED --add-opens=java.base/java.lang.invoke=ALL-UNNAMED --add-opens=java.base/java.util=ALL-UNNAMED --add-opens=java.prefs/java.util.prefs=ALL-UNNAMED --add-opens=java.prefs/java.util.prefs=ALL-UNNAMED --add-opens=java.base/java.nio.charset=ALL-UNNAMED --add-opens=java.base/java.net=ALL-UNNAMED --add-opens=java.base/java.util.concurrent.atomic=ALL-UNNAMED -Xmx2048m -Dfile.encoding=UTF-8 -Duser.country=US -Duser.language=en -Duser.variant 
java_command: org.gradle.launcher.daemon.bootstrap.GradleDaemon 7.4
java_class_path (initial): C:\Users\hp\.gradle\wrapper\dists\gradle-7.4-bin\c0gwcg53nkjbqw7r0h0umtfvt\gradle-7.4\lib\gradle-launcher-7.4.jar
Launcher Type: SUN_STANDARD

[Global flags]
     intx CICompilerCount                          = 3                                         {product} {ergonomic}
     uint ConcGCThreads                            = 1                                         {product} {ergonomic}
     uint G1ConcRefinementThreads                  = 4                                         {product} {ergonomic}
   size_t G1HeapRegionSize                         = 1048576                                   {product} {ergonomic}
    uintx GCDrainStackTargetSize                   = 64                                        {product} {ergonomic}
   size_t InitialHeapSize                          = 134217728                                 {product} {ergonomic}
   size_t MarkStackSize                            = 4194304                                   {product} {ergonomic}
   size_t MaxHeapSize                              = 2147483648                                {product} {command line}
   size_t MaxNewSize                               = 1287651328                                {product} {ergonomic}
   size_t MinHeapDeltaBytes                        = 1048576                                   {product} {ergonomic}
    uintx NonNMethodCodeHeapSize                   = 5830732                                {pd product} {ergonomic}
    uintx NonProfiledCodeHeapSize                  = 122913754                              {pd product} {ergonomic}
    uintx ProfiledCodeHeapSize                     = 122913754                              {pd product} {ergonomic}
    uintx ReservedCodeCacheSize                    = 251658240                              {pd product} {ergonomic}
     bool SegmentedCodeCache                       = true                                      {product} {ergonomic}
     bool UseCompressedClassPointers               = true                                 {lp64_product} {ergonomic}
     bool UseCompressedOops                        = true                                 {lp64_product} {ergonomic}
     bool UseG1GC                                  = true                                      {product} {ergonomic}
     bool UseLargePagesIndividualAllocation        = false                                  {pd product} {ergonomic}

Logging:
Log output configuration:
 #0: stdout all=warning uptime,level,tags
 #1: stderr all=off uptime,level,tags

Environment Variables:
PATH=C:\Program Files (x86)\VMware\VMware Workstation\bin\;C:\Program Files (x86)\NVIDIA Corporation\PhysX\Common;C:\Windows\system32;C:\Windows;C:\Windows\System32\Wbem;C:\Windows\System32\WindowsPowerShell\v1.0\;C:\Windows\System32\OpenSSH\;C:\Users\hp\Documents\Java\jdk1.8.0_111\bin;c:\Program Files (x86)\Microsoft SQL Server\90\Tools\binn\;C:\Program Files\dotnet\;C:\Program Files\Microsoft SQL Server\150\Tools\Binn\;C:\Program Files\Microsoft SQL Server\Client SDK\ODBC\170\Tools\Binn\;C:\Program Files\Git\cmd;C:\Program Files\nodejs\;C:\ProgramData\chocolatey\bin;C:\Users\hp\AppData\Local\Programs\Python\Python310\Scripts\;C:\Users\hp\AppData\Local\Programs\Python\Python310\;C:\Users\hp\AppData\Local\Programs\Python\Launcher\;C:\Users\hp\AppData\Local\Microsoft\WindowsApps;C:\Program Files\Java\jdk1.8.0_111\bin;;C:\Program Files\JetBrains\PyCharm Community Edition 2022.3.1\bin;;C:\Users\hp\.dotnet\tools;C:\Users\hp\AppData\Roaming\npm;C:\Users\hp\AppData\Local\Programs\Microsoft VS Code\bin
USERNAME=hp
OS=Windows_NT
PROCESSOR_IDENTIFIER=Intel64 Family 6 Model 69 Stepping 1, GenuineIntel



---------------  S Y S T E M  ---------------

OS: Windows 10 , 64 bit Build 19041 (10.0.19041.3155)
OS uptime: 0 days 15:01 hours

CPU:total 4 (initial active 4) (2 cores per cpu, 2 threads per core) family 6 model 69 stepping 1 microcode 0x25, cmov, cx8, fxsr, mmx, sse, sse2, sse3, ssse3, sse4.1, sse4.2, popcnt, avx, avx2, aes, clmul, erms, lzcnt, ht, tsc, tscinvbit, bmi1, bmi2, fma

Memory: 4k page, system-wide physical 8089M (2375M free)
TotalPageFile size 10949M (AvailPageFile size 5M)
current process WorkingSet (physical memory assigned to process): 329M, peak: 329M
current process commit charge ("private bytes"): 363M, peak: 391M

vm_info: OpenJDK 64-Bit Server VM (11.0.13+0-b1751.21-8125866) for windows-amd64 JRE (11.0.13+0-b1751.21-8125866), built on Feb  2 2022 03:00:22 by "builder" with MS VC++ 14.0 (VS2015)

END.
