#
# There is insufficient memory for the Java Runtime Environment to continue.
# Native memory allocation (malloc) failed to allocate 1021136 bytes for Chunk::new
# Possible reasons:
#   The system is out of physical RAM or swap space
#   The process is running with CompressedOops enabled, and the Java Heap may be blocking the growth of the native heap
# Possible solutions:
#   Reduce memory load on the system
#   Increase physical memory or swap space
#   Check if swap backing store is full
#   Decrease Java heap size (-Xmx/-Xms)
#   Decrease number of Java threads
#   Decrease Java thread stack sizes (-Xss)
#   Set larger code cache with -XX:ReservedCodeCacheSize=
#   JVM is running with Unscaled Compressed Oops mode in which the Java heap is
#     placed in the first 4GB address space. The Java Heap base address is the
#     maximum limit for the native heap growth. Please use -XX:HeapBaseMinAddress
#     to set the Java Heap base and to place the Java Heap above 4GB virtual address.
# This output file may be truncated or incomplete.
#
#  Out of Memory Error (./src/hotspot/share/memory/arena.cpp:197), pid=4692, tid=5584
#
# JRE version: OpenJDK Runtime Environment (11.0.13) (build 11.0.13+0-b1751.21-8125866)
# Java VM: OpenJDK 64-Bit Server VM (11.0.13+0-b1751.21-8125866, mixed mode, tiered, compressed oops, g1 gc, windows-amd64)
# No core dump will be written. Minidumps are not enabled by default on client versions of Windows
#

---------------  S U M M A R Y ------------

Command Line: --add-opens=java.base/java.util=ALL-UNNAMED --add-opens=java.base/java.lang=ALL-UNNAMED --add-opens=java.base/java.lang.invoke=ALL-UNNAMED --add-opens=java.base/java.util=ALL-UNNAMED --add-opens=java.prefs/java.util.prefs=ALL-UNNAMED --add-opens=java.prefs/java.util.prefs=ALL-UNNAMED --add-opens=java.base/java.nio.charset=ALL-UNNAMED --add-opens=java.base/java.net=ALL-UNNAMED --add-opens=java.base/java.util.concurrent.atomic=ALL-UNNAMED -Xmx2048m -Dfile.encoding=UTF-8 -Duser.country=US -Duser.language=en -Duser.variant org.gradle.launcher.daemon.bootstrap.GradleDaemon 7.4

Host: Intel(R) Core(TM) i5-4300U CPU @ 1.90GHz, 4 cores, 7G,  Windows 10 , 64 bit Build 19041 (10.0.19041.3155)
Time: Wed Aug 23 00:01:01 2023 E. Africa Standard Time elapsed time: 12.276572 seconds (0d 0h 0m 12s)

---------------  T H R E A D  ---------------

Current thread (0x000001c9d50d1800):  JavaThread "C2 CompilerThread0" daemon [_thread_in_native, id=5584, stack(0x00000050c5a00000,0x00000050c5b00000)]


Current CompileTask:
C2:  12276 5570   !   4       com.google.common.reflect.TypeVisitor::visit (244 bytes)

Stack: [0x00000050c5a00000,0x00000050c5b00000]
Native frames: (J=compiled Java code, j=interpreted, Vv=VM code, C=native code)
V  [jvm.dll+0x6100fa]
V  [jvm.dll+0x747090]
V  [jvm.dll+0x7486ad]
V  [jvm.dll+0x748d83]
V  [jvm.dll+0x24ab48]
V  [jvm.dll+0xc04dc]
V  [jvm.dll+0xc0a0c]
V  [jvm.dll+0x2bfab4]
V  [jvm.dll+0x524238]
V  [jvm.dll+0x20b193]
V  [jvm.dll+0x204ca0]
V  [jvm.dll+0x2023c2]
V  [jvm.dll+0x188e01]
V  [jvm.dll+0x21106b]
V  [jvm.dll+0x20f8c1]
V  [jvm.dll+0x70de0f]
V  [jvm.dll+0x706a75]
V  [jvm.dll+0x60ed66]
C  [ucrtbase.dll+0x21bb2]
C  [KERNEL32.DLL+0x17614]
C  [ntdll.dll+0x526b1]


---------------  P R O C E S S  ---------------

Threads class SMR info:
_java_thread_list=0x000001c9dc9535d0, length=78, elements={
0x000001c9b956b800, 0x000001c9d50b0800, 0x000001c9d50b2000, 0x000001c9d50c8800,
0x000001c9d50cb000, 0x000001c9d50ce000, 0x000001c9d50d1800, 0x000001c9d50d6000,
0x000001c9d50da800, 0x000001c9d5ba0000, 0x000001c9d85bc000, 0x000001c9d5c8c000,
0x000001c9d81b2800, 0x000001c9d8ce0000, 0x000001c9d729a000, 0x000001c9d800b800,
0x000001c9d81ed800, 0x000001c9d7d37000, 0x000001c9d7d37800, 0x000001c9d6fc9000,
0x000001c9d7468000, 0x000001c9d7469800, 0x000001c9d746b800, 0x000001c9d8da2800,
0x000001c9d7469000, 0x000001c9d746a800, 0x000001c9d746d000, 0x000001c9d746c000,
0x000001c9d7467000, 0x000001c9d746d800, 0x000001c9dbd81800, 0x000001c9dbd88000,
0x000001c9dbd83000, 0x000001c9dbd8b800, 0x000001c9dbd8d000, 0x000001c9dbd8c000,
0x000001c9dbd87000, 0x000001c9dbd8d800, 0x000001c9dbd8e800, 0x000001c9dbd8f800,
0x000001c9dbd90000, 0x000001c9d9648000, 0x000001c9d9649000, 0x000001c9d9649800,
0x000001c9d964a800, 0x000001c9d964b000, 0x000001c9d964c000, 0x000001c9d964d000,
0x000001c9d9647000, 0x000001c9d964e800, 0x000001c9d9651800, 0x000001c9d964f800,
0x000001c9d9650000, 0x000001c9d9652800, 0x000001c9d9651000, 0x000001c9d9653800,
0x000001c9d964d800, 0x000001c9d9654000, 0x000001c9d9655000, 0x000001c9d9656000,
0x000001c9dc468800, 0x000001c9dc469800, 0x000001c9dc468000, 0x000001c9dc46a800,
0x000001c9dc466000, 0x000001c9dc46c800, 0x000001c9dc467000, 0x000001c9dc471000,
0x000001c9dc46b000, 0x000001c9dc46e800, 0x000001c9dc46d800, 0x000001c9dc470000,
0x000001c9dc471800, 0x000001c9dc46f000, 0x000001c9dc46c000, 0x000001c9dc472800,
0x000001c9dc473800, 0x000001c9dc474000
}

Java Threads: ( => current thread )
  0x000001c9b956b800 JavaThread "main" [_thread_blocked, id=11588, stack(0x00000050c4e00000,0x00000050c4f00000)]
  0x000001c9d50b0800 JavaThread "Reference Handler" daemon [_thread_blocked, id=1400, stack(0x00000050c5500000,0x00000050c5600000)]
  0x000001c9d50b2000 JavaThread "Finalizer" daemon [_thread_blocked, id=9968, stack(0x00000050c5600000,0x00000050c5700000)]
  0x000001c9d50c8800 JavaThread "Signal Dispatcher" daemon [_thread_blocked, id=7208, stack(0x00000050c5700000,0x00000050c5800000)]
  0x000001c9d50cb000 JavaThread "Attach Listener" daemon [_thread_blocked, id=4240, stack(0x00000050c5800000,0x00000050c5900000)]
  0x000001c9d50ce000 JavaThread "Service Thread" daemon [_thread_blocked, id=12856, stack(0x00000050c5900000,0x00000050c5a00000)]
=>0x000001c9d50d1800 JavaThread "C2 CompilerThread0" daemon [_thread_in_native, id=5584, stack(0x00000050c5a00000,0x00000050c5b00000)]
  0x000001c9d50d6000 JavaThread "C1 CompilerThread0" daemon [_thread_blocked, id=8520, stack(0x00000050c5b00000,0x00000050c5c00000)]
  0x000001c9d50da800 JavaThread "Sweeper thread" daemon [_thread_blocked, id=12340, stack(0x00000050c5c00000,0x00000050c5d00000)]
  0x000001c9d5ba0000 JavaThread "Common-Cleaner" daemon [_thread_blocked, id=9992, stack(0x00000050c5d00000,0x00000050c5e00000)]
  0x000001c9d85bc000 JavaThread "Daemon health stats" [_thread_blocked, id=12060, stack(0x00000050c6200000,0x00000050c6300000)]
  0x000001c9d5c8c000 JavaThread "Incoming local TCP Connector on port 11010" [_thread_in_native, id=11008, stack(0x00000050c5f00000,0x00000050c6000000)]
  0x000001c9d81b2800 JavaThread "Daemon periodic checks" [_thread_blocked, id=4476, stack(0x00000050c6300000,0x00000050c6400000)]
  0x000001c9d8ce0000 JavaThread "Daemon" [_thread_blocked, id=11720, stack(0x00000050c6400000,0x00000050c6500000)]
  0x000001c9d729a000 JavaThread "Handler for socket connection from /127.0.0.1:11010 to /127.0.0.1:11011" [_thread_in_native, id=6324, stack(0x00000050c6500000,0x00000050c6600000)]
  0x000001c9d800b800 JavaThread "Cancel handler" [_thread_blocked, id=12876, stack(0x00000050c6600000,0x00000050c6700000)]
  0x000001c9d81ed800 JavaThread "Daemon worker" [_thread_in_vm, id=2212, stack(0x00000050c6700000,0x00000050c6800000)]
  0x000001c9d7d37000 JavaThread "Asynchronous log dispatcher for DefaultDaemonConnection: socket connection from /127.0.0.1:11010 to /127.0.0.1:11011" [_thread_blocked, id=9920, stack(0x00000050c6800000,0x00000050c6900000)]
  0x000001c9d7d37800 JavaThread "Stdin handler" [_thread_blocked, id=248, stack(0x00000050c6900000,0x00000050c6a00000)]
  0x000001c9d6fc9000 JavaThread "Daemon client event forwarder" [_thread_blocked, id=8220, stack(0x00000050c6a00000,0x00000050c6b00000)]
  0x000001c9d7468000 JavaThread "Cache worker for journal cache (C:\Users\hp\.gradle\caches\journal-1)" [_thread_blocked, id=6076, stack(0x00000050c6c00000,0x00000050c6d00000)]
  0x000001c9d7469800 JavaThread "File lock request listener" [_thread_in_native, id=11460, stack(0x00000050c6d00000,0x00000050c6e00000)]
  0x000001c9d746b800 JavaThread "Cache worker for file hash cache (C:\Users\hp\.gradle\caches\7.4\fileHashes)" [_thread_blocked, id=8604, stack(0x00000050c6e00000,0x00000050c6f00000)]
  0x000001c9d8da2800 JavaThread "C2 CompilerThread1" daemon [_thread_in_native, id=13356, stack(0x00000050c6f00000,0x00000050c7000000)]
  0x000001c9d7469000 JavaThread "File watcher server" daemon [_thread_in_native, id=13268, stack(0x00000050c7000000,0x00000050c7100000)]
  0x000001c9d746a800 JavaThread "File watcher consumer" daemon [_thread_blocked, id=13556, stack(0x00000050c7100000,0x00000050c7200000)]
  0x000001c9d746d000 JavaThread "Cache worker for checksums cache (C:\Users\hp\Desktop\eCommerceApp\.gradle\7.4\checksums)" [_thread_blocked, id=11852, stack(0x00000050c7200000,0x00000050c7300000)]
  0x000001c9d746c000 JavaThread "Cache worker for cache directory md-rule (C:\Users\hp\.gradle\caches\7.4\md-rule)" [_thread_blocked, id=5664, stack(0x00000050c7300000,0x00000050c7400000)]
  0x000001c9d7467000 JavaThread "Cache worker for file hash cache (C:\Users\hp\Desktop\eCommerceApp\.gradle\7.4\fileHashes)" [_thread_blocked, id=9892, stack(0x00000050c7400000,0x00000050c7500000)]
  0x000001c9d746d800 JavaThread "Cache worker for cache directory md-supplier (C:\Users\hp\.gradle\caches\7.4\md-supplier)" [_thread_blocked, id=9656, stack(0x00000050c7500000,0x00000050c7600000)]
  0x000001c9dbd81800 JavaThread "Cache worker for execution history cache (C:\Users\hp\.gradle\caches\7.4\executionHistory)" [_thread_blocked, id=9820, stack(0x00000050c7600000,0x00000050c7700000)]
  0x000001c9dbd88000 JavaThread "jar transforms" [_thread_blocked, id=13528, stack(0x00000050c7700000,0x00000050c7800000)]
  0x000001c9dbd83000 JavaThread "Cache worker for file content cache (C:\Users\hp\.gradle\caches\7.4\fileContent)" [_thread_blocked, id=14276, stack(0x00000050c7800000,0x00000050c7900000)]
  0x000001c9dbd8b800 JavaThread "jar transforms Thread 2" [_thread_blocked, id=3100, stack(0x00000050c7900000,0x00000050c7a00000)]
  0x000001c9dbd8d000 JavaThread "Cache worker for dependencies-accessors (C:\Users\hp\Desktop\eCommerceApp\.gradle\7.4\dependencies-accessors)" [_thread_blocked, id=10448, stack(0x00000050c7a00000,0x00000050c7b00000)]
  0x000001c9dbd8c000 JavaThread "jar transforms Thread 3" [_thread_blocked, id=11636, stack(0x00000050c7b00000,0x00000050c7c00000)]
  0x000001c9dbd87000 JavaThread "Cache worker for Build Output Cleanup Cache (C:\Users\hp\Desktop\eCommerceApp\.gradle\buildOutputCleanup)" [_thread_blocked, id=13608, stack(0x00000050c7c00000,0x00000050c7d00000)]
  0x000001c9dbd8d800 JavaThread "Unconstrained build operations" [_thread_blocked, id=2708, stack(0x00000050c7d00000,0x00000050c7e00000)]
  0x000001c9dbd8e800 JavaThread "Unconstrained build operations Thread 2" [_thread_blocked, id=7616, stack(0x00000050c7e00000,0x00000050c7f00000)]
  0x000001c9dbd8f800 JavaThread "Unconstrained build operations Thread 3" [_thread_blocked, id=7232, stack(0x00000050c7f00000,0x00000050c8000000)]
  0x000001c9dbd90000 JavaThread "Unconstrained build operations Thread 4" [_thread_blocked, id=8776, stack(0x00000050c8000000,0x00000050c8100000)]
  0x000001c9d9648000 JavaThread "Unconstrained build operations Thread 5" [_thread_blocked, id=6088, stack(0x00000050c8100000,0x00000050c8200000)]
  0x000001c9d9649000 JavaThread "Unconstrained build operations Thread 6" [_thread_blocked, id=13188, stack(0x00000050c8200000,0x00000050c8300000)]
  0x000001c9d9649800 JavaThread "Unconstrained build operations Thread 7" [_thread_blocked, id=9632, stack(0x00000050c8300000,0x00000050c8400000)]
  0x000001c9d964a800 JavaThread "Unconstrained build operations Thread 8" [_thread_blocked, id=11124, stack(0x00000050c8400000,0x00000050c8500000)]
  0x000001c9d964b000 JavaThread "Unconstrained build operations Thread 9" [_thread_blocked, id=14272, stack(0x00000050c8500000,0x00000050c8600000)]
  0x000001c9d964c000 JavaThread "Unconstrained build operations Thread 10" [_thread_blocked, id=9800, stack(0x00000050c8600000,0x00000050c8700000)]
  0x000001c9d964d000 JavaThread "Unconstrained build operations Thread 11" [_thread_blocked, id=9132, stack(0x00000050c8700000,0x00000050c8800000)]
  0x000001c9d9647000 JavaThread "Unconstrained build operations Thread 12" [_thread_blocked, id=6996, stack(0x00000050c8800000,0x00000050c8900000)]
  0x000001c9d964e800 JavaThread "Unconstrained build operations Thread 13" [_thread_blocked, id=12076, stack(0x00000050c8900000,0x00000050c8a00000)]
  0x000001c9d9651800 JavaThread "Unconstrained build operations Thread 14" [_thread_blocked, id=10896, stack(0x00000050c8a00000,0x00000050c8b00000)]
  0x000001c9d964f800 JavaThread "Unconstrained build operations Thread 15" [_thread_blocked, id=10416, stack(0x00000050c8b00000,0x00000050c8c00000)]
  0x000001c9d9650000 JavaThread "Unconstrained build operations Thread 16" [_thread_blocked, id=13060, stack(0x00000050c8c00000,0x00000050c8d00000)]
  0x000001c9d9652800 JavaThread "Unconstrained build operations Thread 17" [_thread_blocked, id=9964, stack(0x00000050c8d00000,0x00000050c8e00000)]
  0x000001c9d9651000 JavaThread "Unconstrained build operations Thread 18" [_thread_blocked, id=1544, stack(0x00000050c8e00000,0x00000050c8f00000)]
  0x000001c9d9653800 JavaThread "Unconstrained build operations Thread 19" [_thread_blocked, id=2760, stack(0x00000050c8f00000,0x00000050c9000000)]
  0x000001c9d964d800 JavaThread "Unconstrained build operations Thread 20" [_thread_blocked, id=7788, stack(0x00000050c9000000,0x00000050c9100000)]
  0x000001c9d9654000 JavaThread "Unconstrained build operations Thread 21" [_thread_blocked, id=4016, stack(0x00000050c9100000,0x00000050c9200000)]
  0x000001c9d9655000 JavaThread "Unconstrained build operations Thread 22" [_thread_blocked, id=13084, stack(0x00000050c9200000,0x00000050c9300000)]
  0x000001c9d9656000 JavaThread "Unconstrained build operations Thread 23" [_thread_blocked, id=13408, stack(0x00000050c9300000,0x00000050c9400000)]
  0x000001c9dc468800 JavaThread "Unconstrained build operations Thread 24" [_thread_blocked, id=12284, stack(0x00000050c9400000,0x00000050c9500000)]
  0x000001c9dc469800 JavaThread "Unconstrained build operations Thread 25" [_thread_blocked, id=7012, stack(0x00000050c9500000,0x00000050c9600000)]
  0x000001c9dc468000 JavaThread "Unconstrained build operations Thread 26" [_thread_blocked, id=9328, stack(0x00000050c9600000,0x00000050c9700000)]
  0x000001c9dc46a800 JavaThread "Unconstrained build operations Thread 27" [_thread_blocked, id=4976, stack(0x00000050c9700000,0x00000050c9800000)]
  0x000001c9dc466000 JavaThread "Unconstrained build operations Thread 28" [_thread_blocked, id=7444, stack(0x00000050c9800000,0x00000050c9900000)]
  0x000001c9dc46c800 JavaThread "Unconstrained build operations Thread 29" [_thread_blocked, id=5580, stack(0x00000050c9900000,0x00000050c9a00000)]
  0x000001c9dc467000 JavaThread "Unconstrained build operations Thread 30" [_thread_blocked, id=3160, stack(0x00000050c9a00000,0x00000050c9b00000)]
  0x000001c9dc471000 JavaThread "Unconstrained build operations Thread 31" [_thread_blocked, id=6992, stack(0x00000050c9b00000,0x00000050c9c00000)]
  0x000001c9dc46b000 JavaThread "Unconstrained build operations Thread 32" [_thread_blocked, id=10784, stack(0x00000050c9c00000,0x00000050c9d00000)]
  0x000001c9dc46e800 JavaThread "Unconstrained build operations Thread 33" [_thread_blocked, id=6976, stack(0x00000050c9d00000,0x00000050c9e00000)]
  0x000001c9dc46d800 JavaThread "Unconstrained build operations Thread 34" [_thread_blocked, id=2572, stack(0x00000050c9e00000,0x00000050c9f00000)]
  0x000001c9dc470000 JavaThread "Unconstrained build operations Thread 35" [_thread_blocked, id=5124, stack(0x00000050c9f00000,0x00000050ca000000)]
  0x000001c9dc471800 JavaThread "Unconstrained build operations Thread 36" [_thread_blocked, id=9012, stack(0x00000050ca000000,0x00000050ca100000)]
  0x000001c9dc46f000 JavaThread "Unconstrained build operations Thread 37" [_thread_blocked, id=11012, stack(0x00000050ca100000,0x00000050ca200000)]
  0x000001c9dc46c000 JavaThread "Unconstrained build operations Thread 38" [_thread_blocked, id=11644, stack(0x00000050ca200000,0x00000050ca300000)]
  0x000001c9dc472800 JavaThread "Unconstrained build operations Thread 39" [_thread_blocked, id=6564, stack(0x00000050ca300000,0x00000050ca400000)]
  0x000001c9dc473800 JavaThread "Unconstrained build operations Thread 40" [_thread_blocked, id=5900, stack(0x00000050ca400000,0x00000050ca500000)]
  0x000001c9dc474000 JavaThread "jar transforms Thread 4" [_thread_blocked, id=12404, stack(0x00000050ca500000,0x00000050ca600000)]

Other Threads:
  0x000001c9d50aa800 VMThread "VM Thread" [stack: 0x00000050c5400000,0x00000050c5500000] [id=11928]
  0x000001c9d5bd1000 WatcherThread [stack: 0x00000050c5e00000,0x00000050c5f00000] [id=12344]
  0x000001c9b957f000 GCTaskThread "GC Thread#0" [stack: 0x00000050c4f00000,0x00000050c5000000] [id=1628]
  0x000001c9d66b5000 GCTaskThread "GC Thread#1" [stack: 0x00000050c6000000,0x00000050c6100000] [id=11128]
  0x000001c9d5bd7800 GCTaskThread "GC Thread#2" [stack: 0x00000050c6100000,0x00000050c6200000] [id=8660]
  0x000001c9d729b000 GCTaskThread "GC Thread#3" [stack: 0x00000050c6b00000,0x00000050c6c00000] [id=13076]
  0x000001c9b95af800 ConcurrentGCThread "G1 Main Marker" [stack: 0x00000050c5000000,0x00000050c5100000] [id=7640]
  0x000001c9b95b1000 ConcurrentGCThread "G1 Conc#0" [stack: 0x00000050c5100000,0x00000050c5200000] [id=584]
  0x000001c9b9639800 ConcurrentGCThread "G1 Refine#0" [stack: 0x00000050c5200000,0x00000050c5300000] [id=10824]
  0x000001c9b963a800 ConcurrentGCThread "G1 Young RemSet Sampling" [stack: 0x00000050c5300000,0x00000050c5400000] [id=12888]

Threads with active compile tasks:
C2 CompilerThread0  12306 5570   !   4       com.google.common.reflect.TypeVisitor::visit (244 bytes)
C2 CompilerThread1  12306 5607       4       java.lang.ClassLoader::defineClass (43 bytes)

VM state:not at safepoint (normal execution)

VM Mutex/Monitor currently owned by a thread: None

Heap address: 0x0000000080000000, size: 2048 MB, Compressed Oops mode: 32-bit
Narrow klass base: 0x0000000000000000, Narrow klass shift: 3
Compressed class space size: 1073741824 Address: 0x0000000100000000

Heap:
 garbage-first heap   total 189440K, used 102400K [0x0000000080000000, 0x0000000100000000)
  region size 1024K, 73 young (74752K), 12 survivors (12288K)
 Metaspace       used 57471K, capacity 58871K, committed 59008K, reserved 1099776K
  class space    used 7153K, capacity 7683K, committed 7808K, reserved 1048576K
Heap Regions: E=young(eden), S=young(survivor), O=old, HS=humongous(starts), HC=humongous(continues), CS=collection set, F=free, A=archive, TAMS=top-at-mark-start (previous, next)
|   0|0x0000000080000000, 0x0000000080100000, 0x0000000080100000|100%|HS|  |TAMS 0x0000000080100000, 0x0000000080000000| Complete 
|   1|0x0000000080100000, 0x0000000080200000, 0x0000000080200000|100%|HC|  |TAMS 0x0000000080200000, 0x0000000080100000| Complete 
|   2|0x0000000080200000, 0x0000000080300000, 0x0000000080300000|100%|HC|  |TAMS 0x0000000080300000, 0x0000000080200000| Complete 
|   3|0x0000000080300000, 0x0000000080400000, 0x0000000080400000|100%| O|  |TAMS 0x0000000080400000, 0x0000000080300000| Untracked 
|   4|0x0000000080400000, 0x0000000080500000, 0x0000000080500000|100%| O|  |TAMS 0x0000000080500000, 0x0000000080400000| Untracked 
|   5|0x0000000080500000, 0x0000000080600000, 0x0000000080600000|100%| O|  |TAMS 0x0000000080600000, 0x0000000080500000| Untracked 
|   6|0x0000000080600000, 0x0000000080700000, 0x0000000080700000|100%| O|  |TAMS 0x0000000080700000, 0x0000000080600000| Untracked 
|   7|0x0000000080700000, 0x0000000080800000, 0x0000000080800000|100%| O|  |TAMS 0x0000000080800000, 0x0000000080700000| Untracked 
|   8|0x0000000080800000, 0x0000000080900000, 0x0000000080900000|100%| O|  |TAMS 0x0000000080900000, 0x0000000080800000| Untracked 
|   9|0x0000000080900000, 0x0000000080a00000, 0x0000000080a00000|100%| O|  |TAMS 0x0000000080a00000, 0x0000000080900000| Untracked 
|  10|0x0000000080a00000, 0x0000000080b00000, 0x0000000080b00000|100%| O|  |TAMS 0x0000000080b00000, 0x0000000080a00000| Untracked 
|  11|0x0000000080b00000, 0x0000000080c00000, 0x0000000080c00000|100%| O|  |TAMS 0x0000000080c00000, 0x0000000080b00000| Untracked 
|  12|0x0000000080c00000, 0x0000000080d00000, 0x0000000080d00000|100%| O|  |TAMS 0x0000000080d00000, 0x0000000080c00000| Untracked 
|  13|0x0000000080d00000, 0x0000000080e00000, 0x0000000080e00000|100%| O|  |TAMS 0x0000000080e00000, 0x0000000080d00000| Untracked 
|  14|0x0000000080e00000, 0x0000000080f00000, 0x0000000080f00000|100%| O|  |TAMS 0x0000000080f00000, 0x0000000080e00000| Untracked 
|  15|0x0000000080f00000, 0x0000000081000000, 0x0000000081000000|100%| O|  |TAMS 0x0000000081000000, 0x0000000080f00000| Untracked 
|  16|0x0000000081000000, 0x0000000081100000, 0x0000000081100000|100%|HS|  |TAMS 0x0000000081000000, 0x0000000081000000| Complete 
|  17|0x0000000081100000, 0x0000000081200000, 0x0000000081200000|100%|HS|  |TAMS 0x0000000081100000, 0x0000000081100000| Complete 
|  18|0x0000000081200000, 0x0000000081200000, 0x0000000081300000|  0%| F|  |TAMS 0x0000000081200000, 0x0000000081200000| Untracked 
|  19|0x0000000081300000, 0x0000000081400000, 0x0000000081400000|100%| O|  |TAMS 0x0000000081300000, 0x0000000081300000| Untracked 
|  20|0x0000000081400000, 0x0000000081500000, 0x0000000081500000|100%| O|  |TAMS 0x0000000081500000, 0x0000000081400000| Untracked 
|  21|0x0000000081500000, 0x0000000081600000, 0x0000000081600000|100%| O|  |TAMS 0x0000000081600000, 0x0000000081500000| Untracked 
|  22|0x0000000081600000, 0x0000000081700000, 0x0000000081700000|100%| O|  |TAMS 0x0000000081635c00, 0x0000000081600000| Untracked 
|  23|0x0000000081700000, 0x0000000081800000, 0x0000000081800000|100%|HS|  |TAMS 0x0000000081700000, 0x0000000081700000| Complete 
|  24|0x0000000081800000, 0x0000000081900000, 0x0000000081900000|100%|HC|  |TAMS 0x0000000081800000, 0x0000000081800000| Complete 
|  25|0x0000000081900000, 0x0000000081a00000, 0x0000000081a00000|100%| O|  |TAMS 0x0000000081900000, 0x0000000081900000| Untracked 
|  26|0x0000000081a00000, 0x0000000081b00000, 0x0000000081b00000|100%| O|  |TAMS 0x0000000081a00000, 0x0000000081a00000| Untracked 
|  27|0x0000000081b00000, 0x0000000081c00000, 0x0000000081c00000|100%| O|  |TAMS 0x0000000081b00000, 0x0000000081b00000| Untracked 
|  28|0x0000000081c00000, 0x0000000081d00000, 0x0000000081d00000|100%| O|  |TAMS 0x0000000081c00000, 0x0000000081c00000| Untracked 
|  29|0x0000000081d00000, 0x0000000081d00000, 0x0000000081e00000|  0%| F|  |TAMS 0x0000000081d00000, 0x0000000081d00000| Untracked 
|  30|0x0000000081e00000, 0x0000000081e00000, 0x0000000081f00000|  0%| F|  |TAMS 0x0000000081e00000, 0x0000000081e00000| Untracked 
|  31|0x0000000081f00000, 0x0000000081f00000, 0x0000000082000000|  0%| F|  |TAMS 0x0000000081f00000, 0x0000000081f00000| Untracked 
|  32|0x0000000082000000, 0x0000000082000000, 0x0000000082100000|  0%| F|  |TAMS 0x0000000082000000, 0x0000000082000000| Untracked 
|  33|0x0000000082100000, 0x0000000082100000, 0x0000000082200000|  0%| F|  |TAMS 0x0000000082100000, 0x0000000082100000| Untracked 
|  34|0x0000000082200000, 0x0000000082200000, 0x0000000082300000|  0%| F|  |TAMS 0x0000000082200000, 0x0000000082200000| Untracked 
|  35|0x0000000082300000, 0x0000000082300000, 0x0000000082400000|  0%| F|  |TAMS 0x0000000082300000, 0x0000000082300000| Untracked 
|  36|0x0000000082400000, 0x0000000082400000, 0x0000000082500000|  0%| F|  |TAMS 0x0000000082400000, 0x0000000082400000| Untracked 
|  37|0x0000000082500000, 0x0000000082500000, 0x0000000082600000|  0%| F|  |TAMS 0x0000000082500000, 0x0000000082500000| Untracked 
|  38|0x0000000082600000, 0x0000000082600000, 0x0000000082700000|  0%| F|  |TAMS 0x0000000082600000, 0x0000000082600000| Untracked 
|  39|0x0000000082700000, 0x0000000082700000, 0x0000000082800000|  0%| F|  |TAMS 0x0000000082700000, 0x0000000082700000| Untracked 
|  40|0x0000000082800000, 0x0000000082800000, 0x0000000082900000|  0%| F|  |TAMS 0x0000000082800000, 0x0000000082800000| Untracked 
|  41|0x0000000082900000, 0x0000000082900000, 0x0000000082a00000|  0%| F|  |TAMS 0x0000000082900000, 0x0000000082900000| Untracked 
|  42|0x0000000082a00000, 0x0000000082a00000, 0x0000000082b00000|  0%| F|  |TAMS 0x0000000082a00000, 0x0000000082a00000| Untracked 
|  43|0x0000000082b00000, 0x0000000082b00000, 0x0000000082c00000|  0%| F|  |TAMS 0x0000000082b00000, 0x0000000082b00000| Untracked 
|  44|0x0000000082c00000, 0x0000000082c00000, 0x0000000082d00000|  0%| F|  |TAMS 0x0000000082c00000, 0x0000000082c00000| Untracked 
|  45|0x0000000082d00000, 0x0000000082d00000, 0x0000000082e00000|  0%| F|  |TAMS 0x0000000082d00000, 0x0000000082d00000| Untracked 
|  46|0x0000000082e00000, 0x0000000082e00000, 0x0000000082f00000|  0%| F|  |TAMS 0x0000000082e00000, 0x0000000082e00000| Untracked 
|  47|0x0000000082f00000, 0x0000000082f00000, 0x0000000083000000|  0%| F|  |TAMS 0x0000000082f00000, 0x0000000082f00000| Untracked 
|  48|0x0000000083000000, 0x0000000083000000, 0x0000000083100000|  0%| F|  |TAMS 0x0000000083000000, 0x0000000083000000| Untracked 
|  49|0x0000000083100000, 0x0000000083100000, 0x0000000083200000|  0%| F|  |TAMS 0x0000000083100000, 0x0000000083100000| Untracked 
|  50|0x0000000083200000, 0x0000000083300000, 0x0000000083300000|100%| S|CS|TAMS 0x0000000083200000, 0x0000000083200000| Complete 
|  51|0x0000000083300000, 0x0000000083400000, 0x0000000083400000|100%| S|CS|TAMS 0x0000000083300000, 0x0000000083300000| Complete 
|  52|0x0000000083400000, 0x0000000083500000, 0x0000000083500000|100%| S|CS|TAMS 0x0000000083400000, 0x0000000083400000| Complete 
|  53|0x0000000083500000, 0x0000000083600000, 0x0000000083600000|100%| S|CS|TAMS 0x0000000083500000, 0x0000000083500000| Complete 
|  54|0x0000000083600000, 0x0000000083700000, 0x0000000083700000|100%| S|CS|TAMS 0x0000000083600000, 0x0000000083600000| Complete 
|  55|0x0000000083700000, 0x0000000083800000, 0x0000000083800000|100%| S|CS|TAMS 0x0000000083700000, 0x0000000083700000| Complete 
|  56|0x0000000083800000, 0x0000000083900000, 0x0000000083900000|100%| S|CS|TAMS 0x0000000083800000, 0x0000000083800000| Complete 
|  57|0x0000000083900000, 0x0000000083a00000, 0x0000000083a00000|100%| S|CS|TAMS 0x0000000083900000, 0x0000000083900000| Complete 
|  58|0x0000000083a00000, 0x0000000083b00000, 0x0000000083b00000|100%| S|CS|TAMS 0x0000000083a00000, 0x0000000083a00000| Complete 
|  59|0x0000000083b00000, 0x0000000083c00000, 0x0000000083c00000|100%| S|CS|TAMS 0x0000000083b00000, 0x0000000083b00000| Complete 
|  60|0x0000000083c00000, 0x0000000083d00000, 0x0000000083d00000|100%| S|CS|TAMS 0x0000000083c00000, 0x0000000083c00000| Complete 
|  61|0x0000000083d00000, 0x0000000083e00000, 0x0000000083e00000|100%| S|CS|TAMS 0x0000000083d00000, 0x0000000083d00000| Complete 
|  62|0x0000000083e00000, 0x0000000083e00000, 0x0000000083f00000|  0%| F|  |TAMS 0x0000000083e00000, 0x0000000083e00000| Untracked 
|  63|0x0000000083f00000, 0x0000000083f00000, 0x0000000084000000|  0%| F|  |TAMS 0x0000000083f00000, 0x0000000083f00000| Untracked 
|  64|0x0000000084000000, 0x0000000084000000, 0x0000000084100000|  0%| F|  |TAMS 0x0000000084000000, 0x0000000084000000| Untracked 
|  65|0x0000000084100000, 0x0000000084100000, 0x0000000084200000|  0%| F|  |TAMS 0x0000000084100000, 0x0000000084100000| Untracked 
|  66|0x0000000084200000, 0x0000000084200000, 0x0000000084300000|  0%| F|  |TAMS 0x0000000084200000, 0x0000000084200000| Untracked 
|  67|0x0000000084300000, 0x0000000084300000, 0x0000000084400000|  0%| F|  |TAMS 0x0000000084300000, 0x0000000084300000| Untracked 
|  68|0x0000000084400000, 0x0000000084400000, 0x0000000084500000|  0%| F|  |TAMS 0x0000000084400000, 0x0000000084400000| Untracked 
|  69|0x0000000084500000, 0x0000000084500000, 0x0000000084600000|  0%| F|  |TAMS 0x0000000084500000, 0x0000000084500000| Untracked 
|  70|0x0000000084600000, 0x0000000084600000, 0x0000000084700000|  0%| F|  |TAMS 0x0000000084600000, 0x0000000084600000| Untracked 
|  71|0x0000000084700000, 0x0000000084700000, 0x0000000084800000|  0%| F|  |TAMS 0x0000000084700000, 0x0000000084700000| Untracked 
|  72|0x0000000084800000, 0x0000000084800000, 0x0000000084900000|  0%| F|  |TAMS 0x0000000084800000, 0x0000000084800000| Untracked 
|  73|0x0000000084900000, 0x0000000084900000, 0x0000000084a00000|  0%| F|  |TAMS 0x0000000084900000, 0x0000000084900000| Untracked 
|  74|0x0000000084a00000, 0x0000000084a00000, 0x0000000084b00000|  0%| F|  |TAMS 0x0000000084a00000, 0x0000000084a00000| Untracked 
|  75|0x0000000084b00000, 0x0000000084b00000, 0x0000000084c00000|  0%| F|  |TAMS 0x0000000084b00000, 0x0000000084b00000| Untracked 
|  76|0x0000000084c00000, 0x0000000084c00000, 0x0000000084d00000|  0%| F|  |TAMS 0x0000000084c00000, 0x0000000084c00000| Untracked 
|  77|0x0000000084d00000, 0x0000000084d00000, 0x0000000084e00000|  0%| F|  |TAMS 0x0000000084d00000, 0x0000000084d00000| Untracked 
|  78|0x0000000084e00000, 0x0000000084e00000, 0x0000000084f00000|  0%| F|  |TAMS 0x0000000084e00000, 0x0000000084e00000| Untracked 
|  79|0x0000000084f00000, 0x0000000084f00000, 0x0000000085000000|  0%| F|  |TAMS 0x0000000084f00000, 0x0000000084f00000| Untracked 
|  80|0x0000000085000000, 0x0000000085000000, 0x0000000085100000|  0%| F|  |TAMS 0x0000000085000000, 0x0000000085000000| Untracked 
|  81|0x0000000085100000, 0x0000000085100000, 0x0000000085200000|  0%| F|  |TAMS 0x0000000085100000, 0x0000000085100000| Untracked 
|  82|0x0000000085200000, 0x0000000085200000, 0x0000000085300000|  0%| F|  |TAMS 0x0000000085200000, 0x0000000085200000| Untracked 
|  83|0x0000000085300000, 0x0000000085300000, 0x0000000085400000|  0%| F|  |TAMS 0x0000000085300000, 0x0000000085300000| Untracked 
|  84|0x0000000085400000, 0x0000000085400000, 0x0000000085500000|  0%| F|  |TAMS 0x0000000085400000, 0x0000000085400000| Untracked 
|  85|0x0000000085500000, 0x0000000085500000, 0x0000000085600000|  0%| F|  |TAMS 0x0000000085500000, 0x0000000085500000| Untracked 
|  86|0x0000000085600000, 0x0000000085600000, 0x0000000085700000|  0%| F|  |TAMS 0x0000000085600000, 0x0000000085600000| Untracked 
|  87|0x0000000085700000, 0x0000000085700000, 0x0000000085800000|  0%| F|  |TAMS 0x0000000085700000, 0x0000000085700000| Untracked 
|  88|0x0000000085800000, 0x0000000085800000, 0x0000000085900000|  0%| F|  |TAMS 0x0000000085800000, 0x0000000085800000| Untracked 
|  89|0x0000000085900000, 0x0000000085900000, 0x0000000085a00000|  0%| F|  |TAMS 0x0000000085900000, 0x0000000085900000| Untracked 
|  90|0x0000000085a00000, 0x0000000085a00000, 0x0000000085b00000|  0%| F|  |TAMS 0x0000000085a00000, 0x0000000085a00000| Untracked 
|  91|0x0000000085b00000, 0x0000000085b00000, 0x0000000085c00000|  0%| F|  |TAMS 0x0000000085b00000, 0x0000000085b00000| Untracked 
|  92|0x0000000085c00000, 0x0000000085c00000, 0x0000000085d00000|  0%| F|  |TAMS 0x0000000085c00000, 0x0000000085c00000| Untracked 
|  93|0x0000000085d00000, 0x0000000085d00000, 0x0000000085e00000|  0%| F|  |TAMS 0x0000000085d00000, 0x0000000085d00000| Untracked 
|  94|0x0000000085e00000, 0x0000000085e00000, 0x0000000085f00000|  0%| F|  |TAMS 0x0000000085e00000, 0x0000000085e00000| Untracked 
|  95|0x0000000085f00000, 0x0000000085f00000, 0x0000000086000000|  0%| F|  |TAMS 0x0000000085f00000, 0x0000000085f00000| Untracked 
|  96|0x0000000086000000, 0x0000000086000000, 0x0000000086100000|  0%| F|  |TAMS 0x0000000086000000, 0x0000000086000000| Untracked 
|  97|0x0000000086100000, 0x0000000086100000, 0x0000000086200000|  0%| F|  |TAMS 0x0000000086100000, 0x0000000086100000| Untracked 
|  98|0x0000000086200000, 0x0000000086200000, 0x0000000086300000|  0%| F|  |TAMS 0x0000000086200000, 0x0000000086200000| Untracked 
|  99|0x0000000086300000, 0x0000000086300000, 0x0000000086400000|  0%| F|  |TAMS 0x0000000086300000, 0x0000000086300000| Untracked 
| 100|0x0000000086400000, 0x0000000086400000, 0x0000000086500000|  0%| F|  |TAMS 0x0000000086400000, 0x0000000086400000| Untracked 
| 101|0x0000000086500000, 0x0000000086500000, 0x0000000086600000|  0%| F|  |TAMS 0x0000000086500000, 0x0000000086500000| Untracked 
| 102|0x0000000086600000, 0x0000000086600000, 0x0000000086700000|  0%| F|  |TAMS 0x0000000086600000, 0x0000000086600000| Untracked 
| 103|0x0000000086700000, 0x0000000086700000, 0x0000000086800000|  0%| F|  |TAMS 0x0000000086700000, 0x0000000086700000| Untracked 
| 104|0x0000000086800000, 0x0000000086800000, 0x0000000086900000|  0%| F|  |TAMS 0x0000000086800000, 0x0000000086800000| Untracked 
| 105|0x0000000086900000, 0x0000000086900000, 0x0000000086a00000|  0%| F|  |TAMS 0x0000000086900000, 0x0000000086900000| Untracked 
| 106|0x0000000086a00000, 0x0000000086a00000, 0x0000000086b00000|  0%| F|  |TAMS 0x0000000086a00000, 0x0000000086a00000| Untracked 
| 107|0x0000000086b00000, 0x0000000086b00000, 0x0000000086c00000|  0%| F|  |TAMS 0x0000000086b00000, 0x0000000086b00000| Untracked 
| 108|0x0000000086c00000, 0x0000000086c00000, 0x0000000086d00000|  0%| F|  |TAMS 0x0000000086c00000, 0x0000000086c00000| Untracked 
| 109|0x0000000086d00000, 0x0000000086d00000, 0x0000000086e00000|  0%| F|  |TAMS 0x0000000086d00000, 0x0000000086d00000| Untracked 
| 110|0x0000000086e00000, 0x0000000086e00000, 0x0000000086f00000|  0%| F|  |TAMS 0x0000000086e00000, 0x0000000086e00000| Untracked 
| 111|0x0000000086f00000, 0x0000000086f00000, 0x0000000087000000|  0%| F|  |TAMS 0x0000000086f00000, 0x0000000086f00000| Untracked 
| 112|0x0000000087000000, 0x0000000087000000, 0x0000000087100000|  0%| F|  |TAMS 0x0000000087000000, 0x0000000087000000| Untracked 
| 113|0x0000000087100000, 0x0000000087100000, 0x0000000087200000|  0%| F|  |TAMS 0x0000000087100000, 0x0000000087100000| Untracked 
| 114|0x0000000087200000, 0x0000000087200000, 0x0000000087300000|  0%| F|  |TAMS 0x0000000087200000, 0x0000000087200000| Untracked 
| 115|0x0000000087300000, 0x0000000087300000, 0x0000000087400000|  0%| F|  |TAMS 0x0000000087300000, 0x0000000087300000| Untracked 
| 116|0x0000000087400000, 0x0000000087400000, 0x0000000087500000|  0%| F|  |TAMS 0x0000000087400000, 0x0000000087400000| Untracked 
| 117|0x0000000087500000, 0x0000000087500000, 0x0000000087600000|  0%| F|  |TAMS 0x0000000087500000, 0x0000000087500000| Untracked 
| 118|0x0000000087600000, 0x0000000087600000, 0x0000000087700000|  0%| F|  |TAMS 0x0000000087600000, 0x0000000087600000| Untracked 
| 119|0x0000000087700000, 0x0000000087700000, 0x0000000087800000|  0%| F|  |TAMS 0x0000000087700000, 0x0000000087700000| Untracked 
| 120|0x0000000087800000, 0x0000000087800000, 0x0000000087900000|  0%| F|  |TAMS 0x0000000087800000, 0x0000000087800000| Untracked 
| 121|0x0000000087900000, 0x0000000087900000, 0x0000000087a00000|  0%| F|  |TAMS 0x0000000087900000, 0x0000000087900000| Untracked 
| 122|0x0000000087a00000, 0x0000000087a00000, 0x0000000087b00000|  0%| F|  |TAMS 0x0000000087a00000, 0x0000000087a00000| Untracked 
| 123|0x0000000087b00000, 0x0000000087b00000, 0x0000000087c00000|  0%| F|  |TAMS 0x0000000087b00000, 0x0000000087b00000| Untracked 
| 124|0x0000000087c00000, 0x0000000087c80800, 0x0000000087d00000| 50%| E|  |TAMS 0x0000000087c00000, 0x0000000087c00000| Complete 
| 125|0x0000000087d00000, 0x0000000087e00000, 0x0000000087e00000|100%| E|CS|TAMS 0x0000000087d00000, 0x0000000087d00000| Complete 
| 126|0x0000000087e00000, 0x0000000087f00000, 0x0000000087f00000|100%| E|CS|TAMS 0x0000000087e00000, 0x0000000087e00000| Complete 
| 127|0x0000000087f00000, 0x0000000088000000, 0x0000000088000000|100%| E|CS|TAMS 0x0000000087f00000, 0x0000000087f00000| Complete 
| 128|0x0000000088000000, 0x0000000088100000, 0x0000000088100000|100%| E|CS|TAMS 0x0000000088000000, 0x0000000088000000| Complete 
| 129|0x0000000088100000, 0x0000000088200000, 0x0000000088200000|100%| E|CS|TAMS 0x0000000088100000, 0x0000000088100000| Complete 
| 130|0x0000000088200000, 0x0000000088300000, 0x0000000088300000|100%| E|CS|TAMS 0x0000000088200000, 0x0000000088200000| Complete 
| 131|0x0000000088300000, 0x0000000088400000, 0x0000000088400000|100%| E|CS|TAMS 0x0000000088300000, 0x0000000088300000| Complete 
| 132|0x0000000088400000, 0x0000000088500000, 0x0000000088500000|100%| E|CS|TAMS 0x0000000088400000, 0x0000000088400000| Complete 
| 133|0x0000000088500000, 0x0000000088600000, 0x0000000088600000|100%| E|CS|TAMS 0x0000000088500000, 0x0000000088500000| Complete 
| 134|0x0000000088600000, 0x0000000088700000, 0x0000000088700000|100%| E|CS|TAMS 0x0000000088600000, 0x0000000088600000| Complete 
| 135|0x0000000088700000, 0x0000000088800000, 0x0000000088800000|100%| E|CS|TAMS 0x0000000088700000, 0x0000000088700000| Complete 
| 136|0x0000000088800000, 0x0000000088900000, 0x0000000088900000|100%| E|CS|TAMS 0x0000000088800000, 0x0000000088800000| Complete 
| 137|0x0000000088900000, 0x0000000088a00000, 0x0000000088a00000|100%| E|CS|TAMS 0x0000000088900000, 0x0000000088900000| Complete 
| 138|0x0000000088a00000, 0x0000000088b00000, 0x0000000088b00000|100%| E|CS|TAMS 0x0000000088a00000, 0x0000000088a00000| Complete 
| 139|0x0000000088b00000, 0x0000000088c00000, 0x0000000088c00000|100%| E|CS|TAMS 0x0000000088b00000, 0x0000000088b00000| Complete 
| 140|0x0000000088c00000, 0x0000000088d00000, 0x0000000088d00000|100%| E|CS|TAMS 0x0000000088c00000, 0x0000000088c00000| Complete 
| 141|0x0000000088d00000, 0x0000000088e00000, 0x0000000088e00000|100%| E|CS|TAMS 0x0000000088d00000, 0x0000000088d00000| Complete 
| 142|0x0000000088e00000, 0x0000000088f00000, 0x0000000088f00000|100%| E|CS|TAMS 0x0000000088e00000, 0x0000000088e00000| Complete 
| 143|0x0000000088f00000, 0x0000000089000000, 0x0000000089000000|100%| E|CS|TAMS 0x0000000088f00000, 0x0000000088f00000| Complete 
| 144|0x0000000089000000, 0x0000000089100000, 0x0000000089100000|100%| E|CS|TAMS 0x0000000089000000, 0x0000000089000000| Complete 
| 145|0x0000000089100000, 0x0000000089200000, 0x0000000089200000|100%| E|CS|TAMS 0x0000000089100000, 0x0000000089100000| Complete 
| 146|0x0000000089200000, 0x0000000089300000, 0x0000000089300000|100%| E|CS|TAMS 0x0000000089200000, 0x0000000089200000| Complete 
| 147|0x0000000089300000, 0x0000000089400000, 0x0000000089400000|100%| E|CS|TAMS 0x0000000089300000, 0x0000000089300000| Complete 
| 148|0x0000000089400000, 0x0000000089500000, 0x0000000089500000|100%| E|CS|TAMS 0x0000000089400000, 0x0000000089400000| Complete 
| 149|0x0000000089500000, 0x0000000089600000, 0x0000000089600000|100%| E|CS|TAMS 0x0000000089500000, 0x0000000089500000| Complete 
| 150|0x0000000089600000, 0x0000000089700000, 0x0000000089700000|100%| E|CS|TAMS 0x0000000089600000, 0x0000000089600000| Complete 
| 151|0x0000000089700000, 0x0000000089800000, 0x0000000089800000|100%| E|CS|TAMS 0x0000000089700000, 0x0000000089700000| Complete 
| 152|0x0000000089800000, 0x0000000089900000, 0x0000000089900000|100%| E|CS|TAMS 0x0000000089800000, 0x0000000089800000| Complete 
| 153|0x0000000089900000, 0x0000000089a00000, 0x0000000089a00000|100%| E|CS|TAMS 0x0000000089900000, 0x0000000089900000| Complete 
| 154|0x0000000089a00000, 0x0000000089b00000, 0x0000000089b00000|100%| E|CS|TAMS 0x0000000089a00000, 0x0000000089a00000| Complete 
| 155|0x0000000089b00000, 0x0000000089c00000, 0x0000000089c00000|100%| E|CS|TAMS 0x0000000089b00000, 0x0000000089b00000| Complete 
| 156|0x0000000089c00000, 0x0000000089d00000, 0x0000000089d00000|100%| E|CS|TAMS 0x0000000089c00000, 0x0000000089c00000| Complete 
| 157|0x0000000089d00000, 0x0000000089e00000, 0x0000000089e00000|100%| E|CS|TAMS 0x0000000089d00000, 0x0000000089d00000| Complete 
| 158|0x0000000089e00000, 0x0000000089f00000, 0x0000000089f00000|100%| E|CS|TAMS 0x0000000089e00000, 0x0000000089e00000| Complete 
| 159|0x0000000089f00000, 0x000000008a000000, 0x000000008a000000|100%| E|CS|TAMS 0x0000000089f00000, 0x0000000089f00000| Complete 
| 160|0x000000008a000000, 0x000000008a100000, 0x000000008a100000|100%| E|CS|TAMS 0x000000008a000000, 0x000000008a000000| Complete 
| 161|0x000000008a100000, 0x000000008a200000, 0x000000008a200000|100%| E|CS|TAMS 0x000000008a100000, 0x000000008a100000| Complete 
| 162|0x000000008a200000, 0x000000008a300000, 0x000000008a300000|100%| E|CS|TAMS 0x000000008a200000, 0x000000008a200000| Complete 
| 163|0x000000008a300000, 0x000000008a400000, 0x000000008a400000|100%| E|CS|TAMS 0x000000008a300000, 0x000000008a300000| Complete 
| 164|0x000000008a400000, 0x000000008a500000, 0x000000008a500000|100%| E|CS|TAMS 0x000000008a400000, 0x000000008a400000| Complete 
| 165|0x000000008a500000, 0x000000008a600000, 0x000000008a600000|100%| E|CS|TAMS 0x000000008a500000, 0x000000008a500000| Complete 
| 166|0x000000008a600000, 0x000000008a700000, 0x000000008a700000|100%| E|CS|TAMS 0x000000008a600000, 0x000000008a600000| Complete 
| 167|0x000000008a700000, 0x000000008a800000, 0x000000008a800000|100%| E|CS|TAMS 0x000000008a700000, 0x000000008a700000| Complete 
| 168|0x000000008a800000, 0x000000008a900000, 0x000000008a900000|100%| E|CS|TAMS 0x000000008a800000, 0x000000008a800000| Complete 
| 169|0x000000008a900000, 0x000000008aa00000, 0x000000008aa00000|100%| E|CS|TAMS 0x000000008a900000, 0x000000008a900000| Complete 
| 170|0x000000008aa00000, 0x000000008ab00000, 0x000000008ab00000|100%| E|CS|TAMS 0x000000008aa00000, 0x000000008aa00000| Complete 
| 171|0x000000008ab00000, 0x000000008ac00000, 0x000000008ac00000|100%| E|CS|TAMS 0x000000008ab00000, 0x000000008ab00000| Complete 
| 172|0x000000008ac00000, 0x000000008ad00000, 0x000000008ad00000|100%| E|CS|TAMS 0x000000008ac00000, 0x000000008ac00000| Complete 
| 173|0x000000008ad00000, 0x000000008ae00000, 0x000000008ae00000|100%| E|CS|TAMS 0x000000008ad00000, 0x000000008ad00000| Complete 
| 174|0x000000008ae00000, 0x000000008af00000, 0x000000008af00000|100%| E|CS|TAMS 0x000000008ae00000, 0x000000008ae00000| Complete 
| 175|0x000000008af00000, 0x000000008b000000, 0x000000008b000000|100%| E|CS|TAMS 0x000000008af00000, 0x000000008af00000| Complete 
| 176|0x000000008b000000, 0x000000008b100000, 0x000000008b100000|100%| E|CS|TAMS 0x000000008b000000, 0x000000008b000000| Complete 
| 177|0x000000008b100000, 0x000000008b200000, 0x000000008b200000|100%| E|CS|TAMS 0x000000008b100000, 0x000000008b100000| Complete 
| 178|0x000000008b200000, 0x000000008b300000, 0x000000008b300000|100%| E|CS|TAMS 0x000000008b200000, 0x000000008b200000| Complete 
| 179|0x000000008b300000, 0x000000008b400000, 0x000000008b400000|100%| E|CS|TAMS 0x000000008b300000, 0x000000008b300000| Complete 
| 180|0x000000008b400000, 0x000000008b500000, 0x000000008b500000|100%| E|CS|TAMS 0x000000008b400000, 0x000000008b400000| Complete 
| 181|0x000000008b500000, 0x000000008b600000, 0x000000008b600000|100%| E|CS|TAMS 0x000000008b500000, 0x000000008b500000| Complete 
| 182|0x000000008b600000, 0x000000008b700000, 0x000000008b700000|100%| E|CS|TAMS 0x000000008b600000, 0x000000008b600000| Complete 
| 183|0x000000008b700000, 0x000000008b800000, 0x000000008b800000|100%| E|CS|TAMS 0x000000008b700000, 0x000000008b700000| Complete 
| 184|0x000000008b800000, 0x000000008b900000, 0x000000008b900000|100%| E|CS|TAMS 0x000000008b800000, 0x000000008b800000| Complete 

Card table byte_map: [0x000001c9ce2b0000,0x000001c9ce6b0000] _byte_map_base: 0x000001c9cdeb0000

Marking Bits (Prev, Next): (CMBitMap*) 0x000001c9b95a6790, (CMBitMap*) 0x000001c9b95a6758
 Prev Bits: [0x000001c9d0ab0000, 0x000001c9d2ab0000)
 Next Bits: [0x000001c9ceab0000, 0x000001c9d0ab0000)

Polling page: 0x000001c9b9420000

Metaspace:

Usage:
  Non-class:     50.05 MB capacity,    49.17 MB ( 98%) used,   759.38 KB (  1%) free+waste,   145.13 KB ( <1%) overhead. 
      Class:      7.50 MB capacity,     6.99 MB ( 93%) used,   456.91 KB (  6%) free+waste,    68.06 KB ( <1%) overhead. 
       Both:     57.55 MB capacity,    56.16 MB ( 98%) used,     1.19 MB (  2%) free+waste,   213.19 KB ( <1%) overhead. 

Virtual space:
  Non-class space:       52.00 MB reserved,      50.25 MB ( 97%) committed 
      Class space:        1.00 GB reserved,       7.63 MB ( <1%) committed 
             Both:        1.05 GB reserved,      57.88 MB (  5%) committed 

Chunk freelists:
   Non-Class:  12.00 KB
       Class:  29.00 KB
        Both:  41.00 KB

MaxMetaspaceSize: 17179869184.00 GB
CompressedClassSpaceSize: 1.00 GB
Initial GC threshold: 20.80 MB
Current GC threshold: 75.00 MB
CDS: off

CodeHeap 'non-profiled nmethods': size=120064Kb used=3010Kb max_used=3010Kb free=117053Kb
 bounds [0x000001c9c6350000, 0x000001c9c6650000, 0x000001c9cd890000]
CodeHeap 'profiled nmethods': size=120000Kb used=11157Kb max_used=11157Kb free=108842Kb
 bounds [0x000001c9bee20000, 0x000001c9bf910000, 0x000001c9c6350000]
CodeHeap 'non-nmethods': size=5696Kb used=2313Kb max_used=2341Kb free=3382Kb
 bounds [0x000001c9be890000, 0x000001c9beb00000, 0x000001c9bee20000]
 total_blobs=6454 nmethods=5633 adapters=732
 compilation: enabled
              stopped_count=0, restarted_count=0
 full_count=0

Compilation events (20 events):
Event: 12.257 Thread 0x000001c9d50d6000 nmethod 5675 0x000001c9bf8f3b90 code [0x000001c9bf8f3e00, 0x000001c9bf8f4a88]
Event: 12.257 Thread 0x000001c9d50d6000 5677       3       com.google.common.reflect.Types::access$300 (5 bytes)
Event: 12.257 Thread 0x000001c9d50d6000 nmethod 5677 0x000001c9bf8f4e90 code [0x000001c9bf8f5060, 0x000001c9bf8f5408]
Event: 12.257 Thread 0x000001c9d50d6000 5678       3       com.google.common.reflect.Types::toArray (14 bytes)
Event: 12.257 Thread 0x000001c9d50d6000 nmethod 5678 0x000001c9bf8f5510 code [0x000001c9bf8f56e0, 0x000001c9bf8f5a28]
Event: 12.257 Thread 0x000001c9d50d6000 5680       3       org.gradle.api.internal.provider.ValueSupplier$Missing::asType (8 bytes)
Event: 12.257 Thread 0x000001c9d50d6000 nmethod 5680 0x000001c9bf8f5b10 code [0x000001c9bf8f5cc0, 0x000001c9bf8f5e18]
Event: 12.257 Thread 0x000001c9d50d6000 5679       3       com.google.common.reflect.Types$ParameterizedTypeImpl::getActualTypeArguments (8 bytes)
Event: 12.258 Thread 0x000001c9d50d6000 nmethod 5679 0x000001c9bf8f5f10 code [0x000001c9bf8f60e0, 0x000001c9bf8f64e8]
Event: 12.258 Thread 0x000001c9d50d6000 5682       3       org.gradle.api.internal.provider.sources.GradlePropertyValueSource$Parameters_Decorated::getPropertyName (34 bytes)
Event: 12.258 Thread 0x000001c9d50d6000 nmethod 5682 0x000001c9bf8f6610 code [0x000001c9bf8f6840, 0x000001c9bf8f7058]
Event: 12.258 Thread 0x000001c9d50d6000 5683       3       org.gradle.api.internal.provider.DefaultProperty::set (42 bytes)
Event: 12.259 Thread 0x000001c9d50d6000 nmethod 5683 0x000001c9bf8f7290 code [0x000001c9bf8f7500, 0x000001c9bf8f8238]
Event: 12.260 Thread 0x000001c9d50d6000 5685       3       org.gradle.api.internal.provider.sources.GradlePropertyValueSource$Inject::$gradleServices (13 bytes)
Event: 12.260 Thread 0x000001c9d50d6000 nmethod 5685 0x000001c9bf8f8590 code [0x000001c9bf8f8760, 0x000001c9bf8f8aa8]
Event: 12.260 Thread 0x000001c9d50d6000 5684       3       org.gradle.api.internal.provider.AbstractMinimalProvider::asSupplier (96 bytes)
Event: 12.262 Thread 0x000001c9d50d6000 nmethod 5684 0x000001c9bf8f8b90 code [0x000001c9bf8f8f20, 0x000001c9bf8fa548]
Event: 12.262 Thread 0x000001c9d50d6000 5681       3       java.util.HashMap$EntrySet::size (8 bytes)
Event: 12.262 Thread 0x000001c9d50d6000 nmethod 5681 0x000001c9bf8fac90 code [0x000001c9bf8fae40, 0x000001c9bf8faf58]
Event: 12.274 Thread 0x000001c9d50d6000 5686       3       java.util.concurrent.ConcurrentHashMap$BaseIterator::<init> (21 bytes)

GC Heap History (18 events):
Event: 0.716 GC heap before
{Heap before GC invocations=0 (full 0):
 garbage-first heap   total 131072K, used 17408K [0x0000000080000000, 0x0000000100000000)
  region size 1024K, 14 young (14336K), 0 survivors (0K)
 Metaspace       used 6731K, capacity 6929K, committed 7168K, reserved 1056768K
  class space    used 572K, capacity 650K, committed 768K, reserved 1048576K
}
Event: 0.721 GC heap after
{Heap after GC invocations=1 (full 0):
 garbage-first heap   total 131072K, used 4364K [0x0000000080000000, 0x0000000100000000)
  region size 1024K, 2 young (2048K), 2 survivors (2048K)
 Metaspace       used 6731K, capacity 6929K, committed 7168K, reserved 1056768K
  class space    used 572K, capacity 650K, committed 768K, reserved 1048576K
}
Event: 1.158 GC heap before
{Heap before GC invocations=1 (full 0):
 garbage-first heap   total 131072K, used 18700K [0x0000000080000000, 0x0000000100000000)
  region size 1024K, 13 young (13312K), 2 survivors (2048K)
 Metaspace       used 9865K, capacity 10122K, committed 10368K, reserved 1058816K
  class space    used 1011K, capacity 1102K, committed 1152K, reserved 1048576K
}
Event: 1.163 GC heap after
{Heap after GC invocations=2 (full 0):
 garbage-first heap   total 131072K, used 9147K [0x0000000080000000, 0x0000000100000000)
  region size 1024K, 2 young (2048K), 2 survivors (2048K)
 Metaspace       used 9865K, capacity 10122K, committed 10368K, reserved 1058816K
  class space    used 1011K, capacity 1102K, committed 1152K, reserved 1048576K
}
Event: 1.800 GC heap before
{Heap before GC invocations=2 (full 0):
 garbage-first heap   total 131072K, used 38843K [0x0000000080000000, 0x0000000100000000)
  region size 1024K, 30 young (30720K), 2 survivors (2048K)
 Metaspace       used 10860K, capacity 11077K, committed 11264K, reserved 1058816K
  class space    used 1112K, capacity 1207K, committed 1280K, reserved 1048576K
}
Event: 1.805 GC heap after
{Heap after GC invocations=3 (full 0):
 garbage-first heap   total 131072K, used 12293K [0x0000000080000000, 0x0000000100000000)
  region size 1024K, 4 young (4096K), 4 survivors (4096K)
 Metaspace       used 10860K, capacity 11077K, committed 11264K, reserved 1058816K
  class space    used 1112K, capacity 1207K, committed 1280K, reserved 1048576K
}
Event: 4.433 GC heap before
{Heap before GC invocations=3 (full 0):
 garbage-first heap   total 131072K, used 53253K [0x0000000080000000, 0x0000000100000000)
  region size 1024K, 45 young (46080K), 4 survivors (4096K)
 Metaspace       used 17416K, capacity 17751K, committed 18048K, reserved 1064960K
  class space    used 2008K, capacity 2113K, committed 2176K, reserved 1048576K
}
Event: 4.445 GC heap after
{Heap after GC invocations=4 (full 0):
 garbage-first heap   total 131072K, used 15700K [0x0000000080000000, 0x0000000100000000)
  region size 1024K, 6 young (6144K), 6 survivors (6144K)
 Metaspace       used 17416K, capacity 17751K, committed 18048K, reserved 1064960K
  class space    used 2008K, capacity 2113K, committed 2176K, reserved 1048576K
}
Event: 4.880 GC heap before
{Heap before GC invocations=4 (full 0):
 garbage-first heap   total 131072K, used 47444K [0x0000000080000000, 0x0000000100000000)
  region size 1024K, 38 young (38912K), 6 survivors (6144K)
 Metaspace       used 20843K, capacity 21193K, committed 21296K, reserved 1069056K
  class space    used 2526K, capacity 2688K, committed 2688K, reserved 1048576K
}
Event: 4.891 GC heap after
{Heap after GC invocations=5 (full 0):
 garbage-first heap   total 157696K, used 17217K [0x0000000080000000, 0x0000000100000000)
  region size 1024K, 2 young (2048K), 2 survivors (2048K)
 Metaspace       used 20843K, capacity 21193K, committed 21296K, reserved 1069056K
  class space    used 2526K, capacity 2688K, committed 2688K, reserved 1048576K
}
Event: 5.843 GC heap before
{Heap before GC invocations=6 (full 0):
 garbage-first heap   total 157696K, used 74561K [0x0000000080000000, 0x0000000100000000)
  region size 1024K, 58 young (59392K), 2 survivors (2048K)
 Metaspace       used 26801K, capacity 27411K, committed 27520K, reserved 1073152K
  class space    used 3463K, capacity 3704K, committed 3712K, reserved 1048576K
}
Event: 5.858 GC heap after
{Heap after GC invocations=7 (full 0):
 garbage-first heap   total 157696K, used 19032K [0x0000000080000000, 0x0000000100000000)
  region size 1024K, 4 young (4096K), 4 survivors (4096K)
 Metaspace       used 26801K, capacity 27411K, committed 27520K, reserved 1073152K
  class space    used 3463K, capacity 3704K, committed 3712K, reserved 1048576K
}
Event: 7.790 GC heap before
{Heap before GC invocations=8 (full 0):
 garbage-first heap   total 157696K, used 108120K [0x0000000080000000, 0x0000000100000000)
  region size 1024K, 92 young (94208K), 4 survivors (4096K)
 Metaspace       used 37816K, capacity 38668K, committed 38784K, reserved 1083392K
  class space    used 4813K, capacity 5135K, committed 5248K, reserved 1048576K
}
Event: 7.810 GC heap after
{Heap after GC invocations=9 (full 0):
 garbage-first heap   total 157696K, used 25415K [0x0000000080000000, 0x0000000100000000)
  region size 1024K, 10 young (10240K), 10 survivors (10240K)
 Metaspace       used 37816K, capacity 38668K, committed 38784K, reserved 1083392K
  class space    used 4813K, capacity 5135K, committed 5248K, reserved 1048576K
}
Event: 9.220 GC heap before
{Heap before GC invocations=9 (full 0):
 garbage-first heap   total 157696K, used 106311K [0x0000000080000000, 0x0000000100000000)
  region size 1024K, 87 young (89088K), 10 survivors (10240K)
 Metaspace       used 44635K, capacity 45688K, committed 45824K, reserved 1089536K
  class space    used 5622K, capacity 6033K, committed 6144K, reserved 1048576K
}
Event: 9.247 GC heap after
{Heap after GC invocations=10 (full 0):
 garbage-first heap   total 157696K, used 29217K [0x0000000080000000, 0x0000000100000000)
  region size 1024K, 11 young (11264K), 11 survivors (11264K)
 Metaspace       used 44635K, capacity 45688K, committed 45824K, reserved 1089536K
  class space    used 5622K, capacity 6033K, committed 6144K, reserved 1048576K
}
Event: 10.978 GC heap before
{Heap before GC invocations=11 (full 0):
 garbage-first heap   total 157696K, used 116257K [0x0000000080000000, 0x0000000100000000)
  region size 1024K, 92 young (94208K), 11 survivors (11264K)
 Metaspace       used 48728K, capacity 49958K, committed 50176K, reserved 1093632K
  class space    used 6143K, capacity 6612K, committed 6656K, reserved 1048576K
}
Event: 11.006 GC heap after
{Heap after GC invocations=12 (full 0):
 garbage-first heap   total 189440K, used 40960K [0x0000000080000000, 0x0000000100000000)
  region size 1024K, 12 young (12288K), 12 survivors (12288K)
 Metaspace       used 48728K, capacity 49958K, committed 50176K, reserved 1093632K
  class space    used 6143K, capacity 6612K, committed 6656K, reserved 1048576K
}

Deoptimization events (20 events):
Event: 11.752 Thread 0x000001c9d81ed800 DEOPT PACKING pc=0x000001c9bf07c797 sp=0x00000050c67f6550
Event: 11.752 Thread 0x000001c9d81ed800 DEOPT UNPACKING pc=0x000001c9be8da95e sp=0x00000050c67f5ad8 mode 0
Event: 11.759 Thread 0x000001c9d81ed800 DEOPT PACKING pc=0x000001c9bf07c797 sp=0x00000050c67f6430
Event: 11.759 Thread 0x000001c9d81ed800 DEOPT UNPACKING pc=0x000001c9be8da95e sp=0x00000050c67f59b8 mode 0
Event: 11.763 Thread 0x000001c9d81ed800 DEOPT PACKING pc=0x000001c9bf07c797 sp=0x00000050c67f6580
Event: 11.763 Thread 0x000001c9d81ed800 DEOPT UNPACKING pc=0x000001c9be8da95e sp=0x00000050c67f5b08 mode 0
Event: 11.766 Thread 0x000001c9d81ed800 DEOPT PACKING pc=0x000001c9bf07c797 sp=0x00000050c67f6420
Event: 11.766 Thread 0x000001c9d81ed800 DEOPT UNPACKING pc=0x000001c9be8da95e sp=0x00000050c67f59a8 mode 0
Event: 11.774 Thread 0x000001c9d81ed800 DEOPT PACKING pc=0x000001c9bf07c797 sp=0x00000050c67f6580
Event: 11.774 Thread 0x000001c9d81ed800 DEOPT UNPACKING pc=0x000001c9be8da95e sp=0x00000050c67f5b08 mode 0
Event: 11.776 Thread 0x000001c9d81ed800 DEOPT PACKING pc=0x000001c9bf07c797 sp=0x00000050c67f6600
Event: 11.776 Thread 0x000001c9d81ed800 DEOPT UNPACKING pc=0x000001c9be8da95e sp=0x00000050c67f5b88 mode 0
Event: 11.779 Thread 0x000001c9d81ed800 DEOPT PACKING pc=0x000001c9bf07c797 sp=0x00000050c67f6420
Event: 11.779 Thread 0x000001c9d81ed800 DEOPT UNPACKING pc=0x000001c9be8da95e sp=0x00000050c67f59a8 mode 0
Event: 11.781 Thread 0x000001c9d81ed800 DEOPT PACKING pc=0x000001c9bf07c797 sp=0x00000050c67f6500
Event: 11.781 Thread 0x000001c9d81ed800 DEOPT UNPACKING pc=0x000001c9be8da95e sp=0x00000050c67f5a88 mode 0
Event: 11.783 Thread 0x000001c9d81ed800 DEOPT PACKING pc=0x000001c9bf07c797 sp=0x00000050c67f6600
Event: 11.783 Thread 0x000001c9d81ed800 DEOPT UNPACKING pc=0x000001c9be8da95e sp=0x00000050c67f5b88 mode 0
Event: 11.785 Thread 0x000001c9d81ed800 DEOPT PACKING pc=0x000001c9bf07c797 sp=0x00000050c67f6350
Event: 11.785 Thread 0x000001c9d81ed800 DEOPT UNPACKING pc=0x000001c9be8da95e sp=0x00000050c67f58d8 mode 0

Classes redefined (0 events):
No events

Internal exceptions (20 events):
Event: 10.910 Thread 0x000001c9d81ed800 Exception <a 'java/security/PrivilegedActionException'{0x000000008513f2b0}> (0x000000008513f2b0) thrown at [./src/hotspot/share/prims/jvm.cpp, line 1306]
Event: 10.911 Thread 0x000001c9d81ed800 Exception <a 'java/security/PrivilegedActionException'{0x0000000085140570}> (0x0000000085140570) thrown at [./src/hotspot/share/prims/jvm.cpp, line 1306]
Event: 10.911 Thread 0x000001c9d81ed800 Exception <a 'java/security/PrivilegedActionException'{0x0000000085143160}> (0x0000000085143160) thrown at [./src/hotspot/share/prims/jvm.cpp, line 1306]
Event: 10.911 Thread 0x000001c9d81ed800 Exception <a 'java/security/PrivilegedActionException'{0x0000000085144420}> (0x0000000085144420) thrown at [./src/hotspot/share/prims/jvm.cpp, line 1306]
Event: 10.911 Thread 0x000001c9d81ed800 Exception <a 'java/security/PrivilegedActionException'{0x00000000851470e0}> (0x00000000851470e0) thrown at [./src/hotspot/share/prims/jvm.cpp, line 1306]
Event: 10.911 Thread 0x000001c9d81ed800 Exception <a 'java/security/PrivilegedActionException'{0x00000000851483a0}> (0x00000000851483a0) thrown at [./src/hotspot/share/prims/jvm.cpp, line 1306]
Event: 10.911 Thread 0x000001c9d81ed800 Exception <a 'java/security/PrivilegedActionException'{0x000000008514afb0}> (0x000000008514afb0) thrown at [./src/hotspot/share/prims/jvm.cpp, line 1306]
Event: 10.911 Thread 0x000001c9d81ed800 Exception <a 'java/security/PrivilegedActionException'{0x000000008514c270}> (0x000000008514c270) thrown at [./src/hotspot/share/prims/jvm.cpp, line 1306]
Event: 10.912 Thread 0x000001c9d81ed800 Exception <a 'java/security/PrivilegedActionException'{0x000000008514eeb8}> (0x000000008514eeb8) thrown at [./src/hotspot/share/prims/jvm.cpp, line 1306]
Event: 10.912 Thread 0x000001c9d81ed800 Exception <a 'java/security/PrivilegedActionException'{0x0000000085150178}> (0x0000000085150178) thrown at [./src/hotspot/share/prims/jvm.cpp, line 1306]
Event: 10.912 Thread 0x000001c9d81ed800 Exception <a 'java/security/PrivilegedActionException'{0x0000000085152e38}> (0x0000000085152e38) thrown at [./src/hotspot/share/prims/jvm.cpp, line 1306]
Event: 10.912 Thread 0x000001c9d81ed800 Exception <a 'java/security/PrivilegedActionException'{0x00000000851540f8}> (0x00000000851540f8) thrown at [./src/hotspot/share/prims/jvm.cpp, line 1306]
Event: 10.973 Thread 0x000001c9d81ed800 Exception <a 'java/lang/ClassNotFoundException'{0x0000000083ea9180}: org/gradle/api/internal/plugins/DefaultObjectConfigurationActionBeanInfo> (0x0000000083ea9180) thrown at [./src/hotspot/share/classfile/systemDictionary.cpp, line 231]
Event: 10.975 Thread 0x000001c9d81ed800 Exception <a 'java/lang/ClassNotFoundException'{0x0000000083ede9d0}: org/gradle/api/internal/plugins/DefaultObjectConfigurationActionCustomizer> (0x0000000083ede9d0) thrown at [./src/hotspot/share/classfile/systemDictionary.cpp, line 231]
Event: 11.227 Thread 0x000001c9d81ed800 Exception <a 'java/lang/NoSuchMethodError'{0x000000008aede0d0}: 'java.lang.Object java.lang.invoke.DirectMethodHandle$Holder.invokeStatic(java.lang.Object, java.lang.Object, java.lang.Object, java.lang.Object, int)'> (0x000000008aede0d0) thrown at [./src/hotspot/share/interpreter/linkResolver.cpp, line 773]
Event: 11.228 Thread 0x000001c9d81ed800 Exception <a 'java/lang/NoSuchMethodError'{0x000000008aee2ac8}: 'java.lang.Object java.lang.invoke.DirectMethodHandle$Holder.invokeSpecial(java.lang.Object, java.lang.Object, java.lang.Object, java.lang.Object, java.lang.Object, int)'> (0x000000008aee2ac8) thrown at [./src/hotspot/share/interpreter/linkResolver.cpp, line 773]
Event: 11.228 Thread 0x000001c9d81ed800 Exception <a 'java/lang/NoSuchMethodError'{0x000000008aee7108}: 'java.lang.Object java.lang.invoke.Invokers$Holder.linkToTargetMethod(java.lang.Object, java.lang.Object, java.lang.Object, int, java.lang.Object)'> (0x000000008aee7108) thrown at [./src/hotspot/share/interpreter/linkResolver.cpp, line 773]
Event: 11.597 Thread 0x000001c9d81ed800 Exception <a 'java/lang/NoSuchMethodError'{0x0000000089ea01e8}: 'java.lang.Object java.lang.invoke.DirectMethodHandle$Holder.invokeSpecial(java.lang.Object, java.lang.Object, int, int, java.lang.Object, java.lang.Object, java.lang.Object)'> (0x0000000089ea01e8) thrown at [./src/hotspot/share/interpreter/linkResolver.cpp, line 773]
Event: 11.597 Thread 0x000001c9d81ed800 Exception <a 'java/lang/NoSuchMethodError'{0x0000000089ea4768}: 'java.lang.Object java.lang.invoke.DelegatingMethodHandle$Holder.reinvoke_L(java.lang.Object, int, int, java.lang.Object, java.lang.Object, java.lang.Object)'> (0x0000000089ea4768) thrown at [./src/hotspot/share/interpreter/linkResolver.cpp, line 773]
Event: 11.885 Thread 0x000001c9d81ed800 Exception <a 'java/lang/NoSuchMethodError'{0x00000000891418a8}: 'int java.lang.invoke.DirectMethodHandle$Holder.invokeInterface(java.lang.Object, java.lang.Object, java.lang.Object, java.lang.Object)'> (0x00000000891418a8) thrown at [./src/hotspot/share/interpreter/linkResolver.cpp, line 773]

Events (20 events):
Event: 12.265 loading class com/google/wireless/android/sdk/stats/GradleTaskExecutionOrBuilder
Event: 12.265 loading class com/google/wireless/android/sdk/stats/GradleTaskExecutionOrBuilder done
Event: 12.266 loading class com/google/wireless/android/sdk/stats/GradleTransformExecutionOrBuilder
Event: 12.266 loading class com/google/wireless/android/sdk/stats/GradleTransformExecutionOrBuilder done
Event: 12.266 loading class com/google/wireless/android/sdk/stats/GradleBuildProfileSpan$1
Event: 12.266 loading class com/google/wireless/android/sdk/stats/GradleBuildProfileSpan$1 done
Event: 12.267 loading class com/google/wireless/android/sdk/stats/GradleBuildProfileSpan$Builder
Event: 12.267 loading class com/google/wireless/android/sdk/stats/GradleBuildProfileSpan$Builder done
Event: 12.269 loading class com/google/wireless/android/sdk/stats/GradleTransformExecution
Event: 12.269 loading class com/google/wireless/android/sdk/stats/GradleTransformExecution done
Event: 12.271 loading class com/google/wireless/android/sdk/stats/GradleTaskExecution
Event: 12.271 loading class com/google/wireless/android/sdk/stats/GradleTaskExecution done
Event: 12.273 loading class com/android/build/gradle/internal/services/StringCachingBuildService$RegistrationAction
Event: 12.273 loading class com/android/build/gradle/internal/services/StringCachingBuildService$RegistrationAction done
Event: 12.273 loading class com/android/build/gradle/internal/services/StringCachingBuildService
Event: 12.273 loading class com/android/build/gradle/internal/services/StringCachingBuildService done
Event: 12.274 loading class com/android/builder/internal/StringCachingService
Event: 12.274 loading class com/android/builder/internal/StringCachingService done
Event: 12.274 loading class com/android/build/gradle/internal/ide/dependencies/MavenCoordinatesCacheBuildService$RegistrationAction
Event: 12.274 loading class com/android/build/gradle/internal/ide/dependencies/MavenCoordinatesCacheBuildService$RegistrationAction done


Dynamic libraries:
0x00007ff742150000 - 0x00007ff74215a000 	C:\Program Files\Android\Android Studio\jre\bin\java.exe
0x00007ff8f8710000 - 0x00007ff8f8908000 	C:\Windows\SYSTEM32\ntdll.dll
0x00007ff8f7230000 - 0x00007ff8f72ef000 	C:\Windows\System32\KERNEL32.DLL
0x00007ff8f62a0000 - 0x00007ff8f6596000 	C:\Windows\System32\KERNELBASE.dll
0x00007ff8f5f10000 - 0x00007ff8f6010000 	C:\Windows\System32\ucrtbase.dll
0x00007ff8e3330000 - 0x00007ff8e3347000 	C:\Program Files\Android\Android Studio\jre\bin\VCRUNTIME140.dll
0x00007ff8de640000 - 0x00007ff8de659000 	C:\Program Files\Android\Android Studio\jre\bin\jli.dll
0x00007ff8f73a0000 - 0x00007ff8f753d000 	C:\Windows\System32\USER32.dll
0x00007ff8f6010000 - 0x00007ff8f6032000 	C:\Windows\System32\win32u.dll
0x00007ff8f8380000 - 0x00007ff8f83ac000 	C:\Windows\System32\GDI32.dll
0x00007ff8f5df0000 - 0x00007ff8f5f05000 	C:\Windows\System32\gdi32full.dll
0x00007ff8f65a0000 - 0x00007ff8f663d000 	C:\Windows\System32\msvcp_win.dll
0x00007ff8e3590000 - 0x00007ff8e382a000 	C:\Windows\WinSxS\amd64_microsoft.windows.common-controls_6595b64144ccf1df_6.0.19041.1110_none_60b5254171f9507e\COMCTL32.dll
0x00007ff8f80b0000 - 0x00007ff8f814e000 	C:\Windows\System32\msvcrt.dll
0x00007ff8f86a0000 - 0x00007ff8f86d0000 	C:\Windows\System32\IMM32.DLL
0x00007ff8c6900000 - 0x00007ff8c699d000 	C:\Program Files\Android\Android Studio\jre\bin\msvcp140.dll
0x00007ff8b0110000 - 0x00007ff8b0c12000 	C:\Program Files\Android\Android Studio\jre\bin\server\jvm.dll
0x00007ff8f72f0000 - 0x00007ff8f739f000 	C:\Windows\System32\ADVAPI32.dll
0x00007ff8f84e0000 - 0x00007ff8f857c000 	C:\Windows\System32\sechost.dll
0x00007ff8f83b0000 - 0x00007ff8f84d6000 	C:\Windows\System32\RPCRT4.dll
0x00007ff8f85e0000 - 0x00007ff8f85e8000 	C:\Windows\System32\PSAPI.DLL
0x00007ff8eedd0000 - 0x00007ff8eedd9000 	C:\Windows\SYSTEM32\WSOCK32.dll
0x00007ff8f7730000 - 0x00007ff8f779b000 	C:\Windows\System32\WS2_32.dll
0x00007ff8e2d20000 - 0x00007ff8e2d47000 	C:\Windows\SYSTEM32\WINMM.dll
0x00007ff8e3830000 - 0x00007ff8e383a000 	C:\Windows\SYSTEM32\VERSION.dll
0x00007ff8f3d20000 - 0x00007ff8f3d32000 	C:\Windows\SYSTEM32\kernel.appcore.dll
0x00007ff8eebc0000 - 0x00007ff8eebd1000 	C:\Program Files\Android\Android Studio\jre\bin\verify.dll
0x00007ff8e1860000 - 0x00007ff8e1a44000 	C:\Windows\SYSTEM32\DBGHELP.DLL
0x00007ff8e2600000 - 0x00007ff8e2634000 	C:\Windows\SYSTEM32\dbgcore.DLL
0x00007ff8f66b0000 - 0x00007ff8f6732000 	C:\Windows\System32\bcryptPrimitives.dll
0x00007ff8e59b0000 - 0x00007ff8e59d9000 	C:\Program Files\Android\Android Studio\jre\bin\java.dll
0x00007ff8eedc0000 - 0x00007ff8eedcb000 	C:\Program Files\Android\Android Studio\jre\bin\jimage.dll
0x00007ff8e58e0000 - 0x00007ff8e58f8000 	C:\Program Files\Android\Android Studio\jre\bin\zip.dll
0x00007ff8f6840000 - 0x00007ff8f6f84000 	C:\Windows\System32\SHELL32.dll
0x00007ff8f3e90000 - 0x00007ff8f4623000 	C:\Windows\SYSTEM32\windows.storage.dll
0x00007ff8f7d50000 - 0x00007ff8f80a4000 	C:\Windows\System32\combase.dll
0x00007ff8f5830000 - 0x00007ff8f585e000 	C:\Windows\SYSTEM32\Wldp.dll
0x00007ff8f8150000 - 0x00007ff8f81fd000 	C:\Windows\System32\SHCORE.dll
0x00007ff8f7540000 - 0x00007ff8f7595000 	C:\Windows\System32\shlwapi.dll
0x00007ff8f5d20000 - 0x00007ff8f5d45000 	C:\Windows\SYSTEM32\profapi.dll
0x00007ff8eec70000 - 0x00007ff8eec8a000 	C:\Program Files\Android\Android Studio\jre\bin\net.dll
0x00007ff8e98c0000 - 0x00007ff8e99ca000 	C:\Windows\SYSTEM32\WINHTTP.dll
0x00007ff8f5590000 - 0x00007ff8f55fa000 	C:\Windows\system32\mswsock.dll
0x00007ff8eec50000 - 0x00007ff8eec64000 	C:\Program Files\Android\Android Studio\jre\bin\nio.dll
0x00007ff8eede0000 - 0x00007ff8eee07000 	C:\Users\hp\.gradle\native\e1d6ef7f7dcc3fd88c89a11ec53ec762bb8ba0a96d01ffa2cd45eb1d1d8dd5c5\windows-amd64\native-platform.dll
0x00007ff8c14a0000 - 0x00007ff8c15e4000 	C:\Users\hp\.gradle\native\0d407fdbe67a94daf76414ababcb853783967236a71b16ec16e742cd7a986fd3\windows-amd64\native-platform-file-events.dll
0x00007ff8eec40000 - 0x00007ff8eec4a000 	C:\Program Files\Android\Android Studio\jre\bin\management.dll
0x00007ff8eec30000 - 0x00007ff8eec3d000 	C:\Program Files\Android\Android Studio\jre\bin\management_ext.dll
0x00007ff8f5780000 - 0x00007ff8f5798000 	C:\Windows\SYSTEM32\CRYPTSP.dll
0x00007ff8f4e30000 - 0x00007ff8f4e64000 	C:\Windows\system32\rsaenh.dll
0x00007ff8f6740000 - 0x00007ff8f6767000 	C:\Windows\System32\bcrypt.dll
0x00007ff8f5ca0000 - 0x00007ff8f5cce000 	C:\Windows\SYSTEM32\USERENV.dll
0x00007ff8f57a0000 - 0x00007ff8f57ac000 	C:\Windows\SYSTEM32\CRYPTBASE.dll
0x00007ff8f5230000 - 0x00007ff8f526b000 	C:\Windows\SYSTEM32\IPHLPAPI.DLL
0x00007ff8f8370000 - 0x00007ff8f8378000 	C:\Windows\System32\NSI.dll
0x00007ff8ebd80000 - 0x00007ff8ebd97000 	C:\Windows\SYSTEM32\dhcpcsvc6.DLL
0x00007ff8ebd60000 - 0x00007ff8ebd7d000 	C:\Windows\SYSTEM32\dhcpcsvc.DLL
0x00007ff8f5270000 - 0x00007ff8f533a000 	C:\Windows\SYSTEM32\DNSAPI.dll

dbghelp: loaded successfully - version: 4.0.5 - missing functions: none
symbol engine: initialized successfully - sym options: 0x614 - pdb path: .;C:\Program Files\Android\Android Studio\jre\bin;C:\Windows\SYSTEM32;C:\Windows\WinSxS\amd64_microsoft.windows.common-controls_6595b64144ccf1df_6.0.19041.1110_none_60b5254171f9507e;C:\Program Files\Android\Android Studio\jre\bin\server;C:\Users\hp\.gradle\native\e1d6ef7f7dcc3fd88c89a11ec53ec762bb8ba0a96d01ffa2cd45eb1d1d8dd5c5\windows-amd64;C:\Users\hp\.gradle\native\0d407fdbe67a94daf76414ababcb853783967236a71b16ec16e742cd7a986fd3\windows-amd64

VM Arguments:
jvm_args: --add-opens=java.base/java.util=ALL-UNNAMED --add-opens=java.base/java.lang=ALL-UNNAMED --add-opens=java.base/java.lang.invoke=ALL-UNNAMED --add-opens=java.base/java.util=ALL-UNNAMED --add-opens=java.prefs/java.util.prefs=ALL-UNNAMED --add-opens=java.prefs/java.util.prefs=ALL-UNNAMED --add-opens=java.base/java.nio.charset=ALL-UNNAMED --add-opens=java.base/java.net=ALL-UNNAMED --add-opens=java.base/java.util.concurrent.atomic=ALL-UNNAMED -Xmx2048m -Dfile.encoding=UTF-8 -Duser.country=US -Duser.language=en -Duser.variant 
java_command: org.gradle.launcher.daemon.bootstrap.GradleDaemon 7.4
java_class_path (initial): C:\Users\hp\.gradle\wrapper\dists\gradle-7.4-bin\c0gwcg53nkjbqw7r0h0umtfvt\gradle-7.4\lib\gradle-launcher-7.4.jar
Launcher Type: SUN_STANDARD

[Global flags]
     intx CICompilerCount                          = 3                                         {product} {ergonomic}
     uint ConcGCThreads                            = 1                                         {product} {ergonomic}
     uint G1ConcRefinementThreads                  = 4                                         {product} {ergonomic}
   size_t G1HeapRegionSize                         = 1048576                                   {product} {ergonomic}
    uintx GCDrainStackTargetSize                   = 64                                        {product} {ergonomic}
   size_t InitialHeapSize                          = 134217728                                 {product} {ergonomic}
   size_t MarkStackSize                            = 4194304                                   {product} {ergonomic}
   size_t MaxHeapSize                              = 2147483648                                {product} {command line}
   size_t MaxNewSize                               = 1287651328                                {product} {ergonomic}
   size_t MinHeapDeltaBytes                        = 1048576                                   {product} {ergonomic}
    uintx NonNMethodCodeHeapSize                   = 5830732                                {pd product} {ergonomic}
    uintx NonProfiledCodeHeapSize                  = 122913754                              {pd product} {ergonomic}
    uintx ProfiledCodeHeapSize                     = 122913754                              {pd product} {ergonomic}
    uintx ReservedCodeCacheSize                    = 251658240                              {pd product} {ergonomic}
     bool SegmentedCodeCache                       = true                                      {product} {ergonomic}
     bool UseCompressedClassPointers               = true                                 {lp64_product} {ergonomic}
     bool UseCompressedOops                        = true                                 {lp64_product} {ergonomic}
     bool UseG1GC                                  = true                                      {product} {ergonomic}
     bool UseLargePagesIndividualAllocation        = false                                  {pd product} {ergonomic}

Logging:
Log output configuration:
 #0: stdout all=warning uptime,level,tags
 #1: stderr all=off uptime,level,tags

Environment Variables:
PATH=C:\Program Files (x86)\VMware\VMware Workstation\bin\;C:\Program Files (x86)\NVIDIA Corporation\PhysX\Common;C:\Windows\system32;C:\Windows;C:\Windows\System32\Wbem;C:\Windows\System32\WindowsPowerShell\v1.0\;C:\Windows\System32\OpenSSH\;C:\Users\hp\Documents\Java\jdk1.8.0_111\bin;c:\Program Files (x86)\Microsoft SQL Server\90\Tools\binn\;C:\Program Files\dotnet\;C:\Program Files\Microsoft SQL Server\150\Tools\Binn\;C:\Program Files\Microsoft SQL Server\Client SDK\ODBC\170\Tools\Binn\;C:\Program Files\Git\cmd;C:\Program Files\nodejs\;C:\ProgramData\chocolatey\bin;C:\Users\hp\AppData\Local\Programs\Python\Python310\Scripts\;C:\Users\hp\AppData\Local\Programs\Python\Python310\;C:\Users\hp\AppData\Local\Programs\Python\Launcher\;C:\Users\hp\AppData\Local\Microsoft\WindowsApps;C:\Program Files\Java\jdk1.8.0_111\bin;;C:\Program Files\JetBrains\PyCharm Community Edition 2022.3.1\bin;;C:\Users\hp\.dotnet\tools;C:\Users\hp\AppData\Roaming\npm;C:\Users\hp\AppData\Local\Programs\Microsoft VS Code\bin
USERNAME=hp
OS=Windows_NT
PROCESSOR_IDENTIFIER=Intel64 Family 6 Model 69 Stepping 1, GenuineIntel



---------------  S Y S T E M  ---------------

OS: Windows 10 , 64 bit Build 19041 (10.0.19041.3155)
OS uptime: 0 days 14:55 hours

CPU:total 4 (initial active 4) (2 cores per cpu, 2 threads per core) family 6 model 69 stepping 1 microcode 0x25, cmov, cx8, fxsr, mmx, sse, sse2, sse3, ssse3, sse4.1, sse4.2, popcnt, avx, avx2, aes, clmul, erms, lzcnt, ht, tsc, tscinvbit, bmi1, bmi2, fma

Memory: 4k page, system-wide physical 8089M (2412M free)
TotalPageFile size 10949M (AvailPageFile size 5M)
current process WorkingSet (physical memory assigned to process): 356M, peak: 356M
current process commit charge ("private bytes"): 406M, peak: 407M

vm_info: OpenJDK 64-Bit Server VM (11.0.13+0-b1751.21-8125866) for windows-amd64 JRE (11.0.13+0-b1751.21-8125866), built on Feb  2 2022 03:00:22 by "builder" with MS VC++ 14.0 (VS2015)

END.
