#
# There is insufficient memory for the Java Runtime Environment to continue.
# Native memory allocation (malloc) failed to allocate 1021296 bytes for Chunk::new
# Possible reasons:
#   The system is out of physical RAM or swap space
#   The process is running with CompressedOops enabled, and the Java Heap may be blocking the growth of the native heap
# Possible solutions:
#   Reduce memory load on the system
#   Increase physical memory or swap space
#   Check if swap backing store is full
#   Decrease Java heap size (-Xmx/-Xms)
#   Decrease number of Java threads
#   Decrease Java thread stack sizes (-Xss)
#   Set larger code cache with -XX:ReservedCodeCacheSize=
#   JVM is running with Unscaled Compressed Oops mode in which the Java heap is
#     placed in the first 4GB address space. The Java Heap base address is the
#     maximum limit for the native heap growth. Please use -XX:HeapBaseMinAddress
#     to set the Java Heap base and to place the Java Heap above 4GB virtual address.
# This output file may be truncated or incomplete.
#
#  Out of Memory Error (./src/hotspot/share/memory/arena.cpp:197), pid=11540, tid=13152
#
# JRE version: OpenJDK Runtime Environment (11.0.13) (build 11.0.13+0-b1751.21-8125866)
# Java VM: OpenJDK 64-Bit Server VM (11.0.13+0-b1751.21-8125866, mixed mode, tiered, compressed oops, g1 gc, windows-amd64)
# No core dump will be written. Minidumps are not enabled by default on client versions of Windows
#

---------------  S U M M A R Y ------------

Command Line: --add-opens=java.base/java.util=ALL-UNNAMED --add-opens=java.base/java.lang=ALL-UNNAMED --add-opens=java.base/java.lang.invoke=ALL-UNNAMED --add-opens=java.base/java.util=ALL-UNNAMED --add-opens=java.prefs/java.util.prefs=ALL-UNNAMED --add-opens=java.prefs/java.util.prefs=ALL-UNNAMED --add-opens=java.base/java.nio.charset=ALL-UNNAMED --add-opens=java.base/java.net=ALL-UNNAMED --add-opens=java.base/java.util.concurrent.atomic=ALL-UNNAMED -Xmx2048m -Dfile.encoding=UTF-8 -Duser.country=US -Duser.language=en -Duser.variant org.gradle.launcher.daemon.bootstrap.GradleDaemon 7.4

Host: Intel(R) Core(TM) i5-4300U CPU @ 1.90GHz, 4 cores, 7G,  Windows 10 , 64 bit Build 19041 (10.0.19041.3155)
Time: Tue Aug 22 23:59:32 2023 E. Africa Standard Time elapsed time: 17.023428 seconds (0d 0h 0m 17s)

---------------  T H R E A D  ---------------

Current thread (0x00000282af0b2000):  JavaThread "C2 CompilerThread1" daemon [_thread_in_native, id=13152, stack(0x000000b48f000000,0x000000b48f100000)]


Current CompileTask:
C2:  17023 6439       4       java.lang.invoke.MethodType::makeImpl (108 bytes)

Stack: [0x000000b48f000000,0x000000b48f100000]
Native frames: (J=compiled Java code, j=interpreted, Vv=VM code, C=native code)
V  [jvm.dll+0x6100fa]
V  [jvm.dll+0x747090]
V  [jvm.dll+0x7486ad]
V  [jvm.dll+0x748d83]
V  [jvm.dll+0x24ab48]
V  [jvm.dll+0xc04dc]
V  [jvm.dll+0xc0a0c]
V  [jvm.dll+0x35eb9d]
V  [jvm.dll+0x32b833]
V  [jvm.dll+0x32ad2a]
V  [jvm.dll+0x2032b2]
V  [jvm.dll+0x202437]
V  [jvm.dll+0x188e01]
V  [jvm.dll+0x21106b]
V  [jvm.dll+0x20f8c1]
V  [jvm.dll+0x70de0f]
V  [jvm.dll+0x706a75]
V  [jvm.dll+0x60ed66]
C  [ucrtbase.dll+0x21bb2]
C  [KERNEL32.DLL+0x17614]
C  [ntdll.dll+0x526b1]


---------------  P R O C E S S  ---------------

Threads class SMR info:
_java_thread_list=0x00000282b3cf0b10, length=79, elements={
0x00000282909df000, 0x00000282ac572000, 0x00000282ac576000, 0x00000282acf04800,
0x00000282acf06000, 0x00000282acf08000, 0x00000282acf0b000, 0x00000282acf10000,
0x00000282ac59b800, 0x00000282ad04f000, 0x00000282ae675000, 0x00000282ae9a5800,
0x00000282ae0d6000, 0x00000282ae088000, 0x00000282af392800, 0x00000282ae44e800,
0x00000282af1ce000, 0x00000282ad14b800, 0x00000282adad5000, 0x00000282ae9b2800,
0x00000282af4c6800, 0x00000282af4c4000, 0x00000282af4c3000, 0x00000282af4c5000,
0x00000282af4c5800, 0x00000282af4c7800, 0x00000282af4c1800, 0x00000282af4c8000,
0x00000282af4c2800, 0x00000282af5ef000, 0x00000282af0b2000, 0x00000282af5f2000,
0x00000282af5f1000, 0x00000282af5f3000, 0x00000282af5ed000, 0x00000282af5f6000,
0x00000282af5f8800, 0x00000282af5f3800, 0x00000282af5f7000, 0x00000282af5f5800,
0x00000282af5f8000, 0x00000282af5f4800, 0x00000282af5f9800, 0x00000282af5fc000,
0x00000282af5fb000, 0x00000282af5fa000, 0x00000282b01d6000, 0x00000282b01d3800,
0x00000282b01d2800, 0x00000282b01d4800, 0x00000282b01d5000, 0x00000282b01d2000,
0x00000282b01d1000, 0x00000282b01d0800, 0x00000282b01d8800, 0x00000282b01d7000,
0x00000282b01da000, 0x00000282b01db800, 0x00000282b01d9000, 0x00000282b01dc800,
0x00000282b01dd800, 0x00000282b01d7800, 0x00000282b01de000, 0x00000282b01df000,
0x00000282b01db000, 0x00000282b102a800, 0x00000282b1029000, 0x00000282b102b000,
0x00000282b1027000, 0x00000282b1025800, 0x00000282b102c000, 0x00000282b1029800,
0x00000282b1026800, 0x00000282b102d000, 0x00000282b102d800, 0x00000282b1028000,
0x00000282b1031000, 0x00000282b1034000, 0x00000282b1031800
}

Java Threads: ( => current thread )
  0x00000282909df000 JavaThread "main" [_thread_blocked, id=6556, stack(0x000000b48cf00000,0x000000b48d000000)]
  0x00000282ac572000 JavaThread "Reference Handler" daemon [_thread_blocked, id=7660, stack(0x000000b48d600000,0x000000b48d700000)]
  0x00000282ac576000 JavaThread "Finalizer" daemon [_thread_blocked, id=12548, stack(0x000000b48d700000,0x000000b48d800000)]
  0x00000282acf04800 JavaThread "Signal Dispatcher" daemon [_thread_blocked, id=10996, stack(0x000000b48d800000,0x000000b48d900000)]
  0x00000282acf06000 JavaThread "Attach Listener" daemon [_thread_blocked, id=14040, stack(0x000000b48d900000,0x000000b48da00000)]
  0x00000282acf08000 JavaThread "Service Thread" daemon [_thread_blocked, id=9932, stack(0x000000b48da00000,0x000000b48db00000)]
  0x00000282acf0b000 JavaThread "C2 CompilerThread0" daemon [_thread_in_native, id=8500, stack(0x000000b48db00000,0x000000b48dc00000)]
  0x00000282acf10000 JavaThread "C1 CompilerThread0" daemon [_thread_blocked, id=11788, stack(0x000000b48dc00000,0x000000b48dd00000)]
  0x00000282ac59b800 JavaThread "Sweeper thread" daemon [_thread_blocked, id=12644, stack(0x000000b48dd00000,0x000000b48de00000)]
  0x00000282ad04f000 JavaThread "Common-Cleaner" daemon [_thread_blocked, id=13456, stack(0x000000b48de00000,0x000000b48df00000)]
  0x00000282ae675000 JavaThread "Daemon health stats" [_thread_blocked, id=13420, stack(0x000000b48e300000,0x000000b48e400000)]
  0x00000282ae9a5800 JavaThread "Incoming local TCP Connector on port 10993" [_thread_in_native, id=8984, stack(0x000000b48e000000,0x000000b48e100000)]
  0x00000282ae0d6000 JavaThread "Daemon periodic checks" [_thread_blocked, id=11036, stack(0x000000b48e400000,0x000000b48e500000)]
  0x00000282ae088000 JavaThread "Daemon" [_thread_blocked, id=9740, stack(0x000000b48e500000,0x000000b48e600000)]
  0x00000282af392800 JavaThread "Handler for socket connection from /127.0.0.1:10993 to /127.0.0.1:10994" [_thread_in_native, id=10752, stack(0x000000b48e600000,0x000000b48e700000)]
  0x00000282ae44e800 JavaThread "Cancel handler" [_thread_blocked, id=1052, stack(0x000000b48e700000,0x000000b48e800000)]
  0x00000282af1ce000 JavaThread "Daemon worker" [_thread_in_vm, id=3376, stack(0x000000b48e800000,0x000000b48e900000)]
  0x00000282ad14b800 JavaThread "Asynchronous log dispatcher for DefaultDaemonConnection: socket connection from /127.0.0.1:10993 to /127.0.0.1:10994" [_thread_blocked, id=10908, stack(0x000000b48e900000,0x000000b48ea00000)]
  0x00000282adad5000 JavaThread "Stdin handler" [_thread_blocked, id=8060, stack(0x000000b48ea00000,0x000000b48eb00000)]
  0x00000282ae9b2800 JavaThread "Daemon client event forwarder" [_thread_blocked, id=7428, stack(0x000000b48eb00000,0x000000b48ec00000)]
  0x00000282af4c6800 JavaThread "Cache worker for journal cache (C:\Users\hp\.gradle\caches\journal-1)" [_thread_blocked, id=10632, stack(0x000000b48ed00000,0x000000b48ee00000)]
  0x00000282af4c4000 JavaThread "File lock request listener" [_thread_in_native, id=11572, stack(0x000000b48ee00000,0x000000b48ef00000)]
  0x00000282af4c3000 JavaThread "Cache worker for file hash cache (C:\Users\hp\.gradle\caches\7.4\fileHashes)" [_thread_blocked, id=6036, stack(0x000000b48ef00000,0x000000b48f000000)]
  0x00000282af4c5000 JavaThread "File watcher server" daemon [_thread_in_native, id=1580, stack(0x000000b48f100000,0x000000b48f200000)]
  0x00000282af4c5800 JavaThread "File watcher consumer" daemon [_thread_blocked, id=13288, stack(0x000000b48f200000,0x000000b48f300000)]
  0x00000282af4c7800 JavaThread "Cache worker for checksums cache (C:\Users\hp\Desktop\eCommerceApp\.gradle\7.4\checksums)" [_thread_blocked, id=7748, stack(0x000000b48f300000,0x000000b48f400000)]
  0x00000282af4c1800 JavaThread "Cache worker for cache directory md-rule (C:\Users\hp\.gradle\caches\7.4\md-rule)" [_thread_blocked, id=2316, stack(0x000000b48f400000,0x000000b48f500000)]
  0x00000282af4c8000 JavaThread "Cache worker for file hash cache (C:\Users\hp\Desktop\eCommerceApp\.gradle\7.4\fileHashes)" [_thread_blocked, id=8628, stack(0x000000b48f500000,0x000000b48f600000)]
  0x00000282af4c2800 JavaThread "Cache worker for cache directory md-supplier (C:\Users\hp\.gradle\caches\7.4\md-supplier)" [_thread_blocked, id=10960, stack(0x000000b48f600000,0x000000b48f700000)]
  0x00000282af5ef000 JavaThread "Cache worker for execution history cache (C:\Users\hp\.gradle\caches\7.4\executionHistory)" [_thread_blocked, id=6960, stack(0x000000b48f700000,0x000000b48f800000)]
=>0x00000282af0b2000 JavaThread "C2 CompilerThread1" daemon [_thread_in_native, id=13152, stack(0x000000b48f000000,0x000000b48f100000)]
  0x00000282af5f2000 JavaThread "jar transforms" [_thread_blocked, id=13028, stack(0x000000b48f800000,0x000000b48f900000)]
  0x00000282af5f1000 JavaThread "Cache worker for file content cache (C:\Users\hp\.gradle\caches\7.4\fileContent)" [_thread_blocked, id=12968, stack(0x000000b48f900000,0x000000b48fa00000)]
  0x00000282af5f3000 JavaThread "jar transforms Thread 2" [_thread_blocked, id=13296, stack(0x000000b48fa00000,0x000000b48fb00000)]
  0x00000282af5ed000 JavaThread "Cache worker for dependencies-accessors (C:\Users\hp\Desktop\eCommerceApp\.gradle\7.4\dependencies-accessors)" [_thread_blocked, id=12604, stack(0x000000b48fb00000,0x000000b48fc00000)]
  0x00000282af5f6000 JavaThread "jar transforms Thread 3" [_thread_blocked, id=6912, stack(0x000000b48fc00000,0x000000b48fd00000)]
  0x00000282af5f8800 JavaThread "Cache worker for Build Output Cleanup Cache (C:\Users\hp\Desktop\eCommerceApp\.gradle\buildOutputCleanup)" [_thread_blocked, id=7068, stack(0x000000b48fd00000,0x000000b48fe00000)]
  0x00000282af5f3800 JavaThread "Unconstrained build operations" [_thread_blocked, id=2332, stack(0x000000b48fe00000,0x000000b48ff00000)]
  0x00000282af5f7000 JavaThread "Unconstrained build operations Thread 2" [_thread_blocked, id=10104, stack(0x000000b48ff00000,0x000000b490000000)]
  0x00000282af5f5800 JavaThread "Unconstrained build operations Thread 3" [_thread_blocked, id=6592, stack(0x000000b490000000,0x000000b490100000)]
  0x00000282af5f8000 JavaThread "Unconstrained build operations Thread 4" [_thread_blocked, id=10788, stack(0x000000b490100000,0x000000b490200000)]
  0x00000282af5f4800 JavaThread "Unconstrained build operations Thread 5" [_thread_blocked, id=3556, stack(0x000000b490200000,0x000000b490300000)]
  0x00000282af5f9800 JavaThread "Unconstrained build operations Thread 6" [_thread_blocked, id=10880, stack(0x000000b490300000,0x000000b490400000)]
  0x00000282af5fc000 JavaThread "Unconstrained build operations Thread 7" [_thread_blocked, id=5944, stack(0x000000b490400000,0x000000b490500000)]
  0x00000282af5fb000 JavaThread "Unconstrained build operations Thread 8" [_thread_blocked, id=10924, stack(0x000000b490500000,0x000000b490600000)]
  0x00000282af5fa000 JavaThread "Unconstrained build operations Thread 9" [_thread_blocked, id=10892, stack(0x000000b490600000,0x000000b490700000)]
  0x00000282b01d6000 JavaThread "Unconstrained build operations Thread 10" [_thread_blocked, id=11336, stack(0x000000b490700000,0x000000b490800000)]
  0x00000282b01d3800 JavaThread "Unconstrained build operations Thread 11" [_thread_blocked, id=9712, stack(0x000000b490800000,0x000000b490900000)]
  0x00000282b01d2800 JavaThread "Unconstrained build operations Thread 12" [_thread_blocked, id=2988, stack(0x000000b490900000,0x000000b490a00000)]
  0x00000282b01d4800 JavaThread "Unconstrained build operations Thread 13" [_thread_blocked, id=1176, stack(0x000000b490a00000,0x000000b490b00000)]
  0x00000282b01d5000 JavaThread "Unconstrained build operations Thread 14" [_thread_blocked, id=9148, stack(0x000000b490b00000,0x000000b490c00000)]
  0x00000282b01d2000 JavaThread "Unconstrained build operations Thread 15" [_thread_blocked, id=12260, stack(0x000000b490c00000,0x000000b490d00000)]
  0x00000282b01d1000 JavaThread "Unconstrained build operations Thread 16" [_thread_blocked, id=8476, stack(0x000000b490d00000,0x000000b490e00000)]
  0x00000282b01d0800 JavaThread "Unconstrained build operations Thread 17" [_thread_blocked, id=7328, stack(0x000000b490e00000,0x000000b490f00000)]
  0x00000282b01d8800 JavaThread "Unconstrained build operations Thread 18" [_thread_blocked, id=4644, stack(0x000000b490f00000,0x000000b491000000)]
  0x00000282b01d7000 JavaThread "Unconstrained build operations Thread 19" [_thread_blocked, id=8544, stack(0x000000b491000000,0x000000b491100000)]
  0x00000282b01da000 JavaThread "Unconstrained build operations Thread 20" [_thread_blocked, id=14240, stack(0x000000b491100000,0x000000b491200000)]
  0x00000282b01db800 JavaThread "Unconstrained build operations Thread 21" [_thread_blocked, id=14228, stack(0x000000b491200000,0x000000b491300000)]
  0x00000282b01d9000 JavaThread "Unconstrained build operations Thread 22" [_thread_blocked, id=12732, stack(0x000000b491300000,0x000000b491400000)]
  0x00000282b01dc800 JavaThread "Unconstrained build operations Thread 23" [_thread_blocked, id=12148, stack(0x000000b491400000,0x000000b491500000)]
  0x00000282b01dd800 JavaThread "Unconstrained build operations Thread 24" [_thread_blocked, id=4432, stack(0x000000b491500000,0x000000b491600000)]
  0x00000282b01d7800 JavaThread "Unconstrained build operations Thread 25" [_thread_blocked, id=11692, stack(0x000000b491600000,0x000000b491700000)]
  0x00000282b01de000 JavaThread "Unconstrained build operations Thread 26" [_thread_blocked, id=5148, stack(0x000000b491700000,0x000000b491800000)]
  0x00000282b01df000 JavaThread "Unconstrained build operations Thread 27" [_thread_blocked, id=6972, stack(0x000000b491800000,0x000000b491900000)]
  0x00000282b01db000 JavaThread "Unconstrained build operations Thread 28" [_thread_blocked, id=11056, stack(0x000000b491900000,0x000000b491a00000)]
  0x00000282b102a800 JavaThread "Unconstrained build operations Thread 29" [_thread_blocked, id=1328, stack(0x000000b491a00000,0x000000b491b00000)]
  0x00000282b1029000 JavaThread "Unconstrained build operations Thread 30" [_thread_blocked, id=5672, stack(0x000000b491b00000,0x000000b491c00000)]
  0x00000282b102b000 JavaThread "Unconstrained build operations Thread 31" [_thread_blocked, id=10252, stack(0x000000b491c00000,0x000000b491d00000)]
  0x00000282b1027000 JavaThread "Unconstrained build operations Thread 32" [_thread_blocked, id=11724, stack(0x000000b491d00000,0x000000b491e00000)]
  0x00000282b1025800 JavaThread "Unconstrained build operations Thread 33" [_thread_blocked, id=11276, stack(0x000000b491e00000,0x000000b491f00000)]
  0x00000282b102c000 JavaThread "Unconstrained build operations Thread 34" [_thread_blocked, id=5112, stack(0x000000b491f00000,0x000000b492000000)]
  0x00000282b1029800 JavaThread "Unconstrained build operations Thread 35" [_thread_blocked, id=12992, stack(0x000000b492000000,0x000000b492100000)]
  0x00000282b1026800 JavaThread "Unconstrained build operations Thread 36" [_thread_blocked, id=5016, stack(0x000000b492100000,0x000000b492200000)]
  0x00000282b102d000 JavaThread "Unconstrained build operations Thread 37" [_thread_blocked, id=12044, stack(0x000000b492200000,0x000000b492300000)]
  0x00000282b102d800 JavaThread "Unconstrained build operations Thread 38" [_thread_blocked, id=8084, stack(0x000000b492300000,0x000000b492400000)]
  0x00000282b1028000 JavaThread "Unconstrained build operations Thread 39" [_thread_blocked, id=9196, stack(0x000000b492400000,0x000000b492500000)]
  0x00000282b1031000 JavaThread "Unconstrained build operations Thread 40" [_thread_blocked, id=9120, stack(0x000000b492500000,0x000000b492600000)]
  0x00000282b1034000 JavaThread "jar transforms Thread 4" [_thread_blocked, id=7056, stack(0x000000b492600000,0x000000b492700000)]
  0x00000282b1031800 JavaThread "Memory manager" [_thread_blocked, id=8100, stack(0x000000b492700000,0x000000b492800000)]

Other Threads:
  0x00000282ac56e800 VMThread "VM Thread" [stack: 0x000000b48d500000,0x000000b48d600000] [id=4380]
  0x00000282ad084000 WatcherThread [stack: 0x000000b48df00000,0x000000b48e000000] [id=12600]
  0x00000282909f8800 GCTaskThread "GC Thread#0" [stack: 0x000000b48d000000,0x000000b48d100000] [id=11760]
  0x00000282adb29000 GCTaskThread "GC Thread#1" [stack: 0x000000b48e100000,0x000000b48e200000] [id=13320]
  0x00000282ad6e9000 GCTaskThread "GC Thread#2" [stack: 0x000000b48e200000,0x000000b48e300000] [id=7540]
  0x00000282af610000 GCTaskThread "GC Thread#3" [stack: 0x000000b48ec00000,0x000000b48ed00000] [id=13916]
  0x0000028290a28000 ConcurrentGCThread "G1 Main Marker" [stack: 0x000000b48d100000,0x000000b48d200000] [id=8076]
  0x0000028290a29800 ConcurrentGCThread "G1 Conc#0" [stack: 0x000000b48d200000,0x000000b48d300000] [id=9732]
  0x0000028290aba800 ConcurrentGCThread "G1 Refine#0" [stack: 0x000000b48d300000,0x000000b48d400000] [id=9864]
  0x0000028290abb800 ConcurrentGCThread "G1 Young RemSet Sampling" [stack: 0x000000b48d400000,0x000000b48d500000] [id=6356]

Threads with active compile tasks:
C2 CompilerThread0  17134 6234       4       org.codehaus.groovy.reflection.CachedMethod::compareTo (25 bytes)
C1 CompilerThread0  17134 6496       2       groovy.lang.MetaClassImpl$1MOPIter::methodNameAction (325 bytes)
C2 CompilerThread1  17134 6439       4       java.lang.invoke.MethodType::makeImpl (108 bytes)

VM state:not at safepoint (normal execution)

VM Mutex/Monitor currently owned by a thread: None

Heap address: 0x0000000080000000, size: 2048 MB, Compressed Oops mode: 32-bit
Narrow klass base: 0x0000000000000000, Narrow klass shift: 3
Compressed class space size: 1073741824 Address: 0x0000000100000000

Heap:
 garbage-first heap   total 189440K, used 60667K [0x0000000080000000, 0x0000000100000000)
  region size 1024K, 18 young (18432K), 8 survivors (8192K)
 Metaspace       used 66348K, capacity 67848K, committed 68188K, reserved 1107968K
  class space    used 8331K, capacity 8887K, committed 8992K, reserved 1048576K
Heap Regions: E=young(eden), S=young(survivor), O=old, HS=humongous(starts), HC=humongous(continues), CS=collection set, F=free, A=archive, TAMS=top-at-mark-start (previous, next)
|   0|0x0000000080000000, 0x0000000080100000, 0x0000000080100000|100%|HS|  |TAMS 0x0000000080100000, 0x0000000080100000| Complete 
|   1|0x0000000080100000, 0x0000000080200000, 0x0000000080200000|100%|HC|  |TAMS 0x0000000080200000, 0x0000000080200000| Complete 
|   2|0x0000000080200000, 0x0000000080300000, 0x0000000080300000|100%|HC|  |TAMS 0x0000000080300000, 0x0000000080300000| Complete 
|   3|0x0000000080300000, 0x0000000080400000, 0x0000000080400000|100%| O|  |TAMS 0x0000000080400000, 0x0000000080400000| Untracked 
|   4|0x0000000080400000, 0x0000000080500000, 0x0000000080500000|100%| O|  |TAMS 0x0000000080500000, 0x0000000080500000| Untracked 
|   5|0x0000000080500000, 0x0000000080600000, 0x0000000080600000|100%| O|  |TAMS 0x0000000080600000, 0x0000000080600000| Untracked 
|   6|0x0000000080600000, 0x0000000080700000, 0x0000000080700000|100%| O|  |TAMS 0x0000000080700000, 0x0000000080700000| Untracked 
|   7|0x0000000080700000, 0x0000000080800000, 0x0000000080800000|100%| O|  |TAMS 0x0000000080800000, 0x0000000080800000| Untracked 
|   8|0x0000000080800000, 0x0000000080900000, 0x0000000080900000|100%| O|  |TAMS 0x0000000080900000, 0x0000000080900000| Untracked 
|   9|0x0000000080900000, 0x0000000080a00000, 0x0000000080a00000|100%| O|  |TAMS 0x0000000080a00000, 0x0000000080a00000| Untracked 
|  10|0x0000000080a00000, 0x0000000080b00000, 0x0000000080b00000|100%| O|  |TAMS 0x0000000080b00000, 0x0000000080b00000| Untracked 
|  11|0x0000000080b00000, 0x0000000080c00000, 0x0000000080c00000|100%| O|  |TAMS 0x0000000080c00000, 0x0000000080c00000| Untracked 
|  12|0x0000000080c00000, 0x0000000080d00000, 0x0000000080d00000|100%| O|  |TAMS 0x0000000080d00000, 0x0000000080d00000| Untracked 
|  13|0x0000000080d00000, 0x0000000080e00000, 0x0000000080e00000|100%| O|  |TAMS 0x0000000080e00000, 0x0000000080e00000| Untracked 
|  14|0x0000000080e00000, 0x0000000080f00000, 0x0000000080f00000|100%| O|  |TAMS 0x0000000080f00000, 0x0000000080f00000| Untracked 
|  15|0x0000000080f00000, 0x0000000081000000, 0x0000000081000000|100%| O|  |TAMS 0x0000000081000000, 0x0000000081000000| Untracked 
|  16|0x0000000081000000, 0x0000000081100000, 0x0000000081100000|100%|HS|  |TAMS 0x0000000081100000, 0x0000000081100000| Complete 
|  17|0x0000000081100000, 0x0000000081200000, 0x0000000081200000|100%| O|  |TAMS 0x0000000081200000, 0x0000000081200000| Untracked 
|  18|0x0000000081200000, 0x0000000081300000, 0x0000000081300000|100%| O|  |TAMS 0x0000000081300000, 0x0000000081300000| Untracked 
|  19|0x0000000081300000, 0x0000000081400000, 0x0000000081400000|100%| O|  |TAMS 0x0000000081400000, 0x0000000081400000| Untracked 
|  20|0x0000000081400000, 0x0000000081500000, 0x0000000081500000|100%| O|  |TAMS 0x0000000081500000, 0x0000000081500000| Untracked 
|  21|0x0000000081500000, 0x0000000081600000, 0x0000000081600000|100%| O|  |TAMS 0x0000000081600000, 0x0000000081600000| Untracked 
|  22|0x0000000081600000, 0x0000000081700000, 0x0000000081700000|100%| O|  |TAMS 0x0000000081700000, 0x0000000081700000| Untracked 
|  23|0x0000000081700000, 0x0000000081800000, 0x0000000081800000|100%|HS|  |TAMS 0x0000000081800000, 0x0000000081800000| Complete 
|  24|0x0000000081800000, 0x0000000081900000, 0x0000000081900000|100%| O|  |TAMS 0x0000000081900000, 0x0000000081900000| Untracked 
|  25|0x0000000081900000, 0x0000000081a00000, 0x0000000081a00000|100%|HS|  |TAMS 0x0000000081a00000, 0x0000000081a00000| Complete 
|  26|0x0000000081a00000, 0x0000000081b00000, 0x0000000081b00000|100%|HC|  |TAMS 0x0000000081b00000, 0x0000000081b00000| Complete 
|  27|0x0000000081b00000, 0x0000000081c00000, 0x0000000081c00000|100%| O|  |TAMS 0x0000000081c00000, 0x0000000081c00000| Untracked 
|  28|0x0000000081c00000, 0x0000000081d00000, 0x0000000081d00000|100%| O|  |TAMS 0x0000000081d00000, 0x0000000081d00000| Untracked 
|  29|0x0000000081d00000, 0x0000000081e00000, 0x0000000081e00000|100%| O|  |TAMS 0x0000000081e00000, 0x0000000081e00000| Untracked 
|  30|0x0000000081e00000, 0x0000000081f00000, 0x0000000081f00000|100%| O|  |TAMS 0x0000000081f00000, 0x0000000081f00000| Untracked 
|  31|0x0000000081f00000, 0x0000000082000000, 0x0000000082000000|100%| O|  |TAMS 0x0000000082000000, 0x0000000082000000| Untracked 
|  32|0x0000000082000000, 0x0000000082100000, 0x0000000082100000|100%| O|  |TAMS 0x0000000082100000, 0x0000000082100000| Untracked 
|  33|0x0000000082100000, 0x0000000082200000, 0x0000000082200000|100%| O|  |TAMS 0x0000000082200000, 0x0000000082200000| Untracked 
|  34|0x0000000082200000, 0x0000000082300000, 0x0000000082300000|100%| O|  |TAMS 0x0000000082300000, 0x0000000082300000| Untracked 
|  35|0x0000000082300000, 0x0000000082400000, 0x0000000082400000|100%| O|  |TAMS 0x0000000082400000, 0x0000000082400000| Untracked 
|  36|0x0000000082400000, 0x0000000082500000, 0x0000000082500000|100%| O|  |TAMS 0x0000000082500000, 0x0000000082500000| Untracked 
|  37|0x0000000082500000, 0x0000000082600000, 0x0000000082600000|100%| O|  |TAMS 0x0000000082600000, 0x0000000082600000| Untracked 
|  38|0x0000000082600000, 0x0000000082700000, 0x0000000082700000|100%| O|  |TAMS 0x0000000082700000, 0x0000000082700000| Untracked 
|  39|0x0000000082700000, 0x0000000082800000, 0x0000000082800000|100%| O|  |TAMS 0x0000000082800000, 0x0000000082800000| Untracked 
|  40|0x0000000082800000, 0x0000000082900000, 0x0000000082900000|100%| O|  |TAMS 0x0000000082900000, 0x0000000082900000| Untracked 
|  41|0x0000000082900000, 0x0000000082a00000, 0x0000000082a00000|100%| O|  |TAMS 0x0000000082a00000, 0x0000000082a00000| Untracked 
|  42|0x0000000082a00000, 0x0000000082aba600, 0x0000000082b00000| 72%| O|  |TAMS 0x0000000082aba600, 0x0000000082aba600| Untracked 
|  43|0x0000000082b00000, 0x0000000082b00000, 0x0000000082c00000|  0%| F|  |TAMS 0x0000000082b00000, 0x0000000082b00000| Untracked 
|  44|0x0000000082c00000, 0x0000000082c00000, 0x0000000082d00000|  0%| F|  |TAMS 0x0000000082c00000, 0x0000000082c00000| Untracked 
|  45|0x0000000082d00000, 0x0000000082d00000, 0x0000000082e00000|  0%| F|  |TAMS 0x0000000082d00000, 0x0000000082d00000| Untracked 
|  46|0x0000000082e00000, 0x0000000082e00000, 0x0000000082f00000|  0%| F|  |TAMS 0x0000000082e00000, 0x0000000082e00000| Untracked 
|  47|0x0000000082f00000, 0x0000000082f00000, 0x0000000083000000|  0%| F|  |TAMS 0x0000000082f00000, 0x0000000082f00000| Untracked 
|  48|0x0000000083000000, 0x0000000083000000, 0x0000000083100000|  0%| F|  |TAMS 0x0000000083000000, 0x0000000083000000| Untracked 
|  49|0x0000000083100000, 0x0000000083100000, 0x0000000083200000|  0%| F|  |TAMS 0x0000000083100000, 0x0000000083100000| Untracked 
|  50|0x0000000083200000, 0x0000000083200000, 0x0000000083300000|  0%| F|  |TAMS 0x0000000083200000, 0x0000000083200000| Untracked 
|  51|0x0000000083300000, 0x0000000083300000, 0x0000000083400000|  0%| F|  |TAMS 0x0000000083300000, 0x0000000083300000| Untracked 
|  52|0x0000000083400000, 0x0000000083400000, 0x0000000083500000|  0%| F|  |TAMS 0x0000000083400000, 0x0000000083400000| Untracked 
|  53|0x0000000083500000, 0x0000000083500000, 0x0000000083600000|  0%| F|  |TAMS 0x0000000083500000, 0x0000000083500000| Untracked 
|  54|0x0000000083600000, 0x0000000083600000, 0x0000000083700000|  0%| F|  |TAMS 0x0000000083600000, 0x0000000083600000| Untracked 
|  55|0x0000000083700000, 0x0000000083700000, 0x0000000083800000|  0%| F|  |TAMS 0x0000000083700000, 0x0000000083700000| Untracked 
|  56|0x0000000083800000, 0x0000000083800000, 0x0000000083900000|  0%| F|  |TAMS 0x0000000083800000, 0x0000000083800000| Untracked 
|  57|0x0000000083900000, 0x0000000083900000, 0x0000000083a00000|  0%| F|  |TAMS 0x0000000083900000, 0x0000000083900000| Untracked 
|  58|0x0000000083a00000, 0x0000000083a00000, 0x0000000083b00000|  0%| F|  |TAMS 0x0000000083a00000, 0x0000000083a00000| Untracked 
|  59|0x0000000083b00000, 0x0000000083b00000, 0x0000000083c00000|  0%| F|  |TAMS 0x0000000083b00000, 0x0000000083b00000| Untracked 
|  60|0x0000000083c00000, 0x0000000083c00000, 0x0000000083d00000|  0%| F|  |TAMS 0x0000000083c00000, 0x0000000083c00000| Untracked 
|  61|0x0000000083d00000, 0x0000000083d00000, 0x0000000083e00000|  0%| F|  |TAMS 0x0000000083d00000, 0x0000000083d00000| Untracked 
|  62|0x0000000083e00000, 0x0000000083e00000, 0x0000000083f00000|  0%| F|  |TAMS 0x0000000083e00000, 0x0000000083e00000| Untracked 
|  63|0x0000000083f00000, 0x0000000083f00000, 0x0000000084000000|  0%| F|  |TAMS 0x0000000083f00000, 0x0000000083f00000| Untracked 
|  64|0x0000000084000000, 0x0000000084000000, 0x0000000084100000|  0%| F|  |TAMS 0x0000000084000000, 0x0000000084000000| Untracked 
|  65|0x0000000084100000, 0x0000000084100000, 0x0000000084200000|  0%| F|  |TAMS 0x0000000084100000, 0x0000000084100000| Untracked 
|  66|0x0000000084200000, 0x0000000084200000, 0x0000000084300000|  0%| F|  |TAMS 0x0000000084200000, 0x0000000084200000| Untracked 
|  67|0x0000000084300000, 0x0000000084300000, 0x0000000084400000|  0%| F|  |TAMS 0x0000000084300000, 0x0000000084300000| Untracked 
|  68|0x0000000084400000, 0x0000000084400000, 0x0000000084500000|  0%| F|  |TAMS 0x0000000084400000, 0x0000000084400000| Untracked 
|  69|0x0000000084500000, 0x0000000084500000, 0x0000000084600000|  0%| F|  |TAMS 0x0000000084500000, 0x0000000084500000| Untracked 
|  70|0x0000000084600000, 0x0000000084600000, 0x0000000084700000|  0%| F|  |TAMS 0x0000000084600000, 0x0000000084600000| Untracked 
|  71|0x0000000084700000, 0x0000000084700000, 0x0000000084800000|  0%| F|  |TAMS 0x0000000084700000, 0x0000000084700000| Untracked 
|  72|0x0000000084800000, 0x0000000084800000, 0x0000000084900000|  0%| F|  |TAMS 0x0000000084800000, 0x0000000084800000| Untracked 
|  73|0x0000000084900000, 0x0000000084900000, 0x0000000084a00000|  0%| F|  |TAMS 0x0000000084900000, 0x0000000084900000| Untracked 
|  74|0x0000000084a00000, 0x0000000084a00000, 0x0000000084b00000|  0%| F|  |TAMS 0x0000000084a00000, 0x0000000084a00000| Untracked 
|  75|0x0000000084b00000, 0x0000000084b00000, 0x0000000084c00000|  0%| F|  |TAMS 0x0000000084b00000, 0x0000000084b00000| Untracked 
|  76|0x0000000084c00000, 0x0000000084c00000, 0x0000000084d00000|  0%| F|  |TAMS 0x0000000084c00000, 0x0000000084c00000| Untracked 
|  77|0x0000000084d00000, 0x0000000084d00000, 0x0000000084e00000|  0%| F|  |TAMS 0x0000000084d00000, 0x0000000084d00000| Untracked 
|  78|0x0000000084e00000, 0x0000000084e00000, 0x0000000084f00000|  0%| F|  |TAMS 0x0000000084e00000, 0x0000000084e00000| Untracked 
|  79|0x0000000084f00000, 0x0000000084f00000, 0x0000000085000000|  0%| F|  |TAMS 0x0000000084f00000, 0x0000000084f00000| Untracked 
|  80|0x0000000085000000, 0x0000000085000000, 0x0000000085100000|  0%| F|  |TAMS 0x0000000085000000, 0x0000000085000000| Untracked 
|  81|0x0000000085100000, 0x0000000085100000, 0x0000000085200000|  0%| F|  |TAMS 0x0000000085100000, 0x0000000085100000| Untracked 
|  82|0x0000000085200000, 0x0000000085200000, 0x0000000085300000|  0%| F|  |TAMS 0x0000000085200000, 0x0000000085200000| Untracked 
|  83|0x0000000085300000, 0x0000000085300000, 0x0000000085400000|  0%| F|  |TAMS 0x0000000085300000, 0x0000000085300000| Untracked 
|  84|0x0000000085400000, 0x0000000085400000, 0x0000000085500000|  0%| F|  |TAMS 0x0000000085400000, 0x0000000085400000| Untracked 
|  85|0x0000000085500000, 0x0000000085500000, 0x0000000085600000|  0%| F|  |TAMS 0x0000000085500000, 0x0000000085500000| Untracked 
|  86|0x0000000085600000, 0x0000000085600000, 0x0000000085700000|  0%| F|  |TAMS 0x0000000085600000, 0x0000000085600000| Untracked 
|  87|0x0000000085700000, 0x0000000085700000, 0x0000000085800000|  0%| F|  |TAMS 0x0000000085700000, 0x0000000085700000| Untracked 
|  88|0x0000000085800000, 0x0000000085800000, 0x0000000085900000|  0%| F|  |TAMS 0x0000000085800000, 0x0000000085800000| Untracked 
|  89|0x0000000085900000, 0x0000000085984740, 0x0000000085a00000| 51%| S|CS|TAMS 0x0000000085900000, 0x0000000085900000| Complete 
|  90|0x0000000085a00000, 0x0000000085b00000, 0x0000000085b00000|100%| S|CS|TAMS 0x0000000085a00000, 0x0000000085a00000| Complete 
|  91|0x0000000085b00000, 0x0000000085c00000, 0x0000000085c00000|100%| S|CS|TAMS 0x0000000085b00000, 0x0000000085b00000| Complete 
|  92|0x0000000085c00000, 0x0000000085d00000, 0x0000000085d00000|100%| S|CS|TAMS 0x0000000085c00000, 0x0000000085c00000| Complete 
|  93|0x0000000085d00000, 0x0000000085e00000, 0x0000000085e00000|100%| S|CS|TAMS 0x0000000085d00000, 0x0000000085d00000| Complete 
|  94|0x0000000085e00000, 0x0000000085f00000, 0x0000000085f00000|100%| S|CS|TAMS 0x0000000085e00000, 0x0000000085e00000| Complete 
|  95|0x0000000085f00000, 0x0000000086000000, 0x0000000086000000|100%| S|CS|TAMS 0x0000000085f00000, 0x0000000085f00000| Complete 
|  96|0x0000000086000000, 0x0000000086100000, 0x0000000086100000|100%| S|CS|TAMS 0x0000000086000000, 0x0000000086000000| Complete 
|  97|0x0000000086100000, 0x0000000086100000, 0x0000000086200000|  0%| F|  |TAMS 0x0000000086100000, 0x0000000086100000| Untracked 
|  98|0x0000000086200000, 0x0000000086200000, 0x0000000086300000|  0%| F|  |TAMS 0x0000000086200000, 0x0000000086200000| Untracked 
|  99|0x0000000086300000, 0x0000000086300000, 0x0000000086400000|  0%| F|  |TAMS 0x0000000086300000, 0x0000000086300000| Untracked 
| 100|0x0000000086400000, 0x0000000086400000, 0x0000000086500000|  0%| F|  |TAMS 0x0000000086400000, 0x0000000086400000| Untracked 
| 101|0x0000000086500000, 0x0000000086500000, 0x0000000086600000|  0%| F|  |TAMS 0x0000000086500000, 0x0000000086500000| Untracked 
| 102|0x0000000086600000, 0x0000000086600000, 0x0000000086700000|  0%| F|  |TAMS 0x0000000086600000, 0x0000000086600000| Untracked 
| 103|0x0000000086700000, 0x0000000086700000, 0x0000000086800000|  0%| F|  |TAMS 0x0000000086700000, 0x0000000086700000| Untracked 
| 104|0x0000000086800000, 0x0000000086800000, 0x0000000086900000|  0%| F|  |TAMS 0x0000000086800000, 0x0000000086800000| Untracked 
| 105|0x0000000086900000, 0x0000000086900000, 0x0000000086a00000|  0%| F|  |TAMS 0x0000000086900000, 0x0000000086900000| Untracked 
| 106|0x0000000086a00000, 0x0000000086a00000, 0x0000000086b00000|  0%| F|  |TAMS 0x0000000086a00000, 0x0000000086a00000| Untracked 
| 107|0x0000000086b00000, 0x0000000086b00000, 0x0000000086c00000|  0%| F|  |TAMS 0x0000000086b00000, 0x0000000086b00000| Untracked 
| 108|0x0000000086c00000, 0x0000000086c00000, 0x0000000086d00000|  0%| F|  |TAMS 0x0000000086c00000, 0x0000000086c00000| Untracked 
| 109|0x0000000086d00000, 0x0000000086d00000, 0x0000000086e00000|  0%| F|  |TAMS 0x0000000086d00000, 0x0000000086d00000| Untracked 
| 110|0x0000000086e00000, 0x0000000086e00000, 0x0000000086f00000|  0%| F|  |TAMS 0x0000000086e00000, 0x0000000086e00000| Untracked 
| 111|0x0000000086f00000, 0x0000000086f00000, 0x0000000087000000|  0%| F|  |TAMS 0x0000000086f00000, 0x0000000086f00000| Untracked 
| 112|0x0000000087000000, 0x0000000087000000, 0x0000000087100000|  0%| F|  |TAMS 0x0000000087000000, 0x0000000087000000| Untracked 
| 113|0x0000000087100000, 0x0000000087100000, 0x0000000087200000|  0%| F|  |TAMS 0x0000000087100000, 0x0000000087100000| Untracked 
| 114|0x0000000087200000, 0x0000000087200000, 0x0000000087300000|  0%| F|  |TAMS 0x0000000087200000, 0x0000000087200000| Untracked 
| 115|0x0000000087300000, 0x0000000087300000, 0x0000000087400000|  0%| F|  |TAMS 0x0000000087300000, 0x0000000087300000| Untracked 
| 116|0x0000000087400000, 0x0000000087400000, 0x0000000087500000|  0%| F|  |TAMS 0x0000000087400000, 0x0000000087400000| Untracked 
| 117|0x0000000087500000, 0x0000000087500000, 0x0000000087600000|  0%| F|  |TAMS 0x0000000087500000, 0x0000000087500000| Untracked 
| 118|0x0000000087600000, 0x0000000087600000, 0x0000000087700000|  0%| F|  |TAMS 0x0000000087600000, 0x0000000087600000| Untracked 
| 119|0x0000000087700000, 0x0000000087700000, 0x0000000087800000|  0%| F|  |TAMS 0x0000000087700000, 0x0000000087700000| Untracked 
| 120|0x0000000087800000, 0x0000000087800000, 0x0000000087900000|  0%| F|  |TAMS 0x0000000087800000, 0x0000000087800000| Untracked 
| 121|0x0000000087900000, 0x0000000087900000, 0x0000000087a00000|  0%| F|  |TAMS 0x0000000087900000, 0x0000000087900000| Untracked 
| 122|0x0000000087a00000, 0x0000000087a00000, 0x0000000087b00000|  0%| F|  |TAMS 0x0000000087a00000, 0x0000000087a00000| Untracked 
| 123|0x0000000087b00000, 0x0000000087b00000, 0x0000000087c00000|  0%| F|  |TAMS 0x0000000087b00000, 0x0000000087b00000| Untracked 
| 124|0x0000000087c00000, 0x0000000087c00000, 0x0000000087d00000|  0%| F|  |TAMS 0x0000000087c00000, 0x0000000087c00000| Untracked 
| 125|0x0000000087d00000, 0x0000000087d00000, 0x0000000087e00000|  0%| F|  |TAMS 0x0000000087d00000, 0x0000000087d00000| Untracked 
| 126|0x0000000087e00000, 0x0000000087e00000, 0x0000000087f00000|  0%| F|  |TAMS 0x0000000087e00000, 0x0000000087e00000| Untracked 
| 127|0x0000000087f00000, 0x0000000087f00000, 0x0000000088000000|  0%| F|  |TAMS 0x0000000087f00000, 0x0000000087f00000| Untracked 
| 128|0x0000000088000000, 0x0000000088000000, 0x0000000088100000|  0%| F|  |TAMS 0x0000000088000000, 0x0000000088000000| Untracked 
| 129|0x0000000088100000, 0x0000000088100000, 0x0000000088200000|  0%| F|  |TAMS 0x0000000088100000, 0x0000000088100000| Untracked 
| 130|0x0000000088200000, 0x0000000088200000, 0x0000000088300000|  0%| F|  |TAMS 0x0000000088200000, 0x0000000088200000| Untracked 
| 131|0x0000000088300000, 0x0000000088300000, 0x0000000088400000|  0%| F|  |TAMS 0x0000000088300000, 0x0000000088300000| Untracked 
| 132|0x0000000088400000, 0x0000000088400000, 0x0000000088500000|  0%| F|  |TAMS 0x0000000088400000, 0x0000000088400000| Untracked 
| 133|0x0000000088500000, 0x0000000088500000, 0x0000000088600000|  0%| F|  |TAMS 0x0000000088500000, 0x0000000088500000| Untracked 
| 134|0x0000000088600000, 0x0000000088600000, 0x0000000088700000|  0%| F|  |TAMS 0x0000000088600000, 0x0000000088600000| Untracked 
| 135|0x0000000088700000, 0x0000000088700000, 0x0000000088800000|  0%| F|  |TAMS 0x0000000088700000, 0x0000000088700000| Untracked 
| 136|0x0000000088800000, 0x0000000088800000, 0x0000000088900000|  0%| F|  |TAMS 0x0000000088800000, 0x0000000088800000| Untracked 
| 137|0x0000000088900000, 0x0000000088900000, 0x0000000088a00000|  0%| F|  |TAMS 0x0000000088900000, 0x0000000088900000| Untracked 
| 138|0x0000000088a00000, 0x0000000088a00000, 0x0000000088b00000|  0%| F|  |TAMS 0x0000000088a00000, 0x0000000088a00000| Untracked 
| 139|0x0000000088b00000, 0x0000000088b00000, 0x0000000088c00000|  0%| F|  |TAMS 0x0000000088b00000, 0x0000000088b00000| Untracked 
| 140|0x0000000088c00000, 0x0000000088c00000, 0x0000000088d00000|  0%| F|  |TAMS 0x0000000088c00000, 0x0000000088c00000| Untracked 
| 141|0x0000000088d00000, 0x0000000088d00000, 0x0000000088e00000|  0%| F|  |TAMS 0x0000000088d00000, 0x0000000088d00000| Untracked 
| 142|0x0000000088e00000, 0x0000000088e00000, 0x0000000088f00000|  0%| F|  |TAMS 0x0000000088e00000, 0x0000000088e00000| Untracked 
| 143|0x0000000088f00000, 0x0000000088f00000, 0x0000000089000000|  0%| F|  |TAMS 0x0000000088f00000, 0x0000000088f00000| Untracked 
| 144|0x0000000089000000, 0x0000000089000000, 0x0000000089100000|  0%| F|  |TAMS 0x0000000089000000, 0x0000000089000000| Untracked 
| 145|0x0000000089100000, 0x0000000089100000, 0x0000000089200000|  0%| F|  |TAMS 0x0000000089100000, 0x0000000089100000| Untracked 
| 146|0x0000000089200000, 0x0000000089200000, 0x0000000089300000|  0%| F|  |TAMS 0x0000000089200000, 0x0000000089200000| Untracked 
| 147|0x0000000089300000, 0x0000000089300000, 0x0000000089400000|  0%| F|  |TAMS 0x0000000089300000, 0x0000000089300000| Untracked 
| 148|0x0000000089400000, 0x0000000089400000, 0x0000000089500000|  0%| F|  |TAMS 0x0000000089400000, 0x0000000089400000| Untracked 
| 149|0x0000000089500000, 0x0000000089500000, 0x0000000089600000|  0%| F|  |TAMS 0x0000000089500000, 0x0000000089500000| Untracked 
| 150|0x0000000089600000, 0x0000000089600000, 0x0000000089700000|  0%| F|  |TAMS 0x0000000089600000, 0x0000000089600000| Untracked 
| 151|0x0000000089700000, 0x0000000089700000, 0x0000000089800000|  0%| F|  |TAMS 0x0000000089700000, 0x0000000089700000| Untracked 
| 152|0x0000000089800000, 0x0000000089800000, 0x0000000089900000|  0%| F|  |TAMS 0x0000000089800000, 0x0000000089800000| Untracked 
| 153|0x0000000089900000, 0x0000000089900000, 0x0000000089a00000|  0%| F|  |TAMS 0x0000000089900000, 0x0000000089900000| Untracked 
| 154|0x0000000089a00000, 0x0000000089a00000, 0x0000000089b00000|  0%| F|  |TAMS 0x0000000089a00000, 0x0000000089a00000| Untracked 
| 155|0x0000000089b00000, 0x0000000089b00000, 0x0000000089c00000|  0%| F|  |TAMS 0x0000000089b00000, 0x0000000089b00000| Untracked 
| 156|0x0000000089c00000, 0x0000000089c00000, 0x0000000089d00000|  0%| F|  |TAMS 0x0000000089c00000, 0x0000000089c00000| Untracked 
| 157|0x0000000089d00000, 0x0000000089d00000, 0x0000000089e00000|  0%| F|  |TAMS 0x0000000089d00000, 0x0000000089d00000| Untracked 
| 158|0x0000000089e00000, 0x0000000089e00000, 0x0000000089f00000|  0%| F|  |TAMS 0x0000000089e00000, 0x0000000089e00000| Untracked 
| 159|0x0000000089f00000, 0x0000000089f00000, 0x000000008a000000|  0%| F|  |TAMS 0x0000000089f00000, 0x0000000089f00000| Untracked 
| 160|0x000000008a000000, 0x000000008a000000, 0x000000008a100000|  0%| F|  |TAMS 0x000000008a000000, 0x000000008a000000| Untracked 
| 161|0x000000008a100000, 0x000000008a100000, 0x000000008a200000|  0%| F|  |TAMS 0x000000008a100000, 0x000000008a100000| Untracked 
| 162|0x000000008a200000, 0x000000008a200000, 0x000000008a300000|  0%| F|  |TAMS 0x000000008a200000, 0x000000008a200000| Untracked 
| 163|0x000000008a300000, 0x000000008a300000, 0x000000008a400000|  0%| F|  |TAMS 0x000000008a300000, 0x000000008a300000| Untracked 
| 164|0x000000008a400000, 0x000000008a400000, 0x000000008a500000|  0%| F|  |TAMS 0x000000008a400000, 0x000000008a400000| Untracked 
| 165|0x000000008a500000, 0x000000008a500000, 0x000000008a600000|  0%| F|  |TAMS 0x000000008a500000, 0x000000008a500000| Untracked 
| 166|0x000000008a600000, 0x000000008a600000, 0x000000008a700000|  0%| F|  |TAMS 0x000000008a600000, 0x000000008a600000| Untracked 
| 167|0x000000008a700000, 0x000000008a700000, 0x000000008a800000|  0%| F|  |TAMS 0x000000008a700000, 0x000000008a700000| Untracked 
| 168|0x000000008a800000, 0x000000008a800000, 0x000000008a900000|  0%| F|  |TAMS 0x000000008a800000, 0x000000008a800000| Untracked 
| 169|0x000000008a900000, 0x000000008a900000, 0x000000008aa00000|  0%| F|  |TAMS 0x000000008a900000, 0x000000008a900000| Untracked 
| 170|0x000000008aa00000, 0x000000008aa00000, 0x000000008ab00000|  0%| F|  |TAMS 0x000000008aa00000, 0x000000008aa00000| Untracked 
| 171|0x000000008ab00000, 0x000000008ab00000, 0x000000008ac00000|  0%| F|  |TAMS 0x000000008ab00000, 0x000000008ab00000| Untracked 
| 172|0x000000008ac00000, 0x000000008ac00000, 0x000000008ad00000|  0%| F|  |TAMS 0x000000008ac00000, 0x000000008ac00000| Untracked 
| 173|0x000000008ad00000, 0x000000008ad00000, 0x000000008ae00000|  0%| F|  |TAMS 0x000000008ad00000, 0x000000008ad00000| Untracked 
| 174|0x000000008ae00000, 0x000000008af00000, 0x000000008af00000|100%| E|  |TAMS 0x000000008ae00000, 0x000000008ae00000| Complete 
| 175|0x000000008af00000, 0x000000008b000000, 0x000000008b000000|100%| E|CS|TAMS 0x000000008af00000, 0x000000008af00000| Complete 
| 176|0x000000008b000000, 0x000000008b100000, 0x000000008b100000|100%| E|CS|TAMS 0x000000008b000000, 0x000000008b000000| Complete 
| 177|0x000000008b100000, 0x000000008b200000, 0x000000008b200000|100%| E|CS|TAMS 0x000000008b100000, 0x000000008b100000| Complete 
| 178|0x000000008b200000, 0x000000008b300000, 0x000000008b300000|100%| E|CS|TAMS 0x000000008b200000, 0x000000008b200000| Complete 
| 179|0x000000008b300000, 0x000000008b400000, 0x000000008b400000|100%| E|CS|TAMS 0x000000008b300000, 0x000000008b300000| Complete 
| 180|0x000000008b400000, 0x000000008b500000, 0x000000008b500000|100%| E|CS|TAMS 0x000000008b400000, 0x000000008b400000| Complete 
| 181|0x000000008b500000, 0x000000008b600000, 0x000000008b600000|100%| E|CS|TAMS 0x000000008b500000, 0x000000008b500000| Complete 
| 182|0x000000008b600000, 0x000000008b700000, 0x000000008b700000|100%| E|CS|TAMS 0x000000008b600000, 0x000000008b600000| Complete 
| 183|0x000000008b700000, 0x000000008b800000, 0x000000008b800000|100%| E|CS|TAMS 0x000000008b700000, 0x000000008b700000| Complete 
| 184|0x000000008b800000, 0x000000008b900000, 0x000000008b900000|100%| E|CS|TAMS 0x000000008b800000, 0x000000008b800000| Complete 

Card table byte_map: [0x00000282a5720000,0x00000282a5b20000] _byte_map_base: 0x00000282a5320000

Marking Bits (Prev, Next): (CMBitMap*) 0x0000028290a1f5c0, (CMBitMap*) 0x0000028290a1f588
 Prev Bits: [0x00000282a7f20000, 0x00000282a9f20000)
 Next Bits: [0x00000282a5f20000, 0x00000282a7f20000)

Polling page: 0x0000028290ac0000

Metaspace:

Usage:
  Non-class:     57.58 MB capacity,    56.66 MB ( 98%) used,   771.45 KB (  1%) free+waste,   166.25 KB ( <1%) overhead. 
      Class:      8.68 MB capacity,     8.14 MB ( 94%) used,   477.98 KB (  5%) free+waste,    77.19 KB ( <1%) overhead. 
       Both:     66.26 MB capacity,    64.80 MB ( 98%) used,     1.22 MB (  2%) free+waste,   243.44 KB ( <1%) overhead. 

Virtual space:
  Non-class space:       58.00 MB reserved,      57.81 MB (>99%) committed 
      Class space:        1.00 GB reserved,       8.78 MB ( <1%) committed 
             Both:        1.06 GB reserved,      66.59 MB (  6%) committed 

Chunk freelists:
   Non-Class:  43.00 KB
       Class:  9.00 KB
        Both:  52.00 KB

MaxMetaspaceSize: 17179869184.00 GB
CompressedClassSpaceSize: 1.00 GB
Initial GC threshold: 20.80 MB
Current GC threshold: 99.94 MB
CDS: off

CodeHeap 'non-profiled nmethods': size=120064Kb used=3655Kb max_used=3655Kb free=116408Kb
 bounds [0x000002829d7c0000, 0x000002829db60000, 0x00000282a4d00000]
CodeHeap 'profiled nmethods': size=120000Kb used=13882Kb max_used=13882Kb free=106117Kb
 bounds [0x0000028296290000, 0x0000028297020000, 0x000002829d7c0000]
CodeHeap 'non-nmethods': size=5696Kb used=2341Kb max_used=2395Kb free=3354Kb
 bounds [0x0000028295d00000, 0x0000028295f70000, 0x0000028296290000]
 total_blobs=7286 nmethods=6430 adapters=768
 compilation: enabled
              stopped_count=0, restarted_count=0
 full_count=0

Compilation events (20 events):
Event: 16.994 Thread 0x00000282acf10000 6449       3       org.gradle.api.internal.collections.AbstractIterationOrderRetainingElementSource$RealizedElementCollectionIterator::updateNext (157 bytes)
Event: 16.996 Thread 0x00000282acf10000 nmethod 6449 0x0000028296ff1810 code [0x0000028296ff1ac0, 0x0000028296ff2998]
Event: 16.996 Thread 0x00000282acf10000 6450       3       org.gradle.api.internal.collections.AbstractIterationOrderRetainingElementSource$RealizedElementCollectionIterator::hasNext (13 bytes)
Event: 16.996 Thread 0x00000282acf10000 nmethod 6450 0x0000028296ff2e10 code [0x0000028296ff2fc0, 0x0000028296ff3118]
Event: 16.998 Thread 0x00000282acf10000 6451       1       org.codehaus.groovy.runtime.callsite.AbstractCallSite::getName (5 bytes)
Event: 16.998 Thread 0x00000282acf10000 nmethod 6451 0x000002829db51c10 code [0x000002829db51dc0, 0x000002829db51e78]
Event: 17.000 Thread 0x00000282acf10000 6452       3       org.codehaus.groovy.reflection.CachedClass$CachedMethodComparatorWithString::compare (37 bytes)
Event: 17.000 Thread 0x00000282acf10000 nmethod 6452 0x0000028296ff3190 code [0x0000028296ff33a0, 0x0000028296ff3b18]
Event: 17.002 Thread 0x00000282acf10000 6453       3       org.codehaus.groovy.reflection.ClassInfo$LazyCachedClassRef::initValue (5 bytes)
Event: 17.003 Thread 0x00000282acf10000 nmethod 6453 0x0000028296ff3d90 code [0x0000028296ff3f80, 0x0000028296ff4338]
Event: 17.003 Thread 0x00000282acf10000 6454       3       org.codehaus.groovy.reflection.ClassInfo$LazyCachedClassRef::initValue (21 bytes)
Event: 17.003 Thread 0x00000282acf10000 nmethod 6454 0x0000028296ff4490 code [0x0000028296ff4680, 0x0000028296ff49d8]
Event: 17.003 Thread 0x00000282acf10000 6455       3       org.codehaus.groovy.reflection.ClassInfo::access$300 (6 bytes)
Event: 17.003 Thread 0x00000282acf10000 nmethod 6455 0x0000028296ff4b10 code [0x0000028296ff4cc0, 0x0000028296ff4dc8]
Event: 17.017 Thread 0x00000282acf10000 6456       3       sun.reflect.generics.reflectiveObjects.TypeVariableImpl::toString (5 bytes)
Event: 17.018 Thread 0x00000282acf10000 nmethod 6456 0x0000028296ff4e90 code [0x0000028296ff5040, 0x0000028296ff5158]
Event: 17.018 Thread 0x00000282acf10000 6457       3       com.sun.beans.util.Cache::index (7 bytes)
Event: 17.018 Thread 0x00000282acf10000 nmethod 6457 0x0000028296ff5210 code [0x0000028296ff53c0, 0x0000028296ff54b8]
Event: 17.019 Thread 0x00000282acf10000 6458       3       groovy.lang.MetaMethod::equal (38 bytes)
Event: 17.019 Thread 0x00000282acf10000 nmethod 6458 0x0000028296ff5590 code [0x0000028296ff5760, 0x0000028296ff59d8]

GC Heap History (20 events):
Event: 1.131 GC heap before
{Heap before GC invocations=1 (full 0):
 garbage-first heap   total 131072K, used 19103K [0x0000000080000000, 0x0000000100000000)
  region size 1024K, 13 young (13312K), 2 survivors (2048K)
 Metaspace       used 9871K, capacity 10122K, committed 10368K, reserved 1058816K
  class space    used 1011K, capacity 1102K, committed 1152K, reserved 1048576K
}
Event: 1.137 GC heap after
{Heap after GC invocations=2 (full 0):
 garbage-first heap   total 131072K, used 9507K [0x0000000080000000, 0x0000000100000000)
  region size 1024K, 2 young (2048K), 2 survivors (2048K)
 Metaspace       used 9871K, capacity 10122K, committed 10368K, reserved 1058816K
  class space    used 1011K, capacity 1102K, committed 1152K, reserved 1048576K
}
Event: 1.802 GC heap before
{Heap before GC invocations=2 (full 0):
 garbage-first heap   total 131072K, used 39203K [0x0000000080000000, 0x0000000100000000)
  region size 1024K, 30 young (30720K), 2 survivors (2048K)
 Metaspace       used 10860K, capacity 11077K, committed 11264K, reserved 1058816K
  class space    used 1112K, capacity 1207K, committed 1280K, reserved 1048576K
}
Event: 1.807 GC heap after
{Heap after GC invocations=3 (full 0):
 garbage-first heap   total 131072K, used 12429K [0x0000000080000000, 0x0000000100000000)
  region size 1024K, 4 young (4096K), 4 survivors (4096K)
 Metaspace       used 10860K, capacity 11077K, committed 11264K, reserved 1058816K
  class space    used 1112K, capacity 1207K, committed 1280K, reserved 1048576K
}
Event: 5.128 GC heap before
{Heap before GC invocations=3 (full 0):
 garbage-first heap   total 131072K, used 53389K [0x0000000080000000, 0x0000000100000000)
  region size 1024K, 45 young (46080K), 4 survivors (4096K)
 Metaspace       used 17432K, capacity 17815K, committed 18048K, reserved 1064960K
  class space    used 2010K, capacity 2113K, committed 2176K, reserved 1048576K
}
Event: 5.165 GC heap after
{Heap after GC invocations=4 (full 0):
 garbage-first heap   total 131072K, used 16276K [0x0000000080000000, 0x0000000100000000)
  region size 1024K, 6 young (6144K), 6 survivors (6144K)
 Metaspace       used 17432K, capacity 17815K, committed 18048K, reserved 1064960K
  class space    used 2010K, capacity 2113K, committed 2176K, reserved 1048576K
}
Event: 5.754 GC heap before
{Heap before GC invocations=4 (full 0):
 garbage-first heap   total 131072K, used 48020K [0x0000000080000000, 0x0000000100000000)
  region size 1024K, 38 young (38912K), 6 survivors (6144K)
 Metaspace       used 20790K, capacity 21189K, committed 21296K, reserved 1069056K
  class space    used 2524K, capacity 2684K, committed 2688K, reserved 1048576K
}
Event: 5.761 GC heap after
{Heap after GC invocations=5 (full 0):
 garbage-first heap   total 157696K, used 17461K [0x0000000080000000, 0x0000000100000000)
  region size 1024K, 6 young (6144K), 6 survivors (6144K)
 Metaspace       used 20790K, capacity 21189K, committed 21296K, reserved 1069056K
  class space    used 2524K, capacity 2684K, committed 2688K, reserved 1048576K
}
Event: 7.424 GC heap before
{Heap before GC invocations=6 (full 0):
 garbage-first heap   total 157696K, used 72757K [0x0000000080000000, 0x0000000100000000)
  region size 1024K, 60 young (61440K), 6 survivors (6144K)
 Metaspace       used 26704K, capacity 27315K, committed 27516K, reserved 1073152K
  class space    used 3446K, capacity 3672K, committed 3788K, reserved 1048576K
}
Event: 7.440 GC heap after
{Heap after GC invocations=7 (full 0):
 garbage-first heap   total 157696K, used 19379K [0x0000000080000000, 0x0000000100000000)
  region size 1024K, 4 young (4096K), 4 survivors (4096K)
 Metaspace       used 26704K, capacity 27315K, committed 27516K, reserved 1073152K
  class space    used 3446K, capacity 3672K, committed 3788K, reserved 1048576K
}
Event: 9.474 GC heap before
{Heap before GC invocations=7 (full 0):
 garbage-first heap   total 157696K, used 77747K [0x0000000080000000, 0x0000000100000000)
  region size 1024K, 62 young (63488K), 4 survivors (4096K)
 Metaspace       used 35166K, capacity 35956K, committed 36048K, reserved 1081344K
  class space    used 4506K, capacity 4831K, committed 4896K, reserved 1048576K
}
Event: 9.490 GC heap after
{Heap after GC invocations=8 (full 0):
 garbage-first heap   total 157696K, used 22730K [0x0000000080000000, 0x0000000100000000)
  region size 1024K, 7 young (7168K), 7 survivors (7168K)
 Metaspace       used 35166K, capacity 35956K, committed 36048K, reserved 1081344K
  class space    used 4506K, capacity 4831K, committed 4896K, reserved 1048576K
}
Event: 11.265 GC heap before
{Heap before GC invocations=9 (full 0):
 garbage-first heap   total 157696K, used 110794K [0x0000000080000000, 0x0000000100000000)
  region size 1024K, 90 young (92160K), 7 survivors (7168K)
 Metaspace       used 42038K, capacity 43050K, committed 43344K, reserved 1087488K
  class space    used 5341K, capacity 5731K, committed 5792K, reserved 1048576K
}
Event: 11.295 GC heap after
{Heap after GC invocations=10 (full 0):
 garbage-first heap   total 157696K, used 28808K [0x0000000080000000, 0x0000000100000000)
  region size 1024K, 12 young (12288K), 12 survivors (12288K)
 Metaspace       used 42038K, capacity 43050K, committed 43344K, reserved 1087488K
  class space    used 5341K, capacity 5731K, committed 5792K, reserved 1048576K
}
Event: 12.846 GC heap before
{Heap before GC invocations=10 (full 0):
 garbage-first heap   total 157696K, used 111752K [0x0000000080000000, 0x0000000100000000)
  region size 1024K, 92 young (94208K), 12 survivors (12288K)
 Metaspace       used 48181K, capacity 49375K, committed 49488K, reserved 1091584K
  class space    used 6087K, capacity 6518K, committed 6560K, reserved 1048576K
}
Event: 12.870 GC heap after
{Heap after GC invocations=11 (full 0):
 garbage-first heap   total 157696K, used 31471K [0x0000000080000000, 0x0000000100000000)
  region size 1024K, 9 young (9216K), 9 survivors (9216K)
 Metaspace       used 48181K, capacity 49375K, committed 49488K, reserved 1091584K
  class space    used 6087K, capacity 6518K, committed 6560K, reserved 1048576K
}
Event: 14.724 GC heap before
{Heap before GC invocations=11 (full 0):
 garbage-first heap   total 157696K, used 120559K [0x0000000080000000, 0x0000000100000000)
  region size 1024K, 92 young (94208K), 9 survivors (9216K)
 Metaspace       used 57211K, capacity 58703K, committed 58832K, reserved 1099776K
  class space    used 7128K, capacity 7692K, committed 7712K, reserved 1048576K
}
Event: 14.747 GC heap after
{Heap after GC invocations=12 (full 0):
 garbage-first heap   total 189440K, used 44442K [0x0000000080000000, 0x0000000100000000)
  region size 1024K, 12 young (12288K), 12 survivors (12288K)
 Metaspace       used 57211K, capacity 58703K, committed 58832K, reserved 1099776K
  class space    used 7128K, capacity 7692K, committed 7712K, reserved 1048576K
}
Event: 15.111 GC heap before
{Heap before GC invocations=12 (full 0):
 garbage-first heap   total 189440K, used 58778K [0x0000000080000000, 0x0000000100000000)
  region size 1024K, 27 young (27648K), 12 survivors (12288K)
 Metaspace       used 59029K, capacity 60428K, committed 60508K, reserved 1101824K
  class space    used 7380K, capacity 7923K, committed 7968K, reserved 1048576K
}
Event: 15.133 GC heap after
{Heap after GC invocations=13 (full 0):
 garbage-first heap   total 189440K, used 45225K [0x0000000080000000, 0x0000000100000000)
  region size 1024K, 2 young (2048K), 2 survivors (2048K)
 Metaspace       used 59029K, capacity 60428K, committed 60508K, reserved 1101824K
  class space    used 7380K, capacity 7923K, committed 7968K, reserved 1048576K
}

Deoptimization events (20 events):
Event: 16.731 Thread 0x00000282af1ce000 Uncommon trap: trap_request=0xffffff4d fr.pc=0x000002829db342d8 relative=0x0000000000000af8
Event: 16.731 Thread 0x00000282af1ce000 Uncommon trap: reason=unstable_if action=reinterpret pc=0x000002829db342d8 method=org.objectweb.asm.Label.resolve([BI)Z @ 80 c2
Event: 16.731 Thread 0x00000282af1ce000 DEOPT PACKING pc=0x000002829db342d8 sp=0x000000b48e8f5ba0
Event: 16.731 Thread 0x00000282af1ce000 DEOPT UNPACKING pc=0x0000028295d4a1af sp=0x000000b48e8f5ac0 mode 2
Event: 16.731 Thread 0x00000282af1ce000 Uncommon trap: trap_request=0xffffff4d fr.pc=0x000002829db1b7a4 relative=0x0000000000000204
Event: 16.731 Thread 0x00000282af1ce000 Uncommon trap: reason=unstable_if action=reinterpret pc=0x000002829db1b7a4 method=org.objectweb.asm.Label.resolve([BI)Z @ 80 c2
Event: 16.731 Thread 0x00000282af1ce000 DEOPT PACKING pc=0x000002829db1b7a4 sp=0x000000b48e8f5b30
Event: 16.731 Thread 0x00000282af1ce000 DEOPT UNPACKING pc=0x0000028295d4a1af sp=0x000000b48e8f5ab0 mode 2
Event: 16.909 Thread 0x00000282af1ce000 Uncommon trap: trap_request=0xffffff4d fr.pc=0x000002829d8f892c relative=0x000000000000074c
Event: 16.909 Thread 0x00000282af1ce000 Uncommon trap: reason=unstable_if action=reinterpret pc=0x000002829d8f892c method=java.lang.AbstractStringBuilder.appendChars(Ljava/lang/CharSequence;II)V @ 43 c2
Event: 16.909 Thread 0x00000282af1ce000 DEOPT PACKING pc=0x000002829d8f892c sp=0x000000b48e8f61b0
Event: 16.909 Thread 0x00000282af1ce000 DEOPT UNPACKING pc=0x0000028295d4a1af sp=0x000000b48e8f60e0 mode 2
Event: 16.909 Thread 0x00000282af1ce000 Uncommon trap: trap_request=0xffffff4d fr.pc=0x000002829d7ec808 relative=0x00000000000001c8
Event: 16.909 Thread 0x00000282af1ce000 Uncommon trap: reason=unstable_if action=reinterpret pc=0x000002829d7ec808 method=java.lang.AbstractStringBuilder.isLatin1()Z @ 10 c2
Event: 16.909 Thread 0x00000282af1ce000 DEOPT PACKING pc=0x000002829d7ec808 sp=0x000000b48e8f6130
Event: 16.909 Thread 0x00000282af1ce000 DEOPT UNPACKING pc=0x0000028295d4a1af sp=0x000000b48e8f6070 mode 2
Event: 16.910 Thread 0x00000282af1ce000 Uncommon trap: trap_request=0xffffff4d fr.pc=0x000002829d8f78b4 relative=0x00000000000005d4
Event: 16.910 Thread 0x00000282af1ce000 Uncommon trap: reason=unstable_if action=reinterpret pc=0x000002829d8f78b4 method=java.lang.AbstractStringBuilder.appendChars(Ljava/lang/CharSequence;II)V @ 4 c2
Event: 16.910 Thread 0x00000282af1ce000 DEOPT PACKING pc=0x000002829d8f78b4 sp=0x000000b48e8f61c0
Event: 16.910 Thread 0x00000282af1ce000 DEOPT UNPACKING pc=0x0000028295d4a1af sp=0x000000b48e8f60a8 mode 2

Classes redefined (0 events):
No events

Internal exceptions (20 events):
Event: 15.541 Thread 0x00000282af1ce000 Implicit null exception at 0x000002829d95c8ac to 0x000002829d95ca5a
Event: 15.962 Thread 0x00000282af1ce000 Exception <a 'sun/nio/fs/WindowsException'{0x00000000897cede0}> (0x00000000897cede0) thrown at [./src/hotspot/share/prims/jni.cpp, line 616]
Event: 16.494 Thread 0x00000282af1ce000 Exception <a 'java/lang/ClassNotFoundException'{0x0000000087d1c1f8}: org/gradle/api/internal/project/DefaultProject_DecoratedBeanInfo> (0x0000000087d1c1f8) thrown at [./src/hotspot/share/classfile/systemDictionary.cpp, line 231]
Event: 16.495 Thread 0x00000282af1ce000 Exception <a 'java/lang/ClassNotFoundException'{0x0000000087d51400}: org/gradle/api/internal/project/DefaultProjectBeanInfo> (0x0000000087d51400) thrown at [./src/hotspot/share/classfile/systemDictionary.cpp, line 231]
Event: 16.496 Thread 0x00000282af1ce000 Exception <a 'java/lang/ClassNotFoundException'{0x0000000087d86aa8}: org/gradle/api/internal/project/DefaultProjectCustomizer> (0x0000000087d86aa8) thrown at [./src/hotspot/share/classfile/systemDictionary.cpp, line 231]
Event: 16.503 Thread 0x00000282af1ce000 Exception <a 'java/lang/ClassNotFoundException'{0x0000000087c52780}: org/gradle/api/internal/project/DefaultProject_DecoratedCustomizer> (0x0000000087c52780) thrown at [./src/hotspot/share/classfile/systemDictionary.cpp, line 231]
Event: 16.520 Thread 0x00000282af1ce000 Exception <a 'java/lang/ClassNotFoundException'{0x0000000087b5c4b8}: org/gradle/api/plugins/internal/DefaultBasePluginConventionBeanInfo> (0x0000000087b5c4b8) thrown at [./src/hotspot/share/classfile/systemDictionary.cpp, line 231]
Event: 16.522 Thread 0x00000282af1ce000 Exception <a 'java/lang/ClassNotFoundException'{0x0000000087b9e298}: org/gradle/api/plugins/BasePluginConventionBeanInfo> (0x0000000087b9e298) thrown at [./src/hotspot/share/classfile/systemDictionary.cpp, line 231]
Event: 16.524 Thread 0x00000282af1ce000 Exception <a 'java/lang/ClassNotFoundException'{0x0000000087bdfad0}: org/gradle/api/plugins/BasePluginConventionCustomizer> (0x0000000087bdfad0) thrown at [./src/hotspot/share/classfile/systemDictionary.cpp, line 231]
Event: 16.529 Thread 0x00000282af1ce000 Exception <a 'java/lang/ClassNotFoundException'{0x0000000087a333e0}: org/gradle/api/plugins/internal/DefaultBasePluginConventionCustomizer> (0x0000000087a333e0) thrown at [./src/hotspot/share/classfile/systemDictionary.cpp, line 231]
Event: 16.534 Thread 0x00000282af1ce000 Exception <a 'java/lang/ClassNotFoundException'{0x0000000087aba430}: org/gradle/api/plugins/internal/DefaultJavaPluginConventionBeanInfo> (0x0000000087aba430) thrown at [./src/hotspot/share/classfile/systemDictionary.cpp, line 231]
Event: 16.535 Thread 0x00000282af1ce000 Exception <a 'java/lang/ClassNotFoundException'{0x0000000087afbfa0}: org/gradle/api/plugins/JavaPluginConventionBeanInfo> (0x0000000087afbfa0) thrown at [./src/hotspot/share/classfile/systemDictionary.cpp, line 231]
Event: 16.536 Thread 0x00000282af1ce000 Exception <a 'java/lang/ClassNotFoundException'{0x000000008793dce0}: org/gradle/api/plugins/JavaPluginConventionCustomizer> (0x000000008793dce0) thrown at [./src/hotspot/share/classfile/systemDictionary.cpp, line 231]
Event: 16.540 Thread 0x00000282af1ce000 Exception <a 'java/lang/ClassNotFoundException'{0x000000008799b450}: org/gradle/api/plugins/internal/DefaultJavaPluginConventionCustomizer> (0x000000008799b450) thrown at [./src/hotspot/share/classfile/systemDictionary.cpp, line 231]
Event: 17.001 Thread 0x00000282af1ce000 Exception <a 'java/lang/ClassNotFoundException'{0x0000000086221fb0}: com/google/gms/googleservices/GoogleServicesPluginBeanInfo> (0x0000000086221fb0) thrown at [./src/hotspot/share/classfile/systemDictionary.cpp, line 231]
Event: 17.001 Thread 0x00000282af1ce000 Exception <a 'java/lang/ClassNotFoundException'{0x000000008623cf68}: com/google/gms/googleservices/GoogleServicesPluginCustomizer> (0x000000008623cf68) thrown at [./src/hotspot/share/classfile/systemDictionary.cpp, line 231]
Event: 17.005 Thread 0x00000282af1ce000 Exception <a 'java/lang/ClassNotFoundException'{0x000000008629b928}: groovy/lang/ReferenceBeanInfo> (0x000000008629b928) thrown at [./src/hotspot/share/classfile/systemDictionary.cpp, line 231]
Event: 17.007 Thread 0x00000282af1ce000 Exception <a 'java/lang/ClassNotFoundException'{0x00000000862dae38}: groovy/lang/ReferenceCustomizer> (0x00000000862dae38) thrown at [./src/hotspot/share/classfile/systemDictionary.cpp, line 231]
Event: 17.015 Thread 0x00000282af1ce000 Exception <a 'java/lang/ClassNotFoundException'{0x00000000861446e8}: org/gradle/internal/extensibility/DefaultConventionBeanInfo> (0x00000000861446e8) thrown at [./src/hotspot/share/classfile/systemDictionary.cpp, line 231]
Event: 17.017 Thread 0x00000282af1ce000 Exception <a 'java/lang/ClassNotFoundException'{0x000000008617a1d8}: org/gradle/internal/extensibility/DefaultConventionCustomizer> (0x000000008617a1d8) thrown at [./src/hotspot/share/classfile/systemDictionary.cpp, line 231]

Events (20 events):
Event: 17.012 loading class org/gradle/api/plugins/ExtensionsSchema
Event: 17.012 loading class org/gradle/api/plugins/ExtensionsSchema done
Event: 17.014 loading class org/gradle/internal/extensibility/DefaultConventionBeanInfo
Event: 17.014 loading class org/gradle/internal/extensibility/DefaultConventionBeanInfo done
Event: 17.014 loading class org/gradle/internal/extensibility/DefaultConventionBeanInfo
Event: 17.014 loading class org/gradle/internal/extensibility/DefaultConventionBeanInfo done
Event: 17.014 loading class org/gradle/internal/extensibility/DefaultConventionBeanInfo
Event: 17.014 loading class org/gradle/internal/extensibility/DefaultConventionBeanInfo done
Event: 17.015 loading class org/gradle/internal/extensibility/DefaultConventionBeanInfo
Event: 17.015 loading class org/gradle/internal/extensibility/DefaultConventionBeanInfo done
Event: 17.015 loading class org/gradle/internal/extensibility/DefaultConventionCustomizer
Event: 17.015 loading class org/gradle/internal/extensibility/DefaultConventionCustomizer done
Event: 17.016 loading class org/gradle/internal/extensibility/DefaultConventionCustomizer
Event: 17.016 loading class org/gradle/internal/extensibility/DefaultConventionCustomizer done
Event: 17.016 loading class org/gradle/internal/extensibility/DefaultConventionCustomizer
Event: 17.016 loading class org/gradle/internal/extensibility/DefaultConventionCustomizer done
Event: 17.017 loading class org/gradle/internal/extensibility/DefaultConventionCustomizer
Event: 17.017 loading class org/gradle/internal/extensibility/DefaultConventionCustomizer done
Event: 17.019 loading class org/codehaus/groovy/runtime/callsite/PojoMetaMethodSite$PojoCachedMethodSite
Event: 17.019 loading class org/codehaus/groovy/runtime/callsite/PojoMetaMethodSite$PojoCachedMethodSite done


Dynamic libraries:
0x00007ff742150000 - 0x00007ff74215a000 	C:\Program Files\Android\Android Studio\jre\bin\java.exe
0x00007ff8f8710000 - 0x00007ff8f8908000 	C:\Windows\SYSTEM32\ntdll.dll
0x00007ff8f7230000 - 0x00007ff8f72ef000 	C:\Windows\System32\KERNEL32.DLL
0x00007ff8f62a0000 - 0x00007ff8f6596000 	C:\Windows\System32\KERNELBASE.dll
0x00007ff8f5f10000 - 0x00007ff8f6010000 	C:\Windows\System32\ucrtbase.dll
0x00007ff8e3330000 - 0x00007ff8e3347000 	C:\Program Files\Android\Android Studio\jre\bin\VCRUNTIME140.dll
0x00007ff8eed50000 - 0x00007ff8eed69000 	C:\Program Files\Android\Android Studio\jre\bin\jli.dll
0x00007ff8f73a0000 - 0x00007ff8f753d000 	C:\Windows\System32\USER32.dll
0x00007ff8e3590000 - 0x00007ff8e382a000 	C:\Windows\WinSxS\amd64_microsoft.windows.common-controls_6595b64144ccf1df_6.0.19041.1110_none_60b5254171f9507e\COMCTL32.dll
0x00007ff8f6010000 - 0x00007ff8f6032000 	C:\Windows\System32\win32u.dll
0x00007ff8f80b0000 - 0x00007ff8f814e000 	C:\Windows\System32\msvcrt.dll
0x00007ff8f8380000 - 0x00007ff8f83ac000 	C:\Windows\System32\GDI32.dll
0x00007ff8f5df0000 - 0x00007ff8f5f05000 	C:\Windows\System32\gdi32full.dll
0x00007ff8f65a0000 - 0x00007ff8f663d000 	C:\Windows\System32\msvcp_win.dll
0x00007ff8f86a0000 - 0x00007ff8f86d0000 	C:\Windows\System32\IMM32.DLL
0x00007ff8d45e0000 - 0x00007ff8d467d000 	C:\Program Files\Android\Android Studio\jre\bin\msvcp140.dll
0x00007ff8b0110000 - 0x00007ff8b0c12000 	C:\Program Files\Android\Android Studio\jre\bin\server\jvm.dll
0x00007ff8f72f0000 - 0x00007ff8f739f000 	C:\Windows\System32\ADVAPI32.dll
0x00007ff8f84e0000 - 0x00007ff8f857c000 	C:\Windows\System32\sechost.dll
0x00007ff8f83b0000 - 0x00007ff8f84d6000 	C:\Windows\System32\RPCRT4.dll
0x00007ff8f85e0000 - 0x00007ff8f85e8000 	C:\Windows\System32\PSAPI.DLL
0x00007ff8eedd0000 - 0x00007ff8eedd9000 	C:\Windows\SYSTEM32\WSOCK32.dll
0x00007ff8e2d20000 - 0x00007ff8e2d47000 	C:\Windows\SYSTEM32\WINMM.dll
0x00007ff8f7730000 - 0x00007ff8f779b000 	C:\Windows\System32\WS2_32.dll
0x00007ff8e3830000 - 0x00007ff8e383a000 	C:\Windows\SYSTEM32\VERSION.dll
0x00007ff8f3d20000 - 0x00007ff8f3d32000 	C:\Windows\SYSTEM32\kernel.appcore.dll
0x00007ff8eebc0000 - 0x00007ff8eebd1000 	C:\Program Files\Android\Android Studio\jre\bin\verify.dll
0x00007ff8e1860000 - 0x00007ff8e1a44000 	C:\Windows\SYSTEM32\DBGHELP.DLL
0x00007ff8e2600000 - 0x00007ff8e2634000 	C:\Windows\SYSTEM32\dbgcore.DLL
0x00007ff8f66b0000 - 0x00007ff8f6732000 	C:\Windows\System32\bcryptPrimitives.dll
0x00007ff8e59b0000 - 0x00007ff8e59d9000 	C:\Program Files\Android\Android Studio\jre\bin\java.dll
0x00007ff8eedc0000 - 0x00007ff8eedcb000 	C:\Program Files\Android\Android Studio\jre\bin\jimage.dll
0x00007ff8e58e0000 - 0x00007ff8e58f8000 	C:\Program Files\Android\Android Studio\jre\bin\zip.dll
0x00007ff8f6840000 - 0x00007ff8f6f84000 	C:\Windows\System32\SHELL32.dll
0x00007ff8f3e90000 - 0x00007ff8f4623000 	C:\Windows\SYSTEM32\windows.storage.dll
0x00007ff8f7d50000 - 0x00007ff8f80a4000 	C:\Windows\System32\combase.dll
0x00007ff8f5830000 - 0x00007ff8f585e000 	C:\Windows\SYSTEM32\Wldp.dll
0x00007ff8f8150000 - 0x00007ff8f81fd000 	C:\Windows\System32\SHCORE.dll
0x00007ff8f7540000 - 0x00007ff8f7595000 	C:\Windows\System32\shlwapi.dll
0x00007ff8f5d20000 - 0x00007ff8f5d45000 	C:\Windows\SYSTEM32\profapi.dll
0x00007ff8eec70000 - 0x00007ff8eec8a000 	C:\Program Files\Android\Android Studio\jre\bin\net.dll
0x00007ff8e98c0000 - 0x00007ff8e99ca000 	C:\Windows\SYSTEM32\WINHTTP.dll
0x00007ff8f5590000 - 0x00007ff8f55fa000 	C:\Windows\system32\mswsock.dll
0x00007ff8eec50000 - 0x00007ff8eec64000 	C:\Program Files\Android\Android Studio\jre\bin\nio.dll
0x00007ff8eede0000 - 0x00007ff8eee07000 	C:\Users\hp\.gradle\native\e1d6ef7f7dcc3fd88c89a11ec53ec762bb8ba0a96d01ffa2cd45eb1d1d8dd5c5\windows-amd64\native-platform.dll
0x00007ff8c6360000 - 0x00007ff8c64a4000 	C:\Users\hp\.gradle\native\0d407fdbe67a94daf76414ababcb853783967236a71b16ec16e742cd7a986fd3\windows-amd64\native-platform-file-events.dll
0x00007ff8eec40000 - 0x00007ff8eec4a000 	C:\Program Files\Android\Android Studio\jre\bin\management.dll
0x00007ff8eec30000 - 0x00007ff8eec3d000 	C:\Program Files\Android\Android Studio\jre\bin\management_ext.dll
0x00007ff8f5780000 - 0x00007ff8f5798000 	C:\Windows\SYSTEM32\CRYPTSP.dll
0x00007ff8f4e30000 - 0x00007ff8f4e64000 	C:\Windows\system32\rsaenh.dll
0x00007ff8f6740000 - 0x00007ff8f6767000 	C:\Windows\System32\bcrypt.dll
0x00007ff8f5ca0000 - 0x00007ff8f5cce000 	C:\Windows\SYSTEM32\USERENV.dll
0x00007ff8f57a0000 - 0x00007ff8f57ac000 	C:\Windows\SYSTEM32\CRYPTBASE.dll
0x00007ff8f5230000 - 0x00007ff8f526b000 	C:\Windows\SYSTEM32\IPHLPAPI.DLL
0x00007ff8f8370000 - 0x00007ff8f8378000 	C:\Windows\System32\NSI.dll
0x00007ff8ebd80000 - 0x00007ff8ebd97000 	C:\Windows\SYSTEM32\dhcpcsvc6.DLL
0x00007ff8ebd60000 - 0x00007ff8ebd7d000 	C:\Windows\SYSTEM32\dhcpcsvc.DLL
0x00007ff8f5270000 - 0x00007ff8f533a000 	C:\Windows\SYSTEM32\DNSAPI.dll

dbghelp: loaded successfully - version: 4.0.5 - missing functions: none
symbol engine: initialized successfully - sym options: 0x614 - pdb path: .;C:\Program Files\Android\Android Studio\jre\bin;C:\Windows\SYSTEM32;C:\Windows\WinSxS\amd64_microsoft.windows.common-controls_6595b64144ccf1df_6.0.19041.1110_none_60b5254171f9507e;C:\Program Files\Android\Android Studio\jre\bin\server;C:\Users\hp\.gradle\native\e1d6ef7f7dcc3fd88c89a11ec53ec762bb8ba0a96d01ffa2cd45eb1d1d8dd5c5\windows-amd64;C:\Users\hp\.gradle\native\0d407fdbe67a94daf76414ababcb853783967236a71b16ec16e742cd7a986fd3\windows-amd64

VM Arguments:
jvm_args: --add-opens=java.base/java.util=ALL-UNNAMED --add-opens=java.base/java.lang=ALL-UNNAMED --add-opens=java.base/java.lang.invoke=ALL-UNNAMED --add-opens=java.base/java.util=ALL-UNNAMED --add-opens=java.prefs/java.util.prefs=ALL-UNNAMED --add-opens=java.prefs/java.util.prefs=ALL-UNNAMED --add-opens=java.base/java.nio.charset=ALL-UNNAMED --add-opens=java.base/java.net=ALL-UNNAMED --add-opens=java.base/java.util.concurrent.atomic=ALL-UNNAMED -Xmx2048m -Dfile.encoding=UTF-8 -Duser.country=US -Duser.language=en -Duser.variant 
java_command: org.gradle.launcher.daemon.bootstrap.GradleDaemon 7.4
java_class_path (initial): C:\Users\hp\.gradle\wrapper\dists\gradle-7.4-bin\c0gwcg53nkjbqw7r0h0umtfvt\gradle-7.4\lib\gradle-launcher-7.4.jar
Launcher Type: SUN_STANDARD

[Global flags]
     intx CICompilerCount                          = 3                                         {product} {ergonomic}
     uint ConcGCThreads                            = 1                                         {product} {ergonomic}
     uint G1ConcRefinementThreads                  = 4                                         {product} {ergonomic}
   size_t G1HeapRegionSize                         = 1048576                                   {product} {ergonomic}
    uintx GCDrainStackTargetSize                   = 64                                        {product} {ergonomic}
   size_t InitialHeapSize                          = 134217728                                 {product} {ergonomic}
   size_t MarkStackSize                            = 4194304                                   {product} {ergonomic}
   size_t MaxHeapSize                              = 2147483648                                {product} {command line}
   size_t MaxNewSize                               = 1287651328                                {product} {ergonomic}
   size_t MinHeapDeltaBytes                        = 1048576                                   {product} {ergonomic}
    uintx NonNMethodCodeHeapSize                   = 5830732                                {pd product} {ergonomic}
    uintx NonProfiledCodeHeapSize                  = 122913754                              {pd product} {ergonomic}
    uintx ProfiledCodeHeapSize                     = 122913754                              {pd product} {ergonomic}
    uintx ReservedCodeCacheSize                    = 251658240                              {pd product} {ergonomic}
     bool SegmentedCodeCache                       = true                                      {product} {ergonomic}
     bool UseCompressedClassPointers               = true                                 {lp64_product} {ergonomic}
     bool UseCompressedOops                        = true                                 {lp64_product} {ergonomic}
     bool UseG1GC                                  = true                                      {product} {ergonomic}
     bool UseLargePagesIndividualAllocation        = false                                  {pd product} {ergonomic}

Logging:
Log output configuration:
 #0: stdout all=warning uptime,level,tags
 #1: stderr all=off uptime,level,tags

Environment Variables:
PATH=C:\Program Files (x86)\VMware\VMware Workstation\bin\;C:\Program Files (x86)\NVIDIA Corporation\PhysX\Common;C:\Windows\system32;C:\Windows;C:\Windows\System32\Wbem;C:\Windows\System32\WindowsPowerShell\v1.0\;C:\Windows\System32\OpenSSH\;C:\Users\hp\Documents\Java\jdk1.8.0_111\bin;c:\Program Files (x86)\Microsoft SQL Server\90\Tools\binn\;C:\Program Files\dotnet\;C:\Program Files\Microsoft SQL Server\150\Tools\Binn\;C:\Program Files\Microsoft SQL Server\Client SDK\ODBC\170\Tools\Binn\;C:\Program Files\Git\cmd;C:\Program Files\nodejs\;C:\ProgramData\chocolatey\bin;C:\Users\hp\AppData\Local\Programs\Python\Python310\Scripts\;C:\Users\hp\AppData\Local\Programs\Python\Python310\;C:\Users\hp\AppData\Local\Programs\Python\Launcher\;C:\Users\hp\AppData\Local\Microsoft\WindowsApps;C:\Program Files\Java\jdk1.8.0_111\bin;;C:\Program Files\JetBrains\PyCharm Community Edition 2022.3.1\bin;;C:\Users\hp\.dotnet\tools;C:\Users\hp\AppData\Roaming\npm;C:\Users\hp\AppData\Local\Programs\Microsoft VS Code\bin
USERNAME=hp
OS=Windows_NT
PROCESSOR_IDENTIFIER=Intel64 Family 6 Model 69 Stepping 1, GenuineIntel



---------------  S Y S T E M  ---------------

OS: Windows 10 , 64 bit Build 19041 (10.0.19041.3155)
OS uptime: 0 days 14:53 hours

CPU:total 4 (initial active 4) (2 cores per cpu, 2 threads per core) family 6 model 69 stepping 1 microcode 0x25, cmov, cx8, fxsr, mmx, sse, sse2, sse3, ssse3, sse4.1, sse4.2, popcnt, avx, avx2, aes, clmul, erms, lzcnt, ht, tsc, tscinvbit, bmi1, bmi2, fma

Memory: 4k page, system-wide physical 8089M (2353M free)
TotalPageFile size 10949M (AvailPageFile size 6M)
current process WorkingSet (physical memory assigned to process): 392M, peak: 395M
current process commit charge ("private bytes"): 429M, peak: 430M

vm_info: OpenJDK 64-Bit Server VM (11.0.13+0-b1751.21-8125866) for windows-amd64 JRE (11.0.13+0-b1751.21-8125866), built on Feb  2 2022 03:00:22 by "builder" with MS VC++ 14.0 (VS2015)

END.
