#
# There is insufficient memory for the Java Runtime Environment to continue.
# Native memory allocation (mmap) failed to map 32505856 bytes for Failed to commit area from 0x0000000089a00000 to 0x000000008b900000 of length 32505856.
# Possible reasons:
#   The system is out of physical RAM or swap space
#   The process is running with CompressedOops enabled, and the Java Heap may be blocking the growth of the native heap
# Possible solutions:
#   Reduce memory load on the system
#   Increase physical memory or swap space
#   Check if swap backing store is full
#   Decrease Java heap size (-Xmx/-Xms)
#   Decrease number of Java threads
#   Decrease Java thread stack sizes (-Xss)
#   Set larger code cache with -XX:ReservedCodeCacheSize=
#   JVM is running with Unscaled Compressed Oops mode in which the Java heap is
#     placed in the first 4GB address space. The Java Heap base address is the
#     maximum limit for the native heap growth. Please use -XX:HeapBaseMinAddress
#     to set the Java Heap base and to place the Java Heap above 4GB virtual address.
# This output file may be truncated or incomplete.
#
#  Out of Memory Error (./src/hotspot/os/windows/os_windows.cpp:3619), pid=5044, tid=3580
#
# JRE version: OpenJDK Runtime Environment (11.0.13) (build 11.0.13+0-b1751.21-8125866)
# Java VM: OpenJDK 64-Bit Server VM (11.0.13+0-b1751.21-8125866, mixed mode, tiered, compressed oops, g1 gc, windows-amd64)
# No core dump will be written. Minidumps are not enabled by default on client versions of Windows
#

---------------  S U M M A R Y ------------

Command Line: --add-opens=java.base/java.util=ALL-UNNAMED --add-opens=java.base/java.lang=ALL-UNNAMED --add-opens=java.base/java.lang.invoke=ALL-UNNAMED --add-opens=java.base/java.util=ALL-UNNAMED --add-opens=java.prefs/java.util.prefs=ALL-UNNAMED --add-opens=java.prefs/java.util.prefs=ALL-UNNAMED --add-opens=java.base/java.nio.charset=ALL-UNNAMED --add-opens=java.base/java.net=ALL-UNNAMED --add-opens=java.base/java.util.concurrent.atomic=ALL-UNNAMED -Xmx2048m -Dfile.encoding=UTF-8 -Duser.country=US -Duser.language=en -Duser.variant org.gradle.launcher.daemon.bootstrap.GradleDaemon 7.4

Host: Intel(R) Core(TM) i5-4300U CPU @ 1.90GHz, 4 cores, 7G,  Windows 10 , 64 bit Build 19041 (10.0.19041.3155)
Time: Wed Aug 23 00:00:36 2023 E. Africa Standard Time elapsed time: 17.077109 seconds (0d 0h 0m 17s)

---------------  T H R E A D  ---------------

Current thread (0x000002c5e07c8800):  VMThread "VM Thread" [stack: 0x000000fcaf600000,0x000000fcaf700000] [id=3580]

Stack: [0x000000fcaf600000,0x000000fcaf700000]
[error occurred during error reporting (printing stack bounds), id 0xc0000005, EXCEPTION_ACCESS_VIOLATION (0xc0000005) at pc=0x000002c5c9f7112d]

Native frames: (J=compiled Java code, j=interpreted, Vv=VM code, C=native code)
V  [jvm.dll+0x6100fa]
V  [jvm.dll+0x747090]
V  [jvm.dll+0x7486ad]
V  [jvm.dll+0x748ce5]
V  [jvm.dll+0x748c9b]
V  [jvm.dll+0x60f224]
V  [jvm.dll+0x60f9b8]
C  [ntdll.dll+0xa23df]
C  [ntdll.dll+0x514b4]
C  [ntdll.dll+0xa0eee]
C  0x000002c5c9f7112d

VM_Operation (0x000000fcb09f6d30): G1CollectForAllocation, mode: safepoint, requested by thread 0x000002c5e2c61000


---------------  P R O C E S S  ---------------

Threads class SMR info:
_java_thread_list=0x000002c5e6427450, length=79, elements={
0x000002c5c644e800, 0x000002c5e07d0800, 0x000002c5e07d2000, 0x000002c5e07e8800,
0x000002c5e07eb800, 0x000002c5e07ed800, 0x000002c5e07ee800, 0x000002c5e07f9800,
0x000002c5e07fd000, 0x000002c5e12aa000, 0x000002c5e3336800, 0x000002c5e30a3000,
0x000002c5e45cd800, 0x000002c5e3639800, 0x000002c5e1c27800, 0x000002c5e2bf7000,
0x000002c5e2c61000, 0x000002c5e1d2d800, 0x000002c5e1d2e800, 0x000002c5e32f6800,
0x000002c5e398f000, 0x000002c5e3990000, 0x000002c5e398c800, 0x000002c5e3990800,
0x000002c5e3993000, 0x000002c5e398d800, 0x000002c5e3991800, 0x000002c5e3992800,
0x000002c5e398e800, 0x000002c5e42da800, 0x000002c5e42d9000, 0x000002c5e42d9800,
0x000002c5e42d7800, 0x000002c5e42de000, 0x000002c5e42d8000, 0x000002c5e42e3800,
0x000002c5e42e4800, 0x000002c5e42e1000, 0x000002c5e42de800, 0x000002c5e42e2000,
0x000002c5e42e5000, 0x000002c5e42df800, 0x000002c5e42e2800, 0x000002c5e42e6000,
0x000002c5e42e0800, 0x000002c5e4a4a800, 0x000002c5e4a4c000, 0x000002c5e4a51000,
0x000002c5e4a4d000, 0x000002c5e4a50000, 0x000002c5e4a4f800, 0x000002c5e4a4d800,
0x000002c5e4a4b000, 0x000002c5e4a52000, 0x000002c5e4a52800, 0x000002c5e4a53800,
0x000002c5e4a54000, 0x000002c5e4a4e800, 0x000002c5e4a55000, 0x000002c5e4a56000,
0x000002c5e4a56800, 0x000002c5e4a57800, 0x000002c5e4a58800, 0x000002c5e4a59000,
0x000002c5e235c800, 0x000002c5e235d000, 0x000002c5e235b800, 0x000002c5e2358800,
0x000002c5e235e000, 0x000002c5e235f000, 0x000002c5e235a800, 0x000002c5e2359000,
0x000002c5e235f800, 0x000002c5e235a000, 0x000002c5e2363800, 0x000002c5e2360800,
0x000002c5e2366000, 0x000002c5e6610800, 0x000002c5e2365800
}

Java Threads: ( => current thread )
  0x000002c5c644e800 JavaThread "main" [_thread_blocked, id=9172, stack(0x000000fcaf000000,0x000000fcaf100000)]
  0x000002c5e07d0800 JavaThread "Reference Handler" daemon [_thread_blocked, id=2608, stack(0x000000fcaf700000,0x000000fcaf800000)]
  0x000002c5e07d2000 JavaThread "Finalizer" daemon [_thread_blocked, id=12324, stack(0x000000fcaf800000,0x000000fcaf900000)]
  0x000002c5e07e8800 JavaThread "Signal Dispatcher" daemon [_thread_blocked, id=9532, stack(0x000000fcaf900000,0x000000fcafa00000)]
  0x000002c5e07eb800 JavaThread "Attach Listener" daemon [_thread_blocked, id=9552, stack(0x000000fcafa00000,0x000000fcafb00000)]
  0x000002c5e07ed800 JavaThread "Service Thread" daemon [_thread_blocked, id=1800, stack(0x000000fcafb00000,0x000000fcafc00000)]
  0x000002c5e07ee800 JavaThread "C2 CompilerThread0" daemon [_thread_blocked, id=10024, stack(0x000000fcafc00000,0x000000fcafd00000)]
  0x000002c5e07f9800 JavaThread "C1 CompilerThread0" daemon [_thread_blocked, id=2208, stack(0x000000fcafd00000,0x000000fcafe00000)]
  0x000002c5e07fd000 JavaThread "Sweeper thread" daemon [_thread_blocked, id=13548, stack(0x000000fcafe00000,0x000000fcaff00000)]
  0x000002c5e12aa000 JavaThread "Common-Cleaner" daemon [_thread_blocked, id=9980, stack(0x000000fcaff00000,0x000000fcb0000000)]
  0x000002c5e3336800 JavaThread "Daemon health stats" [_thread_blocked, id=13428, stack(0x000000fcb0400000,0x000000fcb0500000)]
  0x000002c5e30a3000 JavaThread "Incoming local TCP Connector on port 11004" [_thread_in_native, id=12072, stack(0x000000fcb0100000,0x000000fcb0200000)]
  0x000002c5e45cd800 JavaThread "Daemon periodic checks" [_thread_blocked, id=10900, stack(0x000000fcb0500000,0x000000fcb0600000)]
  0x000002c5e3639800 JavaThread "Daemon" [_thread_blocked, id=12524, stack(0x000000fcb0600000,0x000000fcb0700000)]
  0x000002c5e1c27800 JavaThread "Handler for socket connection from /127.0.0.1:11004 to /127.0.0.1:11005" [_thread_in_native, id=4400, stack(0x000000fcb0700000,0x000000fcb0800000)]
  0x000002c5e2bf7000 JavaThread "Cancel handler" [_thread_blocked, id=3732, stack(0x000000fcb0800000,0x000000fcb0900000)]
  0x000002c5e2c61000 JavaThread "Daemon worker" [_thread_blocked, id=1324, stack(0x000000fcb0900000,0x000000fcb0a00000)]
  0x000002c5e1d2d800 JavaThread "Asynchronous log dispatcher for DefaultDaemonConnection: socket connection from /127.0.0.1:11004 to /127.0.0.1:11005" [_thread_blocked, id=10008, stack(0x000000fcb0a00000,0x000000fcb0b00000)]
  0x000002c5e1d2e800 JavaThread "Stdin handler" [_thread_blocked, id=5132, stack(0x000000fcb0b00000,0x000000fcb0c00000)]
  0x000002c5e32f6800 JavaThread "Daemon client event forwarder" [_thread_blocked, id=13756, stack(0x000000fcb0c00000,0x000000fcb0d00000)]
  0x000002c5e398f000 JavaThread "Cache worker for journal cache (C:\Users\hp\.gradle\caches\journal-1)" [_thread_blocked, id=816, stack(0x000000fcb0e00000,0x000000fcb0f00000)]
  0x000002c5e3990000 JavaThread "File lock request listener" [_thread_in_native, id=2256, stack(0x000000fcb0f00000,0x000000fcb1000000)]
  0x000002c5e398c800 JavaThread "Cache worker for file hash cache (C:\Users\hp\.gradle\caches\7.4\fileHashes)" [_thread_blocked, id=12716, stack(0x000000fcb1000000,0x000000fcb1100000)]
  0x000002c5e3990800 JavaThread "File watcher server" daemon [_thread_in_native, id=14148, stack(0x000000fcb1200000,0x000000fcb1300000)]
  0x000002c5e3993000 JavaThread "File watcher consumer" daemon [_thread_blocked, id=8332, stack(0x000000fcb1300000,0x000000fcb1400000)]
  0x000002c5e398d800 JavaThread "Cache worker for checksums cache (C:\Users\hp\Desktop\eCommerceApp\.gradle\7.4\checksums)" [_thread_blocked, id=13880, stack(0x000000fcb1400000,0x000000fcb1500000)]
  0x000002c5e3991800 JavaThread "Cache worker for cache directory md-rule (C:\Users\hp\.gradle\caches\7.4\md-rule)" [_thread_blocked, id=1788, stack(0x000000fcb1500000,0x000000fcb1600000)]
  0x000002c5e3992800 JavaThread "Cache worker for file hash cache (C:\Users\hp\Desktop\eCommerceApp\.gradle\7.4\fileHashes)" [_thread_blocked, id=9036, stack(0x000000fcb1600000,0x000000fcb1700000)]
  0x000002c5e398e800 JavaThread "Cache worker for cache directory md-supplier (C:\Users\hp\.gradle\caches\7.4\md-supplier)" [_thread_blocked, id=13052, stack(0x000000fcb1700000,0x000000fcb1800000)]
  0x000002c5e42da800 JavaThread "Cache worker for execution history cache (C:\Users\hp\.gradle\caches\7.4\executionHistory)" [_thread_blocked, id=7352, stack(0x000000fcb1800000,0x000000fcb1900000)]
  0x000002c5e42d9000 JavaThread "jar transforms" [_thread_blocked, id=13212, stack(0x000000fcb1900000,0x000000fcb1a00000)]
  0x000002c5e42d9800 JavaThread "Cache worker for file content cache (C:\Users\hp\.gradle\caches\7.4\fileContent)" [_thread_blocked, id=6628, stack(0x000000fcb1a00000,0x000000fcb1b00000)]
  0x000002c5e42d7800 JavaThread "jar transforms Thread 2" [_thread_blocked, id=6632, stack(0x000000fcb1b00000,0x000000fcb1c00000)]
  0x000002c5e42de000 JavaThread "Cache worker for dependencies-accessors (C:\Users\hp\Desktop\eCommerceApp\.gradle\7.4\dependencies-accessors)" [_thread_blocked, id=12940, stack(0x000000fcb1c00000,0x000000fcb1d00000)]
  0x000002c5e42d8000 JavaThread "jar transforms Thread 3" [_thread_blocked, id=13508, stack(0x000000fcb1d00000,0x000000fcb1e00000)]
  0x000002c5e42e3800 JavaThread "Cache worker for Build Output Cleanup Cache (C:\Users\hp\Desktop\eCommerceApp\.gradle\buildOutputCleanup)" [_thread_blocked, id=12016, stack(0x000000fcb1e00000,0x000000fcb1f00000)]
  0x000002c5e42e4800 JavaThread "Unconstrained build operations" [_thread_blocked, id=12096, stack(0x000000fcb1f00000,0x000000fcb2000000)]
  0x000002c5e42e1000 JavaThread "Unconstrained build operations Thread 2" [_thread_blocked, id=11372, stack(0x000000fcb2000000,0x000000fcb2100000)]
  0x000002c5e42de800 JavaThread "Unconstrained build operations Thread 3" [_thread_blocked, id=13740, stack(0x000000fcb2100000,0x000000fcb2200000)]
  0x000002c5e42e2000 JavaThread "Unconstrained build operations Thread 4" [_thread_blocked, id=10476, stack(0x000000fcb2200000,0x000000fcb2300000)]
  0x000002c5e42e5000 JavaThread "Unconstrained build operations Thread 5" [_thread_blocked, id=5504, stack(0x000000fcb2300000,0x000000fcb2400000)]
  0x000002c5e42df800 JavaThread "Unconstrained build operations Thread 6" [_thread_blocked, id=2776, stack(0x000000fcb2400000,0x000000fcb2500000)]
  0x000002c5e42e2800 JavaThread "Unconstrained build operations Thread 7" [_thread_blocked, id=7104, stack(0x000000fcb2500000,0x000000fcb2600000)]
  0x000002c5e42e6000 JavaThread "Unconstrained build operations Thread 8" [_thread_blocked, id=1872, stack(0x000000fcb2600000,0x000000fcb2700000)]
  0x000002c5e42e0800 JavaThread "Unconstrained build operations Thread 9" [_thread_blocked, id=3024, stack(0x000000fcb2700000,0x000000fcb2800000)]
  0x000002c5e4a4a800 JavaThread "Unconstrained build operations Thread 10" [_thread_blocked, id=4660, stack(0x000000fcb2800000,0x000000fcb2900000)]
  0x000002c5e4a4c000 JavaThread "Unconstrained build operations Thread 11" [_thread_blocked, id=7784, stack(0x000000fcb2900000,0x000000fcb2a00000)]
  0x000002c5e4a51000 JavaThread "Unconstrained build operations Thread 12" [_thread_blocked, id=7668, stack(0x000000fcb2a00000,0x000000fcb2b00000)]
  0x000002c5e4a4d000 JavaThread "Unconstrained build operations Thread 13" [_thread_blocked, id=14152, stack(0x000000fcb2b00000,0x000000fcb2c00000)]
  0x000002c5e4a50000 JavaThread "Unconstrained build operations Thread 14" [_thread_blocked, id=13124, stack(0x000000fcb2c00000,0x000000fcb2d00000)]
  0x000002c5e4a4f800 JavaThread "Unconstrained build operations Thread 15" [_thread_blocked, id=9296, stack(0x000000fcb2d00000,0x000000fcb2e00000)]
  0x000002c5e4a4d800 JavaThread "Unconstrained build operations Thread 16" [_thread_blocked, id=2976, stack(0x000000fcb2e00000,0x000000fcb2f00000)]
  0x000002c5e4a4b000 JavaThread "Unconstrained build operations Thread 17" [_thread_blocked, id=12272, stack(0x000000fcb2f00000,0x000000fcb3000000)]
  0x000002c5e4a52000 JavaThread "Unconstrained build operations Thread 18" [_thread_blocked, id=9904, stack(0x000000fcb3000000,0x000000fcb3100000)]
  0x000002c5e4a52800 JavaThread "Unconstrained build operations Thread 19" [_thread_blocked, id=14296, stack(0x000000fcb3100000,0x000000fcb3200000)]
  0x000002c5e4a53800 JavaThread "Unconstrained build operations Thread 20" [_thread_blocked, id=7448, stack(0x000000fcb3200000,0x000000fcb3300000)]
  0x000002c5e4a54000 JavaThread "Unconstrained build operations Thread 21" [_thread_blocked, id=13404, stack(0x000000fcb3300000,0x000000fcb3400000)]
  0x000002c5e4a4e800 JavaThread "Unconstrained build operations Thread 22" [_thread_blocked, id=7336, stack(0x000000fcb3400000,0x000000fcb3500000)]
  0x000002c5e4a55000 JavaThread "Unconstrained build operations Thread 23" [_thread_blocked, id=3704, stack(0x000000fcb3500000,0x000000fcb3600000)]
  0x000002c5e4a56000 JavaThread "Unconstrained build operations Thread 24" [_thread_blocked, id=14088, stack(0x000000fcb3600000,0x000000fcb3700000)]
  0x000002c5e4a56800 JavaThread "Unconstrained build operations Thread 25" [_thread_blocked, id=9660, stack(0x000000fcb3700000,0x000000fcb3800000)]
  0x000002c5e4a57800 JavaThread "Unconstrained build operations Thread 26" [_thread_blocked, id=7592, stack(0x000000fcb3800000,0x000000fcb3900000)]
  0x000002c5e4a58800 JavaThread "Unconstrained build operations Thread 27" [_thread_blocked, id=9604, stack(0x000000fcb3900000,0x000000fcb3a00000)]
  0x000002c5e4a59000 JavaThread "Unconstrained build operations Thread 28" [_thread_blocked, id=10564, stack(0x000000fcb3a00000,0x000000fcb3b00000)]
  0x000002c5e235c800 JavaThread "Unconstrained build operations Thread 29" [_thread_blocked, id=6580, stack(0x000000fcb3b00000,0x000000fcb3c00000)]
  0x000002c5e235d000 JavaThread "Unconstrained build operations Thread 30" [_thread_blocked, id=11876, stack(0x000000fcb3c00000,0x000000fcb3d00000)]
  0x000002c5e235b800 JavaThread "Unconstrained build operations Thread 31" [_thread_blocked, id=11952, stack(0x000000fcb3d00000,0x000000fcb3e00000)]
  0x000002c5e2358800 JavaThread "Unconstrained build operations Thread 32" [_thread_blocked, id=8108, stack(0x000000fcb3e00000,0x000000fcb3f00000)]
  0x000002c5e235e000 JavaThread "Unconstrained build operations Thread 33" [_thread_blocked, id=9092, stack(0x000000fcb3f00000,0x000000fcb4000000)]
  0x000002c5e235f000 JavaThread "Unconstrained build operations Thread 34" [_thread_blocked, id=7464, stack(0x000000fcb4000000,0x000000fcb4100000)]
  0x000002c5e235a800 JavaThread "Unconstrained build operations Thread 35" [_thread_blocked, id=5316, stack(0x000000fcb4100000,0x000000fcb4200000)]
  0x000002c5e2359000 JavaThread "Unconstrained build operations Thread 36" [_thread_blocked, id=8116, stack(0x000000fcb4200000,0x000000fcb4300000)]
  0x000002c5e235f800 JavaThread "Unconstrained build operations Thread 37" [_thread_blocked, id=7672, stack(0x000000fcb4300000,0x000000fcb4400000)]
  0x000002c5e235a000 JavaThread "Unconstrained build operations Thread 38" [_thread_blocked, id=11628, stack(0x000000fcb4400000,0x000000fcb4500000)]
  0x000002c5e2363800 JavaThread "Unconstrained build operations Thread 39" [_thread_blocked, id=8360, stack(0x000000fcb4500000,0x000000fcb4600000)]
  0x000002c5e2360800 JavaThread "Unconstrained build operations Thread 40" [_thread_blocked, id=4136, stack(0x000000fcb4600000,0x000000fcb4700000)]
  0x000002c5e2366000 JavaThread "jar transforms Thread 4" [_thread_blocked, id=3848, stack(0x000000fcb4700000,0x000000fcb4800000)]
  0x000002c5e6610800 JavaThread "C2 CompilerThread1" daemon [_thread_blocked, id=14128, stack(0x000000fcb1100000,0x000000fcb1200000)]
  0x000002c5e2365800 JavaThread "Memory manager" [_thread_blocked, id=8088, stack(0x000000fcb4800000,0x000000fcb4900000)]

Other Threads:
=>0x000002c5e07c8800 VMThread "VM Thread" [stack: 0x000000fcaf600000,0x000000fcaf700000] [id=3580]
  0x000002c5e12b3800 WatcherThread [stack: 0x000000fcb0000000,0x000000fcb0100000] [id=9760]
  0x000002c5c6467000 GCTaskThread "GC Thread#0" [stack: 0x000000fcaf100000,0x000000fcaf200000] [id=13688]
  0x000002c5e150b000 GCTaskThread "GC Thread#1" [stack: 0x000000fcb0200000,0x000000fcb0300000] [id=9364]
  0x000002c5e1b50000 GCTaskThread "GC Thread#2" [stack: 0x000000fcb0300000,0x000000fcb0400000] [id=2972]
  0x000002c5e3275800 GCTaskThread "GC Thread#3" [stack: 0x000000fcb0d00000,0x000000fcb0e00000] [id=8396]
  0x000002c5c6498000 ConcurrentGCThread "G1 Main Marker" [stack: 0x000000fcaf200000,0x000000fcaf300000] [id=7512]
  0x000002c5c6499000 ConcurrentGCThread "G1 Conc#0" [stack: 0x000000fcaf300000,0x000000fcaf400000] [id=11956]
  0x000002c5c6525800 ConcurrentGCThread "G1 Refine#0" [stack: 0x000000fcaf400000,0x000000fcaf500000] [id=13424]
  0x000002c5c6526800 ConcurrentGCThread "G1 Young RemSet Sampling" [stack: 0x000000fcaf500000,0x000000fcaf600000] [id=6636]

Threads with active compile tasks:
C2 CompilerThread0  17126 6780   !   4       jdk.internal.loader.Resource::getBytes (242 bytes)
C2 CompilerThread1  17126 6785       4       sun.net.util.URLUtil::urlNoFragString (114 bytes)

VM state:at safepoint (normal execution)

VM Mutex/Monitor currently owned by a thread:  ([mutex/lock_event])
[0x000002c5c644bb90] Threads_lock - owner thread: 0x000002c5e07c8800
[0x000002c5c644b830] Heap_lock - owner thread: 0x000002c5e2c61000

Heap address: 0x0000000080000000, size: 2048 MB, Compressed Oops mode: 32-bit
Narrow klass base: 0x0000000000000000, Narrow klass shift: 3
Compressed class space size: 1073741824 Address: 0x0000000100000000

Heap:
 garbage-first heap   total 189440K, used 52363K [0x0000000080000000, 0x0000000100000000)
  region size 1024K, 6 young (6144K), 6 survivors (6144K)
 Metaspace       used 67681K, capacity 69279K, committed 69500K, reserved 1110016K
  class space    used 8519K, capacity 9077K, committed 9164K, reserved 1048576K
Heap Regions: E=young(eden), S=young(survivor), O=old, HS=humongous(starts), HC=humongous(continues), CS=collection set, F=free, A=archive, TAMS=top-at-mark-start (previous, next)
|   0|0x0000000080000000, 0x0000000080100000, 0x0000000080100000|100%|HS|  |TAMS 0x0000000080100000, 0x0000000080000000| Complete 
|   1|0x0000000080100000, 0x0000000080200000, 0x0000000080200000|100%|HC|  |TAMS 0x0000000080200000, 0x0000000080100000| Complete 
|   2|0x0000000080200000, 0x0000000080300000, 0x0000000080300000|100%|HC|  |TAMS 0x0000000080300000, 0x0000000080200000| Complete 
|   3|0x0000000080300000, 0x0000000080400000, 0x0000000080400000|100%| O|  |TAMS 0x0000000080400000, 0x0000000080300000| Untracked 
|   4|0x0000000080400000, 0x0000000080500000, 0x0000000080500000|100%| O|  |TAMS 0x0000000080500000, 0x0000000080400000| Untracked 
|   5|0x0000000080500000, 0x0000000080600000, 0x0000000080600000|100%| O|  |TAMS 0x0000000080600000, 0x0000000080500000| Untracked 
|   6|0x0000000080600000, 0x0000000080700000, 0x0000000080700000|100%| O|  |TAMS 0x0000000080700000, 0x0000000080600000| Untracked 
|   7|0x0000000080700000, 0x0000000080800000, 0x0000000080800000|100%| O|  |TAMS 0x0000000080800000, 0x0000000080700000| Untracked 
|   8|0x0000000080800000, 0x0000000080900000, 0x0000000080900000|100%| O|  |TAMS 0x0000000080900000, 0x0000000080800000| Untracked 
|   9|0x0000000080900000, 0x0000000080a00000, 0x0000000080a00000|100%| O|  |TAMS 0x0000000080a00000, 0x0000000080900000| Untracked 
|  10|0x0000000080a00000, 0x0000000080b00000, 0x0000000080b00000|100%| O|  |TAMS 0x0000000080b00000, 0x0000000080a00000| Untracked 
|  11|0x0000000080b00000, 0x0000000080c00000, 0x0000000080c00000|100%| O|  |TAMS 0x0000000080c00000, 0x0000000080b00000| Untracked 
|  12|0x0000000080c00000, 0x0000000080d00000, 0x0000000080d00000|100%| O|  |TAMS 0x0000000080d00000, 0x0000000080c00000| Untracked 
|  13|0x0000000080d00000, 0x0000000080e00000, 0x0000000080e00000|100%| O|  |TAMS 0x0000000080e00000, 0x0000000080d00000| Untracked 
|  14|0x0000000080e00000, 0x0000000080f00000, 0x0000000080f00000|100%| O|  |TAMS 0x0000000080f00000, 0x0000000080e00000| Untracked 
|  15|0x0000000080f00000, 0x0000000081000000, 0x0000000081000000|100%| O|  |TAMS 0x0000000081000000, 0x0000000080f00000| Untracked 
|  16|0x0000000081000000, 0x0000000081100000, 0x0000000081100000|100%|HS|  |TAMS 0x0000000081100000, 0x0000000081000000| Complete 
|  17|0x0000000081100000, 0x0000000081200000, 0x0000000081200000|100%| O|  |TAMS 0x0000000081200000, 0x0000000081100000| Untracked 
|  18|0x0000000081200000, 0x0000000081300000, 0x0000000081300000|100%| O|  |TAMS 0x0000000081300000, 0x0000000081200000| Untracked 
|  19|0x0000000081300000, 0x0000000081400000, 0x0000000081400000|100%| O|  |TAMS 0x0000000081400000, 0x0000000081300000| Untracked 
|  20|0x0000000081400000, 0x0000000081500000, 0x0000000081500000|100%| O|  |TAMS 0x0000000081500000, 0x0000000081400000| Untracked 
|  21|0x0000000081500000, 0x0000000081600000, 0x0000000081600000|100%| O|  |TAMS 0x0000000081600000, 0x0000000081500000| Untracked 
|  22|0x0000000081600000, 0x0000000081700000, 0x0000000081700000|100%| O|  |TAMS 0x0000000081700000, 0x0000000081600000| Untracked 
|  23|0x0000000081700000, 0x0000000081800000, 0x0000000081800000|100%| O|  |TAMS 0x0000000081800000, 0x0000000081700000| Untracked 
|  24|0x0000000081800000, 0x0000000081900000, 0x0000000081900000|100%| O|  |TAMS 0x0000000081900000, 0x0000000081800000| Untracked 
|  25|0x0000000081900000, 0x0000000081a00000, 0x0000000081a00000|100%| O|  |TAMS 0x0000000081a00000, 0x0000000081900000| Untracked 
|  26|0x0000000081a00000, 0x0000000081b00000, 0x0000000081b00000|100%| O|  |TAMS 0x0000000081b00000, 0x0000000081a00000| Untracked 
|  27|0x0000000081b00000, 0x0000000081c00000, 0x0000000081c00000|100%| O|  |TAMS 0x0000000081c00000, 0x0000000081b00000| Untracked 
|  28|0x0000000081c00000, 0x0000000081d00000, 0x0000000081d00000|100%|HS|  |TAMS 0x0000000081d00000, 0x0000000081c00000| Complete 
|  29|0x0000000081d00000, 0x0000000081d00000, 0x0000000081e00000|  0%| F|  |TAMS 0x0000000081d00000, 0x0000000081d00000| Untracked 
|  30|0x0000000081e00000, 0x0000000081f00000, 0x0000000081f00000|100%|HS|  |TAMS 0x0000000081f00000, 0x0000000081e00000| Complete 
|  31|0x0000000081f00000, 0x0000000082000000, 0x0000000082000000|100%|HC|  |TAMS 0x0000000082000000, 0x0000000081f00000| Complete 
|  32|0x0000000082000000, 0x0000000082100000, 0x0000000082100000|100%| O|  |TAMS 0x0000000082100000, 0x0000000082000000| Untracked 
|  33|0x0000000082100000, 0x0000000082200000, 0x0000000082200000|100%| O|  |TAMS 0x0000000082200000, 0x0000000082100000| Untracked 
|  34|0x0000000082200000, 0x0000000082300000, 0x0000000082300000|100%| O|  |TAMS 0x00000000822caa00, 0x0000000082200000| Untracked 
|  35|0x0000000082300000, 0x0000000082300000, 0x0000000082400000|  0%| F|  |TAMS 0x0000000082300000, 0x0000000082300000| Untracked 
|  36|0x0000000082400000, 0x0000000082400000, 0x0000000082500000|  0%| F|  |TAMS 0x0000000082400000, 0x0000000082400000| Untracked 
|  37|0x0000000082500000, 0x0000000082500000, 0x0000000082600000|  0%| F|  |TAMS 0x0000000082500000, 0x0000000082500000| Untracked 
|  38|0x0000000082600000, 0x0000000082600000, 0x0000000082700000|  0%| F|  |TAMS 0x0000000082600000, 0x0000000082600000| Untracked 
|  39|0x0000000082700000, 0x0000000082700000, 0x0000000082800000|  0%| F|  |TAMS 0x0000000082700000, 0x0000000082700000| Untracked 
|  40|0x0000000082800000, 0x0000000082800000, 0x0000000082900000|  0%| F|  |TAMS 0x0000000082800000, 0x0000000082800000| Untracked 
|  41|0x0000000082900000, 0x0000000082a00000, 0x0000000082a00000|100%| O|  |TAMS 0x0000000082900000, 0x0000000082900000| Untracked 
|  42|0x0000000082a00000, 0x0000000082b00000, 0x0000000082b00000|100%| O|  |TAMS 0x0000000082a00000, 0x0000000082a00000| Untracked 
|  43|0x0000000082b00000, 0x0000000082c00000, 0x0000000082c00000|100%| O|  |TAMS 0x0000000082b00000, 0x0000000082b00000| Untracked 
|  44|0x0000000082c00000, 0x0000000082d00000, 0x0000000082d00000|100%| O|  |TAMS 0x0000000082c00000, 0x0000000082c00000| Untracked 
|  45|0x0000000082d00000, 0x0000000082e00000, 0x0000000082e00000|100%| O|  |TAMS 0x0000000082d00000, 0x0000000082d00000| Untracked 
|  46|0x0000000082e00000, 0x0000000082f00000, 0x0000000082f00000|100%| O|  |TAMS 0x0000000082e00000, 0x0000000082e00000| Untracked 
|  47|0x0000000082f00000, 0x0000000083000000, 0x0000000083000000|100%| O|  |TAMS 0x0000000082f00000, 0x0000000082f00000| Untracked 
|  48|0x0000000083000000, 0x0000000083100000, 0x0000000083100000|100%| O|  |TAMS 0x0000000083000000, 0x0000000083000000| Untracked 
|  49|0x0000000083100000, 0x0000000083200000, 0x0000000083200000|100%| O|  |TAMS 0x0000000083100000, 0x0000000083100000| Untracked 
|  50|0x0000000083200000, 0x0000000083300000, 0x0000000083300000|100%| O|  |TAMS 0x0000000083200000, 0x0000000083200000| Untracked 
|  51|0x0000000083300000, 0x0000000083400000, 0x0000000083400000|100%| O|  |TAMS 0x0000000083300000, 0x0000000083300000| Untracked 
|  52|0x0000000083400000, 0x000000008344e600, 0x0000000083500000| 30%| O|  |TAMS 0x0000000083400000, 0x0000000083400000| Untracked 
|  53|0x0000000083500000, 0x0000000083500000, 0x0000000083600000|  0%| F|  |TAMS 0x0000000083500000, 0x0000000083500000| Untracked 
|  54|0x0000000083600000, 0x0000000083600000, 0x0000000083700000|  0%| F|  |TAMS 0x0000000083600000, 0x0000000083600000| Untracked 
|  55|0x0000000083700000, 0x0000000083700000, 0x0000000083800000|  0%| F|  |TAMS 0x0000000083700000, 0x0000000083700000| Untracked 
|  56|0x0000000083800000, 0x0000000083800000, 0x0000000083900000|  0%| F|  |TAMS 0x0000000083800000, 0x0000000083800000| Untracked 
|  57|0x0000000083900000, 0x0000000083900000, 0x0000000083a00000|  0%| F|  |TAMS 0x0000000083900000, 0x0000000083900000| Untracked 
|  58|0x0000000083a00000, 0x0000000083a00000, 0x0000000083b00000|  0%| F|  |TAMS 0x0000000083a00000, 0x0000000083a00000| Untracked 
|  59|0x0000000083b00000, 0x0000000083b00000, 0x0000000083c00000|  0%| F|  |TAMS 0x0000000083b00000, 0x0000000083b00000| Untracked 
|  60|0x0000000083c00000, 0x0000000083c00000, 0x0000000083d00000|  0%| F|  |TAMS 0x0000000083c00000, 0x0000000083c00000| Untracked 
|  61|0x0000000083d00000, 0x0000000083d00000, 0x0000000083e00000|  0%| F|  |TAMS 0x0000000083d00000, 0x0000000083d00000| Untracked 
|  62|0x0000000083e00000, 0x0000000083e00000, 0x0000000083f00000|  0%| F|  |TAMS 0x0000000083e00000, 0x0000000083e00000| Untracked 
|  63|0x0000000083f00000, 0x0000000083f00000, 0x0000000084000000|  0%| F|  |TAMS 0x0000000083f00000, 0x0000000083f00000| Untracked 
|  64|0x0000000084000000, 0x00000000840d48d0, 0x0000000084100000| 83%| S|CS|TAMS 0x0000000084000000, 0x0000000084000000| Complete 
|  65|0x0000000084100000, 0x0000000084200000, 0x0000000084200000|100%| S|CS|TAMS 0x0000000084100000, 0x0000000084100000| Complete 
|  66|0x0000000084200000, 0x0000000084300000, 0x0000000084300000|100%| S|CS|TAMS 0x0000000084200000, 0x0000000084200000| Complete 
|  67|0x0000000084300000, 0x0000000084400000, 0x0000000084400000|100%| S|CS|TAMS 0x0000000084300000, 0x0000000084300000| Complete 
|  68|0x0000000084400000, 0x0000000084500000, 0x0000000084500000|100%| S|CS|TAMS 0x0000000084400000, 0x0000000084400000| Complete 
|  69|0x0000000084500000, 0x0000000084600000, 0x0000000084600000|100%| S|CS|TAMS 0x0000000084500000, 0x0000000084500000| Complete 
|  70|0x0000000084600000, 0x0000000084600000, 0x0000000084700000|  0%| F|  |TAMS 0x0000000084600000, 0x0000000084600000| Untracked 
|  71|0x0000000084700000, 0x0000000084700000, 0x0000000084800000|  0%| F|  |TAMS 0x0000000084700000, 0x0000000084700000| Untracked 
|  72|0x0000000084800000, 0x0000000084800000, 0x0000000084900000|  0%| F|  |TAMS 0x0000000084800000, 0x0000000084800000| Untracked 
|  73|0x0000000084900000, 0x0000000084900000, 0x0000000084a00000|  0%| F|  |TAMS 0x0000000084900000, 0x0000000084900000| Untracked 
|  74|0x0000000084a00000, 0x0000000084a00000, 0x0000000084b00000|  0%| F|  |TAMS 0x0000000084a00000, 0x0000000084a00000| Untracked 
|  75|0x0000000084b00000, 0x0000000084b00000, 0x0000000084c00000|  0%| F|  |TAMS 0x0000000084b00000, 0x0000000084b00000| Untracked 
|  76|0x0000000084c00000, 0x0000000084c00000, 0x0000000084d00000|  0%| F|  |TAMS 0x0000000084c00000, 0x0000000084c00000| Untracked 
|  77|0x0000000084d00000, 0x0000000084d00000, 0x0000000084e00000|  0%| F|  |TAMS 0x0000000084d00000, 0x0000000084d00000| Untracked 
|  78|0x0000000084e00000, 0x0000000084e00000, 0x0000000084f00000|  0%| F|  |TAMS 0x0000000084e00000, 0x0000000084e00000| Untracked 
|  79|0x0000000084f00000, 0x0000000084f00000, 0x0000000085000000|  0%| F|  |TAMS 0x0000000084f00000, 0x0000000084f00000| Untracked 
|  80|0x0000000085000000, 0x0000000085000000, 0x0000000085100000|  0%| F|  |TAMS 0x0000000085000000, 0x0000000085000000| Untracked 
|  81|0x0000000085100000, 0x0000000085100000, 0x0000000085200000|  0%| F|  |TAMS 0x0000000085100000, 0x0000000085100000| Untracked 
|  82|0x0000000085200000, 0x0000000085200000, 0x0000000085300000|  0%| F|  |TAMS 0x0000000085200000, 0x0000000085200000| Untracked 
|  83|0x0000000085300000, 0x0000000085300000, 0x0000000085400000|  0%| F|  |TAMS 0x0000000085300000, 0x0000000085300000| Untracked 
|  84|0x0000000085400000, 0x0000000085400000, 0x0000000085500000|  0%| F|  |TAMS 0x0000000085400000, 0x0000000085400000| Untracked 
|  85|0x0000000085500000, 0x0000000085500000, 0x0000000085600000|  0%| F|  |TAMS 0x0000000085500000, 0x0000000085500000| Untracked 
|  86|0x0000000085600000, 0x0000000085600000, 0x0000000085700000|  0%| F|  |TAMS 0x0000000085600000, 0x0000000085600000| Untracked 
|  87|0x0000000085700000, 0x0000000085700000, 0x0000000085800000|  0%| F|  |TAMS 0x0000000085700000, 0x0000000085700000| Untracked 
|  88|0x0000000085800000, 0x0000000085800000, 0x0000000085900000|  0%| F|  |TAMS 0x0000000085800000, 0x0000000085800000| Untracked 
|  89|0x0000000085900000, 0x0000000085900000, 0x0000000085a00000|  0%| F|  |TAMS 0x0000000085900000, 0x0000000085900000| Untracked 
|  90|0x0000000085a00000, 0x0000000085a00000, 0x0000000085b00000|  0%| F|  |TAMS 0x0000000085a00000, 0x0000000085a00000| Untracked 
|  91|0x0000000085b00000, 0x0000000085b00000, 0x0000000085c00000|  0%| F|  |TAMS 0x0000000085b00000, 0x0000000085b00000| Untracked 
|  92|0x0000000085c00000, 0x0000000085c00000, 0x0000000085d00000|  0%| F|  |TAMS 0x0000000085c00000, 0x0000000085c00000| Untracked 
|  93|0x0000000085d00000, 0x0000000085d00000, 0x0000000085e00000|  0%| F|  |TAMS 0x0000000085d00000, 0x0000000085d00000| Untracked 
|  94|0x0000000085e00000, 0x0000000085e00000, 0x0000000085f00000|  0%| F|  |TAMS 0x0000000085e00000, 0x0000000085e00000| Untracked 
|  95|0x0000000085f00000, 0x0000000085f00000, 0x0000000086000000|  0%| F|  |TAMS 0x0000000085f00000, 0x0000000085f00000| Untracked 
|  96|0x0000000086000000, 0x0000000086000000, 0x0000000086100000|  0%| F|  |TAMS 0x0000000086000000, 0x0000000086000000| Untracked 
|  97|0x0000000086100000, 0x0000000086100000, 0x0000000086200000|  0%| F|  |TAMS 0x0000000086100000, 0x0000000086100000| Untracked 
|  98|0x0000000086200000, 0x0000000086200000, 0x0000000086300000|  0%| F|  |TAMS 0x0000000086200000, 0x0000000086200000| Untracked 
|  99|0x0000000086300000, 0x0000000086300000, 0x0000000086400000|  0%| F|  |TAMS 0x0000000086300000, 0x0000000086300000| Untracked 
| 100|0x0000000086400000, 0x0000000086400000, 0x0000000086500000|  0%| F|  |TAMS 0x0000000086400000, 0x0000000086400000| Untracked 
| 101|0x0000000086500000, 0x0000000086500000, 0x0000000086600000|  0%| F|  |TAMS 0x0000000086500000, 0x0000000086500000| Untracked 
| 102|0x0000000086600000, 0x0000000086600000, 0x0000000086700000|  0%| F|  |TAMS 0x0000000086600000, 0x0000000086600000| Untracked 
| 103|0x0000000086700000, 0x0000000086700000, 0x0000000086800000|  0%| F|  |TAMS 0x0000000086700000, 0x0000000086700000| Untracked 
| 104|0x0000000086800000, 0x0000000086800000, 0x0000000086900000|  0%| F|  |TAMS 0x0000000086800000, 0x0000000086800000| Untracked 
| 105|0x0000000086900000, 0x0000000086900000, 0x0000000086a00000|  0%| F|  |TAMS 0x0000000086900000, 0x0000000086900000| Untracked 
| 106|0x0000000086a00000, 0x0000000086a00000, 0x0000000086b00000|  0%| F|  |TAMS 0x0000000086a00000, 0x0000000086a00000| Untracked 
| 107|0x0000000086b00000, 0x0000000086b00000, 0x0000000086c00000|  0%| F|  |TAMS 0x0000000086b00000, 0x0000000086b00000| Untracked 
| 108|0x0000000086c00000, 0x0000000086c00000, 0x0000000086d00000|  0%| F|  |TAMS 0x0000000086c00000, 0x0000000086c00000| Untracked 
| 109|0x0000000086d00000, 0x0000000086d00000, 0x0000000086e00000|  0%| F|  |TAMS 0x0000000086d00000, 0x0000000086d00000| Untracked 
| 110|0x0000000086e00000, 0x0000000086e00000, 0x0000000086f00000|  0%| F|  |TAMS 0x0000000086e00000, 0x0000000086e00000| Untracked 
| 111|0x0000000086f00000, 0x0000000086f00000, 0x0000000087000000|  0%| F|  |TAMS 0x0000000086f00000, 0x0000000086f00000| Untracked 
| 112|0x0000000087000000, 0x0000000087000000, 0x0000000087100000|  0%| F|  |TAMS 0x0000000087000000, 0x0000000087000000| Untracked 
| 113|0x0000000087100000, 0x0000000087100000, 0x0000000087200000|  0%| F|  |TAMS 0x0000000087100000, 0x0000000087100000| Untracked 
| 114|0x0000000087200000, 0x0000000087200000, 0x0000000087300000|  0%| F|  |TAMS 0x0000000087200000, 0x0000000087200000| Untracked 
| 115|0x0000000087300000, 0x0000000087300000, 0x0000000087400000|  0%| F|  |TAMS 0x0000000087300000, 0x0000000087300000| Untracked 
| 116|0x0000000087400000, 0x0000000087400000, 0x0000000087500000|  0%| F|  |TAMS 0x0000000087400000, 0x0000000087400000| Untracked 
| 117|0x0000000087500000, 0x0000000087500000, 0x0000000087600000|  0%| F|  |TAMS 0x0000000087500000, 0x0000000087500000| Untracked 
| 118|0x0000000087600000, 0x0000000087600000, 0x0000000087700000|  0%| F|  |TAMS 0x0000000087600000, 0x0000000087600000| Untracked 
| 119|0x0000000087700000, 0x0000000087700000, 0x0000000087800000|  0%| F|  |TAMS 0x0000000087700000, 0x0000000087700000| Untracked 
| 120|0x0000000087800000, 0x0000000087800000, 0x0000000087900000|  0%| F|  |TAMS 0x0000000087800000, 0x0000000087800000| Untracked 
| 121|0x0000000087900000, 0x0000000087900000, 0x0000000087a00000|  0%| F|  |TAMS 0x0000000087900000, 0x0000000087900000| Untracked 
| 122|0x0000000087a00000, 0x0000000087a00000, 0x0000000087b00000|  0%| F|  |TAMS 0x0000000087a00000, 0x0000000087a00000| Untracked 
| 123|0x0000000087b00000, 0x0000000087b00000, 0x0000000087c00000|  0%| F|  |TAMS 0x0000000087b00000, 0x0000000087b00000| Untracked 
| 124|0x0000000087c00000, 0x0000000087c00000, 0x0000000087d00000|  0%| F|  |TAMS 0x0000000087c00000, 0x0000000087c00000| Untracked 
| 125|0x0000000087d00000, 0x0000000087d00000, 0x0000000087e00000|  0%| F|  |TAMS 0x0000000087d00000, 0x0000000087d00000| Untracked 
| 126|0x0000000087e00000, 0x0000000087e00000, 0x0000000087f00000|  0%| F|  |TAMS 0x0000000087e00000, 0x0000000087e00000| Untracked 
| 127|0x0000000087f00000, 0x0000000087f00000, 0x0000000088000000|  0%| F|  |TAMS 0x0000000087f00000, 0x0000000087f00000| Untracked 
| 128|0x0000000088000000, 0x0000000088000000, 0x0000000088100000|  0%| F|  |TAMS 0x0000000088000000, 0x0000000088000000| Untracked 
| 129|0x0000000088100000, 0x0000000088100000, 0x0000000088200000|  0%| F|  |TAMS 0x0000000088100000, 0x0000000088100000| Untracked 
| 130|0x0000000088200000, 0x0000000088200000, 0x0000000088300000|  0%| F|  |TAMS 0x0000000088200000, 0x0000000088200000| Untracked 
| 131|0x0000000088300000, 0x0000000088300000, 0x0000000088400000|  0%| F|  |TAMS 0x0000000088300000, 0x0000000088300000| Untracked 
| 132|0x0000000088400000, 0x0000000088400000, 0x0000000088500000|  0%| F|  |TAMS 0x0000000088400000, 0x0000000088400000| Untracked 
| 133|0x0000000088500000, 0x0000000088500000, 0x0000000088600000|  0%| F|  |TAMS 0x0000000088500000, 0x0000000088500000| Untracked 
| 134|0x0000000088600000, 0x0000000088600000, 0x0000000088700000|  0%| F|  |TAMS 0x0000000088600000, 0x0000000088600000| Untracked 
| 135|0x0000000088700000, 0x0000000088700000, 0x0000000088800000|  0%| F|  |TAMS 0x0000000088700000, 0x0000000088700000| Untracked 
| 136|0x0000000088800000, 0x0000000088800000, 0x0000000088900000|  0%| F|  |TAMS 0x0000000088800000, 0x0000000088800000| Untracked 
| 137|0x0000000088900000, 0x0000000088900000, 0x0000000088a00000|  0%| F|  |TAMS 0x0000000088900000, 0x0000000088900000| Untracked 
| 138|0x0000000088a00000, 0x0000000088a00000, 0x0000000088b00000|  0%| F|  |TAMS 0x0000000088a00000, 0x0000000088a00000| Untracked 
| 139|0x0000000088b00000, 0x0000000088b00000, 0x0000000088c00000|  0%| F|  |TAMS 0x0000000088b00000, 0x0000000088b00000| Untracked 
| 140|0x0000000088c00000, 0x0000000088c00000, 0x0000000088d00000|  0%| F|  |TAMS 0x0000000088c00000, 0x0000000088c00000| Untracked 
| 141|0x0000000088d00000, 0x0000000088d00000, 0x0000000088e00000|  0%| F|  |TAMS 0x0000000088d00000, 0x0000000088d00000| Untracked 
| 142|0x0000000088e00000, 0x0000000088e00000, 0x0000000088f00000|  0%| F|  |TAMS 0x0000000088e00000, 0x0000000088e00000| Untracked 
| 143|0x0000000088f00000, 0x0000000088f00000, 0x0000000089000000|  0%| F|  |TAMS 0x0000000088f00000, 0x0000000088f00000| Untracked 
| 144|0x0000000089000000, 0x0000000089000000, 0x0000000089100000|  0%| F|  |TAMS 0x0000000089000000, 0x0000000089000000| Untracked 
| 145|0x0000000089100000, 0x0000000089100000, 0x0000000089200000|  0%| F|  |TAMS 0x0000000089100000, 0x0000000089100000| Untracked 
| 146|0x0000000089200000, 0x0000000089200000, 0x0000000089300000|  0%| F|  |TAMS 0x0000000089200000, 0x0000000089200000| Untracked 
| 147|0x0000000089300000, 0x0000000089300000, 0x0000000089400000|  0%| F|  |TAMS 0x0000000089300000, 0x0000000089300000| Untracked 
| 148|0x0000000089400000, 0x0000000089400000, 0x0000000089500000|  0%| F|  |TAMS 0x0000000089400000, 0x0000000089400000| Untracked 
| 149|0x0000000089500000, 0x0000000089500000, 0x0000000089600000|  0%| F|  |TAMS 0x0000000089500000, 0x0000000089500000| Untracked 
| 150|0x0000000089600000, 0x0000000089600000, 0x0000000089700000|  0%| F|  |TAMS 0x0000000089600000, 0x0000000089600000| Untracked 
| 151|0x0000000089700000, 0x0000000089700000, 0x0000000089800000|  0%| F|  |TAMS 0x0000000089700000, 0x0000000089700000| Untracked 
| 152|0x0000000089800000, 0x0000000089800000, 0x0000000089900000|  0%| F|  |TAMS 0x0000000089800000, 0x0000000089800000| Untracked 
| 153|0x0000000089900000, 0x0000000089900000, 0x0000000089a00000|  0%| F|  |TAMS 0x0000000089900000, 0x0000000089900000| Untracked 

Card table byte_map: [0x000002c5d9990000,0x000002c5d9d90000] _byte_map_base: 0x000002c5d9590000

Marking Bits (Prev, Next): (CMBitMap*) 0x000002c5c648f070, (CMBitMap*) 0x000002c5c648f038
 Prev Bits: [0x000002c5dc190000, 0x000002c5de190000)
 Next Bits: [0x000002c5da190000, 0x000002c5dc190000)

Polling page: 0x000002c5c4b50000

Metaspace:

Usage:
  Non-class:     58.79 MB capacity,    57.78 MB ( 98%) used,   865.63 KB (  1%) free+waste,   174.44 KB ( <1%) overhead. 
      Class:      8.86 MB capacity,     8.32 MB ( 94%) used,   476.16 KB (  5%) free+waste,    81.38 KB ( <1%) overhead. 
       Both:     67.66 MB capacity,    66.10 MB ( 98%) used,     1.31 MB (  2%) free+waste,   255.81 KB ( <1%) overhead. 

Virtual space:
  Non-class space:       60.00 MB reserved,      58.92 MB ( 98%) committed 
      Class space:        1.00 GB reserved,       8.95 MB ( <1%) committed 
             Both:        1.06 GB reserved,      67.87 MB (  6%) committed 

Chunk freelists:
   Non-Class:  6.00 KB
       Class:  11.00 KB
        Both:  17.00 KB

MaxMetaspaceSize: 17179869184.00 GB
CompressedClassSpaceSize: 1.00 GB
Initial GC threshold: 20.80 MB
Current GC threshold: 98.95 MB
CDS: off

CodeHeap 'non-profiled nmethods': size=120064Kb used=3767Kb max_used=3767Kb free=116296Kb
 bounds [0x000002c5d1a30000, 0x000002c5d1de0000, 0x000002c5d8f70000]
CodeHeap 'profiled nmethods': size=120000Kb used=13872Kb max_used=13872Kb free=106127Kb
 bounds [0x000002c5ca500000, 0x000002c5cb290000, 0x000002c5d1a30000]
CodeHeap 'non-nmethods': size=5696Kb used=2344Kb max_used=2381Kb free=3351Kb
 bounds [0x000002c5c9f70000, 0x000002c5ca1e0000, 0x000002c5ca500000]
 total_blobs=7574 nmethods=6715 adapters=771
 compilation: enabled
              stopped_count=0, restarted_count=0
 full_count=0

Compilation events (20 events):
Event: 16.997 Thread 0x000002c5e07f9800 6783       3       java.security.CodeSource::matchCerts (254 bytes)
Event: 16.998 Thread 0x000002c5e07f9800 nmethod 6783 0x000002c5cb283d10 code [0x000002c5cb283f60, 0x000002c5cb284a18]
Event: 16.999 Thread 0x000002c5e07ee800 nmethod 6770 0x000002c5d1dd9910 code [0x000002c5d1dd9b20, 0x000002c5d1ddb378]
Event: 16.999 Thread 0x000002c5e07ee800 6780   !   4       jdk.internal.loader.Resource::getBytes (242 bytes)
Event: 17.004 Thread 0x000002c5e07f9800 6784       3       java.lang.ClassLoader::compareCerts (201 bytes)
Event: 17.006 Thread 0x000002c5e07f9800 nmethod 6784 0x000002c5cb284e10 code [0x000002c5cb285020, 0x000002c5cb285878]
Event: 17.006 Thread 0x000002c5e6610800 nmethod 6773 0x000002c5d1ddbf90 code [0x000002c5d1ddc160, 0x000002c5d1ddcd28]
Event: 17.006 Thread 0x000002c5e6610800 6777       4       java.lang.String::substring (58 bytes)
Event: 17.014 Thread 0x000002c5e6610800 nmethod 6777 0x000002c5d1ddd010 code [0x000002c5d1ddd1c0, 0x000002c5d1ddd6c8]
Event: 17.014 Thread 0x000002c5e6610800 6782       4       java.security.SecureClassLoader$CodeSourceKey::hashCode (21 bytes)
Event: 17.021 Thread 0x000002c5e07f9800 6786       3       java.util.jar.JarFile::getVersionedEntry (85 bytes)
Event: 17.021 Thread 0x000002c5e6610800 nmethod 6782 0x000002c5d1ddd990 code [0x000002c5d1dddb20, 0x000002c5d1dddd78]
Event: 17.021 Thread 0x000002c5e6610800 6785       4       sun.net.util.URLUtil::urlNoFragString (114 bytes)
Event: 17.022 Thread 0x000002c5e07f9800 nmethod 6786 0x000002c5cb285b90 code [0x000002c5cb285e80, 0x000002c5cb286e88]
Event: 17.038 Thread 0x000002c5e07f9800 6787       3       kotlin.text.StringsKt__StringsJVMKt::startsWith$default (15 bytes)
Event: 17.038 Thread 0x000002c5e07f9800 nmethod 6787 0x000002c5cb287490 code [0x000002c5cb287640, 0x000002c5cb287788]
Event: 17.039 Thread 0x000002c5e07f9800 6788       3       kotlin.text.StringsKt__StringsJVMKt::startsWith (37 bytes)
Event: 17.040 Thread 0x000002c5e07f9800 nmethod 6788 0x000002c5cb287890 code [0x000002c5cb287b60, 0x000002c5cb2887b8]
Event: 17.044 Thread 0x000002c5e07f9800 6789       3       com.android.build.gradle.internal.dsl.decorator.DslDecorator$CollectingInfoVisitor::method (323 bytes)
Event: 17.048 Thread 0x000002c5e07f9800 nmethod 6789 0x000002c5cb288c90 code [0x000002c5cb2891e0, 0x000002c5cb28b798]

GC Heap History (20 events):
Event: 1.519 GC heap after
{Heap after GC invocations=2 (full 0):
 garbage-first heap   total 131072K, used 9352K [0x0000000080000000, 0x0000000100000000)
  region size 1024K, 2 young (2048K), 2 survivors (2048K)
 Metaspace       used 9893K, capacity 10118K, committed 10368K, reserved 1058816K
  class space    used 1011K, capacity 1102K, committed 1152K, reserved 1048576K
}
Event: 2.135 GC heap before
{Heap before GC invocations=2 (full 0):
 garbage-first heap   total 131072K, used 39048K [0x0000000080000000, 0x0000000100000000)
  region size 1024K, 31 young (31744K), 2 survivors (2048K)
 Metaspace       used 10851K, capacity 11074K, committed 11264K, reserved 1058816K
  class space    used 1112K, capacity 1207K, committed 1280K, reserved 1048576K
}
Event: 2.140 GC heap after
{Heap after GC invocations=3 (full 0):
 garbage-first heap   total 131072K, used 12716K [0x0000000080000000, 0x0000000100000000)
  region size 1024K, 4 young (4096K), 4 survivors (4096K)
 Metaspace       used 10851K, capacity 11074K, committed 11264K, reserved 1058816K
  class space    used 1112K, capacity 1207K, committed 1280K, reserved 1048576K
}
Event: 4.928 GC heap before
{Heap before GC invocations=3 (full 0):
 garbage-first heap   total 131072K, used 54700K [0x0000000080000000, 0x0000000100000000)
  region size 1024K, 46 young (47104K), 4 survivors (4096K)
 Metaspace       used 17674K, capacity 18068K, committed 18432K, reserved 1064960K
  class space    used 2057K, capacity 2177K, committed 2304K, reserved 1048576K
}
Event: 4.938 GC heap after
{Heap after GC invocations=4 (full 0):
 garbage-first heap   total 131072K, used 16116K [0x0000000080000000, 0x0000000100000000)
  region size 1024K, 6 young (6144K), 6 survivors (6144K)
 Metaspace       used 17674K, capacity 18068K, committed 18432K, reserved 1064960K
  class space    used 2057K, capacity 2177K, committed 2304K, reserved 1048576K
}
Event: 5.393 GC heap before
{Heap before GC invocations=4 (full 0):
 garbage-first heap   total 131072K, used 43764K [0x0000000080000000, 0x0000000100000000)
  region size 1024K, 34 young (34816K), 6 survivors (6144K)
 Metaspace       used 20777K, capacity 21186K, committed 21296K, reserved 1069056K
  class space    used 2521K, capacity 2684K, committed 2688K, reserved 1048576K
}
Event: 5.408 GC heap after
{Heap after GC invocations=5 (full 0):
 garbage-first heap   total 131072K, used 17640K [0x0000000080000000, 0x0000000100000000)
  region size 1024K, 6 young (6144K), 6 survivors (6144K)
 Metaspace       used 20777K, capacity 21186K, committed 21296K, reserved 1069056K
  class space    used 2521K, capacity 2684K, committed 2688K, reserved 1048576K
}
Event: 6.452 GC heap before
{Heap before GC invocations=6 (full 0):
 garbage-first heap   total 131072K, used 70888K [0x0000000080000000, 0x0000000100000000)
  region size 1024K, 58 young (59392K), 6 survivors (6144K)
 Metaspace       used 26462K, capacity 27024K, committed 27132K, reserved 1073152K
  class space    used 3416K, capacity 3640K, committed 3660K, reserved 1048576K
}
Event: 6.469 GC heap after
{Heap after GC invocations=7 (full 0):
 garbage-first heap   total 131072K, used 19379K [0x0000000080000000, 0x0000000100000000)
  region size 1024K, 3 young (3072K), 3 survivors (3072K)
 Metaspace       used 26462K, capacity 27024K, committed 27132K, reserved 1073152K
  class space    used 3416K, capacity 3640K, committed 3660K, reserved 1048576K
}
Event: 7.783 GC heap before
{Heap before GC invocations=7 (full 0):
 garbage-first heap   total 131072K, used 81843K [0x0000000080000000, 0x0000000100000000)
  region size 1024K, 65 young (66560K), 3 survivors (3072K)
 Metaspace       used 35175K, capacity 35946K, committed 35964K, reserved 1081344K
  class space    used 4507K, capacity 4808K, committed 4812K, reserved 1048576K
}
Event: 7.802 GC heap after
{Heap after GC invocations=8 (full 0):
 garbage-first heap   total 131072K, used 22908K [0x0000000080000000, 0x0000000100000000)
  region size 1024K, 7 young (7168K), 7 survivors (7168K)
 Metaspace       used 35175K, capacity 35946K, committed 35964K, reserved 1081344K
  class space    used 4507K, capacity 4808K, committed 4812K, reserved 1048576K
}
Event: 9.018 GC heap before
{Heap before GC invocations=9 (full 0):
 garbage-first heap   total 131072K, used 89468K [0x0000000080000000, 0x0000000100000000)
  region size 1024K, 70 young (71680K), 7 survivors (7168K)
 Metaspace       used 39952K, capacity 40906K, committed 40956K, reserved 1085440K
  class space    used 5046K, capacity 5409K, committed 5452K, reserved 1048576K
}
Event: 9.039 GC heap after
{Heap after GC invocations=10 (full 0):
 garbage-first heap   total 157696K, used 28344K [0x0000000080000000, 0x0000000100000000)
  region size 1024K, 9 young (9216K), 9 survivors (9216K)
 Metaspace       used 39952K, capacity 40906K, committed 40956K, reserved 1085440K
  class space    used 5046K, capacity 5409K, committed 5452K, reserved 1048576K
}
Event: 10.620 GC heap before
{Heap before GC invocations=10 (full 0):
 garbage-first heap   total 157696K, used 109240K [0x0000000080000000, 0x0000000100000000)
  region size 1024K, 87 young (89088K), 9 survivors (9216K)
 Metaspace       used 47165K, capacity 48239K, committed 48380K, reserved 1091584K
  class space    used 5987K, capacity 6397K, committed 6476K, reserved 1048576K
}
Event: 10.645 GC heap after
{Heap after GC invocations=11 (full 0):
 garbage-first heap   total 157696K, used 30388K [0x0000000080000000, 0x0000000100000000)
  region size 1024K, 8 young (8192K), 8 survivors (8192K)
 Metaspace       used 47165K, capacity 48239K, committed 48380K, reserved 1091584K
  class space    used 5987K, capacity 6397K, committed 6476K, reserved 1048576K
}
Event: 14.166 GC heap before
{Heap before GC invocations=11 (full 0):
 garbage-first heap   total 157696K, used 117428K [0x0000000080000000, 0x0000000100000000)
  region size 1024K, 92 young (94208K), 8 survivors (8192K)
 Metaspace       used 53933K, capacity 55281K, committed 55420K, reserved 1097728K
  class space    used 6837K, capacity 7319K, committed 7372K, reserved 1048576K
}
Event: 14.198 GC heap after
{Heap after GC invocations=12 (full 0):
 garbage-first heap   total 157696K, used 37457K [0x0000000080000000, 0x0000000100000000)
  region size 1024K, 9 young (9216K), 9 survivors (9216K)
 Metaspace       used 53933K, capacity 55281K, committed 55420K, reserved 1097728K
  class space    used 6837K, capacity 7319K, committed 7372K, reserved 1048576K
}
Event: 15.434 GC heap before
{Heap before GC invocations=12 (full 0):
 garbage-first heap   total 157696K, used 90705K [0x0000000080000000, 0x0000000100000000)
  region size 1024K, 59 young (60416K), 9 survivors (9216K)
 Metaspace       used 58975K, capacity 60400K, committed 60540K, reserved 1101824K
  class space    used 7479K, capacity 8043K, committed 8140K, reserved 1048576K
}
Event: 15.475 GC heap after
{Heap after GC invocations=13 (full 0):
 garbage-first heap   total 157696K, used 46890K [0x0000000080000000, 0x0000000100000000)
  region size 1024K, 12 young (12288K), 12 survivors (12288K)
 Metaspace       used 58975K, capacity 60400K, committed 60540K, reserved 1101824K
  class space    used 7479K, capacity 8043K, committed 8140K, reserved 1048576K
}
Event: 17.051 GC heap before
{Heap before GC invocations=14 (full 0):
 garbage-first heap   total 157696K, used 126762K [0x0000000080000000, 0x0000000100000000)
  region size 1024K, 84 young (86016K), 12 survivors (12288K)
 Metaspace       used 67681K, capacity 69279K, committed 69500K, reserved 1110016K
  class space    used 8519K, capacity 9077K, committed 9164K, reserved 1048576K
}

Deoptimization events (20 events):
Event: 16.878 Thread 0x000002c5e2c61000 DEOPT PACKING pc=0x000002c5cb249942 sp=0x000000fcb09f3080
Event: 16.878 Thread 0x000002c5e2c61000 DEOPT UNPACKING pc=0x000002c5c9fba95e sp=0x000000fcb09f24d8 mode 0
Event: 16.878 Thread 0x000002c5e2c61000 DEOPT PACKING pc=0x000002c5cb249942 sp=0x000000fcb09f3080
Event: 16.878 Thread 0x000002c5e2c61000 DEOPT UNPACKING pc=0x000002c5c9fba95e sp=0x000000fcb09f24d8 mode 0
Event: 16.878 Thread 0x000002c5e2c61000 DEOPT PACKING pc=0x000002c5cb249942 sp=0x000000fcb09f3080
Event: 16.878 Thread 0x000002c5e2c61000 DEOPT UNPACKING pc=0x000002c5c9fba95e sp=0x000000fcb09f24d8 mode 0
Event: 16.878 Thread 0x000002c5e2c61000 DEOPT PACKING pc=0x000002c5cb249857 sp=0x000000fcb09f3080
Event: 16.878 Thread 0x000002c5e2c61000 DEOPT UNPACKING pc=0x000002c5c9fba95e sp=0x000000fcb09f24d8 mode 0
Event: 16.879 Thread 0x000002c5e2c61000 DEOPT PACKING pc=0x000002c5cb249857 sp=0x000000fcb09f3080
Event: 16.879 Thread 0x000002c5e2c61000 DEOPT UNPACKING pc=0x000002c5c9fba95e sp=0x000000fcb09f24d8 mode 0
Event: 16.879 Thread 0x000002c5e2c61000 DEOPT PACKING pc=0x000002c5cb249857 sp=0x000000fcb09f3080
Event: 16.879 Thread 0x000002c5e2c61000 DEOPT UNPACKING pc=0x000002c5c9fba95e sp=0x000000fcb09f24d8 mode 0
Event: 16.879 Thread 0x000002c5e2c61000 DEOPT PACKING pc=0x000002c5cb249942 sp=0x000000fcb09f3080
Event: 16.879 Thread 0x000002c5e2c61000 DEOPT UNPACKING pc=0x000002c5c9fba95e sp=0x000000fcb09f24d8 mode 0
Event: 16.879 Thread 0x000002c5e2c61000 DEOPT PACKING pc=0x000002c5cb249942 sp=0x000000fcb09f3080
Event: 16.879 Thread 0x000002c5e2c61000 DEOPT UNPACKING pc=0x000002c5c9fba95e sp=0x000000fcb09f24d8 mode 0
Event: 16.894 Thread 0x000002c5e2c61000 Uncommon trap: trap_request=0xffffff4d fr.pc=0x000002c5d1c23fbc relative=0x000000000000009c
Event: 16.894 Thread 0x000002c5e2c61000 Uncommon trap: reason=unstable_if action=reinterpret pc=0x000002c5d1c23fbc method=java.security.CodeSource.matchCerts(Ljava/security/CodeSource;Z)Z @ 11 c2
Event: 16.894 Thread 0x000002c5e2c61000 DEOPT PACKING pc=0x000002c5d1c23fbc sp=0x000000fcb09f02a0
Event: 16.894 Thread 0x000002c5e2c61000 DEOPT UNPACKING pc=0x000002c5c9fba1af sp=0x000000fcb09f0238 mode 2

Classes redefined (0 events):
No events

Internal exceptions (20 events):
Event: 14.271 Thread 0x000002c5e2c61000 Exception <a 'java/security/PrivilegedActionException'{0x00000000896a79e8}> (0x00000000896a79e8) thrown at [./src/hotspot/share/prims/jvm.cpp, line 1306]
Event: 14.271 Thread 0x000002c5e2c61000 Exception <a 'java/security/PrivilegedActionException'{0x00000000896a8ca8}> (0x00000000896a8ca8) thrown at [./src/hotspot/share/prims/jvm.cpp, line 1306]
Event: 14.271 Thread 0x000002c5e2c61000 Exception <a 'java/security/PrivilegedActionException'{0x00000000896ab8b8}> (0x00000000896ab8b8) thrown at [./src/hotspot/share/prims/jvm.cpp, line 1306]
Event: 14.271 Thread 0x000002c5e2c61000 Exception <a 'java/security/PrivilegedActionException'{0x00000000896acb78}> (0x00000000896acb78) thrown at [./src/hotspot/share/prims/jvm.cpp, line 1306]
Event: 14.271 Thread 0x000002c5e2c61000 Exception <a 'java/security/PrivilegedActionException'{0x00000000896af7c0}> (0x00000000896af7c0) thrown at [./src/hotspot/share/prims/jvm.cpp, line 1306]
Event: 14.271 Thread 0x000002c5e2c61000 Exception <a 'java/security/PrivilegedActionException'{0x00000000896b0a80}> (0x00000000896b0a80) thrown at [./src/hotspot/share/prims/jvm.cpp, line 1306]
Event: 14.271 Thread 0x000002c5e2c61000 Exception <a 'java/security/PrivilegedActionException'{0x00000000896b3740}> (0x00000000896b3740) thrown at [./src/hotspot/share/prims/jvm.cpp, line 1306]
Event: 14.271 Thread 0x000002c5e2c61000 Exception <a 'java/security/PrivilegedActionException'{0x00000000896b4a00}> (0x00000000896b4a00) thrown at [./src/hotspot/share/prims/jvm.cpp, line 1306]
Event: 14.339 Thread 0x000002c5e2c61000 Exception <a 'java/lang/ClassNotFoundException'{0x0000000088d213a8}: org/gradle/api/internal/plugins/DefaultObjectConfigurationActionBeanInfo> (0x0000000088d213a8) thrown at [./src/hotspot/share/classfile/systemDictionary.cpp, line 231]
Event: 14.342 Thread 0x000002c5e2c61000 Exception <a 'java/lang/ClassNotFoundException'{0x0000000088d56bf8}: org/gradle/api/internal/plugins/DefaultObjectConfigurationActionCustomizer> (0x0000000088d56bf8) thrown at [./src/hotspot/share/classfile/systemDictionary.cpp, line 231]
Event: 14.712 Thread 0x000002c5e2c61000 Exception <a 'java/lang/NoSuchMethodError'{0x0000000088221e68}: 'java.lang.Object java.lang.invoke.DirectMethodHandle$Holder.invokeStatic(java.lang.Object, java.lang.Object, java.lang.Object, java.lang.Object, int)'> (0x0000000088221e68) thrown at [./src/hotspot/share/interpreter/linkResolver.cpp, line 773]
Event: 14.712 Thread 0x000002c5e2c61000 Exception <a 'java/lang/NoSuchMethodError'{0x0000000088226860}: 'java.lang.Object java.lang.invoke.DirectMethodHandle$Holder.invokeSpecial(java.lang.Object, java.lang.Object, java.lang.Object, java.lang.Object, java.lang.Object, int)'> (0x0000000088226860) thrown at [./src/hotspot/share/interpreter/linkResolver.cpp, line 773]
Event: 14.712 Thread 0x000002c5e2c61000 Exception <a 'java/lang/NoSuchMethodError'{0x000000008822aea0}: 'java.lang.Object java.lang.invoke.Invokers$Holder.linkToTargetMethod(java.lang.Object, java.lang.Object, java.lang.Object, int, java.lang.Object)'> (0x000000008822aea0) thrown at [./src/hotspot/share/interpreter/linkResolver.cpp, line 773]
Event: 15.085 Thread 0x000002c5e2c61000 Exception <a 'java/lang/NoSuchMethodError'{0x0000000087237a10}: 'java.lang.Object java.lang.invoke.DirectMethodHandle$Holder.invokeSpecial(java.lang.Object, java.lang.Object, int, int, java.lang.Object, java.lang.Object, java.lang.Object)'> (0x0000000087237a10) thrown at [./src/hotspot/share/interpreter/linkResolver.cpp, line 773]
Event: 15.086 Thread 0x000002c5e2c61000 Exception <a 'java/lang/NoSuchMethodError'{0x000000008723bf90}: 'java.lang.Object java.lang.invoke.DelegatingMethodHandle$Holder.reinvoke_L(java.lang.Object, int, int, java.lang.Object, java.lang.Object, java.lang.Object)'> (0x000000008723bf90) thrown at [./src/hotspot/share/interpreter/linkResolver.cpp, line 773]
Event: 15.558 Thread 0x000002c5e2c61000 Exception <a 'java/lang/NoSuchMethodError'{0x00000000897a3670}: 'int java.lang.invoke.DirectMethodHandle$Holder.invokeInterface(java.lang.Object, java.lang.Object, java.lang.Object, java.lang.Object)'> (0x00000000897a3670) thrown at [./src/hotspot/share/interpreter/linkResolver.cpp, line 773]
Event: 16.335 Thread 0x000002c5e2c61000 Exception <a 'java/lang/IncompatibleClassChangeError'{0x00000000877e8f10}: Found class java.lang.Object, but interface was expected> (0x00000000877e8f10) thrown at [./src/hotspot/share/interpreter/linkResolver.cpp, line 839]
Event: 16.419 Thread 0x000002c5e2c61000 Implicit null exception at 0x000002c5d1cd1853 to 0x000002c5d1cd4bd8
Event: 16.557 Thread 0x000002c5e2c61000 Implicit null exception at 0x000002c5d1b7158b to 0x000002c5d1b71664
Event: 16.942 Thread 0x000002c5e2c61000 Exception <a 'sun/nio/fs/WindowsException'{0x0000000084b98810}> (0x0000000084b98810) thrown at [./src/hotspot/share/prims/jni.cpp, line 616]

Events (20 events):
Event: 17.040 loading class kotlin/jvm/JvmStatic done
Event: 17.040 loading class kotlin/jvm/JvmStatic
Event: 17.040 loading class kotlin/jvm/JvmStatic done
Event: 17.042 loading class kotlin/ReplaceWith
Event: 17.042 loading class kotlin/ReplaceWith done
Event: 17.043 loading class com/android/builder/model/ClassField
Event: 17.043 loading class com/android/builder/model/ClassField done
Event: 17.043 loading class org/gradle/api/Incubating
Event: 17.043 loading class org/gradle/api/Incubating done
Event: 17.047 loading class com/android/build/gradle/internal/dsl/decorator/DslDecorator$findAbstractProperties$1$2
Event: 17.047 loading class com/android/build/gradle/internal/dsl/decorator/DslDecorator$findAbstractProperties$1$2 done
Event: 17.047 loading class com/android/build/gradle/internal/dsl/decorator/DslDecorator$findAbstractProperties$1$3
Event: 17.048 loading class com/android/build/gradle/internal/dsl/decorator/DslDecorator$findAbstractProperties$1$3 done
Event: 17.048 loading class kotlin/collections/EmptyIterator
Event: 17.048 loading class kotlin/collections/EmptyIterator done
Event: 17.049 loading class com/android/build/gradle/internal/dsl/decorator/DslDecorator$ManagedProperty
Event: 17.049 loading class com/android/build/gradle/internal/dsl/decorator/DslDecorator$ManagedProperty done
Event: 17.050 loading class kotlin/jvm/internal/CollectionToArray
Event: 17.050 loading class kotlin/jvm/internal/CollectionToArray done
Event: 17.050 Executing VM operation: G1CollectForAllocation


Dynamic libraries:
0x00007ff742150000 - 0x00007ff74215a000 	C:\Program Files\Android\Android Studio\jre\bin\java.exe
0x00007ff8f8710000 - 0x00007ff8f8908000 	C:\Windows\SYSTEM32\ntdll.dll
0x00007ff8f7230000 - 0x00007ff8f72ef000 	C:\Windows\System32\KERNEL32.DLL
0x00007ff8f62a0000 - 0x00007ff8f6596000 	C:\Windows\System32\KERNELBASE.dll
0x00007ff8f5f10000 - 0x00007ff8f6010000 	C:\Windows\System32\ucrtbase.dll
0x00007ff8e3330000 - 0x00007ff8e3349000 	C:\Program Files\Android\Android Studio\jre\bin\jli.dll
0x00007ff8f73a0000 - 0x00007ff8f753d000 	C:\Windows\System32\USER32.dll
0x00007ff8f6010000 - 0x00007ff8f6032000 	C:\Windows\System32\win32u.dll
0x00007ff8f8380000 - 0x00007ff8f83ac000 	C:\Windows\System32\GDI32.dll
0x00007ff8f5df0000 - 0x00007ff8f5f05000 	C:\Windows\System32\gdi32full.dll
0x00007ff8f65a0000 - 0x00007ff8f663d000 	C:\Windows\System32\msvcp_win.dll
0x00007ff8de640000 - 0x00007ff8de657000 	C:\Program Files\Android\Android Studio\jre\bin\VCRUNTIME140.dll
0x00007ff8e3590000 - 0x00007ff8e382a000 	C:\Windows\WinSxS\amd64_microsoft.windows.common-controls_6595b64144ccf1df_6.0.19041.1110_none_60b5254171f9507e\COMCTL32.dll
0x00007ff8f80b0000 - 0x00007ff8f814e000 	C:\Windows\System32\msvcrt.dll
0x00007ff8f86a0000 - 0x00007ff8f86d0000 	C:\Windows\System32\IMM32.DLL
0x00007ff8c6900000 - 0x00007ff8c699d000 	C:\Program Files\Android\Android Studio\jre\bin\msvcp140.dll
0x00007ff8b0110000 - 0x00007ff8b0c12000 	C:\Program Files\Android\Android Studio\jre\bin\server\jvm.dll
0x00007ff8f72f0000 - 0x00007ff8f739f000 	C:\Windows\System32\ADVAPI32.dll
0x00007ff8f84e0000 - 0x00007ff8f857c000 	C:\Windows\System32\sechost.dll
0x00007ff8f83b0000 - 0x00007ff8f84d6000 	C:\Windows\System32\RPCRT4.dll
0x00007ff8f85e0000 - 0x00007ff8f85e8000 	C:\Windows\System32\PSAPI.DLL
0x00007ff8eedd0000 - 0x00007ff8eedd9000 	C:\Windows\SYSTEM32\WSOCK32.dll
0x00007ff8e2d20000 - 0x00007ff8e2d47000 	C:\Windows\SYSTEM32\WINMM.dll
0x00007ff8f7730000 - 0x00007ff8f779b000 	C:\Windows\System32\WS2_32.dll
0x00007ff8e3830000 - 0x00007ff8e383a000 	C:\Windows\SYSTEM32\VERSION.dll
0x00007ff8f3d20000 - 0x00007ff8f3d32000 	C:\Windows\SYSTEM32\kernel.appcore.dll
0x00007ff8eebc0000 - 0x00007ff8eebd1000 	C:\Program Files\Android\Android Studio\jre\bin\verify.dll
0x00007ff8e1860000 - 0x00007ff8e1a44000 	C:\Windows\SYSTEM32\DBGHELP.DLL
0x00007ff8e2600000 - 0x00007ff8e2634000 	C:\Windows\SYSTEM32\dbgcore.DLL
0x00007ff8f66b0000 - 0x00007ff8f6732000 	C:\Windows\System32\bcryptPrimitives.dll
0x00007ff8e59b0000 - 0x00007ff8e59d9000 	C:\Program Files\Android\Android Studio\jre\bin\java.dll
0x00007ff8eedc0000 - 0x00007ff8eedcb000 	C:\Program Files\Android\Android Studio\jre\bin\jimage.dll
0x00007ff8e58e0000 - 0x00007ff8e58f8000 	C:\Program Files\Android\Android Studio\jre\bin\zip.dll
0x00007ff8f6840000 - 0x00007ff8f6f84000 	C:\Windows\System32\SHELL32.dll
0x00007ff8f3e90000 - 0x00007ff8f4623000 	C:\Windows\SYSTEM32\windows.storage.dll
0x00007ff8f7d50000 - 0x00007ff8f80a4000 	C:\Windows\System32\combase.dll
0x00007ff8f5830000 - 0x00007ff8f585e000 	C:\Windows\SYSTEM32\Wldp.dll
0x00007ff8f8150000 - 0x00007ff8f81fd000 	C:\Windows\System32\SHCORE.dll
0x00007ff8f7540000 - 0x00007ff8f7595000 	C:\Windows\System32\shlwapi.dll
0x00007ff8f5d20000 - 0x00007ff8f5d45000 	C:\Windows\SYSTEM32\profapi.dll
0x00007ff8eec70000 - 0x00007ff8eec8a000 	C:\Program Files\Android\Android Studio\jre\bin\net.dll
0x00007ff8e98c0000 - 0x00007ff8e99ca000 	C:\Windows\SYSTEM32\WINHTTP.dll
0x00007ff8f5590000 - 0x00007ff8f55fa000 	C:\Windows\system32\mswsock.dll
0x00007ff8eec50000 - 0x00007ff8eec64000 	C:\Program Files\Android\Android Studio\jre\bin\nio.dll
0x00007ff8eede0000 - 0x00007ff8eee07000 	C:\Users\hp\.gradle\native\e1d6ef7f7dcc3fd88c89a11ec53ec762bb8ba0a96d01ffa2cd45eb1d1d8dd5c5\windows-amd64\native-platform.dll
0x00007ff8c14a0000 - 0x00007ff8c15e4000 	C:\Users\hp\.gradle\native\0d407fdbe67a94daf76414ababcb853783967236a71b16ec16e742cd7a986fd3\windows-amd64\native-platform-file-events.dll
0x00007ff8eec40000 - 0x00007ff8eec4a000 	C:\Program Files\Android\Android Studio\jre\bin\management.dll
0x00007ff8eec30000 - 0x00007ff8eec3d000 	C:\Program Files\Android\Android Studio\jre\bin\management_ext.dll
0x00007ff8f5780000 - 0x00007ff8f5798000 	C:\Windows\SYSTEM32\CRYPTSP.dll
0x00007ff8f4e30000 - 0x00007ff8f4e64000 	C:\Windows\system32\rsaenh.dll
0x00007ff8f6740000 - 0x00007ff8f6767000 	C:\Windows\System32\bcrypt.dll
0x00007ff8f5ca0000 - 0x00007ff8f5cce000 	C:\Windows\SYSTEM32\USERENV.dll
0x00007ff8f57a0000 - 0x00007ff8f57ac000 	C:\Windows\SYSTEM32\CRYPTBASE.dll
0x00007ff8f5230000 - 0x00007ff8f526b000 	C:\Windows\SYSTEM32\IPHLPAPI.DLL
0x00007ff8f8370000 - 0x00007ff8f8378000 	C:\Windows\System32\NSI.dll
0x00007ff8ebd80000 - 0x00007ff8ebd97000 	C:\Windows\SYSTEM32\dhcpcsvc6.DLL
0x00007ff8ebd60000 - 0x00007ff8ebd7d000 	C:\Windows\SYSTEM32\dhcpcsvc.DLL
0x00007ff8f5270000 - 0x00007ff8f533a000 	C:\Windows\SYSTEM32\DNSAPI.dll

dbghelp: loaded successfully - version: 4.0.5 - missing functions: none
symbol engine: initialized successfully - sym options: 0x614 - pdb path: .;C:\Program Files\Android\Android Studio\jre\bin;C:\Windows\SYSTEM32;C:\Windows\WinSxS\amd64_microsoft.windows.common-controls_6595b64144ccf1df_6.0.19041.1110_none_60b5254171f9507e;C:\Program Files\Android\Android Studio\jre\bin\server;C:\Users\hp\.gradle\native\e1d6ef7f7dcc3fd88c89a11ec53ec762bb8ba0a96d01ffa2cd45eb1d1d8dd5c5\windows-amd64;C:\Users\hp\.gradle\native\0d407fdbe67a94daf76414ababcb853783967236a71b16ec16e742cd7a986fd3\windows-amd64

VM Arguments:
jvm_args: --add-opens=java.base/java.util=ALL-UNNAMED --add-opens=java.base/java.lang=ALL-UNNAMED --add-opens=java.base/java.lang.invoke=ALL-UNNAMED --add-opens=java.base/java.util=ALL-UNNAMED --add-opens=java.prefs/java.util.prefs=ALL-UNNAMED --add-opens=java.prefs/java.util.prefs=ALL-UNNAMED --add-opens=java.base/java.nio.charset=ALL-UNNAMED --add-opens=java.base/java.net=ALL-UNNAMED --add-opens=java.base/java.util.concurrent.atomic=ALL-UNNAMED -Xmx2048m -Dfile.encoding=UTF-8 -Duser.country=US -Duser.language=en -Duser.variant 
java_command: org.gradle.launcher.daemon.bootstrap.GradleDaemon 7.4
java_class_path (initial): C:\Users\hp\.gradle\wrapper\dists\gradle-7.4-bin\c0gwcg53nkjbqw7r0h0umtfvt\gradle-7.4\lib\gradle-launcher-7.4.jar
Launcher Type: SUN_STANDARD

[Global flags]
     intx CICompilerCount                          = 3                                         {product} {ergonomic}
     uint ConcGCThreads                            = 1                                         {product} {ergonomic}
     uint G1ConcRefinementThreads                  = 4                                         {product} {ergonomic}
   size_t G1HeapRegionSize                         = 1048576                                   {product} {ergonomic}
    uintx GCDrainStackTargetSize                   = 64                                        {product} {ergonomic}
   size_t InitialHeapSize                          = 134217728                                 {product} {ergonomic}
   size_t MarkStackSize                            = 4194304                                   {product} {ergonomic}
   size_t MaxHeapSize                              = 2147483648                                {product} {command line}
   size_t MaxNewSize                               = 1287651328                                {product} {ergonomic}
   size_t MinHeapDeltaBytes                        = 1048576                                   {product} {ergonomic}
    uintx NonNMethodCodeHeapSize                   = 5830732                                {pd product} {ergonomic}
    uintx NonProfiledCodeHeapSize                  = 122913754                              {pd product} {ergonomic}
    uintx ProfiledCodeHeapSize                     = 122913754                              {pd product} {ergonomic}
    uintx ReservedCodeCacheSize                    = 251658240                              {pd product} {ergonomic}
     bool SegmentedCodeCache                       = true                                      {product} {ergonomic}
     bool UseCompressedClassPointers               = true                                 {lp64_product} {ergonomic}
     bool UseCompressedOops                        = true                                 {lp64_product} {ergonomic}
     bool UseG1GC                                  = true                                      {product} {ergonomic}
     bool UseLargePagesIndividualAllocation        = false                                  {pd product} {ergonomic}

Logging:
Log output configuration:
 #0: stdout all=warning uptime,level,tags
 #1: stderr all=off uptime,level,tags

Environment Variables:
PATH=C:\Program Files (x86)\VMware\VMware Workstation\bin\;C:\Program Files (x86)\NVIDIA Corporation\PhysX\Common;C:\Windows\system32;C:\Windows;C:\Windows\System32\Wbem;C:\Windows\System32\WindowsPowerShell\v1.0\;C:\Windows\System32\OpenSSH\;C:\Users\hp\Documents\Java\jdk1.8.0_111\bin;c:\Program Files (x86)\Microsoft SQL Server\90\Tools\binn\;C:\Program Files\dotnet\;C:\Program Files\Microsoft SQL Server\150\Tools\Binn\;C:\Program Files\Microsoft SQL Server\Client SDK\ODBC\170\Tools\Binn\;C:\Program Files\Git\cmd;C:\Program Files\nodejs\;C:\ProgramData\chocolatey\bin;C:\Users\hp\AppData\Local\Programs\Python\Python310\Scripts\;C:\Users\hp\AppData\Local\Programs\Python\Python310\;C:\Users\hp\AppData\Local\Programs\Python\Launcher\;C:\Users\hp\AppData\Local\Microsoft\WindowsApps;C:\Program Files\Java\jdk1.8.0_111\bin;;C:\Program Files\JetBrains\PyCharm Community Edition 2022.3.1\bin;;C:\Users\hp\.dotnet\tools;C:\Users\hp\AppData\Roaming\npm;C:\Users\hp\AppData\Local\Programs\Microsoft VS Code\bin
USERNAME=hp
OS=Windows_NT
PROCESSOR_IDENTIFIER=Intel64 Family 6 Model 69 Stepping 1, GenuineIntel



---------------  S Y S T E M  ---------------

OS: Windows 10 , 64 bit Build 19041 (10.0.19041.3155)
OS uptime: 0 days 14:54 hours

CPU:total 4 (initial active 4) (2 cores per cpu, 2 threads per core) family 6 model 69 stepping 1 microcode 0x25, cmov, cx8, fxsr, mmx, sse, sse2, sse3, ssse3, sse4.1, sse4.2, popcnt, avx, avx2, aes, clmul, erms, lzcnt, ht, tsc, tscinvbit, bmi1, bmi2, fma

Memory: 4k page, system-wide physical 8089M (2419M free)
TotalPageFile size 10949M (AvailPageFile size 13M)
current process WorkingSet (physical memory assigned to process): 356M, peak: 356M
current process commit charge ("private bytes"): 389M, peak: 420M

vm_info: OpenJDK 64-Bit Server VM (11.0.13+0-b1751.21-8125866) for windows-amd64 JRE (11.0.13+0-b1751.21-8125866), built on Feb  2 2022 03:00:22 by "builder" with MS VC++ 14.0 (VS2015)

END.
