#
# There is insufficient memory for the Java Runtime Environment to continue.
# Native memory allocation (malloc) failed to allocate 772976 bytes for Chunk::new
# Possible reasons:
#   The system is out of physical RAM or swap space
#   The process is running with CompressedOops enabled, and the Java Heap may be blocking the growth of the native heap
# Possible solutions:
#   Reduce memory load on the system
#   Increase physical memory or swap space
#   Check if swap backing store is full
#   Decrease Java heap size (-Xmx/-Xms)
#   Decrease number of Java threads
#   Decrease Java thread stack sizes (-Xss)
#   Set larger code cache with -XX:ReservedCodeCacheSize=
#   JVM is running with Unscaled Compressed Oops mode in which the Java heap is
#     placed in the first 4GB address space. The Java Heap base address is the
#     maximum limit for the native heap growth. Please use -XX:HeapBaseMinAddress
#     to set the Java Heap base and to place the Java Heap above 4GB virtual address.
# This output file may be truncated or incomplete.
#
#  Out of Memory Error (./src/hotspot/share/memory/arena.cpp:197), pid=3848, tid=8128
#
# JRE version: OpenJDK Runtime Environment (11.0.13) (build 11.0.13+0-b1751.21-8125866)
# Java VM: OpenJDK 64-Bit Server VM (11.0.13+0-b1751.21-8125866, mixed mode, tiered, compressed oops, g1 gc, windows-amd64)
# No core dump will be written. Minidumps are not enabled by default on client versions of Windows
#

---------------  S U M M A R Y ------------

Command Line: --add-opens=java.base/java.util=ALL-UNNAMED --add-opens=java.base/java.lang=ALL-UNNAMED --add-opens=java.base/java.lang.invoke=ALL-UNNAMED --add-opens=java.prefs/java.util.prefs=ALL-UNNAMED --add-opens=java.base/java.nio.charset=ALL-UNNAMED --add-opens=java.base/java.net=ALL-UNNAMED --add-opens=java.base/java.util.concurrent.atomic=ALL-UNNAMED -Xmx2048m -Dfile.encoding=UTF-8 -Duser.country=US -Duser.language=en -Duser.variant org.gradle.launcher.daemon.bootstrap.GradleDaemon 8.0

Host: Intel(R) Core(TM) i5-4300U CPU @ 1.90GHz, 4 cores, 7G,  Windows 10 , 64 bit Build 19041 (10.0.19041.3155)
Time: Fri Aug 25 09:42:01 2023 E. Africa Standard Time elapsed time: 8.649865 seconds (0d 0h 0m 8s)

---------------  T H R E A D  ---------------

Current thread (0x000001d34e581000):  JavaThread "C2 CompilerThread1" daemon [_thread_in_native, id=8128, stack(0x0000005dd7400000,0x0000005dd7500000)]


Current CompileTask:
C2:   8650 2412   !   4       java.net.URL::<init> (543 bytes)

Stack: [0x0000005dd7400000,0x0000005dd7500000]
Native frames: (J=compiled Java code, j=interpreted, Vv=VM code, C=native code)
V  [jvm.dll+0x6100fa]
V  [jvm.dll+0x747090]
V  [jvm.dll+0x7486ad]
V  [jvm.dll+0x748d83]
V  [jvm.dll+0x24ab48]
V  [jvm.dll+0xc04dc]
V  [jvm.dll+0xc0a0c]
V  [jvm.dll+0x2bfab4]
V  [jvm.dll+0x524238]
V  [jvm.dll+0x20b193]
V  [jvm.dll+0x204ca0]
V  [jvm.dll+0x2023c2]
V  [jvm.dll+0x188e01]
V  [jvm.dll+0x21106b]
V  [jvm.dll+0x20f8c1]
V  [jvm.dll+0x70de0f]
V  [jvm.dll+0x706a75]
V  [jvm.dll+0x60ed66]
C  [ucrtbase.dll+0x21bb2]
C  [KERNEL32.DLL+0x17614]
C  [ntdll.dll+0x526b1]


---------------  P R O C E S S  ---------------

Threads class SMR info:
_java_thread_list=0x000001d3535e9b70, length=28, elements={
0x000001d33329f800, 0x000001d34d632000, 0x000001d34d63d800, 0x000001d34d64a000,
0x000001d34d64d000, 0x000001d34d64f800, 0x000001d34d65b000, 0x000001d34d65f800,
0x000001d34d660800, 0x000001d34e10a000, 0x000001d34fdca000, 0x000001d3510a4800,
0x000001d3510a9800, 0x000001d3510a5800, 0x000001d3510a6800, 0x000001d3510a7000,
0x000001d3510a8800, 0x000001d3510a8000, 0x000001d3510a4000, 0x000001d3510aa800,
0x000001d34efd1800, 0x000001d34efd4000, 0x000001d34efd0800, 0x000001d34e581000,
0x000001d34efd3000, 0x000001d34efd5800, 0x000001d34efd4800, 0x000001d34efd2000
}

Java Threads: ( => current thread )
  0x000001d33329f800 JavaThread "main" [_thread_blocked, id=1280, stack(0x0000005dd5300000,0x0000005dd5400000)]
  0x000001d34d632000 JavaThread "Reference Handler" daemon [_thread_blocked, id=12196, stack(0x0000005dd5a00000,0x0000005dd5b00000)]
  0x000001d34d63d800 JavaThread "Finalizer" daemon [_thread_blocked, id=4456, stack(0x0000005dd5b00000,0x0000005dd5c00000)]
  0x000001d34d64a000 JavaThread "Signal Dispatcher" daemon [_thread_blocked, id=8100, stack(0x0000005dd5c00000,0x0000005dd5d00000)]
  0x000001d34d64d000 JavaThread "Attach Listener" daemon [_thread_blocked, id=2080, stack(0x0000005dd5d00000,0x0000005dd5e00000)]
  0x000001d34d64f800 JavaThread "Service Thread" daemon [_thread_blocked, id=12116, stack(0x0000005dd5e00000,0x0000005dd5f00000)]
  0x000001d34d65b000 JavaThread "C2 CompilerThread0" daemon [_thread_in_native, id=8496, stack(0x0000005dd5f00000,0x0000005dd6000000)]
  0x000001d34d65f800 JavaThread "C1 CompilerThread0" daemon [_thread_blocked, id=1008, stack(0x0000005dd6000000,0x0000005dd6100000)]
  0x000001d34d660800 JavaThread "Sweeper thread" daemon [_thread_blocked, id=9968, stack(0x0000005dd6100000,0x0000005dd6200000)]
  0x000001d34e10a000 JavaThread "Common-Cleaner" daemon [_thread_blocked, id=10192, stack(0x0000005dd6200000,0x0000005dd6300000)]
  0x000001d34fdca000 JavaThread "Daemon health stats" [_thread_blocked, id=10328, stack(0x0000005dd6700000,0x0000005dd6800000)]
  0x000001d3510a4800 JavaThread "Incoming local TCP Connector on port 1213" [_thread_in_native, id=11924, stack(0x0000005dd6800000,0x0000005dd6900000)]
  0x000001d3510a9800 JavaThread "Daemon periodic checks" [_thread_blocked, id=10556, stack(0x0000005dd6900000,0x0000005dd6a00000)]
  0x000001d3510a5800 JavaThread "Daemon" [_thread_blocked, id=12068, stack(0x0000005dd6a00000,0x0000005dd6b00000)]
  0x000001d3510a6800 JavaThread "Handler for socket connection from /127.0.0.1:1213 to /127.0.0.1:1214" [_thread_in_native, id=3424, stack(0x0000005dd6b00000,0x0000005dd6c00000)]
  0x000001d3510a7000 JavaThread "Cancel handler" [_thread_blocked, id=7004, stack(0x0000005dd6c00000,0x0000005dd6d00000)]
  0x000001d3510a8800 JavaThread "Daemon worker" [_thread_in_vm, id=9696, stack(0x0000005dd6d00000,0x0000005dd6e00000)]
  0x000001d3510a8000 JavaThread "Asynchronous log dispatcher for DefaultDaemonConnection: socket connection from /127.0.0.1:1213 to /127.0.0.1:1214" [_thread_blocked, id=9964, stack(0x0000005dd6e00000,0x0000005dd6f00000)]
  0x000001d3510a4000 JavaThread "Stdin handler" [_thread_blocked, id=5996, stack(0x0000005dd6f00000,0x0000005dd7000000)]
  0x000001d3510aa800 JavaThread "Daemon client event forwarder" [_thread_blocked, id=10744, stack(0x0000005dd7000000,0x0000005dd7100000)]
  0x000001d34efd1800 JavaThread "Cache worker for journal cache (C:\Users\hp\.gradle\caches\journal-1)" [_thread_blocked, id=11748, stack(0x0000005dd7100000,0x0000005dd7200000)]
  0x000001d34efd4000 JavaThread "File lock request listener" [_thread_in_native, id=11936, stack(0x0000005dd7200000,0x0000005dd7300000)]
  0x000001d34efd0800 JavaThread "Cache worker for file hash cache (C:\Users\hp\.gradle\caches\8.0\fileHashes)" [_thread_blocked, id=6732, stack(0x0000005dd7300000,0x0000005dd7400000)]
=>0x000001d34e581000 JavaThread "C2 CompilerThread1" daemon [_thread_in_native, id=8128, stack(0x0000005dd7400000,0x0000005dd7500000)]
  0x000001d34efd3000 JavaThread "File watcher server" daemon [_thread_in_native, id=4572, stack(0x0000005dd7500000,0x0000005dd7600000)]
  0x000001d34efd5800 JavaThread "File watcher consumer" daemon [_thread_blocked, id=9340, stack(0x0000005dd7600000,0x0000005dd7700000)]
  0x000001d34efd4800 JavaThread "Cache worker for checksums cache (C:\Users\hp\Desktop\eCommerceApp\.gradle\8.0\checksums)" [_thread_blocked, id=9516, stack(0x0000005dd7700000,0x0000005dd7800000)]
  0x000001d34efd2000 JavaThread "Cache worker for cache directory md-rule (C:\Users\hp\.gradle\caches\8.0\md-rule)" [_thread_blocked, id=1420, stack(0x0000005dd7800000,0x0000005dd7900000)]

Other Threads:
  0x000001d34d62d000 VMThread "VM Thread" [stack: 0x0000005dd5900000,0x0000005dd5a00000] [id=10660]
  0x000001d34e143800 WatcherThread [stack: 0x0000005dd6300000,0x0000005dd6400000] [id=10308]
  0x000001d3332b7000 GCTaskThread "GC Thread#0" [stack: 0x0000005dd5400000,0x0000005dd5500000] [id=2072]
  0x000001d34e4fb000 GCTaskThread "GC Thread#1" [stack: 0x0000005dd6500000,0x0000005dd6600000] [id=3856]
  0x000001d34eaa2800 GCTaskThread "GC Thread#2" [stack: 0x0000005dd6600000,0x0000005dd6700000] [id=11240]
  0x000001d35114b000 GCTaskThread "GC Thread#3" [stack: 0x0000005dd6400000,0x0000005dd6500000] [id=2744]
  0x000001d3332e8000 ConcurrentGCThread "G1 Main Marker" [stack: 0x0000005dd5500000,0x0000005dd5600000] [id=4124]
  0x000001d3332e9000 ConcurrentGCThread "G1 Conc#0" [stack: 0x0000005dd5600000,0x0000005dd5700000] [id=10948]
  0x000001d33337c000 ConcurrentGCThread "G1 Refine#0" [stack: 0x0000005dd5700000,0x0000005dd5800000] [id=3428]
  0x000001d33337d000 ConcurrentGCThread "G1 Young RemSet Sampling" [stack: 0x0000005dd5800000,0x0000005dd5900000] [id=2620]

Threads with active compile tasks:
C2 CompilerThread0   8731 2257   !   4       java.net.URLClassLoader$1::run (81 bytes)
C2 CompilerThread1   8731 2412   !   4       java.net.URL::<init> (543 bytes)

VM state:not at safepoint (normal execution)

VM Mutex/Monitor currently owned by a thread: None

Heap address: 0x0000000080000000, size: 2048 MB, Compressed Oops mode: 32-bit
Narrow klass base: 0x0000000000000000, Narrow klass shift: 3
Compressed class space size: 1073741824 Address: 0x0000000100000000

Heap:
 garbage-first heap   total 131072K, used 49606K [0x0000000080000000, 0x0000000100000000)
  region size 1024K, 34 young (34816K), 4 survivors (4096K)
 Metaspace       used 28535K, capacity 29183K, committed 29360K, reserved 1075200K
  class space    used 3747K, capacity 4024K, committed 4096K, reserved 1048576K
Heap Regions: E=young(eden), S=young(survivor), O=old, HS=humongous(starts), HC=humongous(continues), CS=collection set, F=free, A=archive, TAMS=top-at-mark-start (previous, next)
|   0|0x0000000080000000, 0x0000000080100000, 0x0000000080100000|100%|HS|  |TAMS 0x0000000080100000, 0x0000000080000000| Complete 
|   1|0x0000000080100000, 0x0000000080200000, 0x0000000080200000|100%|HC|  |TAMS 0x0000000080200000, 0x0000000080100000| Complete 
|   2|0x0000000080200000, 0x0000000080300000, 0x0000000080300000|100%|HC|  |TAMS 0x0000000080300000, 0x0000000080200000| Complete 
|   3|0x0000000080300000, 0x0000000080400000, 0x0000000080400000|100%|HC|  |TAMS 0x0000000080400000, 0x0000000080300000| Complete 
|   4|0x0000000080400000, 0x0000000080500000, 0x0000000080500000|100%| O|  |TAMS 0x0000000080500000, 0x0000000080400000| Untracked 
|   5|0x0000000080500000, 0x0000000080600000, 0x0000000080600000|100%| O|  |TAMS 0x0000000080600000, 0x0000000080500000| Untracked 
|   6|0x0000000080600000, 0x0000000080700000, 0x0000000080700000|100%| O|  |TAMS 0x0000000080700000, 0x0000000080600000| Untracked 
|   7|0x0000000080700000, 0x0000000080800000, 0x0000000080800000|100%| O|  |TAMS 0x0000000080800000, 0x0000000080700000| Untracked 
|   8|0x0000000080800000, 0x0000000080900000, 0x0000000080900000|100%| O|  |TAMS 0x0000000080900000, 0x0000000080800000| Untracked 
|   9|0x0000000080900000, 0x0000000080a00000, 0x0000000080a00000|100%| O|  |TAMS 0x0000000080a00000, 0x0000000080900000| Untracked 
|  10|0x0000000080a00000, 0x0000000080b00000, 0x0000000080b00000|100%| O|  |TAMS 0x0000000080b00000, 0x0000000080a00000| Untracked 
|  11|0x0000000080b00000, 0x0000000080c00000, 0x0000000080c00000|100%| O|  |TAMS 0x0000000080c00000, 0x0000000080b00000| Untracked 
|  12|0x0000000080c00000, 0x0000000080d00000, 0x0000000080d00000|100%| O|  |TAMS 0x0000000080d00000, 0x0000000080c00000| Untracked 
|  13|0x0000000080d00000, 0x0000000080e00000, 0x0000000080e00000|100%| O|  |TAMS 0x0000000080e00000, 0x0000000080d00000| Untracked 
|  14|0x0000000080e00000, 0x0000000080f00000, 0x0000000080f00000|100%| O|  |TAMS 0x0000000080f00000, 0x0000000080e00000| Untracked 
|  15|0x0000000080f00000, 0x0000000080fc3e00, 0x0000000081000000| 76%| O|  |TAMS 0x0000000080fc3e00, 0x0000000080f00000| Untracked 
|  16|0x0000000081000000, 0x0000000081000000, 0x0000000081100000|  0%| F|  |TAMS 0x0000000081000000, 0x0000000081000000| Untracked 
|  17|0x0000000081100000, 0x0000000081100000, 0x0000000081200000|  0%| F|  |TAMS 0x0000000081100000, 0x0000000081100000| Untracked 
|  18|0x0000000081200000, 0x0000000081200000, 0x0000000081300000|  0%| F|  |TAMS 0x0000000081200000, 0x0000000081200000| Untracked 
|  19|0x0000000081300000, 0x0000000081300000, 0x0000000081400000|  0%| F|  |TAMS 0x0000000081300000, 0x0000000081300000| Untracked 
|  20|0x0000000081400000, 0x0000000081400000, 0x0000000081500000|  0%| F|  |TAMS 0x0000000081400000, 0x0000000081400000| Untracked 
|  21|0x0000000081500000, 0x0000000081500000, 0x0000000081600000|  0%| F|  |TAMS 0x0000000081500000, 0x0000000081500000| Untracked 
|  22|0x0000000081600000, 0x0000000081600000, 0x0000000081700000|  0%| F|  |TAMS 0x0000000081600000, 0x0000000081600000| Untracked 
|  23|0x0000000081700000, 0x0000000081700000, 0x0000000081800000|  0%| F|  |TAMS 0x0000000081700000, 0x0000000081700000| Untracked 
|  24|0x0000000081800000, 0x0000000081800000, 0x0000000081900000|  0%| F|  |TAMS 0x0000000081800000, 0x0000000081800000| Untracked 
|  25|0x0000000081900000, 0x0000000081900000, 0x0000000081a00000|  0%| F|  |TAMS 0x0000000081900000, 0x0000000081900000| Untracked 
|  26|0x0000000081a00000, 0x0000000081a00000, 0x0000000081b00000|  0%| F|  |TAMS 0x0000000081a00000, 0x0000000081a00000| Untracked 
|  27|0x0000000081b00000, 0x0000000081b00000, 0x0000000081c00000|  0%| F|  |TAMS 0x0000000081b00000, 0x0000000081b00000| Untracked 
|  28|0x0000000081c00000, 0x0000000081c00000, 0x0000000081d00000|  0%| F|  |TAMS 0x0000000081c00000, 0x0000000081c00000| Untracked 
|  29|0x0000000081d00000, 0x0000000081d00000, 0x0000000081e00000|  0%| F|  |TAMS 0x0000000081d00000, 0x0000000081d00000| Untracked 
|  30|0x0000000081e00000, 0x0000000081e00000, 0x0000000081f00000|  0%| F|  |TAMS 0x0000000081e00000, 0x0000000081e00000| Untracked 
|  31|0x0000000081f00000, 0x0000000081f00000, 0x0000000082000000|  0%| F|  |TAMS 0x0000000081f00000, 0x0000000081f00000| Untracked 
|  32|0x0000000082000000, 0x0000000082000000, 0x0000000082100000|  0%| F|  |TAMS 0x0000000082000000, 0x0000000082000000| Untracked 
|  33|0x0000000082100000, 0x0000000082100000, 0x0000000082200000|  0%| F|  |TAMS 0x0000000082100000, 0x0000000082100000| Untracked 
|  34|0x0000000082200000, 0x0000000082200000, 0x0000000082300000|  0%| F|  |TAMS 0x0000000082200000, 0x0000000082200000| Untracked 
|  35|0x0000000082300000, 0x0000000082300000, 0x0000000082400000|  0%| F|  |TAMS 0x0000000082300000, 0x0000000082300000| Untracked 
|  36|0x0000000082400000, 0x0000000082400000, 0x0000000082500000|  0%| F|  |TAMS 0x0000000082400000, 0x0000000082400000| Untracked 
|  37|0x0000000082500000, 0x0000000082500000, 0x0000000082600000|  0%| F|  |TAMS 0x0000000082500000, 0x0000000082500000| Untracked 
|  38|0x0000000082600000, 0x0000000082600000, 0x0000000082700000|  0%| F|  |TAMS 0x0000000082600000, 0x0000000082600000| Untracked 
|  39|0x0000000082700000, 0x0000000082700000, 0x0000000082800000|  0%| F|  |TAMS 0x0000000082700000, 0x0000000082700000| Untracked 
|  40|0x0000000082800000, 0x0000000082800000, 0x0000000082900000|  0%| F|  |TAMS 0x0000000082800000, 0x0000000082800000| Untracked 
|  41|0x0000000082900000, 0x0000000082900000, 0x0000000082a00000|  0%| F|  |TAMS 0x0000000082900000, 0x0000000082900000| Untracked 
|  42|0x0000000082a00000, 0x0000000082a00000, 0x0000000082b00000|  0%| F|  |TAMS 0x0000000082a00000, 0x0000000082a00000| Untracked 
|  43|0x0000000082b00000, 0x0000000082b00000, 0x0000000082c00000|  0%| F|  |TAMS 0x0000000082b00000, 0x0000000082b00000| Untracked 
|  44|0x0000000082c00000, 0x0000000082c00000, 0x0000000082d00000|  0%| F|  |TAMS 0x0000000082c00000, 0x0000000082c00000| Untracked 
|  45|0x0000000082d00000, 0x0000000082d00000, 0x0000000082e00000|  0%| F|  |TAMS 0x0000000082d00000, 0x0000000082d00000| Untracked 
|  46|0x0000000082e00000, 0x0000000082e00000, 0x0000000082f00000|  0%| F|  |TAMS 0x0000000082e00000, 0x0000000082e00000| Untracked 
|  47|0x0000000082f00000, 0x0000000082f00000, 0x0000000083000000|  0%| F|  |TAMS 0x0000000082f00000, 0x0000000082f00000| Untracked 
|  48|0x0000000083000000, 0x0000000083000000, 0x0000000083100000|  0%| F|  |TAMS 0x0000000083000000, 0x0000000083000000| Untracked 
|  49|0x0000000083100000, 0x0000000083100000, 0x0000000083200000|  0%| F|  |TAMS 0x0000000083100000, 0x0000000083100000| Untracked 
|  50|0x0000000083200000, 0x0000000083200000, 0x0000000083300000|  0%| F|  |TAMS 0x0000000083200000, 0x0000000083200000| Untracked 
|  51|0x0000000083300000, 0x0000000083300000, 0x0000000083400000|  0%| F|  |TAMS 0x0000000083300000, 0x0000000083300000| Untracked 
|  52|0x0000000083400000, 0x0000000083400000, 0x0000000083500000|  0%| F|  |TAMS 0x0000000083400000, 0x0000000083400000| Untracked 
|  53|0x0000000083500000, 0x0000000083500000, 0x0000000083600000|  0%| F|  |TAMS 0x0000000083500000, 0x0000000083500000| Untracked 
|  54|0x0000000083600000, 0x0000000083600000, 0x0000000083700000|  0%| F|  |TAMS 0x0000000083600000, 0x0000000083600000| Untracked 
|  55|0x0000000083700000, 0x0000000083700000, 0x0000000083800000|  0%| F|  |TAMS 0x0000000083700000, 0x0000000083700000| Untracked 
|  56|0x0000000083800000, 0x0000000083800000, 0x0000000083900000|  0%| F|  |TAMS 0x0000000083800000, 0x0000000083800000| Untracked 
|  57|0x0000000083900000, 0x0000000083900000, 0x0000000083a00000|  0%| F|  |TAMS 0x0000000083900000, 0x0000000083900000| Untracked 
|  58|0x0000000083a00000, 0x0000000083a00000, 0x0000000083b00000|  0%| F|  |TAMS 0x0000000083a00000, 0x0000000083a00000| Untracked 
|  59|0x0000000083b00000, 0x0000000083b00000, 0x0000000083c00000|  0%| F|  |TAMS 0x0000000083b00000, 0x0000000083b00000| Untracked 
|  60|0x0000000083c00000, 0x0000000083c00000, 0x0000000083d00000|  0%| F|  |TAMS 0x0000000083c00000, 0x0000000083c00000| Untracked 
|  61|0x0000000083d00000, 0x0000000083d00000, 0x0000000083e00000|  0%| F|  |TAMS 0x0000000083d00000, 0x0000000083d00000| Untracked 
|  62|0x0000000083e00000, 0x0000000083e00000, 0x0000000083f00000|  0%| F|  |TAMS 0x0000000083e00000, 0x0000000083e00000| Untracked 
|  63|0x0000000083f00000, 0x0000000083f00000, 0x0000000084000000|  0%| F|  |TAMS 0x0000000083f00000, 0x0000000083f00000| Untracked 
|  64|0x0000000084000000, 0x0000000084000000, 0x0000000084100000|  0%| F|  |TAMS 0x0000000084000000, 0x0000000084000000| Untracked 
|  65|0x0000000084100000, 0x0000000084100000, 0x0000000084200000|  0%| F|  |TAMS 0x0000000084100000, 0x0000000084100000| Untracked 
|  66|0x0000000084200000, 0x00000000842add90, 0x0000000084300000| 67%| S|CS|TAMS 0x0000000084200000, 0x0000000084200000| Complete 
|  67|0x0000000084300000, 0x0000000084400000, 0x0000000084400000|100%| S|CS|TAMS 0x0000000084300000, 0x0000000084300000| Complete 
|  68|0x0000000084400000, 0x0000000084500000, 0x0000000084500000|100%| S|CS|TAMS 0x0000000084400000, 0x0000000084400000| Complete 
|  69|0x0000000084500000, 0x0000000084600000, 0x0000000084600000|100%| S|CS|TAMS 0x0000000084500000, 0x0000000084500000| Complete 
|  70|0x0000000084600000, 0x0000000084600000, 0x0000000084700000|  0%| F|  |TAMS 0x0000000084600000, 0x0000000084600000| Untracked 
|  71|0x0000000084700000, 0x0000000084700000, 0x0000000084800000|  0%| F|  |TAMS 0x0000000084700000, 0x0000000084700000| Untracked 
|  72|0x0000000084800000, 0x0000000084800000, 0x0000000084900000|  0%| F|  |TAMS 0x0000000084800000, 0x0000000084800000| Untracked 
|  73|0x0000000084900000, 0x0000000084900000, 0x0000000084a00000|  0%| F|  |TAMS 0x0000000084900000, 0x0000000084900000| Untracked 
|  74|0x0000000084a00000, 0x0000000084a00000, 0x0000000084b00000|  0%| F|  |TAMS 0x0000000084a00000, 0x0000000084a00000| Untracked 
|  75|0x0000000084b00000, 0x0000000084b00000, 0x0000000084c00000|  0%| F|  |TAMS 0x0000000084b00000, 0x0000000084b00000| Untracked 
|  76|0x0000000084c00000, 0x0000000084c00000, 0x0000000084d00000|  0%| F|  |TAMS 0x0000000084c00000, 0x0000000084c00000| Untracked 
|  77|0x0000000084d00000, 0x0000000084d00000, 0x0000000084e00000|  0%| F|  |TAMS 0x0000000084d00000, 0x0000000084d00000| Untracked 
|  78|0x0000000084e00000, 0x0000000084e00000, 0x0000000084f00000|  0%| F|  |TAMS 0x0000000084e00000, 0x0000000084e00000| Untracked 
|  79|0x0000000084f00000, 0x0000000084f00000, 0x0000000085000000|  0%| F|  |TAMS 0x0000000084f00000, 0x0000000084f00000| Untracked 
|  80|0x0000000085000000, 0x0000000085000000, 0x0000000085100000|  0%| F|  |TAMS 0x0000000085000000, 0x0000000085000000| Untracked 
|  81|0x0000000085100000, 0x0000000085100000, 0x0000000085200000|  0%| F|  |TAMS 0x0000000085100000, 0x0000000085100000| Untracked 
|  82|0x0000000085200000, 0x0000000085200000, 0x0000000085300000|  0%| F|  |TAMS 0x0000000085200000, 0x0000000085200000| Untracked 
|  83|0x0000000085300000, 0x0000000085300000, 0x0000000085400000|  0%| F|  |TAMS 0x0000000085300000, 0x0000000085300000| Untracked 
|  84|0x0000000085400000, 0x0000000085400000, 0x0000000085500000|  0%| F|  |TAMS 0x0000000085400000, 0x0000000085400000| Untracked 
|  85|0x0000000085500000, 0x0000000085500000, 0x0000000085600000|  0%| F|  |TAMS 0x0000000085500000, 0x0000000085500000| Untracked 
|  86|0x0000000085600000, 0x0000000085600000, 0x0000000085700000|  0%| F|  |TAMS 0x0000000085600000, 0x0000000085600000| Untracked 
|  87|0x0000000085700000, 0x0000000085700000, 0x0000000085800000|  0%| F|  |TAMS 0x0000000085700000, 0x0000000085700000| Untracked 
|  88|0x0000000085800000, 0x0000000085800000, 0x0000000085900000|  0%| F|  |TAMS 0x0000000085800000, 0x0000000085800000| Untracked 
|  89|0x0000000085900000, 0x0000000085900000, 0x0000000085a00000|  0%| F|  |TAMS 0x0000000085900000, 0x0000000085900000| Untracked 
|  90|0x0000000085a00000, 0x0000000085a00000, 0x0000000085b00000|  0%| F|  |TAMS 0x0000000085a00000, 0x0000000085a00000| Untracked 
|  91|0x0000000085b00000, 0x0000000085b00000, 0x0000000085c00000|  0%| F|  |TAMS 0x0000000085b00000, 0x0000000085b00000| Untracked 
|  92|0x0000000085c00000, 0x0000000085c00000, 0x0000000085d00000|  0%| F|  |TAMS 0x0000000085c00000, 0x0000000085c00000| Untracked 
|  93|0x0000000085d00000, 0x0000000085d00000, 0x0000000085e00000|  0%| F|  |TAMS 0x0000000085d00000, 0x0000000085d00000| Untracked 
|  94|0x0000000085e00000, 0x0000000085e00000, 0x0000000085f00000|  0%| F|  |TAMS 0x0000000085e00000, 0x0000000085e00000| Untracked 
|  95|0x0000000085f00000, 0x0000000085f00000, 0x0000000086000000|  0%| F|  |TAMS 0x0000000085f00000, 0x0000000085f00000| Untracked 
|  96|0x0000000086000000, 0x0000000086000000, 0x0000000086100000|  0%| F|  |TAMS 0x0000000086000000, 0x0000000086000000| Untracked 
|  97|0x0000000086100000, 0x0000000086100000, 0x0000000086200000|  0%| F|  |TAMS 0x0000000086100000, 0x0000000086100000| Untracked 
|  98|0x0000000086200000, 0x0000000086280800, 0x0000000086300000| 50%| E|  |TAMS 0x0000000086200000, 0x0000000086200000| Complete 
|  99|0x0000000086300000, 0x0000000086400000, 0x0000000086400000|100%| E|CS|TAMS 0x0000000086300000, 0x0000000086300000| Complete 
| 100|0x0000000086400000, 0x0000000086500000, 0x0000000086500000|100%| E|CS|TAMS 0x0000000086400000, 0x0000000086400000| Complete 
| 101|0x0000000086500000, 0x0000000086600000, 0x0000000086600000|100%| E|CS|TAMS 0x0000000086500000, 0x0000000086500000| Complete 
| 102|0x0000000086600000, 0x0000000086700000, 0x0000000086700000|100%| E|CS|TAMS 0x0000000086600000, 0x0000000086600000| Complete 
| 103|0x0000000086700000, 0x0000000086800000, 0x0000000086800000|100%| E|CS|TAMS 0x0000000086700000, 0x0000000086700000| Complete 
| 104|0x0000000086800000, 0x0000000086900000, 0x0000000086900000|100%| E|CS|TAMS 0x0000000086800000, 0x0000000086800000| Complete 
| 105|0x0000000086900000, 0x0000000086a00000, 0x0000000086a00000|100%| E|CS|TAMS 0x0000000086900000, 0x0000000086900000| Complete 
| 106|0x0000000086a00000, 0x0000000086b00000, 0x0000000086b00000|100%| E|CS|TAMS 0x0000000086a00000, 0x0000000086a00000| Complete 
| 107|0x0000000086b00000, 0x0000000086c00000, 0x0000000086c00000|100%| E|CS|TAMS 0x0000000086b00000, 0x0000000086b00000| Complete 
| 108|0x0000000086c00000, 0x0000000086d00000, 0x0000000086d00000|100%| E|CS|TAMS 0x0000000086c00000, 0x0000000086c00000| Complete 
| 109|0x0000000086d00000, 0x0000000086e00000, 0x0000000086e00000|100%| E|CS|TAMS 0x0000000086d00000, 0x0000000086d00000| Complete 
| 110|0x0000000086e00000, 0x0000000086f00000, 0x0000000086f00000|100%| E|CS|TAMS 0x0000000086e00000, 0x0000000086e00000| Complete 
| 111|0x0000000086f00000, 0x0000000087000000, 0x0000000087000000|100%| E|CS|TAMS 0x0000000086f00000, 0x0000000086f00000| Complete 
| 112|0x0000000087000000, 0x0000000087100000, 0x0000000087100000|100%| E|CS|TAMS 0x0000000087000000, 0x0000000087000000| Complete 
| 113|0x0000000087100000, 0x0000000087200000, 0x0000000087200000|100%| E|CS|TAMS 0x0000000087100000, 0x0000000087100000| Complete 
| 114|0x0000000087200000, 0x0000000087300000, 0x0000000087300000|100%| E|CS|TAMS 0x0000000087200000, 0x0000000087200000| Complete 
| 115|0x0000000087300000, 0x0000000087400000, 0x0000000087400000|100%| E|CS|TAMS 0x0000000087300000, 0x0000000087300000| Complete 
| 116|0x0000000087400000, 0x0000000087500000, 0x0000000087500000|100%| E|CS|TAMS 0x0000000087400000, 0x0000000087400000| Complete 
| 117|0x0000000087500000, 0x0000000087600000, 0x0000000087600000|100%| E|CS|TAMS 0x0000000087500000, 0x0000000087500000| Complete 
| 118|0x0000000087600000, 0x0000000087700000, 0x0000000087700000|100%| E|CS|TAMS 0x0000000087600000, 0x0000000087600000| Complete 
| 119|0x0000000087700000, 0x0000000087800000, 0x0000000087800000|100%| E|CS|TAMS 0x0000000087700000, 0x0000000087700000| Complete 
| 120|0x0000000087800000, 0x0000000087900000, 0x0000000087900000|100%| E|CS|TAMS 0x0000000087800000, 0x0000000087800000| Complete 
| 121|0x0000000087900000, 0x0000000087a00000, 0x0000000087a00000|100%| E|CS|TAMS 0x0000000087900000, 0x0000000087900000| Complete 
| 122|0x0000000087a00000, 0x0000000087b00000, 0x0000000087b00000|100%| E|CS|TAMS 0x0000000087a00000, 0x0000000087a00000| Complete 
| 123|0x0000000087b00000, 0x0000000087c00000, 0x0000000087c00000|100%| E|CS|TAMS 0x0000000087b00000, 0x0000000087b00000| Complete 
| 124|0x0000000087c00000, 0x0000000087d00000, 0x0000000087d00000|100%| E|CS|TAMS 0x0000000087c00000, 0x0000000087c00000| Complete 
| 125|0x0000000087d00000, 0x0000000087e00000, 0x0000000087e00000|100%| E|CS|TAMS 0x0000000087d00000, 0x0000000087d00000| Complete 
| 126|0x0000000087e00000, 0x0000000087f00000, 0x0000000087f00000|100%| E|CS|TAMS 0x0000000087e00000, 0x0000000087e00000| Complete 
| 127|0x0000000087f00000, 0x0000000088000000, 0x0000000088000000|100%| E|CS|TAMS 0x0000000087f00000, 0x0000000087f00000| Complete 

Card table byte_map: [0x000001d3467e0000,0x000001d346be0000] _byte_map_base: 0x000001d3463e0000

Marking Bits (Prev, Next): (CMBitMap*) 0x000001d3332defb0, (CMBitMap*) 0x000001d3332def78
 Prev Bits: [0x000001d348fe0000, 0x000001d34afe0000)
 Next Bits: [0x000001d346fe0000, 0x000001d348fe0000)

Polling page: 0x000001d331aa0000

Metaspace:

Usage:
  Non-class:     24.57 MB capacity,    24.23 MB ( 99%) used,   290.42 KB (  1%) free+waste,    64.25 KB ( <1%) overhead. 
      Class:      3.93 MB capacity,     3.66 MB ( 93%) used,   241.47 KB (  6%) free+waste,    32.63 KB ( <1%) overhead. 
       Both:     28.50 MB capacity,    27.89 MB ( 98%) used,   531.89 KB (  2%) free+waste,    96.88 KB ( <1%) overhead. 

Virtual space:
  Non-class space:       26.00 MB reserved,      24.67 MB ( 95%) committed 
      Class space:        1.00 GB reserved,       4.00 MB ( <1%) committed 
             Both:        1.03 GB reserved,      28.67 MB (  3%) committed 

Chunk freelists:
   Non-Class:  37.00 KB
       Class:  6.00 KB
        Both:  43.00 KB

MaxMetaspaceSize: 17179869184.00 GB
CompressedClassSpaceSize: 1.00 GB
Initial GC threshold: 20.80 MB
Current GC threshold: 35.08 MB
CDS: off

CodeHeap 'non-profiled nmethods': size=120064Kb used=1234Kb max_used=1234Kb free=118830Kb
 bounds [0x000001d33e880000, 0x000001d33eaf0000, 0x000001d345dc0000]
CodeHeap 'profiled nmethods': size=120000Kb used=5296Kb max_used=5296Kb free=114703Kb
 bounds [0x000001d337350000, 0x000001d337880000, 0x000001d33e880000]
CodeHeap 'non-nmethods': size=5696Kb used=1229Kb max_used=1269Kb free=4466Kb
 bounds [0x000001d336dc0000, 0x000001d337030000, 0x000001d337350000]
 total_blobs=2963 nmethods=2455 adapters=420
 compilation: enabled
              stopped_count=0, restarted_count=0
 full_count=0

Compilation events (20 events):
Event: 8.561 Thread 0x000001d34d65f800 2423       3       java.lang.invoke.LambdaMetafactory::metafactory (35 bytes)
Event: 8.561 Thread 0x000001d34d65f800 nmethod 2423 0x000001d337860f90 code [0x000001d337861160, 0x000001d337861408]
Event: 8.574 Thread 0x000001d34d65f800 2426       3       jdk.internal.reflect.ReflectionFactory::newMethodAccessor (119 bytes)
Event: 8.578 Thread 0x000001d34d65f800 nmethod 2426 0x000001d337861510 code [0x000001d337861900, 0x000001d337863648]
Event: 8.578 Thread 0x000001d34d65f800 2427       3       jdk.internal.reflect.Reflection::isCallerSensitive (24 bytes)
Event: 8.580 Thread 0x000001d34d65f800 nmethod 2427 0x000001d337863f90 code [0x000001d3378642c0, 0x000001d337865638]
Event: 8.606 Thread 0x000001d34d65f800 2428       3       jdk.internal.org.objectweb.asm.MethodVisitor::visitInsn (16 bytes)
Event: 8.606 Thread 0x000001d34d65f800 nmethod 2428 0x000001d337865c10 code [0x000001d337865dc0, 0x000001d337865fa8]
Event: 8.629 Thread 0x000001d34d65f800 2429   !   3       org.gradle.internal.service.ReflectionBasedServiceMethod::invoke (16 bytes)
Event: 8.630 Thread 0x000001d34d65f800 nmethod 2429 0x000001d337866090 code [0x000001d337866260, 0x000001d3378663f8]
Event: 8.630 Thread 0x000001d34d65f800 2430   !   3       org.gradle.internal.reflect.JavaMethod::invoke (74 bytes)
Event: 8.632 Thread 0x000001d34d65f800 nmethod 2430 0x000001d337866510 code [0x000001d3378668c0, 0x000001d337867fc8]
Event: 8.640 Thread 0x000001d34d65f800 2431       3       com.google.common.collect.ImmutableSet$RegularSetBuilderImpl::add (68 bytes)
Event: 8.641 Thread 0x000001d34d65f800 nmethod 2431 0x000001d337868a10 code [0x000001d337868c60, 0x000001d337869338]
Event: 8.641 Thread 0x000001d34d65f800 2432       3       com.google.common.collect.ImmutableSet$SetBuilderImpl::addDedupedElement (28 bytes)
Event: 8.642 Thread 0x000001d34d65f800 nmethod 2432 0x000001d337869610 code [0x000001d337869800, 0x000001d337869cb8]
Event: 8.642 Thread 0x000001d34d65f800 2433       3       java.util.Collections$EmptyList::iterator (4 bytes)
Event: 8.642 Thread 0x000001d34d65f800 nmethod 2433 0x000001d337869e90 code [0x000001d33786a040, 0x000001d33786a198]
Event: 8.642 Thread 0x000001d34d65f800 2434       1       java.util.Collections$SingletonList::size (2 bytes)
Event: 8.642 Thread 0x000001d34d65f800 nmethod 2434 0x000001d33e9b3a10 code [0x000001d33e9b3bc0, 0x000001d33e9b3c78]

GC Heap History (8 events):
Event: 0.976 GC heap before
{Heap before GC invocations=0 (full 0):
 garbage-first heap   total 131072K, used 17408K [0x0000000080000000, 0x0000000100000000)
  region size 1024K, 14 young (14336K), 0 survivors (0K)
 Metaspace       used 6742K, capacity 6929K, committed 7168K, reserved 1056768K
  class space    used 573K, capacity 650K, committed 768K, reserved 1048576K
}
Event: 0.983 GC heap after
{Heap after GC invocations=1 (full 0):
 garbage-first heap   total 131072K, used 8399K [0x0000000080000000, 0x0000000100000000)
  region size 1024K, 2 young (2048K), 2 survivors (2048K)
 Metaspace       used 6742K, capacity 6929K, committed 7168K, reserved 1056768K
  class space    used 573K, capacity 650K, committed 768K, reserved 1048576K
}
Event: 4.574 GC heap before
{Heap before GC invocations=1 (full 0):
 garbage-first heap   total 131072K, used 84175K [0x0000000080000000, 0x0000000100000000)
  region size 1024K, 76 young (77824K), 2 survivors (2048K)
 Metaspace       used 15232K, capacity 15529K, committed 15744K, reserved 1062912K
  class space    used 1711K, capacity 1798K, committed 1920K, reserved 1048576K
}
Event: 4.595 GC heap after
{Heap after GC invocations=2 (full 0):
 garbage-first heap   total 131072K, used 16403K [0x0000000080000000, 0x0000000100000000)
  region size 1024K, 10 young (10240K), 10 survivors (10240K)
 Metaspace       used 15232K, capacity 15529K, committed 15744K, reserved 1062912K
  class space    used 1711K, capacity 1798K, committed 1920K, reserved 1048576K
}
Event: 7.113 GC heap before
{Heap before GC invocations=2 (full 0):
 garbage-first heap   total 131072K, used 51219K [0x0000000080000000, 0x0000000100000000)
  region size 1024K, 45 young (46080K), 10 survivors (10240K)
 Metaspace       used 20822K, capacity 21231K, committed 21296K, reserved 1069056K
  class space    used 2498K, capacity 2685K, committed 2688K, reserved 1048576K
}
Event: 7.130 GC heap after
{Heap after GC invocations=3 (full 0):
 garbage-first heap   total 131072K, used 18380K [0x0000000080000000, 0x0000000100000000)
  region size 1024K, 3 young (3072K), 3 survivors (3072K)
 Metaspace       used 20822K, capacity 21231K, committed 21296K, reserved 1069056K
  class space    used 2498K, capacity 2685K, committed 2688K, reserved 1048576K
}
Event: 8.126 GC heap before
{Heap before GC invocations=4 (full 0):
 garbage-first heap   total 131072K, used 74700K [0x0000000080000000, 0x0000000100000000)
  region size 1024K, 58 young (59392K), 3 survivors (3072K)
 Metaspace       used 25682K, capacity 26270K, committed 26544K, reserved 1073152K
  class space    used 3300K, capacity 3515K, committed 3584K, reserved 1048576K
}
Event: 8.138 GC heap after
{Heap after GC invocations=5 (full 0):
 garbage-first heap   total 131072K, used 19910K [0x0000000080000000, 0x0000000100000000)
  region size 1024K, 4 young (4096K), 4 survivors (4096K)
 Metaspace       used 25682K, capacity 26270K, committed 26544K, reserved 1073152K
  class space    used 3300K, capacity 3515K, committed 3584K, reserved 1048576K
}

Deoptimization events (20 events):
Event: 7.206 Thread 0x000001d3510a8800 DEOPT PACKING pc=0x000001d33e9039c0 sp=0x0000005dd6dfc030
Event: 7.206 Thread 0x000001d3510a8800 DEOPT UNPACKING pc=0x000001d336e0a1af sp=0x0000005dd6dfbfc8 mode 2
Event: 7.207 Thread 0x000001d3510a8800 Uncommon trap: trap_request=0xffffff4d fr.pc=0x000001d33e8fec84 relative=0x00000000000005c4
Event: 7.207 Thread 0x000001d3510a8800 Uncommon trap: reason=unstable_if action=reinterpret pc=0x000001d33e8fec84 method=java.io.File.getName()Ljava/lang/String; @ 16 c2
Event: 7.207 Thread 0x000001d3510a8800 DEOPT PACKING pc=0x000001d33e8fec84 sp=0x0000005dd6dfca10
Event: 7.207 Thread 0x000001d3510a8800 DEOPT UNPACKING pc=0x000001d336e0a1af sp=0x0000005dd6dfc9e0 mode 2
Event: 7.207 Thread 0x000001d3510a8800 Uncommon trap: trap_request=0xffffff4d fr.pc=0x000001d33e8fb334 relative=0x0000000000000474
Event: 7.207 Thread 0x000001d3510a8800 Uncommon trap: reason=unstable_if action=reinterpret pc=0x000001d33e8fb334 method=java.lang.String.substring(I)Ljava/lang/String; @ 34 c2
Event: 7.207 Thread 0x000001d3510a8800 DEOPT PACKING pc=0x000001d33e8fb334 sp=0x0000005dd6dfc990
Event: 7.207 Thread 0x000001d3510a8800 DEOPT UNPACKING pc=0x000001d336e0a1af sp=0x0000005dd6dfc968 mode 2
Event: 7.323 Thread 0x000001d3510a8800 Uncommon trap: trap_request=0xffffffcc fr.pc=0x000001d33e977b78 relative=0x00000000000002b8
Event: 7.323 Thread 0x000001d3510a8800 Uncommon trap: reason=intrinsic_or_type_checked_inlining action=make_not_entrant pc=0x000001d33e977b78 method=java.util.Arrays.copyOf([Ljava/lang/Object;ILjava/lang/Class;)[Ljava/lang/Object; @ 35 c2
Event: 7.324 Thread 0x000001d3510a8800 DEOPT PACKING pc=0x000001d33e977b78 sp=0x0000005dd6dfd290
Event: 7.324 Thread 0x000001d3510a8800 DEOPT UNPACKING pc=0x000001d336e0a1af sp=0x0000005dd6dfd220 mode 2
Event: 7.941 Thread 0x000001d3510a8800 DEOPT PACKING pc=0x000001d33740324c sp=0x0000005dd6df7920
Event: 7.941 Thread 0x000001d3510a8800 DEOPT UNPACKING pc=0x000001d336e0a95e sp=0x0000005dd6df6ec0 mode 0
Event: 7.990 Thread 0x000001d3510a8800 Uncommon trap: trap_request=0xffffff4d fr.pc=0x000001d33e961568 relative=0x00000000000006e8
Event: 7.990 Thread 0x000001d3510a8800 Uncommon trap: reason=unstable_if action=reinterpret pc=0x000001d33e961568 method=java.util.HashMap.hash(Ljava/lang/Object;)I @ 1 c2
Event: 7.990 Thread 0x000001d3510a8800 DEOPT PACKING pc=0x000001d33e961568 sp=0x0000005dd6df9ab0
Event: 7.990 Thread 0x000001d3510a8800 DEOPT UNPACKING pc=0x000001d336e0a1af sp=0x0000005dd6df9a30 mode 2

Classes redefined (0 events):
No events

Internal exceptions (20 events):
Event: 6.952 Thread 0x000001d3510a8800 Exception <a 'java/lang/NoSuchMethodError'{0x000000008689e850}: 'java.lang.Object java.lang.invoke.DirectMethodHandle$Holder.invokeSpecial(java.lang.Object, java.lang.Object, java.lang.Object, java.lang.Object, java.lang.Object, java.lang.Object, java.lang.Object, java.lang.Object, java.lang.Object, java.lang.Object, java.lang.Object)'> (0x000000008689e850) thrown at [./src/hotspot/share/interpreter/linkResolver.cpp, line 773]
Event: 6.952 Thread 0x000001d3510a8800 Exception <a 'java/lang/NoSuchMethodError'{0x00000000868a2fc0}: 'java.lang.Object java.lang.invoke.Invokers$Holder.invoker(java.lang.Object, java.lang.Object, java.lang.Object, java.lang.Object, java.lang.Object, java.lang.Object, java.lang.Object, java.lang.Object, java.lang.Object, java.lang.Object, java.lang.Object)'> (0x00000000868a2fc0) thrown at [./src/hotspot/share/interpreter/linkResolver.cpp, line 773]
Event: 6.953 Thread 0x000001d3510a8800 Exception <a 'java/lang/NoSuchMethodError'{0x00000000868a80d8}: 'java.lang.Object java.lang.invoke.DirectMethodHandle$Holder.invokeSpecial(java.lang.Object, java.lang.Object, java.lang.Object, java.lang.Object, java.lang.Object, java.lang.Object, java.lang.Object, java.lang.Object, java.lang.Object, java.lang.Object, java.lang.Object, java.lang.Object)'> (0x00000000868a80d8) thrown at [./src/hotspot/share/interpreter/linkResolver.cpp, line 773]
Event: 6.986 Thread 0x000001d3510a8800 Exception <a 'java/lang/NoSuchMethodError'{0x0000000086604d08}: 'java.lang.Object java.lang.invoke.DirectMethodHandle$Holder.invokeSpecial(java.lang.Object, java.lang.Object, java.lang.Object, java.lang.Object, java.lang.Object, java.lang.Object, java.lang.Object, java.lang.Object, java.lang.Object)'> (0x0000000086604d08) thrown at [./src/hotspot/share/interpreter/linkResolver.cpp, line 773]
Event: 7.073 Thread 0x000001d3510a8800 Exception <a 'java/lang/NoSuchMethodError'{0x00000000860f1478}: 'void java.lang.invoke.DirectMethodHandle$Holder.invokeStaticInit(java.lang.Object)'> (0x00000000860f1478) thrown at [./src/hotspot/share/interpreter/linkResolver.cpp, line 773]
Event: 7.090 Thread 0x000001d3510a8800 Exception <a 'java/lang/NoSuchMethodError'{0x0000000085f94f08}: 'java.lang.Object java.lang.invoke.DirectMethodHandle$Holder.invokeStatic(java.lang.Object, java.lang.Object, java.lang.Object, int)'> (0x0000000085f94f08) thrown at [./src/hotspot/share/interpreter/linkResolver.cpp, line 773]
Event: 7.090 Thread 0x000001d3510a8800 Exception <a 'java/lang/NoSuchMethodError'{0x0000000085f990d0}: 'java.lang.Object java.lang.invoke.DirectMethodHandle$Holder.invokeSpecial(java.lang.Object, java.lang.Object, java.lang.Object, java.lang.Object, int)'> (0x0000000085f990d0) thrown at [./src/hotspot/share/interpreter/linkResolver.cpp, line 773]
Event: 7.090 Thread 0x000001d3510a8800 Exception <a 'java/lang/NoSuchMethodError'{0x0000000085f9cab8}: 'java.lang.Object java.lang.invoke.Invokers$Holder.linkToTargetMethod(java.lang.Object, java.lang.Object, int, java.lang.Object)'> (0x0000000085f9cab8) thrown at [./src/hotspot/share/interpreter/linkResolver.cpp, line 773]
Event: 7.472 Thread 0x000001d3510a8800 Exception <a 'java/lang/NoSuchMethodError'{0x0000000086b6fc08}: 'int java.lang.invoke.DirectMethodHandle$Holder.invokeSpecialIFC(java.lang.Object, java.lang.Object, java.lang.Object, java.lang.Object)'> (0x0000000086b6fc08) thrown at [./src/hotspot/share/interpreter/linkResolver.cpp, line 773]
Event: 7.474 Thread 0x000001d3510a8800 Exception <a 'java/lang/NoSuchMethodError'{0x0000000086b7dbc0}: 'java.lang.Object java.lang.invoke.DirectMethodHandle$Holder.invokeInterface(java.lang.Object, java.lang.Object, java.lang.Object)'> (0x0000000086b7dbc0) thrown at [./src/hotspot/share/interpreter/linkResolver.cpp, line 773]
Event: 7.474 Thread 0x000001d3510a8800 Exception <a 'java/lang/IncompatibleClassChangeError'{0x0000000086b81308}: Found class java.lang.Object, but interface was expected> (0x0000000086b81308) thrown at [./src/hotspot/share/interpreter/linkResolver.cpp, line 839]
Event: 7.753 Thread 0x000001d3510a8800 Exception <a 'java/lang/NoSuchMethodError'{0x0000000085625090}: 'java.lang.Object java.lang.invoke.DirectMethodHandle$Holder.invokeVirtual(java.lang.Object, java.lang.Object, java.lang.Object, java.lang.Object)'> (0x0000000085625090) thrown at [./src/hotspot/share/interpreter/linkResolver.cpp, line 773]
Event: 7.827 Thread 0x000001d3510a8800 Exception <a 'java/lang/NoSuchMethodError'{0x00000000854dca00}: 'java.lang.Object java.lang.invoke.Invokers$Holder.linkToTargetMethod(java.lang.Object, java.lang.Object, java.lang.Object, java.lang.Object, java.lang.Object, java.lang.Object, java.lang.Object)'> (0x00000000854dca00) thrown at [./src/hotspot/share/interpreter/linkResolver.cpp, line 773]
Event: 7.876 Thread 0x000001d3510a8800 Exception <a 'java/lang/NoSuchMethodError'{0x0000000085270b48}: 'java.lang.Object java.lang.invoke.DirectMethodHandle$Holder.invokeVirtual(java.lang.Object, java.lang.Object, java.lang.Object, java.lang.Object, java.lang.Object, java.lang.Object, java.lang.Object, java.lang.Object, java.lang.Object, java.lang.Object, java.lang.Object, java.lang.Object, java.lang.Object, java.lang.Object, java.lang.Object, java.lang.Object, java.lang.Object, java.lang.Object, java.lang.Object, java.lang.Object, java.lang.Ob
Event: 7.973 Thread 0x000001d3510a8800 Exception <a 'java/lang/NoSuchMethodError'{0x0000000084b419b8}: 'void java.lang.invoke.DirectMethodHandle$Holder.invokeStatic(java.lang.Object, java.lang.Object, java.lang.Object, java.lang.Object, java.lang.Object)'> (0x0000000084b419b8) thrown at [./src/hotspot/share/interpreter/linkResolver.cpp, line 773]
Event: 7.990 Thread 0x000001d3510a8800 Implicit null exception at 0x000001d33e960ebb to 0x000001d33e96154e
Event: 8.172 Thread 0x000001d3510a8800 Exception <a 'java/lang/NoSuchMethodError'{0x0000000087ebd990}: 'void java.lang.invoke.DirectMethodHandle$Holder.invokeStaticInit(java.lang.Object, java.lang.Object)'> (0x0000000087ebd990) thrown at [./src/hotspot/share/interpreter/linkResolver.cpp, line 773]
Event: 8.362 Thread 0x000001d3510a8800 Exception <a 'java/lang/NoSuchMethodError'{0x00000000877370c8}: 'void java.lang.invoke.DirectMethodHandle$Holder.invokeStatic(java.lang.Object, java.lang.Object, java.lang.Object, java.lang.Object)'> (0x00000000877370c8) thrown at [./src/hotspot/share/interpreter/linkResolver.cpp, line 773]
Event: 8.366 Thread 0x000001d3510a8800 Exception <a 'java/lang/NoSuchMethodError'{0x0000000087756080}: 'int java.lang.invoke.DirectMethodHandle$Holder.invokeVirtual(java.lang.Object, java.lang.Object)'> (0x0000000087756080) thrown at [./src/hotspot/share/interpreter/linkResolver.cpp, line 773]
Event: 8.374 Thread 0x000001d3510a8800 Exception <a 'java/lang/NoSuchMethodError'{0x00000000877bc7b8}: 'int java.lang.invoke.DirectMethodHandle$Holder.invokeVirtual(java.lang.Object, java.lang.Object, java.lang.Object)'> (0x00000000877bc7b8) thrown at [./src/hotspot/share/interpreter/linkResolver.cpp, line 773]

Events (20 events):
Event: 8.639 loading class org/gradle/internal/execution/model/annotations/InputFilePropertyAnnotationHandler
Event: 8.639 loading class org/gradle/internal/execution/model/annotations/InputFilePropertyAnnotationHandler done
Event: 8.640 loading class org/gradle/internal/snapshot/impl/DefaultValueSnapshotter
Event: 8.640 loading class org/gradle/internal/snapshot/impl/DefaultValueSnapshotter done
Event: 8.641 loading class org/gradle/internal/snapshot/impl/DefaultValueSnapshotter$ValueSnapshotVisitor
Event: 8.641 loading class org/gradle/internal/snapshot/impl/DefaultValueSnapshotter$ValueSnapshotVisitor done
Event: 8.643 loading class org/gradle/internal/snapshot/ValueSnapshot
Event: 8.643 loading class org/gradle/internal/snapshot/ValueSnapshot done
Event: 8.644 loading class org/gradle/api/internal/attributes/DisambiguationRule
Event: 8.644 loading class org/gradle/api/internal/attributes/DisambiguationRule done
Event: 8.645 loading class org/gradle/api/internal/attributes/CompatibilityRule
Event: 8.645 loading class org/gradle/api/internal/attributes/CompatibilityRule done
Event: 8.645 loading class org/gradle/api/internal/attributes/EmptySchema$DoNothingCompatibilityRule
Event: 8.645 loading class org/gradle/api/internal/attributes/EmptySchema$DoNothingCompatibilityRule done
Event: 8.646 loading class org/gradle/api/internal/attributes/EmptySchema$DoNothingDisambiguationRule
Event: 8.646 loading class org/gradle/api/internal/attributes/EmptySchema$DoNothingDisambiguationRule done
Event: 8.646 loading class org/gradle/api/attributes/Usage
Event: 8.646 loading class org/gradle/api/attributes/Usage done
Event: 8.647 loading class org/gradle/api/attributes/LibraryElements
Event: 8.647 loading class org/gradle/api/attributes/LibraryElements done


Dynamic libraries:
0x00007ff6779d0000 - 0x00007ff6779da000 	C:\Program Files\Android\Android Studio\jre\bin\java.exe
0x00007ff8a9b10000 - 0x00007ff8a9d08000 	C:\Windows\SYSTEM32\ntdll.dll
0x00007ff8a8ca0000 - 0x00007ff8a8d5f000 	C:\Windows\System32\KERNEL32.DLL
0x00007ff8a7560000 - 0x00007ff8a7856000 	C:\Windows\System32\KERNELBASE.dll
0x00007ff8a72a0000 - 0x00007ff8a73a0000 	C:\Windows\System32\ucrtbase.dll
0x00007ff8a0180000 - 0x00007ff8a0197000 	C:\Program Files\Android\Android Studio\jre\bin\VCRUNTIME140.dll
0x00007ff894d40000 - 0x00007ff894d59000 	C:\Program Files\Android\Android Studio\jre\bin\jli.dll
0x00007ff8a8b00000 - 0x00007ff8a8c9d000 	C:\Windows\System32\USER32.dll
0x00007ff8a7530000 - 0x00007ff8a7552000 	C:\Windows\System32\win32u.dll
0x00007ff892520000 - 0x00007ff8927ba000 	C:\Windows\WinSxS\amd64_microsoft.windows.common-controls_6595b64144ccf1df_6.0.19041.1110_none_60b5254171f9507e\COMCTL32.dll
0x00007ff8a9700000 - 0x00007ff8a972c000 	C:\Windows\System32\GDI32.dll
0x00007ff8a91b0000 - 0x00007ff8a924e000 	C:\Windows\System32\msvcrt.dll
0x00007ff8a7410000 - 0x00007ff8a7525000 	C:\Windows\System32\gdi32full.dll
0x00007ff8a7a50000 - 0x00007ff8a7aed000 	C:\Windows\System32\msvcp_win.dll
0x00007ff8a9740000 - 0x00007ff8a9770000 	C:\Windows\System32\IMM32.DLL
0x00007ff894ca0000 - 0x00007ff894d3d000 	C:\Program Files\Android\Android Studio\jre\bin\msvcp140.dll
0x00007ff8776e0000 - 0x00007ff8781e2000 	C:\Program Files\Android\Android Studio\jre\bin\server\jvm.dll
0x00007ff8a7d00000 - 0x00007ff8a7daf000 	C:\Windows\System32\ADVAPI32.dll
0x00007ff8a9660000 - 0x00007ff8a96fc000 	C:\Windows\System32\sechost.dll
0x00007ff8a7bd0000 - 0x00007ff8a7cf6000 	C:\Windows\System32\RPCRT4.dll
0x00007ff8a94f0000 - 0x00007ff8a94f8000 	C:\Windows\System32\PSAPI.DLL
0x00007ff891170000 - 0x00007ff891197000 	C:\Windows\SYSTEM32\WINMM.dll
0x00007ff8a12b0000 - 0x00007ff8a12b9000 	C:\Windows\SYSTEM32\WSOCK32.dll
0x00007ff8a9250000 - 0x00007ff8a92bb000 	C:\Windows\System32\WS2_32.dll
0x00007ff8968e0000 - 0x00007ff8968ea000 	C:\Windows\SYSTEM32\VERSION.dll
0x00007ff8a5120000 - 0x00007ff8a5132000 	C:\Windows\SYSTEM32\kernel.appcore.dll
0x00007ff8a1290000 - 0x00007ff8a12a1000 	C:\Program Files\Android\Android Studio\jre\bin\verify.dll
0x00007ff891c70000 - 0x00007ff891e54000 	C:\Windows\SYSTEM32\DBGHELP.DLL
0x00007ff891c30000 - 0x00007ff891c64000 	C:\Windows\SYSTEM32\dbgcore.DLL
0x00007ff8a7860000 - 0x00007ff8a78e2000 	C:\Windows\System32\bcryptPrimitives.dll
0x00007ff8a1110000 - 0x00007ff8a1139000 	C:\Program Files\Android\Android Studio\jre\bin\java.dll
0x00007ff8a1280000 - 0x00007ff8a128b000 	C:\Program Files\Android\Android Studio\jre\bin\jimage.dll
0x00007ff8a10f0000 - 0x00007ff8a1108000 	C:\Program Files\Android\Android Studio\jre\bin\zip.dll
0x00007ff8a83b0000 - 0x00007ff8a8af4000 	C:\Windows\System32\SHELL32.dll
0x00007ff8a5290000 - 0x00007ff8a5a23000 	C:\Windows\SYSTEM32\windows.storage.dll
0x00007ff8a8d60000 - 0x00007ff8a90b4000 	C:\Windows\System32\combase.dll
0x00007ff8a6c30000 - 0x00007ff8a6c5e000 	C:\Windows\SYSTEM32\Wldp.dll
0x00007ff8a9500000 - 0x00007ff8a95ad000 	C:\Windows\System32\SHCORE.dll
0x00007ff8a9980000 - 0x00007ff8a99d5000 	C:\Windows\System32\shlwapi.dll
0x00007ff8a7120000 - 0x00007ff8a7145000 	C:\Windows\SYSTEM32\profapi.dll
0x00007ff8a10d0000 - 0x00007ff8a10ea000 	C:\Program Files\Android\Android Studio\jre\bin\net.dll
0x00007ff89acc0000 - 0x00007ff89adca000 	C:\Windows\SYSTEM32\WINHTTP.dll
0x00007ff8a6990000 - 0x00007ff8a69fa000 	C:\Windows\system32\mswsock.dll
0x00007ff8a10b0000 - 0x00007ff8a10c4000 	C:\Program Files\Android\Android Studio\jre\bin\nio.dll
0x00007ff8a0630000 - 0x00007ff8a0657000 	C:\Users\hp\.gradle\native\68d5fa5c4cc2d200863cafc0d521ce42e7d3e7ee720ec0a83991735586a16f82\windows-amd64\native-platform.dll
0x00007ff8744c0000 - 0x00007ff874604000 	C:\Users\hp\.gradle\native\e376f236ea51e6404a007f0833ffe2c6e607c4080706a723a18a27aeea778392\windows-amd64\native-platform-file-events.dll
0x00007ff8a1270000 - 0x00007ff8a127a000 	C:\Program Files\Android\Android Studio\jre\bin\management.dll
0x00007ff8a11b0000 - 0x00007ff8a11bd000 	C:\Program Files\Android\Android Studio\jre\bin\management_ext.dll
0x00007ff8a6b80000 - 0x00007ff8a6b98000 	C:\Windows\SYSTEM32\CRYPTSP.dll
0x00007ff8a6230000 - 0x00007ff8a6264000 	C:\Windows\system32\rsaenh.dll
0x00007ff8a7af0000 - 0x00007ff8a7b17000 	C:\Windows\System32\bcrypt.dll
0x00007ff8a70a0000 - 0x00007ff8a70ce000 	C:\Windows\SYSTEM32\USERENV.dll
0x00007ff8a6ba0000 - 0x00007ff8a6bac000 	C:\Windows\SYSTEM32\CRYPTBASE.dll
0x00007ff8a6630000 - 0x00007ff8a666b000 	C:\Windows\SYSTEM32\IPHLPAPI.DLL
0x00007ff8a7f30000 - 0x00007ff8a7f38000 	C:\Windows\System32\NSI.dll
0x00007ff89d9d0000 - 0x00007ff89d9e7000 	C:\Windows\SYSTEM32\dhcpcsvc6.DLL
0x00007ff89d950000 - 0x00007ff89d96d000 	C:\Windows\SYSTEM32\dhcpcsvc.DLL
0x00007ff8a6680000 - 0x00007ff8a674a000 	C:\Windows\SYSTEM32\DNSAPI.dll

dbghelp: loaded successfully - version: 4.0.5 - missing functions: none
symbol engine: initialized successfully - sym options: 0x614 - pdb path: .;C:\Program Files\Android\Android Studio\jre\bin;C:\Windows\SYSTEM32;C:\Windows\WinSxS\amd64_microsoft.windows.common-controls_6595b64144ccf1df_6.0.19041.1110_none_60b5254171f9507e;C:\Program Files\Android\Android Studio\jre\bin\server;C:\Users\hp\.gradle\native\68d5fa5c4cc2d200863cafc0d521ce42e7d3e7ee720ec0a83991735586a16f82\windows-amd64;C:\Users\hp\.gradle\native\e376f236ea51e6404a007f0833ffe2c6e607c4080706a723a18a27aeea778392\windows-amd64

VM Arguments:
jvm_args: --add-opens=java.base/java.util=ALL-UNNAMED --add-opens=java.base/java.lang=ALL-UNNAMED --add-opens=java.base/java.lang.invoke=ALL-UNNAMED --add-opens=java.prefs/java.util.prefs=ALL-UNNAMED --add-opens=java.base/java.nio.charset=ALL-UNNAMED --add-opens=java.base/java.net=ALL-UNNAMED --add-opens=java.base/java.util.concurrent.atomic=ALL-UNNAMED -Xmx2048m -Dfile.encoding=UTF-8 -Duser.country=US -Duser.language=en -Duser.variant 
java_command: org.gradle.launcher.daemon.bootstrap.GradleDaemon 8.0
java_class_path (initial): C:\Users\hp\.gradle\wrapper\dists\gradle-8.0-bin\ca5e32bp14vu59qr306oxotwh\gradle-8.0\lib\gradle-launcher-8.0.jar
Launcher Type: SUN_STANDARD

[Global flags]
     intx CICompilerCount                          = 3                                         {product} {ergonomic}
     uint ConcGCThreads                            = 1                                         {product} {ergonomic}
     uint G1ConcRefinementThreads                  = 4                                         {product} {ergonomic}
   size_t G1HeapRegionSize                         = 1048576                                   {product} {ergonomic}
    uintx GCDrainStackTargetSize                   = 64                                        {product} {ergonomic}
   size_t InitialHeapSize                          = 134217728                                 {product} {ergonomic}
   size_t MarkStackSize                            = 4194304                                   {product} {ergonomic}
   size_t MaxHeapSize                              = 2147483648                                {product} {command line}
   size_t MaxNewSize                               = 1287651328                                {product} {ergonomic}
   size_t MinHeapDeltaBytes                        = 1048576                                   {product} {ergonomic}
    uintx NonNMethodCodeHeapSize                   = 5830732                                {pd product} {ergonomic}
    uintx NonProfiledCodeHeapSize                  = 122913754                              {pd product} {ergonomic}
    uintx ProfiledCodeHeapSize                     = 122913754                              {pd product} {ergonomic}
    uintx ReservedCodeCacheSize                    = 251658240                              {pd product} {ergonomic}
     bool SegmentedCodeCache                       = true                                      {product} {ergonomic}
     bool UseCompressedClassPointers               = true                                 {lp64_product} {ergonomic}
     bool UseCompressedOops                        = true                                 {lp64_product} {ergonomic}
     bool UseG1GC                                  = true                                      {product} {ergonomic}
     bool UseLargePagesIndividualAllocation        = false                                  {pd product} {ergonomic}

Logging:
Log output configuration:
 #0: stdout all=warning uptime,level,tags
 #1: stderr all=off uptime,level,tags

Environment Variables:
PATH=C:\Program Files (x86)\VMware\VMware Workstation\bin\;C:\Program Files (x86)\NVIDIA Corporation\PhysX\Common;C:\Windows\system32;C:\Windows;C:\Windows\System32\Wbem;C:\Windows\System32\WindowsPowerShell\v1.0\;C:\Windows\System32\OpenSSH\;C:\Users\hp\Documents\Java\jdk1.8.0_111\bin;c:\Program Files (x86)\Microsoft SQL Server\90\Tools\binn\;C:\Program Files\dotnet\;C:\Program Files\Microsoft SQL Server\150\Tools\Binn\;C:\Program Files\Microsoft SQL Server\Client SDK\ODBC\170\Tools\Binn\;C:\Program Files\Git\cmd;C:\Program Files\nodejs\;C:\ProgramData\chocolatey\bin;C:\Users\hp\AppData\Local\Programs\Python\Python310\Scripts\;C:\Users\hp\AppData\Local\Programs\Python\Python310\;C:\Users\hp\AppData\Local\Programs\Python\Launcher\;C:\Users\hp\AppData\Local\Microsoft\WindowsApps;C:\Program Files\Java\jdk1.8.0_111\bin;;C:\Program Files\JetBrains\PyCharm Community Edition 2022.3.1\bin;;C:\Users\hp\.dotnet\tools;C:\Users\hp\AppData\Roaming\npm;C:\Users\hp\AppData\Local\Programs\Microsoft VS Code\bin
USERNAME=hp
OS=Windows_NT
PROCESSOR_IDENTIFIER=Intel64 Family 6 Model 69 Stepping 1, GenuineIntel



---------------  S Y S T E M  ---------------

OS: Windows 10 , 64 bit Build 19041 (10.0.19041.3155)
OS uptime: 0 days 1:58 hours

CPU:total 4 (initial active 4) (2 cores per cpu, 2 threads per core) family 6 model 69 stepping 1 microcode 0x25, cmov, cx8, fxsr, mmx, sse, sse2, sse3, ssse3, sse4.1, sse4.2, popcnt, avx, avx2, aes, clmul, erms, lzcnt, ht, tsc, tscinvbit, bmi1, bmi2, fma

Memory: 4k page, system-wide physical 8089M (2467M free)
TotalPageFile size 10949M (AvailPageFile size 5M)
current process WorkingSet (physical memory assigned to process): 232M, peak: 234M
current process commit charge ("private bytes"): 290M, peak: 292M

vm_info: OpenJDK 64-Bit Server VM (11.0.13+0-b1751.21-8125866) for windows-amd64 JRE (11.0.13+0-b1751.21-8125866), built on Feb  2 2022 03:00:22 by "builder" with MS VC++ 14.0 (VS2015)

END.
