#
# There is insufficient memory for the Java Runtime Environment to continue.
# Native memory allocation (mmap) failed to map 32505856 bytes for Failed to commit area from 0x0000000089a00000 to 0x000000008b900000 of length 32505856.
# Possible reasons:
#   The system is out of physical RAM or swap space
#   The process is running with CompressedOops enabled, and the Java Heap may be blocking the growth of the native heap
# Possible solutions:
#   Reduce memory load on the system
#   Increase physical memory or swap space
#   Check if swap backing store is full
#   Decrease Java heap size (-Xmx/-Xms)
#   Decrease number of Java threads
#   Decrease Java thread stack sizes (-Xss)
#   Set larger code cache with -XX:ReservedCodeCacheSize=
#   JVM is running with Unscaled Compressed Oops mode in which the Java heap is
#     placed in the first 4GB address space. The Java Heap base address is the
#     maximum limit for the native heap growth. Please use -XX:HeapBaseMinAddress
#     to set the Java Heap base and to place the Java Heap above 4GB virtual address.
# This output file may be truncated or incomplete.
#
#  Out of Memory Error (./src/hotspot/os/windows/os_windows.cpp:3619), pid=3004, tid=4776
#
# JRE version: OpenJDK Runtime Environment (11.0.13) (build 11.0.13+0-b1751.21-8125866)
# Java VM: OpenJDK 64-Bit Server VM (11.0.13+0-b1751.21-8125866, mixed mode, tiered, compressed oops, g1 gc, windows-amd64)
# No core dump will be written. Minidumps are not enabled by default on client versions of Windows
#

---------------  S U M M A R Y ------------

Command Line: --add-opens=java.base/java.util=ALL-UNNAMED --add-opens=java.base/java.lang=ALL-UNNAMED --add-opens=java.base/java.lang.invoke=ALL-UNNAMED --add-opens=java.base/java.util=ALL-UNNAMED --add-opens=java.prefs/java.util.prefs=ALL-UNNAMED --add-opens=java.prefs/java.util.prefs=ALL-UNNAMED --add-opens=java.base/java.nio.charset=ALL-UNNAMED --add-opens=java.base/java.net=ALL-UNNAMED --add-opens=java.base/java.util.concurrent.atomic=ALL-UNNAMED -Xmx2048m -Dfile.encoding=UTF-8 -Duser.country=US -Duser.language=en -Duser.variant org.gradle.launcher.daemon.bootstrap.GradleDaemon 7.5

Host: Intel(R) Core(TM) i5-4300U CPU @ 1.90GHz, 4 cores, 7G,  Windows 10 , 64 bit Build 19041 (10.0.19041.3155)
Time: Thu Aug 24 19:48:31 2023 E. Africa Standard Time elapsed time: 7.812447 seconds (0d 0h 0m 7s)

---------------  T H R E A D  ---------------

Current thread (0x000001e120d4e000):  VMThread "VM Thread" [stack: 0x000000bf05500000,0x000000bf05600000] [id=4776]

Stack: [0x000000bf05500000,0x000000bf05600000]
[error occurred during error reporting (printing stack bounds), id 0xc0000005, EXCEPTION_ACCESS_VIOLATION (0xc0000005) at pc=0x000001e10a4f112d]

Native frames: (J=compiled Java code, j=interpreted, Vv=VM code, C=native code)
V  [jvm.dll+0x6100fa]
V  [jvm.dll+0x747090]
V  [jvm.dll+0x7486ad]
V  [jvm.dll+0x748ce5]
V  [jvm.dll+0x748c9b]
V  [jvm.dll+0x60f224]
V  [jvm.dll+0x60f9b8]
C  [ntdll.dll+0xa23df]
C  [ntdll.dll+0x514b4]
C  [ntdll.dll+0xa0eee]
C  0x000001e10a4f112d

VM_Operation (0x000000bf069f7080): G1CollectForAllocation, mode: safepoint, requested by thread 0x000001e12326e800


---------------  P R O C E S S  ---------------

Threads class SMR info:
_java_thread_list=0x000001e123e3cfe0, length=36, elements={
0x000001e105210800, 0x000001e120d66000, 0x000001e120d58800, 0x000001e120d6f000,
0x000001e120d70000, 0x000001e120d73000, 0x000001e120d76800, 0x000001e120d7b800,
0x000001e120d7e800, 0x000001e121820000, 0x000001e124848800, 0x000001e121a8b800,
0x000001e122b52800, 0x000001e123743800, 0x000001e1231c0800, 0x000001e122918000,
0x000001e12326d800, 0x000001e12326e800, 0x000001e123bbe000, 0x000001e124ada000,
0x000001e123c60000, 0x000001e124a2b000, 0x000001e124a2c000, 0x000001e124a2c800,
0x000001e124a2a000, 0x000001e124119800, 0x000001e124119000, 0x000001e12411d000,
0x000001e12411f800, 0x000001e12411e800, 0x000001e12411b000, 0x000001e12411c000,
0x000001e124120000, 0x000001e12411a800, 0x000001e124121000, 0x000001e124123800
}

Java Threads: ( => current thread )
  0x000001e105210800 JavaThread "main" [_thread_blocked, id=8060, stack(0x000000bf04f00000,0x000000bf05000000)]
  0x000001e120d66000 JavaThread "Reference Handler" daemon [_thread_blocked, id=1260, stack(0x000000bf05600000,0x000000bf05700000)]
  0x000001e120d58800 JavaThread "Finalizer" daemon [_thread_blocked, id=7316, stack(0x000000bf05700000,0x000000bf05800000)]
  0x000001e120d6f000 JavaThread "Signal Dispatcher" daemon [_thread_blocked, id=11780, stack(0x000000bf05800000,0x000000bf05900000)]
  0x000001e120d70000 JavaThread "Attach Listener" daemon [_thread_blocked, id=5316, stack(0x000000bf05900000,0x000000bf05a00000)]
  0x000001e120d73000 JavaThread "Service Thread" daemon [_thread_blocked, id=5292, stack(0x000000bf05a00000,0x000000bf05b00000)]
  0x000001e120d76800 JavaThread "C2 CompilerThread0" daemon [_thread_in_native, id=3392, stack(0x000000bf05b00000,0x000000bf05c00000)]
  0x000001e120d7b800 JavaThread "C1 CompilerThread0" daemon [_thread_blocked, id=704, stack(0x000000bf05c00000,0x000000bf05d00000)]
  0x000001e120d7e800 JavaThread "Sweeper thread" daemon [_thread_blocked, id=3468, stack(0x000000bf05d00000,0x000000bf05e00000)]
  0x000001e121820000 JavaThread "Common-Cleaner" daemon [_thread_blocked, id=8528, stack(0x000000bf05e00000,0x000000bf05f00000)]
  0x000001e124848800 JavaThread "Daemon health stats" [_thread_blocked, id=11204, stack(0x000000bf06300000,0x000000bf06400000)]
  0x000001e121a8b800 JavaThread "Incoming local TCP Connector on port 14149" [_thread_in_native, id=6064, stack(0x000000bf06000000,0x000000bf06100000)]
  0x000001e122b52800 JavaThread "Daemon periodic checks" [_thread_blocked, id=2032, stack(0x000000bf06400000,0x000000bf06500000)]
  0x000001e123743800 JavaThread "Daemon" [_thread_blocked, id=6208, stack(0x000000bf06500000,0x000000bf06600000)]
  0x000001e1231c0800 JavaThread "Handler for socket connection from /127.0.0.1:14149 to /127.0.0.1:14150" [_thread_in_native, id=1276, stack(0x000000bf06600000,0x000000bf06700000)]
  0x000001e122918000 JavaThread "C2 CompilerThread1" daemon [_thread_in_native, id=5936, stack(0x000000bf06700000,0x000000bf06800000)]
  0x000001e12326d800 JavaThread "Cancel handler" [_thread_blocked, id=6508, stack(0x000000bf06800000,0x000000bf06900000)]
  0x000001e12326e800 JavaThread "Daemon worker" [_thread_blocked, id=196, stack(0x000000bf06900000,0x000000bf06a00000)]
  0x000001e123bbe000 JavaThread "Asynchronous log dispatcher for DefaultDaemonConnection: socket connection from /127.0.0.1:14149 to /127.0.0.1:14150" [_thread_blocked, id=8084, stack(0x000000bf06a00000,0x000000bf06b00000)]
  0x000001e124ada000 JavaThread "Stdin handler" [_thread_blocked, id=11604, stack(0x000000bf06b00000,0x000000bf06c00000)]
  0x000001e123c60000 JavaThread "Daemon client event forwarder" [_thread_blocked, id=2264, stack(0x000000bf06c00000,0x000000bf06d00000)]
  0x000001e124a2b000 JavaThread "Cache worker for journal cache (C:\Users\hp\.gradle\caches\journal-1)" [_thread_blocked, id=12212, stack(0x000000bf06d00000,0x000000bf06e00000)]
  0x000001e124a2c000 JavaThread "File lock request listener" [_thread_in_native, id=8548, stack(0x000000bf06e00000,0x000000bf06f00000)]
  0x000001e124a2c800 JavaThread "Cache worker for file hash cache (C:\Users\hp\.gradle\caches\7.5\fileHashes)" [_thread_blocked, id=9992, stack(0x000000bf07000000,0x000000bf07100000)]
  0x000001e124a2a000 JavaThread "File watcher server" daemon [_thread_in_native, id=10572, stack(0x000000bf07100000,0x000000bf07200000)]
  0x000001e124119800 JavaThread "File watcher consumer" daemon [_thread_blocked, id=10908, stack(0x000000bf07200000,0x000000bf07300000)]
  0x000001e124119000 JavaThread "jar transforms" [_thread_blocked, id=6440, stack(0x000000bf07300000,0x000000bf07400000)]
  0x000001e12411d000 JavaThread "jar transforms Thread 2" [_thread_blocked, id=11476, stack(0x000000bf07400000,0x000000bf07500000)]
  0x000001e12411f800 JavaThread "jar transforms Thread 3" [_thread_blocked, id=6580, stack(0x000000bf07500000,0x000000bf07600000)]
  0x000001e12411e800 JavaThread "jar transforms Thread 4" [_thread_blocked, id=10416, stack(0x000000bf07600000,0x000000bf07700000)]
  0x000001e12411b000 JavaThread "Cache worker for checksums cache (C:\Users\hp\Desktop\eCommerceApp\.gradle\7.5\checksums)" [_thread_blocked, id=4124, stack(0x000000bf07700000,0x000000bf07800000)]
  0x000001e12411c000 JavaThread "Cache worker for cache directory md-rule (C:\Users\hp\.gradle\caches\7.5\md-rule)" [_thread_blocked, id=9716, stack(0x000000bf07800000,0x000000bf07900000)]
  0x000001e124120000 JavaThread "Cache worker for file content cache (C:\Users\hp\.gradle\caches\7.5\fileContent)" [_thread_blocked, id=10012, stack(0x000000bf07900000,0x000000bf07a00000)]
  0x000001e12411a800 JavaThread "Cache worker for file hash cache (C:\Users\hp\Desktop\eCommerceApp\.gradle\7.5\fileHashes)" [_thread_blocked, id=8232, stack(0x000000bf07a00000,0x000000bf07b00000)]
  0x000001e124121000 JavaThread "Cache worker for cache directory md-supplier (C:\Users\hp\.gradle\caches\7.5\md-supplier)" [_thread_blocked, id=12056, stack(0x000000bf07b00000,0x000000bf07c00000)]
  0x000001e124123800 JavaThread "Cache worker for execution history cache (C:\Users\hp\.gradle\caches\7.5\executionHistory)" [_thread_blocked, id=7616, stack(0x000000bf07c00000,0x000000bf07d00000)]

Other Threads:
=>0x000001e120d4e000 VMThread "VM Thread" [stack: 0x000000bf05500000,0x000000bf05600000] [id=4776]
  0x000001e12184f000 WatcherThread [stack: 0x000000bf05f00000,0x000000bf06000000] [id=5944]
  0x000001e105229000 GCTaskThread "GC Thread#0" [stack: 0x000000bf05000000,0x000000bf05100000] [id=8588]
  0x000001e121f5f800 GCTaskThread "GC Thread#1" [stack: 0x000000bf06100000,0x000000bf06200000] [id=11564]
  0x000001e121f60800 GCTaskThread "GC Thread#2" [stack: 0x000000bf06200000,0x000000bf06300000] [id=7856]
  0x000001e1231c1800 GCTaskThread "GC Thread#3" [stack: 0x000000bf06f00000,0x000000bf07000000] [id=10540]
  0x000001e10525a800 ConcurrentGCThread "G1 Main Marker" [stack: 0x000000bf05100000,0x000000bf05200000] [id=3572]
  0x000001e10525c000 ConcurrentGCThread "G1 Conc#0" [stack: 0x000000bf05200000,0x000000bf05300000] [id=3428]
  0x000001e1052eb800 ConcurrentGCThread "G1 Refine#0" [stack: 0x000000bf05300000,0x000000bf05400000] [id=5524]
  0x000001e1052ec800 ConcurrentGCThread "G1 Young RemSet Sampling" [stack: 0x000000bf05400000,0x000000bf05500000] [id=3924]

Threads with active compile tasks:
C2 CompilerThread0   7829 3674       4       jdk.internal.org.objectweb.asm.Frame::execute (2264 bytes)
C1 CompilerThread0   7829 3727       3       org.codehaus.groovy.util.FastArray::get (7 bytes)
C2 CompilerThread1   7829 3679       4       java.lang.invoke.MethodType::makeImpl (108 bytes)

VM state:at safepoint (normal execution)

VM Mutex/Monitor currently owned by a thread:  ([mutex/lock_event])
[0x000001e10520c1a0] Threads_lock - owner thread: 0x000001e120d4e000
[0x000001e10520d670] Heap_lock - owner thread: 0x000001e12326e800

Heap address: 0x0000000080000000, size: 2048 MB, Compressed Oops mode: 32-bit
Narrow klass base: 0x0000000000000000, Narrow klass shift: 3
Compressed class space size: 1073741824 Address: 0x0000000100000000

Heap:
 garbage-first heap   total 189440K, used 52635K [0x0000000080000000, 0x0000000100000000)
  region size 1024K, 6 young (6144K), 6 survivors (6144K)
 Metaspace       used 41770K, capacity 42917K, committed 43004K, reserved 1087488K
  class space    used 5276K, capacity 5682K, committed 5708K, reserved 1048576K
Heap Regions: E=young(eden), S=young(survivor), O=old, HS=humongous(starts), HC=humongous(continues), CS=collection set, F=free, A=archive, TAMS=top-at-mark-start (previous, next)
|   0|0x0000000080000000, 0x0000000080100000, 0x0000000080100000|100%|HS|  |TAMS 0x0000000080100000, 0x0000000080000000| Complete 
|   1|0x0000000080100000, 0x0000000080200000, 0x0000000080200000|100%|HC|  |TAMS 0x0000000080200000, 0x0000000080100000| Complete 
|   2|0x0000000080200000, 0x0000000080300000, 0x0000000080300000|100%|HC|  |TAMS 0x0000000080300000, 0x0000000080200000| Complete 
|   3|0x0000000080300000, 0x0000000080400000, 0x0000000080400000|100%| O|  |TAMS 0x0000000080400000, 0x0000000080300000| Untracked 
|   4|0x0000000080400000, 0x0000000080500000, 0x0000000080500000|100%| O|  |TAMS 0x0000000080500000, 0x0000000080400000| Untracked 
|   5|0x0000000080500000, 0x0000000080600000, 0x0000000080600000|100%| O|  |TAMS 0x0000000080600000, 0x0000000080500000| Untracked 
|   6|0x0000000080600000, 0x0000000080700000, 0x0000000080700000|100%| O|  |TAMS 0x0000000080700000, 0x0000000080600000| Untracked 
|   7|0x0000000080700000, 0x0000000080800000, 0x0000000080800000|100%| O|  |TAMS 0x0000000080800000, 0x0000000080700000| Untracked 
|   8|0x0000000080800000, 0x0000000080900000, 0x0000000080900000|100%| O|  |TAMS 0x0000000080900000, 0x0000000080800000| Untracked 
|   9|0x0000000080900000, 0x0000000080a00000, 0x0000000080a00000|100%| O|  |TAMS 0x0000000080a00000, 0x0000000080900000| Untracked 
|  10|0x0000000080a00000, 0x0000000080b00000, 0x0000000080b00000|100%| O|  |TAMS 0x0000000080b00000, 0x0000000080a00000| Untracked 
|  11|0x0000000080b00000, 0x0000000080c00000, 0x0000000080c00000|100%| O|  |TAMS 0x0000000080c00000, 0x0000000080b00000| Untracked 
|  12|0x0000000080c00000, 0x0000000080d00000, 0x0000000080d00000|100%| O|  |TAMS 0x0000000080d00000, 0x0000000080c00000| Untracked 
|  13|0x0000000080d00000, 0x0000000080e00000, 0x0000000080e00000|100%| O|  |TAMS 0x0000000080e00000, 0x0000000080d00000| Untracked 
|  14|0x0000000080e00000, 0x0000000080f00000, 0x0000000080f00000|100%|HS|  |TAMS 0x0000000080f00000, 0x0000000080e00000| Complete 
|  15|0x0000000080f00000, 0x0000000081000000, 0x0000000081000000|100%|HC|  |TAMS 0x0000000081000000, 0x0000000080f00000| Complete 
|  16|0x0000000081000000, 0x0000000081100000, 0x0000000081100000|100%|HS|  |TAMS 0x0000000081100000, 0x0000000081000000| Complete 
|  17|0x0000000081100000, 0x0000000081200000, 0x0000000081200000|100%|HC|  |TAMS 0x0000000081200000, 0x0000000081100000| Complete 
|  18|0x0000000081200000, 0x0000000081300000, 0x0000000081300000|100%|HC|  |TAMS 0x0000000081300000, 0x0000000081200000| Complete 
|  19|0x0000000081300000, 0x0000000081400000, 0x0000000081400000|100%|HS|  |TAMS 0x0000000081400000, 0x0000000081300000| Complete 
|  20|0x0000000081400000, 0x0000000081500000, 0x0000000081500000|100%|HS|  |TAMS 0x0000000081500000, 0x0000000081400000| Complete 
|  21|0x0000000081500000, 0x0000000081600000, 0x0000000081600000|100%|HC|  |TAMS 0x0000000081600000, 0x0000000081500000| Complete 
|  22|0x0000000081600000, 0x0000000081700000, 0x0000000081700000|100%|HS|  |TAMS 0x0000000081700000, 0x0000000081600000| Complete 
|  23|0x0000000081700000, 0x0000000081800000, 0x0000000081800000|100%|HC|  |TAMS 0x0000000081800000, 0x0000000081700000| Complete 
|  24|0x0000000081800000, 0x0000000081900000, 0x0000000081900000|100%|HC|  |TAMS 0x0000000081900000, 0x0000000081800000| Complete 
|  25|0x0000000081900000, 0x0000000081a00000, 0x0000000081a00000|100%|HS|  |TAMS 0x0000000081a00000, 0x0000000081900000| Complete 
|  26|0x0000000081a00000, 0x0000000081b00000, 0x0000000081b00000|100%|HC|  |TAMS 0x0000000081b00000, 0x0000000081a00000| Complete 
|  27|0x0000000081b00000, 0x0000000081c00000, 0x0000000081c00000|100%|HC|  |TAMS 0x0000000081c00000, 0x0000000081b00000| Complete 
|  28|0x0000000081c00000, 0x0000000081d00000, 0x0000000081d00000|100%|HC|  |TAMS 0x0000000081d00000, 0x0000000081c00000| Complete 
|  29|0x0000000081d00000, 0x0000000081e00000, 0x0000000081e00000|100%|HC|  |TAMS 0x0000000081e00000, 0x0000000081d00000| Complete 
|  30|0x0000000081e00000, 0x0000000081f00000, 0x0000000081f00000|100%|HS|  |TAMS 0x0000000081f00000, 0x0000000081e00000| Complete 
|  31|0x0000000081f00000, 0x0000000082000000, 0x0000000082000000|100%|HC|  |TAMS 0x0000000082000000, 0x0000000081f00000| Complete 
|  32|0x0000000082000000, 0x0000000082100000, 0x0000000082100000|100%|HC|  |TAMS 0x0000000082100000, 0x0000000082000000| Complete 
|  33|0x0000000082100000, 0x0000000082200000, 0x0000000082200000|100%| O|  |TAMS 0x0000000082200000, 0x0000000082100000| Untracked 
|  34|0x0000000082200000, 0x0000000082300000, 0x0000000082300000|100%| O|  |TAMS 0x0000000082300000, 0x0000000082200000| Untracked 
|  35|0x0000000082300000, 0x0000000082400000, 0x0000000082400000|100%| O|  |TAMS 0x0000000082400000, 0x0000000082300000| Untracked 
|  36|0x0000000082400000, 0x0000000082500000, 0x0000000082500000|100%| O|  |TAMS 0x0000000082500000, 0x0000000082400000| Untracked 
|  37|0x0000000082500000, 0x0000000082600000, 0x0000000082600000|100%| O|  |TAMS 0x0000000082600000, 0x0000000082500000| Untracked 
|  38|0x0000000082600000, 0x0000000082700000, 0x0000000082700000|100%| O|  |TAMS 0x0000000082700000, 0x0000000082600000| Untracked 
|  39|0x0000000082700000, 0x0000000082800000, 0x0000000082800000|100%| O|  |TAMS 0x0000000082800000, 0x0000000082700000| Untracked 
|  40|0x0000000082800000, 0x0000000082900000, 0x0000000082900000|100%| O|  |TAMS 0x0000000082900000, 0x0000000082800000| Untracked 
|  41|0x0000000082900000, 0x0000000082a00000, 0x0000000082a00000|100%| O|  |TAMS 0x0000000082a00000, 0x0000000082900000| Untracked 
|  42|0x0000000082a00000, 0x0000000082b00000, 0x0000000082b00000|100%| O|  |TAMS 0x0000000082b00000, 0x0000000082a00000| Untracked 
|  43|0x0000000082b00000, 0x0000000082c00000, 0x0000000082c00000|100%| O|  |TAMS 0x0000000082c00000, 0x0000000082b00000| Untracked 
|  44|0x0000000082c00000, 0x0000000082d00000, 0x0000000082d00000|100%| O|  |TAMS 0x0000000082d00000, 0x0000000082c00000| Untracked 
|  45|0x0000000082d00000, 0x0000000082dc2c00, 0x0000000082e00000| 76%| O|  |TAMS 0x0000000082dc2c00, 0x0000000082d00000| Untracked 
|  46|0x0000000082e00000, 0x0000000082e00000, 0x0000000082f00000|  0%| F|  |TAMS 0x0000000082e00000, 0x0000000082e00000| Untracked 
|  47|0x0000000082f00000, 0x0000000082f00000, 0x0000000083000000|  0%| F|  |TAMS 0x0000000082f00000, 0x0000000082f00000| Untracked 
|  48|0x0000000083000000, 0x0000000083000000, 0x0000000083100000|  0%| F|  |TAMS 0x0000000083000000, 0x0000000083000000| Untracked 
|  49|0x0000000083100000, 0x0000000083100000, 0x0000000083200000|  0%| F|  |TAMS 0x0000000083100000, 0x0000000083100000| Untracked 
|  50|0x0000000083200000, 0x0000000083200000, 0x0000000083300000|  0%| F|  |TAMS 0x0000000083200000, 0x0000000083200000| Untracked 
|  51|0x0000000083300000, 0x0000000083300000, 0x0000000083400000|  0%| F|  |TAMS 0x0000000083300000, 0x0000000083300000| Untracked 
|  52|0x0000000083400000, 0x0000000083400000, 0x0000000083500000|  0%| F|  |TAMS 0x0000000083400000, 0x0000000083400000| Untracked 
|  53|0x0000000083500000, 0x0000000083500000, 0x0000000083600000|  0%| F|  |TAMS 0x0000000083500000, 0x0000000083500000| Untracked 
|  54|0x0000000083600000, 0x0000000083600000, 0x0000000083700000|  0%| F|  |TAMS 0x0000000083600000, 0x0000000083600000| Untracked 
|  55|0x0000000083700000, 0x0000000083700000, 0x0000000083800000|  0%| F|  |TAMS 0x0000000083700000, 0x0000000083700000| Untracked 
|  56|0x0000000083800000, 0x0000000083800000, 0x0000000083900000|  0%| F|  |TAMS 0x0000000083800000, 0x0000000083800000| Untracked 
|  57|0x0000000083900000, 0x0000000083900000, 0x0000000083a00000|  0%| F|  |TAMS 0x0000000083900000, 0x0000000083900000| Untracked 
|  58|0x0000000083a00000, 0x0000000083a00000, 0x0000000083b00000|  0%| F|  |TAMS 0x0000000083a00000, 0x0000000083a00000| Untracked 
|  59|0x0000000083b00000, 0x0000000083b00000, 0x0000000083c00000|  0%| F|  |TAMS 0x0000000083b00000, 0x0000000083b00000| Untracked 
|  60|0x0000000083c00000, 0x0000000083c00000, 0x0000000083d00000|  0%| F|  |TAMS 0x0000000083c00000, 0x0000000083c00000| Untracked 
|  61|0x0000000083d00000, 0x0000000083d00000, 0x0000000083e00000|  0%| F|  |TAMS 0x0000000083d00000, 0x0000000083d00000| Untracked 
|  62|0x0000000083e00000, 0x0000000083e00000, 0x0000000083f00000|  0%| F|  |TAMS 0x0000000083e00000, 0x0000000083e00000| Untracked 
|  63|0x0000000083f00000, 0x0000000083f00000, 0x0000000084000000|  0%| F|  |TAMS 0x0000000083f00000, 0x0000000083f00000| Untracked 
|  64|0x0000000084000000, 0x0000000084000000, 0x0000000084100000|  0%| F|  |TAMS 0x0000000084000000, 0x0000000084000000| Untracked 
|  65|0x0000000084100000, 0x0000000084100000, 0x0000000084200000|  0%| F|  |TAMS 0x0000000084100000, 0x0000000084100000| Untracked 
|  66|0x0000000084200000, 0x0000000084200000, 0x0000000084300000|  0%| F|  |TAMS 0x0000000084200000, 0x0000000084200000| Untracked 
|  67|0x0000000084300000, 0x0000000084300000, 0x0000000084400000|  0%| F|  |TAMS 0x0000000084300000, 0x0000000084300000| Untracked 
|  68|0x0000000084400000, 0x0000000084400000, 0x0000000084500000|  0%| F|  |TAMS 0x0000000084400000, 0x0000000084400000| Untracked 
|  69|0x0000000084500000, 0x0000000084500000, 0x0000000084600000|  0%| F|  |TAMS 0x0000000084500000, 0x0000000084500000| Untracked 
|  70|0x0000000084600000, 0x0000000084600000, 0x0000000084700000|  0%| F|  |TAMS 0x0000000084600000, 0x0000000084600000| Untracked 
|  71|0x0000000084700000, 0x0000000084700000, 0x0000000084800000|  0%| F|  |TAMS 0x0000000084700000, 0x0000000084700000| Untracked 
|  72|0x0000000084800000, 0x0000000084800000, 0x0000000084900000|  0%| F|  |TAMS 0x0000000084800000, 0x0000000084800000| Untracked 
|  73|0x0000000084900000, 0x0000000084900000, 0x0000000084a00000|  0%| F|  |TAMS 0x0000000084900000, 0x0000000084900000| Untracked 
|  74|0x0000000084a00000, 0x0000000084a00000, 0x0000000084b00000|  0%| F|  |TAMS 0x0000000084a00000, 0x0000000084a00000| Untracked 
|  75|0x0000000084b00000, 0x0000000084b00000, 0x0000000084c00000|  0%| F|  |TAMS 0x0000000084b00000, 0x0000000084b00000| Untracked 
|  76|0x0000000084c00000, 0x0000000084c00000, 0x0000000084d00000|  0%| F|  |TAMS 0x0000000084c00000, 0x0000000084c00000| Untracked 
|  77|0x0000000084d00000, 0x0000000084d00000, 0x0000000084e00000|  0%| F|  |TAMS 0x0000000084d00000, 0x0000000084d00000| Untracked 
|  78|0x0000000084e00000, 0x0000000084e00000, 0x0000000084f00000|  0%| F|  |TAMS 0x0000000084e00000, 0x0000000084e00000| Untracked 
|  79|0x0000000084f00000, 0x0000000084f00000, 0x0000000085000000|  0%| F|  |TAMS 0x0000000084f00000, 0x0000000084f00000| Untracked 
|  80|0x0000000085000000, 0x0000000085000000, 0x0000000085100000|  0%| F|  |TAMS 0x0000000085000000, 0x0000000085000000| Untracked 
|  81|0x0000000085100000, 0x0000000085100000, 0x0000000085200000|  0%| F|  |TAMS 0x0000000085100000, 0x0000000085100000| Untracked 
|  82|0x0000000085200000, 0x0000000085200000, 0x0000000085300000|  0%| F|  |TAMS 0x0000000085200000, 0x0000000085200000| Untracked 
|  83|0x0000000085300000, 0x0000000085300000, 0x0000000085400000|  0%| F|  |TAMS 0x0000000085300000, 0x0000000085300000| Untracked 
|  84|0x0000000085400000, 0x0000000085400000, 0x0000000085500000|  0%| F|  |TAMS 0x0000000085400000, 0x0000000085400000| Untracked 
|  85|0x0000000085500000, 0x0000000085500000, 0x0000000085600000|  0%| F|  |TAMS 0x0000000085500000, 0x0000000085500000| Untracked 
|  86|0x0000000085600000, 0x0000000085600000, 0x0000000085700000|  0%| F|  |TAMS 0x0000000085600000, 0x0000000085600000| Untracked 
|  87|0x0000000085700000, 0x0000000085700000, 0x0000000085800000|  0%| F|  |TAMS 0x0000000085700000, 0x0000000085700000| Untracked 
|  88|0x0000000085800000, 0x0000000085800000, 0x0000000085900000|  0%| F|  |TAMS 0x0000000085800000, 0x0000000085800000| Untracked 
|  89|0x0000000085900000, 0x0000000085900000, 0x0000000085a00000|  0%| F|  |TAMS 0x0000000085900000, 0x0000000085900000| Untracked 
|  90|0x0000000085a00000, 0x0000000085a00000, 0x0000000085b00000|  0%| F|  |TAMS 0x0000000085a00000, 0x0000000085a00000| Untracked 
|  91|0x0000000085b00000, 0x0000000085b00000, 0x0000000085c00000|  0%| F|  |TAMS 0x0000000085b00000, 0x0000000085b00000| Untracked 
|  92|0x0000000085c00000, 0x0000000085c00000, 0x0000000085d00000|  0%| F|  |TAMS 0x0000000085c00000, 0x0000000085c00000| Untracked 
|  93|0x0000000085d00000, 0x0000000085d00000, 0x0000000085e00000|  0%| F|  |TAMS 0x0000000085d00000, 0x0000000085d00000| Untracked 
|  94|0x0000000085e00000, 0x0000000085e00000, 0x0000000085f00000|  0%| F|  |TAMS 0x0000000085e00000, 0x0000000085e00000| Untracked 
|  95|0x0000000085f00000, 0x0000000085f00000, 0x0000000086000000|  0%| F|  |TAMS 0x0000000085f00000, 0x0000000085f00000| Untracked 
|  96|0x0000000086000000, 0x00000000860a4338, 0x0000000086100000| 64%| S|CS|TAMS 0x0000000086000000, 0x0000000086000000| Complete 
|  97|0x0000000086100000, 0x0000000086200000, 0x0000000086200000|100%| S|CS|TAMS 0x0000000086100000, 0x0000000086100000| Complete 
|  98|0x0000000086200000, 0x0000000086300000, 0x0000000086300000|100%| S|CS|TAMS 0x0000000086200000, 0x0000000086200000| Complete 
|  99|0x0000000086300000, 0x0000000086400000, 0x0000000086400000|100%| S|CS|TAMS 0x0000000086300000, 0x0000000086300000| Complete 
| 100|0x0000000086400000, 0x0000000086500000, 0x0000000086500000|100%| S|CS|TAMS 0x0000000086400000, 0x0000000086400000| Complete 
| 101|0x0000000086500000, 0x0000000086600000, 0x0000000086600000|100%| S|CS|TAMS 0x0000000086500000, 0x0000000086500000| Complete 
| 102|0x0000000086600000, 0x0000000086600000, 0x0000000086700000|  0%| F|  |TAMS 0x0000000086600000, 0x0000000086600000| Untracked 
| 103|0x0000000086700000, 0x0000000086700000, 0x0000000086800000|  0%| F|  |TAMS 0x0000000086700000, 0x0000000086700000| Untracked 
| 104|0x0000000086800000, 0x0000000086800000, 0x0000000086900000|  0%| F|  |TAMS 0x0000000086800000, 0x0000000086800000| Untracked 
| 105|0x0000000086900000, 0x0000000086900000, 0x0000000086a00000|  0%| F|  |TAMS 0x0000000086900000, 0x0000000086900000| Untracked 
| 106|0x0000000086a00000, 0x0000000086a00000, 0x0000000086b00000|  0%| F|  |TAMS 0x0000000086a00000, 0x0000000086a00000| Untracked 
| 107|0x0000000086b00000, 0x0000000086b00000, 0x0000000086c00000|  0%| F|  |TAMS 0x0000000086b00000, 0x0000000086b00000| Untracked 
| 108|0x0000000086c00000, 0x0000000086c00000, 0x0000000086d00000|  0%| F|  |TAMS 0x0000000086c00000, 0x0000000086c00000| Untracked 
| 109|0x0000000086d00000, 0x0000000086d00000, 0x0000000086e00000|  0%| F|  |TAMS 0x0000000086d00000, 0x0000000086d00000| Untracked 
| 110|0x0000000086e00000, 0x0000000086e00000, 0x0000000086f00000|  0%| F|  |TAMS 0x0000000086e00000, 0x0000000086e00000| Untracked 
| 111|0x0000000086f00000, 0x0000000086f00000, 0x0000000087000000|  0%| F|  |TAMS 0x0000000086f00000, 0x0000000086f00000| Untracked 
| 112|0x0000000087000000, 0x0000000087000000, 0x0000000087100000|  0%| F|  |TAMS 0x0000000087000000, 0x0000000087000000| Untracked 
| 113|0x0000000087100000, 0x0000000087100000, 0x0000000087200000|  0%| F|  |TAMS 0x0000000087100000, 0x0000000087100000| Untracked 
| 114|0x0000000087200000, 0x0000000087200000, 0x0000000087300000|  0%| F|  |TAMS 0x0000000087200000, 0x0000000087200000| Untracked 
| 115|0x0000000087300000, 0x0000000087300000, 0x0000000087400000|  0%| F|  |TAMS 0x0000000087300000, 0x0000000087300000| Untracked 
| 116|0x0000000087400000, 0x0000000087400000, 0x0000000087500000|  0%| F|  |TAMS 0x0000000087400000, 0x0000000087400000| Untracked 
| 117|0x0000000087500000, 0x0000000087500000, 0x0000000087600000|  0%| F|  |TAMS 0x0000000087500000, 0x0000000087500000| Untracked 
| 118|0x0000000087600000, 0x0000000087600000, 0x0000000087700000|  0%| F|  |TAMS 0x0000000087600000, 0x0000000087600000| Untracked 
| 119|0x0000000087700000, 0x0000000087700000, 0x0000000087800000|  0%| F|  |TAMS 0x0000000087700000, 0x0000000087700000| Untracked 
| 120|0x0000000087800000, 0x0000000087800000, 0x0000000087900000|  0%| F|  |TAMS 0x0000000087800000, 0x0000000087800000| Untracked 
| 121|0x0000000087900000, 0x0000000087900000, 0x0000000087a00000|  0%| F|  |TAMS 0x0000000087900000, 0x0000000087900000| Untracked 
| 122|0x0000000087a00000, 0x0000000087a00000, 0x0000000087b00000|  0%| F|  |TAMS 0x0000000087a00000, 0x0000000087a00000| Untracked 
| 123|0x0000000087b00000, 0x0000000087b00000, 0x0000000087c00000|  0%| F|  |TAMS 0x0000000087b00000, 0x0000000087b00000| Untracked 
| 124|0x0000000087c00000, 0x0000000087c00000, 0x0000000087d00000|  0%| F|  |TAMS 0x0000000087c00000, 0x0000000087c00000| Untracked 
| 125|0x0000000087d00000, 0x0000000087d00000, 0x0000000087e00000|  0%| F|  |TAMS 0x0000000087d00000, 0x0000000087d00000| Untracked 
| 126|0x0000000087e00000, 0x0000000087e00000, 0x0000000087f00000|  0%| F|  |TAMS 0x0000000087e00000, 0x0000000087e00000| Untracked 
| 127|0x0000000087f00000, 0x0000000087f00000, 0x0000000088000000|  0%| F|  |TAMS 0x0000000087f00000, 0x0000000087f00000| Untracked 
| 128|0x0000000088000000, 0x0000000088000000, 0x0000000088100000|  0%| F|  |TAMS 0x0000000088000000, 0x0000000088000000| Untracked 
| 129|0x0000000088100000, 0x0000000088100000, 0x0000000088200000|  0%| F|  |TAMS 0x0000000088100000, 0x0000000088100000| Untracked 
| 130|0x0000000088200000, 0x0000000088200000, 0x0000000088300000|  0%| F|  |TAMS 0x0000000088200000, 0x0000000088200000| Untracked 
| 131|0x0000000088300000, 0x0000000088300000, 0x0000000088400000|  0%| F|  |TAMS 0x0000000088300000, 0x0000000088300000| Untracked 
| 132|0x0000000088400000, 0x0000000088400000, 0x0000000088500000|  0%| F|  |TAMS 0x0000000088400000, 0x0000000088400000| Untracked 
| 133|0x0000000088500000, 0x0000000088500000, 0x0000000088600000|  0%| F|  |TAMS 0x0000000088500000, 0x0000000088500000| Untracked 
| 134|0x0000000088600000, 0x0000000088600000, 0x0000000088700000|  0%| F|  |TAMS 0x0000000088600000, 0x0000000088600000| Untracked 
| 135|0x0000000088700000, 0x0000000088700000, 0x0000000088800000|  0%| F|  |TAMS 0x0000000088700000, 0x0000000088700000| Untracked 
| 136|0x0000000088800000, 0x0000000088800000, 0x0000000088900000|  0%| F|  |TAMS 0x0000000088800000, 0x0000000088800000| Untracked 
| 137|0x0000000088900000, 0x0000000088900000, 0x0000000088a00000|  0%| F|  |TAMS 0x0000000088900000, 0x0000000088900000| Untracked 
| 138|0x0000000088a00000, 0x0000000088a00000, 0x0000000088b00000|  0%| F|  |TAMS 0x0000000088a00000, 0x0000000088a00000| Untracked 
| 139|0x0000000088b00000, 0x0000000088b00000, 0x0000000088c00000|  0%| F|  |TAMS 0x0000000088b00000, 0x0000000088b00000| Untracked 
| 140|0x0000000088c00000, 0x0000000088c00000, 0x0000000088d00000|  0%| F|  |TAMS 0x0000000088c00000, 0x0000000088c00000| Untracked 
| 141|0x0000000088d00000, 0x0000000088d00000, 0x0000000088e00000|  0%| F|  |TAMS 0x0000000088d00000, 0x0000000088d00000| Untracked 
| 142|0x0000000088e00000, 0x0000000088e00000, 0x0000000088f00000|  0%| F|  |TAMS 0x0000000088e00000, 0x0000000088e00000| Untracked 
| 143|0x0000000088f00000, 0x0000000088f00000, 0x0000000089000000|  0%| F|  |TAMS 0x0000000088f00000, 0x0000000088f00000| Untracked 
| 144|0x0000000089000000, 0x0000000089000000, 0x0000000089100000|  0%| F|  |TAMS 0x0000000089000000, 0x0000000089000000| Untracked 
| 145|0x0000000089100000, 0x0000000089100000, 0x0000000089200000|  0%| F|  |TAMS 0x0000000089100000, 0x0000000089100000| Untracked 
| 146|0x0000000089200000, 0x0000000089200000, 0x0000000089300000|  0%| F|  |TAMS 0x0000000089200000, 0x0000000089200000| Untracked 
| 147|0x0000000089300000, 0x0000000089300000, 0x0000000089400000|  0%| F|  |TAMS 0x0000000089300000, 0x0000000089300000| Untracked 
| 148|0x0000000089400000, 0x0000000089400000, 0x0000000089500000|  0%| F|  |TAMS 0x0000000089400000, 0x0000000089400000| Untracked 
| 149|0x0000000089500000, 0x0000000089500000, 0x0000000089600000|  0%| F|  |TAMS 0x0000000089500000, 0x0000000089500000| Untracked 
| 150|0x0000000089600000, 0x0000000089600000, 0x0000000089700000|  0%| F|  |TAMS 0x0000000089600000, 0x0000000089600000| Untracked 
| 151|0x0000000089700000, 0x0000000089700000, 0x0000000089800000|  0%| F|  |TAMS 0x0000000089700000, 0x0000000089700000| Untracked 
| 152|0x0000000089800000, 0x0000000089800000, 0x0000000089900000|  0%| F|  |TAMS 0x0000000089800000, 0x0000000089800000| Untracked 
| 153|0x0000000089900000, 0x0000000089900000, 0x0000000089a00000|  0%| F|  |TAMS 0x0000000089900000, 0x0000000089900000| Untracked 

Card table byte_map: [0x000001e119f10000,0x000001e11a310000] _byte_map_base: 0x000001e119b10000

Marking Bits (Prev, Next): (CMBitMap*) 0x000001e105251b08, (CMBitMap*) 0x000001e105251b40
 Prev Bits: [0x000001e11a710000, 0x000001e11c710000)
 Next Bits: [0x000001e11c710000, 0x000001e11e710000)

Polling page: 0x000001e1050a0000

Metaspace:

Usage:
  Non-class:     36.36 MB capacity,    35.64 MB ( 98%) used,   633.29 KB (  2%) free+waste,   107.75 KB ( <1%) overhead. 
      Class:      5.55 MB capacity,     5.15 MB ( 93%) used,   353.80 KB (  6%) free+waste,    52.06 KB ( <1%) overhead. 
       Both:     41.91 MB capacity,    40.79 MB ( 97%) used,   987.09 KB (  2%) free+waste,   159.81 KB ( <1%) overhead. 

Virtual space:
  Non-class space:       38.00 MB reserved,      36.42 MB ( 96%) committed 
      Class space:        1.00 GB reserved,       5.57 MB ( <1%) committed 
             Both:        1.04 GB reserved,      42.00 MB (  4%) committed 

Chunk freelists:
   Non-Class:  1.00 KB
       Class:  0 bytes
        Both:  1.00 KB

MaxMetaspaceSize: 17179869184.00 GB
CompressedClassSpaceSize: 1.00 GB
Initial GC threshold: 20.80 MB
Current GC threshold: 58.54 MB
CDS: off

CodeHeap 'non-profiled nmethods': size=120064Kb used=1946Kb max_used=1946Kb free=118117Kb
 bounds [0x000001e111fb0000, 0x000001e112220000, 0x000001e1194f0000]
CodeHeap 'profiled nmethods': size=120000Kb used=7865Kb max_used=7865Kb free=112134Kb
 bounds [0x000001e10aa80000, 0x000001e10b230000, 0x000001e111fb0000]
CodeHeap 'non-nmethods': size=5696Kb used=2279Kb max_used=2285Kb free=3416Kb
 bounds [0x000001e10a4f0000, 0x000001e10a760000, 0x000001e10aa80000]
 total_blobs=4482 nmethods=3705 adapters=689
 compilation: enabled
              stopped_count=0, restarted_count=0
 full_count=0

Compilation events (20 events):
Event: 7.786 Thread 0x000001e120d7b800 nmethod 3717 0x000001e10b227e10 code [0x000001e10b227fe0, 0x000001e10b228238]
Event: 7.786 Thread 0x000001e120d7b800 3718       3       org.gradle.internal.instantiation.generator.AbstractClassGenerator$PropertyMetadata$$Lambda$134/0x00000001002cb040::<init> (10 bytes)
Event: 7.786 Thread 0x000001e120d7b800 nmethod 3718 0x000001e10b228310 code [0x000001e10b2284c0, 0x000001e10b228678]
Event: 7.786 Thread 0x000001e120d7b800 3719       3       java.util.stream.ReferencePipeline::noneMatch (18 bytes)
Event: 7.787 Thread 0x000001e120d7b800 nmethod 3719 0x000001e10b228710 code [0x000001e10b228980, 0x000001e10b2294d8]
Event: 7.787 Thread 0x000001e120d7b800 3721       3       org.codehaus.groovy.reflection.CachedClass::addSubclassExpandos (138 bytes)
Event: 7.788 Thread 0x000001e120d7b800 nmethod 3721 0x000001e10b229890 code [0x000001e10b229b40, 0x000001e10b22aa78]
Event: 7.788 Thread 0x000001e120d7b800 3720       1       org.gradle.internal.instantiation.generator.AbstractClassGenerator$PropertyMetadata::getOverridableSetters (5 bytes)
Event: 7.788 Thread 0x000001e120d7b800 nmethod 3720 0x000001e112196590 code [0x000001e112196740, 0x000001e1121967f8]
Event: 7.788 Thread 0x000001e120d7b800 3722       3       java.io.DataOutputStream::writeLong (118 bytes)
Event: 7.789 Thread 0x000001e120d7b800 nmethod 3722 0x000001e10b22ae90 code [0x000001e10b22b060, 0x000001e10b22b468]
Event: 7.789 Thread 0x000001e120d7b800 3723       3       com.google.common.io.CountingOutputStream::write (22 bytes)
Event: 7.789 Thread 0x000001e120d7b800 nmethod 3723 0x000001e10b22b690 code [0x000001e10b22b840, 0x000001e10b22ba28]
Event: 7.791 Thread 0x000001e120d7b800 3724       3       org.codehaus.groovy.reflection.CachedClass::getMethods (11 bytes)
Event: 7.791 Thread 0x000001e120d7b800 nmethod 3724 0x000001e10b22bb10 code [0x000001e10b22bce0, 0x000001e10b22bf88]
Event: 7.791 Thread 0x000001e120d7b800 3725       3       java.beans.PropertyDescriptor::getPropertyType0 (22 bytes)
Event: 7.791 Thread 0x000001e120d7b800 nmethod 3725 0x000001e10b22c090 code [0x000001e10b22c260, 0x000001e10b22c568]
Event: 7.791 Thread 0x000001e120d7b800 3726       3       groovy.lang.MetaClassImpl::establishStaticMetaProperty (262 bytes)
Event: 7.793 Thread 0x000001e120d7b800 nmethod 3726 0x000001e10b22c690 code [0x000001e10b22c980, 0x000001e10b22e198]
Event: 7.794 Thread 0x000001e120d7b800 3727       3       org.codehaus.groovy.util.FastArray::get (7 bytes)

GC Heap History (17 events):
Event: 0.604 GC heap before
{Heap before GC invocations=0 (full 0):
 garbage-first heap   total 131072K, used 16384K [0x0000000080000000, 0x0000000100000000)
  region size 1024K, 14 young (14336K), 0 survivors (0K)
 Metaspace       used 6738K, capacity 6925K, committed 7168K, reserved 1056768K
  class space    used 573K, capacity 650K, committed 768K, reserved 1048576K
}
Event: 0.608 GC heap after
{Heap after GC invocations=1 (full 0):
 garbage-first heap   total 131072K, used 4354K [0x0000000080000000, 0x0000000100000000)
  region size 1024K, 2 young (2048K), 2 survivors (2048K)
 Metaspace       used 6738K, capacity 6925K, committed 7168K, reserved 1056768K
  class space    used 573K, capacity 650K, committed 768K, reserved 1048576K
}
Event: 1.015 GC heap before
{Heap before GC invocations=1 (full 0):
 garbage-first heap   total 131072K, used 19714K [0x0000000080000000, 0x0000000100000000)
  region size 1024K, 14 young (14336K), 2 survivors (2048K)
 Metaspace       used 9882K, capacity 10118K, committed 10368K, reserved 1058816K
  class space    used 1011K, capacity 1102K, committed 1152K, reserved 1048576K
}
Event: 1.020 GC heap after
{Heap after GC invocations=2 (full 0):
 garbage-first heap   total 131072K, used 9587K [0x0000000080000000, 0x0000000100000000)
  region size 1024K, 2 young (2048K), 2 survivors (2048K)
 Metaspace       used 9882K, capacity 10118K, committed 10368K, reserved 1058816K
  class space    used 1011K, capacity 1102K, committed 1152K, reserved 1048576K
}
Event: 1.653 GC heap before
{Heap before GC invocations=2 (full 0):
 garbage-first heap   total 131072K, used 47475K [0x0000000080000000, 0x0000000100000000)
  region size 1024K, 39 young (39936K), 2 survivors (2048K)
 Metaspace       used 10915K, capacity 11137K, committed 11264K, reserved 1058816K
  class space    used 1114K, capacity 1207K, committed 1280K, reserved 1048576K
}
Event: 1.659 GC heap after
{Heap after GC invocations=3 (full 0):
 garbage-first heap   total 131072K, used 13598K [0x0000000080000000, 0x0000000100000000)
  region size 1024K, 5 young (5120K), 5 survivors (5120K)
 Metaspace       used 10915K, capacity 11137K, committed 11264K, reserved 1058816K
  class space    used 1114K, capacity 1207K, committed 1280K, reserved 1048576K
}
Event: 4.289 GC heap before
{Heap before GC invocations=3 (full 0):
 garbage-first heap   total 131072K, used 63774K [0x0000000080000000, 0x0000000100000000)
  region size 1024K, 54 young (55296K), 5 survivors (5120K)
 Metaspace       used 19709K, capacity 20173K, committed 20480K, reserved 1067008K
  class space    used 2320K, capacity 2466K, committed 2560K, reserved 1048576K
}
Event: 4.298 GC heap after
{Heap after GC invocations=4 (full 0):
 garbage-first heap   total 131072K, used 16901K [0x0000000080000000, 0x0000000100000000)
  region size 1024K, 7 young (7168K), 7 survivors (7168K)
 Metaspace       used 19709K, capacity 20173K, committed 20480K, reserved 1067008K
  class space    used 2320K, capacity 2466K, committed 2560K, reserved 1048576K
}
Event: 4.433 GC heap before
{Heap before GC invocations=4 (full 0):
 garbage-first heap   total 131072K, used 29189K [0x0000000080000000, 0x0000000100000000)
  region size 1024K, 21 young (21504K), 7 survivors (7168K)
 Metaspace       used 20802K, capacity 21218K, committed 21296K, reserved 1069056K
  class space    used 2509K, capacity 2665K, committed 2688K, reserved 1048576K
}
Event: 4.443 GC heap after
{Heap after GC invocations=5 (full 0):
 garbage-first heap   total 157696K, used 17637K [0x0000000080000000, 0x0000000100000000)
  region size 1024K, 4 young (4096K), 4 survivors (4096K)
 Metaspace       used 20802K, capacity 21218K, committed 21296K, reserved 1069056K
  class space    used 2509K, capacity 2665K, committed 2688K, reserved 1048576K
}
Event: 5.610 GC heap before
{Heap before GC invocations=6 (full 0):
 garbage-first heap   total 157696K, used 86245K [0x0000000080000000, 0x0000000100000000)
  region size 1024K, 66 young (67584K), 4 survivors (4096K)
 Metaspace       used 27413K, capacity 28207K, committed 28464K, reserved 1073152K
  class space    used 3590K, capacity 3900K, committed 3968K, reserved 1048576K
}
Event: 5.621 GC heap after
{Heap after GC invocations=7 (full 0):
 garbage-first heap   total 157696K, used 25932K [0x0000000080000000, 0x0000000100000000)
  region size 1024K, 7 young (7168K), 7 survivors (7168K)
 Metaspace       used 27413K, capacity 28207K, committed 28464K, reserved 1073152K
  class space    used 3590K, capacity 3900K, committed 3968K, reserved 1048576K
}
Event: 6.652 GC heap before
{Heap before GC invocations=7 (full 0):
 garbage-first heap   total 157696K, used 109900K [0x0000000080000000, 0x0000000100000000)
  region size 1024K, 76 young (77824K), 7 survivors (7168K)
 Metaspace       used 33567K, capacity 34575K, committed 34864K, reserved 1079296K
  class space    used 4524K, capacity 4910K, committed 4992K, reserved 1048576K
}
Event: 6.665 GC heap after
{Heap after GC invocations=8 (full 0):
 garbage-first heap   total 157696K, used 46437K [0x0000000080000000, 0x0000000100000000)
  region size 1024K, 10 young (10240K), 10 survivors (10240K)
 Metaspace       used 33567K, capacity 34575K, committed 34864K, reserved 1079296K
  class space    used 4524K, capacity 4910K, committed 4992K, reserved 1048576K
}
Event: 6.776 GC heap before
{Heap before GC invocations=8 (full 0):
 garbage-first heap   total 157696K, used 50533K [0x0000000080000000, 0x0000000100000000)
  region size 1024K, 15 young (15360K), 10 survivors (10240K)
 Metaspace       used 34583K, capacity 35609K, committed 35708K, reserved 1079296K
  class space    used 4647K, capacity 5022K, committed 5068K, reserved 1048576K
}
Event: 6.794 GC heap after
{Heap after GC invocations=9 (full 0):
 garbage-first heap   total 157696K, used 48178K [0x0000000080000000, 0x0000000100000000)
  region size 1024K, 2 young (2048K), 2 survivors (2048K)
 Metaspace       used 34583K, capacity 35609K, committed 35708K, reserved 1079296K
  class space    used 4647K, capacity 5022K, committed 5068K, reserved 1048576K
}
Event: 7.795 GC heap before
{Heap before GC invocations=10 (full 0):
 garbage-first heap   total 157696K, used 101426K [0x0000000080000000, 0x0000000100000000)
  region size 1024K, 52 young (53248K), 2 survivors (2048K)
 Metaspace       used 41770K, capacity 42917K, committed 43004K, reserved 1087488K
  class space    used 5276K, capacity 5682K, committed 5708K, reserved 1048576K
}

Deoptimization events (20 events):
Event: 7.662 Thread 0x000001e12326e800 Uncommon trap: trap_request=0xffffffde fr.pc=0x000001e112172c4c relative=0x000000000000044c
Event: 7.662 Thread 0x000001e12326e800 Uncommon trap: reason=class_check action=maybe_recompile pc=0x000001e112172c4c method=java.util.regex.Pattern$Start.match(Ljava/util/regex/Matcher;ILjava/lang/CharSequence;)Z @ 44 c2
Event: 7.662 Thread 0x000001e12326e800 DEOPT PACKING pc=0x000001e112172c4c sp=0x000000bf069f6fc0
Event: 7.662 Thread 0x000001e12326e800 DEOPT UNPACKING pc=0x000001e10a53a1af sp=0x000000bf069f6f00 mode 2
Event: 7.662 Thread 0x000001e12326e800 Uncommon trap: trap_request=0xffffffde fr.pc=0x000001e1121737d0 relative=0x00000000000002f0
Event: 7.662 Thread 0x000001e12326e800 Uncommon trap: reason=class_check action=maybe_recompile pc=0x000001e1121737d0 method=java.util.regex.Pattern$Start.match(Ljava/util/regex/Matcher;ILjava/lang/CharSequence;)Z @ 44 c2
Event: 7.662 Thread 0x000001e12326e800 DEOPT PACKING pc=0x000001e1121737d0 sp=0x000000bf069f6f40
Event: 7.662 Thread 0x000001e12326e800 DEOPT UNPACKING pc=0x000001e10a53a1af sp=0x000000bf069f6f00 mode 2
Event: 7.759 Thread 0x000001e12411d000 Uncommon trap: trap_request=0xffffff4d fr.pc=0x000001e1120fd760 relative=0x00000000000004a0
Event: 7.759 Thread 0x000001e12411d000 Uncommon trap: reason=unstable_if action=reinterpret pc=0x000001e1120fd760 method=java.lang.StringLatin1.regionMatchesCI([BI[BII)Z @ 66 c2
Event: 7.759 Thread 0x000001e12411d000 DEOPT PACKING pc=0x000001e1120fd760 sp=0x000000bf074fe460
Event: 7.759 Thread 0x000001e12411d000 DEOPT UNPACKING pc=0x000001e10a53a1af sp=0x000000bf074fe2d8 mode 2
Event: 7.759 Thread 0x000001e12411d000 Uncommon trap: trap_request=0xffffff4d fr.pc=0x000001e11209e63c relative=0x00000000000005dc
Event: 7.759 Thread 0x000001e12411d000 Uncommon trap: reason=unstable_if action=reinterpret pc=0x000001e11209e63c method=java.lang.StringLatin1.regionMatchesCI([BI[BII)Z @ 66 c2
Event: 7.759 Thread 0x000001e12411d000 DEOPT PACKING pc=0x000001e11209e63c sp=0x000000bf074fe450
Event: 7.759 Thread 0x000001e12411d000 DEOPT UNPACKING pc=0x000001e10a53a1af sp=0x000000bf074fe350 mode 2
Event: 7.766 Thread 0x000001e12411d000 Uncommon trap: trap_request=0xffffff4d fr.pc=0x000001e11209d664 relative=0x0000000000000424
Event: 7.766 Thread 0x000001e12411d000 Uncommon trap: reason=unstable_if action=reinterpret pc=0x000001e11209d664 method=java.lang.StringLatin1.regionMatchesCI([BI[BII)Z @ 66 c2
Event: 7.766 Thread 0x000001e12411d000 DEOPT PACKING pc=0x000001e11209d664 sp=0x000000bf074fe350
Event: 7.766 Thread 0x000001e12411d000 DEOPT UNPACKING pc=0x000001e10a53a1af sp=0x000000bf074fe2e0 mode 2

Classes redefined (0 events):
No events

Internal exceptions (20 events):
Event: 7.504 Thread 0x000001e12326e800 Exception <a 'java/lang/ClassNotFoundException'{0x00000000871d85e8}: org/gradle/groovy/scripts/DefaultScriptCustomizer> (0x00000000871d85e8) thrown at [./src/hotspot/share/classfile/systemDictionary.cpp, line 231]
Event: 7.507 Thread 0x000001e12326e800 Exception <a 'java/lang/ClassNotFoundException'{0x0000000087009700}: org/gradle/initialization/InitScriptCustomizer> (0x0000000087009700) thrown at [./src/hotspot/share/classfile/systemDictionary.cpp, line 231]
Event: 7.508 Thread 0x000001e12326e800 Exception <a 'java/lang/ClassNotFoundException'{0x000000008701e358}: ijmapper_db4f0p3asiwjc4u8l71dx2vefCustomizer> (0x000000008701e358) thrown at [./src/hotspot/share/classfile/systemDictionary.cpp, line 231]
Event: 7.527 Thread 0x000001e12326e800 Exception <a 'java/lang/ClassNotFoundException'{0x0000000086f0aed8}: org/gradle/internal/extensibility/DefaultExtraPropertiesExtensionBeanInfo> (0x0000000086f0aed8) thrown at [./src/hotspot/share/classfile/systemDictionary.cpp, line 231]
Event: 7.528 Thread 0x000001e12326e800 Exception <a 'java/lang/ClassNotFoundException'{0x0000000086f264e8}: org/gradle/internal/extensibility/DefaultExtraPropertiesExtensionCustomizer> (0x0000000086f264e8) thrown at [./src/hotspot/share/classfile/systemDictionary.cpp, line 231]
Event: 7.562 Thread 0x000001e12326e800 Exception <a 'java/lang/ClassNotFoundException'{0x0000000086d13308}: org/gradle/invocation/DefaultGradle_DecoratedBeanInfo> (0x0000000086d13308) thrown at [./src/hotspot/share/classfile/systemDictionary.cpp, line 231]
Event: 7.563 Thread 0x000001e12326e800 Exception <a 'java/lang/ClassNotFoundException'{0x0000000086d37cb0}: org/gradle/invocation/DefaultGradleBeanInfo> (0x0000000086d37cb0) thrown at [./src/hotspot/share/classfile/systemDictionary.cpp, line 231]
Event: 7.564 Thread 0x000001e12326e800 Exception <a 'java/lang/ClassNotFoundException'{0x0000000086d609b0}: org/gradle/api/internal/project/AbstractPluginAwareBeanInfo> (0x0000000086d609b0) thrown at [./src/hotspot/share/classfile/systemDictionary.cpp, line 231]
Event: 7.565 Thread 0x000001e12326e800 Exception <a 'java/lang/ClassNotFoundException'{0x0000000086d899d8}: org/gradle/api/internal/project/AbstractPluginAwareCustomizer> (0x0000000086d899d8) thrown at [./src/hotspot/share/classfile/systemDictionary.cpp, line 231]
Event: 7.567 Thread 0x000001e12326e800 Exception <a 'java/lang/ClassNotFoundException'{0x0000000086db4668}: org/gradle/invocation/DefaultGradleCustomizer> (0x0000000086db4668) thrown at [./src/hotspot/share/classfile/systemDictionary.cpp, line 231]
Event: 7.571 Thread 0x000001e12326e800 Exception <a 'java/lang/ClassNotFoundException'{0x0000000086c0d3d0}: org/gradle/invocation/DefaultGradle_DecoratedCustomizer> (0x0000000086c0d3d0) thrown at [./src/hotspot/share/classfile/systemDictionary.cpp, line 231]
Event: 7.658 Thread 0x000001e12326e800 Exception <a 'java/lang/ClassNotFoundException'{0x00000000869b28f0}: groovy/lang/Closure$1BeanInfo> (0x00000000869b28f0) thrown at [./src/hotspot/share/classfile/systemDictionary.cpp, line 231]
Event: 7.659 Thread 0x000001e12326e800 Exception <a 'java/lang/ClassNotFoundException'{0x00000000869e7288}: groovy/lang/ClosureBeanInfo> (0x00000000869e7288) thrown at [./src/hotspot/share/classfile/systemDictionary.cpp, line 231]
Event: 7.660 Thread 0x000001e12326e800 Exception <a 'java/lang/ClassNotFoundException'{0x000000008681c450}: groovy/lang/ClosureCustomizer> (0x000000008681c450) thrown at [./src/hotspot/share/classfile/systemDictionary.cpp, line 231]
Event: 7.664 Thread 0x000001e12326e800 Exception <a 'java/lang/ClassNotFoundException'{0x0000000086872a30}: groovy/lang/Closure$1Customizer> (0x0000000086872a30) thrown at [./src/hotspot/share/classfile/systemDictionary.cpp, line 231]
Event: 7.720 Thread 0x000001e12411d000 Exception <a 'sun/nio/fs/WindowsException'{0x0000000086791530}> (0x0000000086791530) thrown at [./src/hotspot/share/prims/jni.cpp, line 616]
Event: 7.777 Thread 0x000001e12411d000 Exception <a 'sun/nio/fs/WindowsException'{0x0000000086684fb8}> (0x0000000086684fb8) thrown at [./src/hotspot/share/prims/jni.cpp, line 616]
Event: 7.779 Thread 0x000001e12411d000 Exception <a 'sun/nio/fs/WindowsException'{0x00000000866851b8}> (0x00000000866851b8) thrown at [./src/hotspot/share/prims/jni.cpp, line 616]
Event: 7.789 Thread 0x000001e12326e800 Exception <a 'java/lang/ClassNotFoundException'{0x00000000866c9328}: sync_studio_tooling7707_1djqba64vcnwybo2ddoevhga3BeanInfo> (0x00000000866c9328) thrown at [./src/hotspot/share/classfile/systemDictionary.cpp, line 231]
Event: 7.790 Thread 0x000001e12326e800 Exception <a 'java/lang/ClassNotFoundException'{0x00000000866d6f70}: sync_studio_tooling7707_1djqba64vcnwybo2ddoevhga3Customizer> (0x00000000866d6f70) thrown at [./src/hotspot/share/classfile/systemDictionary.cpp, line 231]

Events (20 events):
Event: 7.782 loading class com/google/common/cache/RemovalCause$5 done
Event: 7.783 loading class groovy/lang/GroovyObject
Event: 7.783 loading class groovy/lang/GroovyObject done
Event: 7.785 loading class groovy/lang/ExpandoMetaClassCreationHandle
Event: 7.785 loading class groovy/lang/ExpandoMetaClassCreationHandle done
Event: 7.786 loading class groovy/runtime/metaclass/sync_studio_tooling7707_1djqba64vcnwybo2ddoevhga3MetaClass
Event: 7.786 loading class groovy/runtime/metaclass/sync_studio_tooling7707_1djqba64vcnwybo2ddoevhga3MetaClass done
Event: 7.789 loading class sync_studio_tooling7707_1djqba64vcnwybo2ddoevhga3BeanInfo
Event: 7.789 loading class sync_studio_tooling7707_1djqba64vcnwybo2ddoevhga3BeanInfo done
Event: 7.789 loading class sync_studio_tooling7707_1djqba64vcnwybo2ddoevhga3BeanInfo
Event: 7.789 loading class sync_studio_tooling7707_1djqba64vcnwybo2ddoevhga3BeanInfo done
Event: 7.789 loading class sync_studio_tooling7707_1djqba64vcnwybo2ddoevhga3Customizer
Event: 7.789 loading class sync_studio_tooling7707_1djqba64vcnwybo2ddoevhga3Customizer done
Event: 7.790 loading class sync_studio_tooling7707_1djqba64vcnwybo2ddoevhga3Customizer
Event: 7.790 loading class sync_studio_tooling7707_1djqba64vcnwybo2ddoevhga3Customizer done
Event: 7.794 loading class groovy/runtime/metaclass/sync_studio_tooling7707_1djqba64vcnwybo2ddoevhga3$_run_closure1MetaClass
Event: 7.794 loading class groovy/runtime/metaclass/sync_studio_tooling7707_1djqba64vcnwybo2ddoevhga3$_run_closure1MetaClass done
Event: 7.794 loading class org/codehaus/groovy/runtime/metaclass/ClosureMetaClass$StandardClosureChooser
Event: 7.794 loading class org/codehaus/groovy/runtime/metaclass/ClosureMetaClass$StandardClosureChooser done
Event: 7.795 Executing VM operation: G1CollectForAllocation


Dynamic libraries:
0x00007ff6b47b0000 - 0x00007ff6b47ba000 	C:\Program Files\Android\Android Studio\jre\bin\java.exe
0x00007fff94370000 - 0x00007fff94568000 	C:\Windows\SYSTEM32\ntdll.dll
0x00007fff92fd0000 - 0x00007fff9308f000 	C:\Windows\System32\KERNEL32.DLL
0x00007fff92040000 - 0x00007fff92336000 	C:\Windows\System32\KERNELBASE.dll
0x00007fff91e70000 - 0x00007fff91f70000 	C:\Windows\System32\ucrtbase.dll
0x00007fff8d250000 - 0x00007fff8d269000 	C:\Program Files\Android\Android Studio\jre\bin\jli.dll
0x00007fff84430000 - 0x00007fff84447000 	C:\Program Files\Android\Android Studio\jre\bin\VCRUNTIME140.dll
0x00007fff933b0000 - 0x00007fff9354d000 	C:\Windows\System32\USER32.dll
0x00007fff91c90000 - 0x00007fff91cb2000 	C:\Windows\System32\win32u.dll
0x00007fff93720000 - 0x00007fff9374c000 	C:\Windows\System32\GDI32.dll
0x00007fff91b00000 - 0x00007fff91c15000 	C:\Windows\System32\gdi32full.dll
0x00007fff7ea10000 - 0x00007fff7ecaa000 	C:\Windows\WinSxS\amd64_microsoft.windows.common-controls_6595b64144ccf1df_6.0.19041.1110_none_60b5254171f9507e\COMCTL32.dll
0x00007fff91fa0000 - 0x00007fff9203d000 	C:\Windows\System32\msvcp_win.dll
0x00007fff92b70000 - 0x00007fff92c0e000 	C:\Windows\System32\msvcrt.dll
0x00007fff92620000 - 0x00007fff92650000 	C:\Windows\System32\IMM32.DLL
0x00007fff60990000 - 0x00007fff60a2d000 	C:\Program Files\Android\Android Studio\jre\bin\msvcp140.dll
0x00007fff4c860000 - 0x00007fff4d362000 	C:\Program Files\Android\Android Studio\jre\bin\server\jvm.dll
0x00007fff92ac0000 - 0x00007fff92b6f000 	C:\Windows\System32\ADVAPI32.dll
0x00007fff94290000 - 0x00007fff9432c000 	C:\Windows\System32\sechost.dll
0x00007fff93570000 - 0x00007fff93696000 	C:\Windows\System32\RPCRT4.dll
0x00007fff925b0000 - 0x00007fff925b8000 	C:\Windows\System32\PSAPI.DLL
0x00007fff8b4a0000 - 0x00007fff8b4a9000 	C:\Windows\SYSTEM32\WSOCK32.dll
0x00007fff7d490000 - 0x00007fff7d4b7000 	C:\Windows\SYSTEM32\WINMM.dll
0x00007fff93140000 - 0x00007fff931ab000 	C:\Windows\System32\WS2_32.dll
0x00007fff7f2e0000 - 0x00007fff7f2ea000 	C:\Windows\SYSTEM32\VERSION.dll
0x00007fff8f8f0000 - 0x00007fff8f902000 	C:\Windows\SYSTEM32\kernel.appcore.dll
0x00007fff8b480000 - 0x00007fff8b491000 	C:\Program Files\Android\Android Studio\jre\bin\verify.dll
0x00007fff7e630000 - 0x00007fff7e814000 	C:\Windows\SYSTEM32\DBGHELP.DLL
0x00007fff7e5f0000 - 0x00007fff7e624000 	C:\Windows\SYSTEM32\dbgcore.DLL
0x00007fff92340000 - 0x00007fff923c2000 	C:\Windows\System32\bcryptPrimitives.dll
0x00007fff8b450000 - 0x00007fff8b479000 	C:\Program Files\Android\Android Studio\jre\bin\java.dll
0x00007fff8b440000 - 0x00007fff8b44b000 	C:\Program Files\Android\Android Studio\jre\bin\jimage.dll
0x00007fff8b420000 - 0x00007fff8b438000 	C:\Program Files\Android\Android Studio\jre\bin\zip.dll
0x00007fff93ae0000 - 0x00007fff94224000 	C:\Windows\System32\SHELL32.dll
0x00007fff8faf0000 - 0x00007fff90283000 	C:\Windows\SYSTEM32\windows.storage.dll
0x00007fff92c10000 - 0x00007fff92f64000 	C:\Windows\System32\combase.dll
0x00007fff91490000 - 0x00007fff914be000 	C:\Windows\SYSTEM32\Wldp.dll
0x00007fff923d0000 - 0x00007fff9247d000 	C:\Windows\System32\SHCORE.dll
0x00007fff925c0000 - 0x00007fff92615000 	C:\Windows\System32\shlwapi.dll
0x00007fff91980000 - 0x00007fff919a5000 	C:\Windows\SYSTEM32\profapi.dll
0x00007fff8b400000 - 0x00007fff8b41a000 	C:\Program Files\Android\Android Studio\jre\bin\net.dll
0x00007fff864c0000 - 0x00007fff865ca000 	C:\Windows\SYSTEM32\WINHTTP.dll
0x00007fff911f0000 - 0x00007fff9125a000 	C:\Windows\system32\mswsock.dll
0x00007fff8b3e0000 - 0x00007fff8b3f4000 	C:\Program Files\Android\Android Studio\jre\bin\nio.dll
0x00007fff843d0000 - 0x00007fff843f7000 	C:\Users\hp\.gradle\native\e1d6ef7f7dcc3fd88c89a11ec53ec762bb8ba0a96d01ffa2cd45eb1d1d8dd5c5\windows-amd64\native-platform.dll
0x00007fff60530000 - 0x00007fff60674000 	C:\Users\hp\.gradle\native\0d407fdbe67a94daf76414ababcb853783967236a71b16ec16e742cd7a986fd3\windows-amd64\native-platform-file-events.dll
0x00007fff8b3d0000 - 0x00007fff8b3da000 	C:\Program Files\Android\Android Studio\jre\bin\management.dll
0x00007fff8b3c0000 - 0x00007fff8b3cd000 	C:\Program Files\Android\Android Studio\jre\bin\management_ext.dll
0x00007fff913e0000 - 0x00007fff913f8000 	C:\Windows\SYSTEM32\CRYPTSP.dll
0x00007fff90a90000 - 0x00007fff90ac4000 	C:\Windows\system32\rsaenh.dll
0x00007fff91f70000 - 0x00007fff91f97000 	C:\Windows\System32\bcrypt.dll
0x00007fff91900000 - 0x00007fff9192e000 	C:\Windows\SYSTEM32\USERENV.dll
0x00007fff91400000 - 0x00007fff9140c000 	C:\Windows\SYSTEM32\CRYPTBASE.dll
0x00007fff90e90000 - 0x00007fff90ecb000 	C:\Windows\SYSTEM32\IPHLPAPI.DLL
0x00007fff93130000 - 0x00007fff93138000 	C:\Windows\System32\NSI.dll
0x00007fff88230000 - 0x00007fff88247000 	C:\Windows\SYSTEM32\dhcpcsvc6.DLL
0x00007fff881d0000 - 0x00007fff881ed000 	C:\Windows\SYSTEM32\dhcpcsvc.DLL
0x00007fff90ee0000 - 0x00007fff90faa000 	C:\Windows\SYSTEM32\DNSAPI.dll

dbghelp: loaded successfully - version: 4.0.5 - missing functions: none
symbol engine: initialized successfully - sym options: 0x614 - pdb path: .;C:\Program Files\Android\Android Studio\jre\bin;C:\Windows\SYSTEM32;C:\Windows\WinSxS\amd64_microsoft.windows.common-controls_6595b64144ccf1df_6.0.19041.1110_none_60b5254171f9507e;C:\Program Files\Android\Android Studio\jre\bin\server;C:\Users\hp\.gradle\native\e1d6ef7f7dcc3fd88c89a11ec53ec762bb8ba0a96d01ffa2cd45eb1d1d8dd5c5\windows-amd64;C:\Users\hp\.gradle\native\0d407fdbe67a94daf76414ababcb853783967236a71b16ec16e742cd7a986fd3\windows-amd64

VM Arguments:
jvm_args: --add-opens=java.base/java.util=ALL-UNNAMED --add-opens=java.base/java.lang=ALL-UNNAMED --add-opens=java.base/java.lang.invoke=ALL-UNNAMED --add-opens=java.base/java.util=ALL-UNNAMED --add-opens=java.prefs/java.util.prefs=ALL-UNNAMED --add-opens=java.prefs/java.util.prefs=ALL-UNNAMED --add-opens=java.base/java.nio.charset=ALL-UNNAMED --add-opens=java.base/java.net=ALL-UNNAMED --add-opens=java.base/java.util.concurrent.atomic=ALL-UNNAMED -Xmx2048m -Dfile.encoding=UTF-8 -Duser.country=US -Duser.language=en -Duser.variant 
java_command: org.gradle.launcher.daemon.bootstrap.GradleDaemon 7.5
java_class_path (initial): C:\Users\hp\.gradle\wrapper\dists\gradle-7.5-bin\f1w0cc9nuo0eivz97x2xlu9sv\gradle-7.5\lib\gradle-launcher-7.5.jar
Launcher Type: SUN_STANDARD

[Global flags]
     intx CICompilerCount                          = 3                                         {product} {ergonomic}
     uint ConcGCThreads                            = 1                                         {product} {ergonomic}
     uint G1ConcRefinementThreads                  = 4                                         {product} {ergonomic}
   size_t G1HeapRegionSize                         = 1048576                                   {product} {ergonomic}
    uintx GCDrainStackTargetSize                   = 64                                        {product} {ergonomic}
   size_t InitialHeapSize                          = 134217728                                 {product} {ergonomic}
   size_t MarkStackSize                            = 4194304                                   {product} {ergonomic}
   size_t MaxHeapSize                              = 2147483648                                {product} {command line}
   size_t MaxNewSize                               = 1287651328                                {product} {ergonomic}
   size_t MinHeapDeltaBytes                        = 1048576                                   {product} {ergonomic}
    uintx NonNMethodCodeHeapSize                   = 5830732                                {pd product} {ergonomic}
    uintx NonProfiledCodeHeapSize                  = 122913754                              {pd product} {ergonomic}
    uintx ProfiledCodeHeapSize                     = 122913754                              {pd product} {ergonomic}
    uintx ReservedCodeCacheSize                    = 251658240                              {pd product} {ergonomic}
     bool SegmentedCodeCache                       = true                                      {product} {ergonomic}
     bool UseCompressedClassPointers               = true                                 {lp64_product} {ergonomic}
     bool UseCompressedOops                        = true                                 {lp64_product} {ergonomic}
     bool UseG1GC                                  = true                                      {product} {ergonomic}
     bool UseLargePagesIndividualAllocation        = false                                  {pd product} {ergonomic}

Logging:
Log output configuration:
 #0: stdout all=warning uptime,level,tags
 #1: stderr all=off uptime,level,tags

Environment Variables:
PATH=C:\Program Files (x86)\VMware\VMware Workstation\bin\;C:\Program Files (x86)\NVIDIA Corporation\PhysX\Common;C:\Windows\system32;C:\Windows;C:\Windows\System32\Wbem;C:\Windows\System32\WindowsPowerShell\v1.0\;C:\Windows\System32\OpenSSH\;C:\Users\hp\Documents\Java\jdk1.8.0_111\bin;c:\Program Files (x86)\Microsoft SQL Server\90\Tools\binn\;C:\Program Files\dotnet\;C:\Program Files\Microsoft SQL Server\150\Tools\Binn\;C:\Program Files\Microsoft SQL Server\Client SDK\ODBC\170\Tools\Binn\;C:\Program Files\Git\cmd;C:\Program Files\nodejs\;C:\ProgramData\chocolatey\bin;C:\Users\hp\AppData\Local\Programs\Python\Python310\Scripts\;C:\Users\hp\AppData\Local\Programs\Python\Python310\;C:\Users\hp\AppData\Local\Programs\Python\Launcher\;C:\Users\hp\AppData\Local\Microsoft\WindowsApps;C:\Program Files\Java\jdk1.8.0_111\bin;;C:\Program Files\JetBrains\PyCharm Community Edition 2022.3.1\bin;;C:\Users\hp\.dotnet\tools;C:\Users\hp\AppData\Roaming\npm;C:\Users\hp\AppData\Local\Programs\Microsoft VS Code\bin
USERNAME=hp
OS=Windows_NT
PROCESSOR_IDENTIFIER=Intel64 Family 6 Model 69 Stepping 1, GenuineIntel



---------------  S Y S T E M  ---------------

OS: Windows 10 , 64 bit Build 19041 (10.0.19041.3155)
OS uptime: 0 days 10:31 hours

CPU:total 4 (initial active 4) (2 cores per cpu, 2 threads per core) family 6 model 69 stepping 1 microcode 0x25, cmov, cx8, fxsr, mmx, sse, sse2, sse3, ssse3, sse4.1, sse4.2, popcnt, avx, avx2, aes, clmul, erms, lzcnt, ht, tsc, tscinvbit, bmi1, bmi2, fma

Memory: 4k page, system-wide physical 8089M (2637M free)
TotalPageFile size 10949M (AvailPageFile size 19M)
current process WorkingSet (physical memory assigned to process): 287M, peak: 290M
current process commit charge ("private bytes"): 337M, peak: 368M

vm_info: OpenJDK 64-Bit Server VM (11.0.13+0-b1751.21-8125866) for windows-amd64 JRE (11.0.13+0-b1751.21-8125866), built on Feb  2 2022 03:00:22 by "builder" with MS VC++ 14.0 (VS2015)

END.
