#
# There is insufficient memory for the Java Runtime Environment to continue.
# Native memory allocation (malloc) failed to allocate 32744 bytes for ChunkPool::allocate
# Possible reasons:
#   The system is out of physical RAM or swap space
#   The process is running with CompressedOops enabled, and the Java Heap may be blocking the growth of the native heap
# Possible solutions:
#   Reduce memory load on the system
#   Increase physical memory or swap space
#   Check if swap backing store is full
#   Decrease Java heap size (-Xmx/-Xms)
#   Decrease number of Java threads
#   Decrease Java thread stack sizes (-Xss)
#   Set larger code cache with -XX:ReservedCodeCacheSize=
#   JVM is running with Unscaled Compressed Oops mode in which the Java heap is
#     placed in the first 4GB address space. The Java Heap base address is the
#     maximum limit for the native heap growth. Please use -XX:HeapBaseMinAddress
#     to set the Java Heap base and to place the Java Heap above 4GB virtual address.
# This output file may be truncated or incomplete.
#
#  Out of Memory Error (./src/hotspot/share/memory/arena.cpp:81), pid=7904, tid=11436
#
# JRE version: OpenJDK Runtime Environment (11.0.13) (build 11.0.13+0-b1751.21-8125866)
# Java VM: OpenJDK 64-Bit Server VM (11.0.13+0-b1751.21-8125866, mixed mode, tiered, compressed oops, g1 gc, windows-amd64)
# No core dump will be written. Minidumps are not enabled by default on client versions of Windows
#

---------------  S U M M A R Y ------------

Command Line: --add-opens=java.base/java.util=ALL-UNNAMED --add-opens=java.base/java.lang=ALL-UNNAMED --add-opens=java.base/java.lang.invoke=ALL-UNNAMED --add-opens=java.prefs/java.util.prefs=ALL-UNNAMED --add-opens=java.base/java.nio.charset=ALL-UNNAMED --add-opens=java.base/java.net=ALL-UNNAMED --add-opens=java.base/java.util.concurrent.atomic=ALL-UNNAMED -Xmx2048m -Dfile.encoding=UTF-8 -Duser.country=US -Duser.language=en -Duser.variant org.gradle.launcher.daemon.bootstrap.GradleDaemon 8.0

Host: Intel(R) Core(TM) i5-4300U CPU @ 1.90GHz, 4 cores, 7G,  Windows 10 , 64 bit Build 19041 (10.0.19041.3155)
Time: Fri Aug 25 09:41:08 2023 E. Africa Standard Time elapsed time: 7.291123 seconds (0d 0h 0m 7s)

---------------  T H R E A D  ---------------

Current thread (0x000001a8df834000):  JavaThread "C2 CompilerThread0" daemon [_thread_in_native, id=11436, stack(0x0000008558c00000,0x0000008558d00000)]


Current CompileTask:
C2:   7291 2240   !   4       java.net.URLClassLoader$1::run (81 bytes)

Stack: [0x0000008558c00000,0x0000008558d00000]
Native frames: (J=compiled Java code, j=interpreted, Vv=VM code, C=native code)
V  [jvm.dll+0x6100fa]
V  [jvm.dll+0x747090]
V  [jvm.dll+0x7486ad]
V  [jvm.dll+0x748d83]
V  [jvm.dll+0x24ab48]
V  [jvm.dll+0xc075b]
V  [jvm.dll+0xc0a0c]
V  [jvm.dll+0x363f9c]
V  [jvm.dll+0x508b6e]
V  [jvm.dll+0x507f83]
V  [jvm.dll+0x508756]
V  [jvm.dll+0x32b862]
V  [jvm.dll+0x32ad2a]
V  [jvm.dll+0x2032b2]
V  [jvm.dll+0x202437]
V  [jvm.dll+0x188e01]
V  [jvm.dll+0x21106b]
V  [jvm.dll+0x20f8c1]
V  [jvm.dll+0x70de0f]
V  [jvm.dll+0x706a75]
V  [jvm.dll+0x60ed66]
C  [ucrtbase.dll+0x21bb2]
C  [KERNEL32.DLL+0x17614]
C  [ntdll.dll+0x526b1]


---------------  P R O C E S S  ---------------

Threads class SMR info:
_java_thread_list=0x000001a8e1898740, length=24, elements={
0x000001a8c3afa800, 0x000001a8df812800, 0x000001a8df81e000, 0x000001a8df82a800,
0x000001a8df82d800, 0x000001a8df82e800, 0x000001a8df834000, 0x000001a8df838000,
0x000001a8df842000, 0x000001a8e02d4800, 0x000001a8e2c24800, 0x000001a8e04a3000,
0x000001a8e2898800, 0x000001a8e3ce8800, 0x000001a8e1369800, 0x000001a8e099e000,
0x000001a8e27d7800, 0x000001a8e12f1800, 0x000001a8e21a4800, 0x000001a8e1a18800,
0x000001a8e1288800, 0x000001a8e1289800, 0x000001a8e1286000, 0x000001a8e0816800
}

Java Threads: ( => current thread )
  0x000001a8c3afa800 JavaThread "main" [_thread_blocked, id=3884, stack(0x0000008558000000,0x0000008558100000)]
  0x000001a8df812800 JavaThread "Reference Handler" daemon [_thread_blocked, id=9724, stack(0x0000008558700000,0x0000008558800000)]
  0x000001a8df81e000 JavaThread "Finalizer" daemon [_thread_blocked, id=9656, stack(0x0000008558800000,0x0000008558900000)]
  0x000001a8df82a800 JavaThread "Signal Dispatcher" daemon [_thread_blocked, id=5324, stack(0x0000008558900000,0x0000008558a00000)]
  0x000001a8df82d800 JavaThread "Attach Listener" daemon [_thread_blocked, id=10600, stack(0x0000008558a00000,0x0000008558b00000)]
  0x000001a8df82e800 JavaThread "Service Thread" daemon [_thread_blocked, id=10336, stack(0x0000008558b00000,0x0000008558c00000)]
=>0x000001a8df834000 JavaThread "C2 CompilerThread0" daemon [_thread_in_native, id=11436, stack(0x0000008558c00000,0x0000008558d00000)]
  0x000001a8df838000 JavaThread "C1 CompilerThread0" daemon [_thread_in_native, id=10296, stack(0x0000008558d00000,0x0000008558e00000)]
  0x000001a8df842000 JavaThread "Sweeper thread" daemon [_thread_blocked, id=2752, stack(0x0000008558e00000,0x0000008558f00000)]
  0x000001a8e02d4800 JavaThread "Common-Cleaner" daemon [_thread_blocked, id=9904, stack(0x0000008558f00000,0x0000008559000000)]
  0x000001a8e2c24800 JavaThread "Daemon health stats" [_thread_blocked, id=9148, stack(0x0000008559400000,0x0000008559500000)]
  0x000001a8e04a3000 JavaThread "Incoming local TCP Connector on port 1207" [_thread_in_native, id=1580, stack(0x0000008559100000,0x0000008559200000)]
  0x000001a8e2898800 JavaThread "Daemon periodic checks" [_thread_blocked, id=2880, stack(0x0000008559500000,0x0000008559600000)]
  0x000001a8e3ce8800 JavaThread "Daemon" [_thread_blocked, id=7176, stack(0x0000008559600000,0x0000008559700000)]
  0x000001a8e1369800 JavaThread "Handler for socket connection from /127.0.0.1:1207 to /127.0.0.1:1208" [_thread_in_native, id=10952, stack(0x0000008559700000,0x0000008559800000)]
  0x000001a8e099e000 JavaThread "Cancel handler" [_thread_blocked, id=9888, stack(0x0000008559800000,0x0000008559900000)]
  0x000001a8e27d7800 JavaThread "Daemon worker" [_thread_in_vm, id=2468, stack(0x0000008559900000,0x0000008559a00000)]
  0x000001a8e12f1800 JavaThread "Asynchronous log dispatcher for DefaultDaemonConnection: socket connection from /127.0.0.1:1207 to /127.0.0.1:1208" [_thread_blocked, id=9428, stack(0x0000008559a00000,0x0000008559b00000)]
  0x000001a8e21a4800 JavaThread "Stdin handler" [_thread_blocked, id=6656, stack(0x0000008559b00000,0x0000008559c00000)]
  0x000001a8e1a18800 JavaThread "Daemon client event forwarder" [_thread_blocked, id=6920, stack(0x0000008559c00000,0x0000008559d00000)]
  0x000001a8e1288800 JavaThread "Cache worker for journal cache (C:\Users\hp\.gradle\caches\journal-1)" [_thread_blocked, id=5976, stack(0x0000008559e00000,0x0000008559f00000)]
  0x000001a8e1289800 JavaThread "File lock request listener" [_thread_in_native, id=4892, stack(0x0000008559f00000,0x000000855a000000)]
  0x000001a8e1286000 JavaThread "Cache worker for file hash cache (C:\Users\hp\.gradle\caches\8.0\fileHashes)" [_thread_blocked, id=4928, stack(0x000000855a000000,0x000000855a100000)]
  0x000001a8e0816800 JavaThread "C2 CompilerThread1" daemon [_thread_in_native, id=11972, stack(0x000000855a100000,0x000000855a200000)]

Other Threads:
  0x000001a8df80d800 VMThread "VM Thread" [stack: 0x0000008558600000,0x0000008558700000] [id=9360]
  0x000001a8e0324800 WatcherThread [stack: 0x0000008559000000,0x0000008559100000] [id=9152]
  0x000001a8c5c27000 GCTaskThread "GC Thread#0" [stack: 0x0000008558100000,0x0000008558200000] [id=12268]
  0x000001a8e0ebe800 GCTaskThread "GC Thread#1" [stack: 0x0000008559200000,0x0000008559300000] [id=6136]
  0x000001a8e0c73800 GCTaskThread "GC Thread#2" [stack: 0x0000008559300000,0x0000008559400000] [id=7328]
  0x000001a8e3bcb000 GCTaskThread "GC Thread#3" [stack: 0x0000008559d00000,0x0000008559e00000] [id=3152]
  0x000001a8c5c57800 ConcurrentGCThread "G1 Main Marker" [stack: 0x0000008558200000,0x0000008558300000] [id=4816]
  0x000001a8c5c59000 ConcurrentGCThread "G1 Conc#0" [stack: 0x0000008558300000,0x0000008558400000] [id=2856]
  0x000001a8c5ce8800 ConcurrentGCThread "G1 Refine#0" [stack: 0x0000008558400000,0x0000008558500000] [id=8536]
  0x000001a8c5ce9800 ConcurrentGCThread "G1 Young RemSet Sampling" [stack: 0x0000008558500000,0x0000008558600000] [id=7268]

Threads with active compile tasks:
C2 CompilerThread0   7351 2240   !   4       java.net.URLClassLoader$1::run (81 bytes)
C1 CompilerThread0   7352 2361       3       com.google.common.base.CharMatcher$IsEither::matches (22 bytes)
C2 CompilerThread1   7352 2239       4       java.net.URLClassLoader$1::run (5 bytes)

VM state:not at safepoint (normal execution)

VM Mutex/Monitor currently owned by a thread: None

Heap address: 0x0000000080000000, size: 2048 MB, Compressed Oops mode: 32-bit
Narrow klass base: 0x0000000000000000, Narrow klass shift: 3
Compressed class space size: 1073741824 Address: 0x0000000100000000

Heap:
 garbage-first heap   total 131072K, used 31469K [0x0000000080000000, 0x0000000100000000)
  region size 1024K, 15 young (15360K), 3 survivors (3072K)
 Metaspace       used 26490K, capacity 27102K, committed 27184K, reserved 1073152K
  class space    used 3434K, capacity 3687K, committed 3712K, reserved 1048576K
Heap Regions: E=young(eden), S=young(survivor), O=old, HS=humongous(starts), HC=humongous(continues), CS=collection set, F=free, A=archive, TAMS=top-at-mark-start (previous, next)
|   0|0x0000000080000000, 0x0000000080100000, 0x0000000080100000|100%|HS|  |TAMS 0x0000000080100000, 0x0000000080000000| Complete 
|   1|0x0000000080100000, 0x0000000080200000, 0x0000000080200000|100%|HC|  |TAMS 0x0000000080200000, 0x0000000080100000| Complete 
|   2|0x0000000080200000, 0x0000000080300000, 0x0000000080300000|100%|HC|  |TAMS 0x0000000080300000, 0x0000000080200000| Complete 
|   3|0x0000000080300000, 0x0000000080400000, 0x0000000080400000|100%|HC|  |TAMS 0x0000000080400000, 0x0000000080300000| Complete 
|   4|0x0000000080400000, 0x0000000080500000, 0x0000000080500000|100%| O|  |TAMS 0x0000000080500000, 0x0000000080400000| Untracked 
|   5|0x0000000080500000, 0x0000000080600000, 0x0000000080600000|100%| O|  |TAMS 0x0000000080600000, 0x0000000080500000| Untracked 
|   6|0x0000000080600000, 0x0000000080700000, 0x0000000080700000|100%| O|  |TAMS 0x0000000080700000, 0x0000000080600000| Untracked 
|   7|0x0000000080700000, 0x0000000080800000, 0x0000000080800000|100%| O|  |TAMS 0x0000000080800000, 0x0000000080700000| Untracked 
|   8|0x0000000080800000, 0x0000000080900000, 0x0000000080900000|100%| O|  |TAMS 0x0000000080900000, 0x0000000080800000| Untracked 
|   9|0x0000000080900000, 0x0000000080a00000, 0x0000000080a00000|100%| O|  |TAMS 0x0000000080a00000, 0x0000000080900000| Untracked 
|  10|0x0000000080a00000, 0x0000000080b00000, 0x0000000080b00000|100%| O|  |TAMS 0x0000000080b00000, 0x0000000080a00000| Untracked 
|  11|0x0000000080b00000, 0x0000000080c00000, 0x0000000080c00000|100%| O|  |TAMS 0x0000000080c00000, 0x0000000080b00000| Untracked 
|  12|0x0000000080c00000, 0x0000000080d00000, 0x0000000080d00000|100%| O|  |TAMS 0x0000000080cdb600, 0x0000000080c00000| Untracked 
|  13|0x0000000080d00000, 0x0000000080e00000, 0x0000000080e00000|100%| O|  |TAMS 0x0000000080d00000, 0x0000000080d00000| Untracked 
|  14|0x0000000080e00000, 0x0000000080f00000, 0x0000000080f00000|100%| O|  |TAMS 0x0000000080e00000, 0x0000000080e00000| Untracked 
|  15|0x0000000080f00000, 0x0000000081000000, 0x0000000081000000|100%| O|  |TAMS 0x0000000080f00000, 0x0000000080f00000| Untracked 
|  16|0x0000000081000000, 0x00000000810d5800, 0x0000000081100000| 83%| O|  |TAMS 0x0000000081000000, 0x0000000081000000| Untracked 
|  17|0x0000000081100000, 0x0000000081100000, 0x0000000081200000|  0%| F|  |TAMS 0x0000000081100000, 0x0000000081100000| Untracked 
|  18|0x0000000081200000, 0x0000000081200000, 0x0000000081300000|  0%| F|  |TAMS 0x0000000081200000, 0x0000000081200000| Untracked 
|  19|0x0000000081300000, 0x0000000081300000, 0x0000000081400000|  0%| F|  |TAMS 0x0000000081300000, 0x0000000081300000| Untracked 
|  20|0x0000000081400000, 0x0000000081400000, 0x0000000081500000|  0%| F|  |TAMS 0x0000000081400000, 0x0000000081400000| Untracked 
|  21|0x0000000081500000, 0x0000000081500000, 0x0000000081600000|  0%| F|  |TAMS 0x0000000081500000, 0x0000000081500000| Untracked 
|  22|0x0000000081600000, 0x0000000081600000, 0x0000000081700000|  0%| F|  |TAMS 0x0000000081600000, 0x0000000081600000| Untracked 
|  23|0x0000000081700000, 0x0000000081700000, 0x0000000081800000|  0%| F|  |TAMS 0x0000000081700000, 0x0000000081700000| Untracked 
|  24|0x0000000081800000, 0x0000000081800000, 0x0000000081900000|  0%| F|  |TAMS 0x0000000081800000, 0x0000000081800000| Untracked 
|  25|0x0000000081900000, 0x0000000081900000, 0x0000000081a00000|  0%| F|  |TAMS 0x0000000081900000, 0x0000000081900000| Untracked 
|  26|0x0000000081a00000, 0x0000000081a00000, 0x0000000081b00000|  0%| F|  |TAMS 0x0000000081a00000, 0x0000000081a00000| Untracked 
|  27|0x0000000081b00000, 0x0000000081b00000, 0x0000000081c00000|  0%| F|  |TAMS 0x0000000081b00000, 0x0000000081b00000| Untracked 
|  28|0x0000000081c00000, 0x0000000081c00000, 0x0000000081d00000|  0%| F|  |TAMS 0x0000000081c00000, 0x0000000081c00000| Untracked 
|  29|0x0000000081d00000, 0x0000000081d00000, 0x0000000081e00000|  0%| F|  |TAMS 0x0000000081d00000, 0x0000000081d00000| Untracked 
|  30|0x0000000081e00000, 0x0000000081e00000, 0x0000000081f00000|  0%| F|  |TAMS 0x0000000081e00000, 0x0000000081e00000| Untracked 
|  31|0x0000000081f00000, 0x0000000081f00000, 0x0000000082000000|  0%| F|  |TAMS 0x0000000081f00000, 0x0000000081f00000| Untracked 
|  32|0x0000000082000000, 0x0000000082000000, 0x0000000082100000|  0%| F|  |TAMS 0x0000000082000000, 0x0000000082000000| Untracked 
|  33|0x0000000082100000, 0x0000000082100000, 0x0000000082200000|  0%| F|  |TAMS 0x0000000082100000, 0x0000000082100000| Untracked 
|  34|0x0000000082200000, 0x0000000082200000, 0x0000000082300000|  0%| F|  |TAMS 0x0000000082200000, 0x0000000082200000| Untracked 
|  35|0x0000000082300000, 0x0000000082300000, 0x0000000082400000|  0%| F|  |TAMS 0x0000000082300000, 0x0000000082300000| Untracked 
|  36|0x0000000082400000, 0x0000000082400000, 0x0000000082500000|  0%| F|  |TAMS 0x0000000082400000, 0x0000000082400000| Untracked 
|  37|0x0000000082500000, 0x0000000082500000, 0x0000000082600000|  0%| F|  |TAMS 0x0000000082500000, 0x0000000082500000| Untracked 
|  38|0x0000000082600000, 0x0000000082600000, 0x0000000082700000|  0%| F|  |TAMS 0x0000000082600000, 0x0000000082600000| Untracked 
|  39|0x0000000082700000, 0x0000000082700000, 0x0000000082800000|  0%| F|  |TAMS 0x0000000082700000, 0x0000000082700000| Untracked 
|  40|0x0000000082800000, 0x0000000082800000, 0x0000000082900000|  0%| F|  |TAMS 0x0000000082800000, 0x0000000082800000| Untracked 
|  41|0x0000000082900000, 0x0000000082900000, 0x0000000082a00000|  0%| F|  |TAMS 0x0000000082900000, 0x0000000082900000| Untracked 
|  42|0x0000000082a00000, 0x0000000082a00000, 0x0000000082b00000|  0%| F|  |TAMS 0x0000000082a00000, 0x0000000082a00000| Untracked 
|  43|0x0000000082b00000, 0x0000000082b00000, 0x0000000082c00000|  0%| F|  |TAMS 0x0000000082b00000, 0x0000000082b00000| Untracked 
|  44|0x0000000082c00000, 0x0000000082c00000, 0x0000000082d00000|  0%| F|  |TAMS 0x0000000082c00000, 0x0000000082c00000| Untracked 
|  45|0x0000000082d00000, 0x0000000082d00000, 0x0000000082e00000|  0%| F|  |TAMS 0x0000000082d00000, 0x0000000082d00000| Untracked 
|  46|0x0000000082e00000, 0x0000000082e00000, 0x0000000082f00000|  0%| F|  |TAMS 0x0000000082e00000, 0x0000000082e00000| Untracked 
|  47|0x0000000082f00000, 0x0000000082f00000, 0x0000000083000000|  0%| F|  |TAMS 0x0000000082f00000, 0x0000000082f00000| Untracked 
|  48|0x0000000083000000, 0x0000000083000000, 0x0000000083100000|  0%| F|  |TAMS 0x0000000083000000, 0x0000000083000000| Untracked 
|  49|0x0000000083100000, 0x0000000083100000, 0x0000000083200000|  0%| F|  |TAMS 0x0000000083100000, 0x0000000083100000| Untracked 
|  50|0x0000000083200000, 0x0000000083200000, 0x0000000083300000|  0%| F|  |TAMS 0x0000000083200000, 0x0000000083200000| Untracked 
|  51|0x0000000083300000, 0x0000000083300000, 0x0000000083400000|  0%| F|  |TAMS 0x0000000083300000, 0x0000000083300000| Untracked 
|  52|0x0000000083400000, 0x0000000083400000, 0x0000000083500000|  0%| F|  |TAMS 0x0000000083400000, 0x0000000083400000| Untracked 
|  53|0x0000000083500000, 0x0000000083500000, 0x0000000083600000|  0%| F|  |TAMS 0x0000000083500000, 0x0000000083500000| Untracked 
|  54|0x0000000083600000, 0x0000000083600000, 0x0000000083700000|  0%| F|  |TAMS 0x0000000083600000, 0x0000000083600000| Untracked 
|  55|0x0000000083700000, 0x0000000083700000, 0x0000000083800000|  0%| F|  |TAMS 0x0000000083700000, 0x0000000083700000| Untracked 
|  56|0x0000000083800000, 0x0000000083800000, 0x0000000083900000|  0%| F|  |TAMS 0x0000000083800000, 0x0000000083800000| Untracked 
|  57|0x0000000083900000, 0x0000000083900000, 0x0000000083a00000|  0%| F|  |TAMS 0x0000000083900000, 0x0000000083900000| Untracked 
|  58|0x0000000083a00000, 0x0000000083a00000, 0x0000000083b00000|  0%| F|  |TAMS 0x0000000083a00000, 0x0000000083a00000| Untracked 
|  59|0x0000000083b00000, 0x0000000083b00000, 0x0000000083c00000|  0%| F|  |TAMS 0x0000000083b00000, 0x0000000083b00000| Untracked 
|  60|0x0000000083c00000, 0x0000000083c00000, 0x0000000083d00000|  0%| F|  |TAMS 0x0000000083c00000, 0x0000000083c00000| Untracked 
|  61|0x0000000083d00000, 0x0000000083d00000, 0x0000000083e00000|  0%| F|  |TAMS 0x0000000083d00000, 0x0000000083d00000| Untracked 
|  62|0x0000000083e00000, 0x0000000083e00000, 0x0000000083f00000|  0%| F|  |TAMS 0x0000000083e00000, 0x0000000083e00000| Untracked 
|  63|0x0000000083f00000, 0x0000000083f00000, 0x0000000084000000|  0%| F|  |TAMS 0x0000000083f00000, 0x0000000083f00000| Untracked 
|  64|0x0000000084000000, 0x0000000084000000, 0x0000000084100000|  0%| F|  |TAMS 0x0000000084000000, 0x0000000084000000| Untracked 
|  65|0x0000000084100000, 0x0000000084100000, 0x0000000084200000|  0%| F|  |TAMS 0x0000000084100000, 0x0000000084100000| Untracked 
|  66|0x0000000084200000, 0x0000000084200000, 0x0000000084300000|  0%| F|  |TAMS 0x0000000084200000, 0x0000000084200000| Untracked 
|  67|0x0000000084300000, 0x0000000084300000, 0x0000000084400000|  0%| F|  |TAMS 0x0000000084300000, 0x0000000084300000| Untracked 
|  68|0x0000000084400000, 0x0000000084400000, 0x0000000084500000|  0%| F|  |TAMS 0x0000000084400000, 0x0000000084400000| Untracked 
|  69|0x0000000084500000, 0x00000000845e5c90, 0x0000000084600000| 89%| S|CS|TAMS 0x0000000084500000, 0x0000000084500000| Complete 
|  70|0x0000000084600000, 0x0000000084700000, 0x0000000084700000|100%| S|CS|TAMS 0x0000000084600000, 0x0000000084600000| Complete 
|  71|0x0000000084700000, 0x0000000084800000, 0x0000000084800000|100%| S|CS|TAMS 0x0000000084700000, 0x0000000084700000| Complete 
|  72|0x0000000084800000, 0x0000000084800000, 0x0000000084900000|  0%| F|  |TAMS 0x0000000084800000, 0x0000000084800000| Untracked 
|  73|0x0000000084900000, 0x0000000084900000, 0x0000000084a00000|  0%| F|  |TAMS 0x0000000084900000, 0x0000000084900000| Untracked 
|  74|0x0000000084a00000, 0x0000000084a00000, 0x0000000084b00000|  0%| F|  |TAMS 0x0000000084a00000, 0x0000000084a00000| Untracked 
|  75|0x0000000084b00000, 0x0000000084b00000, 0x0000000084c00000|  0%| F|  |TAMS 0x0000000084b00000, 0x0000000084b00000| Untracked 
|  76|0x0000000084c00000, 0x0000000084c00000, 0x0000000084d00000|  0%| F|  |TAMS 0x0000000084c00000, 0x0000000084c00000| Untracked 
|  77|0x0000000084d00000, 0x0000000084d00000, 0x0000000084e00000|  0%| F|  |TAMS 0x0000000084d00000, 0x0000000084d00000| Untracked 
|  78|0x0000000084e00000, 0x0000000084e00000, 0x0000000084f00000|  0%| F|  |TAMS 0x0000000084e00000, 0x0000000084e00000| Untracked 
|  79|0x0000000084f00000, 0x0000000084f00000, 0x0000000085000000|  0%| F|  |TAMS 0x0000000084f00000, 0x0000000084f00000| Untracked 
|  80|0x0000000085000000, 0x0000000085000000, 0x0000000085100000|  0%| F|  |TAMS 0x0000000085000000, 0x0000000085000000| Untracked 
|  81|0x0000000085100000, 0x0000000085100000, 0x0000000085200000|  0%| F|  |TAMS 0x0000000085100000, 0x0000000085100000| Untracked 
|  82|0x0000000085200000, 0x0000000085200000, 0x0000000085300000|  0%| F|  |TAMS 0x0000000085200000, 0x0000000085200000| Untracked 
|  83|0x0000000085300000, 0x0000000085300000, 0x0000000085400000|  0%| F|  |TAMS 0x0000000085300000, 0x0000000085300000| Untracked 
|  84|0x0000000085400000, 0x0000000085400000, 0x0000000085500000|  0%| F|  |TAMS 0x0000000085400000, 0x0000000085400000| Untracked 
|  85|0x0000000085500000, 0x0000000085500000, 0x0000000085600000|  0%| F|  |TAMS 0x0000000085500000, 0x0000000085500000| Untracked 
|  86|0x0000000085600000, 0x0000000085600000, 0x0000000085700000|  0%| F|  |TAMS 0x0000000085600000, 0x0000000085600000| Untracked 
|  87|0x0000000085700000, 0x0000000085700000, 0x0000000085800000|  0%| F|  |TAMS 0x0000000085700000, 0x0000000085700000| Untracked 
|  88|0x0000000085800000, 0x0000000085800000, 0x0000000085900000|  0%| F|  |TAMS 0x0000000085800000, 0x0000000085800000| Untracked 
|  89|0x0000000085900000, 0x0000000085900000, 0x0000000085a00000|  0%| F|  |TAMS 0x0000000085900000, 0x0000000085900000| Untracked 
|  90|0x0000000085a00000, 0x0000000085a00000, 0x0000000085b00000|  0%| F|  |TAMS 0x0000000085a00000, 0x0000000085a00000| Untracked 
|  91|0x0000000085b00000, 0x0000000085b00000, 0x0000000085c00000|  0%| F|  |TAMS 0x0000000085b00000, 0x0000000085b00000| Untracked 
|  92|0x0000000085c00000, 0x0000000085c00000, 0x0000000085d00000|  0%| F|  |TAMS 0x0000000085c00000, 0x0000000085c00000| Untracked 
|  93|0x0000000085d00000, 0x0000000085d00000, 0x0000000085e00000|  0%| F|  |TAMS 0x0000000085d00000, 0x0000000085d00000| Untracked 
|  94|0x0000000085e00000, 0x0000000085e00000, 0x0000000085f00000|  0%| F|  |TAMS 0x0000000085e00000, 0x0000000085e00000| Untracked 
|  95|0x0000000085f00000, 0x0000000085f00000, 0x0000000086000000|  0%| F|  |TAMS 0x0000000085f00000, 0x0000000085f00000| Untracked 
|  96|0x0000000086000000, 0x0000000086000000, 0x0000000086100000|  0%| F|  |TAMS 0x0000000086000000, 0x0000000086000000| Untracked 
|  97|0x0000000086100000, 0x0000000086100000, 0x0000000086200000|  0%| F|  |TAMS 0x0000000086100000, 0x0000000086100000| Untracked 
|  98|0x0000000086200000, 0x0000000086200000, 0x0000000086300000|  0%| F|  |TAMS 0x0000000086200000, 0x0000000086200000| Untracked 
|  99|0x0000000086300000, 0x0000000086300000, 0x0000000086400000|  0%| F|  |TAMS 0x0000000086300000, 0x0000000086300000| Untracked 
| 100|0x0000000086400000, 0x0000000086400000, 0x0000000086500000|  0%| F|  |TAMS 0x0000000086400000, 0x0000000086400000| Untracked 
| 101|0x0000000086500000, 0x0000000086500000, 0x0000000086600000|  0%| F|  |TAMS 0x0000000086500000, 0x0000000086500000| Untracked 
| 102|0x0000000086600000, 0x0000000086600000, 0x0000000086700000|  0%| F|  |TAMS 0x0000000086600000, 0x0000000086600000| Untracked 
| 103|0x0000000086700000, 0x0000000086700000, 0x0000000086800000|  0%| F|  |TAMS 0x0000000086700000, 0x0000000086700000| Untracked 
| 104|0x0000000086800000, 0x0000000086800000, 0x0000000086900000|  0%| F|  |TAMS 0x0000000086800000, 0x0000000086800000| Untracked 
| 105|0x0000000086900000, 0x0000000086900000, 0x0000000086a00000|  0%| F|  |TAMS 0x0000000086900000, 0x0000000086900000| Untracked 
| 106|0x0000000086a00000, 0x0000000086a00000, 0x0000000086b00000|  0%| F|  |TAMS 0x0000000086a00000, 0x0000000086a00000| Untracked 
| 107|0x0000000086b00000, 0x0000000086b00000, 0x0000000086c00000|  0%| F|  |TAMS 0x0000000086b00000, 0x0000000086b00000| Untracked 
| 108|0x0000000086c00000, 0x0000000086c00000, 0x0000000086d00000|  0%| F|  |TAMS 0x0000000086c00000, 0x0000000086c00000| Untracked 
| 109|0x0000000086d00000, 0x0000000086d00000, 0x0000000086e00000|  0%| F|  |TAMS 0x0000000086d00000, 0x0000000086d00000| Untracked 
| 110|0x0000000086e00000, 0x0000000086e00000, 0x0000000086f00000|  0%| F|  |TAMS 0x0000000086e00000, 0x0000000086e00000| Untracked 
| 111|0x0000000086f00000, 0x0000000086f00000, 0x0000000087000000|  0%| F|  |TAMS 0x0000000086f00000, 0x0000000086f00000| Untracked 
| 112|0x0000000087000000, 0x0000000087000000, 0x0000000087100000|  0%| F|  |TAMS 0x0000000087000000, 0x0000000087000000| Untracked 
| 113|0x0000000087100000, 0x0000000087100000, 0x0000000087200000|  0%| F|  |TAMS 0x0000000087100000, 0x0000000087100000| Untracked 
| 114|0x0000000087200000, 0x0000000087200000, 0x0000000087300000|  0%| F|  |TAMS 0x0000000087200000, 0x0000000087200000| Untracked 
| 115|0x0000000087300000, 0x0000000087300000, 0x0000000087400000|  0%| F|  |TAMS 0x0000000087300000, 0x0000000087300000| Untracked 
| 116|0x0000000087400000, 0x0000000087480800, 0x0000000087500000| 50%| E|  |TAMS 0x0000000087400000, 0x0000000087400000| Complete 
| 117|0x0000000087500000, 0x0000000087600000, 0x0000000087600000|100%| E|CS|TAMS 0x0000000087500000, 0x0000000087500000| Complete 
| 118|0x0000000087600000, 0x0000000087700000, 0x0000000087700000|100%| E|CS|TAMS 0x0000000087600000, 0x0000000087600000| Complete 
| 119|0x0000000087700000, 0x0000000087800000, 0x0000000087800000|100%| E|CS|TAMS 0x0000000087700000, 0x0000000087700000| Complete 
| 120|0x0000000087800000, 0x0000000087900000, 0x0000000087900000|100%| E|CS|TAMS 0x0000000087800000, 0x0000000087800000| Complete 
| 121|0x0000000087900000, 0x0000000087a00000, 0x0000000087a00000|100%| E|CS|TAMS 0x0000000087900000, 0x0000000087900000| Complete 
| 122|0x0000000087a00000, 0x0000000087b00000, 0x0000000087b00000|100%| E|CS|TAMS 0x0000000087a00000, 0x0000000087a00000| Complete 
| 123|0x0000000087b00000, 0x0000000087c00000, 0x0000000087c00000|100%| E|CS|TAMS 0x0000000087b00000, 0x0000000087b00000| Complete 
| 124|0x0000000087c00000, 0x0000000087d00000, 0x0000000087d00000|100%| E|CS|TAMS 0x0000000087c00000, 0x0000000087c00000| Complete 
| 125|0x0000000087d00000, 0x0000000087e00000, 0x0000000087e00000|100%| E|CS|TAMS 0x0000000087d00000, 0x0000000087d00000| Complete 
| 126|0x0000000087e00000, 0x0000000087f00000, 0x0000000087f00000|100%| E|CS|TAMS 0x0000000087e00000, 0x0000000087e00000| Complete 
| 127|0x0000000087f00000, 0x0000000088000000, 0x0000000088000000|100%| E|CS|TAMS 0x0000000087f00000, 0x0000000087f00000| Complete 

Card table byte_map: [0x000001a8d8b30000,0x000001a8d8f30000] _byte_map_base: 0x000001a8d8730000

Marking Bits (Prev, Next): (CMBitMap*) 0x000001a8c5c4e9b0, (CMBitMap*) 0x000001a8c5c4e978
 Prev Bits: [0x000001a8db330000, 0x000001a8dd330000)
 Next Bits: [0x000001a8d9330000, 0x000001a8db330000)

Polling page: 0x000001a8c53f0000

Metaspace:

Usage:
  Non-class:     22.87 MB capacity,    22.52 MB ( 98%) used,   305.14 KB (  1%) free+waste,    53.44 KB ( <1%) overhead. 
      Class:      3.60 MB capacity,     3.35 MB ( 93%) used,   225.80 KB (  6%) free+waste,    26.94 KB ( <1%) overhead. 
       Both:     26.47 MB capacity,    25.87 MB ( 98%) used,   530.95 KB (  2%) free+waste,    80.38 KB ( <1%) overhead. 

Virtual space:
  Non-class space:       24.00 MB reserved,      22.92 MB ( 96%) committed 
      Class space:        1.00 GB reserved,       3.63 MB ( <1%) committed 
             Both:        1.02 GB reserved,      26.55 MB (  3%) committed 

Chunk freelists:
   Non-Class:  57.00 KB
       Class:  25.00 KB
        Both:  82.00 KB

MaxMetaspaceSize: 17179869184.00 GB
CompressedClassSpaceSize: 1.00 GB
Initial GC threshold: 20.80 MB
Current GC threshold: 35.08 MB
CDS: off

CodeHeap 'non-profiled nmethods': size=120064Kb used=1134Kb max_used=1134Kb free=118929Kb
 bounds [0x000001a8d11f0000, 0x000001a8d1460000, 0x000001a8d8730000]
CodeHeap 'profiled nmethods': size=120000Kb used=5006Kb max_used=5006Kb free=114993Kb
 bounds [0x000001a8c9cc0000, 0x000001a8ca1b0000, 0x000001a8d11f0000]
CodeHeap 'non-nmethods': size=5696Kb used=1223Kb max_used=1272Kb free=4472Kb
 bounds [0x000001a8c9730000, 0x000001a8c99a0000, 0x000001a8c9cc0000]
 total_blobs=2853 nmethods=2351 adapters=414
 compilation: enabled
              stopped_count=0, restarted_count=0
 full_count=0

Compilation events (20 events):
Event: 7.234 Thread 0x000001a8df838000 2350       3       java.lang.AbstractStringBuilder::append (60 bytes)
Event: 7.235 Thread 0x000001a8df838000 nmethod 2350 0x000001a8ca198510 code [0x000001a8ca198700, 0x000001a8ca198a38]
Event: 7.245 Thread 0x000001a8df838000 2351       3       jdk.internal.org.objectweb.asm.AnnotationVisitor::<init> (35 bytes)
Event: 7.245 Thread 0x000001a8df838000 nmethod 2351 0x000001a8ca198b90 code [0x000001a8ca198d60, 0x000001a8ca199048]
Event: 7.245 Thread 0x000001a8df838000 2352       3       jdk.internal.misc.Unsafe::ensureClassInitialized (18 bytes)
Event: 7.246 Thread 0x000001a8df838000 nmethod 2352 0x000001a8ca199190 code [0x000001a8ca199360, 0x000001a8ca199578]
Event: 7.246 Thread 0x000001a8df838000 2353       3       jdk.internal.reflect.NativeMethodAccessorImpl::invoke (104 bytes)
Event: 7.249 Thread 0x000001a8df838000 nmethod 2353 0x000001a8ca199690 code [0x000001a8ca199940, 0x000001a8ca19a818]
Event: 7.252 Thread 0x000001a8df838000 2355       3       jdk.internal.loader.ClassLoaders::platformClassLoader (4 bytes)
Event: 7.252 Thread 0x000001a8df838000 nmethod 2355 0x000001a8ca19ad10 code [0x000001a8ca19aec0, 0x000001a8ca19afb8]
Event: 7.254 Thread 0x000001a8df838000 2356   !   3       org.gradle.internal.service.DefaultServiceRegistry$FactoryService::bind (283 bytes)
Event: 7.262 Thread 0x000001a8df838000 nmethod 2356 0x000001a8ca19b010 code [0x000001a8ca19b720, 0x000001a8ca19fd88]
Event: 7.262 Thread 0x000001a8df838000 2358       3       org.gradle.internal.service.DefaultServiceRegistry$FactoryService::assembleParameters (58 bytes)
Event: 7.263 Thread 0x000001a8df838000 nmethod 2358 0x000001a8ca1a1490 code [0x000001a8ca1a1680, 0x000001a8ca1a1c68]
Event: 7.263 Thread 0x000001a8df838000 2357       3       org.gradle.internal.service.DefaultServiceRegistry$FactoryService::createServiceInstance (18 bytes)
Event: 7.263 Thread 0x000001a8df838000 nmethod 2357 0x000001a8ca1a1e90 code [0x000001a8ca1a2060, 0x000001a8ca1a2278]
Event: 7.271 Thread 0x000001a8df838000 2359       3       java.lang.reflect.ProxyGenerator$ConstantPool::getString (21 bytes)
Event: 7.272 Thread 0x000001a8df838000 nmethod 2359 0x000001a8ca1a2390 code [0x000001a8ca1a25a0, 0x000001a8ca1a2a08]
Event: 7.272 Thread 0x000001a8df838000 2360       3       java.lang.reflect.ProxyGenerator::code_ldc (64 bytes)
Event: 7.273 Thread 0x000001a8df838000 nmethod 2360 0x000001a8ca1a2c10 code [0x000001a8ca1a2e60, 0x000001a8ca1a3828]

GC Heap History (12 events):
Event: 1.031 GC heap before
{Heap before GC invocations=0 (full 0):
 garbage-first heap   total 131072K, used 17408K [0x0000000080000000, 0x0000000100000000)
  region size 1024K, 14 young (14336K), 0 survivors (0K)
 Metaspace       used 6749K, capacity 6929K, committed 7168K, reserved 1056768K
  class space    used 573K, capacity 650K, committed 768K, reserved 1048576K
}
Event: 1.038 GC heap after
{Heap after GC invocations=1 (full 0):
 garbage-first heap   total 131072K, used 8365K [0x0000000080000000, 0x0000000100000000)
  region size 1024K, 2 young (2048K), 2 survivors (2048K)
 Metaspace       used 6749K, capacity 6929K, committed 7168K, reserved 1056768K
  class space    used 573K, capacity 650K, committed 768K, reserved 1048576K
}
Event: 1.532 GC heap before
{Heap before GC invocations=1 (full 0):
 garbage-first heap   total 131072K, used 20653K [0x0000000080000000, 0x0000000100000000)
  region size 1024K, 14 young (14336K), 2 survivors (2048K)
 Metaspace       used 9871K, capacity 10058K, committed 10112K, reserved 1058816K
  class space    used 1013K, capacity 1102K, committed 1152K, reserved 1048576K
}
Event: 1.539 GC heap after
{Heap after GC invocations=2 (full 0):
 garbage-first heap   total 131072K, used 10442K [0x0000000080000000, 0x0000000100000000)
  region size 1024K, 2 young (2048K), 2 survivors (2048K)
 Metaspace       used 9871K, capacity 10058K, committed 10112K, reserved 1058816K
  class space    used 1013K, capacity 1102K, committed 1152K, reserved 1048576K
}
Event: 2.313 GC heap before
{Heap before GC invocations=2 (full 0):
 garbage-first heap   total 131072K, used 40138K [0x0000000080000000, 0x0000000100000000)
  region size 1024K, 31 young (31744K), 2 survivors (2048K)
 Metaspace       used 10880K, capacity 11139K, committed 11264K, reserved 1058816K
  class space    used 1115K, capacity 1206K, committed 1280K, reserved 1048576K
}
Event: 2.318 GC heap after
{Heap after GC invocations=3 (full 0):
 garbage-first heap   total 131072K, used 13560K [0x0000000080000000, 0x0000000100000000)
  region size 1024K, 4 young (4096K), 4 survivors (4096K)
 Metaspace       used 10880K, capacity 11139K, committed 11264K, reserved 1058816K
  class space    used 1115K, capacity 1206K, committed 1280K, reserved 1048576K
}
Event: 5.660 GC heap before
{Heap before GC invocations=3 (full 0):
 garbage-first heap   total 131072K, used 55544K [0x0000000080000000, 0x0000000100000000)
  region size 1024K, 46 young (47104K), 4 survivors (4096K)
 Metaspace       used 17358K, capacity 17765K, committed 18048K, reserved 1064960K
  class space    used 1985K, capacity 2137K, committed 2176K, reserved 1048576K
}
Event: 5.672 GC heap after
{Heap after GC invocations=4 (full 0):
 garbage-first heap   total 131072K, used 17144K [0x0000000080000000, 0x0000000100000000)
  region size 1024K, 6 young (6144K), 6 survivors (6144K)
 Metaspace       used 17358K, capacity 17765K, committed 18048K, reserved 1064960K
  class space    used 1985K, capacity 2137K, committed 2176K, reserved 1048576K
}
Event: 6.174 GC heap before
{Heap before GC invocations=4 (full 0):
 garbage-first heap   total 131072K, used 42744K [0x0000000080000000, 0x0000000100000000)
  region size 1024K, 32 young (32768K), 6 survivors (6144K)
 Metaspace       used 20818K, capacity 21231K, committed 21296K, reserved 1069056K
  class space    used 2497K, capacity 2685K, committed 2688K, reserved 1048576K
}
Event: 6.186 GC heap after
{Heap after GC invocations=5 (full 0):
 garbage-first heap   total 131072K, used 18557K [0x0000000080000000, 0x0000000100000000)
  region size 1024K, 6 young (6144K), 6 survivors (6144K)
 Metaspace       used 20818K, capacity 21231K, committed 21296K, reserved 1069056K
  class space    used 2497K, capacity 2685K, committed 2688K, reserved 1048576K
}
Event: 6.963 GC heap before
{Heap before GC invocations=6 (full 0):
 garbage-first heap   total 131072K, used 69757K [0x0000000080000000, 0x0000000100000000)
  region size 1024K, 56 young (57344K), 6 survivors (6144K)
 Metaspace       used 25027K, capacity 25654K, committed 25904K, reserved 1071104K
  class space    used 3197K, capacity 3416K, committed 3456K, reserved 1048576K
}
Event: 6.976 GC heap after
{Heap after GC invocations=7 (full 0):
 garbage-first heap   total 131072K, used 20205K [0x0000000080000000, 0x0000000100000000)
  region size 1024K, 3 young (3072K), 3 survivors (3072K)
 Metaspace       used 25027K, capacity 25654K, committed 25904K, reserved 1071104K
  class space    used 3197K, capacity 3416K, committed 3456K, reserved 1048576K
}

Deoptimization events (20 events):
Event: 6.266 Thread 0x000001a8e27d7800 DEOPT PACKING pc=0x000001a8d1270424 sp=0x00000085599fc050
Event: 6.266 Thread 0x000001a8e27d7800 DEOPT UNPACKING pc=0x000001a8c977a1af sp=0x00000085599fbfe8 mode 2
Event: 6.266 Thread 0x000001a8e27d7800 Uncommon trap: trap_request=0xffffffc6 fr.pc=0x000001a8d12707d4 relative=0x0000000000000114
Event: 6.266 Thread 0x000001a8e27d7800 Uncommon trap: reason=bimorphic_or_optimized_type_check action=maybe_recompile pc=0x000001a8d12707d4 method=java.util.AbstractList$Itr.next()Ljava/lang/Object; @ 14 c2
Event: 6.266 Thread 0x000001a8e27d7800 DEOPT PACKING pc=0x000001a8d12707d4 sp=0x00000085599fc040
Event: 6.266 Thread 0x000001a8e27d7800 DEOPT UNPACKING pc=0x000001a8c977a1af sp=0x00000085599fbfd8 mode 2
Event: 6.266 Thread 0x000001a8e27d7800 Uncommon trap: trap_request=0xffffff4d fr.pc=0x000001a8d126f504 relative=0x00000000000005c4
Event: 6.266 Thread 0x000001a8e27d7800 Uncommon trap: reason=unstable_if action=reinterpret pc=0x000001a8d126f504 method=java.io.File.getName()Ljava/lang/String; @ 16 c2
Event: 6.266 Thread 0x000001a8e27d7800 DEOPT PACKING pc=0x000001a8d126f504 sp=0x00000085599fca20
Event: 6.266 Thread 0x000001a8e27d7800 DEOPT UNPACKING pc=0x000001a8c977a1af sp=0x00000085599fc9f0 mode 2
Event: 6.266 Thread 0x000001a8e27d7800 Uncommon trap: trap_request=0xffffff4d fr.pc=0x000001a8d1266cb4 relative=0x0000000000000474
Event: 6.266 Thread 0x000001a8e27d7800 Uncommon trap: reason=unstable_if action=reinterpret pc=0x000001a8d1266cb4 method=java.lang.String.substring(I)Ljava/lang/String; @ 34 c2
Event: 6.266 Thread 0x000001a8e27d7800 DEOPT PACKING pc=0x000001a8d1266cb4 sp=0x00000085599fc9a0
Event: 6.266 Thread 0x000001a8e27d7800 DEOPT UNPACKING pc=0x000001a8c977a1af sp=0x00000085599fc978 mode 2
Event: 6.548 Thread 0x000001a8e27d7800 DEOPT PACKING pc=0x000001a8c9fbe7c8 sp=0x00000085599fb300
Event: 6.548 Thread 0x000001a8e27d7800 DEOPT UNPACKING pc=0x000001a8c977a95e sp=0x00000085599fa868 mode 0
Event: 6.982 Thread 0x000001a8e27d7800 Uncommon trap: trap_request=0xffffff4d fr.pc=0x000001a8d12ce768 relative=0x00000000000006e8
Event: 6.982 Thread 0x000001a8e27d7800 Uncommon trap: reason=unstable_if action=reinterpret pc=0x000001a8d12ce768 method=java.util.HashMap.hash(Ljava/lang/Object;)I @ 1 c2
Event: 6.982 Thread 0x000001a8e27d7800 DEOPT PACKING pc=0x000001a8d12ce768 sp=0x00000085599f9ac0
Event: 6.982 Thread 0x000001a8e27d7800 DEOPT UNPACKING pc=0x000001a8c977a1af sp=0x00000085599f9a40 mode 2

Classes redefined (0 events):
No events

Internal exceptions (20 events):
Event: 5.939 Thread 0x000001a8e27d7800 Exception <a 'java/lang/NoSuchMethodError'{0x000000008736c268}: 'java.lang.Object java.lang.invoke.DirectMethodHandle$Holder.invokeStatic(java.lang.Object, java.lang.Object, java.lang.Object, int, java.lang.Object, java.lang.Object)'> (0x000000008736c268) thrown at [./src/hotspot/share/interpreter/linkResolver.cpp, line 773]
Event: 5.940 Thread 0x000001a8e27d7800 Exception <a 'java/lang/NoSuchMethodError'{0x00000000873736d0}: 'java.lang.Object java.lang.invoke.Invokers$Holder.linkToTargetMethod(java.lang.Object, java.lang.Object, int, java.lang.Object, java.lang.Object, java.lang.Object)'> (0x00000000873736d0) thrown at [./src/hotspot/share/interpreter/linkResolver.cpp, line 773]
Event: 6.001 Thread 0x000001a8e27d7800 Exception <a 'java/lang/NoSuchMethodError'{0x00000000871b76f0}: 'void java.lang.invoke.DelegatingMethodHandle$Holder.reinvoke_L(java.lang.Object, java.lang.Object, java.lang.Object, java.lang.Object, java.lang.Object, java.lang.Object, java.lang.Object, java.lang.Object, java.lang.Object, java.lang.Object, java.lang.Object)'> (0x00000000871b76f0) thrown at [./src/hotspot/share/interpreter/linkResolver.cpp, line 773]
Event: 6.002 Thread 0x000001a8e27d7800 Exception <a 'java/lang/NoSuchMethodError'{0x00000000871bffd8}: 'java.lang.Object java.lang.invoke.DirectMethodHandle$Holder.invokeSpecial(java.lang.Object, java.lang.Object, java.lang.Object, java.lang.Object, java.lang.Object, java.lang.Object, java.lang.Object, java.lang.Object, java.lang.Object, java.lang.Object, java.lang.Object)'> (0x00000000871bffd8) thrown at [./src/hotspot/share/interpreter/linkResolver.cpp, line 773]
Event: 6.003 Thread 0x000001a8e27d7800 Exception <a 'java/lang/NoSuchMethodError'{0x00000000871c4748}: 'java.lang.Object java.lang.invoke.Invokers$Holder.invoker(java.lang.Object, java.lang.Object, java.lang.Object, java.lang.Object, java.lang.Object, java.lang.Object, java.lang.Object, java.lang.Object, java.lang.Object, java.lang.Object, java.lang.Object)'> (0x00000000871c4748) thrown at [./src/hotspot/share/interpreter/linkResolver.cpp, line 773]
Event: 6.004 Thread 0x000001a8e27d7800 Exception <a 'java/lang/NoSuchMethodError'{0x00000000871c9860}: 'java.lang.Object java.lang.invoke.DirectMethodHandle$Holder.invokeSpecial(java.lang.Object, java.lang.Object, java.lang.Object, java.lang.Object, java.lang.Object, java.lang.Object, java.lang.Object, java.lang.Object, java.lang.Object, java.lang.Object, java.lang.Object, java.lang.Object)'> (0x00000000871c9860) thrown at [./src/hotspot/share/interpreter/linkResolver.cpp, line 773]
Event: 6.036 Thread 0x000001a8e27d7800 Exception <a 'java/lang/NoSuchMethodError'{0x0000000086f25830}: 'java.lang.Object java.lang.invoke.DirectMethodHandle$Holder.invokeSpecial(java.lang.Object, java.lang.Object, java.lang.Object, java.lang.Object, java.lang.Object, java.lang.Object, java.lang.Object, java.lang.Object, java.lang.Object)'> (0x0000000086f25830) thrown at [./src/hotspot/share/interpreter/linkResolver.cpp, line 773]
Event: 6.128 Thread 0x000001a8e27d7800 Exception <a 'java/lang/NoSuchMethodError'{0x0000000086814540}: 'void java.lang.invoke.DirectMethodHandle$Holder.invokeStaticInit(java.lang.Object)'> (0x0000000086814540) thrown at [./src/hotspot/share/interpreter/linkResolver.cpp, line 773]
Event: 6.144 Thread 0x000001a8e27d7800 Exception <a 'java/lang/NoSuchMethodError'{0x00000000868b5e88}: 'java.lang.Object java.lang.invoke.DirectMethodHandle$Holder.invokeStatic(java.lang.Object, java.lang.Object, java.lang.Object, int)'> (0x00000000868b5e88) thrown at [./src/hotspot/share/interpreter/linkResolver.cpp, line 773]
Event: 6.145 Thread 0x000001a8e27d7800 Exception <a 'java/lang/NoSuchMethodError'{0x00000000868ba050}: 'java.lang.Object java.lang.invoke.DirectMethodHandle$Holder.invokeSpecial(java.lang.Object, java.lang.Object, java.lang.Object, java.lang.Object, int)'> (0x00000000868ba050) thrown at [./src/hotspot/share/interpreter/linkResolver.cpp, line 773]
Event: 6.145 Thread 0x000001a8e27d7800 Exception <a 'java/lang/NoSuchMethodError'{0x0000000086700a60}: 'java.lang.Object java.lang.invoke.Invokers$Holder.linkToTargetMethod(java.lang.Object, java.lang.Object, int, java.lang.Object)'> (0x0000000086700a60) thrown at [./src/hotspot/share/interpreter/linkResolver.cpp, line 773]
Event: 6.520 Thread 0x000001a8e27d7800 Exception <a 'java/lang/NoSuchMethodError'{0x0000000086ba1c38}: 'int java.lang.invoke.DirectMethodHandle$Holder.invokeSpecialIFC(java.lang.Object, java.lang.Object, java.lang.Object, java.lang.Object)'> (0x0000000086ba1c38) thrown at [./src/hotspot/share/interpreter/linkResolver.cpp, line 773]
Event: 6.523 Thread 0x000001a8e27d7800 Exception <a 'java/lang/NoSuchMethodError'{0x0000000086bafbf0}: 'java.lang.Object java.lang.invoke.DirectMethodHandle$Holder.invokeInterface(java.lang.Object, java.lang.Object, java.lang.Object)'> (0x0000000086bafbf0) thrown at [./src/hotspot/share/interpreter/linkResolver.cpp, line 773]
Event: 6.524 Thread 0x000001a8e27d7800 Exception <a 'java/lang/IncompatibleClassChangeError'{0x0000000086bb30c8}: Found class java.lang.Object, but interface was expected> (0x0000000086bb30c8) thrown at [./src/hotspot/share/interpreter/linkResolver.cpp, line 839]
Event: 6.768 Thread 0x000001a8e27d7800 Exception <a 'java/lang/NoSuchMethodError'{0x000000008535fcf0}: 'java.lang.Object java.lang.invoke.DirectMethodHandle$Holder.invokeVirtual(java.lang.Object, java.lang.Object, java.lang.Object, java.lang.Object)'> (0x000000008535fcf0) thrown at [./src/hotspot/share/interpreter/linkResolver.cpp, line 773]
Event: 6.820 Thread 0x000001a8e27d7800 Exception <a 'java/lang/NoSuchMethodError'{0x00000000850190f0}: 'java.lang.Object java.lang.invoke.Invokers$Holder.linkToTargetMethod(java.lang.Object, java.lang.Object, java.lang.Object, java.lang.Object, java.lang.Object, java.lang.Object, java.lang.Object)'> (0x00000000850190f0) thrown at [./src/hotspot/share/interpreter/linkResolver.cpp, line 773]
Event: 6.851 Thread 0x000001a8e27d7800 Exception <a 'java/lang/NoSuchMethodError'{0x0000000084fad9c8}: 'java.lang.Object java.lang.invoke.DirectMethodHandle$Holder.invokeVirtual(java.lang.Object, java.lang.Object, java.lang.Object, java.lang.Object, java.lang.Object, java.lang.Object, java.lang.Object, java.lang.Object, java.lang.Object, java.lang.Object, java.lang.Object, java.lang.Object, java.lang.Object, java.lang.Object, java.lang.Object, java.lang.Object, java.lang.Object, java.lang.Object, java.lang.Object, java.lang.Object, java.lang.Ob
Event: 6.956 Thread 0x000001a8e27d7800 Exception <a 'java/lang/NoSuchMethodError'{0x000000008487b510}: 'void java.lang.invoke.DirectMethodHandle$Holder.invokeStatic(java.lang.Object, java.lang.Object, java.lang.Object, java.lang.Object, java.lang.Object)'> (0x000000008487b510) thrown at [./src/hotspot/share/interpreter/linkResolver.cpp, line 773]
Event: 6.982 Thread 0x000001a8e27d7800 Implicit null exception at 0x000001a8d12ce0bb to 0x000001a8d12ce74e
Event: 7.159 Thread 0x000001a8e27d7800 Exception <a 'java/lang/NoSuchMethodError'{0x00000000879ec9e0}: 'void java.lang.invoke.DirectMethodHandle$Holder.invokeStaticInit(java.lang.Object, java.lang.Object)'> (0x00000000879ec9e0) thrown at [./src/hotspot/share/interpreter/linkResolver.cpp, line 773]

Events (20 events):
Event: 7.282 loading class com/google/common/util/concurrent/AbstractFuture$SynchronizedHelper
Event: 7.282 loading class com/google/common/util/concurrent/AbstractFuture$SynchronizedHelper done
Event: 7.283 loading class java/util/concurrent/TimeoutException
Event: 7.283 loading class java/util/concurrent/TimeoutException done
Event: 7.283 loading class java/util/concurrent/CancellationException
Event: 7.283 loading class java/util/concurrent/CancellationException done
Event: 7.284 loading class com/google/common/util/concurrent/AbstractFuture$UnsafeAtomicHelper$1
Event: 7.284 loading class com/google/common/util/concurrent/AbstractFuture$UnsafeAtomicHelper$1 done
Event: 7.285 loading class com/google/common/util/concurrent/AbstractFuture$Listener
Event: 7.285 loading class com/google/common/util/concurrent/AbstractFuture$Listener done
Event: 7.285 loading class com/google/common/util/concurrent/AbstractFuture$Waiter
Event: 7.285 loading class com/google/common/util/concurrent/AbstractFuture$Waiter done
Event: 7.286 loading class com/google/common/base/Stopwatch
Event: 7.286 loading class com/google/common/base/Stopwatch done
Event: 7.287 loading class com/google/common/cache/LocalCache$StrongAccessEntry
Event: 7.287 loading class com/google/common/cache/LocalCache$StrongAccessEntry done
Event: 7.287 loading class com/google/common/cache/LocalCache$NullEntry
Event: 7.287 loading class com/google/common/cache/LocalCache$NullEntry done
Event: 7.288 loading class com/google/common/base/Platform
Event: 7.288 loading class com/google/common/base/Platform done


Dynamic libraries:
0x00007ff6779d0000 - 0x00007ff6779da000 	C:\Program Files\Android\Android Studio\jre\bin\java.exe
0x00007ff8a9b10000 - 0x00007ff8a9d08000 	C:\Windows\SYSTEM32\ntdll.dll
0x00007ff8a8ca0000 - 0x00007ff8a8d5f000 	C:\Windows\System32\KERNEL32.DLL
0x00007ff8a7560000 - 0x00007ff8a7856000 	C:\Windows\System32\KERNELBASE.dll
0x00007ff8a72a0000 - 0x00007ff8a73a0000 	C:\Windows\System32\ucrtbase.dll
0x00007ff894d40000 - 0x00007ff894d59000 	C:\Program Files\Android\Android Studio\jre\bin\jli.dll
0x00007ff8a0180000 - 0x00007ff8a0197000 	C:\Program Files\Android\Android Studio\jre\bin\VCRUNTIME140.dll
0x00007ff8a8b00000 - 0x00007ff8a8c9d000 	C:\Windows\System32\USER32.dll
0x00007ff8a7530000 - 0x00007ff8a7552000 	C:\Windows\System32\win32u.dll
0x00007ff8a9700000 - 0x00007ff8a972c000 	C:\Windows\System32\GDI32.dll
0x00007ff892520000 - 0x00007ff8927ba000 	C:\Windows\WinSxS\amd64_microsoft.windows.common-controls_6595b64144ccf1df_6.0.19041.1110_none_60b5254171f9507e\COMCTL32.dll
0x00007ff8a7410000 - 0x00007ff8a7525000 	C:\Windows\System32\gdi32full.dll
0x00007ff8a91b0000 - 0x00007ff8a924e000 	C:\Windows\System32\msvcrt.dll
0x00007ff8a7a50000 - 0x00007ff8a7aed000 	C:\Windows\System32\msvcp_win.dll
0x00007ff8a9740000 - 0x00007ff8a9770000 	C:\Windows\System32\IMM32.DLL
0x00007ff894ca0000 - 0x00007ff894d3d000 	C:\Program Files\Android\Android Studio\jre\bin\msvcp140.dll
0x00007ff8776e0000 - 0x00007ff8781e2000 	C:\Program Files\Android\Android Studio\jre\bin\server\jvm.dll
0x00007ff8a7d00000 - 0x00007ff8a7daf000 	C:\Windows\System32\ADVAPI32.dll
0x00007ff8a9660000 - 0x00007ff8a96fc000 	C:\Windows\System32\sechost.dll
0x00007ff8a7bd0000 - 0x00007ff8a7cf6000 	C:\Windows\System32\RPCRT4.dll
0x00007ff8a94f0000 - 0x00007ff8a94f8000 	C:\Windows\System32\PSAPI.DLL
0x00007ff8a12b0000 - 0x00007ff8a12b9000 	C:\Windows\SYSTEM32\WSOCK32.dll
0x00007ff891170000 - 0x00007ff891197000 	C:\Windows\SYSTEM32\WINMM.dll
0x00007ff8a9250000 - 0x00007ff8a92bb000 	C:\Windows\System32\WS2_32.dll
0x00007ff8968e0000 - 0x00007ff8968ea000 	C:\Windows\SYSTEM32\VERSION.dll
0x00007ff8a5120000 - 0x00007ff8a5132000 	C:\Windows\SYSTEM32\kernel.appcore.dll
0x00007ff8a1290000 - 0x00007ff8a12a1000 	C:\Program Files\Android\Android Studio\jre\bin\verify.dll
0x00007ff891c70000 - 0x00007ff891e54000 	C:\Windows\SYSTEM32\DBGHELP.DLL
0x00007ff891c30000 - 0x00007ff891c64000 	C:\Windows\SYSTEM32\dbgcore.DLL
0x00007ff8a7860000 - 0x00007ff8a78e2000 	C:\Windows\System32\bcryptPrimitives.dll
0x00007ff8a1110000 - 0x00007ff8a1139000 	C:\Program Files\Android\Android Studio\jre\bin\java.dll
0x00007ff8a1280000 - 0x00007ff8a128b000 	C:\Program Files\Android\Android Studio\jre\bin\jimage.dll
0x00007ff8a10f0000 - 0x00007ff8a1108000 	C:\Program Files\Android\Android Studio\jre\bin\zip.dll
0x00007ff8a83b0000 - 0x00007ff8a8af4000 	C:\Windows\System32\SHELL32.dll
0x00007ff8a5290000 - 0x00007ff8a5a23000 	C:\Windows\SYSTEM32\windows.storage.dll
0x00007ff8a8d60000 - 0x00007ff8a90b4000 	C:\Windows\System32\combase.dll
0x00007ff8a6c30000 - 0x00007ff8a6c5e000 	C:\Windows\SYSTEM32\Wldp.dll
0x00007ff8a9500000 - 0x00007ff8a95ad000 	C:\Windows\System32\SHCORE.dll
0x00007ff8a9980000 - 0x00007ff8a99d5000 	C:\Windows\System32\shlwapi.dll
0x00007ff8a7120000 - 0x00007ff8a7145000 	C:\Windows\SYSTEM32\profapi.dll
0x00007ff8a10d0000 - 0x00007ff8a10ea000 	C:\Program Files\Android\Android Studio\jre\bin\net.dll
0x00007ff89acc0000 - 0x00007ff89adca000 	C:\Windows\SYSTEM32\WINHTTP.dll
0x00007ff8a6990000 - 0x00007ff8a69fa000 	C:\Windows\system32\mswsock.dll
0x00007ff8a10b0000 - 0x00007ff8a10c4000 	C:\Program Files\Android\Android Studio\jre\bin\nio.dll
0x00007ff8a0630000 - 0x00007ff8a0657000 	C:\Users\hp\.gradle\native\68d5fa5c4cc2d200863cafc0d521ce42e7d3e7ee720ec0a83991735586a16f82\windows-amd64\native-platform.dll
0x00007ff8744c0000 - 0x00007ff874604000 	C:\Users\hp\.gradle\native\e376f236ea51e6404a007f0833ffe2c6e607c4080706a723a18a27aeea778392\windows-amd64\native-platform-file-events.dll
0x00007ff8a1270000 - 0x00007ff8a127a000 	C:\Program Files\Android\Android Studio\jre\bin\management.dll
0x00007ff8a11b0000 - 0x00007ff8a11bd000 	C:\Program Files\Android\Android Studio\jre\bin\management_ext.dll
0x00007ff8a6b80000 - 0x00007ff8a6b98000 	C:\Windows\SYSTEM32\CRYPTSP.dll
0x00007ff8a6230000 - 0x00007ff8a6264000 	C:\Windows\system32\rsaenh.dll
0x00007ff8a7af0000 - 0x00007ff8a7b17000 	C:\Windows\System32\bcrypt.dll
0x00007ff8a70a0000 - 0x00007ff8a70ce000 	C:\Windows\SYSTEM32\USERENV.dll
0x00007ff8a6ba0000 - 0x00007ff8a6bac000 	C:\Windows\SYSTEM32\CRYPTBASE.dll
0x00007ff8a6630000 - 0x00007ff8a666b000 	C:\Windows\SYSTEM32\IPHLPAPI.DLL
0x00007ff8a7f30000 - 0x00007ff8a7f38000 	C:\Windows\System32\NSI.dll
0x00007ff89d9d0000 - 0x00007ff89d9e7000 	C:\Windows\SYSTEM32\dhcpcsvc6.DLL
0x00007ff89d950000 - 0x00007ff89d96d000 	C:\Windows\SYSTEM32\dhcpcsvc.DLL
0x00007ff8a6680000 - 0x00007ff8a674a000 	C:\Windows\SYSTEM32\DNSAPI.dll

dbghelp: loaded successfully - version: 4.0.5 - missing functions: none
symbol engine: initialized successfully - sym options: 0x614 - pdb path: .;C:\Program Files\Android\Android Studio\jre\bin;C:\Windows\SYSTEM32;C:\Windows\WinSxS\amd64_microsoft.windows.common-controls_6595b64144ccf1df_6.0.19041.1110_none_60b5254171f9507e;C:\Program Files\Android\Android Studio\jre\bin\server;C:\Users\hp\.gradle\native\68d5fa5c4cc2d200863cafc0d521ce42e7d3e7ee720ec0a83991735586a16f82\windows-amd64;C:\Users\hp\.gradle\native\e376f236ea51e6404a007f0833ffe2c6e607c4080706a723a18a27aeea778392\windows-amd64

VM Arguments:
jvm_args: --add-opens=java.base/java.util=ALL-UNNAMED --add-opens=java.base/java.lang=ALL-UNNAMED --add-opens=java.base/java.lang.invoke=ALL-UNNAMED --add-opens=java.prefs/java.util.prefs=ALL-UNNAMED --add-opens=java.base/java.nio.charset=ALL-UNNAMED --add-opens=java.base/java.net=ALL-UNNAMED --add-opens=java.base/java.util.concurrent.atomic=ALL-UNNAMED -Xmx2048m -Dfile.encoding=UTF-8 -Duser.country=US -Duser.language=en -Duser.variant 
java_command: org.gradle.launcher.daemon.bootstrap.GradleDaemon 8.0
java_class_path (initial): C:\Users\hp\.gradle\wrapper\dists\gradle-8.0-bin\ca5e32bp14vu59qr306oxotwh\gradle-8.0\lib\gradle-launcher-8.0.jar
Launcher Type: SUN_STANDARD

[Global flags]
     intx CICompilerCount                          = 3                                         {product} {ergonomic}
     uint ConcGCThreads                            = 1                                         {product} {ergonomic}
     uint G1ConcRefinementThreads                  = 4                                         {product} {ergonomic}
   size_t G1HeapRegionSize                         = 1048576                                   {product} {ergonomic}
    uintx GCDrainStackTargetSize                   = 64                                        {product} {ergonomic}
   size_t InitialHeapSize                          = 134217728                                 {product} {ergonomic}
   size_t MarkStackSize                            = 4194304                                   {product} {ergonomic}
   size_t MaxHeapSize                              = 2147483648                                {product} {command line}
   size_t MaxNewSize                               = 1287651328                                {product} {ergonomic}
   size_t MinHeapDeltaBytes                        = 1048576                                   {product} {ergonomic}
    uintx NonNMethodCodeHeapSize                   = 5830732                                {pd product} {ergonomic}
    uintx NonProfiledCodeHeapSize                  = 122913754                              {pd product} {ergonomic}
    uintx ProfiledCodeHeapSize                     = 122913754                              {pd product} {ergonomic}
    uintx ReservedCodeCacheSize                    = 251658240                              {pd product} {ergonomic}
     bool SegmentedCodeCache                       = true                                      {product} {ergonomic}
     bool UseCompressedClassPointers               = true                                 {lp64_product} {ergonomic}
     bool UseCompressedOops                        = true                                 {lp64_product} {ergonomic}
     bool UseG1GC                                  = true                                      {product} {ergonomic}
     bool UseLargePagesIndividualAllocation        = false                                  {pd product} {ergonomic}

Logging:
Log output configuration:
 #0: stdout all=warning uptime,level,tags
 #1: stderr all=off uptime,level,tags

Environment Variables:
PATH=C:\Program Files (x86)\VMware\VMware Workstation\bin\;C:\Program Files (x86)\NVIDIA Corporation\PhysX\Common;C:\Windows\system32;C:\Windows;C:\Windows\System32\Wbem;C:\Windows\System32\WindowsPowerShell\v1.0\;C:\Windows\System32\OpenSSH\;C:\Users\hp\Documents\Java\jdk1.8.0_111\bin;c:\Program Files (x86)\Microsoft SQL Server\90\Tools\binn\;C:\Program Files\dotnet\;C:\Program Files\Microsoft SQL Server\150\Tools\Binn\;C:\Program Files\Microsoft SQL Server\Client SDK\ODBC\170\Tools\Binn\;C:\Program Files\Git\cmd;C:\Program Files\nodejs\;C:\ProgramData\chocolatey\bin;C:\Users\hp\AppData\Local\Programs\Python\Python310\Scripts\;C:\Users\hp\AppData\Local\Programs\Python\Python310\;C:\Users\hp\AppData\Local\Programs\Python\Launcher\;C:\Users\hp\AppData\Local\Microsoft\WindowsApps;C:\Program Files\Java\jdk1.8.0_111\bin;;C:\Program Files\JetBrains\PyCharm Community Edition 2022.3.1\bin;;C:\Users\hp\.dotnet\tools;C:\Users\hp\AppData\Roaming\npm;C:\Users\hp\AppData\Local\Programs\Microsoft VS Code\bin
USERNAME=hp
OS=Windows_NT
PROCESSOR_IDENTIFIER=Intel64 Family 6 Model 69 Stepping 1, GenuineIntel



---------------  S Y S T E M  ---------------

OS: Windows 10 , 64 bit Build 19041 (10.0.19041.3155)
OS uptime: 0 days 1:57 hours

CPU:total 4 (initial active 4) (2 cores per cpu, 2 threads per core) family 6 model 69 stepping 1 microcode 0x25, cmov, cx8, fxsr, mmx, sse, sse2, sse3, ssse3, sse4.1, sse4.2, popcnt, avx, avx2, aes, clmul, erms, lzcnt, ht, tsc, tscinvbit, bmi1, bmi2, fma

Memory: 4k page, system-wide physical 8089M (2484M free)
TotalPageFile size 10949M (AvailPageFile size 5M)
current process WorkingSet (physical memory assigned to process): 210M, peak: 210M
current process commit charge ("private bytes"): 294M, peak: 294M

vm_info: OpenJDK 64-Bit Server VM (11.0.13+0-b1751.21-8125866) for windows-amd64 JRE (11.0.13+0-b1751.21-8125866), built on Feb  2 2022 03:00:22 by "builder" with MS VC++ 14.0 (VS2015)

END.
