#
# There is insufficient memory for the Java Runtime Environment to continue.
# Native memory allocation (mmap) failed to map 27262976 bytes for Failed to commit area from 0x0000000088000000 to 0x0000000089a00000 of length 27262976.
# Possible reasons:
#   The system is out of physical RAM or swap space
#   The process is running with CompressedOops enabled, and the Java Heap may be blocking the growth of the native heap
# Possible solutions:
#   Reduce memory load on the system
#   Increase physical memory or swap space
#   Check if swap backing store is full
#   Decrease Java heap size (-Xmx/-Xms)
#   Decrease number of Java threads
#   Decrease Java thread stack sizes (-Xss)
#   Set larger code cache with -XX:ReservedCodeCacheSize=
#   JVM is running with Unscaled Compressed Oops mode in which the Java heap is
#     placed in the first 4GB address space. The Java Heap base address is the
#     maximum limit for the native heap growth. Please use -XX:HeapBaseMinAddress
#     to set the Java Heap base and to place the Java Heap above 4GB virtual address.
# This output file may be truncated or incomplete.
#
#  Out of Memory Error (./src/hotspot/os/windows/os_windows.cpp:3619), pid=12252, tid=9120
#
# JRE version: OpenJDK Runtime Environment (11.0.13) (build 11.0.13+0-b1751.21-8125866)
# Java VM: OpenJDK 64-Bit Server VM (11.0.13+0-b1751.21-8125866, mixed mode, tiered, compressed oops, g1 gc, windows-amd64)
# No core dump will be written. Minidumps are not enabled by default on client versions of Windows
#

---------------  S U M M A R Y ------------

Command Line: --add-opens=java.base/java.util=ALL-UNNAMED --add-opens=java.base/java.lang=ALL-UNNAMED --add-opens=java.base/java.lang.invoke=ALL-UNNAMED --add-opens=java.base/java.util=ALL-UNNAMED --add-opens=java.prefs/java.util.prefs=ALL-UNNAMED --add-opens=java.prefs/java.util.prefs=ALL-UNNAMED --add-opens=java.base/java.nio.charset=ALL-UNNAMED --add-opens=java.base/java.net=ALL-UNNAMED --add-opens=java.base/java.util.concurrent.atomic=ALL-UNNAMED -Xmx2048m -Dfile.encoding=UTF-8 -Duser.country=US -Duser.language=en -Duser.variant org.gradle.launcher.daemon.bootstrap.GradleDaemon 7.5

Host: Intel(R) Core(TM) i5-4300U CPU @ 1.90GHz, 4 cores, 7G,  Windows 10 , 64 bit Build 19041 (10.0.19041.3155)
Time: Thu Aug 24 19:47:15 2023 E. Africa Standard Time elapsed time: 6.948979 seconds (0d 0h 0m 6s)

---------------  T H R E A D  ---------------

Current thread (0x00000171e76c2800):  VMThread "VM Thread" [stack: 0x0000000ea2300000,0x0000000ea2400000] [id=9120]

Stack: [0x0000000ea2300000,0x0000000ea2400000]
[error occurred during error reporting (printing stack bounds), id 0xc0000005, EXCEPTION_ACCESS_VIOLATION (0xc0000005) at pc=0x00000171d160112d]

Native frames: (J=compiled Java code, j=interpreted, Vv=VM code, C=native code)
V  [jvm.dll+0x6100fa]
V  [jvm.dll+0x747090]
V  [jvm.dll+0x7486ad]
V  [jvm.dll+0x748ce5]
V  [jvm.dll+0x748c9b]
V  [jvm.dll+0x60f224]
V  [jvm.dll+0x60f9b8]
C  [ntdll.dll+0xa23df]
C  [ntdll.dll+0x514b4]
C  [ntdll.dll+0xa0eee]
C  0x00000171d160112d

VM_Operation (0x0000000ea38f3e20): CollectForMetadataAllocation, mode: safepoint, requested by thread 0x00000171ea68f000


---------------  P R O C E S S  ---------------

Threads class SMR info:
_java_thread_list=0x00000171eb5078a0, length=36, elements={
0x00000171cdadf000, 0x00000171e771a800, 0x00000171e7711000, 0x00000171e7724000,
0x00000171e7f30800, 0x00000171e7f32000, 0x00000171e7f35800, 0x00000171e7f3d000,
0x00000171e7f41800, 0x00000171e80e9800, 0x00000171e9f25800, 0x00000171e831a000,
0x00000171e8d55000, 0x00000171e8ff0800, 0x00000171e9013800, 0x00000171ea887000,
0x00000171e92ff800, 0x00000171ea68f000, 0x00000171e9e33000, 0x00000171ea1c9800,
0x00000171ea87e800, 0x00000171ea880000, 0x00000171ea87c000, 0x00000171ea87f000,
0x00000171ea881000, 0x00000171ea87c800, 0x00000171ea87b000, 0x00000171ea881800,
0x00000171ea87d800, 0x00000171eac93800, 0x00000171eac99800, 0x00000171eac97000,
0x00000171eac98000, 0x00000171eac9a800, 0x00000171eac98800, 0x00000171eac94800
}

Java Threads: ( => current thread )
  0x00000171cdadf000 JavaThread "main" [_thread_blocked, id=1392, stack(0x0000000ea1d00000,0x0000000ea1e00000)]
  0x00000171e771a800 JavaThread "Reference Handler" daemon [_thread_blocked, id=1124, stack(0x0000000ea2400000,0x0000000ea2500000)]
  0x00000171e7711000 JavaThread "Finalizer" daemon [_thread_blocked, id=3316, stack(0x0000000ea2500000,0x0000000ea2600000)]
  0x00000171e7724000 JavaThread "Signal Dispatcher" daemon [_thread_blocked, id=5864, stack(0x0000000ea2600000,0x0000000ea2700000)]
  0x00000171e7f30800 JavaThread "Attach Listener" daemon [_thread_blocked, id=10828, stack(0x0000000ea2700000,0x0000000ea2800000)]
  0x00000171e7f32000 JavaThread "Service Thread" daemon [_thread_blocked, id=7804, stack(0x0000000ea2800000,0x0000000ea2900000)]
  0x00000171e7f35800 JavaThread "C2 CompilerThread0" daemon [_thread_blocked, id=9948, stack(0x0000000ea2900000,0x0000000ea2a00000)]
  0x00000171e7f3d000 JavaThread "C1 CompilerThread0" daemon [_thread_blocked, id=5704, stack(0x0000000ea2a00000,0x0000000ea2b00000)]
  0x00000171e7f41800 JavaThread "Sweeper thread" daemon [_thread_blocked, id=11608, stack(0x0000000ea2b00000,0x0000000ea2c00000)]
  0x00000171e80e9800 JavaThread "Common-Cleaner" daemon [_thread_blocked, id=8048, stack(0x0000000ea2c00000,0x0000000ea2d00000)]
  0x00000171e9f25800 JavaThread "Daemon health stats" [_thread_blocked, id=10580, stack(0x0000000ea3100000,0x0000000ea3200000)]
  0x00000171e831a000 JavaThread "Incoming local TCP Connector on port 14058" [_thread_in_native, id=11044, stack(0x0000000ea2e00000,0x0000000ea2f00000)]
  0x00000171e8d55000 JavaThread "Daemon periodic checks" [_thread_blocked, id=3336, stack(0x0000000ea3300000,0x0000000ea3400000)]
  0x00000171e8ff0800 JavaThread "Daemon" [_thread_blocked, id=11848, stack(0x0000000ea3400000,0x0000000ea3500000)]
  0x00000171e9013800 JavaThread "Handler for socket connection from /127.0.0.1:14058 to /127.0.0.1:14059" [_thread_in_native, id=3464, stack(0x0000000ea3500000,0x0000000ea3600000)]
  0x00000171ea887000 JavaThread "C2 CompilerThread1" daemon [_thread_blocked, id=6188, stack(0x0000000ea3600000,0x0000000ea3700000)]
  0x00000171e92ff800 JavaThread "Cancel handler" [_thread_blocked, id=1240, stack(0x0000000ea3700000,0x0000000ea3800000)]
  0x00000171ea68f000 JavaThread "Daemon worker" [_thread_blocked, id=3124, stack(0x0000000ea3800000,0x0000000ea3900000)]
  0x00000171e9e33000 JavaThread "Asynchronous log dispatcher for DefaultDaemonConnection: socket connection from /127.0.0.1:14058 to /127.0.0.1:14059" [_thread_blocked, id=8468, stack(0x0000000ea3900000,0x0000000ea3a00000)]
  0x00000171ea1c9800 JavaThread "Stdin handler" [_thread_blocked, id=5448, stack(0x0000000ea3a00000,0x0000000ea3b00000)]
  0x00000171ea87e800 JavaThread "Daemon client event forwarder" [_thread_blocked, id=3024, stack(0x0000000ea3b00000,0x0000000ea3c00000)]
  0x00000171ea880000 JavaThread "Cache worker for journal cache (C:\Users\hp\.gradle\caches\journal-1)" [_thread_blocked, id=3172, stack(0x0000000ea3c00000,0x0000000ea3d00000)]
  0x00000171ea87c000 JavaThread "File lock request listener" [_thread_in_native, id=8312, stack(0x0000000ea3d00000,0x0000000ea3e00000)]
  0x00000171ea87f000 JavaThread "Cache worker for file hash cache (C:\Users\hp\.gradle\caches\7.5\fileHashes)" [_thread_blocked, id=9844, stack(0x0000000ea3e00000,0x0000000ea3f00000)]
  0x00000171ea881000 JavaThread "File watcher server" daemon [_thread_in_native, id=8392, stack(0x0000000ea3f00000,0x0000000ea4000000)]
  0x00000171ea87c800 JavaThread "File watcher consumer" daemon [_thread_blocked, id=12220, stack(0x0000000ea4000000,0x0000000ea4100000)]
  0x00000171ea87b000 JavaThread "jar transforms" [_thread_blocked, id=5744, stack(0x0000000ea4100000,0x0000000ea4200000)]
  0x00000171ea881800 JavaThread "jar transforms Thread 2" [_thread_blocked, id=6244, stack(0x0000000ea4200000,0x0000000ea4300000)]
  0x00000171ea87d800 JavaThread "jar transforms Thread 3" [_thread_blocked, id=6584, stack(0x0000000ea4300000,0x0000000ea4400000)]
  0x00000171eac93800 JavaThread "jar transforms Thread 4" [_thread_blocked, id=10956, stack(0x0000000ea4400000,0x0000000ea4500000)]
  0x00000171eac99800 JavaThread "Cache worker for checksums cache (C:\Users\hp\Desktop\eCommerceApp\.gradle\7.5\checksums)" [_thread_blocked, id=3132, stack(0x0000000ea4500000,0x0000000ea4600000)]
  0x00000171eac97000 JavaThread "Cache worker for cache directory md-rule (C:\Users\hp\.gradle\caches\7.5\md-rule)" [_thread_blocked, id=10236, stack(0x0000000ea4600000,0x0000000ea4700000)]
  0x00000171eac98000 JavaThread "Cache worker for file content cache (C:\Users\hp\.gradle\caches\7.5\fileContent)" [_thread_blocked, id=8076, stack(0x0000000ea4700000,0x0000000ea4800000)]
  0x00000171eac9a800 JavaThread "Cache worker for file hash cache (C:\Users\hp\Desktop\eCommerceApp\.gradle\7.5\fileHashes)" [_thread_blocked, id=2404, stack(0x0000000ea4800000,0x0000000ea4900000)]
  0x00000171eac98800 JavaThread "Cache worker for cache directory md-supplier (C:\Users\hp\.gradle\caches\7.5\md-supplier)" [_thread_blocked, id=9328, stack(0x0000000ea4900000,0x0000000ea4a00000)]
  0x00000171eac94800 JavaThread "Cache worker for execution history cache (C:\Users\hp\.gradle\caches\7.5\executionHistory)" [_thread_blocked, id=11664, stack(0x0000000ea4a00000,0x0000000ea4b00000)]

Other Threads:
=>0x00000171e76c2800 VMThread "VM Thread" [stack: 0x0000000ea2300000,0x0000000ea2400000] [id=9120]
  0x00000171e8103800 WatcherThread [stack: 0x0000000ea2d00000,0x0000000ea2e00000] [id=11376]
  0x00000171cdaf7800 GCTaskThread "GC Thread#0" [stack: 0x0000000ea1e00000,0x0000000ea1f00000] [id=11552]
  0x00000171e86ef800 GCTaskThread "GC Thread#1" [stack: 0x0000000ea2f00000,0x0000000ea3000000] [id=11716]
  0x00000171e86d6000 GCTaskThread "GC Thread#2" [stack: 0x0000000ea3000000,0x0000000ea3100000] [id=6448]
  0x00000171eab14000 GCTaskThread "GC Thread#3" [stack: 0x0000000ea3200000,0x0000000ea3300000] [id=384]
  0x00000171cdb28000 ConcurrentGCThread "G1 Main Marker" [stack: 0x0000000ea1f00000,0x0000000ea2000000] [id=10780]
  0x00000171cdb29800 ConcurrentGCThread "G1 Conc#0" [stack: 0x0000000ea2000000,0x0000000ea2100000] [id=9440]
  0x00000171cdbb8000 ConcurrentGCThread "G1 Refine#0" [stack: 0x0000000ea2100000,0x0000000ea2200000] [id=3192]
  0x00000171cdbb9000 ConcurrentGCThread "G1 Young RemSet Sampling" [stack: 0x0000000ea2200000,0x0000000ea2300000] [id=7184]

Threads with active compile tasks:
C2 CompilerThread0   6961 3034       4       jdk.internal.loader.URLClassPath::getResource (74 bytes)
C2 CompilerThread1   6961 2965  s!   4       jdk.internal.loader.URLClassPath::getLoader (194 bytes)

VM state:at safepoint (normal execution)

VM Mutex/Monitor currently owned by a thread:  ([mutex/lock_event])
[0x00000171cdada880] Threads_lock - owner thread: 0x00000171e76c2800
[0x00000171cdadab50] Heap_lock - owner thread: 0x00000171ea68f000

Heap address: 0x0000000080000000, size: 2048 MB, Compressed Oops mode: 32-bit
Narrow klass base: 0x0000000000000000, Narrow klass shift: 3
Compressed class space size: 1073741824 Address: 0x0000000100000000

Heap:
 garbage-first heap   total 157696K, used 52492K [0x0000000080000000, 0x0000000100000000)
  region size 1024K, 3 young (3072K), 3 survivors (3072K)
 Metaspace       used 34931K, capacity 35970K, committed 36048K, reserved 1081344K
  class space    used 4674K, capacity 5077K, committed 5152K, reserved 1048576K
Heap Regions: E=young(eden), S=young(survivor), O=old, HS=humongous(starts), HC=humongous(continues), CS=collection set, F=free, A=archive, TAMS=top-at-mark-start (previous, next)
|   0|0x0000000080000000, 0x0000000080100000, 0x0000000080100000|100%|HS|  |TAMS 0x0000000080100000, 0x0000000080100000| Complete 
|   1|0x0000000080100000, 0x0000000080200000, 0x0000000080200000|100%|HC|  |TAMS 0x0000000080200000, 0x0000000080200000| Complete 
|   2|0x0000000080200000, 0x0000000080300000, 0x0000000080300000|100%|HC|  |TAMS 0x0000000080300000, 0x0000000080300000| Complete 
|   3|0x0000000080300000, 0x0000000080400000, 0x0000000080400000|100%| O|  |TAMS 0x0000000080400000, 0x0000000080400000| Untracked 
|   4|0x0000000080400000, 0x0000000080500000, 0x0000000080500000|100%| O|  |TAMS 0x0000000080500000, 0x0000000080500000| Untracked 
|   5|0x0000000080500000, 0x0000000080600000, 0x0000000080600000|100%| O|  |TAMS 0x0000000080600000, 0x0000000080600000| Untracked 
|   6|0x0000000080600000, 0x0000000080700000, 0x0000000080700000|100%| O|  |TAMS 0x0000000080700000, 0x0000000080700000| Untracked 
|   7|0x0000000080700000, 0x0000000080800000, 0x0000000080800000|100%| O|  |TAMS 0x0000000080800000, 0x0000000080800000| Untracked 
|   8|0x0000000080800000, 0x0000000080900000, 0x0000000080900000|100%| O|  |TAMS 0x0000000080900000, 0x0000000080900000| Untracked 
|   9|0x0000000080900000, 0x0000000080a00000, 0x0000000080a00000|100%| O|  |TAMS 0x0000000080a00000, 0x0000000080a00000| Untracked 
|  10|0x0000000080a00000, 0x0000000080b00000, 0x0000000080b00000|100%| O|  |TAMS 0x0000000080b00000, 0x0000000080b00000| Untracked 
|  11|0x0000000080b00000, 0x0000000080c00000, 0x0000000080c00000|100%| O|  |TAMS 0x0000000080c00000, 0x0000000080c00000| Untracked 
|  12|0x0000000080c00000, 0x0000000080d00000, 0x0000000080d00000|100%| O|  |TAMS 0x0000000080d00000, 0x0000000080d00000| Untracked 
|  13|0x0000000080d00000, 0x0000000080e00000, 0x0000000080e00000|100%| O|  |TAMS 0x0000000080e00000, 0x0000000080e00000| Untracked 
|  14|0x0000000080e00000, 0x0000000080f00000, 0x0000000080f00000|100%| O|  |TAMS 0x0000000080ed7600, 0x0000000080f00000| Untracked 
|  15|0x0000000080f00000, 0x0000000081000000, 0x0000000081000000|100%|HS|  |TAMS 0x0000000080f00000, 0x0000000081000000| Complete 
|  16|0x0000000081000000, 0x0000000081100000, 0x0000000081100000|100%|HC|  |TAMS 0x0000000081000000, 0x0000000081100000| Complete 
|  17|0x0000000081100000, 0x0000000081200000, 0x0000000081200000|100%|HS|  |TAMS 0x0000000081100000, 0x0000000081200000| Complete 
|  18|0x0000000081200000, 0x0000000081300000, 0x0000000081300000|100%|HC|  |TAMS 0x0000000081200000, 0x0000000081300000| Complete 
|  19|0x0000000081300000, 0x0000000081400000, 0x0000000081400000|100%|HC|  |TAMS 0x0000000081300000, 0x0000000081400000| Complete 
|  20|0x0000000081400000, 0x0000000081500000, 0x0000000081500000|100%|HS|  |TAMS 0x0000000081400000, 0x0000000081500000| Complete 
|  21|0x0000000081500000, 0x0000000081600000, 0x0000000081600000|100%|HS|  |TAMS 0x0000000081500000, 0x0000000081600000| Complete 
|  22|0x0000000081600000, 0x0000000081700000, 0x0000000081700000|100%|HC|  |TAMS 0x0000000081600000, 0x0000000081700000| Complete 
|  23|0x0000000081700000, 0x0000000081800000, 0x0000000081800000|100%|HS|  |TAMS 0x0000000081700000, 0x0000000081800000| Complete 
|  24|0x0000000081800000, 0x0000000081900000, 0x0000000081900000|100%|HC|  |TAMS 0x0000000081800000, 0x0000000081900000| Complete 
|  25|0x0000000081900000, 0x0000000081a00000, 0x0000000081a00000|100%|HC|  |TAMS 0x0000000081900000, 0x0000000081a00000| Complete 
|  26|0x0000000081a00000, 0x0000000081b00000, 0x0000000081b00000|100%|HS|  |TAMS 0x0000000081a00000, 0x0000000081b00000| Complete 
|  27|0x0000000081b00000, 0x0000000081c00000, 0x0000000081c00000|100%|HC|  |TAMS 0x0000000081b00000, 0x0000000081c00000| Complete 
|  28|0x0000000081c00000, 0x0000000081d00000, 0x0000000081d00000|100%|HC|  |TAMS 0x0000000081c00000, 0x0000000081d00000| Complete 
|  29|0x0000000081d00000, 0x0000000081e00000, 0x0000000081e00000|100%|HS|  |TAMS 0x0000000081d00000, 0x0000000081e00000| Complete 
|  30|0x0000000081e00000, 0x0000000081f00000, 0x0000000081f00000|100%|HC|  |TAMS 0x0000000081e00000, 0x0000000081f00000| Complete 
|  31|0x0000000081f00000, 0x0000000082000000, 0x0000000082000000|100%|HC|  |TAMS 0x0000000081f00000, 0x0000000082000000| Complete 
|  32|0x0000000082000000, 0x0000000082100000, 0x0000000082100000|100%|HC|  |TAMS 0x0000000082000000, 0x0000000082100000| Complete 
|  33|0x0000000082100000, 0x0000000082200000, 0x0000000082200000|100%|HS|  |TAMS 0x0000000082100000, 0x0000000082200000| Complete 
|  34|0x0000000082200000, 0x0000000082300000, 0x0000000082300000|100%|HC|  |TAMS 0x0000000082200000, 0x0000000082300000| Complete 
|  35|0x0000000082300000, 0x0000000082400000, 0x0000000082400000|100%|HC|  |TAMS 0x0000000082300000, 0x0000000082400000| Complete 
|  36|0x0000000082400000, 0x0000000082500000, 0x0000000082500000|100%|HC|  |TAMS 0x0000000082400000, 0x0000000082500000| Complete 
|  37|0x0000000082500000, 0x0000000082600000, 0x0000000082600000|100%|HC|  |TAMS 0x0000000082500000, 0x0000000082600000| Complete 
|  38|0x0000000082600000, 0x0000000082700000, 0x0000000082700000|100%| O|  |TAMS 0x0000000082600000, 0x0000000082700000| Untracked 
|  39|0x0000000082700000, 0x0000000082800000, 0x0000000082800000|100%| O|  |TAMS 0x0000000082700000, 0x0000000082800000| Untracked 
|  40|0x0000000082800000, 0x0000000082900000, 0x0000000082900000|100%| O|  |TAMS 0x0000000082800000, 0x0000000082900000| Untracked 
|  41|0x0000000082900000, 0x0000000082a00000, 0x0000000082a00000|100%| O|  |TAMS 0x0000000082900000, 0x0000000082a00000| Untracked 
|  42|0x0000000082a00000, 0x0000000082b00000, 0x0000000082b00000|100%| O|  |TAMS 0x0000000082a00000, 0x0000000082b00000| Untracked 
|  43|0x0000000082b00000, 0x0000000082c00000, 0x0000000082c00000|100%| O|  |TAMS 0x0000000082b00000, 0x0000000082c00000| Untracked 
|  44|0x0000000082c00000, 0x0000000082d00000, 0x0000000082d00000|100%| O|  |TAMS 0x0000000082c00000, 0x0000000082d00000| Untracked 
|  45|0x0000000082d00000, 0x0000000082e00000, 0x0000000082e00000|100%| O|  |TAMS 0x0000000082d00000, 0x0000000082e00000| Untracked 
|  46|0x0000000082e00000, 0x0000000082f00000, 0x0000000082f00000|100%| O|  |TAMS 0x0000000082e00000, 0x0000000082f00000| Untracked 
|  47|0x0000000082f00000, 0x0000000083000000, 0x0000000083000000|100%| O|  |TAMS 0x0000000082f00000, 0x0000000083000000| Untracked 
|  48|0x0000000083000000, 0x0000000083100000, 0x0000000083100000|100%| O|  |TAMS 0x0000000083000000, 0x0000000083100000| Untracked 
|  49|0x0000000083100000, 0x000000008311cc00, 0x0000000083200000| 11%| O|  |TAMS 0x0000000083100000, 0x000000008311cc00| Untracked 
|  50|0x0000000083200000, 0x0000000083200000, 0x0000000083300000|  0%| F|  |TAMS 0x0000000083200000, 0x0000000083200000| Untracked 
|  51|0x0000000083300000, 0x0000000083300000, 0x0000000083400000|  0%| F|  |TAMS 0x0000000083300000, 0x0000000083300000| Untracked 
|  52|0x0000000083400000, 0x0000000083400000, 0x0000000083500000|  0%| F|  |TAMS 0x0000000083400000, 0x0000000083400000| Untracked 
|  53|0x0000000083500000, 0x0000000083500000, 0x0000000083600000|  0%| F|  |TAMS 0x0000000083500000, 0x0000000083500000| Untracked 
|  54|0x0000000083600000, 0x0000000083600000, 0x0000000083700000|  0%| F|  |TAMS 0x0000000083600000, 0x0000000083600000| Untracked 
|  55|0x0000000083700000, 0x0000000083700000, 0x0000000083800000|  0%| F|  |TAMS 0x0000000083700000, 0x0000000083700000| Untracked 
|  56|0x0000000083800000, 0x0000000083800000, 0x0000000083900000|  0%| F|  |TAMS 0x0000000083800000, 0x0000000083800000| Untracked 
|  57|0x0000000083900000, 0x0000000083900000, 0x0000000083a00000|  0%| F|  |TAMS 0x0000000083900000, 0x0000000083900000| Untracked 
|  58|0x0000000083a00000, 0x0000000083a00000, 0x0000000083b00000|  0%| F|  |TAMS 0x0000000083a00000, 0x0000000083a00000| Untracked 
|  59|0x0000000083b00000, 0x0000000083b00000, 0x0000000083c00000|  0%| F|  |TAMS 0x0000000083b00000, 0x0000000083b00000| Untracked 
|  60|0x0000000083c00000, 0x0000000083c00000, 0x0000000083d00000|  0%| F|  |TAMS 0x0000000083c00000, 0x0000000083c00000| Untracked 
|  61|0x0000000083d00000, 0x0000000083d00000, 0x0000000083e00000|  0%| F|  |TAMS 0x0000000083d00000, 0x0000000083d00000| Untracked 
|  62|0x0000000083e00000, 0x0000000083e00000, 0x0000000083f00000|  0%| F|  |TAMS 0x0000000083e00000, 0x0000000083e00000| Untracked 
|  63|0x0000000083f00000, 0x0000000083f00000, 0x0000000084000000|  0%| F|  |TAMS 0x0000000083f00000, 0x0000000083f00000| Untracked 
|  64|0x0000000084000000, 0x0000000084000000, 0x0000000084100000|  0%| F|  |TAMS 0x0000000084000000, 0x0000000084000000| Untracked 
|  65|0x0000000084100000, 0x0000000084100000, 0x0000000084200000|  0%| F|  |TAMS 0x0000000084100000, 0x0000000084100000| Untracked 
|  66|0x0000000084200000, 0x0000000084200000, 0x0000000084300000|  0%| F|  |TAMS 0x0000000084200000, 0x0000000084200000| Untracked 
|  67|0x0000000084300000, 0x0000000084300000, 0x0000000084400000|  0%| F|  |TAMS 0x0000000084300000, 0x0000000084300000| Untracked 
|  68|0x0000000084400000, 0x0000000084400000, 0x0000000084500000|  0%| F|  |TAMS 0x0000000084400000, 0x0000000084400000| Untracked 
|  69|0x0000000084500000, 0x0000000084500000, 0x0000000084600000|  0%| F|  |TAMS 0x0000000084500000, 0x0000000084500000| Untracked 
|  70|0x0000000084600000, 0x0000000084600000, 0x0000000084700000|  0%| F|  |TAMS 0x0000000084600000, 0x0000000084600000| Untracked 
|  71|0x0000000084700000, 0x0000000084700000, 0x0000000084800000|  0%| F|  |TAMS 0x0000000084700000, 0x0000000084700000| Untracked 
|  72|0x0000000084800000, 0x0000000084800000, 0x0000000084900000|  0%| F|  |TAMS 0x0000000084800000, 0x0000000084800000| Untracked 
|  73|0x0000000084900000, 0x0000000084900000, 0x0000000084a00000|  0%| F|  |TAMS 0x0000000084900000, 0x0000000084900000| Untracked 
|  74|0x0000000084a00000, 0x0000000084a00000, 0x0000000084b00000|  0%| F|  |TAMS 0x0000000084a00000, 0x0000000084a00000| Untracked 
|  75|0x0000000084b00000, 0x0000000084b00000, 0x0000000084c00000|  0%| F|  |TAMS 0x0000000084b00000, 0x0000000084b00000| Untracked 
|  76|0x0000000084c00000, 0x0000000084c00000, 0x0000000084d00000|  0%| F|  |TAMS 0x0000000084c00000, 0x0000000084c00000| Untracked 
|  77|0x0000000084d00000, 0x0000000084d00000, 0x0000000084e00000|  0%| F|  |TAMS 0x0000000084d00000, 0x0000000084d00000| Untracked 
|  78|0x0000000084e00000, 0x0000000084e00000, 0x0000000084f00000|  0%| F|  |TAMS 0x0000000084e00000, 0x0000000084e00000| Untracked 
|  79|0x0000000084f00000, 0x0000000084f00000, 0x0000000085000000|  0%| F|  |TAMS 0x0000000084f00000, 0x0000000084f00000| Untracked 
|  80|0x0000000085000000, 0x0000000085000000, 0x0000000085100000|  0%| F|  |TAMS 0x0000000085000000, 0x0000000085000000| Untracked 
|  81|0x0000000085100000, 0x0000000085100000, 0x0000000085200000|  0%| F|  |TAMS 0x0000000085100000, 0x0000000085100000| Untracked 
|  82|0x0000000085200000, 0x0000000085200000, 0x0000000085300000|  0%| F|  |TAMS 0x0000000085200000, 0x0000000085200000| Untracked 
|  83|0x0000000085300000, 0x0000000085300000, 0x0000000085400000|  0%| F|  |TAMS 0x0000000085300000, 0x0000000085300000| Untracked 
|  84|0x0000000085400000, 0x0000000085400000, 0x0000000085500000|  0%| F|  |TAMS 0x0000000085400000, 0x0000000085400000| Untracked 
|  85|0x0000000085500000, 0x0000000085500000, 0x0000000085600000|  0%| F|  |TAMS 0x0000000085500000, 0x0000000085500000| Untracked 
|  86|0x0000000085600000, 0x0000000085600000, 0x0000000085700000|  0%| F|  |TAMS 0x0000000085600000, 0x0000000085600000| Untracked 
|  87|0x0000000085700000, 0x0000000085700000, 0x0000000085800000|  0%| F|  |TAMS 0x0000000085700000, 0x0000000085700000| Untracked 
|  88|0x0000000085800000, 0x0000000085800000, 0x0000000085900000|  0%| F|  |TAMS 0x0000000085800000, 0x0000000085800000| Untracked 
|  89|0x0000000085900000, 0x0000000085900000, 0x0000000085a00000|  0%| F|  |TAMS 0x0000000085900000, 0x0000000085900000| Untracked 
|  90|0x0000000085a00000, 0x0000000085a00000, 0x0000000085b00000|  0%| F|  |TAMS 0x0000000085a00000, 0x0000000085a00000| Untracked 
|  91|0x0000000085b00000, 0x0000000085b00000, 0x0000000085c00000|  0%| F|  |TAMS 0x0000000085b00000, 0x0000000085b00000| Untracked 
|  92|0x0000000085c00000, 0x0000000085c00000, 0x0000000085d00000|  0%| F|  |TAMS 0x0000000085c00000, 0x0000000085c00000| Untracked 
|  93|0x0000000085d00000, 0x0000000085d00000, 0x0000000085e00000|  0%| F|  |TAMS 0x0000000085d00000, 0x0000000085d00000| Untracked 
|  94|0x0000000085e00000, 0x0000000085e00000, 0x0000000085f00000|  0%| F|  |TAMS 0x0000000085e00000, 0x0000000085e00000| Untracked 
|  95|0x0000000085f00000, 0x0000000085f00000, 0x0000000086000000|  0%| F|  |TAMS 0x0000000085f00000, 0x0000000085f00000| Untracked 
|  96|0x0000000086000000, 0x0000000086026568, 0x0000000086100000| 14%| S|CS|TAMS 0x0000000086000000, 0x0000000086000000| Complete 
|  97|0x0000000086100000, 0x0000000086200000, 0x0000000086200000|100%| S|CS|TAMS 0x0000000086100000, 0x0000000086100000| Complete 
|  98|0x0000000086200000, 0x0000000086300000, 0x0000000086300000|100%| S|CS|TAMS 0x0000000086200000, 0x0000000086200000| Complete 
|  99|0x0000000086300000, 0x0000000086300000, 0x0000000086400000|  0%| F|  |TAMS 0x0000000086300000, 0x0000000086300000| Untracked 
| 100|0x0000000086400000, 0x0000000086400000, 0x0000000086500000|  0%| F|  |TAMS 0x0000000086400000, 0x0000000086400000| Untracked 
| 101|0x0000000086500000, 0x0000000086500000, 0x0000000086600000|  0%| F|  |TAMS 0x0000000086500000, 0x0000000086500000| Untracked 
| 102|0x0000000086600000, 0x0000000086600000, 0x0000000086700000|  0%| F|  |TAMS 0x0000000086600000, 0x0000000086600000| Untracked 
| 103|0x0000000086700000, 0x0000000086700000, 0x0000000086800000|  0%| F|  |TAMS 0x0000000086700000, 0x0000000086700000| Untracked 
| 104|0x0000000086800000, 0x0000000086800000, 0x0000000086900000|  0%| F|  |TAMS 0x0000000086800000, 0x0000000086800000| Untracked 
| 105|0x0000000086900000, 0x0000000086900000, 0x0000000086a00000|  0%| F|  |TAMS 0x0000000086900000, 0x0000000086900000| Untracked 
| 106|0x0000000086a00000, 0x0000000086a00000, 0x0000000086b00000|  0%| F|  |TAMS 0x0000000086a00000, 0x0000000086a00000| Untracked 
| 107|0x0000000086b00000, 0x0000000086b00000, 0x0000000086c00000|  0%| F|  |TAMS 0x0000000086b00000, 0x0000000086b00000| Untracked 
| 108|0x0000000086c00000, 0x0000000086c00000, 0x0000000086d00000|  0%| F|  |TAMS 0x0000000086c00000, 0x0000000086c00000| Untracked 
| 109|0x0000000086d00000, 0x0000000086d00000, 0x0000000086e00000|  0%| F|  |TAMS 0x0000000086d00000, 0x0000000086d00000| Untracked 
| 110|0x0000000086e00000, 0x0000000086e00000, 0x0000000086f00000|  0%| F|  |TAMS 0x0000000086e00000, 0x0000000086e00000| Untracked 
| 111|0x0000000086f00000, 0x0000000086f00000, 0x0000000087000000|  0%| F|  |TAMS 0x0000000086f00000, 0x0000000086f00000| Untracked 
| 112|0x0000000087000000, 0x0000000087000000, 0x0000000087100000|  0%| F|  |TAMS 0x0000000087000000, 0x0000000087000000| Untracked 
| 113|0x0000000087100000, 0x0000000087100000, 0x0000000087200000|  0%| F|  |TAMS 0x0000000087100000, 0x0000000087100000| Untracked 
| 114|0x0000000087200000, 0x0000000087200000, 0x0000000087300000|  0%| F|  |TAMS 0x0000000087200000, 0x0000000087200000| Untracked 
| 115|0x0000000087300000, 0x0000000087300000, 0x0000000087400000|  0%| F|  |TAMS 0x0000000087300000, 0x0000000087300000| Untracked 
| 116|0x0000000087400000, 0x0000000087400000, 0x0000000087500000|  0%| F|  |TAMS 0x0000000087400000, 0x0000000087400000| Untracked 
| 117|0x0000000087500000, 0x0000000087500000, 0x0000000087600000|  0%| F|  |TAMS 0x0000000087500000, 0x0000000087500000| Untracked 
| 118|0x0000000087600000, 0x0000000087600000, 0x0000000087700000|  0%| F|  |TAMS 0x0000000087600000, 0x0000000087600000| Untracked 
| 119|0x0000000087700000, 0x0000000087700000, 0x0000000087800000|  0%| F|  |TAMS 0x0000000087700000, 0x0000000087700000| Untracked 
| 120|0x0000000087800000, 0x0000000087800000, 0x0000000087900000|  0%| F|  |TAMS 0x0000000087800000, 0x0000000087800000| Untracked 
| 121|0x0000000087900000, 0x0000000087900000, 0x0000000087a00000|  0%| F|  |TAMS 0x0000000087900000, 0x0000000087900000| Untracked 
| 122|0x0000000087a00000, 0x0000000087a00000, 0x0000000087b00000|  0%| F|  |TAMS 0x0000000087a00000, 0x0000000087a00000| Untracked 
| 123|0x0000000087b00000, 0x0000000087b00000, 0x0000000087c00000|  0%| F|  |TAMS 0x0000000087b00000, 0x0000000087b00000| Untracked 
| 124|0x0000000087c00000, 0x0000000087c00000, 0x0000000087d00000|  0%| F|  |TAMS 0x0000000087c00000, 0x0000000087c00000| Untracked 
| 125|0x0000000087d00000, 0x0000000087d00000, 0x0000000087e00000|  0%| F|  |TAMS 0x0000000087d00000, 0x0000000087d00000| Untracked 
| 126|0x0000000087e00000, 0x0000000087e00000, 0x0000000087f00000|  0%| F|  |TAMS 0x0000000087e00000, 0x0000000087e00000| Untracked 
| 127|0x0000000087f00000, 0x0000000087f00000, 0x0000000088000000|  0%| F|  |TAMS 0x0000000087f00000, 0x0000000087f00000| Untracked 

Card table byte_map: [0x00000171e0a00000,0x00000171e0e00000] _byte_map_base: 0x00000171e0600000

Marking Bits (Prev, Next): (CMBitMap*) 0x00000171cdb1f6b0, (CMBitMap*) 0x00000171cdb1f678
 Prev Bits: [0x00000171e3200000, 0x00000171e5200000)
 Next Bits: [0x00000171e1200000, 0x00000171e3200000)

Polling page: 0x00000171cbc40000

Metaspace:

Usage:
  Non-class:     30.17 MB capacity,    29.55 MB ( 98%) used,   544.63 KB (  2%) free+waste,    90.88 KB ( <1%) overhead. 
      Class:      4.96 MB capacity,     4.56 MB ( 92%) used,   357.29 KB (  7%) free+waste,    45.69 KB ( <1%) overhead. 
       Both:     35.13 MB capacity,    34.11 MB ( 97%) used,   901.91 KB (  3%) free+waste,   136.56 KB ( <1%) overhead. 

Virtual space:
  Non-class space:       32.00 MB reserved,      30.17 MB ( 94%) committed 
      Class space:        1.00 GB reserved,       5.03 MB ( <1%) committed 
             Both:        1.03 GB reserved,      35.20 MB (  3%) committed 

Chunk freelists:
   Non-Class:  3.00 KB
       Class:  11.00 KB
        Both:  14.00 KB

MaxMetaspaceSize: 17179869184.00 GB
CompressedClassSpaceSize: 1.00 GB
Initial GC threshold: 20.80 MB
Current GC threshold: 35.20 MB
CDS: off

CodeHeap 'non-profiled nmethods': size=120064Kb used=1667Kb max_used=1667Kb free=118396Kb
 bounds [0x00000171d90c0000, 0x00000171d9330000, 0x00000171e0600000]
CodeHeap 'profiled nmethods': size=120000Kb used=6544Kb max_used=6544Kb free=113455Kb
 bounds [0x00000171d1b90000, 0x00000171d2200000, 0x00000171d90c0000]
CodeHeap 'non-nmethods': size=5696Kb used=1237Kb max_used=1289Kb free=4458Kb
 bounds [0x00000171d1600000, 0x00000171d1870000, 0x00000171d1b90000]
 total_blobs=3583 nmethods=3064 adapters=431
 compilation: enabled
              stopped_count=0, restarted_count=0
 full_count=0

Compilation events (20 events):
Event: 6.892 Thread 0x00000171e7f3d000 3070       3       org.codehaus.groovy.util.ManagedReference::<init> (40 bytes)
Event: 6.892 Thread 0x00000171e7f3d000 nmethod 3070 0x00000171d21eea90 code [0x00000171d21eec80, 0x00000171d21ef118]
Event: 6.892 Thread 0x00000171e7f3d000 3071       3       org.codehaus.groovy.util.ManagedReference::<init> (14 bytes)
Event: 6.893 Thread 0x00000171e7f3d000 nmethod 3071 0x00000171d21ef290 code [0x00000171d21ef460, 0x00000171d21ef5e8]
Event: 6.893 Thread 0x00000171e7f3d000 3072       3       org.codehaus.groovy.util.ReferenceManager$1::afterReferenceCreation (57 bytes)
Event: 6.893 Thread 0x00000171e7f3d000 nmethod 3072 0x00000171d21ef710 code [0x00000171d21ef900, 0x00000171d21efd18]
Event: 6.893 Thread 0x00000171e7f3d000 3073   !   3       org.codehaus.groovy.util.LazyReference::getLocked (85 bytes)
Event: 6.895 Thread 0x00000171e7f3d000 nmethod 3073 0x00000171d21efe90 code [0x00000171d21f01c0, 0x00000171d21f12f8]
Event: 6.895 Thread 0x00000171e7f3d000 3074       3       java.util.concurrent.atomic.AtomicInteger::<init> (5 bytes)
Event: 6.895 Thread 0x00000171e7f3d000 nmethod 3074 0x00000171d21f1990 code [0x00000171d21f1b40, 0x00000171d21f1cf8]
Event: 6.895 Thread 0x00000171e7f3d000 3075       3       org.codehaus.groovy.util.LockableObject::tryRelease (45 bytes)
Event: 6.895 Thread 0x00000171e7f3d000 nmethod 3075 0x00000171d21f1e10 code [0x00000171d21f1fe0, 0x00000171d21f22a8]
Event: 6.897 Thread 0x00000171e7f3d000 3076       3       java.lang.ClassValue$Entry::version (8 bytes)
Event: 6.897 Thread 0x00000171e7f3d000 nmethod 3076 0x00000171d21f2390 code [0x00000171d21f2540, 0x00000171d21f27d8]
Event: 6.898 Thread 0x00000171e7f3d000 3077       3       java.util.WeakHashMap::get (77 bytes)
Event: 6.899 Thread 0x00000171e7f3d000 nmethod 3077 0x00000171d21f2890 code [0x00000171d21f2ac0, 0x00000171d21f32c8]
Event: 6.901 Thread 0x00000171e7f3d000 3078       3       org.codehaus.groovy.reflection.CachedClass::getInterfaces (11 bytes)
Event: 6.902 Thread 0x00000171e7f3d000 nmethod 3078 0x00000171d21f3610 code [0x00000171d21f37e0, 0x00000171d21f3a88]
Event: 6.902 Thread 0x00000171e7f3d000 3079       3       org.codehaus.groovy.util.ReferenceType$1::createReference (11 bytes)
Event: 6.902 Thread 0x00000171e7f3d000 nmethod 3079 0x00000171d21f3b90 code [0x00000171d21f3d80, 0x00000171d21f41f8]

GC Heap History (13 events):
Event: 0.678 GC heap before
{Heap before GC invocations=0 (full 0):
 garbage-first heap   total 131072K, used 16384K [0x0000000080000000, 0x0000000100000000)
  region size 1024K, 14 young (14336K), 0 survivors (0K)
 Metaspace       used 6735K, capacity 6925K, committed 7168K, reserved 1056768K
  class space    used 573K, capacity 650K, committed 768K, reserved 1048576K
}
Event: 0.682 GC heap after
{Heap after GC invocations=1 (full 0):
 garbage-first heap   total 131072K, used 4257K [0x0000000080000000, 0x0000000100000000)
  region size 1024K, 2 young (2048K), 2 survivors (2048K)
 Metaspace       used 6735K, capacity 6925K, committed 7168K, reserved 1056768K
  class space    used 573K, capacity 650K, committed 768K, reserved 1048576K
}
Event: 3.812 GC heap before
{Heap before GC invocations=1 (full 0):
 garbage-first heap   total 131072K, used 84129K [0x0000000080000000, 0x0000000100000000)
  region size 1024K, 76 young (77824K), 2 survivors (2048K)
 Metaspace       used 15644K, capacity 16012K, committed 16256K, reserved 1062912K
  class space    used 1754K, capacity 1896K, committed 1920K, reserved 1048576K
}
Event: 3.822 GC heap after
{Heap after GC invocations=2 (full 0):
 garbage-first heap   total 131072K, used 15045K [0x0000000080000000, 0x0000000100000000)
  region size 1024K, 10 young (10240K), 10 survivors (10240K)
 Metaspace       used 15644K, capacity 16012K, committed 16256K, reserved 1062912K
  class space    used 1754K, capacity 1896K, committed 1920K, reserved 1048576K
}
Event: 4.341 GC heap before
{Heap before GC invocations=2 (full 0):
 garbage-first heap   total 131072K, used 42693K [0x0000000080000000, 0x0000000100000000)
  region size 1024K, 38 young (38912K), 10 survivors (10240K)
 Metaspace       used 20313K, capacity 20671K, committed 20864K, reserved 1067008K
  class space    used 2408K, capacity 2568K, committed 2688K, reserved 1048576K
}
Event: 4.353 GC heap after
{Heap after GC invocations=3 (full 0):
 garbage-first heap   total 131072K, used 17076K [0x0000000080000000, 0x0000000100000000)
  region size 1024K, 2 young (2048K), 2 survivors (2048K)
 Metaspace       used 20313K, capacity 20671K, committed 20864K, reserved 1067008K
  class space    used 2408K, capacity 2568K, committed 2688K, reserved 1048576K
}
Event: 4.428 GC heap before
{Heap before GC invocations=3 (full 0):
 garbage-first heap   total 131072K, used 25268K [0x0000000080000000, 0x0000000100000000)
  region size 1024K, 11 young (11264K), 2 survivors (2048K)
 Metaspace       used 20797K, capacity 21218K, committed 21296K, reserved 1069056K
  class space    used 2508K, capacity 2665K, committed 2688K, reserved 1048576K
}
Event: 4.433 GC heap after
{Heap after GC invocations=4 (full 0):
 garbage-first heap   total 131072K, used 17133K [0x0000000080000000, 0x0000000100000000)
  region size 1024K, 2 young (2048K), 2 survivors (2048K)
 Metaspace       used 20797K, capacity 21218K, committed 21296K, reserved 1069056K
  class space    used 2508K, capacity 2665K, committed 2688K, reserved 1048576K
}
Event: 5.335 GC heap before
{Heap before GC invocations=5 (full 0):
 garbage-first heap   total 131072K, used 71405K [0x0000000080000000, 0x0000000100000000)
  region size 1024K, 55 young (56320K), 2 survivors (2048K)
 Metaspace       used 26427K, capacity 27073K, committed 27260K, reserved 1073152K
  class space    used 3430K, capacity 3667K, committed 3788K, reserved 1048576K
}
Event: 5.346 GC heap after
{Heap after GC invocations=6 (full 0):
 garbage-first heap   total 131072K, used 19165K [0x0000000080000000, 0x0000000100000000)
  region size 1024K, 4 young (4096K), 4 survivors (4096K)
 Metaspace       used 26427K, capacity 27073K, committed 27260K, reserved 1073152K
  class space    used 3430K, capacity 3667K, committed 3788K, reserved 1048576K
}
Event: 6.270 GC heap before
{Heap before GC invocations=6 (full 0):
 garbage-first heap   total 131072K, used 100061K [0x0000000080000000, 0x0000000100000000)
  region size 1024K, 61 young (62464K), 4 survivors (4096K)
 Metaspace       used 31108K, capacity 32040K, committed 32380K, reserved 1077248K
  class space    used 4143K, capacity 4471K, committed 4556K, reserved 1048576K
}
Event: 6.281 GC heap after
{Heap after GC invocations=7 (full 0):
 garbage-first heap   total 131072K, used 50218K [0x0000000080000000, 0x0000000100000000)
  region size 1024K, 8 young (8192K), 8 survivors (8192K)
 Metaspace       used 31108K, capacity 32040K, committed 32380K, reserved 1077248K
  class space    used 4143K, capacity 4471K, committed 4556K, reserved 1048576K
}
Event: 6.908 GC heap before
{Heap before GC invocations=7 (full 0):
 garbage-first heap   total 131072K, used 78890K [0x0000000080000000, 0x0000000100000000)
  region size 1024K, 37 young (37888K), 8 survivors (8192K)
 Metaspace       used 34931K, capacity 35970K, committed 36048K, reserved 1081344K
  class space    used 4674K, capacity 5077K, committed 5152K, reserved 1048576K
}

Deoptimization events (20 events):
Event: 6.679 Thread 0x00000171ea68f000 Uncommon trap: trap_request=0xffffff4d fr.pc=0x00000171d92304f8 relative=0x0000000000000718
Event: 6.679 Thread 0x00000171ea68f000 Uncommon trap: reason=unstable_if action=reinterpret pc=0x00000171d92304f8 method=java.lang.Class.getPackageName()Ljava/lang/String; @ 55 c2
Event: 6.679 Thread 0x00000171ea68f000 DEOPT PACKING pc=0x00000171d92304f8 sp=0x0000000ea38f7c50
Event: 6.679 Thread 0x00000171ea68f000 DEOPT UNPACKING pc=0x00000171d164a1af sp=0x0000000ea38f7c10 mode 2
Event: 6.725 Thread 0x00000171ea68f000 Uncommon trap: trap_request=0xffffffc6 fr.pc=0x00000171d91ff5c4 relative=0x00000000000002c4
Event: 6.725 Thread 0x00000171ea68f000 Uncommon trap: reason=bimorphic_or_optimized_type_check action=maybe_recompile pc=0x00000171d91ff5c4 method=java.io.BufferedInputStream.read([BII)I @ 101 c2
Event: 6.725 Thread 0x00000171ea68f000 DEOPT PACKING pc=0x00000171d91ff5c4 sp=0x0000000ea38f7330
Event: 6.725 Thread 0x00000171ea68f000 DEOPT UNPACKING pc=0x00000171d164a1af sp=0x0000000ea38f72e8 mode 2
Event: 6.726 Thread 0x00000171ea68f000 Uncommon trap: trap_request=0xffffffc6 fr.pc=0x00000171d91ff5c4 relative=0x00000000000002c4
Event: 6.726 Thread 0x00000171ea68f000 Uncommon trap: reason=bimorphic_or_optimized_type_check action=maybe_recompile pc=0x00000171d91ff5c4 method=java.io.BufferedInputStream.read([BII)I @ 101 c2
Event: 6.726 Thread 0x00000171ea68f000 DEOPT PACKING pc=0x00000171d91ff5c4 sp=0x0000000ea38f7330
Event: 6.726 Thread 0x00000171ea68f000 DEOPT UNPACKING pc=0x00000171d164a1af sp=0x0000000ea38f72e8 mode 2
Event: 6.726 Thread 0x00000171ea68f000 Uncommon trap: trap_request=0xffffffc6 fr.pc=0x00000171d91ff5c4 relative=0x00000000000002c4
Event: 6.726 Thread 0x00000171ea68f000 Uncommon trap: reason=bimorphic_or_optimized_type_check action=maybe_recompile pc=0x00000171d91ff5c4 method=java.io.BufferedInputStream.read([BII)I @ 101 c2
Event: 6.726 Thread 0x00000171ea68f000 DEOPT PACKING pc=0x00000171d91ff5c4 sp=0x0000000ea38f7330
Event: 6.726 Thread 0x00000171ea68f000 DEOPT UNPACKING pc=0x00000171d164a1af sp=0x0000000ea38f72e8 mode 2
Event: 6.727 Thread 0x00000171ea68f000 Uncommon trap: trap_request=0xffffffc6 fr.pc=0x00000171d91ff5c4 relative=0x00000000000002c4
Event: 6.727 Thread 0x00000171ea68f000 Uncommon trap: reason=bimorphic_or_optimized_type_check action=maybe_recompile pc=0x00000171d91ff5c4 method=java.io.BufferedInputStream.read([BII)I @ 101 c2
Event: 6.728 Thread 0x00000171ea68f000 DEOPT PACKING pc=0x00000171d91ff5c4 sp=0x0000000ea38f7330
Event: 6.728 Thread 0x00000171ea68f000 DEOPT UNPACKING pc=0x00000171d164a1af sp=0x0000000ea38f72e8 mode 2

Classes redefined (0 events):
No events

Internal exceptions (20 events):
Event: 5.825 Thread 0x00000171ea68f000 Exception <a 'java/lang/NoSuchMethodError'{0x0000000086d3c5f8}: <clinit>> (0x0000000086d3c5f8) thrown at [./src/hotspot/share/prims/jni.cpp, line 1366]
Event: 5.856 Thread 0x00000171ea68f000 Exception <a 'java/lang/NoSuchMethodError'{0x0000000086ba0908}: 'java.lang.Object java.lang.invoke.Invokers$Holder.linkToTargetMethod(java.lang.Object, int, java.lang.Object)'> (0x0000000086ba0908) thrown at [./src/hotspot/share/interpreter/linkResolver.cpp, line 773]
Event: 6.048 Thread 0x00000171ea68f000 Exception <a 'java/lang/NoSuchMethodError'{0x000000008580a3e8}: 'java.lang.Object java.lang.invoke.DirectMethodHandle$Holder.invokeSpecialIFC(java.lang.Object, java.lang.Object, java.lang.Object, java.lang.Object)'> (0x000000008580a3e8) thrown at [./src/hotspot/share/interpreter/linkResolver.cpp, line 773]
Event: 6.158 Thread 0x00000171ea68f000 Implicit null exception at 0x00000171d9197375 to 0x00000171d919753c
Event: 6.158 Thread 0x00000171ea68f000 Implicit null exception at 0x00000171d91411af to 0x00000171d914121d
Event: 6.205 Thread 0x00000171ea68f000 Exception <a 'java/lang/NoSuchMethodError'{0x0000000084dc58e0}: 'java.lang.Object java.lang.invoke.DirectMethodHandle$Holder.invokeSpecial(java.lang.Object, java.lang.Object, java.lang.Object, java.lang.Object, java.lang.Object, java.lang.Object, java.lang.Object, java.lang.Object, java.lang.Object, java.lang.Object, java.lang.Object, java.lang.Object, java.lang.Object)'> (0x0000000084dc58e0) thrown at [./src/hotspot/share/interpreter/linkResolver.cpp, line 773]
Event: 6.206 Thread 0x00000171ea68f000 Exception <a 'java/lang/NoSuchMethodError'{0x0000000084dd69e8}: 'java.lang.Object java.lang.invoke.DirectMethodHandle$Holder.invokeSpecial(java.lang.Object, java.lang.Object, java.lang.Object, java.lang.Object, java.lang.Object, java.lang.Object, java.lang.Object, java.lang.Object, java.lang.Object, java.lang.Object, java.lang.Object, java.lang.Object)'> (0x0000000084dd69e8) thrown at [./src/hotspot/share/interpreter/linkResolver.cpp, line 773]
Event: 6.207 Thread 0x00000171ea68f000 Exception <a 'java/lang/NoSuchMethodError'{0x0000000084ddbdb8}: 'java.lang.Object java.lang.invoke.Invokers$Holder.linkToTargetMethod(java.lang.Object, java.lang.Object, java.lang.Object, java.lang.Object, java.lang.Object, java.lang.Object, java.lang.Object, java.lang.Object, java.lang.Object, java.lang.Object, java.lang.Object)'> (0x0000000084ddbdb8) thrown at [./src/hotspot/share/interpreter/linkResolver.cpp, line 773]
Event: 6.212 Thread 0x00000171ea68f000 Exception <a 'java/lang/NoSuchMethodError'{0x0000000084c7a050}: 'java.lang.Object java.lang.invoke.DirectMethodHandle$Holder.invokeSpecial(java.lang.Object, java.lang.Object, java.lang.Object, java.lang.Object, java.lang.Object, java.lang.Object, java.lang.Object, java.lang.Object, java.lang.Object, java.lang.Object, java.lang.Object, java.lang.Object, java.lang.Object, java.lang.Object)'> (0x0000000084c7a050) thrown at [./src/hotspot/share/interpreter/linkResolver.cpp, line 773]
Event: 6.213 Thread 0x00000171ea68f000 Exception <a 'java/lang/NoSuchMethodError'{0x0000000084c8be38}: 'java.lang.Object java.lang.invoke.Invokers$Holder.linkToTargetMethod(java.lang.Object, java.lang.Object, java.lang.Object, java.lang.Object, java.lang.Object, java.lang.Object, java.lang.Object, java.lang.Object, java.lang.Object, java.lang.Object, java.lang.Object, java.lang.Object)'> (0x0000000084c8be38) thrown at [./src/hotspot/share/interpreter/linkResolver.cpp, line 773]
Event: 6.225 Thread 0x00000171ea68f000 Exception <a 'java/lang/NoSuchMethodError'{0x0000000084b79848}: 'java.lang.Object java.lang.invoke.DirectMethodHandle$Holder.invokeStaticInit(java.lang.Object, java.lang.Object, java.lang.Object, java.lang.Object)'> (0x0000000084b79848) thrown at [./src/hotspot/share/interpreter/linkResolver.cpp, line 773]
Event: 6.342 Thread 0x00000171ea68f000 Exception <a 'java/lang/NoSuchMethodError'{0x0000000087bc8000}: 'java.lang.Object java.lang.invoke.Invokers$Holder.linkToTargetMethod(java.lang.Object, java.lang.Object, java.lang.Object, java.lang.Object, java.lang.Object, java.lang.Object, java.lang.Object, java.lang.Object)'> (0x0000000087bc8000) thrown at [./src/hotspot/share/interpreter/linkResolver.cpp, line 773]
Event: 6.351 Thread 0x00000171ea68f000 Exception <a 'java/lang/IncompatibleClassChangeError'{0x0000000087a602c0}: Found class java.lang.Object, but interface was expected> (0x0000000087a602c0) thrown at [./src/hotspot/share/interpreter/linkResolver.cpp, line 839]
Event: 6.619 Thread 0x00000171ea68f000 Exception <a 'java/lang/NoSuchMethodError'{0x0000000086c127c0}: 'java.lang.Object java.lang.invoke.Invokers$Holder.linkToTargetMethod(java.lang.Object, long, java.lang.Object)'> (0x0000000086c127c0) thrown at [./src/hotspot/share/interpreter/linkResolver.cpp, line 773]
Event: 6.631 Thread 0x00000171ea68f000 Exception <a 'java/lang/NoSuchMethodError'{0x0000000086c63690}: 'int java.lang.invoke.DirectMethodHandle$Holder.invokeStatic(java.lang.Object, java.lang.Object, java.lang.Object, java.lang.Object, java.lang.Object)'> (0x0000000086c63690) thrown at [./src/hotspot/share/interpreter/linkResolver.cpp, line 773]
Event: 6.675 Thread 0x00000171ea68f000 Implicit null exception at 0x00000171d9210fb5 to 0x00000171d9211e71
Event: 6.810 Thread 0x00000171ea68f000 Exception <a 'java/lang/NoSuchMethodError'{0x00000000866f5318}: 'void java.lang.invoke.DirectMethodHandle$Holder.invokeStaticInit(java.lang.Object, java.lang.Object, java.lang.Object)'> (0x00000000866f5318) thrown at [./src/hotspot/share/interpreter/linkResolver.cpp, line 773]
Event: 6.811 Thread 0x00000171ea68f000 Exception <a 'java/lang/NoSuchMethodError'{0x00000000866fc770}: 'void java.lang.invoke.DirectMethodHandle$Holder.invokeStaticInit(java.lang.Object, java.lang.Object, java.lang.Object, java.lang.Object)'> (0x00000000866fc770) thrown at [./src/hotspot/share/interpreter/linkResolver.cpp, line 773]
Event: 6.818 Thread 0x00000171ea68f000 Exception <a 'java/lang/NoSuchMethodError'{0x000000008651f5e0}: 'void java.lang.invoke.DirectMethodHandle$Holder.invokeStaticInit(java.lang.Object, java.lang.Object, java.lang.Object, java.lang.Object, java.lang.Object)'> (0x000000008651f5e0) thrown at [./src/hotspot/share/interpreter/linkResolver.cpp, line 773]
Event: 6.871 Thread 0x00000171ea68f000 Exception <a 'java/lang/NoSuchMethodError'{0x0000000086599170}: 'int java.lang.invoke.DirectMethodHandle$Holder.invokeStaticInit(java.lang.Object, java.lang.Object, java.lang.Object, java.lang.Object)'> (0x0000000086599170) thrown at [./src/hotspot/share/interpreter/linkResolver.cpp, line 773]

Events (20 events):
Event: 6.881 loading class org/codehaus/groovy/reflection/CachedClass$CachedMethodComparatorByName done
Event: 6.885 loading class java/lang/ClassFormatError
Event: 6.885 loading class java/lang/ClassFormatError done
Event: 6.894 loading class java/lang/ProcessHandle$Info
Event: 6.895 loading class java/lang/ProcessHandle$Info done
Event: 6.895 loading class java/util/concurrent/CompletableFuture
Event: 6.896 loading class java/util/concurrent/CompletionStage
Event: 6.896 loading class java/util/concurrent/CompletionStage done
Event: 6.896 loading class java/util/concurrent/CompletableFuture done
Event: 6.896 loading class java/lang/ProcessHandle
Event: 6.896 loading class java/lang/ProcessHandle done
Event: 6.899 loading class groovy/lang/GString$1
Event: 6.899 loading class groovy/lang/GString$1 done
Event: 6.900 loading class groovy/lang/StringWriterIOException
Event: 6.900 loading class groovy/lang/StringWriterIOException done
Event: 6.901 loading class java/io/UnsupportedEncodingException
Event: 6.901 loading class java/io/UnsupportedEncodingException done
Event: 6.902 loading class org/codehaus/groovy/runtime/DefaultGroovyMethods
Event: 6.902 loading class org/codehaus/groovy/runtime/DefaultGroovyMethods done
Event: 6.908 Executing VM operation: CollectForMetadataAllocation


Dynamic libraries:
0x00007ff6b47b0000 - 0x00007ff6b47ba000 	C:\Program Files\Android\Android Studio\jre\bin\java.exe
0x00007fff94370000 - 0x00007fff94568000 	C:\Windows\SYSTEM32\ntdll.dll
0x00007fff92fd0000 - 0x00007fff9308f000 	C:\Windows\System32\KERNEL32.DLL
0x00007fff92040000 - 0x00007fff92336000 	C:\Windows\System32\KERNELBASE.dll
0x00007fff91e70000 - 0x00007fff91f70000 	C:\Windows\System32\ucrtbase.dll
0x00007fff84430000 - 0x00007fff84447000 	C:\Program Files\Android\Android Studio\jre\bin\VCRUNTIME140.dll
0x00007fff7d750000 - 0x00007fff7d769000 	C:\Program Files\Android\Android Studio\jre\bin\jli.dll
0x00007fff933b0000 - 0x00007fff9354d000 	C:\Windows\System32\USER32.dll
0x00007fff91c90000 - 0x00007fff91cb2000 	C:\Windows\System32\win32u.dll
0x00007fff7ea10000 - 0x00007fff7ecaa000 	C:\Windows\WinSxS\amd64_microsoft.windows.common-controls_6595b64144ccf1df_6.0.19041.1110_none_60b5254171f9507e\COMCTL32.dll
0x00007fff93720000 - 0x00007fff9374c000 	C:\Windows\System32\GDI32.dll
0x00007fff92b70000 - 0x00007fff92c0e000 	C:\Windows\System32\msvcrt.dll
0x00007fff91b00000 - 0x00007fff91c15000 	C:\Windows\System32\gdi32full.dll
0x00007fff91fa0000 - 0x00007fff9203d000 	C:\Windows\System32\msvcp_win.dll
0x00007fff92620000 - 0x00007fff92650000 	C:\Windows\System32\IMM32.DLL
0x00007fff60990000 - 0x00007fff60a2d000 	C:\Program Files\Android\Android Studio\jre\bin\msvcp140.dll
0x00007fff4c860000 - 0x00007fff4d362000 	C:\Program Files\Android\Android Studio\jre\bin\server\jvm.dll
0x00007fff92ac0000 - 0x00007fff92b6f000 	C:\Windows\System32\ADVAPI32.dll
0x00007fff94290000 - 0x00007fff9432c000 	C:\Windows\System32\sechost.dll
0x00007fff93570000 - 0x00007fff93696000 	C:\Windows\System32\RPCRT4.dll
0x00007fff925b0000 - 0x00007fff925b8000 	C:\Windows\System32\PSAPI.DLL
0x00007fff8b4a0000 - 0x00007fff8b4a9000 	C:\Windows\SYSTEM32\WSOCK32.dll
0x00007fff7d490000 - 0x00007fff7d4b7000 	C:\Windows\SYSTEM32\WINMM.dll
0x00007fff7f2e0000 - 0x00007fff7f2ea000 	C:\Windows\SYSTEM32\VERSION.dll
0x00007fff93140000 - 0x00007fff931ab000 	C:\Windows\System32\WS2_32.dll
0x00007fff8f8f0000 - 0x00007fff8f902000 	C:\Windows\SYSTEM32\kernel.appcore.dll
0x00007fff8b480000 - 0x00007fff8b491000 	C:\Program Files\Android\Android Studio\jre\bin\verify.dll
0x00007fff7e630000 - 0x00007fff7e814000 	C:\Windows\SYSTEM32\DBGHELP.DLL
0x00007fff7e5f0000 - 0x00007fff7e624000 	C:\Windows\SYSTEM32\dbgcore.DLL
0x00007fff92340000 - 0x00007fff923c2000 	C:\Windows\System32\bcryptPrimitives.dll
0x00007fff8b450000 - 0x00007fff8b479000 	C:\Program Files\Android\Android Studio\jre\bin\java.dll
0x00007fff8b440000 - 0x00007fff8b44b000 	C:\Program Files\Android\Android Studio\jre\bin\jimage.dll
0x00007fff8b420000 - 0x00007fff8b438000 	C:\Program Files\Android\Android Studio\jre\bin\zip.dll
0x00007fff93ae0000 - 0x00007fff94224000 	C:\Windows\System32\SHELL32.dll
0x00007fff8faf0000 - 0x00007fff90283000 	C:\Windows\SYSTEM32\windows.storage.dll
0x00007fff92c10000 - 0x00007fff92f64000 	C:\Windows\System32\combase.dll
0x00007fff91490000 - 0x00007fff914be000 	C:\Windows\SYSTEM32\Wldp.dll
0x00007fff923d0000 - 0x00007fff9247d000 	C:\Windows\System32\SHCORE.dll
0x00007fff925c0000 - 0x00007fff92615000 	C:\Windows\System32\shlwapi.dll
0x00007fff91980000 - 0x00007fff919a5000 	C:\Windows\SYSTEM32\profapi.dll
0x00007fff8b400000 - 0x00007fff8b41a000 	C:\Program Files\Android\Android Studio\jre\bin\net.dll
0x00007fff864c0000 - 0x00007fff865ca000 	C:\Windows\SYSTEM32\WINHTTP.dll
0x00007fff911f0000 - 0x00007fff9125a000 	C:\Windows\system32\mswsock.dll
0x00007fff8b3e0000 - 0x00007fff8b3f4000 	C:\Program Files\Android\Android Studio\jre\bin\nio.dll
0x00007fff843d0000 - 0x00007fff843f7000 	C:\Users\hp\.gradle\native\e1d6ef7f7dcc3fd88c89a11ec53ec762bb8ba0a96d01ffa2cd45eb1d1d8dd5c5\windows-amd64\native-platform.dll
0x00007fff5fc40000 - 0x00007fff5fd84000 	C:\Users\hp\.gradle\native\0d407fdbe67a94daf76414ababcb853783967236a71b16ec16e742cd7a986fd3\windows-amd64\native-platform-file-events.dll
0x00007fff8b3d0000 - 0x00007fff8b3da000 	C:\Program Files\Android\Android Studio\jre\bin\management.dll
0x00007fff8b3c0000 - 0x00007fff8b3cd000 	C:\Program Files\Android\Android Studio\jre\bin\management_ext.dll
0x00007fff913e0000 - 0x00007fff913f8000 	C:\Windows\SYSTEM32\CRYPTSP.dll
0x00007fff90a90000 - 0x00007fff90ac4000 	C:\Windows\system32\rsaenh.dll
0x00007fff91f70000 - 0x00007fff91f97000 	C:\Windows\System32\bcrypt.dll
0x00007fff91900000 - 0x00007fff9192e000 	C:\Windows\SYSTEM32\USERENV.dll
0x00007fff91400000 - 0x00007fff9140c000 	C:\Windows\SYSTEM32\CRYPTBASE.dll
0x00007fff90e90000 - 0x00007fff90ecb000 	C:\Windows\SYSTEM32\IPHLPAPI.DLL
0x00007fff93130000 - 0x00007fff93138000 	C:\Windows\System32\NSI.dll
0x00007fff88230000 - 0x00007fff88247000 	C:\Windows\SYSTEM32\dhcpcsvc6.DLL
0x00007fff881d0000 - 0x00007fff881ed000 	C:\Windows\SYSTEM32\dhcpcsvc.DLL
0x00007fff90ee0000 - 0x00007fff90faa000 	C:\Windows\SYSTEM32\DNSAPI.dll

dbghelp: loaded successfully - version: 4.0.5 - missing functions: none
symbol engine: initialized successfully - sym options: 0x614 - pdb path: .;C:\Program Files\Android\Android Studio\jre\bin;C:\Windows\SYSTEM32;C:\Windows\WinSxS\amd64_microsoft.windows.common-controls_6595b64144ccf1df_6.0.19041.1110_none_60b5254171f9507e;C:\Program Files\Android\Android Studio\jre\bin\server;C:\Users\hp\.gradle\native\e1d6ef7f7dcc3fd88c89a11ec53ec762bb8ba0a96d01ffa2cd45eb1d1d8dd5c5\windows-amd64;C:\Users\hp\.gradle\native\0d407fdbe67a94daf76414ababcb853783967236a71b16ec16e742cd7a986fd3\windows-amd64

VM Arguments:
jvm_args: --add-opens=java.base/java.util=ALL-UNNAMED --add-opens=java.base/java.lang=ALL-UNNAMED --add-opens=java.base/java.lang.invoke=ALL-UNNAMED --add-opens=java.base/java.util=ALL-UNNAMED --add-opens=java.prefs/java.util.prefs=ALL-UNNAMED --add-opens=java.prefs/java.util.prefs=ALL-UNNAMED --add-opens=java.base/java.nio.charset=ALL-UNNAMED --add-opens=java.base/java.net=ALL-UNNAMED --add-opens=java.base/java.util.concurrent.atomic=ALL-UNNAMED -Xmx2048m -Dfile.encoding=UTF-8 -Duser.country=US -Duser.language=en -Duser.variant 
java_command: org.gradle.launcher.daemon.bootstrap.GradleDaemon 7.5
java_class_path (initial): C:\Users\hp\.gradle\wrapper\dists\gradle-7.5-bin\f1w0cc9nuo0eivz97x2xlu9sv\gradle-7.5\lib\gradle-launcher-7.5.jar
Launcher Type: SUN_STANDARD

[Global flags]
     intx CICompilerCount                          = 3                                         {product} {ergonomic}
     uint ConcGCThreads                            = 1                                         {product} {ergonomic}
     uint G1ConcRefinementThreads                  = 4                                         {product} {ergonomic}
   size_t G1HeapRegionSize                         = 1048576                                   {product} {ergonomic}
    uintx GCDrainStackTargetSize                   = 64                                        {product} {ergonomic}
   size_t InitialHeapSize                          = 134217728                                 {product} {ergonomic}
   size_t MarkStackSize                            = 4194304                                   {product} {ergonomic}
   size_t MaxHeapSize                              = 2147483648                                {product} {command line}
   size_t MaxNewSize                               = 1287651328                                {product} {ergonomic}
   size_t MinHeapDeltaBytes                        = 1048576                                   {product} {ergonomic}
    uintx NonNMethodCodeHeapSize                   = 5830732                                {pd product} {ergonomic}
    uintx NonProfiledCodeHeapSize                  = 122913754                              {pd product} {ergonomic}
    uintx ProfiledCodeHeapSize                     = 122913754                              {pd product} {ergonomic}
    uintx ReservedCodeCacheSize                    = 251658240                              {pd product} {ergonomic}
     bool SegmentedCodeCache                       = true                                      {product} {ergonomic}
     bool UseCompressedClassPointers               = true                                 {lp64_product} {ergonomic}
     bool UseCompressedOops                        = true                                 {lp64_product} {ergonomic}
     bool UseG1GC                                  = true                                      {product} {ergonomic}
     bool UseLargePagesIndividualAllocation        = false                                  {pd product} {ergonomic}

Logging:
Log output configuration:
 #0: stdout all=warning uptime,level,tags
 #1: stderr all=off uptime,level,tags

Environment Variables:
PATH=C:\Program Files (x86)\VMware\VMware Workstation\bin\;C:\Program Files (x86)\NVIDIA Corporation\PhysX\Common;C:\Windows\system32;C:\Windows;C:\Windows\System32\Wbem;C:\Windows\System32\WindowsPowerShell\v1.0\;C:\Windows\System32\OpenSSH\;C:\Users\hp\Documents\Java\jdk1.8.0_111\bin;c:\Program Files (x86)\Microsoft SQL Server\90\Tools\binn\;C:\Program Files\dotnet\;C:\Program Files\Microsoft SQL Server\150\Tools\Binn\;C:\Program Files\Microsoft SQL Server\Client SDK\ODBC\170\Tools\Binn\;C:\Program Files\Git\cmd;C:\Program Files\nodejs\;C:\ProgramData\chocolatey\bin;C:\Users\hp\AppData\Local\Programs\Python\Python310\Scripts\;C:\Users\hp\AppData\Local\Programs\Python\Python310\;C:\Users\hp\AppData\Local\Programs\Python\Launcher\;C:\Users\hp\AppData\Local\Microsoft\WindowsApps;C:\Program Files\Java\jdk1.8.0_111\bin;;C:\Program Files\JetBrains\PyCharm Community Edition 2022.3.1\bin;;C:\Users\hp\.dotnet\tools;C:\Users\hp\AppData\Roaming\npm;C:\Users\hp\AppData\Local\Programs\Microsoft VS Code\bin
USERNAME=hp
OS=Windows_NT
PROCESSOR_IDENTIFIER=Intel64 Family 6 Model 69 Stepping 1, GenuineIntel



---------------  S Y S T E M  ---------------

OS: Windows 10 , 64 bit Build 19041 (10.0.19041.3155)
OS uptime: 0 days 10:30 hours

CPU:total 4 (initial active 4) (2 cores per cpu, 2 threads per core) family 6 model 69 stepping 1 microcode 0x25, cmov, cx8, fxsr, mmx, sse, sse2, sse3, ssse3, sse4.1, sse4.2, popcnt, avx, avx2, aes, clmul, erms, lzcnt, ht, tsc, tscinvbit, bmi1, bmi2, fma

Memory: 4k page, system-wide physical 8089M (2585M free)
TotalPageFile size 10949M (AvailPageFile size 29M)
current process WorkingSet (physical memory assigned to process): 262M, peak: 262M
current process commit charge ("private bytes"): 294M, peak: 320M

vm_info: OpenJDK 64-Bit Server VM (11.0.13+0-b1751.21-8125866) for windows-amd64 JRE (11.0.13+0-b1751.21-8125866), built on Feb  2 2022 03:00:22 by "builder" with MS VC++ 14.0 (VS2015)

END.
