#
# There is insufficient memory for the Java Runtime Environment to continue.
# Native memory allocation (malloc) failed to allocate 1837776 bytes for Chunk::new
# Possible reasons:
#   The system is out of physical RAM or swap space
#   The process is running with CompressedOops enabled, and the Java Heap may be blocking the growth of the native heap
# Possible solutions:
#   Reduce memory load on the system
#   Increase physical memory or swap space
#   Check if swap backing store is full
#   Decrease Java heap size (-Xmx/-Xms)
#   Decrease number of Java threads
#   Decrease Java thread stack sizes (-Xss)
#   Set larger code cache with -XX:ReservedCodeCacheSize=
#   JVM is running with Unscaled Compressed Oops mode in which the Java heap is
#     placed in the first 4GB address space. The Java Heap base address is the
#     maximum limit for the native heap growth. Please use -XX:HeapBaseMinAddress
#     to set the Java Heap base and to place the Java Heap above 4GB virtual address.
# This output file may be truncated or incomplete.
#
#  Out of Memory Error (./src/hotspot/share/memory/arena.cpp:197), pid=11472, tid=4524
#
# JRE version: OpenJDK Runtime Environment (11.0.13) (build 11.0.13+0-b1751.21-8125866)
# Java VM: OpenJDK 64-Bit Server VM (11.0.13+0-b1751.21-8125866, mixed mode, tiered, compressed oops, g1 gc, windows-amd64)
# No core dump will be written. Minidumps are not enabled by default on client versions of Windows
#

---------------  S U M M A R Y ------------

Command Line: --add-opens=java.base/java.util=ALL-UNNAMED --add-opens=java.base/java.lang=ALL-UNNAMED --add-opens=java.base/java.lang.invoke=ALL-UNNAMED --add-opens=java.prefs/java.util.prefs=ALL-UNNAMED --add-opens=java.base/java.nio.charset=ALL-UNNAMED --add-opens=java.base/java.net=ALL-UNNAMED --add-opens=java.base/java.util.concurrent.atomic=ALL-UNNAMED -Xmx2048m -Dfile.encoding=UTF-8 -Duser.country=US -Duser.language=en -Duser.variant org.gradle.launcher.daemon.bootstrap.GradleDaemon 8.0

Host: Intel(R) Core(TM) i5-4300U CPU @ 1.90GHz, 4 cores, 7G,  Windows 10 , 64 bit Build 19041 (10.0.19041.3155)
Time: Fri Aug 25 09:43:06 2023 E. Africa Standard Time elapsed time: 7.938376 seconds (0d 0h 0m 7s)

---------------  T H R E A D  ---------------

Current thread (0x000001ca104eb800):  JavaThread "C2 CompilerThread1" daemon [_thread_in_native, id=4524, stack(0x0000008ce0200000,0x0000008ce0300000)]


Current CompileTask:
C2:   7938 2243   !   4       java.net.URLClassLoader$1::run (81 bytes)

Stack: [0x0000008ce0200000,0x0000008ce0300000]
Native frames: (J=compiled Java code, j=interpreted, Vv=VM code, C=native code)
V  [jvm.dll+0x6100fa]
V  [jvm.dll+0x747090]
V  [jvm.dll+0x7486ad]
V  [jvm.dll+0x748d83]
V  [jvm.dll+0x24ab48]
V  [jvm.dll+0xc04dc]
V  [jvm.dll+0xc0a0c]
V  [jvm.dll+0x35eb5b]
V  [jvm.dll+0x32b833]
V  [jvm.dll+0x32ad2a]
V  [jvm.dll+0x2032b2]
V  [jvm.dll+0x202437]
V  [jvm.dll+0x188e01]
V  [jvm.dll+0x21106b]
V  [jvm.dll+0x20f8c1]
V  [jvm.dll+0x70de0f]
V  [jvm.dll+0x706a75]
V  [jvm.dll+0x60ed66]
C  [ucrtbase.dll+0x21bb2]
C  [KERNEL32.DLL+0x17614]
C  [ntdll.dll+0x526b1]


---------------  P R O C E S S  ---------------

Threads class SMR info:
_java_thread_list=0x000001ca0ff931c0, length=24, elements={
0x000001ca73a6e000, 0x000001ca7ee31800, 0x000001ca7ee34800, 0x000001ca7f7d2800,
0x000001ca7ee4e000, 0x000001ca7ee51000, 0x000001ca7ee54000, 0x000001ca7ee58800,
0x000001ca7ee62000, 0x000001ca7f91b000, 0x000001ca11126800, 0x000001ca0fc48000,
0x000001ca10484800, 0x000001ca102f7800, 0x000001ca0ff6e800, 0x000001ca0ff6f800,
0x000001ca10d30800, 0x000001ca10392000, 0x000001ca0f55d800, 0x000001ca0f55e800,
0x000001ca104eb800, 0x000001ca0fdec000, 0x000001ca0fdec800, 0x000001ca0fded800
}

Java Threads: ( => current thread )
  0x000001ca73a6e000 JavaThread "main" [_thread_blocked, id=3480, stack(0x0000008cde400000,0x0000008cde500000)]
  0x000001ca7ee31800 JavaThread "Reference Handler" daemon [_thread_blocked, id=7780, stack(0x0000008cdeb00000,0x0000008cdec00000)]
  0x000001ca7ee34800 JavaThread "Finalizer" daemon [_thread_blocked, id=5616, stack(0x0000008cdec00000,0x0000008cded00000)]
  0x000001ca7f7d2800 JavaThread "Signal Dispatcher" daemon [_thread_blocked, id=3576, stack(0x0000008cded00000,0x0000008cdee00000)]
  0x000001ca7ee4e000 JavaThread "Attach Listener" daemon [_thread_blocked, id=3068, stack(0x0000008cdee00000,0x0000008cdef00000)]
  0x000001ca7ee51000 JavaThread "Service Thread" daemon [_thread_blocked, id=5444, stack(0x0000008cdef00000,0x0000008cdf000000)]
  0x000001ca7ee54000 JavaThread "C2 CompilerThread0" daemon [_thread_in_native, id=1664, stack(0x0000008cdf000000,0x0000008cdf100000)]
  0x000001ca7ee58800 JavaThread "C1 CompilerThread0" daemon [_thread_blocked, id=10444, stack(0x0000008cdf100000,0x0000008cdf200000)]
  0x000001ca7ee62000 JavaThread "Sweeper thread" daemon [_thread_blocked, id=9900, stack(0x0000008cdf200000,0x0000008cdf300000)]
  0x000001ca7f91b000 JavaThread "Common-Cleaner" daemon [_thread_blocked, id=1596, stack(0x0000008cdf300000,0x0000008cdf400000)]
  0x000001ca11126800 JavaThread "Daemon health stats" [_thread_blocked, id=8808, stack(0x0000008cdf800000,0x0000008cdf900000)]
  0x000001ca0fc48000 JavaThread "Incoming local TCP Connector on port 1224" [_thread_in_native, id=7260, stack(0x0000008cdf500000,0x0000008cdf600000)]
  0x000001ca10484800 JavaThread "Daemon periodic checks" [_thread_blocked, id=8328, stack(0x0000008cdf900000,0x0000008cdfa00000)]
  0x000001ca102f7800 JavaThread "Daemon" [_thread_blocked, id=9192, stack(0x0000008cdfb00000,0x0000008cdfc00000)]
  0x000001ca0ff6e800 JavaThread "Handler for socket connection from /127.0.0.1:1224 to /127.0.0.1:1225" [_thread_in_native, id=4116, stack(0x0000008cdfc00000,0x0000008cdfd00000)]
  0x000001ca0ff6f800 JavaThread "Cancel handler" [_thread_blocked, id=3160, stack(0x0000008cdfd00000,0x0000008cdfe00000)]
  0x000001ca10d30800 JavaThread "Daemon worker" [_thread_in_Java, id=9220, stack(0x0000008cdfe00000,0x0000008cdff00000)]
  0x000001ca10392000 JavaThread "Asynchronous log dispatcher for DefaultDaemonConnection: socket connection from /127.0.0.1:1224 to /127.0.0.1:1225" [_thread_blocked, id=2408, stack(0x0000008cdff00000,0x0000008ce0000000)]
  0x000001ca0f55d800 JavaThread "Stdin handler" [_thread_blocked, id=10872, stack(0x0000008ce0000000,0x0000008ce0100000)]
  0x000001ca0f55e800 JavaThread "Daemon client event forwarder" [_thread_blocked, id=12156, stack(0x0000008ce0100000,0x0000008ce0200000)]
=>0x000001ca104eb800 JavaThread "C2 CompilerThread1" daemon [_thread_in_native, id=4524, stack(0x0000008ce0200000,0x0000008ce0300000)]
  0x000001ca0fdec000 JavaThread "Cache worker for journal cache (C:\Users\hp\.gradle\caches\journal-1)" [_thread_blocked, id=2580, stack(0x0000008ce0300000,0x0000008ce0400000)]
  0x000001ca0fdec800 JavaThread "File lock request listener" [_thread_in_native, id=11188, stack(0x0000008ce0400000,0x0000008ce0500000)]
  0x000001ca0fded800 JavaThread "Cache worker for file hash cache (C:\Users\hp\.gradle\caches\8.0\fileHashes)" [_thread_blocked, id=7740, stack(0x0000008ce0500000,0x0000008ce0600000)]

Other Threads:
  0x000001ca7ee2c000 VMThread "VM Thread" [stack: 0x0000008cdea00000,0x0000008cdeb00000] [id=7580]
  0x000001ca7f930000 WatcherThread [stack: 0x0000008cdf400000,0x0000008cdf500000] [id=12204]
  0x000001ca73a87800 GCTaskThread "GC Thread#0" [stack: 0x0000008cde500000,0x0000008cde600000] [id=8684]
  0x000001ca0fb26800 GCTaskThread "GC Thread#1" [stack: 0x0000008cdf600000,0x0000008cdf700000] [id=6772]
  0x000001ca0f1bf000 GCTaskThread "GC Thread#2" [stack: 0x0000008cdf700000,0x0000008cdf800000] [id=12144]
  0x000001ca11584800 GCTaskThread "GC Thread#3" [stack: 0x0000008cdfa00000,0x0000008cdfb00000] [id=11684]
  0x000001ca73ab8000 ConcurrentGCThread "G1 Main Marker" [stack: 0x0000008cde600000,0x0000008cde700000] [id=10188]
  0x000001ca73ab9800 ConcurrentGCThread "G1 Conc#0" [stack: 0x0000008cde700000,0x0000008cde800000] [id=9224]
  0x000001ca73b48800 ConcurrentGCThread "G1 Refine#0" [stack: 0x0000008cde800000,0x0000008cde900000] [id=12064]
  0x000001ca73b49800 ConcurrentGCThread "G1 Young RemSet Sampling" [stack: 0x0000008cde900000,0x0000008cdea00000] [id=2784]

Threads with active compile tasks:
C2 CompilerThread0   7975 2153       4       java.net.URLClassLoader$1::run (5 bytes)
C1 CompilerThread0   7975 2366       3       java.lang.invoke.MethodHandles$Lookup::maybeBindCaller (47 bytes)
C2 CompilerThread1   7975 2243   !   4       java.net.URLClassLoader$1::run (81 bytes)

VM state:not at safepoint (normal execution)

VM Mutex/Monitor currently owned by a thread: None

Heap address: 0x0000000080000000, size: 2048 MB, Compressed Oops mode: 32-bit
Narrow klass base: 0x0000000000000000, Narrow klass shift: 3
Compressed class space size: 1073741824 Address: 0x0000000100000000

Heap:
 garbage-first heap   total 131072K, used 37233K [0x0000000080000000, 0x0000000100000000)
  region size 1024K, 21 young (21504K), 3 survivors (3072K)
 Metaspace       used 26861K, capacity 27547K, committed 27824K, reserved 1073152K
  class space    used 3487K, capacity 3740K, committed 3840K, reserved 1048576K
Heap Regions: E=young(eden), S=young(survivor), O=old, HS=humongous(starts), HC=humongous(continues), CS=collection set, F=free, A=archive, TAMS=top-at-mark-start (previous, next)
|   0|0x0000000080000000, 0x0000000080100000, 0x0000000080100000|100%|HS|  |TAMS 0x0000000080100000, 0x0000000080000000| Complete 
|   1|0x0000000080100000, 0x0000000080200000, 0x0000000080200000|100%|HC|  |TAMS 0x0000000080200000, 0x0000000080100000| Complete 
|   2|0x0000000080200000, 0x0000000080300000, 0x0000000080300000|100%|HC|  |TAMS 0x0000000080300000, 0x0000000080200000| Complete 
|   3|0x0000000080300000, 0x0000000080400000, 0x0000000080400000|100%|HC|  |TAMS 0x0000000080400000, 0x0000000080300000| Complete 
|   4|0x0000000080400000, 0x0000000080500000, 0x0000000080500000|100%| O|  |TAMS 0x0000000080500000, 0x0000000080400000| Untracked 
|   5|0x0000000080500000, 0x0000000080600000, 0x0000000080600000|100%| O|  |TAMS 0x0000000080600000, 0x0000000080500000| Untracked 
|   6|0x0000000080600000, 0x0000000080700000, 0x0000000080700000|100%| O|  |TAMS 0x0000000080700000, 0x0000000080600000| Untracked 
|   7|0x0000000080700000, 0x0000000080800000, 0x0000000080800000|100%| O|  |TAMS 0x0000000080800000, 0x0000000080700000| Untracked 
|   8|0x0000000080800000, 0x0000000080900000, 0x0000000080900000|100%| O|  |TAMS 0x0000000080900000, 0x0000000080800000| Untracked 
|   9|0x0000000080900000, 0x0000000080a00000, 0x0000000080a00000|100%| O|  |TAMS 0x0000000080a00000, 0x0000000080900000| Untracked 
|  10|0x0000000080a00000, 0x0000000080b00000, 0x0000000080b00000|100%| O|  |TAMS 0x0000000080b00000, 0x0000000080a00000| Untracked 
|  11|0x0000000080b00000, 0x0000000080c00000, 0x0000000080c00000|100%| O|  |TAMS 0x0000000080c00000, 0x0000000080b00000| Untracked 
|  12|0x0000000080c00000, 0x0000000080d00000, 0x0000000080d00000|100%| O|  |TAMS 0x0000000080d00000, 0x0000000080c00000| Untracked 
|  13|0x0000000080d00000, 0x0000000080e00000, 0x0000000080e00000|100%| O|  |TAMS 0x0000000080e00000, 0x0000000080d00000| Untracked 
|  14|0x0000000080e00000, 0x0000000080f00000, 0x0000000080f00000|100%| O|  |TAMS 0x0000000080f00000, 0x0000000080e00000| Untracked 
|  15|0x0000000080f00000, 0x0000000081000000, 0x0000000081000000|100%| O|  |TAMS 0x0000000081000000, 0x0000000080f00000| Untracked 
|  16|0x0000000081000000, 0x0000000081084400, 0x0000000081100000| 51%| O|  |TAMS 0x0000000081084400, 0x0000000081000000| Untracked 
|  17|0x0000000081100000, 0x0000000081100000, 0x0000000081200000|  0%| F|  |TAMS 0x0000000081100000, 0x0000000081100000| Untracked 
|  18|0x0000000081200000, 0x0000000081200000, 0x0000000081300000|  0%| F|  |TAMS 0x0000000081200000, 0x0000000081200000| Untracked 
|  19|0x0000000081300000, 0x0000000081300000, 0x0000000081400000|  0%| F|  |TAMS 0x0000000081300000, 0x0000000081300000| Untracked 
|  20|0x0000000081400000, 0x0000000081400000, 0x0000000081500000|  0%| F|  |TAMS 0x0000000081400000, 0x0000000081400000| Untracked 
|  21|0x0000000081500000, 0x0000000081500000, 0x0000000081600000|  0%| F|  |TAMS 0x0000000081500000, 0x0000000081500000| Untracked 
|  22|0x0000000081600000, 0x0000000081600000, 0x0000000081700000|  0%| F|  |TAMS 0x0000000081600000, 0x0000000081600000| Untracked 
|  23|0x0000000081700000, 0x0000000081700000, 0x0000000081800000|  0%| F|  |TAMS 0x0000000081700000, 0x0000000081700000| Untracked 
|  24|0x0000000081800000, 0x0000000081800000, 0x0000000081900000|  0%| F|  |TAMS 0x0000000081800000, 0x0000000081800000| Untracked 
|  25|0x0000000081900000, 0x0000000081900000, 0x0000000081a00000|  0%| F|  |TAMS 0x0000000081900000, 0x0000000081900000| Untracked 
|  26|0x0000000081a00000, 0x0000000081a00000, 0x0000000081b00000|  0%| F|  |TAMS 0x0000000081a00000, 0x0000000081a00000| Untracked 
|  27|0x0000000081b00000, 0x0000000081b00000, 0x0000000081c00000|  0%| F|  |TAMS 0x0000000081b00000, 0x0000000081b00000| Untracked 
|  28|0x0000000081c00000, 0x0000000081c00000, 0x0000000081d00000|  0%| F|  |TAMS 0x0000000081c00000, 0x0000000081c00000| Untracked 
|  29|0x0000000081d00000, 0x0000000081d00000, 0x0000000081e00000|  0%| F|  |TAMS 0x0000000081d00000, 0x0000000081d00000| Untracked 
|  30|0x0000000081e00000, 0x0000000081e00000, 0x0000000081f00000|  0%| F|  |TAMS 0x0000000081e00000, 0x0000000081e00000| Untracked 
|  31|0x0000000081f00000, 0x0000000081f00000, 0x0000000082000000|  0%| F|  |TAMS 0x0000000081f00000, 0x0000000081f00000| Untracked 
|  32|0x0000000082000000, 0x0000000082000000, 0x0000000082100000|  0%| F|  |TAMS 0x0000000082000000, 0x0000000082000000| Untracked 
|  33|0x0000000082100000, 0x0000000082100000, 0x0000000082200000|  0%| F|  |TAMS 0x0000000082100000, 0x0000000082100000| Untracked 
|  34|0x0000000082200000, 0x0000000082200000, 0x0000000082300000|  0%| F|  |TAMS 0x0000000082200000, 0x0000000082200000| Untracked 
|  35|0x0000000082300000, 0x0000000082300000, 0x0000000082400000|  0%| F|  |TAMS 0x0000000082300000, 0x0000000082300000| Untracked 
|  36|0x0000000082400000, 0x0000000082400000, 0x0000000082500000|  0%| F|  |TAMS 0x0000000082400000, 0x0000000082400000| Untracked 
|  37|0x0000000082500000, 0x0000000082500000, 0x0000000082600000|  0%| F|  |TAMS 0x0000000082500000, 0x0000000082500000| Untracked 
|  38|0x0000000082600000, 0x0000000082600000, 0x0000000082700000|  0%| F|  |TAMS 0x0000000082600000, 0x0000000082600000| Untracked 
|  39|0x0000000082700000, 0x0000000082700000, 0x0000000082800000|  0%| F|  |TAMS 0x0000000082700000, 0x0000000082700000| Untracked 
|  40|0x0000000082800000, 0x0000000082800000, 0x0000000082900000|  0%| F|  |TAMS 0x0000000082800000, 0x0000000082800000| Untracked 
|  41|0x0000000082900000, 0x0000000082900000, 0x0000000082a00000|  0%| F|  |TAMS 0x0000000082900000, 0x0000000082900000| Untracked 
|  42|0x0000000082a00000, 0x0000000082a00000, 0x0000000082b00000|  0%| F|  |TAMS 0x0000000082a00000, 0x0000000082a00000| Untracked 
|  43|0x0000000082b00000, 0x0000000082b00000, 0x0000000082c00000|  0%| F|  |TAMS 0x0000000082b00000, 0x0000000082b00000| Untracked 
|  44|0x0000000082c00000, 0x0000000082c00000, 0x0000000082d00000|  0%| F|  |TAMS 0x0000000082c00000, 0x0000000082c00000| Untracked 
|  45|0x0000000082d00000, 0x0000000082d00000, 0x0000000082e00000|  0%| F|  |TAMS 0x0000000082d00000, 0x0000000082d00000| Untracked 
|  46|0x0000000082e00000, 0x0000000082e00000, 0x0000000082f00000|  0%| F|  |TAMS 0x0000000082e00000, 0x0000000082e00000| Untracked 
|  47|0x0000000082f00000, 0x0000000082f00000, 0x0000000083000000|  0%| F|  |TAMS 0x0000000082f00000, 0x0000000082f00000| Untracked 
|  48|0x0000000083000000, 0x0000000083000000, 0x0000000083100000|  0%| F|  |TAMS 0x0000000083000000, 0x0000000083000000| Untracked 
|  49|0x0000000083100000, 0x0000000083100000, 0x0000000083200000|  0%| F|  |TAMS 0x0000000083100000, 0x0000000083100000| Untracked 
|  50|0x0000000083200000, 0x0000000083200000, 0x0000000083300000|  0%| F|  |TAMS 0x0000000083200000, 0x0000000083200000| Untracked 
|  51|0x0000000083300000, 0x0000000083300000, 0x0000000083400000|  0%| F|  |TAMS 0x0000000083300000, 0x0000000083300000| Untracked 
|  52|0x0000000083400000, 0x0000000083400000, 0x0000000083500000|  0%| F|  |TAMS 0x0000000083400000, 0x0000000083400000| Untracked 
|  53|0x0000000083500000, 0x0000000083500000, 0x0000000083600000|  0%| F|  |TAMS 0x0000000083500000, 0x0000000083500000| Untracked 
|  54|0x0000000083600000, 0x0000000083600000, 0x0000000083700000|  0%| F|  |TAMS 0x0000000083600000, 0x0000000083600000| Untracked 
|  55|0x0000000083700000, 0x0000000083700000, 0x0000000083800000|  0%| F|  |TAMS 0x0000000083700000, 0x0000000083700000| Untracked 
|  56|0x0000000083800000, 0x0000000083800000, 0x0000000083900000|  0%| F|  |TAMS 0x0000000083800000, 0x0000000083800000| Untracked 
|  57|0x0000000083900000, 0x0000000083900000, 0x0000000083a00000|  0%| F|  |TAMS 0x0000000083900000, 0x0000000083900000| Untracked 
|  58|0x0000000083a00000, 0x0000000083a00000, 0x0000000083b00000|  0%| F|  |TAMS 0x0000000083a00000, 0x0000000083a00000| Untracked 
|  59|0x0000000083b00000, 0x0000000083b00000, 0x0000000083c00000|  0%| F|  |TAMS 0x0000000083b00000, 0x0000000083b00000| Untracked 
|  60|0x0000000083c00000, 0x0000000083c00000, 0x0000000083d00000|  0%| F|  |TAMS 0x0000000083c00000, 0x0000000083c00000| Untracked 
|  61|0x0000000083d00000, 0x0000000083d00000, 0x0000000083e00000|  0%| F|  |TAMS 0x0000000083d00000, 0x0000000083d00000| Untracked 
|  62|0x0000000083e00000, 0x0000000083e00000, 0x0000000083f00000|  0%| F|  |TAMS 0x0000000083e00000, 0x0000000083e00000| Untracked 
|  63|0x0000000083f00000, 0x0000000083f00000, 0x0000000084000000|  0%| F|  |TAMS 0x0000000083f00000, 0x0000000083f00000| Untracked 
|  64|0x0000000084000000, 0x0000000084000000, 0x0000000084100000|  0%| F|  |TAMS 0x0000000084000000, 0x0000000084000000| Untracked 
|  65|0x0000000084100000, 0x0000000084100000, 0x0000000084200000|  0%| F|  |TAMS 0x0000000084100000, 0x0000000084100000| Untracked 
|  66|0x0000000084200000, 0x0000000084200000, 0x0000000084300000|  0%| F|  |TAMS 0x0000000084200000, 0x0000000084200000| Untracked 
|  67|0x0000000084300000, 0x0000000084300000, 0x0000000084400000|  0%| F|  |TAMS 0x0000000084300000, 0x0000000084300000| Untracked 
|  68|0x0000000084400000, 0x0000000084400000, 0x0000000084500000|  0%| F|  |TAMS 0x0000000084400000, 0x0000000084400000| Untracked 
|  69|0x0000000084500000, 0x0000000084500000, 0x0000000084600000|  0%| F|  |TAMS 0x0000000084500000, 0x0000000084500000| Untracked 
|  70|0x0000000084600000, 0x0000000084600000, 0x0000000084700000|  0%| F|  |TAMS 0x0000000084600000, 0x0000000084600000| Untracked 
|  71|0x0000000084700000, 0x0000000084700000, 0x0000000084800000|  0%| F|  |TAMS 0x0000000084700000, 0x0000000084700000| Untracked 
|  72|0x0000000084800000, 0x0000000084800000, 0x0000000084900000|  0%| F|  |TAMS 0x0000000084800000, 0x0000000084800000| Untracked 
|  73|0x0000000084900000, 0x0000000084900000, 0x0000000084a00000|  0%| F|  |TAMS 0x0000000084900000, 0x0000000084900000| Untracked 
|  74|0x0000000084a00000, 0x0000000084a00000, 0x0000000084b00000|  0%| F|  |TAMS 0x0000000084a00000, 0x0000000084a00000| Untracked 
|  75|0x0000000084b00000, 0x0000000084b00000, 0x0000000084c00000|  0%| F|  |TAMS 0x0000000084b00000, 0x0000000084b00000| Untracked 
|  76|0x0000000084c00000, 0x0000000084cd8250, 0x0000000084d00000| 84%| S|CS|TAMS 0x0000000084c00000, 0x0000000084c00000| Complete 
|  77|0x0000000084d00000, 0x0000000084e00000, 0x0000000084e00000|100%| S|CS|TAMS 0x0000000084d00000, 0x0000000084d00000| Complete 
|  78|0x0000000084e00000, 0x0000000084f00000, 0x0000000084f00000|100%| S|CS|TAMS 0x0000000084e00000, 0x0000000084e00000| Complete 
|  79|0x0000000084f00000, 0x0000000084f00000, 0x0000000085000000|  0%| F|  |TAMS 0x0000000084f00000, 0x0000000084f00000| Untracked 
|  80|0x0000000085000000, 0x0000000085000000, 0x0000000085100000|  0%| F|  |TAMS 0x0000000085000000, 0x0000000085000000| Untracked 
|  81|0x0000000085100000, 0x0000000085100000, 0x0000000085200000|  0%| F|  |TAMS 0x0000000085100000, 0x0000000085100000| Untracked 
|  82|0x0000000085200000, 0x0000000085200000, 0x0000000085300000|  0%| F|  |TAMS 0x0000000085200000, 0x0000000085200000| Untracked 
|  83|0x0000000085300000, 0x0000000085300000, 0x0000000085400000|  0%| F|  |TAMS 0x0000000085300000, 0x0000000085300000| Untracked 
|  84|0x0000000085400000, 0x0000000085400000, 0x0000000085500000|  0%| F|  |TAMS 0x0000000085400000, 0x0000000085400000| Untracked 
|  85|0x0000000085500000, 0x0000000085500000, 0x0000000085600000|  0%| F|  |TAMS 0x0000000085500000, 0x0000000085500000| Untracked 
|  86|0x0000000085600000, 0x0000000085600000, 0x0000000085700000|  0%| F|  |TAMS 0x0000000085600000, 0x0000000085600000| Untracked 
|  87|0x0000000085700000, 0x0000000085700000, 0x0000000085800000|  0%| F|  |TAMS 0x0000000085700000, 0x0000000085700000| Untracked 
|  88|0x0000000085800000, 0x0000000085800000, 0x0000000085900000|  0%| F|  |TAMS 0x0000000085800000, 0x0000000085800000| Untracked 
|  89|0x0000000085900000, 0x0000000085900000, 0x0000000085a00000|  0%| F|  |TAMS 0x0000000085900000, 0x0000000085900000| Untracked 
|  90|0x0000000085a00000, 0x0000000085a00000, 0x0000000085b00000|  0%| F|  |TAMS 0x0000000085a00000, 0x0000000085a00000| Untracked 
|  91|0x0000000085b00000, 0x0000000085b00000, 0x0000000085c00000|  0%| F|  |TAMS 0x0000000085b00000, 0x0000000085b00000| Untracked 
|  92|0x0000000085c00000, 0x0000000085c00000, 0x0000000085d00000|  0%| F|  |TAMS 0x0000000085c00000, 0x0000000085c00000| Untracked 
|  93|0x0000000085d00000, 0x0000000085d00000, 0x0000000085e00000|  0%| F|  |TAMS 0x0000000085d00000, 0x0000000085d00000| Untracked 
|  94|0x0000000085e00000, 0x0000000085e00000, 0x0000000085f00000|  0%| F|  |TAMS 0x0000000085e00000, 0x0000000085e00000| Untracked 
|  95|0x0000000085f00000, 0x0000000085f00000, 0x0000000086000000|  0%| F|  |TAMS 0x0000000085f00000, 0x0000000085f00000| Untracked 
|  96|0x0000000086000000, 0x0000000086000000, 0x0000000086100000|  0%| F|  |TAMS 0x0000000086000000, 0x0000000086000000| Untracked 
|  97|0x0000000086100000, 0x0000000086100000, 0x0000000086200000|  0%| F|  |TAMS 0x0000000086100000, 0x0000000086100000| Untracked 
|  98|0x0000000086200000, 0x0000000086200000, 0x0000000086300000|  0%| F|  |TAMS 0x0000000086200000, 0x0000000086200000| Untracked 
|  99|0x0000000086300000, 0x0000000086300000, 0x0000000086400000|  0%| F|  |TAMS 0x0000000086300000, 0x0000000086300000| Untracked 
| 100|0x0000000086400000, 0x0000000086400000, 0x0000000086500000|  0%| F|  |TAMS 0x0000000086400000, 0x0000000086400000| Untracked 
| 101|0x0000000086500000, 0x0000000086500000, 0x0000000086600000|  0%| F|  |TAMS 0x0000000086500000, 0x0000000086500000| Untracked 
| 102|0x0000000086600000, 0x0000000086600000, 0x0000000086700000|  0%| F|  |TAMS 0x0000000086600000, 0x0000000086600000| Untracked 
| 103|0x0000000086700000, 0x0000000086700000, 0x0000000086800000|  0%| F|  |TAMS 0x0000000086700000, 0x0000000086700000| Untracked 
| 104|0x0000000086800000, 0x0000000086800000, 0x0000000086900000|  0%| F|  |TAMS 0x0000000086800000, 0x0000000086800000| Untracked 
| 105|0x0000000086900000, 0x0000000086900000, 0x0000000086a00000|  0%| F|  |TAMS 0x0000000086900000, 0x0000000086900000| Untracked 
| 106|0x0000000086a00000, 0x0000000086a00000, 0x0000000086b00000|  0%| F|  |TAMS 0x0000000086a00000, 0x0000000086a00000| Untracked 
| 107|0x0000000086b00000, 0x0000000086b00000, 0x0000000086c00000|  0%| F|  |TAMS 0x0000000086b00000, 0x0000000086b00000| Untracked 
| 108|0x0000000086c00000, 0x0000000086c00000, 0x0000000086d00000|  0%| F|  |TAMS 0x0000000086c00000, 0x0000000086c00000| Untracked 
| 109|0x0000000086d00000, 0x0000000086d00000, 0x0000000086e00000|  0%| F|  |TAMS 0x0000000086d00000, 0x0000000086d00000| Untracked 
| 110|0x0000000086e00000, 0x0000000086e80800, 0x0000000086f00000| 50%| E|  |TAMS 0x0000000086e00000, 0x0000000086e00000| Complete 
| 111|0x0000000086f00000, 0x0000000087000000, 0x0000000087000000|100%| E|CS|TAMS 0x0000000086f00000, 0x0000000086f00000| Complete 
| 112|0x0000000087000000, 0x0000000087100000, 0x0000000087100000|100%| E|CS|TAMS 0x0000000087000000, 0x0000000087000000| Complete 
| 113|0x0000000087100000, 0x0000000087200000, 0x0000000087200000|100%| E|CS|TAMS 0x0000000087100000, 0x0000000087100000| Complete 
| 114|0x0000000087200000, 0x0000000087300000, 0x0000000087300000|100%| E|CS|TAMS 0x0000000087200000, 0x0000000087200000| Complete 
| 115|0x0000000087300000, 0x0000000087400000, 0x0000000087400000|100%| E|CS|TAMS 0x0000000087300000, 0x0000000087300000| Complete 
| 116|0x0000000087400000, 0x0000000087500000, 0x0000000087500000|100%| E|CS|TAMS 0x0000000087400000, 0x0000000087400000| Complete 
| 117|0x0000000087500000, 0x0000000087600000, 0x0000000087600000|100%| E|CS|TAMS 0x0000000087500000, 0x0000000087500000| Complete 
| 118|0x0000000087600000, 0x0000000087700000, 0x0000000087700000|100%| E|CS|TAMS 0x0000000087600000, 0x0000000087600000| Complete 
| 119|0x0000000087700000, 0x0000000087800000, 0x0000000087800000|100%| E|CS|TAMS 0x0000000087700000, 0x0000000087700000| Complete 
| 120|0x0000000087800000, 0x0000000087900000, 0x0000000087900000|100%| E|CS|TAMS 0x0000000087800000, 0x0000000087800000| Complete 
| 121|0x0000000087900000, 0x0000000087a00000, 0x0000000087a00000|100%| E|CS|TAMS 0x0000000087900000, 0x0000000087900000| Complete 
| 122|0x0000000087a00000, 0x0000000087b00000, 0x0000000087b00000|100%| E|CS|TAMS 0x0000000087a00000, 0x0000000087a00000| Complete 
| 123|0x0000000087b00000, 0x0000000087c00000, 0x0000000087c00000|100%| E|CS|TAMS 0x0000000087b00000, 0x0000000087b00000| Complete 
| 124|0x0000000087c00000, 0x0000000087d00000, 0x0000000087d00000|100%| E|CS|TAMS 0x0000000087c00000, 0x0000000087c00000| Complete 
| 125|0x0000000087d00000, 0x0000000087e00000, 0x0000000087e00000|100%| E|CS|TAMS 0x0000000087d00000, 0x0000000087d00000| Complete 
| 126|0x0000000087e00000, 0x0000000087f00000, 0x0000000087f00000|100%| E|CS|TAMS 0x0000000087e00000, 0x0000000087e00000| Complete 
| 127|0x0000000087f00000, 0x0000000088000000, 0x0000000088000000|100%| E|CS|TAMS 0x0000000087f00000, 0x0000000087f00000| Complete 

Card table byte_map: [0x000001ca77ff0000,0x000001ca783f0000] _byte_map_base: 0x000001ca77bf0000

Marking Bits (Prev, Next): (CMBitMap*) 0x000001ca73aaf570, (CMBitMap*) 0x000001ca73aaf538
 Prev Bits: [0x000001ca7a7f0000, 0x000001ca7c7f0000)
 Next Bits: [0x000001ca787f0000, 0x000001ca7a7f0000)

Polling page: 0x000001ca73b50000

Metaspace:

Usage:
  Non-class:     23.25 MB capacity,    22.85 MB ( 98%) used,   354.66 KB (  1%) free+waste,    56.31 KB ( <1%) overhead. 
      Class:      3.65 MB capacity,     3.41 MB ( 93%) used,   220.48 KB (  6%) free+waste,    28.38 KB ( <1%) overhead. 
       Both:     26.90 MB capacity,    26.26 MB ( 98%) used,   575.14 KB (  2%) free+waste,    84.69 KB ( <1%) overhead. 

Virtual space:
  Non-class space:       24.00 MB reserved,      23.42 MB ( 98%) committed 
      Class space:        1.00 GB reserved,       3.75 MB ( <1%) committed 
             Both:        1.02 GB reserved,      27.17 MB (  3%) committed 

Chunk freelists:
   Non-Class:  47.00 KB
       Class:  3.00 KB
        Both:  50.00 KB

MaxMetaspaceSize: 17179869184.00 GB
CompressedClassSpaceSize: 1.00 GB
Initial GC threshold: 20.80 MB
Current GC threshold: 35.08 MB
CDS: off

CodeHeap 'non-profiled nmethods': size=120064Kb used=1203Kb max_used=1203Kb free=118860Kb
 bounds [0x000001ca07ac0000, 0x000001ca07d30000, 0x000001ca0f000000]
CodeHeap 'profiled nmethods': size=120000Kb used=4981Kb max_used=4981Kb free=115018Kb
 bounds [0x000001ca00590000, 0x000001ca00a70000, 0x000001ca07ac0000]
CodeHeap 'non-nmethods': size=5696Kb used=1229Kb max_used=1259Kb free=4466Kb
 bounds [0x000001ca00000000, 0x000001ca00270000, 0x000001ca00590000]
 total_blobs=2862 nmethods=2357 adapters=416
 compilation: enabled
              stopped_count=0, restarted_count=0
 full_count=0

Compilation events (20 events):
Event: 7.876 Thread 0x000001ca7ee58800 2349       3       java.lang.PublicMethods$Key::hashCode (19 bytes)
Event: 7.876 Thread 0x000001ca7ee58800 nmethod 2349 0x000001ca00a5d510 code [0x000001ca00a5d6e0, 0x000001ca00a5d858]
Event: 7.876 Thread 0x000001ca7ee58800 2350       3       java.lang.AbstractStringBuilder::append (60 bytes)
Event: 7.877 Thread 0x000001ca7ee58800 nmethod 2350 0x000001ca00a5d910 code [0x000001ca00a5db00, 0x000001ca00a5de38]
Event: 7.878 Thread 0x000001ca7ee58800 2351       3       java.lang.Package$VersionInfo::getInstance (53 bytes)
Event: 7.879 Thread 0x000001ca7ee58800 nmethod 2351 0x000001ca00a5df90 code [0x000001ca00a5e160, 0x000001ca00a5e508]
Event: 7.880 Thread 0x000001ca7ee58800 2353       3       jdk.internal.reflect.Reflection::isSubclassOf (21 bytes)
Event: 7.881 Thread 0x000001ca7ee58800 nmethod 2353 0x000001ca00a5e610 code [0x000001ca00a5e7e0, 0x000001ca00a5ea08]
Event: 7.881 Thread 0x000001ca7ee58800 2352       3       jdk.internal.reflect.ReflectionFactory::newConstructorAccessor (154 bytes)
Event: 7.884 Thread 0x000001ca7ee58800 nmethod 2352 0x000001ca00a5eb10 code [0x000001ca00a5eec0, 0x000001ca00a60878]
Event: 7.894 Thread 0x000001ca7ee58800 2354       3       jdk.internal.loader.ClassLoaders::platformClassLoader (4 bytes)
Event: 7.894 Thread 0x000001ca7ee58800 nmethod 2354 0x000001ca00a61110 code [0x000001ca00a612c0, 0x000001ca00a613b8]
Event: 7.897 Thread 0x000001ca7ee58800 2355   !   3       org.gradle.internal.service.DefaultServiceRegistry$FactoryService::bind (283 bytes)
Event: 7.903 Thread 0x000001ca7ee58800 nmethod 2355 0x000001ca00a61410 code [0x000001ca00a61b20, 0x000001ca00a66188]
Event: 7.903 Thread 0x000001ca7ee58800 2357       3       org.gradle.internal.service.DefaultServiceRegistry$FactoryService::assembleParameters (58 bytes)
Event: 7.904 Thread 0x000001ca7ee58800 nmethod 2357 0x000001ca00a67890 code [0x000001ca00a67a80, 0x000001ca00a68068]
Event: 7.904 Thread 0x000001ca7ee58800 2356       3       org.gradle.internal.service.DefaultServiceRegistry$FactoryService::createServiceInstance (18 bytes)
Event: 7.904 Thread 0x000001ca7ee58800 nmethod 2356 0x000001ca00a68290 code [0x000001ca00a68460, 0x000001ca00a68678]
Event: 7.916 Thread 0x000001ca7ee58800 2358       3       java.lang.reflect.AccessibleObject::setAccessible0 (7 bytes)
Event: 7.916 Thread 0x000001ca7ee58800 nmethod 2358 0x000001ca00a68790 code [0x000001ca00a68940, 0x000001ca00a68a58]

GC Heap History (12 events):
Event: 0.827 GC heap before
{Heap before GC invocations=0 (full 0):
 garbage-first heap   total 131072K, used 17408K [0x0000000080000000, 0x0000000100000000)
  region size 1024K, 14 young (14336K), 0 survivors (0K)
 Metaspace       used 6750K, capacity 6929K, committed 7168K, reserved 1056768K
  class space    used 573K, capacity 650K, committed 768K, reserved 1048576K
}
Event: 0.837 GC heap after
{Heap after GC invocations=1 (full 0):
 garbage-first heap   total 131072K, used 8411K [0x0000000080000000, 0x0000000100000000)
  region size 1024K, 2 young (2048K), 2 survivors (2048K)
 Metaspace       used 6750K, capacity 6929K, committed 7168K, reserved 1056768K
  class space    used 573K, capacity 650K, committed 768K, reserved 1048576K
}
Event: 1.335 GC heap before
{Heap before GC invocations=1 (full 0):
 garbage-first heap   total 131072K, used 19675K [0x0000000080000000, 0x0000000100000000)
  region size 1024K, 13 young (13312K), 2 survivors (2048K)
 Metaspace       used 9892K, capacity 10122K, committed 10368K, reserved 1058816K
  class space    used 1013K, capacity 1102K, committed 1152K, reserved 1048576K
}
Event: 1.347 GC heap after
{Heap after GC invocations=2 (full 0):
 garbage-first heap   total 131072K, used 10576K [0x0000000080000000, 0x0000000100000000)
  region size 1024K, 2 young (2048K), 2 survivors (2048K)
 Metaspace       used 9892K, capacity 10122K, committed 10368K, reserved 1058816K
  class space    used 1013K, capacity 1102K, committed 1152K, reserved 1048576K
}
Event: 2.310 GC heap before
{Heap before GC invocations=2 (full 0):
 garbage-first heap   total 131072K, used 38224K [0x0000000080000000, 0x0000000100000000)
  region size 1024K, 29 young (29696K), 2 survivors (2048K)
 Metaspace       used 10877K, capacity 11139K, committed 11264K, reserved 1058816K
  class space    used 1115K, capacity 1206K, committed 1280K, reserved 1048576K
}
Event: 2.315 GC heap after
{Heap after GC invocations=3 (full 0):
 garbage-first heap   total 131072K, used 11214K [0x0000000080000000, 0x0000000100000000)
  region size 1024K, 3 young (3072K), 3 survivors (3072K)
 Metaspace       used 10877K, capacity 11139K, committed 11264K, reserved 1058816K
  class space    used 1115K, capacity 1206K, committed 1280K, reserved 1048576K
}
Event: 6.103 GC heap before
{Heap before GC invocations=3 (full 0):
 garbage-first heap   total 131072K, used 52174K [0x0000000080000000, 0x0000000100000000)
  region size 1024K, 43 young (44032K), 3 survivors (3072K)
 Metaspace       used 16556K, capacity 16834K, committed 17152K, reserved 1064960K
  class space    used 1868K, capacity 1976K, committed 2048K, reserved 1048576K
}
Event: 6.113 GC heap after
{Heap after GC invocations=4 (full 0):
 garbage-first heap   total 131072K, used 16833K [0x0000000080000000, 0x0000000100000000)
  region size 1024K, 6 young (6144K), 6 survivors (6144K)
 Metaspace       used 16556K, capacity 16834K, committed 17152K, reserved 1064960K
  class space    used 1868K, capacity 1976K, committed 2048K, reserved 1048576K
}
Event: 6.722 GC heap before
{Heap before GC invocations=4 (full 0):
 garbage-first heap   total 131072K, used 43457K [0x0000000080000000, 0x0000000100000000)
  region size 1024K, 34 young (34816K), 6 survivors (6144K)
 Metaspace       used 20778K, capacity 21185K, committed 21296K, reserved 1069056K
  class space    used 2486K, capacity 2658K, committed 2688K, reserved 1048576K
}
Event: 6.737 GC heap after
{Heap after GC invocations=5 (full 0):
 garbage-first heap   total 131072K, used 18279K [0x0000000080000000, 0x0000000100000000)
  region size 1024K, 2 young (2048K), 2 survivors (2048K)
 Metaspace       used 20778K, capacity 21185K, committed 21296K, reserved 1069056K
  class space    used 2486K, capacity 2658K, committed 2688K, reserved 1048576K
}
Event: 7.558 GC heap before
{Heap before GC invocations=6 (full 0):
 garbage-first heap   total 131072K, used 66407K [0x0000000080000000, 0x0000000100000000)
  region size 1024K, 49 young (50176K), 2 survivors (2048K)
 Metaspace       used 24973K, capacity 25568K, committed 25648K, reserved 1071104K
  class space    used 3177K, capacity 3398K, committed 3456K, reserved 1048576K
}
Event: 7.570 GC heap after
{Heap after GC invocations=7 (full 0):
 garbage-first heap   total 131072K, used 19825K [0x0000000080000000, 0x0000000100000000)
  region size 1024K, 3 young (3072K), 3 survivors (3072K)
 Metaspace       used 24973K, capacity 25568K, committed 25648K, reserved 1071104K
  class space    used 3177K, capacity 3398K, committed 3456K, reserved 1048576K
}

Deoptimization events (20 events):
Event: 6.878 Thread 0x000001ca10d30800 Uncommon trap: trap_request=0xffffffc6 fr.pc=0x000001ca07b43540 relative=0x0000000000000100
Event: 6.878 Thread 0x000001ca10d30800 Uncommon trap: reason=bimorphic_or_optimized_type_check action=maybe_recompile pc=0x000001ca07b43540 method=java.util.AbstractList$Itr.next()Ljava/lang/Object; @ 14 c2
Event: 6.878 Thread 0x000001ca10d30800 DEOPT PACKING pc=0x000001ca07b43540 sp=0x0000008cdfefc290
Event: 6.878 Thread 0x000001ca10d30800 DEOPT UNPACKING pc=0x000001ca0004a1af sp=0x0000008cdfefc228 mode 2
Event: 6.879 Thread 0x000001ca10d30800 Uncommon trap: trap_request=0xffffff4d fr.pc=0x000001ca07b3ba84 relative=0x00000000000005c4
Event: 6.879 Thread 0x000001ca10d30800 Uncommon trap: reason=unstable_if action=reinterpret pc=0x000001ca07b3ba84 method=java.io.File.getName()Ljava/lang/String; @ 16 c2
Event: 6.879 Thread 0x000001ca10d30800 DEOPT PACKING pc=0x000001ca07b3ba84 sp=0x0000008cdfefcc70
Event: 6.879 Thread 0x000001ca10d30800 DEOPT UNPACKING pc=0x000001ca0004a1af sp=0x0000008cdfefcc40 mode 2
Event: 6.879 Thread 0x000001ca10d30800 Uncommon trap: trap_request=0xffffff4d fr.pc=0x000001ca07b39bb4 relative=0x0000000000000474
Event: 6.879 Thread 0x000001ca10d30800 Uncommon trap: reason=unstable_if action=reinterpret pc=0x000001ca07b39bb4 method=java.lang.String.substring(I)Ljava/lang/String; @ 34 c2
Event: 6.879 Thread 0x000001ca10d30800 DEOPT PACKING pc=0x000001ca07b39bb4 sp=0x0000008cdfefcbf0
Event: 6.879 Thread 0x000001ca10d30800 DEOPT UNPACKING pc=0x000001ca0004a1af sp=0x0000008cdfefcbc8 mode 2
Event: 6.990 Thread 0x000001ca10d30800 Uncommon trap: trap_request=0xffffffcc fr.pc=0x000001ca07bc6278 relative=0x00000000000002b8
Event: 6.990 Thread 0x000001ca10d30800 Uncommon trap: reason=intrinsic_or_type_checked_inlining action=make_not_entrant pc=0x000001ca07bc6278 method=java.util.Arrays.copyOf([Ljava/lang/Object;ILjava/lang/Class;)[Ljava/lang/Object; @ 35 c2
Event: 6.990 Thread 0x000001ca10d30800 DEOPT PACKING pc=0x000001ca07bc6278 sp=0x0000008cdfefd4f0
Event: 6.990 Thread 0x000001ca10d30800 DEOPT UNPACKING pc=0x000001ca0004a1af sp=0x0000008cdfefd480 mode 2
Event: 7.646 Thread 0x000001ca10d30800 Uncommon trap: trap_request=0xffffff4d fr.pc=0x000001ca07bace70 relative=0x00000000000006f0
Event: 7.646 Thread 0x000001ca10d30800 Uncommon trap: reason=unstable_if action=reinterpret pc=0x000001ca07bace70 method=java.util.HashMap.hash(Ljava/lang/Object;)I @ 1 c2
Event: 7.646 Thread 0x000001ca10d30800 DEOPT PACKING pc=0x000001ca07bace70 sp=0x0000008cdfef9d10
Event: 7.646 Thread 0x000001ca10d30800 DEOPT UNPACKING pc=0x000001ca0004a1af sp=0x0000008cdfef9c90 mode 2

Classes redefined (0 events):
No events

Internal exceptions (20 events):
Event: 6.553 Thread 0x000001ca10d30800 Exception <a 'java/lang/NoSuchMethodError'{0x0000000086e36568}: 'java.lang.Object java.lang.invoke.DirectMethodHandle$Holder.invokeStatic(java.lang.Object, java.lang.Object, java.lang.Object, int, java.lang.Object, java.lang.Object)'> (0x0000000086e36568) thrown at [./src/hotspot/share/interpreter/linkResolver.cpp, line 773]
Event: 6.554 Thread 0x000001ca10d30800 Exception <a 'java/lang/NoSuchMethodError'{0x0000000086e3d9d0}: 'java.lang.Object java.lang.invoke.Invokers$Holder.linkToTargetMethod(java.lang.Object, java.lang.Object, int, java.lang.Object, java.lang.Object, java.lang.Object)'> (0x0000000086e3d9d0) thrown at [./src/hotspot/share/interpreter/linkResolver.cpp, line 773]
Event: 6.611 Thread 0x000001ca10d30800 Exception <a 'java/lang/NoSuchMethodError'{0x0000000086c82f50}: 'void java.lang.invoke.DelegatingMethodHandle$Holder.reinvoke_L(java.lang.Object, java.lang.Object, java.lang.Object, java.lang.Object, java.lang.Object, java.lang.Object, java.lang.Object, java.lang.Object, java.lang.Object, java.lang.Object, java.lang.Object)'> (0x0000000086c82f50) thrown at [./src/hotspot/share/interpreter/linkResolver.cpp, line 773]
Event: 6.612 Thread 0x000001ca10d30800 Exception <a 'java/lang/NoSuchMethodError'{0x0000000086c8b3c8}: 'java.lang.Object java.lang.invoke.DirectMethodHandle$Holder.invokeSpecial(java.lang.Object, java.lang.Object, java.lang.Object, java.lang.Object, java.lang.Object, java.lang.Object, java.lang.Object, java.lang.Object, java.lang.Object, java.lang.Object, java.lang.Object)'> (0x0000000086c8b3c8) thrown at [./src/hotspot/share/interpreter/linkResolver.cpp, line 773]
Event: 6.613 Thread 0x000001ca10d30800 Exception <a 'java/lang/NoSuchMethodError'{0x0000000086c8fb38}: 'java.lang.Object java.lang.invoke.Invokers$Holder.invoker(java.lang.Object, java.lang.Object, java.lang.Object, java.lang.Object, java.lang.Object, java.lang.Object, java.lang.Object, java.lang.Object, java.lang.Object, java.lang.Object, java.lang.Object)'> (0x0000000086c8fb38) thrown at [./src/hotspot/share/interpreter/linkResolver.cpp, line 773]
Event: 6.613 Thread 0x000001ca10d30800 Exception <a 'java/lang/NoSuchMethodError'{0x0000000086c94c50}: 'java.lang.Object java.lang.invoke.DirectMethodHandle$Holder.invokeSpecial(java.lang.Object, java.lang.Object, java.lang.Object, java.lang.Object, java.lang.Object, java.lang.Object, java.lang.Object, java.lang.Object, java.lang.Object, java.lang.Object, java.lang.Object, java.lang.Object)'> (0x0000000086c94c50) thrown at [./src/hotspot/share/interpreter/linkResolver.cpp, line 773]
Event: 6.642 Thread 0x000001ca10d30800 Exception <a 'java/lang/NoSuchMethodError'{0x0000000086bf1408}: 'java.lang.Object java.lang.invoke.DirectMethodHandle$Holder.invokeSpecial(java.lang.Object, java.lang.Object, java.lang.Object, java.lang.Object, java.lang.Object, java.lang.Object, java.lang.Object, java.lang.Object, java.lang.Object)'> (0x0000000086bf1408) thrown at [./src/hotspot/share/interpreter/linkResolver.cpp, line 773]
Event: 6.742 Thread 0x000001ca10d30800 Exception <a 'java/lang/NoSuchMethodError'{0x0000000087f54f40}: 'void java.lang.invoke.DirectMethodHandle$Holder.invokeStaticInit(java.lang.Object)'> (0x0000000087f54f40) thrown at [./src/hotspot/share/interpreter/linkResolver.cpp, line 773]
Event: 6.770 Thread 0x000001ca10d30800 Exception <a 'java/lang/NoSuchMethodError'{0x0000000087ff68c0}: 'java.lang.Object java.lang.invoke.DirectMethodHandle$Holder.invokeStatic(java.lang.Object, java.lang.Object, java.lang.Object, int)'> (0x0000000087ff68c0) thrown at [./src/hotspot/share/interpreter/linkResolver.cpp, line 773]
Event: 6.771 Thread 0x000001ca10d30800 Exception <a 'java/lang/NoSuchMethodError'{0x0000000087ffaa88}: 'java.lang.Object java.lang.invoke.DirectMethodHandle$Holder.invokeSpecial(java.lang.Object, java.lang.Object, java.lang.Object, java.lang.Object, int)'> (0x0000000087ffaa88) thrown at [./src/hotspot/share/interpreter/linkResolver.cpp, line 773]
Event: 6.771 Thread 0x000001ca10d30800 Exception <a 'java/lang/NoSuchMethodError'{0x0000000087ffe470}: 'java.lang.Object java.lang.invoke.Invokers$Holder.linkToTargetMethod(java.lang.Object, java.lang.Object, int, java.lang.Object)'> (0x0000000087ffe470) thrown at [./src/hotspot/share/interpreter/linkResolver.cpp, line 773]
Event: 7.146 Thread 0x000001ca10d30800 Exception <a 'java/lang/NoSuchMethodError'{0x0000000086997758}: 'int java.lang.invoke.DirectMethodHandle$Holder.invokeSpecialIFC(java.lang.Object, java.lang.Object, java.lang.Object, java.lang.Object)'> (0x0000000086997758) thrown at [./src/hotspot/share/interpreter/linkResolver.cpp, line 773]
Event: 7.149 Thread 0x000001ca10d30800 Exception <a 'java/lang/NoSuchMethodError'{0x00000000869a5710}: 'java.lang.Object java.lang.invoke.DirectMethodHandle$Holder.invokeInterface(java.lang.Object, java.lang.Object, java.lang.Object)'> (0x00000000869a5710) thrown at [./src/hotspot/share/interpreter/linkResolver.cpp, line 773]
Event: 7.149 Thread 0x000001ca10d30800 Exception <a 'java/lang/IncompatibleClassChangeError'{0x00000000869a8be8}: Found class java.lang.Object, but interface was expected> (0x00000000869a8be8) thrown at [./src/hotspot/share/interpreter/linkResolver.cpp, line 839]
Event: 7.424 Thread 0x000001ca10d30800 Exception <a 'java/lang/NoSuchMethodError'{0x0000000085541410}: 'java.lang.Object java.lang.invoke.DirectMethodHandle$Holder.invokeVirtual(java.lang.Object, java.lang.Object, java.lang.Object, java.lang.Object)'> (0x0000000085541410) thrown at [./src/hotspot/share/interpreter/linkResolver.cpp, line 773]
Event: 7.478 Thread 0x000001ca10d30800 Exception <a 'java/lang/NoSuchMethodError'{0x00000000853f7600}: 'java.lang.Object java.lang.invoke.Invokers$Holder.linkToTargetMethod(java.lang.Object, java.lang.Object, java.lang.Object, java.lang.Object, java.lang.Object, java.lang.Object, java.lang.Object)'> (0x00000000853f7600) thrown at [./src/hotspot/share/interpreter/linkResolver.cpp, line 773]
Event: 7.526 Thread 0x000001ca10d30800 Exception <a 'java/lang/NoSuchMethodError'{0x000000008518ba68}: 'java.lang.Object java.lang.invoke.DirectMethodHandle$Holder.invokeVirtual(java.lang.Object, java.lang.Object, java.lang.Object, java.lang.Object, java.lang.Object, java.lang.Object, java.lang.Object, java.lang.Object, java.lang.Object, java.lang.Object, java.lang.Object, java.lang.Object, java.lang.Object, java.lang.Object, java.lang.Object, java.lang.Object, java.lang.Object, java.lang.Object, java.lang.Object, java.lang.Object, java.lang.Ob
Event: 7.628 Thread 0x000001ca10d30800 Exception <a 'java/lang/NoSuchMethodError'{0x0000000087b7d430}: 'void java.lang.invoke.DirectMethodHandle$Holder.invokeStatic(java.lang.Object, java.lang.Object, java.lang.Object, java.lang.Object, java.lang.Object)'> (0x0000000087b7d430) thrown at [./src/hotspot/share/interpreter/linkResolver.cpp, line 773]
Event: 7.646 Thread 0x000001ca10d30800 Implicit null exception at 0x000001ca07bac7bb to 0x000001ca07bace56
Event: 7.818 Thread 0x000001ca10d30800 Exception <a 'java/lang/NoSuchMethodError'{0x00000000874c32b0}: 'void java.lang.invoke.DirectMethodHandle$Holder.invokeStaticInit(java.lang.Object, java.lang.Object)'> (0x00000000874c32b0) thrown at [./src/hotspot/share/interpreter/linkResolver.cpp, line 773]

Events (20 events):
Event: 7.926 loading class com/google/common/util/concurrent/AbstractFuture$UnsafeAtomicHelper
Event: 7.926 loading class com/google/common/util/concurrent/AbstractFuture$UnsafeAtomicHelper done
Event: 7.927 loading class com/google/common/util/concurrent/AbstractFuture$SafeAtomicHelper
Event: 7.927 loading class com/google/common/util/concurrent/AbstractFuture$SafeAtomicHelper done
Event: 7.927 loading class com/google/common/util/concurrent/AbstractFuture$SynchronizedHelper
Event: 7.927 loading class com/google/common/util/concurrent/AbstractFuture$SynchronizedHelper done
Event: 7.928 loading class java/util/concurrent/TimeoutException
Event: 7.928 loading class java/util/concurrent/TimeoutException done
Event: 7.930 loading class com/google/common/util/concurrent/AbstractFuture$UnsafeAtomicHelper$1
Event: 7.930 loading class com/google/common/util/concurrent/AbstractFuture$UnsafeAtomicHelper$1 done
Event: 7.931 loading class com/google/common/util/concurrent/AbstractFuture$Listener
Event: 7.931 loading class com/google/common/util/concurrent/AbstractFuture$Listener done
Event: 7.932 loading class com/google/common/util/concurrent/AbstractFuture$Waiter
Event: 7.932 loading class com/google/common/util/concurrent/AbstractFuture$Waiter done
Event: 7.933 loading class com/google/common/base/Stopwatch
Event: 7.933 loading class com/google/common/base/Stopwatch done
Event: 7.934 loading class com/google/common/cache/LocalCache$StrongAccessEntry
Event: 7.934 loading class com/google/common/cache/LocalCache$StrongAccessEntry done
Event: 7.935 loading class com/google/common/cache/LocalCache$NullEntry
Event: 7.935 loading class com/google/common/cache/LocalCache$NullEntry done


Dynamic libraries:
0x00007ff6779d0000 - 0x00007ff6779da000 	C:\Program Files\Android\Android Studio\jre\bin\java.exe
0x00007ff8a9b10000 - 0x00007ff8a9d08000 	C:\Windows\SYSTEM32\ntdll.dll
0x00007ff8a8ca0000 - 0x00007ff8a8d5f000 	C:\Windows\System32\KERNEL32.DLL
0x00007ff8a7560000 - 0x00007ff8a7856000 	C:\Windows\System32\KERNELBASE.dll
0x00007ff8a72a0000 - 0x00007ff8a73a0000 	C:\Windows\System32\ucrtbase.dll
0x00007ff894d40000 - 0x00007ff894d59000 	C:\Program Files\Android\Android Studio\jre\bin\jli.dll
0x00007ff8a0180000 - 0x00007ff8a0197000 	C:\Program Files\Android\Android Studio\jre\bin\VCRUNTIME140.dll
0x00007ff8a8b00000 - 0x00007ff8a8c9d000 	C:\Windows\System32\USER32.dll
0x00007ff8a7530000 - 0x00007ff8a7552000 	C:\Windows\System32\win32u.dll
0x00007ff892520000 - 0x00007ff8927ba000 	C:\Windows\WinSxS\amd64_microsoft.windows.common-controls_6595b64144ccf1df_6.0.19041.1110_none_60b5254171f9507e\COMCTL32.dll
0x00007ff8a9700000 - 0x00007ff8a972c000 	C:\Windows\System32\GDI32.dll
0x00007ff8a91b0000 - 0x00007ff8a924e000 	C:\Windows\System32\msvcrt.dll
0x00007ff8a7410000 - 0x00007ff8a7525000 	C:\Windows\System32\gdi32full.dll
0x00007ff8a7a50000 - 0x00007ff8a7aed000 	C:\Windows\System32\msvcp_win.dll
0x00007ff8a9740000 - 0x00007ff8a9770000 	C:\Windows\System32\IMM32.DLL
0x00007ff894ca0000 - 0x00007ff894d3d000 	C:\Program Files\Android\Android Studio\jre\bin\msvcp140.dll
0x00007ff8776e0000 - 0x00007ff8781e2000 	C:\Program Files\Android\Android Studio\jre\bin\server\jvm.dll
0x00007ff8a7d00000 - 0x00007ff8a7daf000 	C:\Windows\System32\ADVAPI32.dll
0x00007ff8a9660000 - 0x00007ff8a96fc000 	C:\Windows\System32\sechost.dll
0x00007ff8a7bd0000 - 0x00007ff8a7cf6000 	C:\Windows\System32\RPCRT4.dll
0x00007ff8a94f0000 - 0x00007ff8a94f8000 	C:\Windows\System32\PSAPI.DLL
0x00007ff8a12b0000 - 0x00007ff8a12b9000 	C:\Windows\SYSTEM32\WSOCK32.dll
0x00007ff891170000 - 0x00007ff891197000 	C:\Windows\SYSTEM32\WINMM.dll
0x00007ff8a9250000 - 0x00007ff8a92bb000 	C:\Windows\System32\WS2_32.dll
0x00007ff8968e0000 - 0x00007ff8968ea000 	C:\Windows\SYSTEM32\VERSION.dll
0x00007ff8a5120000 - 0x00007ff8a5132000 	C:\Windows\SYSTEM32\kernel.appcore.dll
0x00007ff8a1290000 - 0x00007ff8a12a1000 	C:\Program Files\Android\Android Studio\jre\bin\verify.dll
0x00007ff891c70000 - 0x00007ff891e54000 	C:\Windows\SYSTEM32\DBGHELP.DLL
0x00007ff891c30000 - 0x00007ff891c64000 	C:\Windows\SYSTEM32\dbgcore.DLL
0x00007ff8a7860000 - 0x00007ff8a78e2000 	C:\Windows\System32\bcryptPrimitives.dll
0x00007ff8a1110000 - 0x00007ff8a1139000 	C:\Program Files\Android\Android Studio\jre\bin\java.dll
0x00007ff8a1280000 - 0x00007ff8a128b000 	C:\Program Files\Android\Android Studio\jre\bin\jimage.dll
0x00007ff8a10f0000 - 0x00007ff8a1108000 	C:\Program Files\Android\Android Studio\jre\bin\zip.dll
0x00007ff8a83b0000 - 0x00007ff8a8af4000 	C:\Windows\System32\SHELL32.dll
0x00007ff8a5290000 - 0x00007ff8a5a23000 	C:\Windows\SYSTEM32\windows.storage.dll
0x00007ff8a8d60000 - 0x00007ff8a90b4000 	C:\Windows\System32\combase.dll
0x00007ff8a6c30000 - 0x00007ff8a6c5e000 	C:\Windows\SYSTEM32\Wldp.dll
0x00007ff8a9500000 - 0x00007ff8a95ad000 	C:\Windows\System32\SHCORE.dll
0x00007ff8a9980000 - 0x00007ff8a99d5000 	C:\Windows\System32\shlwapi.dll
0x00007ff8a7120000 - 0x00007ff8a7145000 	C:\Windows\SYSTEM32\profapi.dll
0x00007ff8a10d0000 - 0x00007ff8a10ea000 	C:\Program Files\Android\Android Studio\jre\bin\net.dll
0x00007ff89acc0000 - 0x00007ff89adca000 	C:\Windows\SYSTEM32\WINHTTP.dll
0x00007ff8a6990000 - 0x00007ff8a69fa000 	C:\Windows\system32\mswsock.dll
0x00007ff8a10b0000 - 0x00007ff8a10c4000 	C:\Program Files\Android\Android Studio\jre\bin\nio.dll
0x00007ff8a0630000 - 0x00007ff8a0657000 	C:\Users\hp\.gradle\native\68d5fa5c4cc2d200863cafc0d521ce42e7d3e7ee720ec0a83991735586a16f82\windows-amd64\native-platform.dll
0x00007ff8744c0000 - 0x00007ff874604000 	C:\Users\hp\.gradle\native\e376f236ea51e6404a007f0833ffe2c6e607c4080706a723a18a27aeea778392\windows-amd64\native-platform-file-events.dll
0x00007ff8a1270000 - 0x00007ff8a127a000 	C:\Program Files\Android\Android Studio\jre\bin\management.dll
0x00007ff8a11b0000 - 0x00007ff8a11bd000 	C:\Program Files\Android\Android Studio\jre\bin\management_ext.dll
0x00007ff8a6b80000 - 0x00007ff8a6b98000 	C:\Windows\SYSTEM32\CRYPTSP.dll
0x00007ff8a6230000 - 0x00007ff8a6264000 	C:\Windows\system32\rsaenh.dll
0x00007ff8a7af0000 - 0x00007ff8a7b17000 	C:\Windows\System32\bcrypt.dll
0x00007ff8a70a0000 - 0x00007ff8a70ce000 	C:\Windows\SYSTEM32\USERENV.dll
0x00007ff8a6ba0000 - 0x00007ff8a6bac000 	C:\Windows\SYSTEM32\CRYPTBASE.dll
0x00007ff8a6630000 - 0x00007ff8a666b000 	C:\Windows\SYSTEM32\IPHLPAPI.DLL
0x00007ff8a7f30000 - 0x00007ff8a7f38000 	C:\Windows\System32\NSI.dll
0x00007ff89d9d0000 - 0x00007ff89d9e7000 	C:\Windows\SYSTEM32\dhcpcsvc6.DLL
0x00007ff89d950000 - 0x00007ff89d96d000 	C:\Windows\SYSTEM32\dhcpcsvc.DLL
0x00007ff8a6680000 - 0x00007ff8a674a000 	C:\Windows\SYSTEM32\DNSAPI.dll

dbghelp: loaded successfully - version: 4.0.5 - missing functions: none
symbol engine: initialized successfully - sym options: 0x614 - pdb path: .;C:\Program Files\Android\Android Studio\jre\bin;C:\Windows\SYSTEM32;C:\Windows\WinSxS\amd64_microsoft.windows.common-controls_6595b64144ccf1df_6.0.19041.1110_none_60b5254171f9507e;C:\Program Files\Android\Android Studio\jre\bin\server;C:\Users\hp\.gradle\native\68d5fa5c4cc2d200863cafc0d521ce42e7d3e7ee720ec0a83991735586a16f82\windows-amd64;C:\Users\hp\.gradle\native\e376f236ea51e6404a007f0833ffe2c6e607c4080706a723a18a27aeea778392\windows-amd64

VM Arguments:
jvm_args: --add-opens=java.base/java.util=ALL-UNNAMED --add-opens=java.base/java.lang=ALL-UNNAMED --add-opens=java.base/java.lang.invoke=ALL-UNNAMED --add-opens=java.prefs/java.util.prefs=ALL-UNNAMED --add-opens=java.base/java.nio.charset=ALL-UNNAMED --add-opens=java.base/java.net=ALL-UNNAMED --add-opens=java.base/java.util.concurrent.atomic=ALL-UNNAMED -Xmx2048m -Dfile.encoding=UTF-8 -Duser.country=US -Duser.language=en -Duser.variant 
java_command: org.gradle.launcher.daemon.bootstrap.GradleDaemon 8.0
java_class_path (initial): C:\Users\hp\.gradle\wrapper\dists\gradle-8.0-bin\ca5e32bp14vu59qr306oxotwh\gradle-8.0\lib\gradle-launcher-8.0.jar
Launcher Type: SUN_STANDARD

[Global flags]
     intx CICompilerCount                          = 3                                         {product} {ergonomic}
     uint ConcGCThreads                            = 1                                         {product} {ergonomic}
     uint G1ConcRefinementThreads                  = 4                                         {product} {ergonomic}
   size_t G1HeapRegionSize                         = 1048576                                   {product} {ergonomic}
    uintx GCDrainStackTargetSize                   = 64                                        {product} {ergonomic}
   size_t InitialHeapSize                          = 134217728                                 {product} {ergonomic}
   size_t MarkStackSize                            = 4194304                                   {product} {ergonomic}
   size_t MaxHeapSize                              = 2147483648                                {product} {command line}
   size_t MaxNewSize                               = 1287651328                                {product} {ergonomic}
   size_t MinHeapDeltaBytes                        = 1048576                                   {product} {ergonomic}
    uintx NonNMethodCodeHeapSize                   = 5830732                                {pd product} {ergonomic}
    uintx NonProfiledCodeHeapSize                  = 122913754                              {pd product} {ergonomic}
    uintx ProfiledCodeHeapSize                     = 122913754                              {pd product} {ergonomic}
    uintx ReservedCodeCacheSize                    = 251658240                              {pd product} {ergonomic}
     bool SegmentedCodeCache                       = true                                      {product} {ergonomic}
     bool UseCompressedClassPointers               = true                                 {lp64_product} {ergonomic}
     bool UseCompressedOops                        = true                                 {lp64_product} {ergonomic}
     bool UseG1GC                                  = true                                      {product} {ergonomic}
     bool UseLargePagesIndividualAllocation        = false                                  {pd product} {ergonomic}

Logging:
Log output configuration:
 #0: stdout all=warning uptime,level,tags
 #1: stderr all=off uptime,level,tags

Environment Variables:
PATH=C:\Program Files (x86)\VMware\VMware Workstation\bin\;C:\Program Files (x86)\NVIDIA Corporation\PhysX\Common;C:\Windows\system32;C:\Windows;C:\Windows\System32\Wbem;C:\Windows\System32\WindowsPowerShell\v1.0\;C:\Windows\System32\OpenSSH\;C:\Users\hp\Documents\Java\jdk1.8.0_111\bin;c:\Program Files (x86)\Microsoft SQL Server\90\Tools\binn\;C:\Program Files\dotnet\;C:\Program Files\Microsoft SQL Server\150\Tools\Binn\;C:\Program Files\Microsoft SQL Server\Client SDK\ODBC\170\Tools\Binn\;C:\Program Files\Git\cmd;C:\Program Files\nodejs\;C:\ProgramData\chocolatey\bin;C:\Users\hp\AppData\Local\Programs\Python\Python310\Scripts\;C:\Users\hp\AppData\Local\Programs\Python\Python310\;C:\Users\hp\AppData\Local\Programs\Python\Launcher\;C:\Users\hp\AppData\Local\Microsoft\WindowsApps;C:\Program Files\Java\jdk1.8.0_111\bin;;C:\Program Files\JetBrains\PyCharm Community Edition 2022.3.1\bin;;C:\Users\hp\.dotnet\tools;C:\Users\hp\AppData\Roaming\npm;C:\Users\hp\AppData\Local\Programs\Microsoft VS Code\bin
USERNAME=hp
OS=Windows_NT
PROCESSOR_IDENTIFIER=Intel64 Family 6 Model 69 Stepping 1, GenuineIntel



---------------  S Y S T E M  ---------------

OS: Windows 10 , 64 bit Build 19041 (10.0.19041.3155)
OS uptime: 0 days 1:59 hours

CPU:total 4 (initial active 4) (2 cores per cpu, 2 threads per core) family 6 model 69 stepping 1 microcode 0x25, cmov, cx8, fxsr, mmx, sse, sse2, sse3, ssse3, sse4.1, sse4.2, popcnt, avx, avx2, aes, clmul, erms, lzcnt, ht, tsc, tscinvbit, bmi1, bmi2, fma

Memory: 4k page, system-wide physical 8089M (2437M free)
TotalPageFile size 10949M (AvailPageFile size 8M)
current process WorkingSet (physical memory assigned to process): 191M, peak: 194M
current process commit charge ("private bytes"): 283M, peak: 287M

vm_info: OpenJDK 64-Bit Server VM (11.0.13+0-b1751.21-8125866) for windows-amd64 JRE (11.0.13+0-b1751.21-8125866), built on Feb  2 2022 03:00:22 by "builder" with MS VC++ 14.0 (VS2015)

END.
