#
# There is insufficient memory for the Java Runtime Environment to continue.
# Native memory allocation (mmap) failed to map 32505856 bytes for Failed to commit area from 0x0000000089a00000 to 0x000000008b900000 of length 32505856.
# Possible reasons:
#   The system is out of physical RAM or swap space
#   The process is running with CompressedOops enabled, and the Java Heap may be blocking the growth of the native heap
# Possible solutions:
#   Reduce memory load on the system
#   Increase physical memory or swap space
#   Check if swap backing store is full
#   Decrease Java heap size (-Xmx/-Xms)
#   Decrease number of Java threads
#   Decrease Java thread stack sizes (-Xss)
#   Set larger code cache with -XX:ReservedCodeCacheSize=
#   JVM is running with Unscaled Compressed Oops mode in which the Java heap is
#     placed in the first 4GB address space. The Java Heap base address is the
#     maximum limit for the native heap growth. Please use -XX:HeapBaseMinAddress
#     to set the Java Heap base and to place the Java Heap above 4GB virtual address.
# This output file may be truncated or incomplete.
#
#  Out of Memory Error (./src/hotspot/os/windows/os_windows.cpp:3619), pid=9580, tid=9360
#
# JRE version: OpenJDK Runtime Environment (11.0.13) (build 11.0.13+0-b1751.21-8125866)
# Java VM: OpenJDK 64-Bit Server VM (11.0.13+0-b1751.21-8125866, mixed mode, tiered, compressed oops, g1 gc, windows-amd64)
# No core dump will be written. Minidumps are not enabled by default on client versions of Windows
#

---------------  S U M M A R Y ------------

Command Line: --add-opens=java.base/java.util=ALL-UNNAMED --add-opens=java.base/java.lang=ALL-UNNAMED --add-opens=java.base/java.lang.invoke=ALL-UNNAMED --add-opens=java.base/java.util=ALL-UNNAMED --add-opens=java.prefs/java.util.prefs=ALL-UNNAMED --add-opens=java.prefs/java.util.prefs=ALL-UNNAMED --add-opens=java.base/java.nio.charset=ALL-UNNAMED --add-opens=java.base/java.net=ALL-UNNAMED --add-opens=java.base/java.util.concurrent.atomic=ALL-UNNAMED -Xmx2048m -Dfile.encoding=UTF-8 -Duser.country=US -Duser.language=en -Duser.variant org.gradle.launcher.daemon.bootstrap.GradleDaemon 7.5

Host: Intel(R) Core(TM) i5-4300U CPU @ 1.90GHz, 4 cores, 7G,  Windows 10 , 64 bit Build 19041 (10.0.19041.3155)
Time: Thu Aug 24 19:48:14 2023 E. Africa Standard Time elapsed time: 9.288440 seconds (0d 0h 0m 9s)

---------------  T H R E A D  ---------------

Current thread (0x000001def64ee000):  VMThread "VM Thread" [stack: 0x0000001a13700000,0x0000001a13800000] [id=9360]

Stack: [0x0000001a13700000,0x0000001a13800000]
[error occurred during error reporting (printing stack bounds), id 0xc0000005, EXCEPTION_ACCESS_VIOLATION (0xc0000005) at pc=0x000001dedfc9112d]

Native frames: (J=compiled Java code, j=interpreted, Vv=VM code, C=native code)
V  [jvm.dll+0x6100fa]
V  [jvm.dll+0x747090]
V  [jvm.dll+0x7486ad]
V  [jvm.dll+0x748ce5]
V  [jvm.dll+0x748c9b]
V  [jvm.dll+0x60f224]
V  [jvm.dll+0x60f9b8]
C  [ntdll.dll+0xa23df]
C  [ntdll.dll+0x514b4]
C  [ntdll.dll+0xa0eee]
C  0x000001dedfc9112d

VM_Operation (0x0000001a14af45e0): G1CollectForAllocation, mode: safepoint, requested by thread 0x000001def9819000


---------------  P R O C E S S  ---------------

Threads class SMR info:
_java_thread_list=0x000001defa5ebe10, length=36, elements={
0x000001deda97e800, 0x000001def64f1800, 0x000001def64fb800, 0x000001def650a000,
0x000001def650b000, 0x000001def650d800, 0x000001def6513000, 0x000001def6514000,
0x000001def6523000, 0x000001def6fb6800, 0x000001def92e4800, 0x000001def7217800,
0x000001def7bc9800, 0x000001def910f800, 0x000001def930d800, 0x000001def9818800,
0x000001def9819000, 0x000001def8f26000, 0x000001def8f26800, 0x000001def9ebf800,
0x000001def9000800, 0x000001def8f18000, 0x000001def8f18800, 0x000001def8f19800,
0x000001def8f1e800, 0x000001def8f1d800, 0x000001def8f1a800, 0x000001def8f1b000,
0x000001def8f1c000, 0x000001def8f1d000, 0x000001def82c3800, 0x000001def82bf800,
0x000001def82c6000, 0x000001def82c1800, 0x000001def82c0000, 0x000001def82c2800
}

Java Threads: ( => current thread )
  0x000001deda97e800 JavaThread "main" [_thread_blocked, id=8200, stack(0x0000001a13100000,0x0000001a13200000)]
  0x000001def64f1800 JavaThread "Reference Handler" daemon [_thread_blocked, id=10156, stack(0x0000001a13800000,0x0000001a13900000)]
  0x000001def64fb800 JavaThread "Finalizer" daemon [_thread_blocked, id=9004, stack(0x0000001a13900000,0x0000001a13a00000)]
  0x000001def650a000 JavaThread "Signal Dispatcher" daemon [_thread_blocked, id=8916, stack(0x0000001a13a00000,0x0000001a13b00000)]
  0x000001def650b000 JavaThread "Attach Listener" daemon [_thread_blocked, id=9064, stack(0x0000001a13b00000,0x0000001a13c00000)]
  0x000001def650d800 JavaThread "Service Thread" daemon [_thread_blocked, id=10160, stack(0x0000001a13c00000,0x0000001a13d00000)]
  0x000001def6513000 JavaThread "C2 CompilerThread0" daemon [_thread_in_native, id=12136, stack(0x0000001a13d00000,0x0000001a13e00000)]
  0x000001def6514000 JavaThread "C1 CompilerThread0" daemon [_thread_blocked, id=9908, stack(0x0000001a13e00000,0x0000001a13f00000)]
  0x000001def6523000 JavaThread "Sweeper thread" daemon [_thread_blocked, id=3988, stack(0x0000001a13f00000,0x0000001a14000000)]
  0x000001def6fb6800 JavaThread "Common-Cleaner" daemon [_thread_blocked, id=10488, stack(0x0000001a14000000,0x0000001a14100000)]
  0x000001def92e4800 JavaThread "Daemon health stats" [_thread_blocked, id=2636, stack(0x0000001a14500000,0x0000001a14600000)]
  0x000001def7217800 JavaThread "Incoming local TCP Connector on port 14123" [_thread_in_native, id=7344, stack(0x0000001a14200000,0x0000001a14300000)]
  0x000001def7bc9800 JavaThread "Daemon periodic checks" [_thread_blocked, id=6032, stack(0x0000001a14600000,0x0000001a14700000)]
  0x000001def910f800 JavaThread "Daemon" [_thread_blocked, id=9408, stack(0x0000001a14700000,0x0000001a14800000)]
  0x000001def930d800 JavaThread "Handler for socket connection from /127.0.0.1:14123 to /127.0.0.1:14124" [_thread_in_native, id=8336, stack(0x0000001a14800000,0x0000001a14900000)]
  0x000001def9818800 JavaThread "Cancel handler" [_thread_blocked, id=6092, stack(0x0000001a14900000,0x0000001a14a00000)]
  0x000001def9819000 JavaThread "Daemon worker" [_thread_blocked, id=2432, stack(0x0000001a14a00000,0x0000001a14b00000)]
  0x000001def8f26000 JavaThread "Asynchronous log dispatcher for DefaultDaemonConnection: socket connection from /127.0.0.1:14123 to /127.0.0.1:14124" [_thread_blocked, id=11056, stack(0x0000001a14b00000,0x0000001a14c00000)]
  0x000001def8f26800 JavaThread "Stdin handler" [_thread_blocked, id=3920, stack(0x0000001a14c00000,0x0000001a14d00000)]
  0x000001def9ebf800 JavaThread "Daemon client event forwarder" [_thread_blocked, id=9592, stack(0x0000001a14d00000,0x0000001a14e00000)]
  0x000001def9000800 JavaThread "C2 CompilerThread1" daemon [_thread_in_native, id=2504, stack(0x0000001a14e00000,0x0000001a14f00000)]
  0x000001def8f18000 JavaThread "Cache worker for journal cache (C:\Users\hp\.gradle\caches\journal-1)" [_thread_blocked, id=1076, stack(0x0000001a14f00000,0x0000001a15000000)]
  0x000001def8f18800 JavaThread "File lock request listener" [_thread_in_native, id=11512, stack(0x0000001a15000000,0x0000001a15100000)]
  0x000001def8f19800 JavaThread "Cache worker for file hash cache (C:\Users\hp\.gradle\caches\7.5\fileHashes)" [_thread_blocked, id=1196, stack(0x0000001a15200000,0x0000001a15300000)]
  0x000001def8f1e800 JavaThread "File watcher server" daemon [_thread_in_native, id=652, stack(0x0000001a15300000,0x0000001a15400000)]
  0x000001def8f1d800 JavaThread "File watcher consumer" daemon [_thread_blocked, id=1200, stack(0x0000001a15400000,0x0000001a15500000)]
  0x000001def8f1a800 JavaThread "jar transforms" [_thread_blocked, id=6168, stack(0x0000001a15500000,0x0000001a15600000)]
  0x000001def8f1b000 JavaThread "jar transforms Thread 2" [_thread_blocked, id=10600, stack(0x0000001a15600000,0x0000001a15700000)]
  0x000001def8f1c000 JavaThread "jar transforms Thread 3" [_thread_blocked, id=6960, stack(0x0000001a15700000,0x0000001a15800000)]
  0x000001def8f1d000 JavaThread "jar transforms Thread 4" [_thread_blocked, id=9568, stack(0x0000001a15800000,0x0000001a15900000)]
  0x000001def82c3800 JavaThread "Cache worker for checksums cache (C:\Users\hp\Desktop\eCommerceApp\.gradle\7.5\checksums)" [_thread_blocked, id=11796, stack(0x0000001a15900000,0x0000001a15a00000)]
  0x000001def82bf800 JavaThread "Cache worker for cache directory md-rule (C:\Users\hp\.gradle\caches\7.5\md-rule)" [_thread_blocked, id=8436, stack(0x0000001a15a00000,0x0000001a15b00000)]
  0x000001def82c6000 JavaThread "Cache worker for file content cache (C:\Users\hp\.gradle\caches\7.5\fileContent)" [_thread_blocked, id=10088, stack(0x0000001a15b00000,0x0000001a15c00000)]
  0x000001def82c1800 JavaThread "Cache worker for file hash cache (C:\Users\hp\Desktop\eCommerceApp\.gradle\7.5\fileHashes)" [_thread_blocked, id=5988, stack(0x0000001a15c00000,0x0000001a15d00000)]
  0x000001def82c0000 JavaThread "Cache worker for cache directory md-supplier (C:\Users\hp\.gradle\caches\7.5\md-supplier)" [_thread_blocked, id=10356, stack(0x0000001a15d00000,0x0000001a15e00000)]
  0x000001def82c2800 JavaThread "Cache worker for execution history cache (C:\Users\hp\.gradle\caches\7.5\executionHistory)" [_thread_blocked, id=2704, stack(0x0000001a15e00000,0x0000001a15f00000)]

Other Threads:
=>0x000001def64ee000 VMThread "VM Thread" [stack: 0x0000001a13700000,0x0000001a13800000] [id=9360]
  0x000001def6fd3000 WatcherThread [stack: 0x0000001a14100000,0x0000001a14200000] [id=9648]
  0x000001deda997000 GCTaskThread "GC Thread#0" [stack: 0x0000001a13200000,0x0000001a13300000] [id=11624]
  0x000001def7215000 GCTaskThread "GC Thread#1" [stack: 0x0000001a14300000,0x0000001a14400000] [id=5616]
  0x000001def72f2800 GCTaskThread "GC Thread#2" [stack: 0x0000001a14400000,0x0000001a14500000] [id=6968]
  0x000001def89cf800 GCTaskThread "GC Thread#3" [stack: 0x0000001a15100000,0x0000001a15200000] [id=1296]
  0x000001deda9c8800 ConcurrentGCThread "G1 Main Marker" [stack: 0x0000001a13300000,0x0000001a13400000] [id=10328]
  0x000001deda9ca000 ConcurrentGCThread "G1 Conc#0" [stack: 0x0000001a13400000,0x0000001a13500000] [id=604]
  0x000001dedaa59000 ConcurrentGCThread "G1 Refine#0" [stack: 0x0000001a13500000,0x0000001a13600000] [id=3040]
  0x000001dedaa5a000 ConcurrentGCThread "G1 Young RemSet Sampling" [stack: 0x0000001a13600000,0x0000001a13700000] [id=11008]

Threads with active compile tasks:
C2 CompilerThread0   9304 4226       4       groovy.lang.MetaClassImpl$1MOPIter::methodNameAction (325 bytes)
C1 CompilerThread0   9304 4366 %     3       java.util.jar.Manifest$FastInputStream::readLine @ 86 (296 bytes)
C2 CompilerThread1   9304 4278       4       java.util.StringJoiner::toString (181 bytes)

VM state:at safepoint (normal execution)

VM Mutex/Monitor currently owned by a thread:  ([mutex/lock_event])
[0x000001deda97a610] Threads_lock - owner thread: 0x000001def64ee000
[0x000001deda97acd0] Heap_lock - owner thread: 0x000001def9819000

Heap address: 0x0000000080000000, size: 2048 MB, Compressed Oops mode: 32-bit
Narrow klass base: 0x0000000000000000, Narrow klass shift: 3
Compressed class space size: 1073741824 Address: 0x0000000100000000

Heap:
 garbage-first heap   total 189440K, used 77781K [0x0000000080000000, 0x0000000100000000)
  region size 1024K, 4 young (4096K), 4 survivors (4096K)
 Metaspace       used 47316K, capacity 48635K, committed 48840K, reserved 1091584K
  class space    used 5964K, capacity 6467K, committed 6476K, reserved 1048576K
Heap Regions: E=young(eden), S=young(survivor), O=old, HS=humongous(starts), HC=humongous(continues), CS=collection set, F=free, A=archive, TAMS=top-at-mark-start (previous, next)
|   0|0x0000000080000000, 0x0000000080100000, 0x0000000080100000|100%|HS|  |TAMS 0x0000000080100000, 0x0000000080000000| Complete 
|   1|0x0000000080100000, 0x0000000080200000, 0x0000000080200000|100%|HC|  |TAMS 0x0000000080200000, 0x0000000080100000| Complete 
|   2|0x0000000080200000, 0x0000000080300000, 0x0000000080300000|100%|HC|  |TAMS 0x0000000080300000, 0x0000000080200000| Complete 
|   3|0x0000000080300000, 0x0000000080400000, 0x0000000080400000|100%| O|  |TAMS 0x0000000080400000, 0x0000000080300000| Untracked 
|   4|0x0000000080400000, 0x0000000080500000, 0x0000000080500000|100%| O|  |TAMS 0x0000000080500000, 0x0000000080400000| Untracked 
|   5|0x0000000080500000, 0x0000000080600000, 0x0000000080600000|100%| O|  |TAMS 0x0000000080600000, 0x0000000080500000| Untracked 
|   6|0x0000000080600000, 0x0000000080700000, 0x0000000080700000|100%| O|  |TAMS 0x0000000080700000, 0x0000000080600000| Untracked 
|   7|0x0000000080700000, 0x0000000080800000, 0x0000000080800000|100%| O|  |TAMS 0x0000000080800000, 0x0000000080700000| Untracked 
|   8|0x0000000080800000, 0x0000000080900000, 0x0000000080900000|100%| O|  |TAMS 0x0000000080900000, 0x0000000080800000| Untracked 
|   9|0x0000000080900000, 0x0000000080a00000, 0x0000000080a00000|100%| O|  |TAMS 0x0000000080a00000, 0x0000000080900000| Untracked 
|  10|0x0000000080a00000, 0x0000000080b00000, 0x0000000080b00000|100%| O|  |TAMS 0x0000000080b00000, 0x0000000080a00000| Untracked 
|  11|0x0000000080b00000, 0x0000000080c00000, 0x0000000080c00000|100%| O|  |TAMS 0x0000000080c00000, 0x0000000080b00000| Untracked 
|  12|0x0000000080c00000, 0x0000000080d00000, 0x0000000080d00000|100%| O|  |TAMS 0x0000000080d00000, 0x0000000080c00000| Untracked 
|  13|0x0000000080d00000, 0x0000000080e00000, 0x0000000080e00000|100%| O|  |TAMS 0x0000000080e00000, 0x0000000080d00000| Untracked 
|  14|0x0000000080e00000, 0x0000000080f00000, 0x0000000080f00000|100%|HS|  |TAMS 0x0000000080f00000, 0x0000000080e00000| Complete 
|  15|0x0000000080f00000, 0x0000000081000000, 0x0000000081000000|100%|HC|  |TAMS 0x0000000081000000, 0x0000000080f00000| Complete 
|  16|0x0000000081000000, 0x0000000081100000, 0x0000000081100000|100%|HS|  |TAMS 0x0000000081100000, 0x0000000081000000| Complete 
|  17|0x0000000081100000, 0x0000000081200000, 0x0000000081200000|100%|HC|  |TAMS 0x0000000081200000, 0x0000000081100000| Complete 
|  18|0x0000000081200000, 0x0000000081300000, 0x0000000081300000|100%|HC|  |TAMS 0x0000000081300000, 0x0000000081200000| Complete 
|  19|0x0000000081300000, 0x0000000081400000, 0x0000000081400000|100%|HS|  |TAMS 0x0000000081400000, 0x0000000081300000| Complete 
|  20|0x0000000081400000, 0x0000000081500000, 0x0000000081500000|100%|HS|  |TAMS 0x0000000081500000, 0x0000000081400000| Complete 
|  21|0x0000000081500000, 0x0000000081600000, 0x0000000081600000|100%|HC|  |TAMS 0x0000000081600000, 0x0000000081500000| Complete 
|  22|0x0000000081600000, 0x0000000081700000, 0x0000000081700000|100%|HS|  |TAMS 0x0000000081700000, 0x0000000081600000| Complete 
|  23|0x0000000081700000, 0x0000000081800000, 0x0000000081800000|100%|HC|  |TAMS 0x0000000081800000, 0x0000000081700000| Complete 
|  24|0x0000000081800000, 0x0000000081900000, 0x0000000081900000|100%|HC|  |TAMS 0x0000000081900000, 0x0000000081800000| Complete 
|  25|0x0000000081900000, 0x0000000081a00000, 0x0000000081a00000|100%|HS|  |TAMS 0x0000000081a00000, 0x0000000081900000| Complete 
|  26|0x0000000081a00000, 0x0000000081b00000, 0x0000000081b00000|100%|HC|  |TAMS 0x0000000081b00000, 0x0000000081a00000| Complete 
|  27|0x0000000081b00000, 0x0000000081c00000, 0x0000000081c00000|100%|HC|  |TAMS 0x0000000081c00000, 0x0000000081b00000| Complete 
|  28|0x0000000081c00000, 0x0000000081d00000, 0x0000000081d00000|100%|HS|  |TAMS 0x0000000081d00000, 0x0000000081c00000| Complete 
|  29|0x0000000081d00000, 0x0000000081e00000, 0x0000000081e00000|100%|HC|  |TAMS 0x0000000081e00000, 0x0000000081d00000| Complete 
|  30|0x0000000081e00000, 0x0000000081f00000, 0x0000000081f00000|100%|HC|  |TAMS 0x0000000081f00000, 0x0000000081e00000| Complete 
|  31|0x0000000081f00000, 0x0000000082000000, 0x0000000082000000|100%|HC|  |TAMS 0x0000000082000000, 0x0000000081f00000| Complete 
|  32|0x0000000082000000, 0x0000000082100000, 0x0000000082100000|100%|HS|  |TAMS 0x0000000082100000, 0x0000000082000000| Complete 
|  33|0x0000000082100000, 0x0000000082200000, 0x0000000082200000|100%|HC|  |TAMS 0x0000000082200000, 0x0000000082100000| Complete 
|  34|0x0000000082200000, 0x0000000082300000, 0x0000000082300000|100%|HC|  |TAMS 0x0000000082300000, 0x0000000082200000| Complete 
|  35|0x0000000082300000, 0x0000000082400000, 0x0000000082400000|100%|HC|  |TAMS 0x0000000082400000, 0x0000000082300000| Complete 
|  36|0x0000000082400000, 0x0000000082500000, 0x0000000082500000|100%|HC|  |TAMS 0x0000000082500000, 0x0000000082400000| Complete 
|  37|0x0000000082500000, 0x0000000082600000, 0x0000000082600000|100%| O|  |TAMS 0x0000000082600000, 0x0000000082500000| Untracked 
|  38|0x0000000082600000, 0x0000000082700000, 0x0000000082700000|100%| O|  |TAMS 0x0000000082700000, 0x0000000082600000| Untracked 
|  39|0x0000000082700000, 0x0000000082800000, 0x0000000082800000|100%| O|  |TAMS 0x0000000082800000, 0x0000000082700000| Untracked 
|  40|0x0000000082800000, 0x0000000082900000, 0x0000000082900000|100%| O|  |TAMS 0x0000000082900000, 0x0000000082800000| Untracked 
|  41|0x0000000082900000, 0x0000000082a00000, 0x0000000082a00000|100%| O|  |TAMS 0x0000000082a00000, 0x0000000082900000| Untracked 
|  42|0x0000000082a00000, 0x0000000082b00000, 0x0000000082b00000|100%| O|  |TAMS 0x0000000082b00000, 0x0000000082a00000| Untracked 
|  43|0x0000000082b00000, 0x0000000082c00000, 0x0000000082c00000|100%| O|  |TAMS 0x0000000082c00000, 0x0000000082b00000| Untracked 
|  44|0x0000000082c00000, 0x0000000082d00000, 0x0000000082d00000|100%| O|  |TAMS 0x0000000082d00000, 0x0000000082c00000| Untracked 
|  45|0x0000000082d00000, 0x0000000082e00000, 0x0000000082e00000|100%| O|  |TAMS 0x0000000082e00000, 0x0000000082d00000| Untracked 
|  46|0x0000000082e00000, 0x0000000082f00000, 0x0000000082f00000|100%| O|  |TAMS 0x0000000082f00000, 0x0000000082e00000| Untracked 
|  47|0x0000000082f00000, 0x0000000083000000, 0x0000000083000000|100%| O|  |TAMS 0x0000000083000000, 0x0000000082f00000| Untracked 
|  48|0x0000000083000000, 0x0000000083100000, 0x0000000083100000|100%| O|  |TAMS 0x0000000083100000, 0x0000000083000000| Untracked 
|  49|0x0000000083100000, 0x0000000083200000, 0x0000000083200000|100%| O|  |TAMS 0x0000000083200000, 0x0000000083100000| Untracked 
|  50|0x0000000083200000, 0x0000000083300000, 0x0000000083300000|100%| O|  |TAMS 0x00000000832a3200, 0x0000000083200000| Untracked 
|  51|0x0000000083300000, 0x0000000083400000, 0x0000000083400000|100%|HS|  |TAMS 0x0000000083300000, 0x0000000083300000| Complete 
|  52|0x0000000083400000, 0x0000000083500000, 0x0000000083500000|100%|HC|  |TAMS 0x0000000083400000, 0x0000000083400000| Complete 
|  53|0x0000000083500000, 0x0000000083600000, 0x0000000083600000|100%|HC|  |TAMS 0x0000000083500000, 0x0000000083500000| Complete 
|  54|0x0000000083600000, 0x0000000083700000, 0x0000000083700000|100%|HC|  |TAMS 0x0000000083600000, 0x0000000083600000| Complete 
|  55|0x0000000083700000, 0x0000000083800000, 0x0000000083800000|100%|HS|  |TAMS 0x0000000083700000, 0x0000000083700000| Complete 
|  56|0x0000000083800000, 0x0000000083900000, 0x0000000083900000|100%|HC|  |TAMS 0x0000000083800000, 0x0000000083800000| Complete 
|  57|0x0000000083900000, 0x0000000083a00000, 0x0000000083a00000|100%|HC|  |TAMS 0x0000000083900000, 0x0000000083900000| Complete 
|  58|0x0000000083a00000, 0x0000000083b00000, 0x0000000083b00000|100%|HS|  |TAMS 0x0000000083a00000, 0x0000000083a00000| Complete 
|  59|0x0000000083b00000, 0x0000000083c00000, 0x0000000083c00000|100%|HC|  |TAMS 0x0000000083b00000, 0x0000000083b00000| Complete 
|  60|0x0000000083c00000, 0x0000000083d00000, 0x0000000083d00000|100%|HS|  |TAMS 0x0000000083c00000, 0x0000000083c00000| Complete 
|  61|0x0000000083d00000, 0x0000000083e00000, 0x0000000083e00000|100%|HC|  |TAMS 0x0000000083d00000, 0x0000000083d00000| Complete 
|  62|0x0000000083e00000, 0x0000000083f00000, 0x0000000083f00000|100%|HC|  |TAMS 0x0000000083e00000, 0x0000000083e00000| Complete 
|  63|0x0000000083f00000, 0x0000000084000000, 0x0000000084000000|100%| O|  |TAMS 0x0000000083f00000, 0x0000000083f00000| Untracked 
|  64|0x0000000084000000, 0x0000000084100000, 0x0000000084100000|100%| O|  |TAMS 0x0000000084000000, 0x0000000084000000| Untracked 
|  65|0x0000000084100000, 0x0000000084200000, 0x0000000084200000|100%| O|  |TAMS 0x0000000084100000, 0x0000000084100000| Untracked 
|  66|0x0000000084200000, 0x0000000084300000, 0x0000000084300000|100%| O|  |TAMS 0x0000000084200000, 0x0000000084200000| Untracked 
|  67|0x0000000084300000, 0x0000000084400000, 0x0000000084400000|100%| O|  |TAMS 0x0000000084300000, 0x0000000084300000| Untracked 
|  68|0x0000000084400000, 0x0000000084400000, 0x0000000084500000|  0%| F|  |TAMS 0x0000000084400000, 0x0000000084400000| Untracked 
|  69|0x0000000084500000, 0x0000000084600000, 0x0000000084600000|100%| O|  |TAMS 0x0000000084500000, 0x0000000084500000| Untracked 
|  70|0x0000000084600000, 0x0000000084700000, 0x0000000084700000|100%| O|  |TAMS 0x0000000084600000, 0x0000000084600000| Untracked 
|  71|0x0000000084700000, 0x0000000084800000, 0x0000000084800000|100%| O|  |TAMS 0x0000000084700000, 0x0000000084700000| Untracked 
|  72|0x0000000084800000, 0x0000000084900000, 0x0000000084900000|100%| O|  |TAMS 0x0000000084800000, 0x0000000084800000| Untracked 
|  73|0x0000000084900000, 0x00000000849cf000, 0x0000000084a00000| 80%| O|  |TAMS 0x0000000084900000, 0x0000000084900000| Untracked 
|  74|0x0000000084a00000, 0x0000000084a00000, 0x0000000084b00000|  0%| F|  |TAMS 0x0000000084a00000, 0x0000000084a00000| Untracked 
|  75|0x0000000084b00000, 0x0000000084b00000, 0x0000000084c00000|  0%| F|  |TAMS 0x0000000084b00000, 0x0000000084b00000| Untracked 
|  76|0x0000000084c00000, 0x0000000084c00000, 0x0000000084d00000|  0%| F|  |TAMS 0x0000000084c00000, 0x0000000084c00000| Untracked 
|  77|0x0000000084d00000, 0x0000000084d00000, 0x0000000084e00000|  0%| F|  |TAMS 0x0000000084d00000, 0x0000000084d00000| Untracked 
|  78|0x0000000084e00000, 0x0000000084e00000, 0x0000000084f00000|  0%| F|  |TAMS 0x0000000084e00000, 0x0000000084e00000| Untracked 
|  79|0x0000000084f00000, 0x0000000084f00000, 0x0000000085000000|  0%| F|  |TAMS 0x0000000084f00000, 0x0000000084f00000| Untracked 
|  80|0x0000000085000000, 0x0000000085000000, 0x0000000085100000|  0%| F|  |TAMS 0x0000000085000000, 0x0000000085000000| Untracked 
|  81|0x0000000085100000, 0x0000000085100000, 0x0000000085200000|  0%| F|  |TAMS 0x0000000085100000, 0x0000000085100000| Untracked 
|  82|0x0000000085200000, 0x0000000085200000, 0x0000000085300000|  0%| F|  |TAMS 0x0000000085200000, 0x0000000085200000| Untracked 
|  83|0x0000000085300000, 0x0000000085300000, 0x0000000085400000|  0%| F|  |TAMS 0x0000000085300000, 0x0000000085300000| Untracked 
|  84|0x0000000085400000, 0x0000000085400000, 0x0000000085500000|  0%| F|  |TAMS 0x0000000085400000, 0x0000000085400000| Untracked 
|  85|0x0000000085500000, 0x0000000085500000, 0x0000000085600000|  0%| F|  |TAMS 0x0000000085500000, 0x0000000085500000| Untracked 
|  86|0x0000000085600000, 0x0000000085600000, 0x0000000085700000|  0%| F|  |TAMS 0x0000000085600000, 0x0000000085600000| Untracked 
|  87|0x0000000085700000, 0x0000000085700000, 0x0000000085800000|  0%| F|  |TAMS 0x0000000085700000, 0x0000000085700000| Untracked 
|  88|0x0000000085800000, 0x0000000085800000, 0x0000000085900000|  0%| F|  |TAMS 0x0000000085800000, 0x0000000085800000| Untracked 
|  89|0x0000000085900000, 0x0000000085900000, 0x0000000085a00000|  0%| F|  |TAMS 0x0000000085900000, 0x0000000085900000| Untracked 
|  90|0x0000000085a00000, 0x0000000085a00000, 0x0000000085b00000|  0%| F|  |TAMS 0x0000000085a00000, 0x0000000085a00000| Untracked 
|  91|0x0000000085b00000, 0x0000000085b00000, 0x0000000085c00000|  0%| F|  |TAMS 0x0000000085b00000, 0x0000000085b00000| Untracked 
|  92|0x0000000085c00000, 0x0000000085c00000, 0x0000000085d00000|  0%| F|  |TAMS 0x0000000085c00000, 0x0000000085c00000| Untracked 
|  93|0x0000000085d00000, 0x0000000085d00000, 0x0000000085e00000|  0%| F|  |TAMS 0x0000000085d00000, 0x0000000085d00000| Untracked 
|  94|0x0000000085e00000, 0x0000000085e00000, 0x0000000085f00000|  0%| F|  |TAMS 0x0000000085e00000, 0x0000000085e00000| Untracked 
|  95|0x0000000085f00000, 0x0000000085f00000, 0x0000000086000000|  0%| F|  |TAMS 0x0000000085f00000, 0x0000000085f00000| Untracked 
|  96|0x0000000086000000, 0x0000000086000000, 0x0000000086100000|  0%| F|  |TAMS 0x0000000086000000, 0x0000000086000000| Untracked 
|  97|0x0000000086100000, 0x0000000086100000, 0x0000000086200000|  0%| F|  |TAMS 0x0000000086100000, 0x0000000086100000| Untracked 
|  98|0x0000000086200000, 0x0000000086200000, 0x0000000086300000|  0%| F|  |TAMS 0x0000000086200000, 0x0000000086200000| Untracked 
|  99|0x0000000086300000, 0x0000000086300000, 0x0000000086400000|  0%| F|  |TAMS 0x0000000086300000, 0x0000000086300000| Untracked 
| 100|0x0000000086400000, 0x0000000086400000, 0x0000000086500000|  0%| F|  |TAMS 0x0000000086400000, 0x0000000086400000| Untracked 
| 101|0x0000000086500000, 0x0000000086500000, 0x0000000086600000|  0%| F|  |TAMS 0x0000000086500000, 0x0000000086500000| Untracked 
| 102|0x0000000086600000, 0x0000000086600000, 0x0000000086700000|  0%| F|  |TAMS 0x0000000086600000, 0x0000000086600000| Untracked 
| 103|0x0000000086700000, 0x0000000086700000, 0x0000000086800000|  0%| F|  |TAMS 0x0000000086700000, 0x0000000086700000| Untracked 
| 104|0x0000000086800000, 0x0000000086800000, 0x0000000086900000|  0%| F|  |TAMS 0x0000000086800000, 0x0000000086800000| Untracked 
| 105|0x0000000086900000, 0x0000000086900000, 0x0000000086a00000|  0%| F|  |TAMS 0x0000000086900000, 0x0000000086900000| Untracked 
| 106|0x0000000086a00000, 0x0000000086a00000, 0x0000000086b00000|  0%| F|  |TAMS 0x0000000086a00000, 0x0000000086a00000| Untracked 
| 107|0x0000000086b00000, 0x0000000086b00000, 0x0000000086c00000|  0%| F|  |TAMS 0x0000000086b00000, 0x0000000086b00000| Untracked 
| 108|0x0000000086c00000, 0x0000000086c00000, 0x0000000086d00000|  0%| F|  |TAMS 0x0000000086c00000, 0x0000000086c00000| Untracked 
| 109|0x0000000086d00000, 0x0000000086d26710, 0x0000000086e00000| 15%| S|CS|TAMS 0x0000000086d00000, 0x0000000086d00000| Complete 
| 110|0x0000000086e00000, 0x0000000086f00000, 0x0000000086f00000|100%| S|CS|TAMS 0x0000000086e00000, 0x0000000086e00000| Complete 
| 111|0x0000000086f00000, 0x0000000087000000, 0x0000000087000000|100%| S|CS|TAMS 0x0000000086f00000, 0x0000000086f00000| Complete 
| 112|0x0000000087000000, 0x0000000087100000, 0x0000000087100000|100%| S|CS|TAMS 0x0000000087000000, 0x0000000087000000| Complete 
| 113|0x0000000087100000, 0x0000000087100000, 0x0000000087200000|  0%| F|  |TAMS 0x0000000087100000, 0x0000000087100000| Untracked 
| 114|0x0000000087200000, 0x0000000087200000, 0x0000000087300000|  0%| F|  |TAMS 0x0000000087200000, 0x0000000087200000| Untracked 
| 115|0x0000000087300000, 0x0000000087300000, 0x0000000087400000|  0%| F|  |TAMS 0x0000000087300000, 0x0000000087300000| Untracked 
| 116|0x0000000087400000, 0x0000000087400000, 0x0000000087500000|  0%| F|  |TAMS 0x0000000087400000, 0x0000000087400000| Untracked 
| 117|0x0000000087500000, 0x0000000087500000, 0x0000000087600000|  0%| F|  |TAMS 0x0000000087500000, 0x0000000087500000| Untracked 
| 118|0x0000000087600000, 0x0000000087600000, 0x0000000087700000|  0%| F|  |TAMS 0x0000000087600000, 0x0000000087600000| Untracked 
| 119|0x0000000087700000, 0x0000000087700000, 0x0000000087800000|  0%| F|  |TAMS 0x0000000087700000, 0x0000000087700000| Untracked 
| 120|0x0000000087800000, 0x0000000087800000, 0x0000000087900000|  0%| F|  |TAMS 0x0000000087800000, 0x0000000087800000| Untracked 
| 121|0x0000000087900000, 0x0000000087900000, 0x0000000087a00000|  0%| F|  |TAMS 0x0000000087900000, 0x0000000087900000| Untracked 
| 122|0x0000000087a00000, 0x0000000087a00000, 0x0000000087b00000|  0%| F|  |TAMS 0x0000000087a00000, 0x0000000087a00000| Untracked 
| 123|0x0000000087b00000, 0x0000000087b00000, 0x0000000087c00000|  0%| F|  |TAMS 0x0000000087b00000, 0x0000000087b00000| Untracked 
| 124|0x0000000087c00000, 0x0000000087c00000, 0x0000000087d00000|  0%| F|  |TAMS 0x0000000087c00000, 0x0000000087c00000| Untracked 
| 125|0x0000000087d00000, 0x0000000087d00000, 0x0000000087e00000|  0%| F|  |TAMS 0x0000000087d00000, 0x0000000087d00000| Untracked 
| 126|0x0000000087e00000, 0x0000000087e00000, 0x0000000087f00000|  0%| F|  |TAMS 0x0000000087e00000, 0x0000000087e00000| Untracked 
| 127|0x0000000087f00000, 0x0000000087f00000, 0x0000000088000000|  0%| F|  |TAMS 0x0000000087f00000, 0x0000000087f00000| Untracked 
| 128|0x0000000088000000, 0x0000000088000000, 0x0000000088100000|  0%| F|  |TAMS 0x0000000088000000, 0x0000000088000000| Untracked 
| 129|0x0000000088100000, 0x0000000088100000, 0x0000000088200000|  0%| F|  |TAMS 0x0000000088100000, 0x0000000088100000| Untracked 
| 130|0x0000000088200000, 0x0000000088200000, 0x0000000088300000|  0%| F|  |TAMS 0x0000000088200000, 0x0000000088200000| Untracked 
| 131|0x0000000088300000, 0x0000000088300000, 0x0000000088400000|  0%| F|  |TAMS 0x0000000088300000, 0x0000000088300000| Untracked 
| 132|0x0000000088400000, 0x0000000088400000, 0x0000000088500000|  0%| F|  |TAMS 0x0000000088400000, 0x0000000088400000| Untracked 
| 133|0x0000000088500000, 0x0000000088500000, 0x0000000088600000|  0%| F|  |TAMS 0x0000000088500000, 0x0000000088500000| Untracked 
| 134|0x0000000088600000, 0x0000000088600000, 0x0000000088700000|  0%| F|  |TAMS 0x0000000088600000, 0x0000000088600000| Untracked 
| 135|0x0000000088700000, 0x0000000088700000, 0x0000000088800000|  0%| F|  |TAMS 0x0000000088700000, 0x0000000088700000| Untracked 
| 136|0x0000000088800000, 0x0000000088800000, 0x0000000088900000|  0%| F|  |TAMS 0x0000000088800000, 0x0000000088800000| Untracked 
| 137|0x0000000088900000, 0x0000000088900000, 0x0000000088a00000|  0%| F|  |TAMS 0x0000000088900000, 0x0000000088900000| Untracked 
| 138|0x0000000088a00000, 0x0000000088a00000, 0x0000000088b00000|  0%| F|  |TAMS 0x0000000088a00000, 0x0000000088a00000| Untracked 
| 139|0x0000000088b00000, 0x0000000088b00000, 0x0000000088c00000|  0%| F|  |TAMS 0x0000000088b00000, 0x0000000088b00000| Untracked 
| 140|0x0000000088c00000, 0x0000000088c00000, 0x0000000088d00000|  0%| F|  |TAMS 0x0000000088c00000, 0x0000000088c00000| Untracked 
| 141|0x0000000088d00000, 0x0000000088d00000, 0x0000000088e00000|  0%| F|  |TAMS 0x0000000088d00000, 0x0000000088d00000| Untracked 
| 142|0x0000000088e00000, 0x0000000088e00000, 0x0000000088f00000|  0%| F|  |TAMS 0x0000000088e00000, 0x0000000088e00000| Untracked 
| 143|0x0000000088f00000, 0x0000000088f00000, 0x0000000089000000|  0%| F|  |TAMS 0x0000000088f00000, 0x0000000088f00000| Untracked 
| 144|0x0000000089000000, 0x0000000089000000, 0x0000000089100000|  0%| F|  |TAMS 0x0000000089000000, 0x0000000089000000| Untracked 
| 145|0x0000000089100000, 0x0000000089100000, 0x0000000089200000|  0%| F|  |TAMS 0x0000000089100000, 0x0000000089100000| Untracked 
| 146|0x0000000089200000, 0x0000000089200000, 0x0000000089300000|  0%| F|  |TAMS 0x0000000089200000, 0x0000000089200000| Untracked 
| 147|0x0000000089300000, 0x0000000089300000, 0x0000000089400000|  0%| F|  |TAMS 0x0000000089300000, 0x0000000089300000| Untracked 
| 148|0x0000000089400000, 0x0000000089400000, 0x0000000089500000|  0%| F|  |TAMS 0x0000000089400000, 0x0000000089400000| Untracked 
| 149|0x0000000089500000, 0x0000000089500000, 0x0000000089600000|  0%| F|  |TAMS 0x0000000089500000, 0x0000000089500000| Untracked 
| 150|0x0000000089600000, 0x0000000089600000, 0x0000000089700000|  0%| F|  |TAMS 0x0000000089600000, 0x0000000089600000| Untracked 
| 151|0x0000000089700000, 0x0000000089700000, 0x0000000089800000|  0%| F|  |TAMS 0x0000000089700000, 0x0000000089700000| Untracked 
| 152|0x0000000089800000, 0x0000000089800000, 0x0000000089900000|  0%| F|  |TAMS 0x0000000089800000, 0x0000000089800000| Untracked 
| 153|0x0000000089900000, 0x0000000089900000, 0x0000000089a00000|  0%| F|  |TAMS 0x0000000089900000, 0x0000000089900000| Untracked 

Card table byte_map: [0x000001deef6b0000,0x000001deefab0000] _byte_map_base: 0x000001deef2b0000

Marking Bits (Prev, Next): (CMBitMap*) 0x000001deda9bfc70, (CMBitMap*) 0x000001deda9bfc38
 Prev Bits: [0x000001def1eb0000, 0x000001def3eb0000)
 Next Bits: [0x000001deefeb0000, 0x000001def1eb0000)

Polling page: 0x000001deda810000

Metaspace:

Usage:
  Non-class:     41.18 MB capacity,    40.38 MB ( 98%) used,   691.11 KB (  2%) free+waste,   124.69 KB ( <1%) overhead. 
      Class:      6.32 MB capacity,     5.82 MB ( 92%) used,   442.37 KB (  7%) free+waste,    60.50 KB ( <1%) overhead. 
       Both:     47.50 MB capacity,    46.21 MB ( 97%) used,     1.11 MB (  2%) free+waste,   185.19 KB ( <1%) overhead. 

Virtual space:
  Non-class space:       42.00 MB reserved,      41.37 MB ( 99%) committed 
      Class space:        1.00 GB reserved,       6.32 MB ( <1%) committed 
             Both:        1.04 GB reserved,      47.70 MB (  4%) committed 

Chunk freelists:
   Non-Class:  4.00 KB
       Class:  0 bytes
        Both:  4.00 KB

MaxMetaspaceSize: 17179869184.00 GB
CompressedClassSpaceSize: 1.00 GB
Initial GC threshold: 20.80 MB
Current GC threshold: 69.91 MB
CDS: off

CodeHeap 'non-profiled nmethods': size=120064Kb used=2240Kb max_used=2240Kb free=117823Kb
 bounds [0x000001dee7750000, 0x000001dee79c0000, 0x000001deeec90000]
CodeHeap 'profiled nmethods': size=120000Kb used=9397Kb max_used=9397Kb free=110602Kb
 bounds [0x000001dee0220000, 0x000001dee0b50000, 0x000001dee7750000]
CodeHeap 'non-nmethods': size=5696Kb used=2292Kb max_used=2349Kb free=3403Kb
 bounds [0x000001dedfc90000, 0x000001dedff00000, 0x000001dee0220000]
 total_blobs=5120 nmethods=4326 adapters=706
 compilation: enabled
              stopped_count=0, restarted_count=0
 full_count=0

Compilation events (20 events):
Event: 9.252 Thread 0x000001def6514000 nmethod 4355 0x000001dee0b49890 code [0x000001dee0b49a40, 0x000001dee0b49b88]
Event: 9.252 Thread 0x000001def6514000 4356       3       java.util.stream.SpinedBuffer::asArray (46 bytes)
Event: 9.253 Thread 0x000001def6514000 nmethod 4356 0x000001dee0b49c10 code [0x000001dee0b49e20, 0x000001dee0b4a428]
Event: 9.253 Thread 0x000001def6514000 4357       3       java.util.stream.Nodes$SpinedNodeBuilder::copyInto (30 bytes)
Event: 9.253 Thread 0x000001def6514000 nmethod 4357 0x000001dee0b4a610 code [0x000001dee0b4a7c0, 0x000001dee0b4a908]
Event: 9.259 Thread 0x000001def6514000 4359       3       jdk.internal.math.FDBigInteger::mult (64 bytes)
Event: 9.259 Thread 0x000001def6514000 nmethod 4359 0x000001dee0b4a990 code [0x000001dee0b4ab60, 0x000001dee0b4ad98]
Event: 9.259 Thread 0x000001def6514000 4360       3       jdk.internal.math.FDBigInteger::<init> (30 bytes)
Event: 9.260 Thread 0x000001def6514000 nmethod 4360 0x000001dee0b4af90 code [0x000001dee0b4b160, 0x000001dee0b4b368]
Event: 9.260 Thread 0x000001def6514000 4361       3       jdk.internal.math.FDBigInteger::trimLeadingZeros (57 bytes)
Event: 9.260 Thread 0x000001def6514000 nmethod 4361 0x000001dee0b4b490 code [0x000001dee0b4b660, 0x000001dee0b4b938]
Event: 9.260 Thread 0x000001def6514000 4362       3       com.google.common.collect.RegularImmutableList::size (6 bytes)
Event: 9.260 Thread 0x000001def6514000 nmethod 4362 0x000001dee0b4ba90 code [0x000001dee0b4bc40, 0x000001dee0b4bd58]
Event: 9.268 Thread 0x000001def6514000 4363       3       org.gradle.model.internal.asm.ClassVisitorScope::addGetter (18 bytes)
Event: 9.269 Thread 0x000001def6514000 nmethod 4363 0x000001dee0b4be10 code [0x000001dee0b4c020, 0x000001dee0b4c7c8]
Event: 9.269 Thread 0x000001def6514000 4365       3       java.lang.invoke.Invokers$Holder::linkToTargetMethod (13 bytes)
Event: 9.269 Thread 0x000001def6514000 nmethod 4365 0x000001dee0b4ca10 code [0x000001dee0b4cbe0, 0x000001dee0b4d018]
Event: 9.269 Thread 0x000001def6514000 4364       3       org.gradle.model.internal.asm.ClassVisitorScope$$Lambda$144/0x00000001002c8840::get$Lambda (11 bytes)
Event: 9.269 Thread 0x000001def6514000 nmethod 4364 0x000001dee0b4d110 code [0x000001dee0b4d2e0, 0x000001dee0b4d5f8]
Event: 9.272 Thread 0x000001def6514000 4366 %     3       java.util.jar.Manifest$FastInputStream::readLine @ 86 (296 bytes)

GC Heap History (20 events):
Event: 0.651 GC heap after
{Heap after GC invocations=1 (full 0):
 garbage-first heap   total 131072K, used 4393K [0x0000000080000000, 0x0000000100000000)
  region size 1024K, 2 young (2048K), 2 survivors (2048K)
 Metaspace       used 6728K, capacity 6925K, committed 7168K, reserved 1056768K
  class space    used 573K, capacity 650K, committed 768K, reserved 1048576K
}
Event: 1.330 GC heap before
{Heap before GC invocations=1 (full 0):
 garbage-first heap   total 131072K, used 29993K [0x0000000080000000, 0x0000000100000000)
  region size 1024K, 24 young (24576K), 2 survivors (2048K)
 Metaspace       used 10766K, capacity 11009K, committed 11264K, reserved 1058816K
  class space    used 1111K, capacity 1207K, committed 1280K, reserved 1048576K
}
Event: 1.336 GC heap after
{Heap after GC invocations=2 (full 0):
 garbage-first heap   total 131072K, used 9500K [0x0000000080000000, 0x0000000100000000)
  region size 1024K, 3 young (3072K), 3 survivors (3072K)
 Metaspace       used 10766K, capacity 11009K, committed 11264K, reserved 1058816K
  class space    used 1111K, capacity 1207K, committed 1280K, reserved 1048576K
}
Event: 1.709 GC heap before
{Heap before GC invocations=2 (full 0):
 garbage-first heap   total 131072K, used 39196K [0x0000000080000000, 0x0000000100000000)
  region size 1024K, 31 young (31744K), 3 survivors (3072K)
 Metaspace       used 10913K, capacity 11137K, committed 11264K, reserved 1058816K
  class space    used 1114K, capacity 1207K, committed 1280K, reserved 1048576K
}
Event: 1.714 GC heap after
{Heap after GC invocations=3 (full 0):
 garbage-first heap   total 131072K, used 13741K [0x0000000080000000, 0x0000000100000000)
  region size 1024K, 4 young (4096K), 4 survivors (4096K)
 Metaspace       used 10913K, capacity 11137K, committed 11264K, reserved 1058816K
  class space    used 1114K, capacity 1207K, committed 1280K, reserved 1048576K
}
Event: 4.193 GC heap before
{Heap before GC invocations=3 (full 0):
 garbage-first heap   total 131072K, used 57773K [0x0000000080000000, 0x0000000100000000)
  region size 1024K, 47 young (48128K), 4 survivors (4096K)
 Metaspace       used 18929K, capacity 19295K, committed 19584K, reserved 1067008K
  class space    used 2221K, capacity 2365K, committed 2432K, reserved 1048576K
}
Event: 4.204 GC heap after
{Heap after GC invocations=4 (full 0):
 garbage-first heap   total 131072K, used 16889K [0x0000000080000000, 0x0000000100000000)
  region size 1024K, 3 young (3072K), 3 survivors (3072K)
 Metaspace       used 18929K, capacity 19295K, committed 19584K, reserved 1067008K
  class space    used 2221K, capacity 2365K, committed 2432K, reserved 1048576K
}
Event: 4.422 GC heap before
{Heap before GC invocations=4 (full 0):
 garbage-first heap   total 131072K, used 34297K [0x0000000080000000, 0x0000000100000000)
  region size 1024K, 21 young (21504K), 3 survivors (3072K)
 Metaspace       used 20806K, capacity 21218K, committed 21296K, reserved 1069056K
  class space    used 2509K, capacity 2665K, committed 2688K, reserved 1048576K
}
Event: 4.431 GC heap after
{Heap after GC invocations=5 (full 0):
 garbage-first heap   total 157696K, used 17393K [0x0000000080000000, 0x0000000100000000)
  region size 1024K, 4 young (4096K), 4 survivors (4096K)
 Metaspace       used 20806K, capacity 21218K, committed 21296K, reserved 1069056K
  class space    used 2509K, capacity 2665K, committed 2688K, reserved 1048576K
}
Event: 5.308 GC heap before
{Heap before GC invocations=6 (full 0):
 garbage-first heap   total 157696K, used 71665K [0x0000000080000000, 0x0000000100000000)
  region size 1024K, 57 young (58368K), 4 survivors (4096K)
 Metaspace       used 26394K, capacity 27073K, committed 27184K, reserved 1073152K
  class space    used 3430K, capacity 3667K, committed 3712K, reserved 1048576K
}
Event: 5.316 GC heap after
{Heap after GC invocations=7 (full 0):
 garbage-first heap   total 157696K, used 19408K [0x0000000080000000, 0x0000000100000000)
  region size 1024K, 6 young (6144K), 6 survivors (6144K)
 Metaspace       used 26394K, capacity 27073K, committed 27184K, reserved 1073152K
  class space    used 3430K, capacity 3667K, committed 3712K, reserved 1048576K
}
Event: 6.345 GC heap before
{Heap before GC invocations=7 (full 0):
 garbage-first heap   total 157696K, used 111568K [0x0000000080000000, 0x0000000100000000)
  region size 1024K, 74 young (75776K), 6 survivors (6144K)
 Metaspace       used 31998K, capacity 32930K, committed 33072K, reserved 1077248K
  class space    used 4299K, capacity 4681K, committed 4736K, reserved 1048576K
}
Event: 6.358 GC heap after
{Heap after GC invocations=8 (full 0):
 garbage-first heap   total 157696K, used 50510K [0x0000000080000000, 0x0000000100000000)
  region size 1024K, 10 young (10240K), 10 survivors (10240K)
 Metaspace       used 31998K, capacity 32930K, committed 33072K, reserved 1077248K
  class space    used 4299K, capacity 4681K, committed 4736K, reserved 1048576K
}
Event: 6.752 GC heap before
{Heap before GC invocations=8 (full 0):
 garbage-first heap   total 157696K, used 67918K [0x0000000080000000, 0x0000000100000000)
  region size 1024K, 28 young (28672K), 10 survivors (10240K)
 Metaspace       used 34743K, capacity 35682K, committed 35708K, reserved 1079296K
  class space    used 4667K, capacity 5045K, committed 5068K, reserved 1048576K
}
Event: 6.766 GC heap after
{Heap after GC invocations=9 (full 0):
 garbage-first heap   total 157696K, used 53713K [0x0000000080000000, 0x0000000100000000)
  region size 1024K, 2 young (2048K), 2 survivors (2048K)
 Metaspace       used 34743K, capacity 35682K, committed 35708K, reserved 1079296K
  class space    used 4667K, capacity 5045K, committed 5068K, reserved 1048576K
}
Event: 7.736 GC heap before
{Heap before GC invocations=10 (full 0):
 garbage-first heap   total 157696K, used 103889K [0x0000000080000000, 0x0000000100000000)
  region size 1024K, 49 young (50176K), 2 survivors (2048K)
 Metaspace       used 41529K, capacity 42705K, committed 42952K, reserved 1087488K
  class space    used 5248K, capacity 5677K, committed 5708K, reserved 1048576K
}
Event: 7.755 GC heap after
{Heap after GC invocations=11 (full 0):
 garbage-first heap   total 157696K, used 57920K [0x0000000080000000, 0x0000000100000000)
  region size 1024K, 6 young (6144K), 6 survivors (6144K)
 Metaspace       used 41529K, capacity 42705K, committed 42952K, reserved 1087488K
  class space    used 5248K, capacity 5677K, committed 5708K, reserved 1048576K
}
Event: 8.653 GC heap before
{Heap before GC invocations=12 (full 0):
 garbage-first heap   total 157696K, used 118336K [0x0000000080000000, 0x0000000100000000)
  region size 1024K, 54 young (55296K), 6 survivors (6144K)
 Metaspace       used 44835K, capacity 46091K, committed 46280K, reserved 1089536K
  class space    used 5739K, capacity 6175K, committed 6220K, reserved 1048576K
}
Event: 8.671 GC heap after
{Heap after GC invocations=13 (full 0):
 garbage-first heap   total 157696K, used 74681K [0x0000000080000000, 0x0000000100000000)
  region size 1024K, 5 young (5120K), 5 survivors (5120K)
 Metaspace       used 44835K, capacity 46091K, committed 46280K, reserved 1089536K
  class space    used 5739K, capacity 6175K, committed 6220K, reserved 1048576K
}
Event: 9.273 GC heap before
{Heap before GC invocations=13 (full 0):
 garbage-first heap   total 157696K, used 116665K [0x0000000080000000, 0x0000000100000000)
  region size 1024K, 46 young (47104K), 5 survivors (5120K)
 Metaspace       used 47316K, capacity 48635K, committed 48840K, reserved 1091584K
  class space    used 5964K, capacity 6467K, committed 6476K, reserved 1048576K
}

Deoptimization events (20 events):
Event: 9.122 Thread 0x000001def9819000 Uncommon trap: trap_request=0xffffff4d fr.pc=0x000001dee796b510 relative=0x0000000000001c70
Event: 9.122 Thread 0x000001def9819000 Uncommon trap: reason=unstable_if action=reinterpret pc=0x000001dee796b510 method=org.codehaus.groovy.reflection.CachedMethod.compareToMethod(Ljava/lang/reflect/Method;)I @ 43 c2
Event: 9.122 Thread 0x000001def9819000 DEOPT PACKING pc=0x000001dee796b510 sp=0x0000001a14af4a20
Event: 9.122 Thread 0x000001def9819000 DEOPT UNPACKING pc=0x000001dedfcda1af sp=0x0000001a14af4868 mode 2
Event: 9.203 Thread 0x000001def9819000 Uncommon trap: trap_request=0xffffffbe fr.pc=0x000001dee7979a4c relative=0x000000000000016c
Event: 9.203 Thread 0x000001def9819000 Uncommon trap: reason=profile_predicate action=maybe_recompile pc=0x000001dee7979a4c method=java.util.AbstractCollection.addAll(Ljava/util/Collection;)Z @ 15 c2
Event: 9.203 Thread 0x000001def9819000 DEOPT PACKING pc=0x000001dee7979a4c sp=0x0000001a14af8350
Event: 9.203 Thread 0x000001def9819000 DEOPT UNPACKING pc=0x000001dedfcda1af sp=0x0000001a14af82e8 mode 2
Event: 9.205 Thread 0x000001def9819000 Uncommon trap: trap_request=0xffffffbe fr.pc=0x000001dee7979a4c relative=0x000000000000016c
Event: 9.205 Thread 0x000001def9819000 Uncommon trap: reason=profile_predicate action=maybe_recompile pc=0x000001dee7979a4c method=java.util.AbstractCollection.addAll(Ljava/util/Collection;)Z @ 15 c2
Event: 9.205 Thread 0x000001def9819000 DEOPT PACKING pc=0x000001dee7979a4c sp=0x0000001a14af8eb0
Event: 9.205 Thread 0x000001def9819000 DEOPT UNPACKING pc=0x000001dedfcda1af sp=0x0000001a14af8e48 mode 2
Event: 9.205 Thread 0x000001def9819000 Uncommon trap: trap_request=0xffffffbe fr.pc=0x000001dee7979a4c relative=0x000000000000016c
Event: 9.205 Thread 0x000001def9819000 Uncommon trap: reason=profile_predicate action=maybe_recompile pc=0x000001dee7979a4c method=java.util.AbstractCollection.addAll(Ljava/util/Collection;)Z @ 15 c2
Event: 9.205 Thread 0x000001def9819000 DEOPT PACKING pc=0x000001dee7979a4c sp=0x0000001a14af8eb0
Event: 9.205 Thread 0x000001def9819000 DEOPT UNPACKING pc=0x000001dedfcda1af sp=0x0000001a14af8e48 mode 2
Event: 9.223 Thread 0x000001def9819000 Uncommon trap: trap_request=0xffffff4d fr.pc=0x000001dee78bef64 relative=0x0000000000000904
Event: 9.223 Thread 0x000001def9819000 Uncommon trap: reason=unstable_if action=reinterpret pc=0x000001dee78bef64 method=java.util.WeakHashMap.eq(Ljava/lang/Object;Ljava/lang/Object;)Z @ 2 c2
Event: 9.223 Thread 0x000001def9819000 DEOPT PACKING pc=0x000001dee78bef64 sp=0x0000001a14af51c0
Event: 9.223 Thread 0x000001def9819000 DEOPT UNPACKING pc=0x000001dedfcda1af sp=0x0000001a14af5130 mode 2

Classes redefined (0 events):
No events

Internal exceptions (20 events):
Event: 9.119 Thread 0x000001def9819000 Exception <a 'java/lang/ClassNotFoundException'{0x0000000087bd62c8}: org/gradle/api/internal/artifacts/dsl/DefaultRepositoryHandler_DecoratedCustomizer> (0x0000000087bd62c8) thrown at [./src/hotspot/share/classfile/systemDictionary.cpp, line 231]
Event: 9.185 Thread 0x000001def9819000 Exception <a 'java/lang/NoSuchMethodError'{0x0000000087606728}: 'void java.lang.invoke.DirectMethodHandle$Holder.invokeInterface(java.lang.Object, java.lang.Object)'> (0x0000000087606728) thrown at [./src/hotspot/share/interpreter/linkResolver.cpp, line 773]
Event: 9.202 Thread 0x000001def9819000 Exception <a 'java/lang/ClassNotFoundException'{0x00000000876b8eb8}: settings_b4087afuf0z5tay1kj1xj1um4BeanInfo> (0x00000000876b8eb8) thrown at [./src/hotspot/share/classfile/systemDictionary.cpp, line 231]
Event: 9.202 Thread 0x000001def9819000 Exception <a 'java/lang/ClassNotFoundException'{0x00000000876c5730}: settings_b4087afuf0z5tay1kj1xj1um4Customizer> (0x00000000876c5730) thrown at [./src/hotspot/share/classfile/systemDictionary.cpp, line 231]
Event: 9.208 Thread 0x000001def9819000 Exception <a 'java/lang/ClassNotFoundException'{0x0000000087562428}: org/gradle/internal/management/DefaultDependencyResolutionManagement_DecoratedBeanInfo> (0x0000000087562428) thrown at [./src/hotspot/share/classfile/systemDictionary.cpp, line 231]
Event: 9.210 Thread 0x000001def9819000 Exception <a 'java/lang/ClassNotFoundException'{0x000000008759f450}: org/gradle/internal/management/DefaultDependencyResolutionManagementBeanInfo> (0x000000008759f450) thrown at [./src/hotspot/share/classfile/systemDictionary.cpp, line 231]
Event: 9.212 Thread 0x000001def9819000 Exception <a 'java/lang/ClassNotFoundException'{0x00000000875dc8e8}: org/gradle/internal/management/DefaultDependencyResolutionManagementCustomizer> (0x00000000875dc8e8) thrown at [./src/hotspot/share/classfile/systemDictionary.cpp, line 231]
Event: 9.215 Thread 0x000001def9819000 Exception <a 'java/lang/ClassNotFoundException'{0x000000008742fe18}: org/gradle/internal/management/DefaultDependencyResolutionManagement_DecoratedCustomizer> (0x000000008742fe18) thrown at [./src/hotspot/share/classfile/systemDictionary.cpp, line 231]
Event: 9.222 Thread 0x000001def9819000 Exception <a 'java/lang/ClassNotFoundException'{0x00000000874bbaf8}: org/gradle/api/initialization/resolve/RepositoriesModeBeanInfo> (0x00000000874bbaf8) thrown at [./src/hotspot/share/classfile/systemDictionary.cpp, line 231]
Event: 9.222 Thread 0x000001def9819000 Exception <a 'java/lang/ClassNotFoundException'{0x00000000874c1460}: java/lang/EnumBeanInfo> (0x00000000874c1460) thrown at [./src/hotspot/share/classfile/systemDictionary.cpp, line 231]
Event: 9.223 Thread 0x000001def9819000 Exception <a 'java/lang/ClassNotFoundException'{0x00000000874c6de8}: java/lang/EnumCustomizer> (0x00000000874c6de8) thrown at [./src/hotspot/share/classfile/systemDictionary.cpp, line 231]
Event: 9.225 Thread 0x000001def9819000 Exception <a 'java/lang/ClassNotFoundException'{0x00000000874f8510}: org/gradle/api/initialization/resolve/RepositoriesModeCustomizer> (0x00000000874f8510) thrown at [./src/hotspot/share/classfile/systemDictionary.cpp, line 231]
Event: 9.233 Thread 0x000001def9819000 Exception <a 'java/lang/ClassNotFoundException'{0x000000008737e480}: org/gradle/api/internal/provider/DefaultPropertyBeanInfo> (0x000000008737e480) thrown at [./src/hotspot/share/classfile/systemDictionary.cpp, line 231]
Event: 9.234 Thread 0x000001def9819000 Exception <a 'java/lang/ClassNotFoundException'{0x00000000873a76e0}: org/gradle/api/internal/provider/AbstractPropertyBeanInfo> (0x00000000873a76e0) thrown at [./src/hotspot/share/classfile/systemDictionary.cpp, line 231]
Event: 9.235 Thread 0x000001def9819000 Exception <a 'java/lang/ClassNotFoundException'{0x00000000873d2680}: org/gradle/api/internal/provider/AbstractMinimalProviderBeanInfo> (0x00000000873d2680) thrown at [./src/hotspot/share/classfile/systemDictionary.cpp, line 231]
Event: 9.236 Thread 0x000001def9819000 Exception <a 'java/lang/ClassNotFoundException'{0x00000000873fe3c0}: org/gradle/api/internal/provider/AbstractMinimalProviderCustomizer> (0x00000000873fe3c0) thrown at [./src/hotspot/share/classfile/systemDictionary.cpp, line 231]
Event: 9.241 Thread 0x000001def9819000 Exception <a 'java/lang/ClassNotFoundException'{0x0000000087264690}: org/gradle/api/internal/provider/AbstractPropertyCustomizer> (0x0000000087264690) thrown at [./src/hotspot/share/classfile/systemDictionary.cpp, line 231]
Event: 9.243 Thread 0x000001def9819000 Exception <a 'java/lang/ClassNotFoundException'{0x0000000087299f98}: org/gradle/api/internal/provider/DefaultPropertyCustomizer> (0x0000000087299f98) thrown at [./src/hotspot/share/classfile/systemDictionary.cpp, line 231]
Event: 9.252 Thread 0x000001def9819000 Exception <a 'java/lang/ClassNotFoundException'{0x0000000087111210}: org/gradle/initialization/DefaultProjectDescriptorBeanInfo> (0x0000000087111210) thrown at [./src/hotspot/share/classfile/systemDictionary.cpp, line 231]
Event: 9.253 Thread 0x000001def9819000 Exception <a 'java/lang/ClassNotFoundException'{0x0000000087139e68}: org/gradle/initialization/DefaultProjectDescriptorCustomizer> (0x0000000087139e68) thrown at [./src/hotspot/share/classfile/systemDictionary.cpp, line 231]

Events (20 events):
Event: 9.260 loading class org/gradle/internal/management/DefaultDependencyResolutionManagement done
Event: 9.261 loading class org/gradle/caching/local/DirectoryBuildCache
Event: 9.261 loading class org/gradle/caching/local/DirectoryBuildCache done
Event: 9.261 loading class org/gradle/caching/local/internal/DirectoryBuildCacheServiceFactory
Event: 9.261 loading class org/gradle/caching/local/internal/DirectoryBuildCacheServiceFactory done
Event: 9.262 loading class org/gradle/caching/configuration/internal/DefaultBuildCacheConfiguration
Event: 9.262 loading class org/gradle/caching/configuration/internal/DefaultBuildCacheConfiguration done
Event: 9.269 loading class org/gradle/caching/internal/packaging/impl/DefaultTarPackerFileSystemSupport
Event: 9.269 loading class org/gradle/caching/internal/packaging/impl/DefaultTarPackerFileSystemSupport done
Event: 9.270 loading class org/gradle/caching/internal/packaging/impl/GZipBuildCacheEntryPacker
Event: 9.270 loading class org/gradle/caching/internal/packaging/impl/GZipBuildCacheEntryPacker done
Event: 9.270 loading class java/util/zip/GZIPOutputStream
Event: 9.270 loading class java/util/zip/GZIPOutputStream done
Event: 9.270 loading class java/util/zip/GZIPInputStream
Event: 9.271 loading class java/util/zip/GZIPInputStream done
Event: 9.271 loading class org/gradle/caching/internal/packaging/impl/TarBuildCacheEntryPacker
Event: 9.271 loading class org/gradle/caching/internal/packaging/impl/TarBuildCacheEntryPacker done
Event: 9.272 loading class org/apache/commons/compress/archivers/tar/TarArchiveInputStream
Event: 9.272 loading class org/apache/commons/compress/archivers/tar/TarArchiveInputStream done
Event: 9.272 Executing VM operation: G1CollectForAllocation


Dynamic libraries:
0x00007ff6b47b0000 - 0x00007ff6b47ba000 	C:\Program Files\Android\Android Studio\jre\bin\java.exe
0x00007fff94370000 - 0x00007fff94568000 	C:\Windows\SYSTEM32\ntdll.dll
0x00007fff92fd0000 - 0x00007fff9308f000 	C:\Windows\System32\KERNEL32.DLL
0x00007fff92040000 - 0x00007fff92336000 	C:\Windows\System32\KERNELBASE.dll
0x00007fff91e70000 - 0x00007fff91f70000 	C:\Windows\System32\ucrtbase.dll
0x00007fff8d250000 - 0x00007fff8d267000 	C:\Program Files\Android\Android Studio\jre\bin\VCRUNTIME140.dll
0x00007fff84430000 - 0x00007fff84449000 	C:\Program Files\Android\Android Studio\jre\bin\jli.dll
0x00007fff933b0000 - 0x00007fff9354d000 	C:\Windows\System32\USER32.dll
0x00007fff7ea10000 - 0x00007fff7ecaa000 	C:\Windows\WinSxS\amd64_microsoft.windows.common-controls_6595b64144ccf1df_6.0.19041.1110_none_60b5254171f9507e\COMCTL32.dll
0x00007fff91c90000 - 0x00007fff91cb2000 	C:\Windows\System32\win32u.dll
0x00007fff92b70000 - 0x00007fff92c0e000 	C:\Windows\System32\msvcrt.dll
0x00007fff93720000 - 0x00007fff9374c000 	C:\Windows\System32\GDI32.dll
0x00007fff91b00000 - 0x00007fff91c15000 	C:\Windows\System32\gdi32full.dll
0x00007fff91fa0000 - 0x00007fff9203d000 	C:\Windows\System32\msvcp_win.dll
0x00007fff92620000 - 0x00007fff92650000 	C:\Windows\System32\IMM32.DLL
0x00007fff60990000 - 0x00007fff60a2d000 	C:\Program Files\Android\Android Studio\jre\bin\msvcp140.dll
0x00007fff4c860000 - 0x00007fff4d362000 	C:\Program Files\Android\Android Studio\jre\bin\server\jvm.dll
0x00007fff92ac0000 - 0x00007fff92b6f000 	C:\Windows\System32\ADVAPI32.dll
0x00007fff94290000 - 0x00007fff9432c000 	C:\Windows\System32\sechost.dll
0x00007fff93570000 - 0x00007fff93696000 	C:\Windows\System32\RPCRT4.dll
0x00007fff925b0000 - 0x00007fff925b8000 	C:\Windows\System32\PSAPI.DLL
0x00007fff8b4a0000 - 0x00007fff8b4a9000 	C:\Windows\SYSTEM32\WSOCK32.dll
0x00007fff93140000 - 0x00007fff931ab000 	C:\Windows\System32\WS2_32.dll
0x00007fff7d490000 - 0x00007fff7d4b7000 	C:\Windows\SYSTEM32\WINMM.dll
0x00007fff7f2e0000 - 0x00007fff7f2ea000 	C:\Windows\SYSTEM32\VERSION.dll
0x00007fff8f8f0000 - 0x00007fff8f902000 	C:\Windows\SYSTEM32\kernel.appcore.dll
0x00007fff8b480000 - 0x00007fff8b491000 	C:\Program Files\Android\Android Studio\jre\bin\verify.dll
0x00007fff7e630000 - 0x00007fff7e814000 	C:\Windows\SYSTEM32\DBGHELP.DLL
0x00007fff7e5f0000 - 0x00007fff7e624000 	C:\Windows\SYSTEM32\dbgcore.DLL
0x00007fff92340000 - 0x00007fff923c2000 	C:\Windows\System32\bcryptPrimitives.dll
0x00007fff8b450000 - 0x00007fff8b479000 	C:\Program Files\Android\Android Studio\jre\bin\java.dll
0x00007fff8b440000 - 0x00007fff8b44b000 	C:\Program Files\Android\Android Studio\jre\bin\jimage.dll
0x00007fff8b420000 - 0x00007fff8b438000 	C:\Program Files\Android\Android Studio\jre\bin\zip.dll
0x00007fff93ae0000 - 0x00007fff94224000 	C:\Windows\System32\SHELL32.dll
0x00007fff8faf0000 - 0x00007fff90283000 	C:\Windows\SYSTEM32\windows.storage.dll
0x00007fff92c10000 - 0x00007fff92f64000 	C:\Windows\System32\combase.dll
0x00007fff91490000 - 0x00007fff914be000 	C:\Windows\SYSTEM32\Wldp.dll
0x00007fff923d0000 - 0x00007fff9247d000 	C:\Windows\System32\SHCORE.dll
0x00007fff925c0000 - 0x00007fff92615000 	C:\Windows\System32\shlwapi.dll
0x00007fff91980000 - 0x00007fff919a5000 	C:\Windows\SYSTEM32\profapi.dll
0x00007fff8b400000 - 0x00007fff8b41a000 	C:\Program Files\Android\Android Studio\jre\bin\net.dll
0x00007fff864c0000 - 0x00007fff865ca000 	C:\Windows\SYSTEM32\WINHTTP.dll
0x00007fff911f0000 - 0x00007fff9125a000 	C:\Windows\system32\mswsock.dll
0x00007fff8b3e0000 - 0x00007fff8b3f4000 	C:\Program Files\Android\Android Studio\jre\bin\nio.dll
0x00007fff843d0000 - 0x00007fff843f7000 	C:\Users\hp\.gradle\native\e1d6ef7f7dcc3fd88c89a11ec53ec762bb8ba0a96d01ffa2cd45eb1d1d8dd5c5\windows-amd64\native-platform.dll
0x00007fff60530000 - 0x00007fff60674000 	C:\Users\hp\.gradle\native\0d407fdbe67a94daf76414ababcb853783967236a71b16ec16e742cd7a986fd3\windows-amd64\native-platform-file-events.dll
0x00007fff8b3d0000 - 0x00007fff8b3da000 	C:\Program Files\Android\Android Studio\jre\bin\management.dll
0x00007fff8b3c0000 - 0x00007fff8b3cd000 	C:\Program Files\Android\Android Studio\jre\bin\management_ext.dll
0x00007fff913e0000 - 0x00007fff913f8000 	C:\Windows\SYSTEM32\CRYPTSP.dll
0x00007fff90a90000 - 0x00007fff90ac4000 	C:\Windows\system32\rsaenh.dll
0x00007fff91f70000 - 0x00007fff91f97000 	C:\Windows\System32\bcrypt.dll
0x00007fff91900000 - 0x00007fff9192e000 	C:\Windows\SYSTEM32\USERENV.dll
0x00007fff91400000 - 0x00007fff9140c000 	C:\Windows\SYSTEM32\CRYPTBASE.dll
0x00007fff90e90000 - 0x00007fff90ecb000 	C:\Windows\SYSTEM32\IPHLPAPI.DLL
0x00007fff93130000 - 0x00007fff93138000 	C:\Windows\System32\NSI.dll
0x00007fff88230000 - 0x00007fff88247000 	C:\Windows\SYSTEM32\dhcpcsvc6.DLL
0x00007fff881d0000 - 0x00007fff881ed000 	C:\Windows\SYSTEM32\dhcpcsvc.DLL
0x00007fff90ee0000 - 0x00007fff90faa000 	C:\Windows\SYSTEM32\DNSAPI.dll

dbghelp: loaded successfully - version: 4.0.5 - missing functions: none
symbol engine: initialized successfully - sym options: 0x614 - pdb path: .;C:\Program Files\Android\Android Studio\jre\bin;C:\Windows\SYSTEM32;C:\Windows\WinSxS\amd64_microsoft.windows.common-controls_6595b64144ccf1df_6.0.19041.1110_none_60b5254171f9507e;C:\Program Files\Android\Android Studio\jre\bin\server;C:\Users\hp\.gradle\native\e1d6ef7f7dcc3fd88c89a11ec53ec762bb8ba0a96d01ffa2cd45eb1d1d8dd5c5\windows-amd64;C:\Users\hp\.gradle\native\0d407fdbe67a94daf76414ababcb853783967236a71b16ec16e742cd7a986fd3\windows-amd64

VM Arguments:
jvm_args: --add-opens=java.base/java.util=ALL-UNNAMED --add-opens=java.base/java.lang=ALL-UNNAMED --add-opens=java.base/java.lang.invoke=ALL-UNNAMED --add-opens=java.base/java.util=ALL-UNNAMED --add-opens=java.prefs/java.util.prefs=ALL-UNNAMED --add-opens=java.prefs/java.util.prefs=ALL-UNNAMED --add-opens=java.base/java.nio.charset=ALL-UNNAMED --add-opens=java.base/java.net=ALL-UNNAMED --add-opens=java.base/java.util.concurrent.atomic=ALL-UNNAMED -Xmx2048m -Dfile.encoding=UTF-8 -Duser.country=US -Duser.language=en -Duser.variant 
java_command: org.gradle.launcher.daemon.bootstrap.GradleDaemon 7.5
java_class_path (initial): C:\Users\hp\.gradle\wrapper\dists\gradle-7.5-bin\f1w0cc9nuo0eivz97x2xlu9sv\gradle-7.5\lib\gradle-launcher-7.5.jar
Launcher Type: SUN_STANDARD

[Global flags]
     intx CICompilerCount                          = 3                                         {product} {ergonomic}
     uint ConcGCThreads                            = 1                                         {product} {ergonomic}
     uint G1ConcRefinementThreads                  = 4                                         {product} {ergonomic}
   size_t G1HeapRegionSize                         = 1048576                                   {product} {ergonomic}
    uintx GCDrainStackTargetSize                   = 64                                        {product} {ergonomic}
   size_t InitialHeapSize                          = 134217728                                 {product} {ergonomic}
   size_t MarkStackSize                            = 4194304                                   {product} {ergonomic}
   size_t MaxHeapSize                              = 2147483648                                {product} {command line}
   size_t MaxNewSize                               = 1287651328                                {product} {ergonomic}
   size_t MinHeapDeltaBytes                        = 1048576                                   {product} {ergonomic}
    uintx NonNMethodCodeHeapSize                   = 5830732                                {pd product} {ergonomic}
    uintx NonProfiledCodeHeapSize                  = 122913754                              {pd product} {ergonomic}
    uintx ProfiledCodeHeapSize                     = 122913754                              {pd product} {ergonomic}
    uintx ReservedCodeCacheSize                    = 251658240                              {pd product} {ergonomic}
     bool SegmentedCodeCache                       = true                                      {product} {ergonomic}
     bool UseCompressedClassPointers               = true                                 {lp64_product} {ergonomic}
     bool UseCompressedOops                        = true                                 {lp64_product} {ergonomic}
     bool UseG1GC                                  = true                                      {product} {ergonomic}
     bool UseLargePagesIndividualAllocation        = false                                  {pd product} {ergonomic}

Logging:
Log output configuration:
 #0: stdout all=warning uptime,level,tags
 #1: stderr all=off uptime,level,tags

Environment Variables:
PATH=C:\Program Files (x86)\VMware\VMware Workstation\bin\;C:\Program Files (x86)\NVIDIA Corporation\PhysX\Common;C:\Windows\system32;C:\Windows;C:\Windows\System32\Wbem;C:\Windows\System32\WindowsPowerShell\v1.0\;C:\Windows\System32\OpenSSH\;C:\Users\hp\Documents\Java\jdk1.8.0_111\bin;c:\Program Files (x86)\Microsoft SQL Server\90\Tools\binn\;C:\Program Files\dotnet\;C:\Program Files\Microsoft SQL Server\150\Tools\Binn\;C:\Program Files\Microsoft SQL Server\Client SDK\ODBC\170\Tools\Binn\;C:\Program Files\Git\cmd;C:\Program Files\nodejs\;C:\ProgramData\chocolatey\bin;C:\Users\hp\AppData\Local\Programs\Python\Python310\Scripts\;C:\Users\hp\AppData\Local\Programs\Python\Python310\;C:\Users\hp\AppData\Local\Programs\Python\Launcher\;C:\Users\hp\AppData\Local\Microsoft\WindowsApps;C:\Program Files\Java\jdk1.8.0_111\bin;;C:\Program Files\JetBrains\PyCharm Community Edition 2022.3.1\bin;;C:\Users\hp\.dotnet\tools;C:\Users\hp\AppData\Roaming\npm;C:\Users\hp\AppData\Local\Programs\Microsoft VS Code\bin
USERNAME=hp
OS=Windows_NT
PROCESSOR_IDENTIFIER=Intel64 Family 6 Model 69 Stepping 1, GenuineIntel



---------------  S Y S T E M  ---------------

OS: Windows 10 , 64 bit Build 19041 (10.0.19041.3155)
OS uptime: 0 days 10:31 hours

CPU:total 4 (initial active 4) (2 cores per cpu, 2 threads per core) family 6 model 69 stepping 1 microcode 0x25, cmov, cx8, fxsr, mmx, sse, sse2, sse3, ssse3, sse4.1, sse4.2, popcnt, avx, avx2, aes, clmul, erms, lzcnt, ht, tsc, tscinvbit, bmi1, bmi2, fma

Memory: 4k page, system-wide physical 8089M (2616M free)
TotalPageFile size 10949M (AvailPageFile size 7M)
current process WorkingSet (physical memory assigned to process): 317M, peak: 317M
current process commit charge ("private bytes"): 351M, peak: 379M

vm_info: OpenJDK 64-Bit Server VM (11.0.13+0-b1751.21-8125866) for windows-amd64 JRE (11.0.13+0-b1751.21-8125866), built on Feb  2 2022 03:00:22 by "builder" with MS VC++ 14.0 (VS2015)

END.
