#
# There is insufficient memory for the Java Runtime Environment to continue.
# Native memory allocation (mmap) failed to map 56623104 bytes for Failed to commit area from 0x0000000090b00000 to 0x0000000094100000 of length 56623104.
# Possible reasons:
#   The system is out of physical RAM or swap space
#   The process is running with CompressedOops enabled, and the Java Heap may be blocking the growth of the native heap
# Possible solutions:
#   Reduce memory load on the system
#   Increase physical memory or swap space
#   Check if swap backing store is full
#   Decrease Java heap size (-Xmx/-Xms)
#   Decrease number of Java threads
#   Decrease Java thread stack sizes (-Xss)
#   Set larger code cache with -XX:ReservedCodeCacheSize=
#   JVM is running with Unscaled Compressed Oops mode in which the Java heap is
#     placed in the first 4GB address space. The Java Heap base address is the
#     maximum limit for the native heap growth. Please use -XX:HeapBaseMinAddress
#     to set the Java Heap base and to place the Java Heap above 4GB virtual address.
# This output file may be truncated or incomplete.
#
#  Out of Memory Error (./src/hotspot/os/windows/os_windows.cpp:3619), pid=10304, tid=5380
#
# JRE version: OpenJDK Runtime Environment (11.0.13) (build 11.0.13+0-b1751.21-8125866)
# Java VM: OpenJDK 64-Bit Server VM (11.0.13+0-b1751.21-8125866, mixed mode, tiered, compressed oops, g1 gc, windows-amd64)
# No core dump will be written. Minidumps are not enabled by default on client versions of Windows
#

---------------  S U M M A R Y ------------

Command Line: --add-opens=java.base/java.util=ALL-UNNAMED --add-opens=java.base/java.lang=ALL-UNNAMED --add-opens=java.base/java.lang.invoke=ALL-UNNAMED --add-opens=java.base/java.util=ALL-UNNAMED --add-opens=java.prefs/java.util.prefs=ALL-UNNAMED --add-opens=java.prefs/java.util.prefs=ALL-UNNAMED --add-opens=java.base/java.nio.charset=ALL-UNNAMED --add-opens=java.base/java.net=ALL-UNNAMED --add-opens=java.base/java.util.concurrent.atomic=ALL-UNNAMED -Xmx2048m -Dfile.encoding=UTF-8 -Duser.country=US -Duser.language=en -Duser.variant org.gradle.launcher.daemon.bootstrap.GradleDaemon 7.5

Host: Intel(R) Core(TM) i5-4300U CPU @ 1.90GHz, 4 cores, 7G,  Windows 10 , 64 bit Build 19041 (10.0.19041.3155)
Time: Thu Aug 24 19:32:58 2023 E. Africa Standard Time elapsed time: 27.964035 seconds (0d 0h 0m 27s)

---------------  T H R E A D  ---------------

Current thread (0x000002deb7093000):  VMThread "VM Thread" [stack: 0x000000eef4000000,0x000000eef4100000] [id=5380]

Stack: [0x000000eef4000000,0x000000eef4100000]
[error occurred during error reporting (printing stack bounds), id 0xc0000005, EXCEPTION_ACCESS_VIOLATION (0xc0000005) at pc=0x000002dea082112d]

Native frames: (J=compiled Java code, j=interpreted, Vv=VM code, C=native code)
V  [jvm.dll+0x6100fa]
V  [jvm.dll+0x747090]
V  [jvm.dll+0x7486ad]
V  [jvm.dll+0x748ce5]
V  [jvm.dll+0x748c9b]
V  [jvm.dll+0x60f224]
V  [jvm.dll+0x60f9b8]
C  [ntdll.dll+0xa23df]
C  [ntdll.dll+0x514b4]
C  [ntdll.dll+0xa0eee]
C  0x000002dea082112d

VM_Operation (0x000000eef53f8510): G1CollectForAllocation, mode: safepoint, requested by thread 0x000002deb995a800


---------------  P R O C E S S  ---------------

Threads class SMR info:
_java_thread_list=0x000002debdbdd540, length=85, elements={
0x000002de9ccde800, 0x000002deb7095000, 0x000002deb7097000, 0x000002deb70af800,
0x000002deb70b0000, 0x000002deb70b2800, 0x000002deb70b5800, 0x000002deb70ba800,
0x000002deb70bc000, 0x000002deb7b97000, 0x000002deb9ab9800, 0x000002deb996e800,
0x000002deb7da8000, 0x000002deb9af2000, 0x000002deba0b1000, 0x000002deb9cd2800,
0x000002deb995a800, 0x000002deb9dca800, 0x000002deb8920800, 0x000002deba687000,
0x000002deba68a000, 0x000002deba68b000, 0x000002deba688800, 0x000002deba68c000,
0x000002deba689800, 0x000002deba686000, 0x000002deba68c800, 0x000002deba688000,
0x000002debae1d800, 0x000002debae1e000, 0x000002debae21800, 0x000002debae22000,
0x000002debae20000, 0x000002debae23000, 0x000002debae24000, 0x000002debae24800,
0x000002debae1f000, 0x000002debae29800, 0x000002debae2b000, 0x000002debae25800,
0x000002debae29000, 0x000002debae2c000, 0x000002debae2a800, 0x000002debae28000,
0x000002debae26800, 0x000002debae27000, 0x000002deb8a03000, 0x000002deb89fd000,
0x000002deb8a03800, 0x000002deb89fe000, 0x000002deb89ff000, 0x000002deb8a01000,
0x000002deb8a02000, 0x000002deb89ff800, 0x000002deb8a00800, 0x000002deb8a07000,
0x000002deb8a08800, 0x000002deb8a07800, 0x000002deb8a09800, 0x000002deb8a0a000,
0x000002deb8a04800, 0x000002deb8a0b000, 0x000002deb8a05800, 0x000002deb8a0c000,
0x000002deb8a06000, 0x000002deba708800, 0x000002deba706800, 0x000002deba709000,
0x000002deba704800, 0x000002deba706000, 0x000002deba707800, 0x000002deba70a000,
0x000002deba70b000, 0x000002deba705000, 0x000002deba70f800, 0x000002deba70c800,
0x000002deba70d800, 0x000002deba70e000, 0x000002deba70b800, 0x000002deba710800,
0x000002deba711800, 0x000002deba70f000, 0x000002deba712000, 0x000002deba713000,
0x000002deba131800
}

Java Threads: ( => current thread )
  0x000002de9ccde800 JavaThread "main" [_thread_blocked, id=8584, stack(0x000000eef3a00000,0x000000eef3b00000)]
  0x000002deb7095000 JavaThread "Reference Handler" daemon [_thread_blocked, id=1524, stack(0x000000eef4100000,0x000000eef4200000)]
  0x000002deb7097000 JavaThread "Finalizer" daemon [_thread_blocked, id=2400, stack(0x000000eef4200000,0x000000eef4300000)]
  0x000002deb70af800 JavaThread "Signal Dispatcher" daemon [_thread_blocked, id=1360, stack(0x000000eef4300000,0x000000eef4400000)]
  0x000002deb70b0000 JavaThread "Attach Listener" daemon [_thread_blocked, id=4148, stack(0x000000eef4400000,0x000000eef4500000)]
  0x000002deb70b2800 JavaThread "Service Thread" daemon [_thread_blocked, id=5388, stack(0x000000eef4500000,0x000000eef4600000)]
  0x000002deb70b5800 JavaThread "C2 CompilerThread0" daemon [_thread_blocked, id=5904, stack(0x000000eef4600000,0x000000eef4700000)]
  0x000002deb70ba800 JavaThread "C1 CompilerThread0" daemon [_thread_blocked, id=2896, stack(0x000000eef4700000,0x000000eef4800000)]
  0x000002deb70bc000 JavaThread "Sweeper thread" daemon [_thread_blocked, id=8296, stack(0x000000eef4800000,0x000000eef4900000)]
  0x000002deb7b97000 JavaThread "Common-Cleaner" daemon [_thread_blocked, id=3260, stack(0x000000eef4900000,0x000000eef4a00000)]
  0x000002deb9ab9800 JavaThread "Daemon health stats" [_thread_blocked, id=9072, stack(0x000000eef4e00000,0x000000eef4f00000)]
  0x000002deb996e800 JavaThread "Incoming local TCP Connector on port 11937" [_thread_in_native, id=9116, stack(0x000000eef4b00000,0x000000eef4c00000)]
  0x000002deb7da8000 JavaThread "Daemon periodic checks" [_thread_blocked, id=5440, stack(0x000000eef4f00000,0x000000eef5000000)]
  0x000002deb9af2000 JavaThread "Daemon" [_thread_blocked, id=8312, stack(0x000000eef5000000,0x000000eef5100000)]
  0x000002deba0b1000 JavaThread "Handler for socket connection from /127.0.0.1:11937 to /127.0.0.1:11938" [_thread_in_native, id=4472, stack(0x000000eef5100000,0x000000eef5200000)]
  0x000002deb9cd2800 JavaThread "Cancel handler" [_thread_blocked, id=2636, stack(0x000000eef5200000,0x000000eef5300000)]
  0x000002deb995a800 JavaThread "Daemon worker" [_thread_blocked, id=9864, stack(0x000000eef5300000,0x000000eef5400000)]
  0x000002deb9dca800 JavaThread "Asynchronous log dispatcher for DefaultDaemonConnection: socket connection from /127.0.0.1:11937 to /127.0.0.1:11938" [_thread_blocked, id=12280, stack(0x000000eef5400000,0x000000eef5500000)]
  0x000002deb8920800 JavaThread "Stdin handler" [_thread_blocked, id=11312, stack(0x000000eef5500000,0x000000eef5600000)]
  0x000002deba687000 JavaThread "Daemon client event forwarder" [_thread_blocked, id=7480, stack(0x000000eef5600000,0x000000eef5700000)]
  0x000002deba68a000 JavaThread "Cache worker for journal cache (C:\Users\hp\.gradle\caches\journal-1)" [_thread_blocked, id=2904, stack(0x000000eef5700000,0x000000eef5800000)]
  0x000002deba68b000 JavaThread "File lock request listener" [_thread_in_native, id=8076, stack(0x000000eef5800000,0x000000eef5900000)]
  0x000002deba688800 JavaThread "Cache worker for file hash cache (C:\Users\hp\.gradle\caches\7.5\fileHashes)" [_thread_blocked, id=1296, stack(0x000000eef5a00000,0x000000eef5b00000)]
  0x000002deba68c000 JavaThread "File watcher server" daemon [_thread_in_native, id=9948, stack(0x000000eef5c00000,0x000000eef5d00000)]
  0x000002deba689800 JavaThread "File watcher consumer" daemon [_thread_blocked, id=3852, stack(0x000000eef5d00000,0x000000eef5e00000)]
  0x000002deba686000 JavaThread "jar transforms" [_thread_blocked, id=7256, stack(0x000000eef5e00000,0x000000eef5f00000)]
  0x000002deba68c800 JavaThread "jar transforms Thread 2" [_thread_blocked, id=12028, stack(0x000000eef5f00000,0x000000eef6000000)]
  0x000002deba688000 JavaThread "jar transforms Thread 3" [_thread_blocked, id=10948, stack(0x000000eef6000000,0x000000eef6100000)]
  0x000002debae1d800 JavaThread "jar transforms Thread 4" [_thread_blocked, id=3140, stack(0x000000eef6100000,0x000000eef6200000)]
  0x000002debae1e000 JavaThread "Cache worker for checksums cache (C:\Users\hp\Desktop\eCommerceApp\.gradle\7.5\checksums)" [_thread_blocked, id=8760, stack(0x000000eef6200000,0x000000eef6300000)]
  0x000002debae21800 JavaThread "Cache worker for cache directory md-rule (C:\Users\hp\.gradle\caches\7.5\md-rule)" [_thread_blocked, id=9176, stack(0x000000eef6300000,0x000000eef6400000)]
  0x000002debae22000 JavaThread "Cache worker for file content cache (C:\Users\hp\.gradle\caches\7.5\fileContent)" [_thread_blocked, id=9172, stack(0x000000eef6400000,0x000000eef6500000)]
  0x000002debae20000 JavaThread "Cache worker for file hash cache (C:\Users\hp\Desktop\eCommerceApp\.gradle\7.5\fileHashes)" [_thread_blocked, id=12084, stack(0x000000eef6500000,0x000000eef6600000)]
  0x000002debae23000 JavaThread "Cache worker for cache directory md-supplier (C:\Users\hp\.gradle\caches\7.5\md-supplier)" [_thread_blocked, id=10456, stack(0x000000eef6600000,0x000000eef6700000)]
  0x000002debae24000 JavaThread "Cache worker for execution history cache (C:\Users\hp\.gradle\caches\7.5\executionHistory)" [_thread_blocked, id=4608, stack(0x000000eef6700000,0x000000eef6800000)]
  0x000002debae24800 JavaThread "Cache worker for dependencies-accessors (C:\Users\hp\Desktop\eCommerceApp\.gradle\7.5\dependencies-accessors)" [_thread_blocked, id=4052, stack(0x000000eef6800000,0x000000eef6900000)]
  0x000002debae1f000 JavaThread "Cache worker for Build Output Cleanup Cache (C:\Users\hp\Desktop\eCommerceApp\.gradle\buildOutputCleanup)" [_thread_blocked, id=5772, stack(0x000000eef6900000,0x000000eef6a00000)]
  0x000002debae29800 JavaThread "Unconstrained build operations" [_thread_blocked, id=8252, stack(0x000000eef6a00000,0x000000eef6b00000)]
  0x000002debae2b000 JavaThread "Unconstrained build operations Thread 2" [_thread_blocked, id=1952, stack(0x000000eef6b00000,0x000000eef6c00000)]
  0x000002debae25800 JavaThread "Unconstrained build operations Thread 3" [_thread_blocked, id=5320, stack(0x000000eef6c00000,0x000000eef6d00000)]
  0x000002debae29000 JavaThread "Unconstrained build operations Thread 4" [_thread_blocked, id=4568, stack(0x000000eef6d00000,0x000000eef6e00000)]
  0x000002debae2c000 JavaThread "Unconstrained build operations Thread 5" [_thread_blocked, id=9596, stack(0x000000eef6e00000,0x000000eef6f00000)]
  0x000002debae2a800 JavaThread "Unconstrained build operations Thread 6" [_thread_blocked, id=2816, stack(0x000000eef6f00000,0x000000eef7000000)]
  0x000002debae28000 JavaThread "Unconstrained build operations Thread 7" [_thread_blocked, id=11348, stack(0x000000eef7000000,0x000000eef7100000)]
  0x000002debae26800 JavaThread "Unconstrained build operations Thread 8" [_thread_blocked, id=10020, stack(0x000000eef7100000,0x000000eef7200000)]
  0x000002debae27000 JavaThread "Unconstrained build operations Thread 9" [_thread_blocked, id=6040, stack(0x000000eef7200000,0x000000eef7300000)]
  0x000002deb8a03000 JavaThread "Unconstrained build operations Thread 10" [_thread_blocked, id=5712, stack(0x000000eef7300000,0x000000eef7400000)]
  0x000002deb89fd000 JavaThread "Unconstrained build operations Thread 11" [_thread_blocked, id=3256, stack(0x000000eef7400000,0x000000eef7500000)]
  0x000002deb8a03800 JavaThread "Unconstrained build operations Thread 12" [_thread_blocked, id=8336, stack(0x000000eef7500000,0x000000eef7600000)]
  0x000002deb89fe000 JavaThread "Unconstrained build operations Thread 13" [_thread_blocked, id=916, stack(0x000000eef7600000,0x000000eef7700000)]
  0x000002deb89ff000 JavaThread "Unconstrained build operations Thread 14" [_thread_blocked, id=4996, stack(0x000000eef7700000,0x000000eef7800000)]
  0x000002deb8a01000 JavaThread "Unconstrained build operations Thread 15" [_thread_blocked, id=8392, stack(0x000000eef7800000,0x000000eef7900000)]
  0x000002deb8a02000 JavaThread "Unconstrained build operations Thread 16" [_thread_blocked, id=12092, stack(0x000000eef7900000,0x000000eef7a00000)]
  0x000002deb89ff800 JavaThread "Unconstrained build operations Thread 17" [_thread_blocked, id=5288, stack(0x000000eef7a00000,0x000000eef7b00000)]
  0x000002deb8a00800 JavaThread "Unconstrained build operations Thread 18" [_thread_blocked, id=9836, stack(0x000000eef7b00000,0x000000eef7c00000)]
  0x000002deb8a07000 JavaThread "Unconstrained build operations Thread 19" [_thread_blocked, id=9820, stack(0x000000eef7c00000,0x000000eef7d00000)]
  0x000002deb8a08800 JavaThread "Unconstrained build operations Thread 20" [_thread_blocked, id=8648, stack(0x000000eef7d00000,0x000000eef7e00000)]
  0x000002deb8a07800 JavaThread "Unconstrained build operations Thread 21" [_thread_blocked, id=5992, stack(0x000000eef7e00000,0x000000eef7f00000)]
  0x000002deb8a09800 JavaThread "Unconstrained build operations Thread 22" [_thread_blocked, id=9148, stack(0x000000eef7f00000,0x000000eef8000000)]
  0x000002deb8a0a000 JavaThread "Unconstrained build operations Thread 23" [_thread_blocked, id=11212, stack(0x000000eef8000000,0x000000eef8100000)]
  0x000002deb8a04800 JavaThread "Unconstrained build operations Thread 24" [_thread_blocked, id=9160, stack(0x000000eef8100000,0x000000eef8200000)]
  0x000002deb8a0b000 JavaThread "Unconstrained build operations Thread 25" [_thread_blocked, id=9164, stack(0x000000eef8200000,0x000000eef8300000)]
  0x000002deb8a05800 JavaThread "Unconstrained build operations Thread 26" [_thread_blocked, id=9168, stack(0x000000eef8300000,0x000000eef8400000)]
  0x000002deb8a0c000 JavaThread "Unconstrained build operations Thread 27" [_thread_blocked, id=9008, stack(0x000000eef8400000,0x000000eef8500000)]
  0x000002deb8a06000 JavaThread "Unconstrained build operations Thread 28" [_thread_blocked, id=1616, stack(0x000000eef8500000,0x000000eef8600000)]
  0x000002deba708800 JavaThread "Unconstrained build operations Thread 29" [_thread_blocked, id=9004, stack(0x000000eef8600000,0x000000eef8700000)]
  0x000002deba706800 JavaThread "Unconstrained build operations Thread 30" [_thread_blocked, id=9348, stack(0x000000eef8700000,0x000000eef8800000)]
  0x000002deba709000 JavaThread "Unconstrained build operations Thread 31" [_thread_blocked, id=8200, stack(0x000000eef8800000,0x000000eef8900000)]
  0x000002deba704800 JavaThread "Unconstrained build operations Thread 32" [_thread_blocked, id=7712, stack(0x000000eef8900000,0x000000eef8a00000)]
  0x000002deba706000 JavaThread "Unconstrained build operations Thread 33" [_thread_blocked, id=8656, stack(0x000000eef8a00000,0x000000eef8b00000)]
  0x000002deba707800 JavaThread "Unconstrained build operations Thread 34" [_thread_blocked, id=7136, stack(0x000000eef8b00000,0x000000eef8c00000)]
  0x000002deba70a000 JavaThread "Unconstrained build operations Thread 35" [_thread_blocked, id=8564, stack(0x000000eef8c00000,0x000000eef8d00000)]
  0x000002deba70b000 JavaThread "Unconstrained build operations Thread 36" [_thread_blocked, id=7700, stack(0x000000eef8d00000,0x000000eef8e00000)]
  0x000002deba705000 JavaThread "Unconstrained build operations Thread 37" [_thread_blocked, id=11316, stack(0x000000eef8e00000,0x000000eef8f00000)]
  0x000002deba70f800 JavaThread "Unconstrained build operations Thread 38" [_thread_blocked, id=7272, stack(0x000000eef8f00000,0x000000eef9000000)]
  0x000002deba70c800 JavaThread "Unconstrained build operations Thread 39" [_thread_blocked, id=9064, stack(0x000000eef9000000,0x000000eef9100000)]
  0x000002deba70d800 JavaThread "Unconstrained build operations Thread 40" [_thread_blocked, id=7236, stack(0x000000eef9100000,0x000000eef9200000)]
  0x000002deba70e000 JavaThread "Memory manager" [_thread_blocked, id=3940, stack(0x000000eef9200000,0x000000eef9300000)]
  0x000002deba70b800 JavaThread "pool-3-thread-1" [_thread_blocked, id=1940, stack(0x000000eef9300000,0x000000eef9400000)]
  0x000002deba710800 JavaThread "included builds" [_thread_blocked, id=7000, stack(0x000000eef9400000,0x000000eef9500000)]
  0x000002deba711800 JavaThread "Execution worker" [_thread_blocked, id=10408, stack(0x000000eef9500000,0x000000eef9600000)]
  0x000002deba70f000 JavaThread "Execution worker Thread 2" [_thread_blocked, id=12136, stack(0x000000eef9600000,0x000000eef9700000)]
  0x000002deba712000 JavaThread "Execution worker Thread 3" [_thread_blocked, id=5936, stack(0x000000eef9700000,0x000000eef9800000)]
  0x000002deba713000 JavaThread "Cache worker for execution history cache (C:\Users\hp\Desktop\eCommerceApp\.gradle\7.5\executionHistory)" [_thread_blocked, id=1604, stack(0x000000eef9800000,0x000000eef9900000)]
  0x000002deba131800 JavaThread "C2 CompilerThread1" daemon [_thread_blocked, id=8060, stack(0x000000eef5b00000,0x000000eef5c00000)]

Other Threads:
=>0x000002deb7093000 VMThread "VM Thread" [stack: 0x000000eef4000000,0x000000eef4100000] [id=5380]
  0x000002deb7ba7800 WatcherThread [stack: 0x000000eef4a00000,0x000000eef4b00000] [id=7200]
  0x000002de9ccf7000 GCTaskThread "GC Thread#0" [stack: 0x000000eef3b00000,0x000000eef3c00000] [id=5296]
  0x000002deb8270000 GCTaskThread "GC Thread#1" [stack: 0x000000eef4c00000,0x000000eef4d00000] [id=8300]
  0x000002deb8281000 GCTaskThread "GC Thread#2" [stack: 0x000000eef4d00000,0x000000eef4e00000] [id=5360]
  0x000002deba4c1000 GCTaskThread "GC Thread#3" [stack: 0x000000eef5900000,0x000000eef5a00000] [id=10536]
  0x000002de9cd28800 ConcurrentGCThread "G1 Main Marker" [stack: 0x000000eef3c00000,0x000000eef3d00000] [id=7740]
  0x000002de9cd2a000 ConcurrentGCThread "G1 Conc#0" [stack: 0x000000eef3d00000,0x000000eef3e00000] [id=3216]
  0x000002de9cdba800 ConcurrentGCThread "G1 Refine#0" [stack: 0x000000eef3e00000,0x000000eef3f00000] [id=7520]
  0x000002de9cdbb800 ConcurrentGCThread "G1 Young RemSet Sampling" [stack: 0x000000eef3f00000,0x000000eef4000000] [id=6476]

Threads with active compile tasks:
C2 CompilerThread0  28029 12282       4       org.objectweb.asm.MethodWriter::putMethodInfo (1274 bytes)
C2 CompilerThread1  28029 12233       4       java.beans.MethodRef::set (58 bytes)

VM state:at safepoint (normal execution)

VM Mutex/Monitor currently owned by a thread:  ([mutex/lock_event])
[0x000002de9ccdb4b0] Threads_lock - owner thread: 0x000002deb7093000
[0x000002de9ccdaa90] Heap_lock - owner thread: 0x000002deb995a800

Heap address: 0x0000000080000000, size: 2048 MB, Compressed Oops mode: 32-bit
Narrow klass base: 0x0000000000000000, Narrow klass shift: 3
Compressed class space size: 1073741824 Address: 0x0000000100000000

Heap:
 garbage-first heap   total 328704K, used 147086K [0x0000000080000000, 0x0000000100000000)
  region size 1024K, 4 young (4096K), 4 survivors (4096K)
 Metaspace       used 104829K, capacity 107490K, committed 107720K, reserved 1142784K
  class space    used 13316K, capacity 14313K, committed 14360K, reserved 1048576K
Heap Regions: E=young(eden), S=young(survivor), O=old, HS=humongous(starts), HC=humongous(continues), CS=collection set, F=free, A=archive, TAMS=top-at-mark-start (previous, next)
|   0|0x0000000080000000, 0x0000000080100000, 0x0000000080100000|100%|HS|  |TAMS 0x0000000080100000, 0x0000000080000000| Complete 
|   1|0x0000000080100000, 0x0000000080200000, 0x0000000080200000|100%|HC|  |TAMS 0x0000000080200000, 0x0000000080100000| Complete 
|   2|0x0000000080200000, 0x0000000080300000, 0x0000000080300000|100%|HC|  |TAMS 0x0000000080300000, 0x0000000080200000| Complete 
|   3|0x0000000080300000, 0x0000000080400000, 0x0000000080400000|100%| O|  |TAMS 0x0000000080400000, 0x0000000080300000| Untracked 
|   4|0x0000000080400000, 0x0000000080500000, 0x0000000080500000|100%| O|  |TAMS 0x0000000080500000, 0x0000000080400000| Untracked 
|   5|0x0000000080500000, 0x0000000080600000, 0x0000000080600000|100%| O|  |TAMS 0x0000000080600000, 0x0000000080500000| Untracked 
|   6|0x0000000080600000, 0x0000000080700000, 0x0000000080700000|100%| O|  |TAMS 0x0000000080700000, 0x0000000080600000| Untracked 
|   7|0x0000000080700000, 0x0000000080800000, 0x0000000080800000|100%| O|  |TAMS 0x0000000080800000, 0x0000000080700000| Untracked 
|   8|0x0000000080800000, 0x0000000080900000, 0x0000000080900000|100%| O|  |TAMS 0x0000000080900000, 0x0000000080800000| Untracked 
|   9|0x0000000080900000, 0x0000000080a00000, 0x0000000080a00000|100%| O|  |TAMS 0x0000000080a00000, 0x0000000080900000| Untracked 
|  10|0x0000000080a00000, 0x0000000080b00000, 0x0000000080b00000|100%| O|  |TAMS 0x0000000080b00000, 0x0000000080a00000| Untracked 
|  11|0x0000000080b00000, 0x0000000080c00000, 0x0000000080c00000|100%| O|  |TAMS 0x0000000080c00000, 0x0000000080b00000| Untracked 
|  12|0x0000000080c00000, 0x0000000080d00000, 0x0000000080d00000|100%| O|  |TAMS 0x0000000080d00000, 0x0000000080c00000| Untracked 
|  13|0x0000000080d00000, 0x0000000080e00000, 0x0000000080e00000|100%| O|  |TAMS 0x0000000080e00000, 0x0000000080d00000| Untracked 
|  14|0x0000000080e00000, 0x0000000080f00000, 0x0000000080f00000|100%|HS|  |TAMS 0x0000000080f00000, 0x0000000080e00000| Complete 
|  15|0x0000000080f00000, 0x0000000081000000, 0x0000000081000000|100%|HC|  |TAMS 0x0000000081000000, 0x0000000080f00000| Complete 
|  16|0x0000000081000000, 0x0000000081100000, 0x0000000081100000|100%|HS|  |TAMS 0x0000000081100000, 0x0000000081000000| Complete 
|  17|0x0000000081100000, 0x0000000081200000, 0x0000000081200000|100%|HC|  |TAMS 0x0000000081200000, 0x0000000081100000| Complete 
|  18|0x0000000081200000, 0x0000000081300000, 0x0000000081300000|100%|HC|  |TAMS 0x0000000081300000, 0x0000000081200000| Complete 
|  19|0x0000000081300000, 0x0000000081400000, 0x0000000081400000|100%|HS|  |TAMS 0x0000000081400000, 0x0000000081300000| Complete 
|  20|0x0000000081400000, 0x0000000081500000, 0x0000000081500000|100%|HS|  |TAMS 0x0000000081500000, 0x0000000081400000| Complete 
|  21|0x0000000081500000, 0x0000000081600000, 0x0000000081600000|100%|HC|  |TAMS 0x0000000081600000, 0x0000000081500000| Complete 
|  22|0x0000000081600000, 0x0000000081700000, 0x0000000081700000|100%|HS|  |TAMS 0x0000000081700000, 0x0000000081600000| Complete 
|  23|0x0000000081700000, 0x0000000081800000, 0x0000000081800000|100%|HC|  |TAMS 0x0000000081800000, 0x0000000081700000| Complete 
|  24|0x0000000081800000, 0x0000000081900000, 0x0000000081900000|100%|HC|  |TAMS 0x0000000081900000, 0x0000000081800000| Complete 
|  25|0x0000000081900000, 0x0000000081a00000, 0x0000000081a00000|100%|HS|  |TAMS 0x0000000081a00000, 0x0000000081900000| Complete 
|  26|0x0000000081a00000, 0x0000000081b00000, 0x0000000081b00000|100%|HC|  |TAMS 0x0000000081b00000, 0x0000000081a00000| Complete 
|  27|0x0000000081b00000, 0x0000000081c00000, 0x0000000081c00000|100%|HC|  |TAMS 0x0000000081c00000, 0x0000000081b00000| Complete 
|  28|0x0000000081c00000, 0x0000000081d00000, 0x0000000081d00000|100%|HS|  |TAMS 0x0000000081d00000, 0x0000000081c00000| Complete 
|  29|0x0000000081d00000, 0x0000000081e00000, 0x0000000081e00000|100%|HC|  |TAMS 0x0000000081e00000, 0x0000000081d00000| Complete 
|  30|0x0000000081e00000, 0x0000000081f00000, 0x0000000081f00000|100%|HC|  |TAMS 0x0000000081f00000, 0x0000000081e00000| Complete 
|  31|0x0000000081f00000, 0x0000000082000000, 0x0000000082000000|100%|HC|  |TAMS 0x0000000082000000, 0x0000000081f00000| Complete 
|  32|0x0000000082000000, 0x0000000082100000, 0x0000000082100000|100%|HC|  |TAMS 0x0000000082100000, 0x0000000082000000| Complete 
|  33|0x0000000082100000, 0x0000000082200000, 0x0000000082200000|100%| O|  |TAMS 0x0000000082200000, 0x0000000082100000| Untracked 
|  34|0x0000000082200000, 0x0000000082300000, 0x0000000082300000|100%| O|  |TAMS 0x0000000082300000, 0x0000000082200000| Untracked 
|  35|0x0000000082300000, 0x0000000082400000, 0x0000000082400000|100%| O|  |TAMS 0x0000000082400000, 0x0000000082300000| Untracked 
|  36|0x0000000082400000, 0x0000000082500000, 0x0000000082500000|100%| O|  |TAMS 0x0000000082500000, 0x0000000082400000| Untracked 
|  37|0x0000000082500000, 0x0000000082600000, 0x0000000082600000|100%| O|  |TAMS 0x0000000082600000, 0x0000000082500000| Untracked 
|  38|0x0000000082600000, 0x0000000082700000, 0x0000000082700000|100%| O|  |TAMS 0x0000000082700000, 0x0000000082600000| Untracked 
|  39|0x0000000082700000, 0x0000000082800000, 0x0000000082800000|100%| O|  |TAMS 0x0000000082800000, 0x0000000082700000| Untracked 
|  40|0x0000000082800000, 0x0000000082900000, 0x0000000082900000|100%| O|  |TAMS 0x0000000082900000, 0x0000000082800000| Untracked 
|  41|0x0000000082900000, 0x0000000082a00000, 0x0000000082a00000|100%| O|  |TAMS 0x0000000082a00000, 0x0000000082900000| Untracked 
|  42|0x0000000082a00000, 0x0000000082b00000, 0x0000000082b00000|100%| O|  |TAMS 0x0000000082b00000, 0x0000000082a00000| Untracked 
|  43|0x0000000082b00000, 0x0000000082c00000, 0x0000000082c00000|100%| O|  |TAMS 0x0000000082c00000, 0x0000000082b00000| Untracked 
|  44|0x0000000082c00000, 0x0000000082d00000, 0x0000000082d00000|100%|HS|  |TAMS 0x0000000082d00000, 0x0000000082c00000| Complete 
|  45|0x0000000082d00000, 0x0000000082e00000, 0x0000000082e00000|100%|HC|  |TAMS 0x0000000082e00000, 0x0000000082d00000| Complete 
|  46|0x0000000082e00000, 0x0000000082f00000, 0x0000000082f00000|100%|HC|  |TAMS 0x0000000082f00000, 0x0000000082e00000| Complete 
|  47|0x0000000082f00000, 0x0000000083000000, 0x0000000083000000|100%|HC|  |TAMS 0x0000000083000000, 0x0000000082f00000| Complete 
|  48|0x0000000083000000, 0x0000000083100000, 0x0000000083100000|100%|HS|  |TAMS 0x0000000083100000, 0x0000000083000000| Complete 
|  49|0x0000000083100000, 0x0000000083200000, 0x0000000083200000|100%|HC|  |TAMS 0x0000000083200000, 0x0000000083100000| Complete 
|  50|0x0000000083200000, 0x0000000083300000, 0x0000000083300000|100%|HC|  |TAMS 0x0000000083300000, 0x0000000083200000| Complete 
|  51|0x0000000083300000, 0x0000000083400000, 0x0000000083400000|100%|HS|  |TAMS 0x0000000083400000, 0x0000000083300000| Complete 
|  52|0x0000000083400000, 0x0000000083500000, 0x0000000083500000|100%|HC|  |TAMS 0x0000000083500000, 0x0000000083400000| Complete 
|  53|0x0000000083500000, 0x0000000083600000, 0x0000000083600000|100%| O|  |TAMS 0x0000000083600000, 0x0000000083500000| Untracked 
|  54|0x0000000083600000, 0x0000000083700000, 0x0000000083700000|100%| O|  |TAMS 0x0000000083700000, 0x0000000083600000| Untracked 
|  55|0x0000000083700000, 0x0000000083800000, 0x0000000083800000|100%|HS|  |TAMS 0x0000000083800000, 0x0000000083700000| Complete 
|  56|0x0000000083800000, 0x0000000083900000, 0x0000000083900000|100%|HC|  |TAMS 0x0000000083900000, 0x0000000083800000| Complete 
|  57|0x0000000083900000, 0x0000000083a00000, 0x0000000083a00000|100%|HC|  |TAMS 0x0000000083a00000, 0x0000000083900000| Complete 
|  58|0x0000000083a00000, 0x0000000083b00000, 0x0000000083b00000|100%| O|  |TAMS 0x0000000083b00000, 0x0000000083a00000| Untracked 
|  59|0x0000000083b00000, 0x0000000083c00000, 0x0000000083c00000|100%| O|  |TAMS 0x0000000083c00000, 0x0000000083b00000| Untracked 
|  60|0x0000000083c00000, 0x0000000083d00000, 0x0000000083d00000|100%| O|  |TAMS 0x0000000083d00000, 0x0000000083c00000| Untracked 
|  61|0x0000000083d00000, 0x0000000083e00000, 0x0000000083e00000|100%| O|  |TAMS 0x0000000083e00000, 0x0000000083d00000| Untracked 
|  62|0x0000000083e00000, 0x0000000083f00000, 0x0000000083f00000|100%| O|  |TAMS 0x0000000083f00000, 0x0000000083e00000| Untracked 
|  63|0x0000000083f00000, 0x0000000084000000, 0x0000000084000000|100%| O|  |TAMS 0x0000000084000000, 0x0000000083f00000| Untracked 
|  64|0x0000000084000000, 0x0000000084100000, 0x0000000084100000|100%|HS|  |TAMS 0x0000000084100000, 0x0000000084000000| Complete 
|  65|0x0000000084100000, 0x0000000084200000, 0x0000000084200000|100%|HC|  |TAMS 0x0000000084200000, 0x0000000084100000| Complete 
|  66|0x0000000084200000, 0x0000000084300000, 0x0000000084300000|100%|HC|  |TAMS 0x0000000084300000, 0x0000000084200000| Complete 
|  67|0x0000000084300000, 0x0000000084400000, 0x0000000084400000|100%|HC|  |TAMS 0x0000000084400000, 0x0000000084300000| Complete 
|  68|0x0000000084400000, 0x0000000084500000, 0x0000000084500000|100%|HC|  |TAMS 0x0000000084500000, 0x0000000084400000| Complete 
|  69|0x0000000084500000, 0x0000000084600000, 0x0000000084600000|100%| O|  |TAMS 0x0000000084600000, 0x0000000084500000| Untracked 
|  70|0x0000000084600000, 0x0000000084700000, 0x0000000084700000|100%| O|  |TAMS 0x0000000084700000, 0x0000000084600000| Untracked 
|  71|0x0000000084700000, 0x0000000084800000, 0x0000000084800000|100%| O|  |TAMS 0x0000000084800000, 0x0000000084700000| Untracked 
|  72|0x0000000084800000, 0x0000000084900000, 0x0000000084900000|100%| O|  |TAMS 0x0000000084900000, 0x0000000084800000| Untracked 
|  73|0x0000000084900000, 0x0000000084a00000, 0x0000000084a00000|100%| O|  |TAMS 0x0000000084a00000, 0x0000000084900000| Untracked 
|  74|0x0000000084a00000, 0x0000000084b00000, 0x0000000084b00000|100%| O|  |TAMS 0x0000000084b00000, 0x0000000084a00000| Untracked 
|  75|0x0000000084b00000, 0x0000000084c00000, 0x0000000084c00000|100%|HS|  |TAMS 0x0000000084c00000, 0x0000000084b00000| Complete 
|  76|0x0000000084c00000, 0x0000000084d00000, 0x0000000084d00000|100%|HS|  |TAMS 0x0000000084d00000, 0x0000000084c00000| Complete 
|  77|0x0000000084d00000, 0x0000000084e00000, 0x0000000084e00000|100%| O|  |TAMS 0x0000000084e00000, 0x0000000084d00000| Untracked 
|  78|0x0000000084e00000, 0x0000000084f00000, 0x0000000084f00000|100%|HS|  |TAMS 0x0000000084f00000, 0x0000000084e00000| Complete 
|  79|0x0000000084f00000, 0x0000000085000000, 0x0000000085000000|100%|HC|  |TAMS 0x0000000085000000, 0x0000000084f00000| Complete 
|  80|0x0000000085000000, 0x0000000085100000, 0x0000000085100000|100%| O|  |TAMS 0x0000000085100000, 0x0000000085000000| Untracked 
|  81|0x0000000085100000, 0x0000000085200000, 0x0000000085200000|100%| O|  |TAMS 0x0000000085200000, 0x0000000085100000| Untracked 
|  82|0x0000000085200000, 0x0000000085300000, 0x0000000085300000|100%| O|  |TAMS 0x0000000085300000, 0x0000000085200000| Untracked 
|  83|0x0000000085300000, 0x0000000085400000, 0x0000000085400000|100%| O|  |TAMS 0x0000000085400000, 0x0000000085300000| Untracked 
|  84|0x0000000085400000, 0x0000000085500000, 0x0000000085500000|100%| O|  |TAMS 0x0000000085500000, 0x0000000085400000| Untracked 
|  85|0x0000000085500000, 0x0000000085600000, 0x0000000085600000|100%| O|  |TAMS 0x0000000085600000, 0x0000000085500000| Untracked 
|  86|0x0000000085600000, 0x0000000085700000, 0x0000000085700000|100%| O|  |TAMS 0x0000000085700000, 0x0000000085600000| Untracked 
|  87|0x0000000085700000, 0x0000000085800000, 0x0000000085800000|100%| O|  |TAMS 0x0000000085800000, 0x0000000085700000| Untracked 
|  88|0x0000000085800000, 0x0000000085900000, 0x0000000085900000|100%| O|  |TAMS 0x0000000085900000, 0x0000000085800000| Untracked 
|  89|0x0000000085900000, 0x0000000085a00000, 0x0000000085a00000|100%| O|  |TAMS 0x0000000085a00000, 0x0000000085900000| Untracked 
|  90|0x0000000085a00000, 0x0000000085b00000, 0x0000000085b00000|100%| O|  |TAMS 0x0000000085b00000, 0x0000000085a00000| Untracked 
|  91|0x0000000085b00000, 0x0000000085c00000, 0x0000000085c00000|100%| O|  |TAMS 0x0000000085c00000, 0x0000000085b00000| Untracked 
|  92|0x0000000085c00000, 0x0000000085d00000, 0x0000000085d00000|100%| O|  |TAMS 0x0000000085d00000, 0x0000000085c00000| Untracked 
|  93|0x0000000085d00000, 0x0000000085e00000, 0x0000000085e00000|100%| O|  |TAMS 0x0000000085e00000, 0x0000000085d00000| Untracked 
|  94|0x0000000085e00000, 0x0000000085f00000, 0x0000000085f00000|100%| O|  |TAMS 0x0000000085f00000, 0x0000000085e00000| Untracked 
|  95|0x0000000085f00000, 0x0000000086000000, 0x0000000086000000|100%| O|  |TAMS 0x0000000086000000, 0x0000000085f00000| Untracked 
|  96|0x0000000086000000, 0x0000000086100000, 0x0000000086100000|100%| O|  |TAMS 0x0000000086100000, 0x0000000086000000| Untracked 
|  97|0x0000000086100000, 0x0000000086200000, 0x0000000086200000|100%| O|  |TAMS 0x0000000086200000, 0x0000000086100000| Untracked 
|  98|0x0000000086200000, 0x0000000086300000, 0x0000000086300000|100%| O|  |TAMS 0x0000000086300000, 0x0000000086200000| Untracked 
|  99|0x0000000086300000, 0x0000000086400000, 0x0000000086400000|100%| O|  |TAMS 0x0000000086400000, 0x0000000086300000| Untracked 
| 100|0x0000000086400000, 0x0000000086500000, 0x0000000086500000|100%| O|  |TAMS 0x0000000086500000, 0x0000000086400000| Untracked 
| 101|0x0000000086500000, 0x0000000086600000, 0x0000000086600000|100%| O|  |TAMS 0x0000000086600000, 0x0000000086500000| Untracked 
| 102|0x0000000086600000, 0x0000000086700000, 0x0000000086700000|100%| O|  |TAMS 0x0000000086700000, 0x0000000086600000| Untracked 
| 103|0x0000000086700000, 0x0000000086800000, 0x0000000086800000|100%| O|  |TAMS 0x0000000086800000, 0x0000000086700000| Untracked 
| 104|0x0000000086800000, 0x0000000086900000, 0x0000000086900000|100%|HS|  |TAMS 0x0000000086900000, 0x0000000086800000| Complete 
| 105|0x0000000086900000, 0x0000000086a00000, 0x0000000086a00000|100%|HS|  |TAMS 0x0000000086a00000, 0x0000000086900000| Complete 
| 106|0x0000000086a00000, 0x0000000086b00000, 0x0000000086b00000|100%|HC|  |TAMS 0x0000000086b00000, 0x0000000086a00000| Complete 
| 107|0x0000000086b00000, 0x0000000086c00000, 0x0000000086c00000|100%|HC|  |TAMS 0x0000000086c00000, 0x0000000086b00000| Complete 
| 108|0x0000000086c00000, 0x0000000086d00000, 0x0000000086d00000|100%|HC|  |TAMS 0x0000000086d00000, 0x0000000086c00000| Complete 
| 109|0x0000000086d00000, 0x0000000086e00000, 0x0000000086e00000|100%| O|  |TAMS 0x0000000086e00000, 0x0000000086d00000| Untracked 
| 110|0x0000000086e00000, 0x0000000086f00000, 0x0000000086f00000|100%| O|  |TAMS 0x0000000086f00000, 0x0000000086e00000| Untracked 
| 111|0x0000000086f00000, 0x0000000087000000, 0x0000000087000000|100%| O|  |TAMS 0x0000000087000000, 0x0000000086f00000| Untracked 
| 112|0x0000000087000000, 0x0000000087100000, 0x0000000087100000|100%| O|  |TAMS 0x0000000087100000, 0x0000000087000000| Untracked 
| 113|0x0000000087100000, 0x0000000087200000, 0x0000000087200000|100%| O|  |TAMS 0x0000000087200000, 0x0000000087100000| Untracked 
| 114|0x0000000087200000, 0x0000000087300000, 0x0000000087300000|100%| O|  |TAMS 0x0000000087300000, 0x0000000087200000| Untracked 
| 115|0x0000000087300000, 0x0000000087400000, 0x0000000087400000|100%| O|  |TAMS 0x0000000087400000, 0x0000000087300000| Untracked 
| 116|0x0000000087400000, 0x0000000087500000, 0x0000000087500000|100%| O|  |TAMS 0x0000000087500000, 0x0000000087400000| Untracked 
| 117|0x0000000087500000, 0x0000000087600000, 0x0000000087600000|100%| O|  |TAMS 0x0000000087600000, 0x0000000087500000| Untracked 
| 118|0x0000000087600000, 0x0000000087700000, 0x0000000087700000|100%| O|  |TAMS 0x0000000087700000, 0x0000000087600000| Untracked 
| 119|0x0000000087700000, 0x0000000087800000, 0x0000000087800000|100%| O|  |TAMS 0x0000000087800000, 0x0000000087700000| Untracked 
| 120|0x0000000087800000, 0x0000000087900000, 0x0000000087900000|100%| O|  |TAMS 0x0000000087900000, 0x0000000087800000| Untracked 
| 121|0x0000000087900000, 0x0000000087a00000, 0x0000000087a00000|100%| O|  |TAMS 0x0000000087a00000, 0x0000000087900000| Untracked 
| 122|0x0000000087a00000, 0x0000000087b00000, 0x0000000087b00000|100%| O|  |TAMS 0x0000000087b00000, 0x0000000087a00000| Untracked 
| 123|0x0000000087b00000, 0x0000000087c00000, 0x0000000087c00000|100%| O|  |TAMS 0x0000000087c00000, 0x0000000087b00000| Untracked 
| 124|0x0000000087c00000, 0x0000000087d00000, 0x0000000087d00000|100%| O|  |TAMS 0x0000000087d00000, 0x0000000087c00000| Untracked 
| 125|0x0000000087d00000, 0x0000000087e00000, 0x0000000087e00000|100%| O|  |TAMS 0x0000000087e00000, 0x0000000087d00000| Untracked 
| 126|0x0000000087e00000, 0x0000000087f00000, 0x0000000087f00000|100%| O|  |TAMS 0x0000000087f00000, 0x0000000087e00000| Untracked 
| 127|0x0000000087f00000, 0x0000000088000000, 0x0000000088000000|100%| O|  |TAMS 0x0000000088000000, 0x0000000087f00000| Untracked 
| 128|0x0000000088000000, 0x0000000088100000, 0x0000000088100000|100%| O|  |TAMS 0x0000000088100000, 0x0000000088000000| Untracked 
| 129|0x0000000088100000, 0x0000000088200000, 0x0000000088200000|100%| O|  |TAMS 0x0000000088200000, 0x0000000088100000| Untracked 
| 130|0x0000000088200000, 0x0000000088300000, 0x0000000088300000|100%| O|  |TAMS 0x0000000088300000, 0x0000000088200000| Untracked 
| 131|0x0000000088300000, 0x0000000088400000, 0x0000000088400000|100%| O|  |TAMS 0x0000000088400000, 0x0000000088300000| Untracked 
| 132|0x0000000088400000, 0x0000000088500000, 0x0000000088500000|100%| O|  |TAMS 0x0000000088500000, 0x0000000088400000| Untracked 
| 133|0x0000000088500000, 0x0000000088600000, 0x0000000088600000|100%| O|  |TAMS 0x0000000088600000, 0x0000000088500000| Untracked 
| 134|0x0000000088600000, 0x0000000088700000, 0x0000000088700000|100%| O|  |TAMS 0x000000008866ca00, 0x0000000088600000| Untracked 
| 135|0x0000000088700000, 0x0000000088800000, 0x0000000088800000|100%| O|  |TAMS 0x0000000088700000, 0x0000000088700000| Untracked 
| 136|0x0000000088800000, 0x0000000088900000, 0x0000000088900000|100%| O|  |TAMS 0x0000000088800000, 0x0000000088800000| Untracked 
| 137|0x0000000088900000, 0x0000000088a00000, 0x0000000088a00000|100%| O|  |TAMS 0x0000000088900000, 0x0000000088900000| Untracked 
| 138|0x0000000088a00000, 0x0000000088b00000, 0x0000000088b00000|100%| O|  |TAMS 0x0000000088a00000, 0x0000000088a00000| Untracked 
| 139|0x0000000088b00000, 0x0000000088c00000, 0x0000000088c00000|100%| O|  |TAMS 0x0000000088b00000, 0x0000000088b00000| Untracked 
| 140|0x0000000088c00000, 0x0000000088c00000, 0x0000000088d00000|  0%| F|  |TAMS 0x0000000088c00000, 0x0000000088c00000| Untracked 
| 141|0x0000000088d00000, 0x0000000088d00000, 0x0000000088e00000|  0%| F|  |TAMS 0x0000000088d00000, 0x0000000088d00000| Untracked 
| 142|0x0000000088e00000, 0x0000000088e00000, 0x0000000088f00000|  0%| F|  |TAMS 0x0000000088e00000, 0x0000000088e00000| Untracked 
| 143|0x0000000088f00000, 0x0000000088f00000, 0x0000000089000000|  0%| F|  |TAMS 0x0000000088f00000, 0x0000000088f00000| Untracked 
| 144|0x0000000089000000, 0x0000000089000000, 0x0000000089100000|  0%| F|  |TAMS 0x0000000089000000, 0x0000000089000000| Untracked 
| 145|0x0000000089100000, 0x0000000089100000, 0x0000000089200000|  0%| F|  |TAMS 0x0000000089100000, 0x0000000089100000| Untracked 
| 146|0x0000000089200000, 0x0000000089200000, 0x0000000089300000|  0%| F|  |TAMS 0x0000000089200000, 0x0000000089200000| Untracked 
| 147|0x0000000089300000, 0x0000000089300000, 0x0000000089400000|  0%| F|  |TAMS 0x0000000089300000, 0x0000000089300000| Untracked 
| 148|0x0000000089400000, 0x0000000089400000, 0x0000000089500000|  0%| F|  |TAMS 0x0000000089400000, 0x0000000089400000| Untracked 
| 149|0x0000000089500000, 0x0000000089500000, 0x0000000089600000|  0%| F|  |TAMS 0x0000000089500000, 0x0000000089500000| Untracked 
| 150|0x0000000089600000, 0x0000000089600000, 0x0000000089700000|  0%| F|  |TAMS 0x0000000089600000, 0x0000000089600000| Untracked 
| 151|0x0000000089700000, 0x0000000089700000, 0x0000000089800000|  0%| F|  |TAMS 0x0000000089700000, 0x0000000089700000| Untracked 
| 152|0x0000000089800000, 0x0000000089800000, 0x0000000089900000|  0%| F|  |TAMS 0x0000000089800000, 0x0000000089800000| Untracked 
| 153|0x0000000089900000, 0x0000000089900000, 0x0000000089a00000|  0%| F|  |TAMS 0x0000000089900000, 0x0000000089900000| Untracked 
| 154|0x0000000089a00000, 0x0000000089a00000, 0x0000000089b00000|  0%| F|  |TAMS 0x0000000089a00000, 0x0000000089a00000| Untracked 
| 155|0x0000000089b00000, 0x0000000089b00000, 0x0000000089c00000|  0%| F|  |TAMS 0x0000000089b00000, 0x0000000089b00000| Untracked 
| 156|0x0000000089c00000, 0x0000000089c00000, 0x0000000089d00000|  0%| F|  |TAMS 0x0000000089c00000, 0x0000000089c00000| Untracked 
| 157|0x0000000089d00000, 0x0000000089d00000, 0x0000000089e00000|  0%| F|  |TAMS 0x0000000089d00000, 0x0000000089d00000| Untracked 
| 158|0x0000000089e00000, 0x0000000089e00000, 0x0000000089f00000|  0%| F|  |TAMS 0x0000000089e00000, 0x0000000089e00000| Untracked 
| 159|0x0000000089f00000, 0x0000000089f00000, 0x000000008a000000|  0%| F|  |TAMS 0x0000000089f00000, 0x0000000089f00000| Untracked 
| 160|0x000000008a000000, 0x000000008a000000, 0x000000008a100000|  0%| F|  |TAMS 0x000000008a000000, 0x000000008a000000| Untracked 
| 161|0x000000008a100000, 0x000000008a100000, 0x000000008a200000|  0%| F|  |TAMS 0x000000008a100000, 0x000000008a100000| Untracked 
| 162|0x000000008a200000, 0x000000008a200000, 0x000000008a300000|  0%| F|  |TAMS 0x000000008a200000, 0x000000008a200000| Untracked 
| 163|0x000000008a300000, 0x000000008a300000, 0x000000008a400000|  0%| F|  |TAMS 0x000000008a300000, 0x000000008a300000| Untracked 
| 164|0x000000008a400000, 0x000000008a400000, 0x000000008a500000|  0%| F|  |TAMS 0x000000008a400000, 0x000000008a400000| Untracked 
| 165|0x000000008a500000, 0x000000008a500000, 0x000000008a600000|  0%| F|  |TAMS 0x000000008a500000, 0x000000008a500000| Untracked 
| 166|0x000000008a600000, 0x000000008a600000, 0x000000008a700000|  0%| F|  |TAMS 0x000000008a600000, 0x000000008a600000| Untracked 
| 167|0x000000008a700000, 0x000000008a700000, 0x000000008a800000|  0%| F|  |TAMS 0x000000008a700000, 0x000000008a700000| Untracked 
| 168|0x000000008a800000, 0x000000008a800000, 0x000000008a900000|  0%| F|  |TAMS 0x000000008a800000, 0x000000008a800000| Untracked 
| 169|0x000000008a900000, 0x000000008a900000, 0x000000008aa00000|  0%| F|  |TAMS 0x000000008a900000, 0x000000008a900000| Untracked 
| 170|0x000000008aa00000, 0x000000008aa00000, 0x000000008ab00000|  0%| F|  |TAMS 0x000000008aa00000, 0x000000008aa00000| Untracked 
| 171|0x000000008ab00000, 0x000000008ab00000, 0x000000008ac00000|  0%| F|  |TAMS 0x000000008ab00000, 0x000000008ab00000| Untracked 
| 172|0x000000008ac00000, 0x000000008ac00000, 0x000000008ad00000|  0%| F|  |TAMS 0x000000008ac00000, 0x000000008ac00000| Untracked 
| 173|0x000000008ad00000, 0x000000008ad00000, 0x000000008ae00000|  0%| F|  |TAMS 0x000000008ad00000, 0x000000008ad00000| Untracked 
| 174|0x000000008ae00000, 0x000000008ae00000, 0x000000008af00000|  0%| F|  |TAMS 0x000000008ae00000, 0x000000008ae00000| Untracked 
| 175|0x000000008af00000, 0x000000008af00000, 0x000000008b000000|  0%| F|  |TAMS 0x000000008af00000, 0x000000008af00000| Untracked 
| 176|0x000000008b000000, 0x000000008b000000, 0x000000008b100000|  0%| F|  |TAMS 0x000000008b000000, 0x000000008b000000| Untracked 
| 177|0x000000008b100000, 0x000000008b100000, 0x000000008b200000|  0%| F|  |TAMS 0x000000008b100000, 0x000000008b100000| Untracked 
| 178|0x000000008b200000, 0x000000008b200000, 0x000000008b300000|  0%| F|  |TAMS 0x000000008b200000, 0x000000008b200000| Untracked 
| 179|0x000000008b300000, 0x000000008b300000, 0x000000008b400000|  0%| F|  |TAMS 0x000000008b300000, 0x000000008b300000| Untracked 
| 180|0x000000008b400000, 0x000000008b400000, 0x000000008b500000|  0%| F|  |TAMS 0x000000008b400000, 0x000000008b400000| Untracked 
| 181|0x000000008b500000, 0x000000008b500000, 0x000000008b600000|  0%| F|  |TAMS 0x000000008b500000, 0x000000008b500000| Untracked 
| 182|0x000000008b600000, 0x000000008b600000, 0x000000008b700000|  0%| F|  |TAMS 0x000000008b600000, 0x000000008b600000| Untracked 
| 183|0x000000008b700000, 0x000000008b700000, 0x000000008b800000|  0%| F|  |TAMS 0x000000008b700000, 0x000000008b700000| Untracked 
| 184|0x000000008b800000, 0x000000008b800000, 0x000000008b900000|  0%| F|  |TAMS 0x000000008b800000, 0x000000008b800000| Untracked 
| 185|0x000000008b900000, 0x000000008b9a3a30, 0x000000008ba00000| 63%| S|CS|TAMS 0x000000008b900000, 0x000000008b900000| Complete 
| 186|0x000000008ba00000, 0x000000008ba00000, 0x000000008bb00000|  0%| F|  |TAMS 0x000000008ba00000, 0x000000008ba00000| Untracked 
| 187|0x000000008bb00000, 0x000000008bb00000, 0x000000008bc00000|  0%| F|  |TAMS 0x000000008bb00000, 0x000000008bb00000| Untracked 
| 188|0x000000008bc00000, 0x000000008bc00000, 0x000000008bd00000|  0%| F|  |TAMS 0x000000008bc00000, 0x000000008bc00000| Untracked 
| 189|0x000000008bd00000, 0x000000008bd00000, 0x000000008be00000|  0%| F|  |TAMS 0x000000008bd00000, 0x000000008bd00000| Untracked 
| 190|0x000000008be00000, 0x000000008be00000, 0x000000008bf00000|  0%| F|  |TAMS 0x000000008be00000, 0x000000008be00000| Untracked 
| 191|0x000000008bf00000, 0x000000008bf00000, 0x000000008c000000|  0%| F|  |TAMS 0x000000008bf00000, 0x000000008bf00000| Untracked 
| 192|0x000000008c000000, 0x000000008c100000, 0x000000008c100000|100%| S|CS|TAMS 0x000000008c000000, 0x000000008c000000| Complete 
| 193|0x000000008c100000, 0x000000008c200000, 0x000000008c200000|100%| S|CS|TAMS 0x000000008c100000, 0x000000008c100000| Complete 
| 194|0x000000008c200000, 0x000000008c300000, 0x000000008c300000|100%| S|CS|TAMS 0x000000008c200000, 0x000000008c200000| Complete 
| 195|0x000000008c300000, 0x000000008c300000, 0x000000008c400000|  0%| F|  |TAMS 0x000000008c300000, 0x000000008c300000| Untracked 
| 196|0x000000008c400000, 0x000000008c400000, 0x000000008c500000|  0%| F|  |TAMS 0x000000008c400000, 0x000000008c400000| Untracked 
| 197|0x000000008c500000, 0x000000008c500000, 0x000000008c600000|  0%| F|  |TAMS 0x000000008c500000, 0x000000008c500000| Untracked 
| 198|0x000000008c600000, 0x000000008c600000, 0x000000008c700000|  0%| F|  |TAMS 0x000000008c600000, 0x000000008c600000| Untracked 
| 199|0x000000008c700000, 0x000000008c700000, 0x000000008c800000|  0%| F|  |TAMS 0x000000008c700000, 0x000000008c700000| Untracked 
| 200|0x000000008c800000, 0x000000008c800000, 0x000000008c900000|  0%| F|  |TAMS 0x000000008c800000, 0x000000008c800000| Untracked 
| 201|0x000000008c900000, 0x000000008c900000, 0x000000008ca00000|  0%| F|  |TAMS 0x000000008c900000, 0x000000008c900000| Untracked 
| 202|0x000000008ca00000, 0x000000008ca00000, 0x000000008cb00000|  0%| F|  |TAMS 0x000000008ca00000, 0x000000008ca00000| Untracked 
| 203|0x000000008cb00000, 0x000000008cb00000, 0x000000008cc00000|  0%| F|  |TAMS 0x000000008cb00000, 0x000000008cb00000| Untracked 
| 204|0x000000008cc00000, 0x000000008cc00000, 0x000000008cd00000|  0%| F|  |TAMS 0x000000008cc00000, 0x000000008cc00000| Untracked 
| 205|0x000000008cd00000, 0x000000008cd00000, 0x000000008ce00000|  0%| F|  |TAMS 0x000000008cd00000, 0x000000008cd00000| Untracked 
| 206|0x000000008ce00000, 0x000000008ce00000, 0x000000008cf00000|  0%| F|  |TAMS 0x000000008ce00000, 0x000000008ce00000| Untracked 
| 207|0x000000008cf00000, 0x000000008cf00000, 0x000000008d000000|  0%| F|  |TAMS 0x000000008cf00000, 0x000000008cf00000| Untracked 
| 208|0x000000008d000000, 0x000000008d000000, 0x000000008d100000|  0%| F|  |TAMS 0x000000008d000000, 0x000000008d000000| Untracked 
| 209|0x000000008d100000, 0x000000008d100000, 0x000000008d200000|  0%| F|  |TAMS 0x000000008d100000, 0x000000008d100000| Untracked 
| 210|0x000000008d200000, 0x000000008d200000, 0x000000008d300000|  0%| F|  |TAMS 0x000000008d200000, 0x000000008d200000| Untracked 
| 211|0x000000008d300000, 0x000000008d300000, 0x000000008d400000|  0%| F|  |TAMS 0x000000008d300000, 0x000000008d300000| Untracked 
| 212|0x000000008d400000, 0x000000008d400000, 0x000000008d500000|  0%| F|  |TAMS 0x000000008d400000, 0x000000008d400000| Untracked 
| 213|0x000000008d500000, 0x000000008d500000, 0x000000008d600000|  0%| F|  |TAMS 0x000000008d500000, 0x000000008d500000| Untracked 
| 214|0x000000008d600000, 0x000000008d600000, 0x000000008d700000|  0%| F|  |TAMS 0x000000008d600000, 0x000000008d600000| Untracked 
| 215|0x000000008d700000, 0x000000008d700000, 0x000000008d800000|  0%| F|  |TAMS 0x000000008d700000, 0x000000008d700000| Untracked 
| 216|0x000000008d800000, 0x000000008d800000, 0x000000008d900000|  0%| F|  |TAMS 0x000000008d800000, 0x000000008d800000| Untracked 
| 217|0x000000008d900000, 0x000000008d900000, 0x000000008da00000|  0%| F|  |TAMS 0x000000008d900000, 0x000000008d900000| Untracked 
| 218|0x000000008da00000, 0x000000008da00000, 0x000000008db00000|  0%| F|  |TAMS 0x000000008da00000, 0x000000008da00000| Untracked 
| 219|0x000000008db00000, 0x000000008db00000, 0x000000008dc00000|  0%| F|  |TAMS 0x000000008db00000, 0x000000008db00000| Untracked 
| 220|0x000000008dc00000, 0x000000008dc00000, 0x000000008dd00000|  0%| F|  |TAMS 0x000000008dc00000, 0x000000008dc00000| Untracked 
| 221|0x000000008dd00000, 0x000000008dd00000, 0x000000008de00000|  0%| F|  |TAMS 0x000000008dd00000, 0x000000008dd00000| Untracked 
| 222|0x000000008de00000, 0x000000008de00000, 0x000000008df00000|  0%| F|  |TAMS 0x000000008de00000, 0x000000008de00000| Untracked 
| 223|0x000000008df00000, 0x000000008df00000, 0x000000008e000000|  0%| F|  |TAMS 0x000000008df00000, 0x000000008df00000| Untracked 
| 224|0x000000008e000000, 0x000000008e000000, 0x000000008e100000|  0%| F|  |TAMS 0x000000008e000000, 0x000000008e000000| Untracked 
| 225|0x000000008e100000, 0x000000008e100000, 0x000000008e200000|  0%| F|  |TAMS 0x000000008e100000, 0x000000008e100000| Untracked 
| 226|0x000000008e200000, 0x000000008e200000, 0x000000008e300000|  0%| F|  |TAMS 0x000000008e200000, 0x000000008e200000| Untracked 
| 227|0x000000008e300000, 0x000000008e300000, 0x000000008e400000|  0%| F|  |TAMS 0x000000008e300000, 0x000000008e300000| Untracked 
| 228|0x000000008e400000, 0x000000008e400000, 0x000000008e500000|  0%| F|  |TAMS 0x000000008e400000, 0x000000008e400000| Untracked 
| 229|0x000000008e500000, 0x000000008e500000, 0x000000008e600000|  0%| F|  |TAMS 0x000000008e500000, 0x000000008e500000| Untracked 
| 230|0x000000008e600000, 0x000000008e600000, 0x000000008e700000|  0%| F|  |TAMS 0x000000008e600000, 0x000000008e600000| Untracked 
| 231|0x000000008e700000, 0x000000008e700000, 0x000000008e800000|  0%| F|  |TAMS 0x000000008e700000, 0x000000008e700000| Untracked 
| 232|0x000000008e800000, 0x000000008e800000, 0x000000008e900000|  0%| F|  |TAMS 0x000000008e800000, 0x000000008e800000| Untracked 
| 233|0x000000008e900000, 0x000000008e900000, 0x000000008ea00000|  0%| F|  |TAMS 0x000000008e900000, 0x000000008e900000| Untracked 
| 234|0x000000008ea00000, 0x000000008ea00000, 0x000000008eb00000|  0%| F|  |TAMS 0x000000008ea00000, 0x000000008ea00000| Untracked 
| 235|0x000000008eb00000, 0x000000008eb00000, 0x000000008ec00000|  0%| F|  |TAMS 0x000000008eb00000, 0x000000008eb00000| Untracked 
| 236|0x000000008ec00000, 0x000000008ec00000, 0x000000008ed00000|  0%| F|  |TAMS 0x000000008ec00000, 0x000000008ec00000| Untracked 
| 237|0x000000008ed00000, 0x000000008ed00000, 0x000000008ee00000|  0%| F|  |TAMS 0x000000008ed00000, 0x000000008ed00000| Untracked 
| 238|0x000000008ee00000, 0x000000008ee00000, 0x000000008ef00000|  0%| F|  |TAMS 0x000000008ee00000, 0x000000008ee00000| Untracked 
| 239|0x000000008ef00000, 0x000000008ef00000, 0x000000008f000000|  0%| F|  |TAMS 0x000000008ef00000, 0x000000008ef00000| Untracked 
| 240|0x000000008f000000, 0x000000008f000000, 0x000000008f100000|  0%| F|  |TAMS 0x000000008f000000, 0x000000008f000000| Untracked 
| 241|0x000000008f100000, 0x000000008f100000, 0x000000008f200000|  0%| F|  |TAMS 0x000000008f100000, 0x000000008f100000| Untracked 
| 242|0x000000008f200000, 0x000000008f200000, 0x000000008f300000|  0%| F|  |TAMS 0x000000008f200000, 0x000000008f200000| Untracked 
| 243|0x000000008f300000, 0x000000008f300000, 0x000000008f400000|  0%| F|  |TAMS 0x000000008f300000, 0x000000008f300000| Untracked 
| 244|0x000000008f400000, 0x000000008f400000, 0x000000008f500000|  0%| F|  |TAMS 0x000000008f400000, 0x000000008f400000| Untracked 
| 245|0x000000008f500000, 0x000000008f500000, 0x000000008f600000|  0%| F|  |TAMS 0x000000008f500000, 0x000000008f500000| Untracked 
| 246|0x000000008f600000, 0x000000008f600000, 0x000000008f700000|  0%| F|  |TAMS 0x000000008f600000, 0x000000008f600000| Untracked 
| 247|0x000000008f700000, 0x000000008f700000, 0x000000008f800000|  0%| F|  |TAMS 0x000000008f700000, 0x000000008f700000| Untracked 
| 248|0x000000008f800000, 0x000000008f800000, 0x000000008f900000|  0%| F|  |TAMS 0x000000008f800000, 0x000000008f800000| Untracked 
| 249|0x000000008f900000, 0x000000008f900000, 0x000000008fa00000|  0%| F|  |TAMS 0x000000008f900000, 0x000000008f900000| Untracked 
| 250|0x000000008fa00000, 0x000000008fa00000, 0x000000008fb00000|  0%| F|  |TAMS 0x000000008fa00000, 0x000000008fa00000| Untracked 
| 251|0x000000008fb00000, 0x000000008fb00000, 0x000000008fc00000|  0%| F|  |TAMS 0x000000008fb00000, 0x000000008fb00000| Untracked 
| 252|0x000000008fc00000, 0x000000008fc00000, 0x000000008fd00000|  0%| F|  |TAMS 0x000000008fc00000, 0x000000008fc00000| Untracked 
| 253|0x000000008fd00000, 0x000000008fd00000, 0x000000008fe00000|  0%| F|  |TAMS 0x000000008fd00000, 0x000000008fd00000| Untracked 
| 254|0x000000008fe00000, 0x000000008fe00000, 0x000000008ff00000|  0%| F|  |TAMS 0x000000008fe00000, 0x000000008fe00000| Untracked 
| 255|0x000000008ff00000, 0x000000008ff00000, 0x0000000090000000|  0%| F|  |TAMS 0x000000008ff00000, 0x000000008ff00000| Untracked 
| 256|0x0000000090000000, 0x0000000090000000, 0x0000000090100000|  0%| F|  |TAMS 0x0000000090000000, 0x0000000090000000| Untracked 
| 257|0x0000000090100000, 0x0000000090100000, 0x0000000090200000|  0%| F|  |TAMS 0x0000000090100000, 0x0000000090100000| Untracked 
| 258|0x0000000090200000, 0x0000000090200000, 0x0000000090300000|  0%| F|  |TAMS 0x0000000090200000, 0x0000000090200000| Untracked 
| 259|0x0000000090300000, 0x0000000090300000, 0x0000000090400000|  0%| F|  |TAMS 0x0000000090300000, 0x0000000090300000| Untracked 
| 260|0x0000000090400000, 0x0000000090400000, 0x0000000090500000|  0%| F|  |TAMS 0x0000000090400000, 0x0000000090400000| Untracked 
| 261|0x0000000090500000, 0x0000000090500000, 0x0000000090600000|  0%| F|  |TAMS 0x0000000090500000, 0x0000000090500000| Untracked 
| 262|0x0000000090600000, 0x0000000090600000, 0x0000000090700000|  0%| F|  |TAMS 0x0000000090600000, 0x0000000090600000| Untracked 
| 263|0x0000000090700000, 0x0000000090700000, 0x0000000090800000|  0%| F|  |TAMS 0x0000000090700000, 0x0000000090700000| Untracked 
| 264|0x0000000090800000, 0x0000000090800000, 0x0000000090900000|  0%| F|  |TAMS 0x0000000090800000, 0x0000000090800000| Untracked 
| 265|0x0000000090900000, 0x0000000090900000, 0x0000000090a00000|  0%| F|  |TAMS 0x0000000090900000, 0x0000000090900000| Untracked 
| 266|0x0000000090a00000, 0x0000000090a00000, 0x0000000090b00000|  0%| F|  |TAMS 0x0000000090a00000, 0x0000000090a00000| Untracked 

Card table byte_map: [0x000002deb0250000,0x000002deb0650000] _byte_map_base: 0x000002deafe50000

Marking Bits (Prev, Next): (CMBitMap*) 0x000002de9cd1fcc8, (CMBitMap*) 0x000002de9cd1fd00
 Prev Bits: [0x000002deb0a50000, 0x000002deb2a50000)
 Next Bits: [0x000002deb2a50000, 0x000002deb4a50000)

Polling page: 0x000002de9cdc0000

Metaspace:

Usage:
  Non-class:     90.99 MB capacity,    89.37 MB ( 98%) used,     1.33 MB (  1%) free+waste,   299.06 KB ( <1%) overhead. 
      Class:     13.98 MB capacity,    13.00 MB ( 93%) used,   863.18 KB (  6%) free+waste,   133.81 KB ( <1%) overhead. 
       Both:    104.97 MB capacity,   102.37 MB ( 98%) used,     2.18 MB (  2%) free+waste,   432.88 KB ( <1%) overhead. 

Virtual space:
  Non-class space:       92.00 MB reserved,      91.17 MB (>99%) committed 
      Class space:        1.00 GB reserved,      14.02 MB (  1%) committed 
             Both:        1.09 GB reserved,     105.20 MB (  9%) committed 

Chunk freelists:
   Non-Class:  55.00 KB
       Class:  23.00 KB
        Both:  78.00 KB

MaxMetaspaceSize: 17179869184.00 GB
CompressedClassSpaceSize: 1.00 GB
Initial GC threshold: 20.80 MB
Current GC threshold: 170.95 MB
CDS: off

CodeHeap 'non-profiled nmethods': size=120064Kb used=6741Kb max_used=6741Kb free=113322Kb
 bounds [0x000002dea82e0000, 0x000002dea8980000, 0x000002deaf820000]
CodeHeap 'profiled nmethods': size=120000Kb used=26500Kb max_used=26500Kb free=93499Kb
 bounds [0x000002dea0db0000, 0x000002dea27a0000, 0x000002dea82e0000]
CodeHeap 'non-nmethods': size=5696Kb used=2440Kb max_used=2501Kb free=3255Kb
 bounds [0x000002dea0820000, 0x000002dea0aa0000, 0x000002dea0db0000]
 total_blobs=13190 nmethods=12218 adapters=884
 compilation: enabled
              stopped_count=0, restarted_count=0
 full_count=0

Compilation events (20 events):
Event: 27.843 Thread 0x000002deb70ba800 12289       3       java.util.concurrent.CopyOnWriteArrayList::indexOfRange (63 bytes)
Event: 27.843 Thread 0x000002deb70ba800 nmethod 12289 0x000002dea278d390 code [0x000002dea278d580, 0x000002dea278d9e8]
Event: 27.843 Thread 0x000002deb70ba800 12291       2       org.gradle.tooling.internal.provider.runner.ClientBuildEventGenerator::started (168 bytes)
Event: 27.844 Thread 0x000002deb70ba800 nmethod 12291 0x000002dea278dc10 code [0x000002dea278dee0, 0x000002dea278e5a8]
Event: 27.844 Thread 0x000002deb70ba800 12290       1       org.gradle.api.internal.provider.Collectors$ElementFromProvider::size (2 bytes)
Event: 27.844 Thread 0x000002deb70ba800 nmethod 12290 0x000002dea8972790 code [0x000002dea8972940, 0x000002dea89729f8]
Event: 27.846 Thread 0x000002deb70ba800 12292       1       org.gradle.api.internal.DefaultNamedDomainObjectCollection$AbstractDomainObjectCreatingProvider::wasElementRemovedBeforeRealized (5 bytes)
Event: 27.846 Thread 0x000002deb70ba800 nmethod 12292 0x000002dea8972a90 code [0x000002dea8972c40, 0x000002dea8972cf8]
Event: 27.847 Thread 0x000002deb70ba800 12293       3       org.gradle.api.internal.collections.DefaultPendingSource::removeByProvider (50 bytes)
Event: 27.848 Thread 0x000002deb70ba800 nmethod 12293 0x000002dea278e990 code [0x000002dea278ebe0, 0x000002dea278f608]
Event: 27.849 Thread 0x000002deb70ba800 12294       3       org.gradle.api.internal.tasks.DefaultTaskContainer_Decorated::getStore (40 bytes)
Event: 27.850 Thread 0x000002deb70ba800 nmethod 12294 0x000002dea278f810 code [0x000002dea278fa40, 0x000002dea2790168]
Event: 27.856 Thread 0x000002deb70ba800 12296   !   3       com.sun.proxy.$Proxy75::annotationType (29 bytes)
Event: 27.856 Thread 0x000002deb70ba800 nmethod 12296 0x000002dea2790390 code [0x000002dea2790580, 0x000002dea2790958]
Event: 27.857 Thread 0x000002deb70ba800 12297       3       org.gradle.model.internal.asm.MethodVisitorScope::_ICONST_0 (6 bytes)
Event: 27.858 Thread 0x000002deb70ba800 nmethod 12297 0x000002dea2790b10 code [0x000002dea2790ce0, 0x000002dea2790f48]
Event: 27.860 Thread 0x000002deb70b5800 nmethod 12262 0x000002dea8972d90 code [0x000002dea8972fe0, 0x000002dea8974948]
Event: 27.860 Thread 0x000002deb70b5800 12285       4       org.gradle.tooling.internal.provider.runner.ClientBuildEventGenerator$Disabled::accept (20 bytes)
Event: 27.863 Thread 0x000002deb70b5800 nmethod 12285 0x000002dea8975290 code [0x000002dea8975420, 0x000002dea8975578]
Event: 27.863 Thread 0x000002deb70b5800 12282       4       org.objectweb.asm.MethodWriter::putMethodInfo (1274 bytes)

GC Heap History (20 events):
Event: 14.612 GC heap after
{Heap after GC invocations=22 (full 0):
 garbage-first heap   total 189440K, used 102707K [0x0000000080000000, 0x0000000100000000)
  region size 1024K, 7 young (7168K), 7 survivors (7168K)
 Metaspace       used 69583K, capacity 71549K, committed 71752K, reserved 1112064K
  class space    used 8842K, capacity 9530K, committed 9624K, reserved 1048576K
}
Event: 15.421 GC heap before
{Heap before GC invocations=22 (full 0):
 garbage-first heap   total 189440K, used 153907K [0x0000000080000000, 0x0000000100000000)
  region size 1024K, 57 young (58368K), 7 survivors (7168K)
 Metaspace       used 73368K, capacity 75361K, committed 75720K, reserved 1114112K
  class space    used 9421K, capacity 10114K, committed 10264K, reserved 1048576K
}
Event: 15.444 GC heap after
{Heap after GC invocations=23 (full 0):
 garbage-first heap   total 189440K, used 105889K [0x0000000080000000, 0x0000000100000000)
  region size 1024K, 7 young (7168K), 7 survivors (7168K)
 Metaspace       used 73368K, capacity 75361K, committed 75720K, reserved 1114112K
  class space    used 9421K, capacity 10114K, committed 10264K, reserved 1048576K
}
Event: 16.309 GC heap before
{Heap before GC invocations=24 (full 0):
 garbage-first heap   total 189440K, used 156065K [0x0000000080000000, 0x0000000100000000)
  region size 1024K, 56 young (57344K), 7 survivors (7168K)
 Metaspace       used 76320K, capacity 78297K, committed 78536K, reserved 1118208K
  class space    used 9902K, capacity 10635K, committed 10776K, reserved 1048576K
}
Event: 16.333 GC heap after
{Heap after GC invocations=25 (full 0):
 garbage-first heap   total 227328K, used 109789K [0x0000000080000000, 0x0000000100000000)
  region size 1024K, 7 young (7168K), 7 survivors (7168K)
 Metaspace       used 76320K, capacity 78297K, committed 78536K, reserved 1118208K
  class space    used 9902K, capacity 10635K, committed 10776K, reserved 1048576K
}
Event: 16.959 GC heap before
{Heap before GC invocations=25 (full 0):
 garbage-first heap   total 227328K, used 136413K [0x0000000080000000, 0x0000000100000000)
  region size 1024K, 35 young (35840K), 7 survivors (7168K)
 Metaspace       used 78966K, capacity 80893K, committed 81224K, reserved 1120256K
  class space    used 10134K, capacity 10813K, committed 10904K, reserved 1048576K
}
Event: 16.978 GC heap after
{Heap after GC invocations=26 (full 0):
 garbage-first heap   total 227328K, used 114184K [0x0000000080000000, 0x0000000100000000)
  region size 1024K, 8 young (8192K), 8 survivors (8192K)
 Metaspace       used 78966K, capacity 80893K, committed 81224K, reserved 1120256K
  class space    used 10134K, capacity 10813K, committed 10904K, reserved 1048576K
}
Event: 17.997 GC heap before
{Heap before GC invocations=27 (full 0):
 garbage-first heap   total 227328K, used 176648K [0x0000000080000000, 0x0000000100000000)
  region size 1024K, 64 young (65536K), 8 survivors (8192K)
 Metaspace       used 81822K, capacity 84039K, committed 84296K, reserved 1122304K
  class space    used 10539K, capacity 11336K, committed 11416K, reserved 1048576K
}
Event: 18.019 GC heap after
{Heap after GC invocations=28 (full 0):
 garbage-first heap   total 227328K, used 123342K [0x0000000080000000, 0x0000000100000000)
  region size 1024K, 8 young (8192K), 8 survivors (8192K)
 Metaspace       used 81822K, capacity 84039K, committed 84296K, reserved 1122304K
  class space    used 10539K, capacity 11336K, committed 11416K, reserved 1048576K
}
Event: 18.183 GC heap before
{Heap before GC invocations=28 (full 0):
 garbage-first heap   total 227328K, used 150990K [0x0000000080000000, 0x0000000100000000)
  region size 1024K, 36 young (36864K), 8 survivors (8192K)
 Metaspace       used 82969K, capacity 85081K, committed 85448K, reserved 1124352K
  class space    used 10661K, capacity 11403K, committed 11544K, reserved 1048576K
}
Event: 18.196 GC heap after
{Heap after GC invocations=29 (full 0):
 garbage-first heap   total 227328K, used 124111K [0x0000000080000000, 0x0000000100000000)
  region size 1024K, 5 young (5120K), 5 survivors (5120K)
 Metaspace       used 82969K, capacity 85081K, committed 85448K, reserved 1124352K
  class space    used 10661K, capacity 11403K, committed 11544K, reserved 1048576K
}
Event: 19.354 GC heap before
{Heap before GC invocations=30 (full 0):
 garbage-first heap   total 227328K, used 178383K [0x0000000080000000, 0x0000000100000000)
  region size 1024K, 57 young (58368K), 5 survivors (5120K)
 Metaspace       used 90050K, capacity 92300K, committed 92488K, reserved 1130496K
  class space    used 11524K, capacity 12342K, committed 12440K, reserved 1048576K
}
Event: 19.369 GC heap after
{Heap after GC invocations=31 (full 0):
 garbage-first heap   total 273408K, used 125436K [0x0000000080000000, 0x0000000100000000)
  region size 1024K, 7 young (7168K), 7 survivors (7168K)
 Metaspace       used 90050K, capacity 92300K, committed 92488K, reserved 1130496K
  class space    used 11524K, capacity 12342K, committed 12440K, reserved 1048576K
}
Event: 20.825 GC heap before
{Heap before GC invocations=31 (full 0):
 garbage-first heap   total 273408K, used 199164K [0x0000000080000000, 0x0000000100000000)
  region size 1024K, 79 young (80896K), 7 survivors (7168K)
 Metaspace       used 97337K, capacity 99813K, committed 99912K, reserved 1136640K
  class space    used 12479K, capacity 13402K, committed 13464K, reserved 1048576K
}
Event: 20.849 GC heap after
{Heap after GC invocations=32 (full 0):
 garbage-first heap   total 273408K, used 130723K [0x0000000080000000, 0x0000000100000000)
  region size 1024K, 8 young (8192K), 8 survivors (8192K)
 Metaspace       used 97337K, capacity 99813K, committed 99912K, reserved 1136640K
  class space    used 12479K, capacity 13402K, committed 13464K, reserved 1048576K
}
Event: 24.430 GC heap before
{Heap before GC invocations=32 (full 0):
 garbage-first heap   total 273408K, used 208547K [0x0000000080000000, 0x0000000100000000)
  region size 1024K, 85 young (87040K), 8 survivors (8192K)
 Metaspace       used 101506K, capacity 104028K, committed 104264K, reserved 1140736K
  class space    used 12935K, capacity 13858K, committed 13976K, reserved 1048576K
}
Event: 24.459 GC heap after
{Heap after GC invocations=33 (full 0):
 garbage-first heap   total 273408K, used 137555K [0x0000000080000000, 0x0000000100000000)
  region size 1024K, 11 young (11264K), 11 survivors (11264K)
 Metaspace       used 101506K, capacity 104028K, committed 104264K, reserved 1140736K
  class space    used 12935K, capacity 13858K, committed 13976K, reserved 1048576K
}
Event: 26.507 GC heap before
{Heap before GC invocations=33 (full 0):
 garbage-first heap   total 273408K, used 213331K [0x0000000080000000, 0x0000000100000000)
  region size 1024K, 86 young (88064K), 11 survivors (11264K)
 Metaspace       used 102365K, capacity 104922K, committed 105032K, reserved 1140736K
  class space    used 12984K, capacity 13897K, committed 13976K, reserved 1048576K
}
Event: 26.539 GC heap after
{Heap after GC invocations=34 (full 0):
 garbage-first heap   total 273408K, used 143776K [0x0000000080000000, 0x0000000100000000)
  region size 1024K, 6 young (6144K), 6 survivors (6144K)
 Metaspace       used 102365K, capacity 104922K, committed 105032K, reserved 1140736K
  class space    used 12984K, capacity 13897K, committed 13976K, reserved 1048576K
}
Event: 27.871 GC heap before
{Heap before GC invocations=35 (full 0):
 garbage-first heap   total 273408K, used 217504K [0x0000000080000000, 0x0000000100000000)
  region size 1024K, 78 young (79872K), 6 survivors (6144K)
 Metaspace       used 104829K, capacity 107490K, committed 107720K, reserved 1142784K
  class space    used 13316K, capacity 14313K, committed 14360K, reserved 1048576K
}

Deoptimization events (20 events):
Event: 27.611 Thread 0x000002deb995a800 DEOPT PACKING pc=0x000002dea1304891 sp=0x000000eef53f9d90
Event: 27.611 Thread 0x000002deb995a800 DEOPT UNPACKING pc=0x000002dea086a95e sp=0x000000eef53f9268 mode 0
Event: 27.613 Thread 0x000002deb995a800 Uncommon trap: trap_request=0xffffff4d fr.pc=0x000002dea8399804 relative=0x00000000000005c4
Event: 27.613 Thread 0x000002deb995a800 Uncommon trap: reason=unstable_if action=reinterpret pc=0x000002dea8399804 method=java.lang.String.replace(CC)Ljava/lang/String; @ 2 c2
Event: 27.613 Thread 0x000002deb995a800 DEOPT PACKING pc=0x000002dea8399804 sp=0x000000eef53f9e90
Event: 27.613 Thread 0x000002deb995a800 DEOPT UNPACKING pc=0x000002dea086a1af sp=0x000000eef53f9e40 mode 2
Event: 27.638 Thread 0x000002deb995a800 Uncommon trap: trap_request=0xfffffff4 fr.pc=0x000002dea8909928 relative=0x0000000000000aa8
Event: 27.638 Thread 0x000002deb995a800 Uncommon trap: reason=null_check action=make_not_entrant pc=0x000002dea8909928 method=org.gradle.tooling.internal.provider.runner.ClientBuildEventGenerator$Enabled.accept(Lorg/gradle/internal/operations/BuildOperationDescriptor;)Lorg/gradle/tooling/intern
Event: 27.638 Thread 0x000002deb995a800 DEOPT PACKING pc=0x000002dea8909928 sp=0x000000eef53fa880
Event: 27.638 Thread 0x000002deb995a800 DEOPT UNPACKING pc=0x000002dea086a1af sp=0x000000eef53fa7b8 mode 2
Event: 27.737 Thread 0x000002deb995a800 DEOPT PACKING pc=0x000002dea1b1eca7 sp=0x000000eef53f7ce0
Event: 27.737 Thread 0x000002deb995a800 DEOPT UNPACKING pc=0x000002dea086a95e sp=0x000000eef53f7170 mode 0
Event: 27.747 Thread 0x000002deb995a800 Uncommon trap: trap_request=0xffffff4d fr.pc=0x000002dea870603c relative=0x000000000000035c
Event: 27.747 Thread 0x000002deb995a800 Uncommon trap: reason=unstable_if action=reinterpret pc=0x000002dea870603c method=org.gradle.internal.reflect.PropertyAccessorType.of(Ljava/lang/reflect/Method;)Lorg/gradle/internal/reflect/PropertyAccessorType; @ 68 c2
Event: 27.747 Thread 0x000002deb995a800 DEOPT PACKING pc=0x000002dea870603c sp=0x000000eef53f8a70
Event: 27.747 Thread 0x000002deb995a800 DEOPT UNPACKING pc=0x000002dea086a1af sp=0x000000eef53f8a30 mode 2
Event: 27.752 Thread 0x000002deb995a800 Uncommon trap: trap_request=0xffffff4d fr.pc=0x000002dea85e6ab0 relative=0x0000000000000110
Event: 27.752 Thread 0x000002deb995a800 Uncommon trap: reason=unstable_if action=reinterpret pc=0x000002dea85e6ab0 method=jdk.internal.org.objectweb.asm.ByteVector.putInt(I)Ljdk/internal/org/objectweb/asm/ByteVector; @ 13 c2
Event: 27.752 Thread 0x000002deb995a800 DEOPT PACKING pc=0x000002dea85e6ab0 sp=0x000000eef53f72f0
Event: 27.752 Thread 0x000002deb995a800 DEOPT UNPACKING pc=0x000002dea086a1af sp=0x000000eef53f7288 mode 2

Classes redefined (0 events):
No events

Internal exceptions (20 events):
Event: 27.537 Thread 0x000002deb995a800 Exception <a 'java/lang/ClassNotFoundException'{0x000000008daa8128}: java/util/LinkedHashSetBeanInfo> (0x000000008daa8128) thrown at [./src/hotspot/share/classfile/systemDictionary.cpp, line 231]
Event: 27.537 Thread 0x000002deb995a800 Exception <a 'java/lang/ClassNotFoundException'{0x000000008dab0c28}: java/util/HashSetBeanInfo> (0x000000008dab0c28) thrown at [./src/hotspot/share/classfile/systemDictionary.cpp, line 231]
Event: 27.538 Thread 0x000002deb995a800 Exception <a 'java/lang/ClassNotFoundException'{0x000000008dab9fc0}: java/util/AbstractSetBeanInfo> (0x000000008dab9fc0) thrown at [./src/hotspot/share/classfile/systemDictionary.cpp, line 231]
Event: 27.538 Thread 0x000002deb995a800 Exception <a 'java/lang/ClassNotFoundException'{0x000000008dac3410}: java/util/AbstractSetCustomizer> (0x000000008dac3410) thrown at [./src/hotspot/share/classfile/systemDictionary.cpp, line 231]
Event: 27.539 Thread 0x000002deb995a800 Exception <a 'java/lang/ClassNotFoundException'{0x000000008dad0900}: java/util/HashSetCustomizer> (0x000000008dad0900) thrown at [./src/hotspot/share/classfile/systemDictionary.cpp, line 231]
Event: 27.540 Thread 0x000002deb995a800 Exception <a 'java/lang/ClassNotFoundException'{0x000000008dae1e90}: java/util/LinkedHashSetCustomizer> (0x000000008dae1e90) thrown at [./src/hotspot/share/classfile/systemDictionary.cpp, line 231]
Event: 27.541 Thread 0x000002deb995a800 Exception <a 'java/lang/ClassNotFoundException'{0x000000008d90a438}: org/jetbrains/plugins/gradle/tooling/util/JavaPluginUtilBeanInfo> (0x000000008d90a438) thrown at [./src/hotspot/share/classfile/systemDictionary.cpp, line 231]
Event: 27.542 Thread 0x000002deb995a800 Exception <a 'java/lang/ClassNotFoundException'{0x000000008d91aec0}: org/jetbrains/plugins/gradle/tooling/util/JavaPluginUtilCustomizer> (0x000000008d91aec0) thrown at [./src/hotspot/share/classfile/systemDictionary.cpp, line 231]
Event: 27.572 Thread 0x000002deb995a800 Exception <a 'java/lang/IncompatibleClassChangeError'{0x000000008d9eac28}: Found class java.lang.Object, but interface was expected> (0x000000008d9eac28) thrown at [./src/hotspot/share/interpreter/linkResolver.cpp, line 839]
Event: 27.618 Thread 0x000002deb995a800 Exception <a 'java/lang/ClassNotFoundException'{0x000000008d77d210}: org/gradle/api/internal/project/DefaultAntBuilderBeanInfo> (0x000000008d77d210) thrown at [./src/hotspot/share/classfile/systemDictionary.cpp, line 231]
Event: 27.619 Thread 0x000002deb995a800 Exception <a 'java/lang/ClassNotFoundException'{0x000000008d795108}: org/gradle/api/internal/project/ant/BasicAntBuilderBeanInfo> (0x000000008d795108) thrown at [./src/hotspot/share/classfile/systemDictionary.cpp, line 231]
Event: 27.619 Thread 0x000002deb995a800 Exception <a 'java/lang/ClassNotFoundException'{0x000000008d7a7e10}: org/gradle/api/AntBuilderBeanInfo> (0x000000008d7a7e10) thrown at [./src/hotspot/share/classfile/systemDictionary.cpp, line 231]
Event: 27.620 Thread 0x000002deb995a800 Exception <a 'java/lang/ClassNotFoundException'{0x000000008d7f1168}: groovy/util/AntBuilderBeanInfo> (0x000000008d7f1168) thrown at [./src/hotspot/share/classfile/systemDictionary.cpp, line 231]
Event: 27.621 Thread 0x000002deb995a800 Exception <a 'java/lang/ClassNotFoundException'{0x000000008d63b2e8}: groovy/util/BuilderSupportBeanInfo> (0x000000008d63b2e8) thrown at [./src/hotspot/share/classfile/systemDictionary.cpp, line 231]
Event: 27.621 Thread 0x000002deb995a800 Exception <a 'java/lang/ClassNotFoundException'{0x000000008d685aa0}: groovy/util/BuilderSupportCustomizer> (0x000000008d685aa0) thrown at [./src/hotspot/share/classfile/systemDictionary.cpp, line 231]
Event: 27.622 Thread 0x000002deb995a800 Exception <a 'java/lang/ClassNotFoundException'{0x000000008d6d10f0}: groovy/util/AntBuilderCustomizer> (0x000000008d6d10f0) thrown at [./src/hotspot/share/classfile/systemDictionary.cpp, line 231]
Event: 27.623 Thread 0x000002deb995a800 Exception <a 'java/lang/ClassNotFoundException'{0x000000008d6e9ca8}: org/gradle/api/AntBuilderCustomizer> (0x000000008d6e9ca8) thrown at [./src/hotspot/share/classfile/systemDictionary.cpp, line 231]
Event: 27.624 Thread 0x000002deb995a800 Exception <a 'java/lang/ClassNotFoundException'{0x000000008d50d418}: org/gradle/api/internal/project/ant/BasicAntBuilderCustomizer> (0x000000008d50d418) thrown at [./src/hotspot/share/classfile/systemDictionary.cpp, line 231]
Event: 27.625 Thread 0x000002deb995a800 Exception <a 'java/lang/ClassNotFoundException'{0x000000008d537908}: org/gradle/api/internal/project/DefaultAntBuilderCustomizer> (0x000000008d537908) thrown at [./src/hotspot/share/classfile/systemDictionary.cpp, line 231]
Event: 27.638 Thread 0x000002deb995a800 Implicit null exception at 0x000002dea89091fe to 0x000002dea8909904

Events (20 events):
Event: 27.827 loading class org/gradle/plugins/ide/api/XmlGeneratorTask$1 done
Event: 27.828 loading class org/gradle/plugins/ide/internal/generator/generator/PersistableConfigurationObjectGenerator
Event: 27.828 loading class org/gradle/plugins/ide/internal/generator/generator/PersistableConfigurationObjectGenerator done
Event: 27.835 loading class org/gradle/plugins/ide/internal/IdePlugin$9$1
Event: 27.835 loading class org/gradle/plugins/ide/internal/IdePlugin$9$1 done
Event: 27.842 loading class org/gradle/api/internal/tasks/DefaultTaskContainer$5
Event: 27.842 loading class org/gradle/api/internal/tasks/DefaultTaskContainer$5 done
Event: 27.851 loading class org/gradle/api/tasks/options/Option
Event: 27.851 loading class org/gradle/api/tasks/options/Option done
Event: 27.860 loading class com/android/build/gradle/internal/tasks/ExtractProguardFiles$CreationAction$configure$1
Event: 27.860 loading class com/android/build/gradle/internal/tasks/ExtractProguardFiles$CreationAction$configure$1 done
Event: 27.862 loading class org/gradle/api/tasks/diagnostics/internal/ReportRenderer
Event: 27.862 loading class org/gradle/api/tasks/diagnostics/internal/ReportRenderer done
Event: 27.863 loading class org/gradle/api/tasks/diagnostics/internal/TextReportRenderer
Event: 27.863 loading class org/gradle/api/tasks/diagnostics/internal/TextReportRenderer done
Event: 27.867 loading class org/gradle/initialization/BuildClientMetaData
Event: 27.867 loading class org/gradle/initialization/BuildClientMetaData done
Event: 27.867 loading class org/gradle/internal/logging/text/StyledTextOutputFactory
Event: 27.867 loading class org/gradle/internal/logging/text/StyledTextOutputFactory done
Event: 27.871 Executing VM operation: G1CollectForAllocation


Dynamic libraries:
0x00007ff6b47b0000 - 0x00007ff6b47ba000 	C:\Program Files\Android\Android Studio\jre\bin\java.exe
0x00007fff94370000 - 0x00007fff94568000 	C:\Windows\SYSTEM32\ntdll.dll
0x00007fff92fd0000 - 0x00007fff9308f000 	C:\Windows\System32\KERNEL32.DLL
0x00007fff92040000 - 0x00007fff92336000 	C:\Windows\System32\KERNELBASE.dll
0x00007fff91e70000 - 0x00007fff91f70000 	C:\Windows\System32\ucrtbase.dll
0x00007fff8b4d0000 - 0x00007fff8b4e7000 	C:\Program Files\Android\Android Studio\jre\bin\VCRUNTIME140.dll
0x00007fff8bc20000 - 0x00007fff8bc39000 	C:\Program Files\Android\Android Studio\jre\bin\jli.dll
0x00007fff933b0000 - 0x00007fff9354d000 	C:\Windows\System32\USER32.dll
0x00007fff7ea10000 - 0x00007fff7ecaa000 	C:\Windows\WinSxS\amd64_microsoft.windows.common-controls_6595b64144ccf1df_6.0.19041.1110_none_60b5254171f9507e\COMCTL32.dll
0x00007fff91c90000 - 0x00007fff91cb2000 	C:\Windows\System32\win32u.dll
0x00007fff92b70000 - 0x00007fff92c0e000 	C:\Windows\System32\msvcrt.dll
0x00007fff93720000 - 0x00007fff9374c000 	C:\Windows\System32\GDI32.dll
0x00007fff91b00000 - 0x00007fff91c15000 	C:\Windows\System32\gdi32full.dll
0x00007fff91fa0000 - 0x00007fff9203d000 	C:\Windows\System32\msvcp_win.dll
0x00007fff92620000 - 0x00007fff92650000 	C:\Windows\System32\IMM32.DLL
0x00007fff73710000 - 0x00007fff737ad000 	C:\Program Files\Android\Android Studio\jre\bin\msvcp140.dll
0x00007fff4c860000 - 0x00007fff4d362000 	C:\Program Files\Android\Android Studio\jre\bin\server\jvm.dll
0x00007fff92ac0000 - 0x00007fff92b6f000 	C:\Windows\System32\ADVAPI32.dll
0x00007fff94290000 - 0x00007fff9432c000 	C:\Windows\System32\sechost.dll
0x00007fff93570000 - 0x00007fff93696000 	C:\Windows\System32\RPCRT4.dll
0x00007fff925b0000 - 0x00007fff925b8000 	C:\Windows\System32\PSAPI.DLL
0x00007fff8b4a0000 - 0x00007fff8b4a9000 	C:\Windows\SYSTEM32\WSOCK32.dll
0x00007fff7d490000 - 0x00007fff7d4b7000 	C:\Windows\SYSTEM32\WINMM.dll
0x00007fff7f2e0000 - 0x00007fff7f2ea000 	C:\Windows\SYSTEM32\VERSION.dll
0x00007fff93140000 - 0x00007fff931ab000 	C:\Windows\System32\WS2_32.dll
0x00007fff8f8f0000 - 0x00007fff8f902000 	C:\Windows\SYSTEM32\kernel.appcore.dll
0x00007fff8b480000 - 0x00007fff8b491000 	C:\Program Files\Android\Android Studio\jre\bin\verify.dll
0x00007fff7e630000 - 0x00007fff7e814000 	C:\Windows\SYSTEM32\DBGHELP.DLL
0x00007fff7e5f0000 - 0x00007fff7e624000 	C:\Windows\SYSTEM32\dbgcore.DLL
0x00007fff92340000 - 0x00007fff923c2000 	C:\Windows\System32\bcryptPrimitives.dll
0x00007fff8b450000 - 0x00007fff8b479000 	C:\Program Files\Android\Android Studio\jre\bin\java.dll
0x00007fff8b440000 - 0x00007fff8b44b000 	C:\Program Files\Android\Android Studio\jre\bin\jimage.dll
0x00007fff8b420000 - 0x00007fff8b438000 	C:\Program Files\Android\Android Studio\jre\bin\zip.dll
0x00007fff93ae0000 - 0x00007fff94224000 	C:\Windows\System32\SHELL32.dll
0x00007fff8faf0000 - 0x00007fff90283000 	C:\Windows\SYSTEM32\windows.storage.dll
0x00007fff92c10000 - 0x00007fff92f64000 	C:\Windows\System32\combase.dll
0x00007fff91490000 - 0x00007fff914be000 	C:\Windows\SYSTEM32\Wldp.dll
0x00007fff923d0000 - 0x00007fff9247d000 	C:\Windows\System32\SHCORE.dll
0x00007fff925c0000 - 0x00007fff92615000 	C:\Windows\System32\shlwapi.dll
0x00007fff91980000 - 0x00007fff919a5000 	C:\Windows\SYSTEM32\profapi.dll
0x00007fff8b400000 - 0x00007fff8b41a000 	C:\Program Files\Android\Android Studio\jre\bin\net.dll
0x00007fff864c0000 - 0x00007fff865ca000 	C:\Windows\SYSTEM32\WINHTTP.dll
0x00007fff911f0000 - 0x00007fff9125a000 	C:\Windows\system32\mswsock.dll
0x00007fff8b3e0000 - 0x00007fff8b3f4000 	C:\Program Files\Android\Android Studio\jre\bin\nio.dll
0x00007fff843d0000 - 0x00007fff843f7000 	C:\Users\hp\.gradle\native\e1d6ef7f7dcc3fd88c89a11ec53ec762bb8ba0a96d01ffa2cd45eb1d1d8dd5c5\windows-amd64\native-platform.dll
0x00007fff5fc40000 - 0x00007fff5fd84000 	C:\Users\hp\.gradle\native\0d407fdbe67a94daf76414ababcb853783967236a71b16ec16e742cd7a986fd3\windows-amd64\native-platform-file-events.dll
0x00007fff8b3d0000 - 0x00007fff8b3da000 	C:\Program Files\Android\Android Studio\jre\bin\management.dll
0x00007fff8b3c0000 - 0x00007fff8b3cd000 	C:\Program Files\Android\Android Studio\jre\bin\management_ext.dll
0x00007fff913e0000 - 0x00007fff913f8000 	C:\Windows\SYSTEM32\CRYPTSP.dll
0x00007fff90a90000 - 0x00007fff90ac4000 	C:\Windows\system32\rsaenh.dll
0x00007fff91f70000 - 0x00007fff91f97000 	C:\Windows\System32\bcrypt.dll
0x00007fff91900000 - 0x00007fff9192e000 	C:\Windows\SYSTEM32\USERENV.dll
0x00007fff91400000 - 0x00007fff9140c000 	C:\Windows\SYSTEM32\CRYPTBASE.dll
0x00007fff90e90000 - 0x00007fff90ecb000 	C:\Windows\SYSTEM32\IPHLPAPI.DLL
0x00007fff93130000 - 0x00007fff93138000 	C:\Windows\System32\NSI.dll
0x00007fff88230000 - 0x00007fff88247000 	C:\Windows\SYSTEM32\dhcpcsvc6.DLL
0x00007fff881d0000 - 0x00007fff881ed000 	C:\Windows\SYSTEM32\dhcpcsvc.DLL
0x00007fff90ee0000 - 0x00007fff90faa000 	C:\Windows\SYSTEM32\DNSAPI.dll
0x00007fff7db80000 - 0x00007fff7dba7000 	C:\Program Files\Android\Android Studio\jre\bin\sunec.dll
0x00007fff893c0000 - 0x00007fff893ca000 	C:\Windows\System32\rasadhlp.dll
0x00007fff83fd0000 - 0x00007fff84052000 	C:\Windows\System32\fwpuclnt.dll

dbghelp: loaded successfully - version: 4.0.5 - missing functions: none
symbol engine: initialized successfully - sym options: 0x614 - pdb path: .;C:\Program Files\Android\Android Studio\jre\bin;C:\Windows\SYSTEM32;C:\Windows\WinSxS\amd64_microsoft.windows.common-controls_6595b64144ccf1df_6.0.19041.1110_none_60b5254171f9507e;C:\Program Files\Android\Android Studio\jre\bin\server;C:\Users\hp\.gradle\native\e1d6ef7f7dcc3fd88c89a11ec53ec762bb8ba0a96d01ffa2cd45eb1d1d8dd5c5\windows-amd64;C:\Users\hp\.gradle\native\0d407fdbe67a94daf76414ababcb853783967236a71b16ec16e742cd7a986fd3\windows-amd64

VM Arguments:
jvm_args: --add-opens=java.base/java.util=ALL-UNNAMED --add-opens=java.base/java.lang=ALL-UNNAMED --add-opens=java.base/java.lang.invoke=ALL-UNNAMED --add-opens=java.base/java.util=ALL-UNNAMED --add-opens=java.prefs/java.util.prefs=ALL-UNNAMED --add-opens=java.prefs/java.util.prefs=ALL-UNNAMED --add-opens=java.base/java.nio.charset=ALL-UNNAMED --add-opens=java.base/java.net=ALL-UNNAMED --add-opens=java.base/java.util.concurrent.atomic=ALL-UNNAMED -Xmx2048m -Dfile.encoding=UTF-8 -Duser.country=US -Duser.language=en -Duser.variant 
java_command: org.gradle.launcher.daemon.bootstrap.GradleDaemon 7.5
java_class_path (initial): C:\Users\hp\.gradle\wrapper\dists\gradle-7.5-bin\f1w0cc9nuo0eivz97x2xlu9sv\gradle-7.5\lib\gradle-launcher-7.5.jar
Launcher Type: SUN_STANDARD

[Global flags]
     intx CICompilerCount                          = 3                                         {product} {ergonomic}
     uint ConcGCThreads                            = 1                                         {product} {ergonomic}
     uint G1ConcRefinementThreads                  = 4                                         {product} {ergonomic}
   size_t G1HeapRegionSize                         = 1048576                                   {product} {ergonomic}
    uintx GCDrainStackTargetSize                   = 64                                        {product} {ergonomic}
   size_t InitialHeapSize                          = 134217728                                 {product} {ergonomic}
   size_t MarkStackSize                            = 4194304                                   {product} {ergonomic}
   size_t MaxHeapSize                              = 2147483648                                {product} {command line}
   size_t MaxNewSize                               = 1287651328                                {product} {ergonomic}
   size_t MinHeapDeltaBytes                        = 1048576                                   {product} {ergonomic}
    uintx NonNMethodCodeHeapSize                   = 5830732                                {pd product} {ergonomic}
    uintx NonProfiledCodeHeapSize                  = 122913754                              {pd product} {ergonomic}
    uintx ProfiledCodeHeapSize                     = 122913754                              {pd product} {ergonomic}
    uintx ReservedCodeCacheSize                    = 251658240                              {pd product} {ergonomic}
     bool SegmentedCodeCache                       = true                                      {product} {ergonomic}
     bool UseCompressedClassPointers               = true                                 {lp64_product} {ergonomic}
     bool UseCompressedOops                        = true                                 {lp64_product} {ergonomic}
     bool UseG1GC                                  = true                                      {product} {ergonomic}
     bool UseLargePagesIndividualAllocation        = false                                  {pd product} {ergonomic}

Logging:
Log output configuration:
 #0: stdout all=warning uptime,level,tags
 #1: stderr all=off uptime,level,tags

Environment Variables:
PATH=C:\Program Files (x86)\VMware\VMware Workstation\bin\;C:\Program Files (x86)\NVIDIA Corporation\PhysX\Common;C:\Windows\system32;C:\Windows;C:\Windows\System32\Wbem;C:\Windows\System32\WindowsPowerShell\v1.0\;C:\Windows\System32\OpenSSH\;C:\Users\hp\Documents\Java\jdk1.8.0_111\bin;c:\Program Files (x86)\Microsoft SQL Server\90\Tools\binn\;C:\Program Files\dotnet\;C:\Program Files\Microsoft SQL Server\150\Tools\Binn\;C:\Program Files\Microsoft SQL Server\Client SDK\ODBC\170\Tools\Binn\;C:\Program Files\Git\cmd;C:\Program Files\nodejs\;C:\ProgramData\chocolatey\bin;C:\Users\hp\AppData\Local\Programs\Python\Python310\Scripts\;C:\Users\hp\AppData\Local\Programs\Python\Python310\;C:\Users\hp\AppData\Local\Programs\Python\Launcher\;C:\Users\hp\AppData\Local\Microsoft\WindowsApps;C:\Program Files\Java\jdk1.8.0_111\bin;;C:\Program Files\JetBrains\PyCharm Community Edition 2022.3.1\bin;;C:\Users\hp\.dotnet\tools;C:\Users\hp\AppData\Roaming\npm;C:\Users\hp\AppData\Local\Programs\Microsoft VS Code\bin
USERNAME=hp
OS=Windows_NT
PROCESSOR_IDENTIFIER=Intel64 Family 6 Model 69 Stepping 1, GenuineIntel



---------------  S Y S T E M  ---------------

OS: Windows 10 , 64 bit Build 19041 (10.0.19041.3155)
OS uptime: 0 days 10:16 hours

CPU:total 4 (initial active 4) (2 cores per cpu, 2 threads per core) family 6 model 69 stepping 1 microcode 0x25, cmov, cx8, fxsr, mmx, sse, sse2, sse3, ssse3, sse4.1, sse4.2, popcnt, avx, avx2, aes, clmul, erms, lzcnt, ht, tsc, tscinvbit, bmi1, bmi2, fma

Memory: 4k page, system-wide physical 8089M (450M free)
TotalPageFile size 10949M (AvailPageFile size 31M)
current process WorkingSet (physical memory assigned to process): 560M, peak: 562M
current process commit charge ("private bytes"): 588M, peak: 642M

vm_info: OpenJDK 64-Bit Server VM (11.0.13+0-b1751.21-8125866) for windows-amd64 JRE (11.0.13+0-b1751.21-8125866), built on Feb  2 2022 03:00:22 by "builder" with MS VC++ 14.0 (VS2015)

END.
