#
# There is insufficient memory for the Java Runtime Environment to continue.
# Native memory allocation (malloc) failed to allocate 1016336 bytes for Chunk::new
# Possible reasons:
#   The system is out of physical RAM or swap space
#   The process is running with CompressedOops enabled, and the Java Heap may be blocking the growth of the native heap
# Possible solutions:
#   Reduce memory load on the system
#   Increase physical memory or swap space
#   Check if swap backing store is full
#   Decrease Java heap size (-Xmx/-Xms)
#   Decrease number of Java threads
#   Decrease Java thread stack sizes (-Xss)
#   Set larger code cache with -XX:ReservedCodeCacheSize=
#   JVM is running with Unscaled Compressed Oops mode in which the Java heap is
#     placed in the first 4GB address space. The Java Heap base address is the
#     maximum limit for the native heap growth. Please use -XX:HeapBaseMinAddress
#     to set the Java Heap base and to place the Java Heap above 4GB virtual address.
# This output file may be truncated or incomplete.
#
#  Out of Memory Error (./src/hotspot/share/memory/arena.cpp:197), pid=13256, tid=8140
#
# JRE version: OpenJDK Runtime Environment (11.0.13) (build 11.0.13+0-b1751.21-8125866)
# Java VM: OpenJDK 64-Bit Server VM (11.0.13+0-b1751.21-8125866, mixed mode, tiered, compressed oops, g1 gc, windows-amd64)
# No core dump will be written. Minidumps are not enabled by default on client versions of Windows
#

---------------  S U M M A R Y ------------

Command Line: --add-opens=java.base/java.util=ALL-UNNAMED --add-opens=java.base/java.lang=ALL-UNNAMED --add-opens=java.base/java.lang.invoke=ALL-UNNAMED --add-opens=java.base/java.util=ALL-UNNAMED --add-opens=java.prefs/java.util.prefs=ALL-UNNAMED --add-opens=java.prefs/java.util.prefs=ALL-UNNAMED --add-opens=java.base/java.nio.charset=ALL-UNNAMED --add-opens=java.base/java.net=ALL-UNNAMED --add-opens=java.base/java.util.concurrent.atomic=ALL-UNNAMED -Xmx2048m -Dfile.encoding=UTF-8 -Duser.country=US -Duser.language=en -Duser.variant org.gradle.launcher.daemon.bootstrap.GradleDaemon 7.5

Host: Intel(R) Core(TM) i5-4300U CPU @ 1.90GHz, 4 cores, 7G,  Windows 10 , 64 bit Build 19041 (10.0.19041.3155)
Time: Sun Aug 27 23:38:01 2023 E. Africa Standard Time elapsed time: 71.276708 seconds (0d 0h 1m 11s)

---------------  T H R E A D  ---------------

Current thread (0x000001bb4e063000):  JavaThread "C2 CompilerThread0" daemon [_thread_in_native, id=8140, stack(0x0000003bcb700000,0x0000003bcb800000)]


Current CompileTask:
C2:  71276 12060   !   4       org.gradle.internal.instantiation.generator.DependencyInjectingInstantiator::doCreate (64 bytes)

Stack: [0x0000003bcb700000,0x0000003bcb800000]
Native frames: (J=compiled Java code, j=interpreted, Vv=VM code, C=native code)
V  [jvm.dll+0x6100fa]
V  [jvm.dll+0x747090]
V  [jvm.dll+0x7486ad]
V  [jvm.dll+0x748d83]
V  [jvm.dll+0x24ab48]
V  [jvm.dll+0xc04dc]
V  [jvm.dll+0xc0a0c]
V  [jvm.dll+0x2bfab4]
V  [jvm.dll+0x524238]
V  [jvm.dll+0x20b193]
V  [jvm.dll+0x204ca0]
V  [jvm.dll+0x2023c2]
V  [jvm.dll+0x188e01]
V  [jvm.dll+0x21106b]
V  [jvm.dll+0x20f8c1]
V  [jvm.dll+0x70de0f]
V  [jvm.dll+0x706a75]
V  [jvm.dll+0x60ed66]
C  [ucrtbase.dll+0x21bb2]
C  [KERNEL32.DLL+0x17614]
C  [ntdll.dll+0x526b1]


---------------  P R O C E S S  ---------------

Threads class SMR info:
_java_thread_list=0x000001bb56094aa0, length=89, elements={
0x000001bb31c4f000, 0x000001bb4d7ef800, 0x000001bb4d7e9000, 0x000001bb4e053800,
0x000001bb4e056000, 0x000001bb4e058000, 0x000001bb4e063000, 0x000001bb4e067800,
0x000001bb4e06a800, 0x000001bb4e1c7800, 0x000001bb4fb14000, 0x000001bb4e631000,
0x000001bb4f490800, 0x000001bb4ffa9800, 0x000001bb4e62d800, 0x000001bb4f202000,
0x000001bb4f868000, 0x000001bb4e5ff000, 0x000001bb50663000, 0x000001bb4f413800,
0x000001bb4ff5d000, 0x000001bb4ff5a000, 0x000001bb4ff5e000, 0x000001bb4ff5f800,
0x000001bb4ff5e800, 0x000001bb4ff60800, 0x000001bb4ff5a800, 0x000001bb4ff5b800,
0x000001bb4ff5c000, 0x000001bb51eec800, 0x000001bb51eef000, 0x000001bb51ef0000,
0x000001bb51eed800, 0x000001bb51ef1000, 0x000001bb51eeb000, 0x000001bb51ef1800,
0x000001bb51ef5800, 0x000001bb51ef2800, 0x000001bb51ef8000, 0x000001bb51ef5000,
0x000001bb51ef9000, 0x000001bb51ef6800, 0x000001bb51ef7800, 0x000001bb51ef3800,
0x000001bb51ef4000, 0x000001bb50795800, 0x000001bb50792800, 0x000001bb50795000,
0x000001bb50790800, 0x000001bb50791800, 0x000001bb50790000, 0x000001bb50797800,
0x000001bb50799000, 0x000001bb50798000, 0x000001bb50793000, 0x000001bb50796800,
0x000001bb50799800, 0x000001bb50794000, 0x000001bb5079d000, 0x000001bb5079e000,
0x000001bb5079b800, 0x000001bb5079e800, 0x000001bb5079a800, 0x000001bb5079c000,
0x000001bb4e3e8000, 0x000001bb4e3e9800, 0x000001bb4e3ea800, 0x000001bb4e3e8800,
0x000001bb4e3e5800, 0x000001bb4e3e4800, 0x000001bb4e3e6000, 0x000001bb4e3ed000,
0x000001bb4e3eb000, 0x000001bb4e3ec000, 0x000001bb4e3e7000, 0x000001bb4e3f0000,
0x000001bb4e3f3800, 0x000001bb4e3f1000, 0x000001bb4e3ee800, 0x000001bb4e3f1800,
0x000001bb4e3ef000, 0x000001bb4e3ed800, 0x000001bb569a4000, 0x000001bb569a7800,
0x000001bb569a9000, 0x000001bb569a5000, 0x000001bb569a5800, 0x000001bb569a8000,
0x000001bb54641800
}

Java Threads: ( => current thread )
  0x000001bb31c4f000 JavaThread "main" [_thread_blocked, id=10484, stack(0x0000003bcab00000,0x0000003bcac00000)]
  0x000001bb4d7ef800 JavaThread "Reference Handler" daemon [_thread_blocked, id=7312, stack(0x0000003bcb200000,0x0000003bcb300000)]
  0x000001bb4d7e9000 JavaThread "Finalizer" daemon [_thread_blocked, id=12040, stack(0x0000003bcb300000,0x0000003bcb400000)]
  0x000001bb4e053800 JavaThread "Signal Dispatcher" daemon [_thread_blocked, id=2172, stack(0x0000003bcb400000,0x0000003bcb500000)]
  0x000001bb4e056000 JavaThread "Attach Listener" daemon [_thread_blocked, id=7844, stack(0x0000003bcb500000,0x0000003bcb600000)]
  0x000001bb4e058000 JavaThread "Service Thread" daemon [_thread_blocked, id=4288, stack(0x0000003bcb600000,0x0000003bcb700000)]
=>0x000001bb4e063000 JavaThread "C2 CompilerThread0" daemon [_thread_in_native, id=8140, stack(0x0000003bcb700000,0x0000003bcb800000)]
  0x000001bb4e067800 JavaThread "C1 CompilerThread0" daemon [_thread_blocked, id=10968, stack(0x0000003bcb800000,0x0000003bcb900000)]
  0x000001bb4e06a800 JavaThread "Sweeper thread" daemon [_thread_blocked, id=14328, stack(0x0000003bcb900000,0x0000003bcba00000)]
  0x000001bb4e1c7800 JavaThread "Common-Cleaner" daemon [_thread_blocked, id=10452, stack(0x0000003bcba00000,0x0000003bcbb00000)]
  0x000001bb4fb14000 JavaThread "Daemon health stats" [_thread_blocked, id=10860, stack(0x0000003bcbe00000,0x0000003bcbf00000)]
  0x000001bb4e631000 JavaThread "Incoming local TCP Connector on port 11860" [_thread_in_native, id=13068, stack(0x0000003bcbf00000,0x0000003bcc000000)]
  0x000001bb4f490800 JavaThread "Daemon periodic checks" [_thread_blocked, id=13848, stack(0x0000003bcc000000,0x0000003bcc100000)]
  0x000001bb4ffa9800 JavaThread "Daemon" [_thread_blocked, id=3496, stack(0x0000003bcc100000,0x0000003bcc200000)]
  0x000001bb4e62d800 JavaThread "Handler for socket connection from /127.0.0.1:11860 to /127.0.0.1:11861" [_thread_in_native, id=7156, stack(0x0000003bcc200000,0x0000003bcc300000)]
  0x000001bb4f202000 JavaThread "Cancel handler" [_thread_blocked, id=11256, stack(0x0000003bcc300000,0x0000003bcc400000)]
  0x000001bb4f868000 JavaThread "Daemon worker" [_thread_blocked, id=228, stack(0x0000003bcc400000,0x0000003bcc500000)]
  0x000001bb4e5ff000 JavaThread "Asynchronous log dispatcher for DefaultDaemonConnection: socket connection from /127.0.0.1:11860 to /127.0.0.1:11861" [_thread_blocked, id=7196, stack(0x0000003bcc500000,0x0000003bcc600000)]
  0x000001bb50663000 JavaThread "Stdin handler" [_thread_blocked, id=12140, stack(0x0000003bcc600000,0x0000003bcc700000)]
  0x000001bb4f413800 JavaThread "Daemon client event forwarder" [_thread_blocked, id=10012, stack(0x0000003bcc700000,0x0000003bcc800000)]
  0x000001bb4ff5d000 JavaThread "Cache worker for journal cache (C:\Users\hp\.gradle\caches\journal-1)" [_thread_blocked, id=13212, stack(0x0000003bcc800000,0x0000003bcc900000)]
  0x000001bb4ff5a000 JavaThread "File lock request listener" [_thread_in_native, id=11372, stack(0x0000003bcca00000,0x0000003bccb00000)]
  0x000001bb4ff5e000 JavaThread "Cache worker for file hash cache (C:\Users\hp\.gradle\caches\7.5\fileHashes)" [_thread_blocked, id=12280, stack(0x0000003bccb00000,0x0000003bccc00000)]
  0x000001bb4ff5f800 JavaThread "File watcher server" daemon [_thread_in_native, id=9624, stack(0x0000003bccc00000,0x0000003bccd00000)]
  0x000001bb4ff5e800 JavaThread "File watcher consumer" daemon [_thread_blocked, id=7612, stack(0x0000003bccd00000,0x0000003bcce00000)]
  0x000001bb4ff60800 JavaThread "Cache worker for checksums cache (C:\Users\hp\Desktop\eCommerceApp\.gradle\7.5\checksums)" [_thread_blocked, id=232, stack(0x0000003bcce00000,0x0000003bccf00000)]
  0x000001bb4ff5a800 JavaThread "Cache worker for cache directory md-rule (C:\Users\hp\.gradle\caches\7.5\md-rule)" [_thread_blocked, id=12492, stack(0x0000003bccf00000,0x0000003bcd000000)]
  0x000001bb4ff5b800 JavaThread "Cache worker for file content cache (C:\Users\hp\.gradle\caches\7.5\fileContent)" [_thread_blocked, id=4780, stack(0x0000003bcd000000,0x0000003bcd100000)]
  0x000001bb4ff5c000 JavaThread "Cache worker for file hash cache (C:\Users\hp\Desktop\eCommerceApp\.gradle\7.5\fileHashes)" [_thread_blocked, id=5448, stack(0x0000003bcd100000,0x0000003bcd200000)]
  0x000001bb51eec800 JavaThread "Cache worker for cache directory md-supplier (C:\Users\hp\.gradle\caches\7.5\md-supplier)" [_thread_blocked, id=11668, stack(0x0000003bcd200000,0x0000003bcd300000)]
  0x000001bb51eef000 JavaThread "Cache worker for execution history cache (C:\Users\hp\.gradle\caches\7.5\executionHistory)" [_thread_blocked, id=9240, stack(0x0000003bcd300000,0x0000003bcd400000)]
  0x000001bb51ef0000 JavaThread "jar transforms" [_thread_blocked, id=7504, stack(0x0000003bcd500000,0x0000003bcd600000)]
  0x000001bb51eed800 JavaThread "jar transforms Thread 2" [_thread_blocked, id=10340, stack(0x0000003bcd600000,0x0000003bcd700000)]
  0x000001bb51ef1000 JavaThread "Cache worker for dependencies-accessors (C:\Users\hp\Desktop\eCommerceApp\.gradle\7.5\dependencies-accessors)" [_thread_blocked, id=4876, stack(0x0000003bcd700000,0x0000003bcd800000)]
  0x000001bb51eeb000 JavaThread "jar transforms Thread 3" [_thread_blocked, id=9344, stack(0x0000003bcd800000,0x0000003bcd900000)]
  0x000001bb51ef1800 JavaThread "Cache worker for Build Output Cleanup Cache (C:\Users\hp\Desktop\eCommerceApp\.gradle\buildOutputCleanup)" [_thread_blocked, id=8664, stack(0x0000003bcd400000,0x0000003bcd500000)]
  0x000001bb51ef5800 JavaThread "Unconstrained build operations" [_thread_blocked, id=2872, stack(0x0000003bcda00000,0x0000003bcdb00000)]
  0x000001bb51ef2800 JavaThread "Unconstrained build operations Thread 2" [_thread_blocked, id=3456, stack(0x0000003bcdb00000,0x0000003bcdc00000)]
  0x000001bb51ef8000 JavaThread "Unconstrained build operations Thread 3" [_thread_blocked, id=12100, stack(0x0000003bcdc00000,0x0000003bcdd00000)]
  0x000001bb51ef5000 JavaThread "Unconstrained build operations Thread 4" [_thread_blocked, id=12916, stack(0x0000003bcdd00000,0x0000003bcde00000)]
  0x000001bb51ef9000 JavaThread "Unconstrained build operations Thread 5" [_thread_blocked, id=5580, stack(0x0000003bcde00000,0x0000003bcdf00000)]
  0x000001bb51ef6800 JavaThread "Unconstrained build operations Thread 6" [_thread_blocked, id=14088, stack(0x0000003bcdf00000,0x0000003bce000000)]
  0x000001bb51ef7800 JavaThread "Unconstrained build operations Thread 7" [_thread_blocked, id=3492, stack(0x0000003bce000000,0x0000003bce100000)]
  0x000001bb51ef3800 JavaThread "Unconstrained build operations Thread 8" [_thread_blocked, id=7760, stack(0x0000003bce100000,0x0000003bce200000)]
  0x000001bb51ef4000 JavaThread "Unconstrained build operations Thread 9" [_thread_blocked, id=12256, stack(0x0000003bce200000,0x0000003bce300000)]
  0x000001bb50795800 JavaThread "Unconstrained build operations Thread 10" [_thread_blocked, id=8228, stack(0x0000003bce300000,0x0000003bce400000)]
  0x000001bb50792800 JavaThread "Unconstrained build operations Thread 11" [_thread_blocked, id=10436, stack(0x0000003bce400000,0x0000003bce500000)]
  0x000001bb50795000 JavaThread "Unconstrained build operations Thread 12" [_thread_blocked, id=2832, stack(0x0000003bce500000,0x0000003bce600000)]
  0x000001bb50790800 JavaThread "Unconstrained build operations Thread 13" [_thread_blocked, id=6188, stack(0x0000003bce600000,0x0000003bce700000)]
  0x000001bb50791800 JavaThread "Unconstrained build operations Thread 14" [_thread_blocked, id=12820, stack(0x0000003bce700000,0x0000003bce800000)]
  0x000001bb50790000 JavaThread "Unconstrained build operations Thread 15" [_thread_blocked, id=7800, stack(0x0000003bce800000,0x0000003bce900000)]
  0x000001bb50797800 JavaThread "Unconstrained build operations Thread 16" [_thread_blocked, id=13820, stack(0x0000003bce900000,0x0000003bcea00000)]
  0x000001bb50799000 JavaThread "Unconstrained build operations Thread 17" [_thread_blocked, id=13072, stack(0x0000003bcea00000,0x0000003bceb00000)]
  0x000001bb50798000 JavaThread "Unconstrained build operations Thread 18" [_thread_blocked, id=11468, stack(0x0000003bceb00000,0x0000003bcec00000)]
  0x000001bb50793000 JavaThread "Unconstrained build operations Thread 19" [_thread_blocked, id=13676, stack(0x0000003bcec00000,0x0000003bced00000)]
  0x000001bb50796800 JavaThread "Unconstrained build operations Thread 20" [_thread_blocked, id=8100, stack(0x0000003bced00000,0x0000003bcee00000)]
  0x000001bb50799800 JavaThread "Unconstrained build operations Thread 21" [_thread_blocked, id=3528, stack(0x0000003bcee00000,0x0000003bcef00000)]
  0x000001bb50794000 JavaThread "Unconstrained build operations Thread 22" [_thread_blocked, id=9964, stack(0x0000003bcef00000,0x0000003bcf000000)]
  0x000001bb5079d000 JavaThread "Unconstrained build operations Thread 23" [_thread_blocked, id=7084, stack(0x0000003bcf000000,0x0000003bcf100000)]
  0x000001bb5079e000 JavaThread "Unconstrained build operations Thread 24" [_thread_blocked, id=1136, stack(0x0000003bcf100000,0x0000003bcf200000)]
  0x000001bb5079b800 JavaThread "Unconstrained build operations Thread 25" [_thread_blocked, id=7608, stack(0x0000003bcf200000,0x0000003bcf300000)]
  0x000001bb5079e800 JavaThread "Unconstrained build operations Thread 26" [_thread_blocked, id=2632, stack(0x0000003bcf300000,0x0000003bcf400000)]
  0x000001bb5079a800 JavaThread "Unconstrained build operations Thread 27" [_thread_blocked, id=9508, stack(0x0000003bcf400000,0x0000003bcf500000)]
  0x000001bb5079c000 JavaThread "Unconstrained build operations Thread 28" [_thread_blocked, id=8480, stack(0x0000003bcf500000,0x0000003bcf600000)]
  0x000001bb4e3e8000 JavaThread "Unconstrained build operations Thread 29" [_thread_blocked, id=6704, stack(0x0000003bcf600000,0x0000003bcf700000)]
  0x000001bb4e3e9800 JavaThread "Unconstrained build operations Thread 30" [_thread_blocked, id=10272, stack(0x0000003bcf700000,0x0000003bcf800000)]
  0x000001bb4e3ea800 JavaThread "Unconstrained build operations Thread 31" [_thread_blocked, id=8264, stack(0x0000003bcf800000,0x0000003bcf900000)]
  0x000001bb4e3e8800 JavaThread "Unconstrained build operations Thread 32" [_thread_blocked, id=11504, stack(0x0000003bcf900000,0x0000003bcfa00000)]
  0x000001bb4e3e5800 JavaThread "Unconstrained build operations Thread 33" [_thread_blocked, id=10816, stack(0x0000003bcfa00000,0x0000003bcfb00000)]
  0x000001bb4e3e4800 JavaThread "Unconstrained build operations Thread 34" [_thread_blocked, id=6084, stack(0x0000003bcfb00000,0x0000003bcfc00000)]
  0x000001bb4e3e6000 JavaThread "Unconstrained build operations Thread 35" [_thread_blocked, id=328, stack(0x0000003bcfc00000,0x0000003bcfd00000)]
  0x000001bb4e3ed000 JavaThread "Unconstrained build operations Thread 36" [_thread_blocked, id=12744, stack(0x0000003bcfd00000,0x0000003bcfe00000)]
  0x000001bb4e3eb000 JavaThread "Unconstrained build operations Thread 37" [_thread_in_native, id=7728, stack(0x0000003bcfe00000,0x0000003bcff00000)]
  0x000001bb4e3ec000 JavaThread "Unconstrained build operations Thread 38" [_thread_blocked, id=13732, stack(0x0000003bcff00000,0x0000003bd0000000)]
  0x000001bb4e3e7000 JavaThread "Unconstrained build operations Thread 39" [_thread_blocked, id=6884, stack(0x0000003bd0000000,0x0000003bd0100000)]
  0x000001bb4e3f0000 JavaThread "Unconstrained build operations Thread 40" [_thread_in_native, id=7128, stack(0x0000003bd0100000,0x0000003bd0200000)]
  0x000001bb4e3f3800 JavaThread "jar transforms Thread 4" [_thread_blocked, id=13384, stack(0x0000003bcd900000,0x0000003bcda00000)]
  0x000001bb4e3f1000 JavaThread "Memory manager" [_thread_blocked, id=1624, stack(0x0000003bd0300000,0x0000003bd0400000)]
  0x000001bb4e3ee800 JavaThread "build event listener" [_thread_blocked, id=4284, stack(0x0000003bd0600000,0x0000003bd0700000)]
  0x000001bb4e3f1800 JavaThread "pool-3-thread-1" [_thread_blocked, id=5588, stack(0x0000003bd0700000,0x0000003bd0800000)]
  0x000001bb4e3ef000 JavaThread "build event listener" [_thread_blocked, id=2792, stack(0x0000003bd0800000,0x0000003bd0900000)]
  0x000001bb4e3ed800 JavaThread "included builds" [_thread_blocked, id=8692, stack(0x0000003bd0900000,0x0000003bd0a00000)]
  0x000001bb569a4000 JavaThread "Execution worker" [_thread_blocked, id=776, stack(0x0000003bd0a00000,0x0000003bd0b00000)]
  0x000001bb569a7800 JavaThread "Execution worker Thread 2" [_thread_blocked, id=9676, stack(0x0000003bd0b00000,0x0000003bd0c00000)]
  0x000001bb569a9000 JavaThread "Execution worker Thread 3" [_thread_blocked, id=1884, stack(0x0000003bd0c00000,0x0000003bd0d00000)]
  0x000001bb569a5000 JavaThread "Cache worker for execution history cache (C:\Users\hp\Desktop\eCommerceApp\.gradle\7.5\executionHistory)" [_thread_blocked, id=5188, stack(0x0000003bd0d00000,0x0000003bd0e00000)]
  0x000001bb569a5800 JavaThread "WorkerExecutor Queue" [_thread_blocked, id=3468, stack(0x0000003bcaa00000,0x0000003bcab00000)]
  0x000001bb569a8000 JavaThread "WorkerExecutor Queue Thread 2" [_thread_blocked, id=11896, stack(0x0000003bca800000,0x0000003bca900000)]
  0x000001bb54641800 JavaThread "C2 CompilerThread1" daemon [_thread_in_native, id=6216, stack(0x0000003bd0e00000,0x0000003bd0f00000)]

Other Threads:
  0x000001bb4e008800 VMThread "VM Thread" [stack: 0x0000003bcb100000,0x0000003bcb200000] [id=11304]
  0x000001bb4e1e1000 WatcherThread [stack: 0x0000003bcbb00000,0x0000003bcbc00000] [id=1312]
  0x000001bb31c67800 GCTaskThread "GC Thread#0" [stack: 0x0000003bcac00000,0x0000003bcad00000] [id=6852]
  0x000001bb4e81b800 GCTaskThread "GC Thread#1" [stack: 0x0000003bcbc00000,0x0000003bcbd00000] [id=11568]
  0x000001bb4ea1f000 GCTaskThread "GC Thread#2" [stack: 0x0000003bcbd00000,0x0000003bcbe00000] [id=12072]
  0x000001bb4f414000 GCTaskThread "GC Thread#3" [stack: 0x0000003bcc900000,0x0000003bcca00000] [id=4084]
  0x000001bb31c98000 ConcurrentGCThread "G1 Main Marker" [stack: 0x0000003bcad00000,0x0000003bcae00000] [id=12696]
  0x000001bb31c9a800 ConcurrentGCThread "G1 Conc#0" [stack: 0x0000003bcae00000,0x0000003bcaf00000] [id=11432]
  0x000001bb31d2e800 ConcurrentGCThread "G1 Refine#0" [stack: 0x0000003bcaf00000,0x0000003bcb000000] [id=12480]
  0x000001bb526a2800 ConcurrentGCThread "G1 Refine#1" [stack: 0x0000003bca900000,0x0000003bcaa00000] [id=13564]
  0x000001bb4d637000 ConcurrentGCThread "G1 Young RemSet Sampling" [stack: 0x0000003bcb000000,0x0000003bcb100000] [id=3024]

Threads with active compile tasks:
C2 CompilerThread0  72205 12060   !   4       org.gradle.internal.instantiation.generator.DependencyInjectingInstantiator::doCreate (64 bytes)
C2 CompilerThread1  72205 12182       4       com.google.common.collect.ImmutableSortedMap$1EntrySet$1::get (6 bytes)

VM state:not at safepoint (normal execution)

VM Mutex/Monitor currently owned by a thread: None

Heap address: 0x0000000080000000, size: 2048 MB, Compressed Oops mode: 32-bit
Narrow klass base: 0x0000000000000000, Narrow klass shift: 3
Compressed class space size: 1073741824 Address: 0x0000000100000000

Heap:
 garbage-first heap   total 189440K, used 115676K [0x0000000080000000, 0x0000000100000000)
  region size 1024K, 7 young (7168K), 3 survivors (3072K)
 Metaspace       used 94183K, capacity 96497K, committed 96680K, reserved 1132544K
  class space    used 11984K, capacity 12876K, committed 12952K, reserved 1048576K
Heap Regions: E=young(eden), S=young(survivor), O=old, HS=humongous(starts), HC=humongous(continues), CS=collection set, F=free, A=archive, TAMS=top-at-mark-start (previous, next)
|   0|0x0000000080000000, 0x0000000080100000, 0x0000000080100000|100%|HS|  |TAMS 0x0000000080100000, 0x0000000080100000| Complete 
|   1|0x0000000080100000, 0x0000000080200000, 0x0000000080200000|100%|HC|  |TAMS 0x0000000080200000, 0x0000000080200000| Complete 
|   2|0x0000000080200000, 0x0000000080300000, 0x0000000080300000|100%|HC|  |TAMS 0x0000000080300000, 0x0000000080300000| Complete 
|   3|0x0000000080300000, 0x0000000080400000, 0x0000000080400000|100%| O|  |TAMS 0x0000000080400000, 0x0000000080400000| Untracked 
|   4|0x0000000080400000, 0x0000000080500000, 0x0000000080500000|100%| O|  |TAMS 0x0000000080500000, 0x0000000080500000| Untracked 
|   5|0x0000000080500000, 0x0000000080600000, 0x0000000080600000|100%| O|  |TAMS 0x0000000080600000, 0x0000000080600000| Untracked 
|   6|0x0000000080600000, 0x0000000080700000, 0x0000000080700000|100%| O|  |TAMS 0x0000000080700000, 0x0000000080700000| Untracked 
|   7|0x0000000080700000, 0x0000000080800000, 0x0000000080800000|100%| O|  |TAMS 0x0000000080800000, 0x0000000080800000| Untracked 
|   8|0x0000000080800000, 0x0000000080900000, 0x0000000080900000|100%| O|  |TAMS 0x0000000080900000, 0x0000000080900000| Untracked 
|   9|0x0000000080900000, 0x0000000080a00000, 0x0000000080a00000|100%| O|  |TAMS 0x0000000080a00000, 0x0000000080a00000| Untracked 
|  10|0x0000000080a00000, 0x0000000080b00000, 0x0000000080b00000|100%| O|  |TAMS 0x0000000080b00000, 0x0000000080b00000| Untracked 
|  11|0x0000000080b00000, 0x0000000080c00000, 0x0000000080c00000|100%| O|  |TAMS 0x0000000080c00000, 0x0000000080c00000| Untracked 
|  12|0x0000000080c00000, 0x0000000080d00000, 0x0000000080d00000|100%| O|  |TAMS 0x0000000080d00000, 0x0000000080d00000| Untracked 
|  13|0x0000000080d00000, 0x0000000080e00000, 0x0000000080e00000|100%| O|  |TAMS 0x0000000080e00000, 0x0000000080e00000| Untracked 
|  14|0x0000000080e00000, 0x0000000080f00000, 0x0000000080f00000|100%| O|  |TAMS 0x0000000080f00000, 0x0000000080f00000| Untracked 
|  15|0x0000000080f00000, 0x0000000081000000, 0x0000000081000000|100%| O|  |TAMS 0x0000000081000000, 0x0000000081000000| Untracked 
|  16|0x0000000081000000, 0x0000000081100000, 0x0000000081100000|100%|HS|  |TAMS 0x0000000081100000, 0x0000000081100000| Complete 
|  17|0x0000000081100000, 0x0000000081200000, 0x0000000081200000|100%| O|  |TAMS 0x0000000081200000, 0x0000000081200000| Untracked 
|  18|0x0000000081200000, 0x0000000081300000, 0x0000000081300000|100%| O|  |TAMS 0x0000000081300000, 0x0000000081300000| Untracked 
|  19|0x0000000081300000, 0x0000000081400000, 0x0000000081400000|100%| O|  |TAMS 0x0000000081400000, 0x0000000081400000| Untracked 
|  20|0x0000000081400000, 0x0000000081500000, 0x0000000081500000|100%| O|  |TAMS 0x0000000081500000, 0x0000000081500000| Untracked 
|  21|0x0000000081500000, 0x0000000081600000, 0x0000000081600000|100%| O|  |TAMS 0x0000000081600000, 0x0000000081600000| Untracked 
|  22|0x0000000081600000, 0x0000000081700000, 0x0000000081700000|100%| O|  |TAMS 0x0000000081700000, 0x0000000081700000| Untracked 
|  23|0x0000000081700000, 0x0000000081800000, 0x0000000081800000|100%| O|  |TAMS 0x0000000081800000, 0x0000000081800000| Untracked 
|  24|0x0000000081800000, 0x0000000081900000, 0x0000000081900000|100%|HS|  |TAMS 0x0000000081900000, 0x0000000081900000| Complete 
|  25|0x0000000081900000, 0x0000000081a00000, 0x0000000081a00000|100%| O|  |TAMS 0x0000000081a00000, 0x0000000081a00000| Untracked 
|  26|0x0000000081a00000, 0x0000000081b00000, 0x0000000081b00000|100%|HS|  |TAMS 0x0000000081b00000, 0x0000000081b00000| Complete 
|  27|0x0000000081b00000, 0x0000000081c00000, 0x0000000081c00000|100%|HC|  |TAMS 0x0000000081c00000, 0x0000000081c00000| Complete 
|  28|0x0000000081c00000, 0x0000000081d00000, 0x0000000081d00000|100%| O|  |TAMS 0x0000000081d00000, 0x0000000081d00000| Untracked 
|  29|0x0000000081d00000, 0x0000000081e00000, 0x0000000081e00000|100%| O|  |TAMS 0x0000000081e00000, 0x0000000081e00000| Untracked 
|  30|0x0000000081e00000, 0x0000000081f00000, 0x0000000081f00000|100%| O|  |TAMS 0x0000000081f00000, 0x0000000081f00000| Untracked 
|  31|0x0000000081f00000, 0x0000000082000000, 0x0000000082000000|100%| O|  |TAMS 0x0000000082000000, 0x0000000082000000| Untracked 
|  32|0x0000000082000000, 0x0000000082100000, 0x0000000082100000|100%| O|  |TAMS 0x0000000082100000, 0x0000000082100000| Untracked 
|  33|0x0000000082100000, 0x0000000082200000, 0x0000000082200000|100%| O|  |TAMS 0x0000000082200000, 0x0000000082200000| Untracked 
|  34|0x0000000082200000, 0x0000000082300000, 0x0000000082300000|100%| O|  |TAMS 0x0000000082300000, 0x0000000082300000| Untracked 
|  35|0x0000000082300000, 0x0000000082400000, 0x0000000082400000|100%| O|  |TAMS 0x0000000082400000, 0x0000000082400000| Untracked 
|  36|0x0000000082400000, 0x0000000082500000, 0x0000000082500000|100%| O|  |TAMS 0x0000000082500000, 0x0000000082500000| Untracked 
|  37|0x0000000082500000, 0x0000000082600000, 0x0000000082600000|100%| O|  |TAMS 0x0000000082600000, 0x0000000082600000| Untracked 
|  38|0x0000000082600000, 0x0000000082700000, 0x0000000082700000|100%| O|  |TAMS 0x0000000082700000, 0x0000000082700000| Untracked 
|  39|0x0000000082700000, 0x0000000082800000, 0x0000000082800000|100%| O|  |TAMS 0x0000000082800000, 0x0000000082800000| Untracked 
|  40|0x0000000082800000, 0x0000000082900000, 0x0000000082900000|100%| O|  |TAMS 0x0000000082900000, 0x0000000082900000| Untracked 
|  41|0x0000000082900000, 0x0000000082a00000, 0x0000000082a00000|100%| O|  |TAMS 0x0000000082a00000, 0x0000000082a00000| Untracked 
|  42|0x0000000082a00000, 0x0000000082b00000, 0x0000000082b00000|100%| O|  |TAMS 0x0000000082b00000, 0x0000000082b00000| Untracked 
|  43|0x0000000082b00000, 0x0000000082c00000, 0x0000000082c00000|100%| O|  |TAMS 0x0000000082c00000, 0x0000000082c00000| Untracked 
|  44|0x0000000082c00000, 0x0000000082d00000, 0x0000000082d00000|100%| O|  |TAMS 0x0000000082d00000, 0x0000000082d00000| Untracked 
|  45|0x0000000082d00000, 0x0000000082e00000, 0x0000000082e00000|100%| O|  |TAMS 0x0000000082e00000, 0x0000000082e00000| Untracked 
|  46|0x0000000082e00000, 0x0000000082f00000, 0x0000000082f00000|100%| O|  |TAMS 0x0000000082f00000, 0x0000000082f00000| Untracked 
|  47|0x0000000082f00000, 0x0000000083000000, 0x0000000083000000|100%| O|  |TAMS 0x0000000083000000, 0x0000000083000000| Untracked 
|  48|0x0000000083000000, 0x0000000083100000, 0x0000000083100000|100%| O|  |TAMS 0x0000000083100000, 0x0000000083100000| Untracked 
|  49|0x0000000083100000, 0x0000000083200000, 0x0000000083200000|100%| O|  |TAMS 0x0000000083200000, 0x0000000083200000| Untracked 
|  50|0x0000000083200000, 0x0000000083300000, 0x0000000083300000|100%| O|  |TAMS 0x0000000083300000, 0x0000000083300000| Untracked 
|  51|0x0000000083300000, 0x0000000083400000, 0x0000000083400000|100%| O|  |TAMS 0x0000000083400000, 0x0000000083400000| Untracked 
|  52|0x0000000083400000, 0x0000000083500000, 0x0000000083500000|100%| O|  |TAMS 0x0000000083500000, 0x0000000083500000| Untracked 
|  53|0x0000000083500000, 0x0000000083600000, 0x0000000083600000|100%| O|  |TAMS 0x0000000083600000, 0x0000000083600000| Untracked 
|  54|0x0000000083600000, 0x0000000083700000, 0x0000000083700000|100%| O|  |TAMS 0x0000000083700000, 0x0000000083700000| Untracked 
|  55|0x0000000083700000, 0x0000000083800000, 0x0000000083800000|100%| O|  |TAMS 0x0000000083800000, 0x0000000083800000| Untracked 
|  56|0x0000000083800000, 0x0000000083900000, 0x0000000083900000|100%| O|  |TAMS 0x0000000083900000, 0x0000000083900000| Untracked 
|  57|0x0000000083900000, 0x0000000083a00000, 0x0000000083a00000|100%| O|  |TAMS 0x0000000083a00000, 0x0000000083a00000| Untracked 
|  58|0x0000000083a00000, 0x0000000083b00000, 0x0000000083b00000|100%| O|  |TAMS 0x0000000083b00000, 0x0000000083b00000| Untracked 
|  59|0x0000000083b00000, 0x0000000083c00000, 0x0000000083c00000|100%| O|  |TAMS 0x0000000083c00000, 0x0000000083c00000| Untracked 
|  60|0x0000000083c00000, 0x0000000083d00000, 0x0000000083d00000|100%| O|  |TAMS 0x0000000083d00000, 0x0000000083d00000| Untracked 
|  61|0x0000000083d00000, 0x0000000083e00000, 0x0000000083e00000|100%| O|  |TAMS 0x0000000083e00000, 0x0000000083e00000| Untracked 
|  62|0x0000000083e00000, 0x0000000083f00000, 0x0000000083f00000|100%| O|  |TAMS 0x0000000083f00000, 0x0000000083f00000| Untracked 
|  63|0x0000000083f00000, 0x0000000084000000, 0x0000000084000000|100%| O|  |TAMS 0x0000000084000000, 0x0000000084000000| Untracked 
|  64|0x0000000084000000, 0x0000000084100000, 0x0000000084100000|100%| O|  |TAMS 0x0000000084100000, 0x0000000084100000| Untracked 
|  65|0x0000000084100000, 0x0000000084200000, 0x0000000084200000|100%| O|  |TAMS 0x0000000084200000, 0x0000000084200000| Untracked 
|  66|0x0000000084200000, 0x0000000084300000, 0x0000000084300000|100%| O|  |TAMS 0x0000000084300000, 0x0000000084300000| Untracked 
|  67|0x0000000084300000, 0x0000000084400000, 0x0000000084400000|100%| O|  |TAMS 0x0000000084400000, 0x0000000084400000| Untracked 
|  68|0x0000000084400000, 0x0000000084500000, 0x0000000084500000|100%| O|  |TAMS 0x0000000084500000, 0x0000000084500000| Untracked 
|  69|0x0000000084500000, 0x0000000084600000, 0x0000000084600000|100%| O|  |TAMS 0x0000000084600000, 0x0000000084600000| Untracked 
|  70|0x0000000084600000, 0x0000000084700000, 0x0000000084700000|100%| O|  |TAMS 0x0000000084700000, 0x0000000084700000| Untracked 
|  71|0x0000000084700000, 0x0000000084800000, 0x0000000084800000|100%| O|  |TAMS 0x0000000084800000, 0x0000000084800000| Untracked 
|  72|0x0000000084800000, 0x0000000084900000, 0x0000000084900000|100%| O|  |TAMS 0x0000000084900000, 0x0000000084900000| Untracked 
|  73|0x0000000084900000, 0x0000000084a00000, 0x0000000084a00000|100%| O|  |TAMS 0x0000000084a00000, 0x0000000084a00000| Untracked 
|  74|0x0000000084a00000, 0x0000000084b00000, 0x0000000084b00000|100%| O|  |TAMS 0x0000000084b00000, 0x0000000084b00000| Untracked 
|  75|0x0000000084b00000, 0x0000000084c00000, 0x0000000084c00000|100%| O|  |TAMS 0x0000000084c00000, 0x0000000084c00000| Untracked 
|  76|0x0000000084c00000, 0x0000000084d00000, 0x0000000084d00000|100%| O|  |TAMS 0x0000000084d00000, 0x0000000084d00000| Untracked 
|  77|0x0000000084d00000, 0x0000000084e00000, 0x0000000084e00000|100%| O|  |TAMS 0x0000000084e00000, 0x0000000084e00000| Untracked 
|  78|0x0000000084e00000, 0x0000000084f00000, 0x0000000084f00000|100%| O|  |TAMS 0x0000000084f00000, 0x0000000084f00000| Untracked 
|  79|0x0000000084f00000, 0x0000000085000000, 0x0000000085000000|100%| O|  |TAMS 0x0000000085000000, 0x0000000085000000| Untracked 
|  80|0x0000000085000000, 0x0000000085100000, 0x0000000085100000|100%| O|  |TAMS 0x0000000085100000, 0x0000000085100000| Untracked 
|  81|0x0000000085100000, 0x0000000085200000, 0x0000000085200000|100%| O|  |TAMS 0x0000000085200000, 0x0000000085200000| Untracked 
|  82|0x0000000085200000, 0x0000000085300000, 0x0000000085300000|100%| O|  |TAMS 0x0000000085300000, 0x0000000085300000| Untracked 
|  83|0x0000000085300000, 0x0000000085400000, 0x0000000085400000|100%| O|  |TAMS 0x0000000085400000, 0x0000000085400000| Untracked 
|  84|0x0000000085400000, 0x0000000085500000, 0x0000000085500000|100%| O|  |TAMS 0x0000000085500000, 0x0000000085500000| Untracked 
|  85|0x0000000085500000, 0x0000000085600000, 0x0000000085600000|100%| O|  |TAMS 0x0000000085600000, 0x0000000085600000| Untracked 
|  86|0x0000000085600000, 0x0000000085700000, 0x0000000085700000|100%| O|  |TAMS 0x0000000085700000, 0x0000000085700000| Untracked 
|  87|0x0000000085700000, 0x0000000085800000, 0x0000000085800000|100%| O|  |TAMS 0x0000000085800000, 0x0000000085800000| Untracked 
|  88|0x0000000085800000, 0x0000000085900000, 0x0000000085900000|100%| O|  |TAMS 0x0000000085900000, 0x0000000085900000| Untracked 
|  89|0x0000000085900000, 0x0000000085a00000, 0x0000000085a00000|100%| O|  |TAMS 0x0000000085a00000, 0x0000000085a00000| Untracked 
|  90|0x0000000085a00000, 0x0000000085b00000, 0x0000000085b00000|100%| O|  |TAMS 0x0000000085b00000, 0x0000000085b00000| Untracked 
|  91|0x0000000085b00000, 0x0000000085c00000, 0x0000000085c00000|100%| O|  |TAMS 0x0000000085c00000, 0x0000000085c00000| Untracked 
|  92|0x0000000085c00000, 0x0000000085d00000, 0x0000000085d00000|100%| O|  |TAMS 0x0000000085d00000, 0x0000000085d00000| Untracked 
|  93|0x0000000085d00000, 0x0000000085e00000, 0x0000000085e00000|100%| O|  |TAMS 0x0000000085e00000, 0x0000000085e00000| Untracked 
|  94|0x0000000085e00000, 0x0000000085f00000, 0x0000000085f00000|100%| O|  |TAMS 0x0000000085f00000, 0x0000000085f00000| Untracked 
|  95|0x0000000085f00000, 0x0000000086000000, 0x0000000086000000|100%| O|  |TAMS 0x0000000086000000, 0x0000000086000000| Untracked 
|  96|0x0000000086000000, 0x0000000086100000, 0x0000000086100000|100%| O|  |TAMS 0x0000000086100000, 0x0000000086100000| Untracked 
|  97|0x0000000086100000, 0x0000000086200000, 0x0000000086200000|100%| O|  |TAMS 0x0000000086200000, 0x0000000086200000| Untracked 
|  98|0x0000000086200000, 0x0000000086300000, 0x0000000086300000|100%| O|  |TAMS 0x0000000086300000, 0x0000000086300000| Untracked 
|  99|0x0000000086300000, 0x0000000086400000, 0x0000000086400000|100%| O|  |TAMS 0x0000000086400000, 0x0000000086400000| Untracked 
| 100|0x0000000086400000, 0x0000000086500000, 0x0000000086500000|100%| O|  |TAMS 0x0000000086500000, 0x0000000086500000| Untracked 
| 101|0x0000000086500000, 0x0000000086600000, 0x0000000086600000|100%| O|  |TAMS 0x0000000086600000, 0x0000000086600000| Untracked 
| 102|0x0000000086600000, 0x0000000086700000, 0x0000000086700000|100%| O|  |TAMS 0x0000000086700000, 0x0000000086700000| Untracked 
| 103|0x0000000086700000, 0x0000000086800000, 0x0000000086800000|100%| O|  |TAMS 0x0000000086780000, 0x0000000086800000| Untracked 
| 104|0x0000000086800000, 0x0000000086800000, 0x0000000086900000|  0%| F|  |TAMS 0x0000000086800000, 0x0000000086800000| Untracked 
| 105|0x0000000086900000, 0x0000000086900000, 0x0000000086a00000|  0%| F|  |TAMS 0x0000000086900000, 0x0000000086900000| Untracked 
| 106|0x0000000086a00000, 0x0000000086a00000, 0x0000000086b00000|  0%| F|  |TAMS 0x0000000086a00000, 0x0000000086a00000| Untracked 
| 107|0x0000000086b00000, 0x0000000086b00000, 0x0000000086c00000|  0%| F|  |TAMS 0x0000000086b00000, 0x0000000086b00000| Untracked 
| 108|0x0000000086c00000, 0x0000000086c00000, 0x0000000086d00000|  0%| F|  |TAMS 0x0000000086c00000, 0x0000000086c00000| Untracked 
| 109|0x0000000086d00000, 0x0000000086d00000, 0x0000000086e00000|  0%| F|  |TAMS 0x0000000086d00000, 0x0000000086d00000| Untracked 
| 110|0x0000000086e00000, 0x0000000086e00000, 0x0000000086f00000|  0%| F|  |TAMS 0x0000000086e00000, 0x0000000086e00000| Untracked 
| 111|0x0000000086f00000, 0x0000000086f00000, 0x0000000087000000|  0%| F|  |TAMS 0x0000000086f00000, 0x0000000086f00000| Untracked 
| 112|0x0000000087000000, 0x0000000087000000, 0x0000000087100000|  0%| F|  |TAMS 0x0000000087000000, 0x0000000087000000| Untracked 
| 113|0x0000000087100000, 0x0000000087100000, 0x0000000087200000|  0%| F|  |TAMS 0x0000000087100000, 0x0000000087100000| Untracked 
| 114|0x0000000087200000, 0x0000000087200000, 0x0000000087300000|  0%| F|  |TAMS 0x0000000087200000, 0x0000000087200000| Untracked 
| 115|0x0000000087300000, 0x0000000087300000, 0x0000000087400000|  0%| F|  |TAMS 0x0000000087300000, 0x0000000087300000| Untracked 
| 116|0x0000000087400000, 0x0000000087400000, 0x0000000087500000|  0%| F|  |TAMS 0x0000000087400000, 0x0000000087400000| Untracked 
| 117|0x0000000087500000, 0x0000000087500000, 0x0000000087600000|  0%| F|  |TAMS 0x0000000087500000, 0x0000000087500000| Untracked 
| 118|0x0000000087600000, 0x0000000087600000, 0x0000000087700000|  0%| F|  |TAMS 0x0000000087600000, 0x0000000087600000| Untracked 
| 119|0x0000000087700000, 0x0000000087700000, 0x0000000087800000|  0%| F|  |TAMS 0x0000000087700000, 0x0000000087700000| Untracked 
| 120|0x0000000087800000, 0x0000000087800000, 0x0000000087900000|  0%| F|  |TAMS 0x0000000087800000, 0x0000000087800000| Untracked 
| 121|0x0000000087900000, 0x0000000087900000, 0x0000000087a00000|  0%| F|  |TAMS 0x0000000087900000, 0x0000000087900000| Untracked 
| 122|0x0000000087a00000, 0x0000000087a00000, 0x0000000087b00000|  0%| F|  |TAMS 0x0000000087a00000, 0x0000000087a00000| Untracked 
| 123|0x0000000087b00000, 0x0000000087b00000, 0x0000000087c00000|  0%| F|  |TAMS 0x0000000087b00000, 0x0000000087b00000| Untracked 
| 124|0x0000000087c00000, 0x0000000087c00000, 0x0000000087d00000|  0%| F|  |TAMS 0x0000000087c00000, 0x0000000087c00000| Untracked 
| 125|0x0000000087d00000, 0x0000000087d00000, 0x0000000087e00000|  0%| F|  |TAMS 0x0000000087d00000, 0x0000000087d00000| Untracked 
| 126|0x0000000087e00000, 0x0000000087e00000, 0x0000000087f00000|  0%| F|  |TAMS 0x0000000087e00000, 0x0000000087e00000| Untracked 
| 127|0x0000000087f00000, 0x0000000087f00000, 0x0000000088000000|  0%| F|  |TAMS 0x0000000087f00000, 0x0000000087f00000| Untracked 
| 128|0x0000000088000000, 0x0000000088000000, 0x0000000088100000|  0%| F|  |TAMS 0x0000000088000000, 0x0000000088000000| Untracked 
| 129|0x0000000088100000, 0x0000000088100000, 0x0000000088200000|  0%| F|  |TAMS 0x0000000088100000, 0x0000000088100000| Untracked 
| 130|0x0000000088200000, 0x0000000088200000, 0x0000000088300000|  0%| F|  |TAMS 0x0000000088200000, 0x0000000088200000| Untracked 
| 131|0x0000000088300000, 0x0000000088300000, 0x0000000088400000|  0%| F|  |TAMS 0x0000000088300000, 0x0000000088300000| Untracked 
| 132|0x0000000088400000, 0x0000000088500000, 0x0000000088500000|100%| O|  |TAMS 0x0000000088400000, 0x0000000088500000| Untracked 
| 133|0x0000000088500000, 0x0000000088600000, 0x0000000088600000|100%| O|  |TAMS 0x0000000088500000, 0x0000000088600000| Untracked 
| 134|0x0000000088600000, 0x0000000088700000, 0x0000000088700000|100%| O|  |TAMS 0x0000000088600000, 0x0000000088700000| Untracked 
| 135|0x0000000088700000, 0x000000008877fe00, 0x0000000088800000| 49%| O|  |TAMS 0x0000000088700000, 0x000000008877fe00| Untracked 
| 136|0x0000000088800000, 0x0000000088800000, 0x0000000088900000|  0%| F|  |TAMS 0x0000000088800000, 0x0000000088800000| Untracked 
| 137|0x0000000088900000, 0x0000000088900000, 0x0000000088a00000|  0%| F|  |TAMS 0x0000000088900000, 0x0000000088900000| Untracked 
| 138|0x0000000088a00000, 0x0000000088a00000, 0x0000000088b00000|  0%| F|  |TAMS 0x0000000088a00000, 0x0000000088a00000| Untracked 
| 139|0x0000000088b00000, 0x0000000088b00000, 0x0000000088c00000|  0%| F|  |TAMS 0x0000000088b00000, 0x0000000088b00000| Untracked 
| 140|0x0000000088c00000, 0x0000000088c00000, 0x0000000088d00000|  0%| F|  |TAMS 0x0000000088c00000, 0x0000000088c00000| Untracked 
| 141|0x0000000088d00000, 0x0000000088d00000, 0x0000000088e00000|  0%| F|  |TAMS 0x0000000088d00000, 0x0000000088d00000| Untracked 
| 142|0x0000000088e00000, 0x0000000088e00000, 0x0000000088f00000|  0%| F|  |TAMS 0x0000000088e00000, 0x0000000088e00000| Untracked 
| 143|0x0000000088f00000, 0x0000000088f00000, 0x0000000089000000|  0%| F|  |TAMS 0x0000000088f00000, 0x0000000088f00000| Untracked 
| 144|0x0000000089000000, 0x0000000089000000, 0x0000000089100000|  0%| F|  |TAMS 0x0000000089000000, 0x0000000089000000| Untracked 
| 145|0x0000000089100000, 0x0000000089100000, 0x0000000089200000|  0%| F|  |TAMS 0x0000000089100000, 0x0000000089100000| Untracked 
| 146|0x0000000089200000, 0x0000000089200000, 0x0000000089300000|  0%| F|  |TAMS 0x0000000089200000, 0x0000000089200000| Untracked 
| 147|0x0000000089300000, 0x0000000089300000, 0x0000000089400000|  0%| F|  |TAMS 0x0000000089300000, 0x0000000089300000| Untracked 
| 148|0x0000000089400000, 0x0000000089400000, 0x0000000089500000|  0%| F|  |TAMS 0x0000000089400000, 0x0000000089400000| Untracked 
| 149|0x0000000089500000, 0x0000000089500000, 0x0000000089600000|  0%| F|  |TAMS 0x0000000089500000, 0x0000000089500000| Untracked 
| 150|0x0000000089600000, 0x0000000089600000, 0x0000000089700000|  0%| F|  |TAMS 0x0000000089600000, 0x0000000089600000| Untracked 
| 151|0x0000000089700000, 0x0000000089700000, 0x0000000089800000|  0%| F|  |TAMS 0x0000000089700000, 0x0000000089700000| Untracked 
| 152|0x0000000089800000, 0x0000000089800000, 0x0000000089900000|  0%| F|  |TAMS 0x0000000089800000, 0x0000000089800000| Untracked 
| 153|0x0000000089900000, 0x00000000899772e0, 0x0000000089a00000| 46%| S|CS|TAMS 0x0000000089900000, 0x0000000089900000| Complete 
| 154|0x0000000089a00000, 0x0000000089a00000, 0x0000000089b00000|  0%| F|  |TAMS 0x0000000089a00000, 0x0000000089a00000| Untracked 
| 155|0x0000000089b00000, 0x0000000089b00000, 0x0000000089c00000|  0%| F|  |TAMS 0x0000000089b00000, 0x0000000089b00000| Untracked 
| 156|0x0000000089c00000, 0x0000000089d00000, 0x0000000089d00000|100%| S|CS|TAMS 0x0000000089c00000, 0x0000000089c00000| Complete 
| 157|0x0000000089d00000, 0x0000000089e00000, 0x0000000089e00000|100%| S|CS|TAMS 0x0000000089d00000, 0x0000000089d00000| Complete 
| 158|0x0000000089e00000, 0x0000000089e00000, 0x0000000089f00000|  0%| F|  |TAMS 0x0000000089e00000, 0x0000000089e00000| Untracked 
| 159|0x0000000089f00000, 0x0000000089f00000, 0x000000008a000000|  0%| F|  |TAMS 0x0000000089f00000, 0x0000000089f00000| Untracked 
| 160|0x000000008a000000, 0x000000008a000000, 0x000000008a100000|  0%| F|  |TAMS 0x000000008a000000, 0x000000008a000000| Untracked 
| 161|0x000000008a100000, 0x000000008a100000, 0x000000008a200000|  0%| F|  |TAMS 0x000000008a100000, 0x000000008a100000| Untracked 
| 162|0x000000008a200000, 0x000000008a200000, 0x000000008a300000|  0%| F|  |TAMS 0x000000008a200000, 0x000000008a200000| Untracked 
| 163|0x000000008a300000, 0x000000008a300000, 0x000000008a400000|  0%| F|  |TAMS 0x000000008a300000, 0x000000008a300000| Untracked 
| 164|0x000000008a400000, 0x000000008a400000, 0x000000008a500000|  0%| F|  |TAMS 0x000000008a400000, 0x000000008a400000| Untracked 
| 165|0x000000008a500000, 0x000000008a500000, 0x000000008a600000|  0%| F|  |TAMS 0x000000008a500000, 0x000000008a500000| Untracked 
| 166|0x000000008a600000, 0x000000008a600000, 0x000000008a700000|  0%| F|  |TAMS 0x000000008a600000, 0x000000008a600000| Untracked 
| 167|0x000000008a700000, 0x000000008a700000, 0x000000008a800000|  0%| F|  |TAMS 0x000000008a700000, 0x000000008a700000| Untracked 
| 168|0x000000008a800000, 0x000000008a800000, 0x000000008a900000|  0%| F|  |TAMS 0x000000008a800000, 0x000000008a800000| Untracked 
| 169|0x000000008a900000, 0x000000008a900000, 0x000000008aa00000|  0%| F|  |TAMS 0x000000008a900000, 0x000000008a900000| Untracked 
| 170|0x000000008aa00000, 0x000000008aa00000, 0x000000008ab00000|  0%| F|  |TAMS 0x000000008aa00000, 0x000000008aa00000| Untracked 
| 171|0x000000008ab00000, 0x000000008ab00000, 0x000000008ac00000|  0%| F|  |TAMS 0x000000008ab00000, 0x000000008ab00000| Untracked 
| 172|0x000000008ac00000, 0x000000008ac00000, 0x000000008ad00000|  0%| F|  |TAMS 0x000000008ac00000, 0x000000008ac00000| Untracked 
| 173|0x000000008ad00000, 0x000000008ad00000, 0x000000008ae00000|  0%| F|  |TAMS 0x000000008ad00000, 0x000000008ad00000| Untracked 
| 174|0x000000008ae00000, 0x000000008ae00000, 0x000000008af00000|  0%| F|  |TAMS 0x000000008ae00000, 0x000000008ae00000| Untracked 
| 175|0x000000008af00000, 0x000000008af00000, 0x000000008b000000|  0%| F|  |TAMS 0x000000008af00000, 0x000000008af00000| Untracked 
| 176|0x000000008b000000, 0x000000008b000000, 0x000000008b100000|  0%| F|  |TAMS 0x000000008b000000, 0x000000008b000000| Untracked 
| 177|0x000000008b100000, 0x000000008b100000, 0x000000008b200000|  0%| F|  |TAMS 0x000000008b100000, 0x000000008b100000| Untracked 
| 178|0x000000008b200000, 0x000000008b200000, 0x000000008b300000|  0%| F|  |TAMS 0x000000008b200000, 0x000000008b200000| Untracked 
| 179|0x000000008b300000, 0x000000008b300000, 0x000000008b400000|  0%| F|  |TAMS 0x000000008b300000, 0x000000008b300000| Untracked 
| 180|0x000000008b400000, 0x000000008b400000, 0x000000008b500000|  0%| F|  |TAMS 0x000000008b400000, 0x000000008b400000| Untracked 
| 181|0x000000008b500000, 0x000000008b5fc0f8, 0x000000008b600000| 98%| E|  |TAMS 0x000000008b500000, 0x000000008b500000| Complete 
| 182|0x000000008b600000, 0x000000008b700000, 0x000000008b700000|100%| E|CS|TAMS 0x000000008b600000, 0x000000008b600000| Complete 
| 183|0x000000008b700000, 0x000000008b800000, 0x000000008b800000|100%| E|CS|TAMS 0x000000008b700000, 0x000000008b700000| Complete 
| 184|0x000000008b800000, 0x000000008b900000, 0x000000008b900000|100%| E|CS|TAMS 0x000000008b800000, 0x000000008b800000| Complete 

Card table byte_map: [0x000001bb46970000,0x000001bb46d70000] _byte_map_base: 0x000001bb46570000

Marking Bits (Prev, Next): (CMBitMap*) 0x000001bb31c8f678, (CMBitMap*) 0x000001bb31c8f6b0
 Prev Bits: [0x000001bb47170000, 0x000001bb49170000)
 Next Bits: [0x000001bb49170000, 0x000001bb4b170000)

Polling page: 0x000001bb31d30000

Metaspace:

Usage:
  Non-class:     81.66 MB capacity,    80.27 MB ( 98%) used,     1.12 MB (  1%) free+waste,   274.63 KB ( <1%) overhead. 
      Class:     12.57 MB capacity,    11.70 MB ( 93%) used,   769.11 KB (  6%) free+waste,   122.19 KB ( <1%) overhead. 
       Both:     94.24 MB capacity,    91.98 MB ( 98%) used,     1.87 MB (  2%) free+waste,   396.81 KB ( <1%) overhead. 

Virtual space:
  Non-class space:       82.00 MB reserved,      81.77 MB (>99%) committed 
      Class space:        1.00 GB reserved,      12.65 MB (  1%) committed 
             Both:        1.08 GB reserved,      94.41 MB (  9%) committed 

Chunk freelists:
   Non-Class:  43.00 KB
       Class:  20.00 KB
        Both:  63.00 KB

MaxMetaspaceSize: 17179869184.00 GB
CompressedClassSpaceSize: 1.00 GB
Initial GC threshold: 20.80 MB
Current GC threshold: 153.61 MB
CDS: off

CodeHeap 'non-profiled nmethods': size=120064Kb used=7364Kb max_used=7364Kb free=112699Kb
 bounds [0x000001bb3ea10000, 0x000001bb3f150000, 0x000001bb45f50000]
CodeHeap 'profiled nmethods': size=120000Kb used=25975Kb max_used=25975Kb free=94024Kb
 bounds [0x000001bb374e0000, 0x000001bb38e40000, 0x000001bb3ea10000]
CodeHeap 'non-nmethods': size=5696Kb used=2382Kb max_used=2442Kb free=3313Kb
 bounds [0x000001bb36f50000, 0x000001bb371d0000, 0x000001bb374e0000]
 total_blobs=12947 nmethods=12038 adapters=821
 compilation: enabled
              stopped_count=0, restarted_count=0
 full_count=0

Compilation events (20 events):
Event: 71.149 Thread 0x000001bb4e067800 nmethod 12084 0x000001bb38dfa690 code [0x000001bb38dfa8e0, 0x000001bb38dfb2a8]
Event: 71.149 Thread 0x000001bb4e067800 12085       3       com.google.common.collect.AbstractTable::contains (30 bytes)
Event: 71.152 Thread 0x000001bb4e067800 nmethod 12085 0x000001bb38dfb610 code [0x000001bb38dfb860, 0x000001bb38dfc108]
Event: 71.152 Thread 0x000001bb4e067800 12086       3       com.google.common.collect.Maps$IteratorBasedAbstractMap::<init> (5 bytes)
Event: 71.152 Thread 0x000001bb4e067800 nmethod 12086 0x000001bb38dfc410 code [0x000001bb38dfc5c0, 0x000001bb38dfc778]
Event: 71.152 Thread 0x000001bb4e067800 12088       3       com.google.common.collect.StandardTable::row (10 bytes)
Event: 71.154 Thread 0x000001bb4e067800 nmethod 12088 0x000001bb38dfc890 code [0x000001bb38dfca80, 0x000001bb38dfcf68]
Event: 71.154 Thread 0x000001bb4e067800 12089       3       com.google.common.collect.StandardTable$Row::<init> (18 bytes)
Event: 71.155 Thread 0x000001bb4e067800 nmethod 12089 0x000001bb38dfd110 code [0x000001bb38dfd300, 0x000001bb38dfd728]
Event: 71.155 Thread 0x000001bb4e067800 12087       1       com.google.common.collect.SingletonImmutableSet::size (2 bytes)
Event: 71.156 Thread 0x000001bb4e067800 nmethod 12087 0x000001bb3f134d90 code [0x000001bb3f134f40, 0x000001bb3f134ff8]
Event: 71.165 Thread 0x000001bb54641800 nmethod 12083% 0x000001bb3f135090 code [0x000001bb3f135220, 0x000001bb3f135578]
Event: 71.181 Thread 0x000001bb4e067800 12090       3       sun.net.www.protocol.file.Handler::createFileURLConnection (10 bytes)
Event: 71.181 Thread 0x000001bb4e067800 nmethod 12090 0x000001bb38dfd890 code [0x000001bb38dfda40, 0x000001bb38dfdbe8]
Event: 71.181 Thread 0x000001bb4e067800 12091       3       sun.net.www.protocol.file.FileURLConnection::<init> (38 bytes)
Event: 71.182 Thread 0x000001bb4e067800 nmethod 12091 0x000001bb38dfdc90 code [0x000001bb38dfde80, 0x000001bb38dfe278]
Event: 71.193 Thread 0x000001bb54641800 12092       4       com.google.common.cache.LocalCache$Segment::setValue (82 bytes)
Event: 71.201 Thread 0x000001bb4e067800 12093       3       com.google.common.collect.StandardTable$Row::backingRowMap (55 bytes)
Event: 71.201 Thread 0x000001bb4e067800 nmethod 12093 0x000001bb38dfe410 code [0x000001bb38dfe620, 0x000001bb38dfec28]
Event: 71.216 Thread 0x000001bb54641800 nmethod 12092 0x000001bb3f135790 code [0x000001bb3f1359a0, 0x000001bb3f1361a8]

GC Heap History (20 events):
Event: 39.717 GC heap before
{Heap before GC invocations=19 (full 0):
 garbage-first heap   total 131072K, used 101270K [0x0000000080000000, 0x0000000100000000)
  region size 1024K, 51 young (52224K), 7 survivors (7168K)
 Metaspace       used 71299K, capacity 72850K, committed 73000K, reserved 1112064K
  class space    used 9107K, capacity 9713K, committed 9752K, reserved 1048576K
}
Event: 39.756 GC heap after
{Heap after GC invocations=20 (full 0):
 garbage-first heap   total 131072K, used 58999K [0x0000000080000000, 0x0000000100000000)
  region size 1024K, 7 young (7168K), 7 survivors (7168K)
 Metaspace       used 71299K, capacity 72850K, committed 73000K, reserved 1112064K
  class space    used 9107K, capacity 9713K, committed 9752K, reserved 1048576K
}
Event: 40.605 GC heap before
{Heap before GC invocations=20 (full 0):
 garbage-first heap   total 131072K, used 103031K [0x0000000080000000, 0x0000000100000000)
  region size 1024K, 50 young (51200K), 7 survivors (7168K)
 Metaspace       used 73849K, capacity 75614K, committed 75816K, reserved 1116160K
  class space    used 9519K, capacity 10155K, committed 10264K, reserved 1048576K
}
Event: 40.627 GC heap after
{Heap after GC invocations=21 (full 0):
 garbage-first heap   total 157696K, used 62013K [0x0000000080000000, 0x0000000100000000)
  region size 1024K, 6 young (6144K), 6 survivors (6144K)
 Metaspace       used 73849K, capacity 75614K, committed 75816K, reserved 1116160K
  class space    used 9519K, capacity 10155K, committed 10264K, reserved 1048576K
}
Event: 42.347 GC heap before
{Heap before GC invocations=21 (full 0):
 garbage-first heap   total 157696K, used 122429K [0x0000000080000000, 0x0000000100000000)
  region size 1024K, 65 young (66560K), 6 survivors (6144K)
 Metaspace       used 78235K, capacity 80002K, committed 80296K, reserved 1118208K
  class space    used 10134K, capacity 10850K, committed 10904K, reserved 1048576K
}
Event: 42.375 GC heap after
{Heap after GC invocations=22 (full 0):
 garbage-first heap   total 157696K, used 66155K [0x0000000080000000, 0x0000000100000000)
  region size 1024K, 7 young (7168K), 7 survivors (7168K)
 Metaspace       used 78235K, capacity 80002K, committed 80296K, reserved 1118208K
  class space    used 10134K, capacity 10850K, committed 10904K, reserved 1048576K
}
Event: 44.117 GC heap before
{Heap before GC invocations=22 (full 0):
 garbage-first heap   total 157696K, used 124523K [0x0000000080000000, 0x0000000100000000)
  region size 1024K, 65 young (66560K), 7 survivors (7168K)
 Metaspace       used 83519K, capacity 85375K, committed 85544K, reserved 1124352K
  class space    used 10783K, capacity 11515K, committed 11544K, reserved 1048576K
}
Event: 44.145 GC heap after
{Heap after GC invocations=23 (full 0):
 garbage-first heap   total 157696K, used 72207K [0x0000000080000000, 0x0000000100000000)
  region size 1024K, 9 young (9216K), 9 survivors (9216K)
 Metaspace       used 83519K, capacity 85375K, committed 85544K, reserved 1124352K
  class space    used 10783K, capacity 11515K, committed 11544K, reserved 1048576K
}
Event: 48.547 GC heap before
{Heap before GC invocations=23 (full 0):
 garbage-first heap   total 157696K, used 124431K [0x0000000080000000, 0x0000000100000000)
  region size 1024K, 61 young (62464K), 9 survivors (9216K)
 Metaspace       used 86902K, capacity 89076K, committed 89128K, reserved 1126400K
  class space    used 11203K, capacity 12033K, committed 12056K, reserved 1048576K
}
Event: 48.579 GC heap after
{Heap after GC invocations=24 (full 0):
 garbage-first heap   total 157696K, used 76300K [0x0000000080000000, 0x0000000100000000)
  region size 1024K, 4 young (4096K), 4 survivors (4096K)
 Metaspace       used 86902K, capacity 89076K, committed 89128K, reserved 1126400K
  class space    used 11203K, capacity 12033K, committed 12056K, reserved 1048576K
}
Event: 55.986 GC heap before
{Heap before GC invocations=24 (full 0):
 garbage-first heap   total 157696K, used 126476K [0x0000000080000000, 0x0000000100000000)
  region size 1024K, 54 young (55296K), 4 survivors (4096K)
 Metaspace       used 87270K, capacity 89449K, committed 89640K, reserved 1126400K
  class space    used 11204K, capacity 12033K, committed 12056K, reserved 1048576K
}
Event: 56.023 GC heap after
{Heap after GC invocations=25 (full 0):
 garbage-first heap   total 157696K, used 79853K [0x0000000080000000, 0x0000000100000000)
  region size 1024K, 4 young (4096K), 4 survivors (4096K)
 Metaspace       used 87270K, capacity 89449K, committed 89640K, reserved 1126400K
  class space    used 11204K, capacity 12033K, committed 12056K, reserved 1048576K
}
Event: 61.623 GC heap before
{Heap before GC invocations=26 (full 0):
 garbage-first heap   total 157696K, used 113645K [0x0000000080000000, 0x0000000100000000)
  region size 1024K, 39 young (39936K), 4 survivors (4096K)
 Metaspace       used 88057K, capacity 90281K, committed 90536K, reserved 1128448K
  class space    used 11318K, capacity 12153K, committed 12184K, reserved 1048576K
}
Event: 61.657 GC heap after
{Heap after GC invocations=27 (full 0):
 garbage-first heap   total 189440K, used 82331K [0x0000000080000000, 0x0000000100000000)
  region size 1024K, 6 young (6144K), 6 survivors (6144K)
 Metaspace       used 88057K, capacity 90281K, committed 90536K, reserved 1128448K
  class space    used 11318K, capacity 12153K, committed 12184K, reserved 1048576K
}
Event: 65.584 GC heap before
{Heap before GC invocations=28 (full 0):
 garbage-first heap   total 189440K, used 146843K [0x0000000080000000, 0x0000000100000000)
  region size 1024K, 67 young (68608K), 6 survivors (6144K)
 Metaspace       used 91487K, capacity 93659K, committed 93864K, reserved 1130496K
  class space    used 11715K, capacity 12578K, committed 12696K, reserved 1048576K
}
Event: 65.640 GC heap after
{Heap after GC invocations=29 (full 0):
 garbage-first heap   total 189440K, used 105354K [0x0000000080000000, 0x0000000100000000)
  region size 1024K, 9 young (9216K), 9 survivors (9216K)
 Metaspace       used 91487K, capacity 93659K, committed 93864K, reserved 1130496K
  class space    used 11715K, capacity 12578K, committed 12696K, reserved 1048576K
}
Event: 65.737 GC heap before
{Heap before GC invocations=29 (full 0):
 garbage-first heap   total 189440K, used 109450K [0x0000000080000000, 0x0000000100000000)
  region size 1024K, 14 young (14336K), 9 survivors (9216K)
 Metaspace       used 91505K, capacity 93723K, committed 93864K, reserved 1130496K
  class space    used 11716K, capacity 12578K, committed 12696K, reserved 1048576K
}
Event: 65.773 GC heap after
{Heap after GC invocations=30 (full 0):
 garbage-first heap   total 189440K, used 110080K [0x0000000080000000, 0x0000000100000000)
  region size 1024K, 4 young (4096K), 4 survivors (4096K)
 Metaspace       used 91505K, capacity 93723K, committed 93864K, reserved 1130496K
  class space    used 11716K, capacity 12578K, committed 12696K, reserved 1048576K
}
Event: 69.760 GC heap before
{Heap before GC invocations=31 (full 0):
 garbage-first heap   total 189440K, used 163328K [0x0000000080000000, 0x0000000100000000)
  region size 1024K, 29 young (29696K), 4 survivors (4096K)
 Metaspace       used 94006K, capacity 96272K, committed 96424K, reserved 1132544K
  class space    used 11979K, capacity 12874K, committed 12952K, reserved 1048576K
}
Event: 69.776 GC heap after
{Heap after GC invocations=32 (full 0):
 garbage-first heap   total 189440K, used 111507K [0x0000000080000000, 0x0000000100000000)
  region size 1024K, 2 young (2048K), 2 survivors (2048K)
 Metaspace       used 94006K, capacity 96272K, committed 96424K, reserved 1132544K
  class space    used 11979K, capacity 12874K, committed 12952K, reserved 1048576K
}

Deoptimization events (20 events):
Event: 69.555 Thread 0x000001bb569a5800 Uncommon trap: trap_request=0xffffffc6 fr.pc=0x000001bb3f09d070 relative=0x0000000000000390
Event: 69.555 Thread 0x000001bb569a5800 Uncommon trap: reason=bimorphic_or_optimized_type_check action=maybe_recompile pc=0x000001bb3f09d070 method=org.apache.xerces.dom.ElementImpl.getAttributes()Lorg/w3c/dom/NamedNodeMap; @ 8 c2
Event: 69.555 Thread 0x000001bb569a5800 DEOPT PACKING pc=0x000001bb3f09d070 sp=0x0000003bcaafdac0
Event: 69.555 Thread 0x000001bb569a5800 DEOPT UNPACKING pc=0x000001bb36f9a1af sp=0x0000003bcaafdaa0 mode 2
Event: 70.078 Thread 0x000001bb569a5800 Uncommon trap: trap_request=0xffffffc6 fr.pc=0x000001bb3f09d070 relative=0x0000000000000390
Event: 70.078 Thread 0x000001bb569a5800 Uncommon trap: reason=bimorphic_or_optimized_type_check action=maybe_recompile pc=0x000001bb3f09d070 method=org.apache.xerces.dom.ElementImpl.getAttributes()Lorg/w3c/dom/NamedNodeMap; @ 8 c2
Event: 70.078 Thread 0x000001bb569a5800 DEOPT PACKING pc=0x000001bb3f09d070 sp=0x0000003bcaafdb60
Event: 70.078 Thread 0x000001bb569a5800 DEOPT UNPACKING pc=0x000001bb36f9a1af sp=0x0000003bcaafdb40 mode 2
Event: 70.080 Thread 0x000001bb569a5800 Uncommon trap: trap_request=0xffffff4d fr.pc=0x000001bb3f02a800 relative=0x00000000000002a0
Event: 70.080 Thread 0x000001bb569a5800 Uncommon trap: reason=unstable_if action=reinterpret pc=0x000001bb3f02a800 method=org.apache.xerces.impl.XMLEntityScanner.skipString(Ljava/lang/String;)Z @ 65 c2
Event: 70.080 Thread 0x000001bb569a5800 DEOPT PACKING pc=0x000001bb3f02a800 sp=0x0000003bcaafd910
Event: 70.080 Thread 0x000001bb569a5800 DEOPT UNPACKING pc=0x000001bb36f9a1af sp=0x0000003bcaafd8d0 mode 2
Event: 70.209 Thread 0x000001bb569a5800 Uncommon trap: trap_request=0xffffff4d fr.pc=0x000001bb3f01cda0 relative=0x00000000000002a0
Event: 70.209 Thread 0x000001bb569a5800 Uncommon trap: reason=unstable_if action=reinterpret pc=0x000001bb3f01cda0 method=org.apache.xerces.impl.XMLEntityScanner.skipSpaces()Z @ 70 c2
Event: 70.209 Thread 0x000001bb569a5800 DEOPT PACKING pc=0x000001bb3f01cda0 sp=0x0000003bcaafd8e0
Event: 70.209 Thread 0x000001bb569a5800 DEOPT UNPACKING pc=0x000001bb36f9a1af sp=0x0000003bcaafd870 mode 2
Event: 70.209 Thread 0x000001bb569a5800 Uncommon trap: trap_request=0xffffff4d fr.pc=0x000001bb3f0382e8 relative=0x0000000000000f48
Event: 70.209 Thread 0x000001bb569a5800 Uncommon trap: reason=unstable_if action=reinterpret pc=0x000001bb3f0382e8 method=org.apache.xerces.impl.XMLEntityScanner.scanContent(Lorg/apache/xerces/xni/XMLString;)I @ 134 c2
Event: 70.209 Thread 0x000001bb569a5800 DEOPT PACKING pc=0x000001bb3f0382e8 sp=0x0000003bcaafd740
Event: 70.209 Thread 0x000001bb569a5800 DEOPT UNPACKING pc=0x000001bb36f9a1af sp=0x0000003bcaafd718 mode 2

Classes redefined (0 events):
No events

Internal exceptions (20 events):
Event: 44.612 Thread 0x000001bb4f413800 Exception <a 'java/lang/NoSuchMethodError'{0x0000000088d78ed8}: <clinit>> (0x0000000088d78ed8) thrown at [./src/hotspot/share/prims/jni.cpp, line 1366]
Event: 44.615 Thread 0x000001bb4f413800 Exception <a 'java/lang/NoSuchMethodError'{0x0000000088d8ca28}: <clinit>> (0x0000000088d8ca28) thrown at [./src/hotspot/share/prims/jni.cpp, line 1366]
Event: 44.615 Thread 0x000001bb4f413800 Exception <a 'java/lang/NoSuchMethodError'{0x0000000088d8e1a8}: <clinit>> (0x0000000088d8e1a8) thrown at [./src/hotspot/share/prims/jni.cpp, line 1366]
Event: 44.668 Thread 0x000001bb4e3ee800 Exception <a 'java/lang/NoSuchMethodError'{0x0000000088bedd90}: <clinit>> (0x0000000088bedd90) thrown at [./src/hotspot/share/prims/jni.cpp, line 1366]
Event: 44.672 Thread 0x000001bb4e3ee800 Exception <a 'java/lang/NoSuchMethodError'{0x0000000088a0e2d0}: <clinit>> (0x0000000088a0e2d0) thrown at [./src/hotspot/share/prims/jni.cpp, line 1366]
Event: 44.693 Thread 0x000001bb4e3ee800 Exception <a 'java/lang/NoSuchMethodError'{0x0000000088a70e80}: <clinit>> (0x0000000088a70e80) thrown at [./src/hotspot/share/prims/jni.cpp, line 1366]
Event: 44.695 Thread 0x000001bb4f413800 Exception <a 'java/lang/NoSuchMethodError'{0x0000000088a8cdc8}: <clinit>> (0x0000000088a8cdc8) thrown at [./src/hotspot/share/prims/jni.cpp, line 1366]
Event: 44.722 Thread 0x000001bb4e3ed800 Exception <a 'java/lang/NoSuchMethodError'{0x000000008899dba8}: 'int java.lang.invoke.DirectMethodHandle$Holder.invokeSpecial(java.lang.Object, java.lang.Object, java.lang.Object, java.lang.Object, java.lang.Object)'> (0x000000008899dba8) thrown at [./src/hotspot/share/interpreter/linkResolver.cpp, line 773]
Event: 47.147 Thread 0x000001bb4e3ed800 Exception <a 'java/lang/NoSuchMethodError'{0x0000000087480948}: 'void java.lang.invoke.DirectMethodHandle$Holder.invokeStatic(java.lang.Object, java.lang.Object, java.lang.Object, java.lang.Object, int, java.lang.Object, java.lang.Object)'> (0x0000000087480948) thrown at [./src/hotspot/share/interpreter/linkResolver.cpp, line 773]
Event: 47.217 Thread 0x000001bb51ef5000 Exception <a 'java/lang/NoSuchMethodError'{0x00000000870d5e88}: 'java.lang.Object java.lang.invoke.DirectMethodHandle$Holder.invokeSpecialIFC(java.lang.Object, java.lang.Object, java.lang.Object)'> (0x00000000870d5e88) thrown at [./src/hotspot/share/interpreter/linkResolver.cpp, line 773]
Event: 47.645 Thread 0x000001bb51ef2800 Exception <a 'java/lang/NoSuchMethodError'{0x0000000086d4e5d0}: 'void java.lang.invoke.DirectMethodHandle$Holder.invokeVirtual(java.lang.Object, java.lang.Object)'> (0x0000000086d4e5d0) thrown at [./src/hotspot/share/interpreter/linkResolver.cpp, line 773]
Event: 49.623 Thread 0x000001bb51ef2800 Implicit null exception at 0x000001bb3ef9005b to 0x000001bb3ef900ec
Event: 50.945 Thread 0x000001bb5079b800 Implicit null exception at 0x000001bb3efb2a24 to 0x000001bb3efb2bc4
Event: 60.964 Thread 0x000001bb4e3ed800 Exception <a 'java/lang/NoSuchMethodError'{0x0000000087ba33d8}: 'void java.lang.invoke.DirectMethodHandle$Holder.invokeInterface(java.lang.Object, java.lang.Object, java.lang.Object, java.lang.Object)'> (0x0000000087ba33d8) thrown at [./src/hotspot/share/interpreter/linkResolver.cpp, line 773]
Event: 62.231 Thread 0x000001bb4e3ed800 Implicit null exception at 0x000001bb3ecfef84 to 0x000001bb3ecff17c
Event: 63.251 Thread 0x000001bb4e3ed800 Implicit null exception at 0x000001bb3f04b995 to 0x000001bb3f04c331
Event: 66.137 Thread 0x000001bb4e3ed800 Exception <a 'java/lang/NoSuchMethodError'{0x000000008b57d1d0}: <clinit>> (0x000000008b57d1d0) thrown at [./src/hotspot/share/prims/jni.cpp, line 1366]
Event: 66.150 Thread 0x000001bb4e3ed800 Exception <a 'java/lang/NoSuchMethodError'{0x000000008b5f3100}: <clinit>> (0x000000008b5f3100) thrown at [./src/hotspot/share/prims/jni.cpp, line 1366]
Event: 66.159 Thread 0x000001bb4e3ed800 Exception <a 'java/lang/NoSuchMethodError'{0x000000008b41cda0}: <clinit>> (0x000000008b41cda0) thrown at [./src/hotspot/share/prims/jni.cpp, line 1366]
Event: 67.130 Thread 0x000001bb4e3ed800 Exception <a 'java/lang/NoSuchMethodError'{0x000000008a89c0b8}: 'java.lang.Object java.lang.invoke.DirectMethodHandle$Holder.newInvokeSpecial(java.lang.Object, java.lang.Object, java.lang.Object, java.lang.Object)'> (0x000000008a89c0b8) thrown at [./src/hotspot/share/interpreter/linkResolver.cpp, line 773]

Events (20 events):
Event: 69.553 loading class com/android/ide/common/symbols/ResourceExtraXmlParser done
Event: 69.760 Executing VM operation: G1CollectForAllocation
Event: 69.776 Executing VM operation: G1CollectForAllocation done
Event: 70.718 Thread 0x000001bb54641800 Thread added: 0x000001bb54641800
Event: 70.785 loading class org/gradle/internal/snapshot/impl/ManagedValueSnapshot
Event: 70.785 loading class org/gradle/internal/snapshot/impl/ManagedValueSnapshot done
Event: 70.810 loading class com/android/build/gradle/tasks/MapSourceSetPathsTask$CreateAction$configure$6$1$2$1
Event: 70.810 loading class com/android/build/gradle/tasks/MapSourceSetPathsTask$CreateAction$configure$6$1$2$1 done
Event: 71.031 Executing VM operation: RevokeBias
Event: 71.032 Executing VM operation: RevokeBias done
Event: 71.032 Executing VM operation: RevokeBias
Event: 71.033 Executing VM operation: RevokeBias done
Event: 71.033 Executing VM operation: RevokeBias
Event: 71.033 Executing VM operation: RevokeBias done
Event: 71.034 Executing VM operation: RevokeBias
Event: 71.034 Executing VM operation: RevokeBias done
Event: 71.034 Executing VM operation: RevokeBias
Event: 71.034 Executing VM operation: RevokeBias done
Event: 71.034 Executing VM operation: RevokeBias
Event: 71.035 Executing VM operation: RevokeBias done


Dynamic libraries:
0x00007ff7d4ab0000 - 0x00007ff7d4aba000 	C:\Program Files\Android\Android Studio\jre\bin\java.exe
0x00007ffcba9b0000 - 0x00007ffcbaba8000 	C:\Windows\SYSTEM32\ntdll.dll
0x00007ffcb96b0000 - 0x00007ffcb976f000 	C:\Windows\System32\KERNEL32.DLL
0x00007ffcb84e0000 - 0x00007ffcb87d6000 	C:\Windows\System32\KERNELBASE.dll
0x00007ffcb8910000 - 0x00007ffcb8a10000 	C:\Windows\System32\ucrtbase.dll
0x00007ffcb1d90000 - 0x00007ffcb1da9000 	C:\Program Files\Android\Android Studio\jre\bin\jli.dll
0x00007ffcb9310000 - 0x00007ffcb94ad000 	C:\Windows\System32\USER32.dll
0x00007ffcb88e0000 - 0x00007ffcb8902000 	C:\Windows\System32\win32u.dll
0x00007ffca42c0000 - 0x00007ffca455a000 	C:\Windows\WinSxS\amd64_microsoft.windows.common-controls_6595b64144ccf1df_6.0.19041.1110_none_60b5254171f9507e\COMCTL32.dll
0x00007ffcba680000 - 0x00007ffcba6ac000 	C:\Windows\System32\GDI32.dll
0x00007ffcb9580000 - 0x00007ffcb961e000 	C:\Windows\System32\msvcrt.dll
0x00007ffcb82c0000 - 0x00007ffcb83d5000 	C:\Windows\System32\gdi32full.dll
0x00007ffcb8090000 - 0x00007ffcb812d000 	C:\Windows\System32\msvcp_win.dll
0x00007ffcb19f0000 - 0x00007ffcb1a07000 	C:\Program Files\Android\Android Studio\jre\bin\VCRUNTIME140.dll
0x00007ffcba4c0000 - 0x00007ffcba4f0000 	C:\Windows\System32\IMM32.DLL
0x00007ffc94b40000 - 0x00007ffc94bdd000 	C:\Program Files\Android\Android Studio\jre\bin\msvcp140.dll
0x00007ffc5c0a0000 - 0x00007ffc5cba2000 	C:\Program Files\Android\Android Studio\jre\bin\server\jvm.dll
0x00007ffcb8a10000 - 0x00007ffcb8abf000 	C:\Windows\System32\ADVAPI32.dll
0x00007ffcb90b0000 - 0x00007ffcb914c000 	C:\Windows\System32\sechost.dll
0x00007ffcba840000 - 0x00007ffcba966000 	C:\Windows\System32\RPCRT4.dll
0x00007ffcb96a0000 - 0x00007ffcb96a8000 	C:\Windows\System32\PSAPI.DLL
0x00007ffca3b20000 - 0x00007ffca3b47000 	C:\Windows\SYSTEM32\WINMM.dll
0x00007ffcab320000 - 0x00007ffcab32a000 	C:\Windows\SYSTEM32\VERSION.dll
0x00007ffcb37f0000 - 0x00007ffcb37f9000 	C:\Windows\SYSTEM32\WSOCK32.dll
0x00007ffcb9630000 - 0x00007ffcb969b000 	C:\Windows\System32\WS2_32.dll
0x00007ffcb68c0000 - 0x00007ffcb68d2000 	C:\Windows\SYSTEM32\kernel.appcore.dll
0x00007ffcb0220000 - 0x00007ffcb0231000 	C:\Program Files\Android\Android Studio\jre\bin\verify.dll
0x00007ffca3f50000 - 0x00007ffca4134000 	C:\Windows\SYSTEM32\DBGHELP.DLL
0x00007ffca3ed0000 - 0x00007ffca3f04000 	C:\Windows\SYSTEM32\dbgcore.DLL
0x00007ffcb8850000 - 0x00007ffcb88d2000 	C:\Windows\System32\bcryptPrimitives.dll
0x00007ffcaef40000 - 0x00007ffcaef69000 	C:\Program Files\Android\Android Studio\jre\bin\java.dll
0x00007ffcb1ab0000 - 0x00007ffcb1abb000 	C:\Program Files\Android\Android Studio\jre\bin\jimage.dll
0x00007ffca8390000 - 0x00007ffca83a8000 	C:\Program Files\Android\Android Studio\jre\bin\zip.dll
0x00007ffcb9800000 - 0x00007ffcb9f44000 	C:\Windows\System32\SHELL32.dll
0x00007ffcb6110000 - 0x00007ffcb68a3000 	C:\Windows\SYSTEM32\windows.storage.dll
0x00007ffcb9f50000 - 0x00007ffcba2a4000 	C:\Windows\System32\combase.dll
0x00007ffcb7ad0000 - 0x00007ffcb7afe000 	C:\Windows\SYSTEM32\Wldp.dll
0x00007ffcb9260000 - 0x00007ffcb930d000 	C:\Windows\System32\SHCORE.dll
0x00007ffcba7e0000 - 0x00007ffcba835000 	C:\Windows\System32\shlwapi.dll
0x00007ffcb7fc0000 - 0x00007ffcb7fe5000 	C:\Windows\SYSTEM32\profapi.dll
0x00007ffca8310000 - 0x00007ffca832a000 	C:\Program Files\Android\Android Studio\jre\bin\net.dll
0x00007ffcabd60000 - 0x00007ffcabe6a000 	C:\Windows\SYSTEM32\WINHTTP.dll
0x00007ffcb7830000 - 0x00007ffcb789a000 	C:\Windows\system32\mswsock.dll
0x00007ffca7fd0000 - 0x00007ffca7fe4000 	C:\Program Files\Android\Android Studio\jre\bin\nio.dll
0x00007ffca59a0000 - 0x00007ffca59c7000 	C:\Users\hp\.gradle\native\e1d6ef7f7dcc3fd88c89a11ec53ec762bb8ba0a96d01ffa2cd45eb1d1d8dd5c5\windows-amd64\native-platform.dll
0x00007ffc85dd0000 - 0x00007ffc85f14000 	C:\Users\hp\.gradle\native\0d407fdbe67a94daf76414ababcb853783967236a71b16ec16e742cd7a986fd3\windows-amd64\native-platform-file-events.dll
0x00007ffcb19e0000 - 0x00007ffcb19ea000 	C:\Program Files\Android\Android Studio\jre\bin\management.dll
0x00007ffcb17d0000 - 0x00007ffcb17dd000 	C:\Program Files\Android\Android Studio\jre\bin\management_ext.dll
0x00007ffcb7a20000 - 0x00007ffcb7a38000 	C:\Windows\SYSTEM32\CRYPTSP.dll
0x00007ffcb70d0000 - 0x00007ffcb7104000 	C:\Windows\system32\rsaenh.dll
0x00007ffcb8290000 - 0x00007ffcb82b7000 	C:\Windows\System32\bcrypt.dll
0x00007ffcb7f40000 - 0x00007ffcb7f6e000 	C:\Windows\SYSTEM32\USERENV.dll
0x00007ffcb7a40000 - 0x00007ffcb7a4c000 	C:\Windows\SYSTEM32\CRYPTBASE.dll
0x00007ffcb74d0000 - 0x00007ffcb750b000 	C:\Windows\SYSTEM32\IPHLPAPI.DLL
0x00007ffcb9620000 - 0x00007ffcb9628000 	C:\Windows\System32\NSI.dll
0x00007ffcae6d0000 - 0x00007ffcae6e7000 	C:\Windows\SYSTEM32\dhcpcsvc6.DLL
0x00007ffcae6b0000 - 0x00007ffcae6cd000 	C:\Windows\SYSTEM32\dhcpcsvc.DLL
0x00007ffcb7520000 - 0x00007ffcb75ea000 	C:\Windows\SYSTEM32\DNSAPI.dll
0x00007ffcb71f0000 - 0x00007ffcb7223000 	C:\Windows\SYSTEM32\ntmarta.dll

dbghelp: loaded successfully - version: 4.0.5 - missing functions: none
symbol engine: initialized successfully - sym options: 0x614 - pdb path: .;C:\Program Files\Android\Android Studio\jre\bin;C:\Windows\SYSTEM32;C:\Windows\WinSxS\amd64_microsoft.windows.common-controls_6595b64144ccf1df_6.0.19041.1110_none_60b5254171f9507e;C:\Program Files\Android\Android Studio\jre\bin\server;C:\Users\hp\.gradle\native\e1d6ef7f7dcc3fd88c89a11ec53ec762bb8ba0a96d01ffa2cd45eb1d1d8dd5c5\windows-amd64;C:\Users\hp\.gradle\native\0d407fdbe67a94daf76414ababcb853783967236a71b16ec16e742cd7a986fd3\windows-amd64

VM Arguments:
jvm_args: --add-opens=java.base/java.util=ALL-UNNAMED --add-opens=java.base/java.lang=ALL-UNNAMED --add-opens=java.base/java.lang.invoke=ALL-UNNAMED --add-opens=java.base/java.util=ALL-UNNAMED --add-opens=java.prefs/java.util.prefs=ALL-UNNAMED --add-opens=java.prefs/java.util.prefs=ALL-UNNAMED --add-opens=java.base/java.nio.charset=ALL-UNNAMED --add-opens=java.base/java.net=ALL-UNNAMED --add-opens=java.base/java.util.concurrent.atomic=ALL-UNNAMED -Xmx2048m -Dfile.encoding=UTF-8 -Duser.country=US -Duser.language=en -Duser.variant 
java_command: org.gradle.launcher.daemon.bootstrap.GradleDaemon 7.5
java_class_path (initial): C:\Users\hp\.gradle\wrapper\dists\gradle-7.5-bin\f1w0cc9nuo0eivz97x2xlu9sv\gradle-7.5\lib\gradle-launcher-7.5.jar
Launcher Type: SUN_STANDARD

[Global flags]
     intx CICompilerCount                          = 3                                         {product} {ergonomic}
     uint ConcGCThreads                            = 1                                         {product} {ergonomic}
     uint G1ConcRefinementThreads                  = 4                                         {product} {ergonomic}
   size_t G1HeapRegionSize                         = 1048576                                   {product} {ergonomic}
    uintx GCDrainStackTargetSize                   = 64                                        {product} {ergonomic}
   size_t InitialHeapSize                          = 134217728                                 {product} {ergonomic}
   size_t MarkStackSize                            = 4194304                                   {product} {ergonomic}
   size_t MaxHeapSize                              = 2147483648                                {product} {command line}
   size_t MaxNewSize                               = 1287651328                                {product} {ergonomic}
   size_t MinHeapDeltaBytes                        = 1048576                                   {product} {ergonomic}
    uintx NonNMethodCodeHeapSize                   = 5830732                                {pd product} {ergonomic}
    uintx NonProfiledCodeHeapSize                  = 122913754                              {pd product} {ergonomic}
    uintx ProfiledCodeHeapSize                     = 122913754                              {pd product} {ergonomic}
    uintx ReservedCodeCacheSize                    = 251658240                              {pd product} {ergonomic}
     bool SegmentedCodeCache                       = true                                      {product} {ergonomic}
     bool UseCompressedClassPointers               = true                                 {lp64_product} {ergonomic}
     bool UseCompressedOops                        = true                                 {lp64_product} {ergonomic}
     bool UseG1GC                                  = true                                      {product} {ergonomic}
     bool UseLargePagesIndividualAllocation        = false                                  {pd product} {ergonomic}

Logging:
Log output configuration:
 #0: stdout all=warning uptime,level,tags
 #1: stderr all=off uptime,level,tags

Environment Variables:
PATH=C:\Program Files (x86)\VMware\VMware Workstation\bin\;C:\Program Files (x86)\NVIDIA Corporation\PhysX\Common;C:\Windows\system32;C:\Windows;C:\Windows\System32\Wbem;C:\Windows\System32\WindowsPowerShell\v1.0\;C:\Windows\System32\OpenSSH\;C:\Users\hp\Documents\Java\jdk1.8.0_111\bin;c:\Program Files (x86)\Microsoft SQL Server\90\Tools\binn\;C:\Program Files\dotnet\;C:\Program Files\Microsoft SQL Server\150\Tools\Binn\;C:\Program Files\Microsoft SQL Server\Client SDK\ODBC\170\Tools\Binn\;C:\Program Files\Git\cmd;C:\Program Files\nodejs\;C:\ProgramData\chocolatey\bin;C:\Users\hp\AppData\Local\Programs\Python\Python310\Scripts\;C:\Users\hp\AppData\Local\Programs\Python\Python310\;C:\Users\hp\AppData\Local\Programs\Python\Launcher\;C:\Users\hp\AppData\Local\Microsoft\WindowsApps;C:\Program Files\Java\jdk1.8.0_111\bin;;C:\Program Files\JetBrains\PyCharm Community Edition 2022.3.1\bin;;C:\Users\hp\.dotnet\tools;C:\Users\hp\AppData\Roaming\npm;C:\Users\hp\AppData\Local\Programs\Microsoft VS Code\bin
USERNAME=hp
OS=Windows_NT
PROCESSOR_IDENTIFIER=Intel64 Family 6 Model 69 Stepping 1, GenuineIntel



---------------  S Y S T E M  ---------------

OS: Windows 10 , 64 bit Build 19041 (10.0.19041.3155)
OS uptime: 1 days 6:31 hours

CPU:total 4 (initial active 4) (2 cores per cpu, 2 threads per core) family 6 model 69 stepping 1 microcode 0x25, cmov, cx8, fxsr, mmx, sse, sse2, sse3, ssse3, sse4.1, sse4.2, popcnt, avx, avx2, aes, clmul, erms, lzcnt, ht, tsc, tscinvbit, bmi1, bmi2, fma

Memory: 4k page, system-wide physical 8089M (1744M free)
TotalPageFile size 10949M (AvailPageFile size 2M)
current process WorkingSet (physical memory assigned to process): 443M, peak: 444M
current process commit charge ("private bytes"): 474M, peak: 475M

vm_info: OpenJDK 64-Bit Server VM (11.0.13+0-b1751.21-8125866) for windows-amd64 JRE (11.0.13+0-b1751.21-8125866), built on Feb  2 2022 03:00:22 by "builder" with MS VC++ 14.0 (VS2015)

END.
