#
# There is insufficient memory for the Java Runtime Environment to continue.
# Native memory allocation (mmap) failed to map 373293056 bytes for Failed to commit area from 0x0000000095400000 to 0x00000000ab800000 of length 373293056.
# Possible reasons:
#   The system is out of physical RAM or swap space
#   The process is running with CompressedOops enabled, and the Java Heap may be blocking the growth of the native heap
# Possible solutions:
#   Reduce memory load on the system
#   Increase physical memory or swap space
#   Check if swap backing store is full
#   Decrease Java heap size (-Xmx/-Xms)
#   Decrease number of Java threads
#   Decrease Java thread stack sizes (-Xss)
#   Set larger code cache with -XX:ReservedCodeCacheSize=
#   JVM is running with Unscaled Compressed Oops mode in which the Java heap is
#     placed in the first 4GB address space. The Java Heap base address is the
#     maximum limit for the native heap growth. Please use -XX:HeapBaseMinAddress
#     to set the Java Heap base and to place the Java Heap above 4GB virtual address.
# This output file may be truncated or incomplete.
#
#  Out of Memory Error (./src/hotspot/os/windows/os_windows.cpp:3619), pid=11492, tid=12460
#
# JRE version: OpenJDK Runtime Environment (11.0.13) (build 11.0.13+0-b1751.21-8125866)
# Java VM: OpenJDK 64-Bit Server VM (11.0.13+0-b1751.21-8125866, mixed mode, tiered, compressed oops, g1 gc, windows-amd64)
# No core dump will be written. Minidumps are not enabled by default on client versions of Windows
#

---------------  S U M M A R Y ------------

Command Line: --add-opens=java.base/java.util=ALL-UNNAMED --add-opens=java.base/java.lang=ALL-UNNAMED --add-opens=java.base/java.lang.invoke=ALL-UNNAMED --add-opens=java.base/java.util=ALL-UNNAMED --add-opens=java.prefs/java.util.prefs=ALL-UNNAMED --add-opens=java.prefs/java.util.prefs=ALL-UNNAMED --add-opens=java.base/java.nio.charset=ALL-UNNAMED --add-opens=java.base/java.net=ALL-UNNAMED --add-opens=java.base/java.util.concurrent.atomic=ALL-UNNAMED -Xmx2048m -Dfile.encoding=UTF-8 -Duser.country=US -Duser.language=en -Duser.variant org.gradle.launcher.daemon.bootstrap.GradleDaemon 7.4

Host: Intel(R) Core(TM) i5-4300U CPU @ 1.90GHz, 4 cores, 7G,  Windows 10 , 64 bit Build 19041 (10.0.19041.3155)
Time: Mon Aug 14 00:31:55 2023 E. Africa Standard Time elapsed time: 2359.928942 seconds (0d 0h 39m 19s)

---------------  T H R E A D  ---------------

Current thread (0x000002247a5ed800):  VMThread "VM Thread" [stack: 0x0000003020800000,0x0000003020900000] [id=12460]

Stack: [0x0000003020800000,0x0000003020900000]
[error occurred during error reporting (printing stack bounds), id 0xc0000005, EXCEPTION_ACCESS_VIOLATION (0xc0000005) at pc=0x000002240000112d]

Native frames: (J=compiled Java code, j=interpreted, Vv=VM code, C=native code)
V  [jvm.dll+0x6100fa]
V  [jvm.dll+0x747090]
V  [jvm.dll+0x7486ad]
V  [jvm.dll+0x748ce5]
V  [jvm.dll+0x748c9b]
V  [jvm.dll+0x60f224]
V  [jvm.dll+0x60f9b8]
C  [ntdll.dll+0xa23df]
C  [ntdll.dll+0x514b4]
C  [ntdll.dll+0xa0eee]
C  0x000002240000112d

VM_Operation (0x00000030262fe820): G1CollectForAllocation, mode: safepoint, requested by thread 0x000002241098b000


---------------  P R O C E S S  ---------------

Threads class SMR info:
_java_thread_list=0x00000224148ac730, length=101, elements={
0x000002246da9e000, 0x000002247a5f2800, 0x000002247a600000, 0x000002247af83800,
0x000002247a60e800, 0x000002247a610800, 0x000002247a61c000, 0x000002247a620800,
0x000002247a623800, 0x000002247b0ca000, 0x000002247cd66800, 0x000002247bc8e800,
0x000002247cdb5000, 0x000002247c50f000, 0x000002247c510000, 0x000002247c50c800,
0x000002247c50c000, 0x000002247c510800, 0x000002247e445800, 0x000002247e443800,
0x000002247e445000, 0x000002247e446800, 0x000002247e448000, 0x000002247d851000,
0x000002247d85c800, 0x000002247d85b000, 0x00000224107cd000, 0x00000224107d2000,
0x000002247d852800, 0x000002247d84e800, 0x000002247d854800, 0x000002247d84f800,
0x000002247d855000, 0x000002247d856000, 0x000002247d850000, 0x000002247d853800,
0x000002247d852000, 0x000002247d857800, 0x000002247d85b800, 0x000002247d858800,
0x000002247d859000, 0x000002247d85a000, 0x000002247d856800, 0x000002247d85d800,
0x00000224107c5800, 0x00000224107c6800, 0x00000224107ca000, 0x00000224107c4000,
0x00000224107c7800, 0x00000224107c9000, 0x00000224107ce000, 0x00000224107c8000,
0x00000224107ce800, 0x00000224107cf800, 0x00000224107ca800, 0x00000224107d1000,
0x00000224107cb800, 0x00000224107cc000, 0x00000224107d3000, 0x000002247e447800,
0x000002247e442800, 0x000002247e44e000, 0x000002247e449000, 0x000002247e44d000,
0x000002247e44e800, 0x000002247e44f800, 0x000002247e44a000, 0x000002247e450800,
0x000002247e44a800, 0x000002247e451000, 0x000002247e44b800, 0x000002247e44c800,
0x000002247c50d800, 0x000002247c50b000, 0x000002247c511800, 0x000002247c50e800,
0x0000022414904000, 0x0000022414901800, 0x00000224148fe000, 0x0000022414904800,
0x00000224148ff000, 0x0000022414902000, 0x0000022414900800, 0x0000022414905800,
0x0000022414903000, 0x0000022414900000, 0x0000022414908000, 0x0000022414909000,
0x0000022414909800, 0x000002241490c000, 0x0000022414906800, 0x000002241490d000,
0x0000022414907000, 0x0000022410989800, 0x000002241098c000, 0x000002241098c800,
0x000002247e595800, 0x000002241098b000, 0x000002241098e800, 0x000002241098a000,
0x000002241098d800
}

Java Threads: ( => current thread )
  0x000002246da9e000 JavaThread "main" [_thread_blocked, id=7900, stack(0x0000003020200000,0x0000003020300000)]
  0x000002247a5f2800 JavaThread "Reference Handler" daemon [_thread_blocked, id=5388, stack(0x0000003020900000,0x0000003020a00000)]
  0x000002247a600000 JavaThread "Finalizer" daemon [_thread_blocked, id=9316, stack(0x0000003020a00000,0x0000003020b00000)]
  0x000002247af83800 JavaThread "Signal Dispatcher" daemon [_thread_blocked, id=8168, stack(0x0000003020b00000,0x0000003020c00000)]
  0x000002247a60e800 JavaThread "Attach Listener" daemon [_thread_blocked, id=6120, stack(0x0000003020c00000,0x0000003020d00000)]
  0x000002247a610800 JavaThread "Service Thread" daemon [_thread_blocked, id=12956, stack(0x0000003020d00000,0x0000003020e00000)]
  0x000002247a61c000 JavaThread "C2 CompilerThread0" daemon [_thread_blocked, id=7196, stack(0x0000003020e00000,0x0000003020f00000)]
  0x000002247a620800 JavaThread "C1 CompilerThread0" daemon [_thread_blocked, id=11184, stack(0x0000003020f00000,0x0000003021000000)]
  0x000002247a623800 JavaThread "Sweeper thread" daemon [_thread_blocked, id=11668, stack(0x0000003021000000,0x0000003021100000)]
  0x000002247b0ca000 JavaThread "Common-Cleaner" daemon [_thread_blocked, id=9596, stack(0x0000003021100000,0x0000003021200000)]
  0x000002247cd66800 JavaThread "Daemon health stats" [_thread_blocked, id=12304, stack(0x0000003021600000,0x0000003021700000)]
  0x000002247bc8e800 JavaThread "Incoming local TCP Connector on port 4065" [_thread_in_native, id=3692, stack(0x0000003021300000,0x0000003021400000)]
  0x000002247cdb5000 JavaThread "Daemon periodic checks" [_thread_blocked, id=8140, stack(0x0000003021700000,0x0000003021800000)]
  0x000002247c50f000 JavaThread "Cache worker for journal cache (C:\Users\hp\.gradle\caches\journal-1)" [_thread_blocked, id=12904, stack(0x0000003022000000,0x0000003022100000)]
  0x000002247c510000 JavaThread "File lock request listener" [_thread_in_native, id=9864, stack(0x0000003022100000,0x0000003022200000)]
  0x000002247c50c800 JavaThread "Cache worker for file hash cache (C:\Users\hp\.gradle\caches\7.4\fileHashes)" [_thread_blocked, id=12088, stack(0x0000003022200000,0x0000003022300000)]
  0x000002247c50c000 JavaThread "File watcher server" daemon [_thread_blocked, id=7668, stack(0x0000003022400000,0x0000003022500000)]
  0x000002247c510800 JavaThread "File watcher consumer" daemon [_thread_blocked, id=11712, stack(0x0000003022500000,0x0000003022600000)]
  0x000002247e445800 JavaThread "Cache worker for execution history cache (C:\Users\hp\.gradle\caches\7.4\executionHistory)" [_thread_blocked, id=8232, stack(0x0000003022a00000,0x0000003022b00000)]
  0x000002247e443800 JavaThread "jar transforms" [_thread_blocked, id=1148, stack(0x0000003022b00000,0x0000003022c00000)]
  0x000002247e445000 JavaThread "Cache worker for file content cache (C:\Users\hp\.gradle\caches\7.4\fileContent)" [_thread_blocked, id=10704, stack(0x0000003022c00000,0x0000003022d00000)]
  0x000002247e446800 JavaThread "jar transforms Thread 2" [_thread_blocked, id=12928, stack(0x0000003022d00000,0x0000003022e00000)]
  0x000002247e448000 JavaThread "jar transforms Thread 3" [_thread_blocked, id=4432, stack(0x0000003022f00000,0x0000003023000000)]
  0x000002247d851000 JavaThread "jar transforms Thread 4" [_thread_blocked, id=3052, stack(0x0000003025900000,0x0000003025a00000)]
  0x000002247d85c800 JavaThread "Memory manager" [_thread_blocked, id=6172, stack(0x0000003025a00000,0x0000003025b00000)]
  0x000002247d85b000 JavaThread "pool-3-thread-1" [_thread_blocked, id=4756, stack(0x0000003025e00000,0x0000003025f00000)]
  0x00000224107cd000 JavaThread "Cache worker for Java compile cache (C:\Users\hp\.gradle\caches\7.4\javaCompile)" [_thread_blocked, id=13072, stack(0x0000003020000000,0x0000003020100000)]
  0x00000224107d2000 JavaThread "ForkJoinPool.commonPool-worker-3" daemon [_thread_blocked, id=3384, stack(0x0000003027100000,0x0000003027200000)]
  0x000002247d852800 JavaThread "Daemon Thread 2" [_thread_blocked, id=13232, stack(0x000000301ff00000,0x0000003020000000)]
  0x000002247d84e800 JavaThread "Handler for socket connection from /127.0.0.1:4065 to /127.0.0.1:6115" [_thread_in_native, id=1412, stack(0x0000003020100000,0x0000003020200000)]
  0x000002247d854800 JavaThread "Cancel handler" [_thread_blocked, id=5880, stack(0x0000003021800000,0x0000003021900000)]
  0x000002247d84f800 JavaThread "Daemon worker Thread 2" [_thread_blocked, id=8396, stack(0x0000003021900000,0x0000003021a00000)]
  0x000002247d855000 JavaThread "Asynchronous log dispatcher for DefaultDaemonConnection: socket connection from /127.0.0.1:4065 to /127.0.0.1:6115" [_thread_blocked, id=7040, stack(0x0000003021a00000,0x0000003021b00000)]
  0x000002247d856000 JavaThread "Stdin handler" [_thread_blocked, id=7232, stack(0x0000003021b00000,0x0000003021c00000)]
  0x000002247d850000 JavaThread "Daemon client event forwarder" [_thread_blocked, id=8536, stack(0x0000003021c00000,0x0000003021d00000)]
  0x000002247d853800 JavaThread "Cache worker for checksums cache (C:\Users\hp\Desktop\eCommerceApp\.gradle\7.4\checksums)" [_thread_blocked, id=10640, stack(0x0000003021e00000,0x0000003021f00000)]
  0x000002247d852000 JavaThread "Cache worker for cache directory md-rule (C:\Users\hp\.gradle\caches\7.4\md-rule)" [_thread_blocked, id=12596, stack(0x0000003022300000,0x0000003022400000)]
  0x000002247d857800 JavaThread "Cache worker for file hash cache (C:\Users\hp\Desktop\eCommerceApp\.gradle\7.4\fileHashes)" [_thread_blocked, id=4184, stack(0x0000003022600000,0x0000003022700000)]
  0x000002247d85b800 JavaThread "Cache worker for cache directory md-supplier (C:\Users\hp\.gradle\caches\7.4\md-supplier)" [_thread_blocked, id=2368, stack(0x0000003022700000,0x0000003022800000)]
  0x000002247d858800 JavaThread "Cache worker for dependencies-accessors (C:\Users\hp\Desktop\eCommerceApp\.gradle\7.4\dependencies-accessors)" [_thread_blocked, id=11820, stack(0x0000003022800000,0x0000003022900000)]
  0x000002247d859000 JavaThread "Cache worker for Build Output Cleanup Cache (C:\Users\hp\Desktop\eCommerceApp\.gradle\buildOutputCleanup)" [_thread_blocked, id=9608, stack(0x0000003022900000,0x0000003022a00000)]
  0x000002247d85a000 JavaThread "Unconstrained build operations" [_thread_blocked, id=1660, stack(0x0000003022e00000,0x0000003022f00000)]
  0x000002247d856800 JavaThread "Unconstrained build operations Thread 2" [_thread_blocked, id=7984, stack(0x0000003023000000,0x0000003023100000)]
  0x000002247d85d800 JavaThread "Unconstrained build operations Thread 3" [_thread_blocked, id=5256, stack(0x0000003023100000,0x0000003023200000)]
  0x00000224107c5800 JavaThread "Unconstrained build operations Thread 4" [_thread_blocked, id=12488, stack(0x0000003023200000,0x0000003023300000)]
  0x00000224107c6800 JavaThread "Unconstrained build operations Thread 5" [_thread_blocked, id=9996, stack(0x0000003023300000,0x0000003023400000)]
  0x00000224107ca000 JavaThread "Unconstrained build operations Thread 6" [_thread_blocked, id=10844, stack(0x0000003023400000,0x0000003023500000)]
  0x00000224107c4000 JavaThread "Unconstrained build operations Thread 7" [_thread_blocked, id=8148, stack(0x0000003023500000,0x0000003023600000)]
  0x00000224107c7800 JavaThread "Unconstrained build operations Thread 8" [_thread_blocked, id=12628, stack(0x0000003023600000,0x0000003023700000)]
  0x00000224107c9000 JavaThread "Unconstrained build operations Thread 9" [_thread_blocked, id=8472, stack(0x0000003023700000,0x0000003023800000)]
  0x00000224107ce000 JavaThread "Unconstrained build operations Thread 10" [_thread_blocked, id=12396, stack(0x0000003023800000,0x0000003023900000)]
  0x00000224107c8000 JavaThread "Unconstrained build operations Thread 11" [_thread_blocked, id=5732, stack(0x0000003023900000,0x0000003023a00000)]
  0x00000224107ce800 JavaThread "Unconstrained build operations Thread 12" [_thread_blocked, id=11840, stack(0x0000003023a00000,0x0000003023b00000)]
  0x00000224107cf800 JavaThread "Unconstrained build operations Thread 13" [_thread_blocked, id=6984, stack(0x0000003023b00000,0x0000003023c00000)]
  0x00000224107ca800 JavaThread "Unconstrained build operations Thread 14" [_thread_blocked, id=3300, stack(0x0000003023c00000,0x0000003023d00000)]
  0x00000224107d1000 JavaThread "Unconstrained build operations Thread 15" [_thread_blocked, id=10260, stack(0x0000003023d00000,0x0000003023e00000)]
  0x00000224107cb800 JavaThread "Unconstrained build operations Thread 16" [_thread_blocked, id=4896, stack(0x0000003023e00000,0x0000003023f00000)]
  0x00000224107cc000 JavaThread "Unconstrained build operations Thread 17" [_thread_blocked, id=8292, stack(0x0000003023f00000,0x0000003024000000)]
  0x00000224107d3000 JavaThread "Unconstrained build operations Thread 18" [_thread_blocked, id=10828, stack(0x0000003024000000,0x0000003024100000)]
  0x000002247e447800 JavaThread "Unconstrained build operations Thread 19" [_thread_blocked, id=12636, stack(0x0000003024100000,0x0000003024200000)]
  0x000002247e442800 JavaThread "Unconstrained build operations Thread 20" [_thread_blocked, id=13212, stack(0x0000003024200000,0x0000003024300000)]
  0x000002247e44e000 JavaThread "Unconstrained build operations Thread 21" [_thread_blocked, id=6088, stack(0x0000003024300000,0x0000003024400000)]
  0x000002247e449000 JavaThread "Unconstrained build operations Thread 22" [_thread_blocked, id=6528, stack(0x0000003024400000,0x0000003024500000)]
  0x000002247e44d000 JavaThread "Unconstrained build operations Thread 23" [_thread_blocked, id=7344, stack(0x0000003024500000,0x0000003024600000)]
  0x000002247e44e800 JavaThread "Unconstrained build operations Thread 24" [_thread_blocked, id=12804, stack(0x0000003024600000,0x0000003024700000)]
  0x000002247e44f800 JavaThread "Unconstrained build operations Thread 25" [_thread_blocked, id=10620, stack(0x0000003024700000,0x0000003024800000)]
  0x000002247e44a000 JavaThread "Unconstrained build operations Thread 26" [_thread_blocked, id=12332, stack(0x0000003024800000,0x0000003024900000)]
  0x000002247e450800 JavaThread "Unconstrained build operations Thread 27" [_thread_blocked, id=12608, stack(0x0000003024900000,0x0000003024a00000)]
  0x000002247e44a800 JavaThread "Unconstrained build operations Thread 28" [_thread_blocked, id=13140, stack(0x0000003024a00000,0x0000003024b00000)]
  0x000002247e451000 JavaThread "Unconstrained build operations Thread 29" [_thread_blocked, id=11152, stack(0x0000003024b00000,0x0000003024c00000)]
  0x000002247e44b800 JavaThread "Unconstrained build operations Thread 30" [_thread_blocked, id=8896, stack(0x0000003024c00000,0x0000003024d00000)]
  0x000002247e44c800 JavaThread "Unconstrained build operations Thread 31" [_thread_blocked, id=2064, stack(0x0000003024d00000,0x0000003024e00000)]
  0x000002247c50d800 JavaThread "Unconstrained build operations Thread 32" [_thread_blocked, id=6156, stack(0x0000003024e00000,0x0000003024f00000)]
  0x000002247c50b000 JavaThread "Unconstrained build operations Thread 33" [_thread_blocked, id=6836, stack(0x0000003024f00000,0x0000003025000000)]
  0x000002247c511800 JavaThread "Unconstrained build operations Thread 34" [_thread_blocked, id=8784, stack(0x0000003025000000,0x0000003025100000)]
  0x000002247c50e800 JavaThread "Unconstrained build operations Thread 35" [_thread_blocked, id=8756, stack(0x0000003025100000,0x0000003025200000)]
  0x0000022414904000 JavaThread "Unconstrained build operations Thread 36" [_thread_blocked, id=4904, stack(0x0000003025200000,0x0000003025300000)]
  0x0000022414901800 JavaThread "Unconstrained build operations Thread 37" [_thread_blocked, id=9412, stack(0x0000003025300000,0x0000003025400000)]
  0x00000224148fe000 JavaThread "Unconstrained build operations Thread 38" [_thread_blocked, id=12412, stack(0x0000003025400000,0x0000003025500000)]
  0x0000022414904800 JavaThread "Unconstrained build operations Thread 39" [_thread_blocked, id=13256, stack(0x0000003025500000,0x0000003025600000)]
  0x00000224148ff000 JavaThread "Unconstrained build operations Thread 40" [_thread_blocked, id=1576, stack(0x0000003025600000,0x0000003025700000)]
  0x0000022414902000 JavaThread "build event listener" [_thread_blocked, id=12552, stack(0x0000003025700000,0x0000003025800000)]
  0x0000022414900800 JavaThread "pool-8-thread-1" [_thread_blocked, id=8492, stack(0x0000003025800000,0x0000003025900000)]
  0x0000022414905800 JavaThread "build event listener" [_thread_blocked, id=10880, stack(0x0000003025b00000,0x0000003025c00000)]
  0x0000022414903000 JavaThread "included builds" [_thread_blocked, id=9692, stack(0x0000003025c00000,0x0000003025d00000)]
  0x0000022414900000 JavaThread "Execution worker for ':'" [_thread_blocked, id=228, stack(0x0000003025d00000,0x0000003025e00000)]
  0x0000022414908000 JavaThread "Execution worker for ':' Thread 2" [_thread_blocked, id=12560, stack(0x0000003025f00000,0x0000003026000000)]
  0x0000022414909000 JavaThread "Execution worker for ':' Thread 3" [_thread_blocked, id=13036, stack(0x0000003026000000,0x0000003026100000)]
  0x0000022414909800 JavaThread "Cache worker for execution history cache (C:\Users\hp\Desktop\eCommerceApp\.gradle\7.4\executionHistory)" [_thread_blocked, id=4172, stack(0x0000003026100000,0x0000003026200000)]
  0x000002241490c000 JavaThread "WorkerExecutor Queue Thread 3" [_thread_blocked, id=2948, stack(0x0000003026400000,0x0000003026500000)]
  0x0000022414906800 JavaThread "WorkerExecutor Queue Thread 4" [_thread_blocked, id=9520, stack(0x0000003026700000,0x0000003026800000)]
  0x000002241490d000 JavaThread "WorkerExecutor Queue Thread 5" [_thread_blocked, id=6956, stack(0x0000003026800000,0x0000003026900000)]
  0x0000022414907000 JavaThread "pool-9-thread-1" [_thread_blocked, id=11620, stack(0x0000003026900000,0x0000003026a00000)]
  0x0000022410989800 JavaThread "stderr" [_thread_in_native, id=3828, stack(0x0000003026a00000,0x0000003026b00000)]
  0x000002241098c000 JavaThread "stdout" [_thread_in_native, id=9192, stack(0x0000003026b00000,0x0000003026c00000)]
  0x000002241098c800 JavaThread "WorkerExecutor Queue Thread 6" [_thread_blocked, id=10748, stack(0x0000003026300000,0x0000003026400000)]
  0x000002247e595800 JavaThread "C2 CompilerThread1" daemon [_thread_blocked, id=12240, stack(0x0000003021d00000,0x0000003021e00000)]
  0x000002241098b000 JavaThread "ForkJoinPool-1-worker-3" daemon [_thread_blocked, id=12320, stack(0x0000003026200000,0x0000003026300000)]
  0x000002241098e800 JavaThread "ForkJoinPool-1-worker-5" daemon [_thread_blocked, id=1884, stack(0x0000003026c00000,0x0000003026d00000)]
  0x000002241098a000 JavaThread "ForkJoinPool-1-worker-7" daemon [_thread_blocked, id=6636, stack(0x0000003026d00000,0x0000003026e00000)]
  0x000002241098d800 JavaThread "ForkJoinPool-1-worker-1" daemon [_thread_blocked, id=1808, stack(0x0000003026e00000,0x0000003026f00000)]

Other Threads:
=>0x000002247a5ed800 VMThread "VM Thread" [stack: 0x0000003020800000,0x0000003020900000] [id=12460]
  0x000002247b0ef000 WatcherThread [stack: 0x0000003021200000,0x0000003021300000] [id=1280]
  0x000002246dab8000 GCTaskThread "GC Thread#0" [stack: 0x0000003020300000,0x0000003020400000] [id=3048]
  0x000002247b632000 GCTaskThread "GC Thread#1" [stack: 0x0000003021400000,0x0000003021500000] [id=4116]
  0x000002247bb36800 GCTaskThread "GC Thread#2" [stack: 0x0000003021500000,0x0000003021600000] [id=9164]
  0x000002247d849800 GCTaskThread "GC Thread#3" [stack: 0x0000003021f00000,0x0000003022000000] [id=10572]
  0x000002246dae7800 ConcurrentGCThread "G1 Main Marker" [stack: 0x0000003020400000,0x0000003020500000] [id=4972]
  0x000002246dae8800 ConcurrentGCThread "G1 Conc#0" [stack: 0x0000003020500000,0x0000003020600000] [id=1748]
  0x000002246db7c000 ConcurrentGCThread "G1 Refine#0" [stack: 0x0000003020600000,0x0000003020700000] [id=4828]
  0x000002240fd85000 ConcurrentGCThread "G1 Refine#1" [stack: 0x0000003026500000,0x0000003026600000] [id=6216]
  0x000002247eea9800 ConcurrentGCThread "G1 Refine#2" [stack: 0x0000003026600000,0x0000003026700000] [id=10320]
  0x000002246db7d000 ConcurrentGCThread "G1 Young RemSet Sampling" [stack: 0x0000003020700000,0x0000003020800000] [id=7140]

Threads with active compile tasks:
C2 CompilerThread02360327 22866       4       com.android.tools.r8.dex.i::a (829 bytes)
C2 CompilerThread12360328 23027       4       com.android.tools.r8.dex.i::a (1036 bytes)

VM state:at safepoint (normal execution)

VM Mutex/Monitor currently owned by a thread:  ([mutex/lock_event])
[0x000002246da9b2f0] Threads_lock - owner thread: 0x000002247a5ed800
[0x000002246da9b260] Heap_lock - owner thread: 0x000002241098b000

Heap address: 0x0000000080000000, size: 2048 MB, Compressed Oops mode: 32-bit
Narrow klass base: 0x0000000000000000, Narrow klass shift: 3
Compressed class space size: 1073741824 Address: 0x0000000100000000

Heap:
 garbage-first heap   total 712704K, used 246002K [0x0000000080000000, 0x0000000100000000)
  region size 1024K, 2 young (2048K), 2 survivors (2048K)
 Metaspace       used 134010K, capacity 137173K, committed 138880K, reserved 1169408K
  class space    used 16195K, capacity 17384K, committed 18048K, reserved 1048576K
Heap Regions: E=young(eden), S=young(survivor), O=old, HS=humongous(starts), HC=humongous(continues), CS=collection set, F=free, A=archive, TAMS=top-at-mark-start (previous, next)
|   0|0x0000000080000000, 0x0000000080100000, 0x0000000080100000|100%|HS|  |TAMS 0x0000000080100000, 0x0000000080100000| Complete 
|   1|0x0000000080100000, 0x0000000080200000, 0x0000000080200000|100%|HC|  |TAMS 0x0000000080200000, 0x0000000080200000| Complete 
|   2|0x0000000080200000, 0x0000000080300000, 0x0000000080300000|100%|HC|  |TAMS 0x0000000080300000, 0x0000000080300000| Complete 
|   3|0x0000000080300000, 0x0000000080400000, 0x0000000080400000|100%| O|  |TAMS 0x0000000080400000, 0x0000000080400000| Untracked 
|   4|0x0000000080400000, 0x0000000080500000, 0x0000000080500000|100%| O|  |TAMS 0x0000000080500000, 0x0000000080500000| Untracked 
|   5|0x0000000080500000, 0x0000000080600000, 0x0000000080600000|100%| O|  |TAMS 0x0000000080600000, 0x0000000080600000| Untracked 
|   6|0x0000000080600000, 0x0000000080700000, 0x0000000080700000|100%| O|  |TAMS 0x0000000080700000, 0x0000000080700000| Untracked 
|   7|0x0000000080700000, 0x0000000080800000, 0x0000000080800000|100%| O|  |TAMS 0x0000000080800000, 0x0000000080800000| Untracked 
|   8|0x0000000080800000, 0x0000000080900000, 0x0000000080900000|100%| O|  |TAMS 0x0000000080900000, 0x0000000080900000| Untracked 
|   9|0x0000000080900000, 0x0000000080a00000, 0x0000000080a00000|100%| O|  |TAMS 0x0000000080a00000, 0x0000000080a00000| Untracked 
|  10|0x0000000080a00000, 0x0000000080b00000, 0x0000000080b00000|100%| O|  |TAMS 0x0000000080b00000, 0x0000000080b00000| Untracked 
|  11|0x0000000080b00000, 0x0000000080c00000, 0x0000000080c00000|100%| O|  |TAMS 0x0000000080c00000, 0x0000000080c00000| Untracked 
|  12|0x0000000080c00000, 0x0000000080d00000, 0x0000000080d00000|100%| O|  |TAMS 0x0000000080c00000, 0x0000000080d00000| Untracked 
|  13|0x0000000080d00000, 0x0000000080e00000, 0x0000000080e00000|100%| O|  |TAMS 0x0000000080e00000, 0x0000000080e00000| Untracked 
|  14|0x0000000080e00000, 0x0000000080f00000, 0x0000000080f00000|100%| O|  |TAMS 0x0000000080f00000, 0x0000000080f00000| Untracked 
|  15|0x0000000080f00000, 0x0000000081000000, 0x0000000081000000|100%| O|  |TAMS 0x0000000081000000, 0x0000000081000000| Untracked 
|  16|0x0000000081000000, 0x0000000081100000, 0x0000000081100000|100%|HS|  |TAMS 0x0000000081100000, 0x0000000081100000| Complete 
|  17|0x0000000081100000, 0x0000000081200000, 0x0000000081200000|100%|HS|  |TAMS 0x0000000081200000, 0x0000000081200000| Complete 
|  18|0x0000000081200000, 0x0000000081300000, 0x0000000081300000|100%| O|  |TAMS 0x0000000081300000, 0x0000000081300000| Untracked 
|  19|0x0000000081300000, 0x0000000081400000, 0x0000000081400000|100%| O|  |TAMS 0x0000000081300000, 0x0000000081400000| Untracked 
|  20|0x0000000081400000, 0x0000000081500000, 0x0000000081500000|100%| O|  |TAMS 0x0000000081500000, 0x0000000081500000| Untracked 
|  21|0x0000000081500000, 0x0000000081600000, 0x0000000081600000|100%| O|  |TAMS 0x0000000081600000, 0x0000000081600000| Untracked 
|  22|0x0000000081600000, 0x0000000081700000, 0x0000000081700000|100%| O|  |TAMS 0x0000000081700000, 0x0000000081700000| Untracked 
|  23|0x0000000081700000, 0x0000000081800000, 0x0000000081800000|100%| O|  |TAMS 0x0000000081800000, 0x0000000081800000| Untracked 
|  24|0x0000000081800000, 0x0000000081900000, 0x0000000081900000|100%| O|  |TAMS 0x0000000081900000, 0x0000000081900000| Untracked 
|  25|0x0000000081900000, 0x0000000081a00000, 0x0000000081a00000|100%| O|  |TAMS 0x0000000081a00000, 0x0000000081a00000| Untracked 
|  26|0x0000000081a00000, 0x0000000081b00000, 0x0000000081b00000|100%| O|  |TAMS 0x0000000081b00000, 0x0000000081b00000| Untracked 
|  27|0x0000000081b00000, 0x0000000081c00000, 0x0000000081c00000|100%| O|  |TAMS 0x0000000081c00000, 0x0000000081c00000| Untracked 
|  28|0x0000000081c00000, 0x0000000081d00000, 0x0000000081d00000|100%|HS|  |TAMS 0x0000000081d00000, 0x0000000081d00000| Complete 
|  29|0x0000000081d00000, 0x0000000081e00000, 0x0000000081e00000|100%|HC|  |TAMS 0x0000000081e00000, 0x0000000081e00000| Complete 
|  30|0x0000000081e00000, 0x0000000081f00000, 0x0000000081f00000|100%| O|  |TAMS 0x0000000081f00000, 0x0000000081f00000| Untracked 
|  31|0x0000000081f00000, 0x0000000082000000, 0x0000000082000000|100%| O|  |TAMS 0x0000000082000000, 0x0000000082000000| Untracked 
|  32|0x0000000082000000, 0x0000000082100000, 0x0000000082100000|100%| O|  |TAMS 0x0000000082100000, 0x0000000082100000| Untracked 
|  33|0x0000000082100000, 0x0000000082200000, 0x0000000082200000|100%| O|  |TAMS 0x0000000082200000, 0x0000000082200000| Untracked 
|  34|0x0000000082200000, 0x0000000082300000, 0x0000000082300000|100%| O|  |TAMS 0x0000000082300000, 0x0000000082300000| Untracked 
|  35|0x0000000082300000, 0x0000000082400000, 0x0000000082400000|100%| O|  |TAMS 0x0000000082400000, 0x0000000082400000| Untracked 
|  36|0x0000000082400000, 0x0000000082500000, 0x0000000082500000|100%| O|  |TAMS 0x0000000082500000, 0x0000000082500000| Untracked 
|  37|0x0000000082500000, 0x0000000082600000, 0x0000000082600000|100%| O|  |TAMS 0x0000000082600000, 0x0000000082600000| Untracked 
|  38|0x0000000082600000, 0x0000000082700000, 0x0000000082700000|100%| O|  |TAMS 0x0000000082700000, 0x0000000082700000| Untracked 
|  39|0x0000000082700000, 0x0000000082800000, 0x0000000082800000|100%| O|  |TAMS 0x0000000082800000, 0x0000000082800000| Untracked 
|  40|0x0000000082800000, 0x0000000082900000, 0x0000000082900000|100%| O|  |TAMS 0x0000000082900000, 0x0000000082900000| Untracked 
|  41|0x0000000082900000, 0x0000000082a00000, 0x0000000082a00000|100%| O|  |TAMS 0x0000000082a00000, 0x0000000082a00000| Untracked 
|  42|0x0000000082a00000, 0x0000000082b00000, 0x0000000082b00000|100%| O|  |TAMS 0x0000000082b00000, 0x0000000082b00000| Untracked 
|  43|0x0000000082b00000, 0x0000000082c00000, 0x0000000082c00000|100%| O|  |TAMS 0x0000000082c00000, 0x0000000082c00000| Untracked 
|  44|0x0000000082c00000, 0x0000000082d00000, 0x0000000082d00000|100%| O|  |TAMS 0x0000000082d00000, 0x0000000082d00000| Untracked 
|  45|0x0000000082d00000, 0x0000000082e00000, 0x0000000082e00000|100%| O|  |TAMS 0x0000000082e00000, 0x0000000082e00000| Untracked 
|  46|0x0000000082e00000, 0x0000000082f00000, 0x0000000082f00000|100%| O|  |TAMS 0x0000000082f00000, 0x0000000082f00000| Untracked 
|  47|0x0000000082f00000, 0x0000000083000000, 0x0000000083000000|100%| O|  |TAMS 0x0000000083000000, 0x0000000083000000| Untracked 
|  48|0x0000000083000000, 0x0000000083100000, 0x0000000083100000|100%| O|  |TAMS 0x0000000083000000, 0x0000000083100000| Untracked 
|  49|0x0000000083100000, 0x0000000083200000, 0x0000000083200000|100%|HS|  |TAMS 0x0000000083100000, 0x0000000083200000| Complete 
|  50|0x0000000083200000, 0x0000000083300000, 0x0000000083300000|100%| O|  |TAMS 0x0000000083200000, 0x0000000083300000| Untracked 
|  51|0x0000000083300000, 0x0000000083400000, 0x0000000083400000|100%| O|  |TAMS 0x0000000083400000, 0x0000000083400000| Untracked 
|  52|0x0000000083400000, 0x0000000083500000, 0x0000000083500000|100%| O|  |TAMS 0x0000000083500000, 0x0000000083500000| Untracked 
|  53|0x0000000083500000, 0x0000000083600000, 0x0000000083600000|100%| O|  |TAMS 0x0000000083500000, 0x0000000083600000| Untracked 
|  54|0x0000000083600000, 0x0000000083700000, 0x0000000083700000|100%| O|  |TAMS 0x0000000083700000, 0x0000000083700000| Untracked 
|  55|0x0000000083700000, 0x0000000083800000, 0x0000000083800000|100%| O|  |TAMS 0x0000000083800000, 0x0000000083800000| Untracked 
|  56|0x0000000083800000, 0x0000000083900000, 0x0000000083900000|100%| O|  |TAMS 0x0000000083900000, 0x0000000083900000| Untracked 
|  57|0x0000000083900000, 0x0000000083a00000, 0x0000000083a00000|100%| O|  |TAMS 0x0000000083900000, 0x0000000083a00000| Untracked 
|  58|0x0000000083a00000, 0x0000000083b00000, 0x0000000083b00000|100%| O|  |TAMS 0x0000000083a00000, 0x0000000083b00000| Untracked 
|  59|0x0000000083b00000, 0x0000000083c00000, 0x0000000083c00000|100%| O|  |TAMS 0x0000000083c00000, 0x0000000083c00000| Untracked 
|  60|0x0000000083c00000, 0x0000000083d00000, 0x0000000083d00000|100%| O|  |TAMS 0x0000000083d00000, 0x0000000083d00000| Untracked 
|  61|0x0000000083d00000, 0x0000000083e00000, 0x0000000083e00000|100%| O|  |TAMS 0x0000000083d00000, 0x0000000083e00000| Untracked 
|  62|0x0000000083e00000, 0x0000000083f00000, 0x0000000083f00000|100%| O|  |TAMS 0x0000000083e00000, 0x0000000083f00000| Untracked 
|  63|0x0000000083f00000, 0x0000000084000000, 0x0000000084000000|100%| O|  |TAMS 0x0000000084000000, 0x0000000084000000| Untracked 
|  64|0x0000000084000000, 0x0000000084100000, 0x0000000084100000|100%| O|  |TAMS 0x0000000084100000, 0x0000000084100000| Untracked 
|  65|0x0000000084100000, 0x0000000084200000, 0x0000000084200000|100%| O|  |TAMS 0x0000000084200000, 0x0000000084200000| Untracked 
|  66|0x0000000084200000, 0x0000000084300000, 0x0000000084300000|100%| O|  |TAMS 0x0000000084300000, 0x0000000084300000| Untracked 
|  67|0x0000000084300000, 0x0000000084400000, 0x0000000084400000|100%| O|  |TAMS 0x0000000084400000, 0x0000000084400000| Untracked 
|  68|0x0000000084400000, 0x0000000084500000, 0x0000000084500000|100%| O|  |TAMS 0x0000000084400000, 0x0000000084500000| Untracked 
|  69|0x0000000084500000, 0x0000000084600000, 0x0000000084600000|100%| O|  |TAMS 0x0000000084600000, 0x0000000084600000| Untracked 
|  70|0x0000000084600000, 0x0000000084700000, 0x0000000084700000|100%| O|  |TAMS 0x0000000084600000, 0x0000000084700000| Untracked 
|  71|0x0000000084700000, 0x0000000084800000, 0x0000000084800000|100%| O|  |TAMS 0x0000000084700000, 0x0000000084800000| Untracked 
|  72|0x0000000084800000, 0x0000000084900000, 0x0000000084900000|100%| O|  |TAMS 0x0000000084800000, 0x0000000084900000| Untracked 
|  73|0x0000000084900000, 0x0000000084a00000, 0x0000000084a00000|100%| O|  |TAMS 0x0000000084a00000, 0x0000000084a00000| Untracked 
|  74|0x0000000084a00000, 0x0000000084b00000, 0x0000000084b00000|100%| O|  |TAMS 0x0000000084a00000, 0x0000000084b00000| Untracked 
|  75|0x0000000084b00000, 0x0000000084c00000, 0x0000000084c00000|100%| O|  |TAMS 0x0000000084c00000, 0x0000000084c00000| Untracked 
|  76|0x0000000084c00000, 0x0000000084d00000, 0x0000000084d00000|100%| O|  |TAMS 0x0000000084d00000, 0x0000000084d00000| Untracked 
|  77|0x0000000084d00000, 0x0000000084e00000, 0x0000000084e00000|100%| O|  |TAMS 0x0000000084e00000, 0x0000000084e00000| Untracked 
|  78|0x0000000084e00000, 0x0000000084f00000, 0x0000000084f00000|100%| O|  |TAMS 0x0000000084f00000, 0x0000000084f00000| Untracked 
|  79|0x0000000084f00000, 0x0000000085000000, 0x0000000085000000|100%| O|  |TAMS 0x0000000084f00000, 0x0000000085000000| Untracked 
|  80|0x0000000085000000, 0x0000000085100000, 0x0000000085100000|100%| O|  |TAMS 0x0000000085000000, 0x0000000085100000| Untracked 
|  81|0x0000000085100000, 0x0000000085200000, 0x0000000085200000|100%| O|  |TAMS 0x0000000085200000, 0x0000000085200000| Untracked 
|  82|0x0000000085200000, 0x0000000085300000, 0x0000000085300000|100%| O|  |TAMS 0x0000000085200000, 0x0000000085300000| Untracked 
|  83|0x0000000085300000, 0x0000000085400000, 0x0000000085400000|100%| O|  |TAMS 0x0000000085400000, 0x0000000085400000| Untracked 
|  84|0x0000000085400000, 0x0000000085500000, 0x0000000085500000|100%| O|  |TAMS 0x0000000085400000, 0x0000000085500000| Untracked 
|  85|0x0000000085500000, 0x0000000085600000, 0x0000000085600000|100%| O|  |TAMS 0x0000000085600000, 0x0000000085600000| Untracked 
|  86|0x0000000085600000, 0x0000000085700000, 0x0000000085700000|100%| O|  |TAMS 0x0000000085600000, 0x0000000085700000| Untracked 
|  87|0x0000000085700000, 0x0000000085800000, 0x0000000085800000|100%| O|  |TAMS 0x0000000085700000, 0x0000000085800000| Untracked 
|  88|0x0000000085800000, 0x0000000085900000, 0x0000000085900000|100%| O|  |TAMS 0x0000000085800000, 0x0000000085900000| Untracked 
|  89|0x0000000085900000, 0x0000000085a00000, 0x0000000085a00000|100%| O|  |TAMS 0x0000000085a00000, 0x0000000085a00000| Untracked 
|  90|0x0000000085a00000, 0x0000000085b00000, 0x0000000085b00000|100%| O|  |TAMS 0x0000000085a00000, 0x0000000085b00000| Untracked 
|  91|0x0000000085b00000, 0x0000000085c00000, 0x0000000085c00000|100%| O|  |TAMS 0x0000000085b00000, 0x0000000085c00000| Untracked 
|  92|0x0000000085c00000, 0x0000000085d00000, 0x0000000085d00000|100%| O|  |TAMS 0x0000000085d00000, 0x0000000085d00000| Untracked 
|  93|0x0000000085d00000, 0x0000000085e00000, 0x0000000085e00000|100%| O|  |TAMS 0x0000000085e00000, 0x0000000085e00000| Untracked 
|  94|0x0000000085e00000, 0x0000000085f00000, 0x0000000085f00000|100%| O|  |TAMS 0x0000000085f00000, 0x0000000085f00000| Untracked 
|  95|0x0000000085f00000, 0x0000000086000000, 0x0000000086000000|100%| O|  |TAMS 0x0000000086000000, 0x0000000086000000| Untracked 
|  96|0x0000000086000000, 0x0000000086100000, 0x0000000086100000|100%| O|  |TAMS 0x0000000086000000, 0x0000000086100000| Untracked 
|  97|0x0000000086100000, 0x0000000086200000, 0x0000000086200000|100%| O|  |TAMS 0x0000000086200000, 0x0000000086200000| Untracked 
|  98|0x0000000086200000, 0x0000000086300000, 0x0000000086300000|100%| O|  |TAMS 0x0000000086200000, 0x0000000086300000| Untracked 
|  99|0x0000000086300000, 0x0000000086400000, 0x0000000086400000|100%| O|  |TAMS 0x0000000086300000, 0x0000000086400000| Untracked 
| 100|0x0000000086400000, 0x0000000086500000, 0x0000000086500000|100%| O|  |TAMS 0x0000000086500000, 0x0000000086500000| Untracked 
| 101|0x0000000086500000, 0x0000000086600000, 0x0000000086600000|100%| O|  |TAMS 0x0000000086500000, 0x0000000086600000| Untracked 
| 102|0x0000000086600000, 0x0000000086700000, 0x0000000086700000|100%| O|  |TAMS 0x0000000086600000, 0x0000000086700000| Untracked 
| 103|0x0000000086700000, 0x0000000086800000, 0x0000000086800000|100%| O|  |TAMS 0x0000000086700000, 0x0000000086800000| Untracked 
| 104|0x0000000086800000, 0x0000000086900000, 0x0000000086900000|100%| O|  |TAMS 0x0000000086900000, 0x0000000086900000| Untracked 
| 105|0x0000000086900000, 0x0000000086a00000, 0x0000000086a00000|100%| O|  |TAMS 0x0000000086a00000, 0x0000000086a00000| Untracked 
| 106|0x0000000086a00000, 0x0000000086b00000, 0x0000000086b00000|100%| O|  |TAMS 0x0000000086b00000, 0x0000000086b00000| Untracked 
| 107|0x0000000086b00000, 0x0000000086c00000, 0x0000000086c00000|100%| O|  |TAMS 0x0000000086b00000, 0x0000000086c00000| Untracked 
| 108|0x0000000086c00000, 0x0000000086d00000, 0x0000000086d00000|100%| O|  |TAMS 0x0000000086c00000, 0x0000000086d00000| Untracked 
| 109|0x0000000086d00000, 0x0000000086e00000, 0x0000000086e00000|100%| O|  |TAMS 0x0000000086d00000, 0x0000000086e00000| Untracked 
| 110|0x0000000086e00000, 0x0000000086f00000, 0x0000000086f00000|100%| O|  |TAMS 0x0000000086e00000, 0x0000000086f00000| Untracked 
| 111|0x0000000086f00000, 0x0000000087000000, 0x0000000087000000|100%| O|  |TAMS 0x0000000086f00000, 0x0000000087000000| Untracked 
| 112|0x0000000087000000, 0x0000000087100000, 0x0000000087100000|100%| O|  |TAMS 0x0000000087000000, 0x0000000087100000| Untracked 
| 113|0x0000000087100000, 0x0000000087200000, 0x0000000087200000|100%| O|  |TAMS 0x0000000087100000, 0x0000000087200000| Untracked 
| 114|0x0000000087200000, 0x0000000087300000, 0x0000000087300000|100%| O|  |TAMS 0x0000000087200000, 0x0000000087300000| Untracked 
| 115|0x0000000087300000, 0x0000000087400000, 0x0000000087400000|100%| O|  |TAMS 0x0000000087300000, 0x0000000087400000| Untracked 
| 116|0x0000000087400000, 0x0000000087500000, 0x0000000087500000|100%| O|  |TAMS 0x0000000087400000, 0x0000000087500000| Untracked 
| 117|0x0000000087500000, 0x0000000087600000, 0x0000000087600000|100%| O|  |TAMS 0x0000000087500000, 0x0000000087600000| Untracked 
| 118|0x0000000087600000, 0x0000000087700000, 0x0000000087700000|100%| O|  |TAMS 0x0000000087600000, 0x0000000087700000| Untracked 
| 119|0x0000000087700000, 0x0000000087800000, 0x0000000087800000|100%| O|  |TAMS 0x0000000087700000, 0x0000000087800000| Untracked 
| 120|0x0000000087800000, 0x0000000087900000, 0x0000000087900000|100%| O|  |TAMS 0x0000000087800000, 0x0000000087900000| Untracked 
| 121|0x0000000087900000, 0x0000000087a00000, 0x0000000087a00000|100%| O|  |TAMS 0x0000000087900000, 0x0000000087a00000| Untracked 
| 122|0x0000000087a00000, 0x0000000087b00000, 0x0000000087b00000|100%| O|  |TAMS 0x0000000087a00000, 0x0000000087b00000| Untracked 
| 123|0x0000000087b00000, 0x0000000087c00000, 0x0000000087c00000|100%| O|  |TAMS 0x0000000087b00000, 0x0000000087c00000| Untracked 
| 124|0x0000000087c00000, 0x0000000087d00000, 0x0000000087d00000|100%| O|  |TAMS 0x0000000087c00000, 0x0000000087d00000| Untracked 
| 125|0x0000000087d00000, 0x0000000087e00000, 0x0000000087e00000|100%| O|  |TAMS 0x0000000087d00000, 0x0000000087e00000| Untracked 
| 126|0x0000000087e00000, 0x0000000087f00000, 0x0000000087f00000|100%| O|  |TAMS 0x0000000087e00000, 0x0000000087f00000| Untracked 
| 127|0x0000000087f00000, 0x0000000088000000, 0x0000000088000000|100%| O|  |TAMS 0x0000000087f00000, 0x0000000088000000| Untracked 
| 128|0x0000000088000000, 0x0000000088100000, 0x0000000088100000|100%| O|  |TAMS 0x0000000088000000, 0x0000000088100000| Untracked 
| 129|0x0000000088100000, 0x0000000088200000, 0x0000000088200000|100%| O|  |TAMS 0x0000000088100000, 0x0000000088200000| Untracked 
| 130|0x0000000088200000, 0x0000000088300000, 0x0000000088300000|100%| O|  |TAMS 0x0000000088200000, 0x0000000088300000| Untracked 
| 131|0x0000000088300000, 0x0000000088400000, 0x0000000088400000|100%| O|  |TAMS 0x0000000088300000, 0x0000000088400000| Untracked 
| 132|0x0000000088400000, 0x0000000088500000, 0x0000000088500000|100%| O|  |TAMS 0x0000000088400000, 0x0000000088500000| Untracked 
| 133|0x0000000088500000, 0x0000000088600000, 0x0000000088600000|100%| O|  |TAMS 0x0000000088500000, 0x0000000088600000| Untracked 
| 134|0x0000000088600000, 0x0000000088700000, 0x0000000088700000|100%| O|  |TAMS 0x0000000088600000, 0x0000000088700000| Untracked 
| 135|0x0000000088700000, 0x0000000088800000, 0x0000000088800000|100%| O|  |TAMS 0x0000000088700000, 0x0000000088800000| Untracked 
| 136|0x0000000088800000, 0x0000000088900000, 0x0000000088900000|100%| O|  |TAMS 0x0000000088800000, 0x0000000088900000| Untracked 
| 137|0x0000000088900000, 0x0000000088a00000, 0x0000000088a00000|100%| O|  |TAMS 0x0000000088900000, 0x0000000088a00000| Untracked 
| 138|0x0000000088a00000, 0x0000000088b00000, 0x0000000088b00000|100%| O|  |TAMS 0x0000000088a00000, 0x0000000088b00000| Untracked 
| 139|0x0000000088b00000, 0x0000000088c00000, 0x0000000088c00000|100%| O|  |TAMS 0x0000000088b00000, 0x0000000088c00000| Untracked 
| 140|0x0000000088c00000, 0x0000000088d00000, 0x0000000088d00000|100%| O|  |TAMS 0x0000000088c00000, 0x0000000088d00000| Untracked 
| 141|0x0000000088d00000, 0x0000000088e00000, 0x0000000088e00000|100%| O|  |TAMS 0x0000000088e00000, 0x0000000088e00000| Untracked 
| 142|0x0000000088e00000, 0x0000000088f00000, 0x0000000088f00000|100%| O|  |TAMS 0x0000000088f00000, 0x0000000088f00000| Untracked 
| 143|0x0000000088f00000, 0x0000000089000000, 0x0000000089000000|100%| O|  |TAMS 0x0000000089000000, 0x0000000089000000| Untracked 
| 144|0x0000000089000000, 0x0000000089100000, 0x0000000089100000|100%| O|  |TAMS 0x0000000089100000, 0x0000000089100000| Untracked 
| 145|0x0000000089100000, 0x0000000089200000, 0x0000000089200000|100%| O|  |TAMS 0x0000000089200000, 0x0000000089200000| Untracked 
| 146|0x0000000089200000, 0x0000000089300000, 0x0000000089300000|100%| O|  |TAMS 0x0000000089300000, 0x0000000089300000| Untracked 
| 147|0x0000000089300000, 0x0000000089400000, 0x0000000089400000|100%| O|  |TAMS 0x0000000089300000, 0x0000000089400000| Untracked 
| 148|0x0000000089400000, 0x0000000089500000, 0x0000000089500000|100%| O|  |TAMS 0x0000000089400000, 0x0000000089500000| Untracked 
| 149|0x0000000089500000, 0x0000000089600000, 0x0000000089600000|100%| O|  |TAMS 0x0000000089500000, 0x0000000089600000| Untracked 
| 150|0x0000000089600000, 0x0000000089700000, 0x0000000089700000|100%| O|  |TAMS 0x0000000089600000, 0x0000000089700000| Untracked 
| 151|0x0000000089700000, 0x0000000089800000, 0x0000000089800000|100%| O|  |TAMS 0x0000000089700000, 0x0000000089800000| Untracked 
| 152|0x0000000089800000, 0x0000000089900000, 0x0000000089900000|100%| O|  |TAMS 0x0000000089800000, 0x0000000089900000| Untracked 
| 153|0x0000000089900000, 0x0000000089a00000, 0x0000000089a00000|100%| O|  |TAMS 0x0000000089900000, 0x0000000089a00000| Untracked 
| 154|0x0000000089a00000, 0x0000000089b00000, 0x0000000089b00000|100%| O|  |TAMS 0x0000000089a00000, 0x0000000089b00000| Untracked 
| 155|0x0000000089b00000, 0x0000000089c00000, 0x0000000089c00000|100%| O|  |TAMS 0x0000000089b00000, 0x0000000089c00000| Untracked 
| 156|0x0000000089c00000, 0x0000000089d00000, 0x0000000089d00000|100%| O|  |TAMS 0x0000000089c00000, 0x0000000089d00000| Untracked 
| 157|0x0000000089d00000, 0x0000000089e00000, 0x0000000089e00000|100%| O|  |TAMS 0x0000000089d00000, 0x0000000089e00000| Untracked 
| 158|0x0000000089e00000, 0x0000000089f00000, 0x0000000089f00000|100%| O|  |TAMS 0x0000000089e00000, 0x0000000089f00000| Untracked 
| 159|0x0000000089f00000, 0x000000008a000000, 0x000000008a000000|100%| O|  |TAMS 0x0000000089f00000, 0x000000008a000000| Untracked 
| 160|0x000000008a000000, 0x000000008a100000, 0x000000008a100000|100%| O|  |TAMS 0x000000008a000000, 0x000000008a100000| Untracked 
| 161|0x000000008a100000, 0x000000008a200000, 0x000000008a200000|100%| O|  |TAMS 0x000000008a100000, 0x000000008a200000| Untracked 
| 162|0x000000008a200000, 0x000000008a300000, 0x000000008a300000|100%| O|  |TAMS 0x000000008a200000, 0x000000008a300000| Untracked 
| 163|0x000000008a300000, 0x000000008a400000, 0x000000008a400000|100%| O|  |TAMS 0x000000008a400000, 0x000000008a400000| Untracked 
| 164|0x000000008a400000, 0x000000008a500000, 0x000000008a500000|100%|HS|  |TAMS 0x000000008a500000, 0x000000008a500000| Complete 
| 165|0x000000008a500000, 0x000000008a600000, 0x000000008a600000|100%|HC|  |TAMS 0x000000008a600000, 0x000000008a600000| Complete 
| 166|0x000000008a600000, 0x000000008a700000, 0x000000008a700000|100%|HS|  |TAMS 0x000000008a700000, 0x000000008a700000| Complete 
| 167|0x000000008a700000, 0x000000008a800000, 0x000000008a800000|100%| O|  |TAMS 0x000000008a700000, 0x000000008a800000| Untracked 
| 168|0x000000008a800000, 0x000000008a900000, 0x000000008a900000|100%| O|  |TAMS 0x000000008a800000, 0x000000008a900000| Untracked 
| 169|0x000000008a900000, 0x000000008aa00000, 0x000000008aa00000|100%|HS|  |TAMS 0x000000008aa00000, 0x000000008aa00000| Complete 
| 170|0x000000008aa00000, 0x000000008ab00000, 0x000000008ab00000|100%| O|  |TAMS 0x000000008aa00000, 0x000000008ab00000| Untracked 
| 171|0x000000008ab00000, 0x000000008ac00000, 0x000000008ac00000|100%| O|  |TAMS 0x000000008ab00000, 0x000000008ac00000| Untracked 
| 172|0x000000008ac00000, 0x000000008ad00000, 0x000000008ad00000|100%| O|  |TAMS 0x000000008ac00000, 0x000000008ad00000| Untracked 
| 173|0x000000008ad00000, 0x000000008ae00000, 0x000000008ae00000|100%| O|  |TAMS 0x000000008ad00000, 0x000000008ae00000| Untracked 
| 174|0x000000008ae00000, 0x000000008af00000, 0x000000008af00000|100%| O|  |TAMS 0x000000008ae00000, 0x000000008af00000| Untracked 
| 175|0x000000008af00000, 0x000000008b000000, 0x000000008b000000|100%| O|  |TAMS 0x000000008af00000, 0x000000008b000000| Untracked 
| 176|0x000000008b000000, 0x000000008b100000, 0x000000008b100000|100%| O|  |TAMS 0x000000008b000000, 0x000000008b100000| Untracked 
| 177|0x000000008b100000, 0x000000008b200000, 0x000000008b200000|100%| O|  |TAMS 0x000000008b100000, 0x000000008b200000| Untracked 
| 178|0x000000008b200000, 0x000000008b300000, 0x000000008b300000|100%|HS|  |TAMS 0x000000008b300000, 0x000000008b300000| Complete 
| 179|0x000000008b300000, 0x000000008b400000, 0x000000008b400000|100%|HC|  |TAMS 0x000000008b400000, 0x000000008b400000| Complete 
| 180|0x000000008b400000, 0x000000008b500000, 0x000000008b500000|100%|HS|  |TAMS 0x000000008b500000, 0x000000008b500000| Complete 
| 181|0x000000008b500000, 0x000000008b600000, 0x000000008b600000|100%|HC|  |TAMS 0x000000008b600000, 0x000000008b600000| Complete 
| 182|0x000000008b600000, 0x000000008b700000, 0x000000008b700000|100%|HS|  |TAMS 0x000000008b700000, 0x000000008b700000| Complete 
| 183|0x000000008b700000, 0x000000008b800000, 0x000000008b800000|100%|HC|  |TAMS 0x000000008b800000, 0x000000008b800000| Complete 
| 184|0x000000008b800000, 0x000000008b900000, 0x000000008b900000|100%|HC|  |TAMS 0x000000008b900000, 0x000000008b900000| Complete 
| 185|0x000000008b900000, 0x000000008ba00000, 0x000000008ba00000|100%| O|  |TAMS 0x000000008b900000, 0x000000008ba00000| Untracked 
| 186|0x000000008ba00000, 0x000000008bb00000, 0x000000008bb00000|100%| O|  |TAMS 0x000000008bb00000, 0x000000008bb00000| Untracked 
| 187|0x000000008bb00000, 0x000000008bc00000, 0x000000008bc00000|100%| O|  |TAMS 0x000000008bc00000, 0x000000008bc00000| Untracked 
| 188|0x000000008bc00000, 0x000000008bd00000, 0x000000008bd00000|100%| O|  |TAMS 0x000000008bd00000, 0x000000008bd00000| Untracked 
| 189|0x000000008bd00000, 0x000000008be00000, 0x000000008be00000|100%| O|  |TAMS 0x000000008be00000, 0x000000008be00000| Untracked 
| 190|0x000000008be00000, 0x000000008bf00000, 0x000000008bf00000|100%| O|  |TAMS 0x000000008bf00000, 0x000000008bf00000| Untracked 
| 191|0x000000008bf00000, 0x000000008c000000, 0x000000008c000000|100%| O|  |TAMS 0x000000008c000000, 0x000000008c000000| Untracked 
| 192|0x000000008c000000, 0x000000008c100000, 0x000000008c100000|100%| O|  |TAMS 0x000000008c100000, 0x000000008c100000| Untracked 
| 193|0x000000008c100000, 0x000000008c200000, 0x000000008c200000|100%| O|  |TAMS 0x000000008c100000, 0x000000008c100000| Untracked 
| 194|0x000000008c200000, 0x000000008c300000, 0x000000008c300000|100%| O|  |TAMS 0x000000008c300000, 0x000000008c300000| Untracked 
| 195|0x000000008c300000, 0x000000008c400000, 0x000000008c400000|100%| O|  |TAMS 0x000000008c400000, 0x000000008c400000| Untracked 
| 196|0x000000008c400000, 0x000000008c500000, 0x000000008c500000|100%| O|  |TAMS 0x000000008c409000, 0x000000008c500000| Untracked 
| 197|0x000000008c500000, 0x000000008c600000, 0x000000008c600000|100%| O|  |TAMS 0x000000008c500000, 0x000000008c600000| Untracked 
| 198|0x000000008c600000, 0x000000008c700000, 0x000000008c700000|100%| O|  |TAMS 0x000000008c600000, 0x000000008c700000| Untracked 
| 199|0x000000008c700000, 0x000000008c800000, 0x000000008c800000|100%|HS|  |TAMS 0x000000008c700000, 0x000000008c800000| Complete 
| 200|0x000000008c800000, 0x000000008c900000, 0x000000008c900000|100%|HC|  |TAMS 0x000000008c800000, 0x000000008c900000| Complete 
| 201|0x000000008c900000, 0x000000008ca00000, 0x000000008ca00000|100%| O|  |TAMS 0x000000008c900000, 0x000000008ca00000| Untracked 
| 202|0x000000008ca00000, 0x000000008cb00000, 0x000000008cb00000|100%|HS|  |TAMS 0x000000008ca00000, 0x000000008cb00000| Complete 
| 203|0x000000008cb00000, 0x000000008cc00000, 0x000000008cc00000|100%| O|  |TAMS 0x000000008cb00000, 0x000000008cc00000| Untracked 
| 204|0x000000008cc00000, 0x000000008cd00000, 0x000000008cd00000|100%|HS|  |TAMS 0x000000008cc00000, 0x000000008cd00000| Complete 
| 205|0x000000008cd00000, 0x000000008ce00000, 0x000000008ce00000|100%| O|  |TAMS 0x000000008cd00000, 0x000000008ce00000| Untracked 
| 206|0x000000008ce00000, 0x000000008cf00000, 0x000000008cf00000|100%| O|  |TAMS 0x000000008ce00000, 0x000000008cf00000| Untracked 
| 207|0x000000008cf00000, 0x000000008d000000, 0x000000008d000000|100%| O|  |TAMS 0x000000008cf00000, 0x000000008d000000| Untracked 
| 208|0x000000008d000000, 0x000000008d100000, 0x000000008d100000|100%|HS|  |TAMS 0x000000008d000000, 0x000000008d100000| Complete 
| 209|0x000000008d100000, 0x000000008d200000, 0x000000008d200000|100%|HC|  |TAMS 0x000000008d100000, 0x000000008d200000| Complete 
| 210|0x000000008d200000, 0x000000008d300000, 0x000000008d300000|100%| O|  |TAMS 0x000000008d200000, 0x000000008d300000| Untracked 
| 211|0x000000008d300000, 0x000000008d400000, 0x000000008d400000|100%| O|  |TAMS 0x000000008d300000, 0x000000008d400000| Untracked 
| 212|0x000000008d400000, 0x000000008d500000, 0x000000008d500000|100%| O|  |TAMS 0x000000008d400000, 0x000000008d500000| Untracked 
| 213|0x000000008d500000, 0x000000008d600000, 0x000000008d600000|100%|HS|  |TAMS 0x000000008d500000, 0x000000008d600000| Complete 
| 214|0x000000008d600000, 0x000000008d700000, 0x000000008d700000|100%|HC|  |TAMS 0x000000008d600000, 0x000000008d700000| Complete 
| 215|0x000000008d700000, 0x000000008d800000, 0x000000008d800000|100%| O|  |TAMS 0x000000008d700000, 0x000000008d800000| Untracked 
| 216|0x000000008d800000, 0x000000008d900000, 0x000000008d900000|100%|HS|  |TAMS 0x000000008d800000, 0x000000008d900000| Complete 
| 217|0x000000008d900000, 0x000000008da00000, 0x000000008da00000|100%| O|  |TAMS 0x000000008d900000, 0x000000008d900000| Untracked 
| 218|0x000000008da00000, 0x000000008db00000, 0x000000008db00000|100%| O|  |TAMS 0x000000008da00000, 0x000000008db00000| Untracked 
| 219|0x000000008db00000, 0x000000008dc00000, 0x000000008dc00000|100%| O|  |TAMS 0x000000008db00000, 0x000000008dc00000| Untracked 
| 220|0x000000008dc00000, 0x000000008dd00000, 0x000000008dd00000|100%| O|  |TAMS 0x000000008dc00000, 0x000000008dc00000| Untracked 
| 221|0x000000008dd00000, 0x000000008de00000, 0x000000008de00000|100%| O|  |TAMS 0x000000008dd00000, 0x000000008dd00000| Untracked 
| 222|0x000000008de00000, 0x000000008df00000, 0x000000008df00000|100%| O|  |TAMS 0x000000008de00000, 0x000000008de00000| Untracked 
| 223|0x000000008df00000, 0x000000008e000000, 0x000000008e000000|100%| O|  |TAMS 0x000000008df00000, 0x000000008df00000| Untracked 
| 224|0x000000008e000000, 0x000000008e0a0200, 0x000000008e100000| 62%| O|  |TAMS 0x000000008e000000, 0x000000008e000000| Untracked 
| 225|0x000000008e100000, 0x000000008e100000, 0x000000008e200000|  0%| F|  |TAMS 0x000000008e100000, 0x000000008e100000| Untracked 
| 226|0x000000008e200000, 0x000000008e200000, 0x000000008e300000|  0%| F|  |TAMS 0x000000008e200000, 0x000000008e200000| Untracked 
| 227|0x000000008e300000, 0x000000008e300000, 0x000000008e400000|  0%| F|  |TAMS 0x000000008e300000, 0x000000008e300000| Untracked 
| 228|0x000000008e400000, 0x000000008e400000, 0x000000008e500000|  0%| F|  |TAMS 0x000000008e400000, 0x000000008e400000| Untracked 
| 229|0x000000008e500000, 0x000000008e500000, 0x000000008e600000|  0%| F|  |TAMS 0x000000008e500000, 0x000000008e500000| Untracked 
| 230|0x000000008e600000, 0x000000008e700000, 0x000000008e700000|100%|HS|  |TAMS 0x000000008e600000, 0x000000008e700000| Complete 
| 231|0x000000008e700000, 0x000000008e800000, 0x000000008e800000|100%|HC|  |TAMS 0x000000008e700000, 0x000000008e800000| Complete 
| 232|0x000000008e800000, 0x000000008e900000, 0x000000008e900000|100%|HC|  |TAMS 0x000000008e800000, 0x000000008e900000| Complete 
| 233|0x000000008e900000, 0x000000008ea00000, 0x000000008ea00000|100%| O|  |TAMS 0x000000008e900000, 0x000000008ea00000| Untracked 
| 234|0x000000008ea00000, 0x000000008eb00000, 0x000000008eb00000|100%| O|  |TAMS 0x000000008ea00000, 0x000000008eb00000| Untracked 
| 235|0x000000008eb00000, 0x000000008ec00000, 0x000000008ec00000|100%| O|  |TAMS 0x000000008eb00000, 0x000000008ec00000| Untracked 
| 236|0x000000008ec00000, 0x000000008ed00000, 0x000000008ed00000|100%| O|  |TAMS 0x000000008ec00000, 0x000000008ed00000| Untracked 
| 237|0x000000008ed00000, 0x000000008ee00000, 0x000000008ee00000|100%| O|  |TAMS 0x000000008ed00000, 0x000000008ee00000| Untracked 
| 238|0x000000008ee00000, 0x000000008ee00000, 0x000000008ef00000|  0%| F|  |TAMS 0x000000008ee00000, 0x000000008ee00000| Untracked 
| 239|0x000000008ef00000, 0x000000008ef00000, 0x000000008f000000|  0%| F|  |TAMS 0x000000008ef00000, 0x000000008ef00000| Untracked 
| 240|0x000000008f000000, 0x000000008f000000, 0x000000008f100000|  0%| F|  |TAMS 0x000000008f000000, 0x000000008f000000| Untracked 
| 241|0x000000008f100000, 0x000000008f100000, 0x000000008f200000|  0%| F|  |TAMS 0x000000008f100000, 0x000000008f100000| Untracked 
| 242|0x000000008f200000, 0x000000008f200000, 0x000000008f300000|  0%| F|  |TAMS 0x000000008f200000, 0x000000008f200000| Untracked 
| 243|0x000000008f300000, 0x000000008f300000, 0x000000008f400000|  0%| F|  |TAMS 0x000000008f300000, 0x000000008f300000| Untracked 
| 244|0x000000008f400000, 0x000000008f400000, 0x000000008f500000|  0%| F|  |TAMS 0x000000008f400000, 0x000000008f400000| Untracked 
| 245|0x000000008f500000, 0x000000008f500000, 0x000000008f600000|  0%| F|  |TAMS 0x000000008f500000, 0x000000008f500000| Untracked 
| 246|0x000000008f600000, 0x000000008f600000, 0x000000008f700000|  0%| F|  |TAMS 0x000000008f600000, 0x000000008f600000| Untracked 
| 247|0x000000008f700000, 0x000000008f700000, 0x000000008f800000|  0%| F|  |TAMS 0x000000008f700000, 0x000000008f700000| Untracked 
| 248|0x000000008f800000, 0x000000008f800000, 0x000000008f900000|  0%| F|  |TAMS 0x000000008f800000, 0x000000008f800000| Untracked 
| 249|0x000000008f900000, 0x000000008f900000, 0x000000008fa00000|  0%| F|  |TAMS 0x000000008f900000, 0x000000008f900000| Untracked 
| 250|0x000000008fa00000, 0x000000008fa00000, 0x000000008fb00000|  0%| F|  |TAMS 0x000000008fa00000, 0x000000008fa00000| Untracked 
| 251|0x000000008fb00000, 0x000000008fb00000, 0x000000008fc00000|  0%| F|  |TAMS 0x000000008fb00000, 0x000000008fb00000| Untracked 
| 252|0x000000008fc00000, 0x000000008fc00000, 0x000000008fd00000|  0%| F|  |TAMS 0x000000008fc00000, 0x000000008fc00000| Untracked 
| 253|0x000000008fd00000, 0x000000008fd00000, 0x000000008fe00000|  0%| F|  |TAMS 0x000000008fd00000, 0x000000008fd00000| Untracked 
| 254|0x000000008fe00000, 0x000000008fe00000, 0x000000008ff00000|  0%| F|  |TAMS 0x000000008fe00000, 0x000000008fe00000| Untracked 
| 255|0x000000008ff00000, 0x000000008ff00000, 0x0000000090000000|  0%| F|  |TAMS 0x000000008ff00000, 0x000000008ff00000| Untracked 
| 256|0x0000000090000000, 0x0000000090000000, 0x0000000090100000|  0%| F|  |TAMS 0x0000000090000000, 0x0000000090000000| Untracked 
| 257|0x0000000090100000, 0x0000000090100000, 0x0000000090200000|  0%| F|  |TAMS 0x0000000090100000, 0x0000000090100000| Untracked 
| 258|0x0000000090200000, 0x0000000090200000, 0x0000000090300000|  0%| F|  |TAMS 0x0000000090200000, 0x0000000090200000| Untracked 
| 259|0x0000000090300000, 0x0000000090300000, 0x0000000090400000|  0%| F|  |TAMS 0x0000000090300000, 0x0000000090300000| Untracked 
| 260|0x0000000090400000, 0x0000000090400000, 0x0000000090500000|  0%| F|  |TAMS 0x0000000090400000, 0x0000000090400000| Untracked 
| 261|0x0000000090500000, 0x0000000090500000, 0x0000000090600000|  0%| F|  |TAMS 0x0000000090500000, 0x0000000090500000| Untracked 
| 262|0x0000000090600000, 0x0000000090600000, 0x0000000090700000|  0%| F|  |TAMS 0x0000000090600000, 0x0000000090600000| Untracked 
| 263|0x0000000090700000, 0x0000000090700000, 0x0000000090800000|  0%| F|  |TAMS 0x0000000090700000, 0x0000000090700000| Untracked 
| 264|0x0000000090800000, 0x0000000090800000, 0x0000000090900000|  0%| F|  |TAMS 0x0000000090800000, 0x0000000090800000| Untracked 
| 265|0x0000000090900000, 0x0000000090900000, 0x0000000090a00000|  0%| F|  |TAMS 0x0000000090900000, 0x0000000090900000| Untracked 
| 266|0x0000000090a00000, 0x0000000090a00000, 0x0000000090b00000|  0%| F|  |TAMS 0x0000000090a00000, 0x0000000090a00000| Untracked 
| 267|0x0000000090b00000, 0x0000000090c00000, 0x0000000090c00000|100%| O|  |TAMS 0x0000000090b00000, 0x0000000090c00000| Untracked 
| 268|0x0000000090c00000, 0x0000000090d00000, 0x0000000090d00000|100%| O|  |TAMS 0x0000000090c00000, 0x0000000090d00000| Untracked 
| 269|0x0000000090d00000, 0x0000000090e00000, 0x0000000090e00000|100%| O|  |TAMS 0x0000000090d00000, 0x0000000090e00000| Untracked 
| 270|0x0000000090e00000, 0x0000000090f00000, 0x0000000090f00000|100%| O|  |TAMS 0x0000000090e00000, 0x0000000090f00000| Untracked 
| 271|0x0000000090f00000, 0x0000000091000000, 0x0000000091000000|100%| O|  |TAMS 0x0000000090f00000, 0x0000000091000000| Untracked 
| 272|0x0000000091000000, 0x0000000091100000, 0x0000000091100000|100%| O|  |TAMS 0x0000000091000000, 0x0000000091100000| Untracked 
| 273|0x0000000091100000, 0x0000000091100000, 0x0000000091200000|  0%| F|  |TAMS 0x0000000091100000, 0x0000000091100000| Untracked 
| 274|0x0000000091200000, 0x0000000091200000, 0x0000000091300000|  0%| F|  |TAMS 0x0000000091200000, 0x0000000091200000| Untracked 
| 275|0x0000000091300000, 0x0000000091300000, 0x0000000091400000|  0%| F|  |TAMS 0x0000000091300000, 0x0000000091300000| Untracked 
| 276|0x0000000091400000, 0x0000000091400000, 0x0000000091500000|  0%| F|  |TAMS 0x0000000091400000, 0x0000000091400000| Untracked 
| 277|0x0000000091500000, 0x0000000091500000, 0x0000000091600000|  0%| F|  |TAMS 0x0000000091500000, 0x0000000091500000| Untracked 
| 278|0x0000000091600000, 0x0000000091600000, 0x0000000091700000|  0%| F|  |TAMS 0x0000000091600000, 0x0000000091600000| Untracked 
| 279|0x0000000091700000, 0x0000000091700000, 0x0000000091800000|  0%| F|  |TAMS 0x0000000091700000, 0x0000000091700000| Untracked 
| 280|0x0000000091800000, 0x0000000091800000, 0x0000000091900000|  0%| F|  |TAMS 0x0000000091800000, 0x0000000091800000| Untracked 
| 281|0x0000000091900000, 0x0000000091900000, 0x0000000091a00000|  0%| F|  |TAMS 0x0000000091900000, 0x0000000091900000| Untracked 
| 282|0x0000000091a00000, 0x0000000091a00000, 0x0000000091b00000|  0%| F|  |TAMS 0x0000000091a00000, 0x0000000091a00000| Untracked 
| 283|0x0000000091b00000, 0x0000000091b00000, 0x0000000091c00000|  0%| F|  |TAMS 0x0000000091b00000, 0x0000000091b00000| Untracked 
| 284|0x0000000091c00000, 0x0000000091c00000, 0x0000000091d00000|  0%| F|  |TAMS 0x0000000091c00000, 0x0000000091c00000| Untracked 
| 285|0x0000000091d00000, 0x0000000091d00000, 0x0000000091e00000|  0%| F|  |TAMS 0x0000000091d00000, 0x0000000091d00000| Untracked 
| 286|0x0000000091e00000, 0x0000000091e00000, 0x0000000091f00000|  0%| F|  |TAMS 0x0000000091e00000, 0x0000000091e00000| Untracked 
| 287|0x0000000091f00000, 0x0000000091f00000, 0x0000000092000000|  0%| F|  |TAMS 0x0000000091f00000, 0x0000000091f00000| Untracked 
| 288|0x0000000092000000, 0x0000000092000000, 0x0000000092100000|  0%| F|  |TAMS 0x0000000092000000, 0x0000000092000000| Untracked 
| 289|0x0000000092100000, 0x0000000092100000, 0x0000000092200000|  0%| F|  |TAMS 0x0000000092100000, 0x0000000092100000| Untracked 
| 290|0x0000000092200000, 0x0000000092200000, 0x0000000092300000|  0%| F|  |TAMS 0x0000000092200000, 0x0000000092200000| Untracked 
| 291|0x0000000092300000, 0x0000000092300000, 0x0000000092400000|  0%| F|  |TAMS 0x0000000092300000, 0x0000000092300000| Untracked 
| 292|0x0000000092400000, 0x0000000092400000, 0x0000000092500000|  0%| F|  |TAMS 0x0000000092400000, 0x0000000092400000| Untracked 
| 293|0x0000000092500000, 0x0000000092500000, 0x0000000092600000|  0%| F|  |TAMS 0x0000000092500000, 0x0000000092500000| Untracked 
| 294|0x0000000092600000, 0x0000000092600000, 0x0000000092700000|  0%| F|  |TAMS 0x0000000092600000, 0x0000000092600000| Untracked 
| 295|0x0000000092700000, 0x0000000092700000, 0x0000000092800000|  0%| F|  |TAMS 0x0000000092700000, 0x0000000092700000| Untracked 
| 296|0x0000000092800000, 0x0000000092800000, 0x0000000092900000|  0%| F|  |TAMS 0x0000000092800000, 0x0000000092800000| Untracked 
| 297|0x0000000092900000, 0x0000000092900000, 0x0000000092a00000|  0%| F|  |TAMS 0x0000000092900000, 0x0000000092900000| Untracked 
| 298|0x0000000092a00000, 0x0000000092a00000, 0x0000000092b00000|  0%| F|  |TAMS 0x0000000092a00000, 0x0000000092a00000| Untracked 
| 299|0x0000000092b00000, 0x0000000092b9c9e0, 0x0000000092c00000| 61%| S|CS|TAMS 0x0000000092b00000, 0x0000000092b00000| Complete 
| 300|0x0000000092c00000, 0x0000000092c00000, 0x0000000092d00000|  0%| F|  |TAMS 0x0000000092c00000, 0x0000000092c00000| Untracked 
| 301|0x0000000092d00000, 0x0000000092d00000, 0x0000000092e00000|  0%| F|  |TAMS 0x0000000092d00000, 0x0000000092d00000| Untracked 
| 302|0x0000000092e00000, 0x0000000092e00000, 0x0000000092f00000|  0%| F|  |TAMS 0x0000000092e00000, 0x0000000092e00000| Untracked 
| 303|0x0000000092f00000, 0x0000000092f00000, 0x0000000093000000|  0%| F|  |TAMS 0x0000000092f00000, 0x0000000092f00000| Untracked 
| 304|0x0000000093000000, 0x0000000093000000, 0x0000000093100000|  0%| F|  |TAMS 0x0000000093000000, 0x0000000093000000| Untracked 
| 305|0x0000000093100000, 0x0000000093100000, 0x0000000093200000|  0%| F|  |TAMS 0x0000000093100000, 0x0000000093100000| Untracked 
| 306|0x0000000093200000, 0x0000000093300000, 0x0000000093300000|100%| S|CS|TAMS 0x0000000093200000, 0x0000000093200000| Complete 
| 307|0x0000000093300000, 0x0000000093300000, 0x0000000093400000|  0%| F|  |TAMS 0x0000000093300000, 0x0000000093300000| Untracked 
| 308|0x0000000093400000, 0x0000000093400000, 0x0000000093500000|  0%| F|  |TAMS 0x0000000093400000, 0x0000000093400000| Untracked 
| 309|0x0000000093500000, 0x0000000093500000, 0x0000000093600000|  0%| F|  |TAMS 0x0000000093500000, 0x0000000093500000| Untracked 
| 310|0x0000000093600000, 0x0000000093600000, 0x0000000093700000|  0%| F|  |TAMS 0x0000000093600000, 0x0000000093600000| Untracked 
| 311|0x0000000093700000, 0x0000000093700000, 0x0000000093800000|  0%| F|  |TAMS 0x0000000093700000, 0x0000000093700000| Untracked 
| 312|0x0000000093800000, 0x0000000093800000, 0x0000000093900000|  0%| F|  |TAMS 0x0000000093800000, 0x0000000093800000| Untracked 
| 313|0x0000000093900000, 0x0000000093900000, 0x0000000093a00000|  0%| F|  |TAMS 0x0000000093900000, 0x0000000093900000| Untracked 
| 314|0x0000000093a00000, 0x0000000093a00000, 0x0000000093b00000|  0%| F|  |TAMS 0x0000000093a00000, 0x0000000093a00000| Untracked 
| 315|0x0000000093b00000, 0x0000000093b00000, 0x0000000093c00000|  0%| F|  |TAMS 0x0000000093b00000, 0x0000000093b00000| Untracked 
| 316|0x0000000093c00000, 0x0000000093c00000, 0x0000000093d00000|  0%| F|  |TAMS 0x0000000093c00000, 0x0000000093c00000| Untracked 
| 317|0x0000000093d00000, 0x0000000093d00000, 0x0000000093e00000|  0%| F|  |TAMS 0x0000000093d00000, 0x0000000093d00000| Untracked 
| 318|0x0000000093e00000, 0x0000000093e00000, 0x0000000093f00000|  0%| F|  |TAMS 0x0000000093e00000, 0x0000000093e00000| Untracked 
| 319|0x0000000093f00000, 0x0000000093f00000, 0x0000000094000000|  0%| F|  |TAMS 0x0000000093f00000, 0x0000000093f00000| Untracked 
| 320|0x0000000094000000, 0x0000000094000000, 0x0000000094100000|  0%| F|  |TAMS 0x0000000094000000, 0x0000000094000000| Untracked 
| 321|0x0000000094100000, 0x0000000094100000, 0x0000000094200000|  0%| F|  |TAMS 0x0000000094100000, 0x0000000094100000| Untracked 
| 322|0x0000000094200000, 0x0000000094200000, 0x0000000094300000|  0%| F|  |TAMS 0x0000000094200000, 0x0000000094200000| Untracked 
| 323|0x0000000094300000, 0x0000000094300000, 0x0000000094400000|  0%| F|  |TAMS 0x0000000094300000, 0x0000000094300000| Untracked 
| 324|0x0000000094400000, 0x0000000094400000, 0x0000000094500000|  0%| F|  |TAMS 0x0000000094400000, 0x0000000094400000| Untracked 
| 325|0x0000000094500000, 0x0000000094500000, 0x0000000094600000|  0%| F|  |TAMS 0x0000000094500000, 0x0000000094500000| Untracked 
| 326|0x0000000094600000, 0x0000000094600000, 0x0000000094700000|  0%| F|  |TAMS 0x0000000094600000, 0x0000000094600000| Untracked 
| 327|0x0000000094700000, 0x0000000094700000, 0x0000000094800000|  0%| F|  |TAMS 0x0000000094700000, 0x0000000094700000| Untracked 
| 328|0x0000000094800000, 0x0000000094800000, 0x0000000094900000|  0%| F|  |TAMS 0x0000000094800000, 0x0000000094800000| Untracked 
| 329|0x0000000094900000, 0x0000000094900000, 0x0000000094a00000|  0%| F|  |TAMS 0x0000000094900000, 0x0000000094900000| Untracked 
| 330|0x0000000094a00000, 0x0000000094a00000, 0x0000000094b00000|  0%| F|  |TAMS 0x0000000094a00000, 0x0000000094a00000| Untracked 
| 331|0x0000000094b00000, 0x0000000094b00000, 0x0000000094c00000|  0%| F|  |TAMS 0x0000000094b00000, 0x0000000094b00000| Untracked 
| 332|0x0000000094c00000, 0x0000000094c00000, 0x0000000094d00000|  0%| F|  |TAMS 0x0000000094c00000, 0x0000000094c00000| Untracked 
| 333|0x0000000094d00000, 0x0000000094d00000, 0x0000000094e00000|  0%| F|  |TAMS 0x0000000094d00000, 0x0000000094d00000| Untracked 
| 334|0x0000000094e00000, 0x0000000094e00000, 0x0000000094f00000|  0%| F|  |TAMS 0x0000000094e00000, 0x0000000094e00000| Untracked 
| 335|0x0000000094f00000, 0x0000000094f00000, 0x0000000095000000|  0%| F|  |TAMS 0x0000000094f00000, 0x0000000094f00000| Untracked 
| 336|0x0000000095000000, 0x0000000095000000, 0x0000000095100000|  0%| F|  |TAMS 0x0000000095000000, 0x0000000095000000| Untracked 
| 337|0x0000000095100000, 0x0000000095100000, 0x0000000095200000|  0%| F|  |TAMS 0x0000000095100000, 0x0000000095100000| Untracked 
| 338|0x0000000095200000, 0x0000000095200000, 0x0000000095300000|  0%| F|  |TAMS 0x0000000095200000, 0x0000000095200000| Untracked 
| 339|0x0000000095300000, 0x0000000095300000, 0x0000000095400000|  0%| F|  |TAMS 0x0000000095300000, 0x0000000095300000| Untracked 

Card table byte_map: [0x0000022473800000,0x0000022473c00000] _byte_map_base: 0x0000022473400000

Marking Bits (Prev, Next): (CMBitMap*) 0x000002246dade910, (CMBitMap*) 0x000002246dade8d8
 Prev Bits: [0x0000022476000000, 0x0000022478000000)
 Next Bits: [0x0000022474000000, 0x0000022476000000)

Polling page: 0x000002246d890000

Metaspace:

Usage:
  Non-class:    116.98 MB capacity,   115.05 MB ( 98%) used,     1.53 MB (  1%) free+waste,   410.25 KB ( <1%) overhead. 
      Class:     16.98 MB capacity,    15.82 MB ( 93%) used,  1013.05 KB (  6%) free+waste,   175.19 KB (  1%) overhead. 
       Both:    133.96 MB capacity,   130.87 MB ( 98%) used,     2.52 MB (  2%) free+waste,   585.44 KB ( <1%) overhead. 

Virtual space:
  Non-class space:      118.00 MB reserved,     118.00 MB (100%) committed 
      Class space:        1.00 GB reserved,      17.63 MB (  2%) committed 
             Both:        1.12 GB reserved,     135.63 MB ( 12%) committed 

Chunk freelists:
   Non-Class:  979.00 KB
       Class:  568.00 KB
        Both:  1.51 MB

MaxMetaspaceSize: 17179869184.00 GB
CompressedClassSpaceSize: 1.00 GB
Initial GC threshold: 20.80 MB
Current GC threshold: 225.00 MB
CDS: off

CodeHeap 'non-profiled nmethods': size=120064Kb used=14096Kb max_used=14096Kb free=105967Kb
 bounds [0x0000022407ac0000, 0x0000022408890000, 0x000002240f000000]
CodeHeap 'profiled nmethods': size=120000Kb used=47695Kb max_used=47695Kb free=72304Kb
 bounds [0x0000022400590000, 0x0000022403430000, 0x0000022407ac0000]
CodeHeap 'non-nmethods': size=5696Kb used=2457Kb max_used=2517Kb free=3238Kb
 bounds [0x0000022400000000, 0x00000224002a0000, 0x0000022400590000]
 total_blobs=22413 nmethods=21424 adapters=899
 compilation: enabled
              stopped_count=0, restarted_count=0
 full_count=0

Compilation events (20 events):
Event: 2359.782 Thread 0x000002247a620800 23316       2       com.android.tools.r8.internal.re::a (21 bytes)
Event: 2359.783 Thread 0x000002247a620800 nmethod 23316 0x0000022403401110 code [0x00000224034012e0, 0x0000022403401528]
Event: 2359.787 Thread 0x000002247a620800 23318       2       com.android.tools.r8.internal.ao::a (167 bytes)
Event: 2359.790 Thread 0x000002247a620800 nmethod 23318 0x0000022403401690 code [0x0000022403401980, 0x0000022403402748]
Event: 2359.791 Thread 0x000002247a620800 23319       2       com.android.tools.r8.graph.W0$$Lambda$1745/0x0000000100f0b440::<init> (15 bytes)
Event: 2359.791 Thread 0x000002247a620800 nmethod 23319 0x0000022403403110 code [0x00000224034032c0, 0x0000022403403458]
Event: 2359.791 Thread 0x000002247a620800 23321       2       com.android.tools.r8.internal.K9::a (7 bytes)
Event: 2359.791 Thread 0x000002247a620800 nmethod 23321 0x0000022403403510 code [0x00000224034036c0, 0x00000224034037e8]
Event: 2359.791 Thread 0x000002247a620800 23322       2       com.android.tools.r8.internal.M9$$Lambda$1766/0x0000000100f1e840::accept (16 bytes)
Event: 2359.791 Thread 0x000002247a620800 nmethod 23322 0x0000022403403910 code [0x0000022403403ac0, 0x0000022403403c28]
Event: 2359.792 Thread 0x000002247a620800 23323       2       com.android.tools.r8.internal.M9::c (7 bytes)
Event: 2359.792 Thread 0x000002247a620800 nmethod 23323 0x0000022403403d10 code [0x0000022403403ec0, 0x0000022403403fe8]
Event: 2359.814 Thread 0x000002247a620800 23326 % !   3       com.android.tools.r8.internal.ao::a @ 148 (934 bytes)
Event: 2359.826 Thread 0x000002247a620800 nmethod 23326% 0x0000022403404090 code [0x0000022403404ce0, 0x000002240340cce8]
Event: 2359.826 Thread 0x000002247a620800 23327 %     3       com.android.tools.r8.internal.ao::a @ 35 (167 bytes)
Event: 2359.831 Thread 0x000002247a620800 nmethod 23327% 0x000002240340f810 code [0x000002240340fda0, 0x0000022403413378]
Event: 2359.832 Thread 0x000002247a620800 23328   !   3       com.android.tools.r8.internal.ao::a (934 bytes)
Event: 2359.844 Thread 0x000002247a620800 nmethod 23328 0x0000022403414610 code [0x0000022403415240, 0x000002240341cf88]
Event: 2359.855 Thread 0x000002247a620800 23329       3       com.android.tools.r8.internal.ao::a (167 bytes)
Event: 2359.860 Thread 0x000002247a620800 nmethod 23329 0x000002240341f990 code [0x000002240341ff20, 0x0000022403423408]

GC Heap History (20 events):
Event: 2357.429 GC heap after
{Heap after GC invocations=56 (full 0):
 garbage-first heap   total 279552K, used 234496K [0x0000000080000000, 0x0000000100000000)
  region size 1024K, 2 young (2048K), 2 survivors (2048K)
 Metaspace       used 134238K, capacity 137949K, committed 138240K, reserved 1169408K
  class space    used 16447K, capacity 17848K, committed 17920K, reserved 1048576K
}
Event: 2357.550 GC heap before
{Heap before GC invocations=56 (full 0):
 garbage-first heap   total 279552K, used 245760K [0x0000000080000000, 0x0000000100000000)
  region size 1024K, 13 young (13312K), 2 survivors (2048K)
 Metaspace       used 134239K, capacity 137949K, committed 138240K, reserved 1169408K
  class space    used 16447K, capacity 17848K, committed 17920K, reserved 1048576K
}
Event: 2357.572 GC heap after
{Heap after GC invocations=57 (full 0):
 garbage-first heap   total 279552K, used 239051K [0x0000000080000000, 0x0000000100000000)
  region size 1024K, 2 young (2048K), 2 survivors (2048K)
 Metaspace       used 134239K, capacity 137949K, committed 138240K, reserved 1169408K
  class space    used 16447K, capacity 17848K, committed 17920K, reserved 1048576K
}
Event: 2357.750 GC heap before
{Heap before GC invocations=57 (full 0):
 garbage-first heap   total 279552K, used 221643K [0x0000000080000000, 0x0000000100000000)
  region size 1024K, 13 young (13312K), 2 survivors (2048K)
 Metaspace       used 133178K, capacity 136271K, committed 138240K, reserved 1169408K
  class space    used 16113K, capacity 17237K, committed 17920K, reserved 1048576K
}
Event: 2357.775 GC heap after
{Heap after GC invocations=58 (full 0):
 garbage-first heap   total 279552K, used 214343K [0x0000000080000000, 0x0000000100000000)
  region size 1024K, 2 young (2048K), 2 survivors (2048K)
 Metaspace       used 133178K, capacity 136271K, committed 138240K, reserved 1169408K
  class space    used 16113K, capacity 17237K, committed 17920K, reserved 1048576K
}
Event: 2357.941 GC heap before
{Heap before GC invocations=59 (full 0):
 garbage-first heap   total 279552K, used 232775K [0x0000000080000000, 0x0000000100000000)
  region size 1024K, 21 young (21504K), 2 survivors (2048K)
 Metaspace       used 133179K, capacity 136271K, committed 138240K, reserved 1169408K
  class space    used 16113K, capacity 17237K, committed 17920K, reserved 1048576K
}
Event: 2357.969 GC heap after
{Heap after GC invocations=60 (full 0):
 garbage-first heap   total 279552K, used 221362K [0x0000000080000000, 0x0000000100000000)
  region size 1024K, 3 young (3072K), 3 survivors (3072K)
 Metaspace       used 133179K, capacity 136271K, committed 138240K, reserved 1169408K
  class space    used 16113K, capacity 17237K, committed 17920K, reserved 1048576K
}
Event: 2358.043 GC heap before
{Heap before GC invocations=60 (full 0):
 garbage-first heap   total 279552K, used 231602K [0x0000000080000000, 0x0000000100000000)
  region size 1024K, 13 young (13312K), 3 survivors (3072K)
 Metaspace       used 133326K, capacity 136361K, committed 138240K, reserved 1169408K
  class space    used 16127K, capacity 17247K, committed 17920K, reserved 1048576K
}
Event: 2358.068 GC heap after
{Heap after GC invocations=61 (full 0):
 garbage-first heap   total 279552K, used 196895K [0x0000000080000000, 0x0000000100000000)
  region size 1024K, 2 young (2048K), 2 survivors (2048K)
 Metaspace       used 133326K, capacity 136361K, committed 138240K, reserved 1169408K
  class space    used 16127K, capacity 17247K, committed 17920K, reserved 1048576K
}
Event: 2358.233 GC heap before
{Heap before GC invocations=61 (full 0):
 garbage-first heap   total 279552K, used 208159K [0x0000000080000000, 0x0000000100000000)
  region size 1024K, 13 young (13312K), 2 survivors (2048K)
 Metaspace       used 133485K, capacity 136575K, committed 138496K, reserved 1169408K
  class space    used 16135K, capacity 17253K, committed 17920K, reserved 1048576K
}
Event: 2358.309 GC heap after
{Heap after GC invocations=62 (full 0):
 garbage-first heap   total 279552K, used 183524K [0x0000000080000000, 0x0000000100000000)
  region size 1024K, 2 young (2048K), 2 survivors (2048K)
 Metaspace       used 133485K, capacity 136575K, committed 138496K, reserved 1169408K
  class space    used 16135K, capacity 17253K, committed 17920K, reserved 1048576K
}
Event: 2358.388 GC heap before
{Heap before GC invocations=62 (full 0):
 garbage-first heap   total 279552K, used 194788K [0x0000000080000000, 0x0000000100000000)
  region size 1024K, 13 young (13312K), 2 survivors (2048K)
 Metaspace       used 133508K, capacity 136578K, committed 138496K, reserved 1169408K
  class space    used 16135K, capacity 17253K, committed 17920K, reserved 1048576K
}
Event: 2358.420 GC heap after
{Heap after GC invocations=63 (full 0):
 garbage-first heap   total 348160K, used 186880K [0x0000000080000000, 0x0000000100000000)
  region size 1024K, 2 young (2048K), 2 survivors (2048K)
 Metaspace       used 133508K, capacity 136578K, committed 138496K, reserved 1169408K
  class space    used 16135K, capacity 17253K, committed 17920K, reserved 1048576K
}
Event: 2358.806 GC heap before
{Heap before GC invocations=63 (full 0):
 garbage-first heap   total 348160K, used 244224K [0x0000000080000000, 0x0000000100000000)
  region size 1024K, 58 young (59392K), 2 survivors (2048K)
 Metaspace       used 133542K, capacity 136584K, committed 138496K, reserved 1169408K
  class space    used 16136K, capacity 17254K, committed 17920K, reserved 1048576K
}
Event: 2358.872 GC heap after
{Heap after GC invocations=64 (full 0):
 garbage-first heap   total 348160K, used 215916K [0x0000000080000000, 0x0000000100000000)
  region size 1024K, 8 young (8192K), 8 survivors (8192K)
 Metaspace       used 133542K, capacity 136584K, committed 138496K, reserved 1169408K
  class space    used 16136K, capacity 17254K, committed 17920K, reserved 1048576K
}
Event: 2359.094 GC heap before
{Heap before GC invocations=64 (full 0):
 garbage-first heap   total 348160K, used 259948K [0x0000000080000000, 0x0000000100000000)
  region size 1024K, 51 young (52224K), 8 survivors (8192K)
 Metaspace       used 133642K, capacity 136729K, committed 138496K, reserved 1169408K
  class space    used 16152K, capacity 17302K, committed 17920K, reserved 1048576K
}
Event: 2359.150 GC heap after
{Heap after GC invocations=65 (full 0):
 garbage-first heap   total 348160K, used 236032K [0x0000000080000000, 0x0000000100000000)
  region size 1024K, 7 young (7168K), 7 survivors (7168K)
 Metaspace       used 133642K, capacity 136729K, committed 138496K, reserved 1169408K
  class space    used 16152K, capacity 17302K, committed 17920K, reserved 1048576K
}
Event: 2359.346 GC heap before
{Heap before GC invocations=65 (full 0):
 garbage-first heap   total 348160K, used 269824K [0x0000000080000000, 0x0000000100000000)
  region size 1024K, 41 young (41984K), 7 survivors (7168K)
 Metaspace       used 133820K, capacity 136974K, committed 138752K, reserved 1169408K
  class space    used 16176K, capacity 17340K, committed 17920K, reserved 1048576K
}
Event: 2359.375 GC heap after
{Heap after GC invocations=66 (full 0):
 garbage-first heap   total 348160K, used 243712K [0x0000000080000000, 0x0000000100000000)
  region size 1024K, 6 young (6144K), 6 survivors (6144K)
 Metaspace       used 133820K, capacity 136974K, committed 138752K, reserved 1169408K
  class space    used 16176K, capacity 17340K, committed 17920K, reserved 1048576K
}
Event: 2359.863 GC heap before
{Heap before GC invocations=66 (full 0):
 garbage-first heap   total 348160K, used 276480K [0x0000000080000000, 0x0000000100000000)
  region size 1024K, 39 young (39936K), 6 survivors (6144K)
 Metaspace       used 134010K, capacity 137173K, committed 138880K, reserved 1169408K
  class space    used 16195K, capacity 17384K, committed 18048K, reserved 1048576K
}

Deoptimization events (20 events):
Event: 2359.240 Thread 0x000002241490d000 DEOPT PACKING pc=0x00000224082e5a98 sp=0x00000030268fd7e0
Event: 2359.240 Thread 0x000002241490d000 DEOPT UNPACKING pc=0x000002240004a1af sp=0x00000030268fd740 mode 2
Event: 2359.243 Thread 0x000002241490d000 Uncommon trap: trap_request=0xffffffde fr.pc=0x00000224082ea43c relative=0x000000000000037c
Event: 2359.243 Thread 0x000002241490d000 Uncommon trap: reason=class_check action=maybe_recompile pc=0x00000224082ea43c method=java.util.TreeMap$KeySet.iterator()Ljava/util/Iterator; @ 25 c2
Event: 2359.243 Thread 0x000002241490d000 DEOPT PACKING pc=0x00000224082ea43c sp=0x00000030268fd790
Event: 2359.243 Thread 0x000002241490d000 DEOPT UNPACKING pc=0x000002240004a1af sp=0x00000030268fd740 mode 2
Event: 2359.245 Thread 0x000002241490d000 DEOPT PACKING pc=0x0000022401fca088 sp=0x00000030268fd510
Event: 2359.245 Thread 0x000002241490d000 DEOPT UNPACKING pc=0x000002240004a95e sp=0x00000030268fca18 mode 0
Event: 2359.282 Thread 0x000002241098e800 DEOPT PACKING pc=0x000002240332838c sp=0x0000003026cfebd0
Event: 2359.282 Thread 0x000002241098e800 DEOPT UNPACKING pc=0x000002240004a95e sp=0x0000003026cfe210 mode 0
Event: 2359.294 Thread 0x000002241098e800 DEOPT PACKING pc=0x000002240332838c sp=0x0000003026cfebb0
Event: 2359.294 Thread 0x000002241098e800 DEOPT UNPACKING pc=0x000002240004a95e sp=0x0000003026cfe1f0 mode 0
Event: 2359.302 Thread 0x000002241098e800 DEOPT PACKING pc=0x000002240332838c sp=0x0000003026cfebb0
Event: 2359.302 Thread 0x000002241098e800 DEOPT UNPACKING pc=0x000002240004a95e sp=0x0000003026cfe1f0 mode 0
Event: 2359.309 Thread 0x000002241098e800 DEOPT PACKING pc=0x000002240332838c sp=0x0000003026cfebb0
Event: 2359.309 Thread 0x000002241098e800 DEOPT UNPACKING pc=0x000002240004a95e sp=0x0000003026cfe1f0 mode 0
Event: 2359.322 Thread 0x000002241098e800 DEOPT PACKING pc=0x000002240332838c sp=0x0000003026cfebb0
Event: 2359.322 Thread 0x000002241098e800 DEOPT UNPACKING pc=0x000002240004a95e sp=0x0000003026cfe1f0 mode 0
Event: 2359.743 Thread 0x000002241098e800 DEOPT PACKING pc=0x000002240136b7cc sp=0x0000003026cfee10
Event: 2359.743 Thread 0x000002241098e800 DEOPT UNPACKING pc=0x000002240004a95e sp=0x0000003026cfe2c8 mode 0

Classes redefined (0 events):
No events

Internal exceptions (20 events):
Event: 2351.740 Thread 0x0000022414903000 Exception <a 'sun/nio/fs/WindowsException'{0x000000008f6023c8}> (0x000000008f6023c8) thrown at [./src/hotspot/share/prims/jni.cpp, line 616]
Event: 2351.741 Thread 0x0000022414903000 Exception <a 'sun/nio/fs/WindowsException'{0x000000008f6034f0}> (0x000000008f6034f0) thrown at [./src/hotspot/share/prims/jni.cpp, line 616]
Event: 2351.741 Thread 0x0000022414903000 Exception <a 'sun/nio/fs/WindowsException'{0x000000008f6037a8}> (0x000000008f6037a8) thrown at [./src/hotspot/share/prims/jni.cpp, line 616]
Event: 2351.750 Thread 0x0000022414903000 Exception <a 'sun/nio/fs/WindowsException'{0x000000008f6407c0}> (0x000000008f6407c0) thrown at [./src/hotspot/share/prims/jni.cpp, line 616]
Event: 2351.750 Thread 0x0000022414903000 Exception <a 'sun/nio/fs/WindowsException'{0x000000008f641908}> (0x000000008f641908) thrown at [./src/hotspot/share/prims/jni.cpp, line 616]
Event: 2351.964 Thread 0x0000022414903000 Exception <a 'sun/nio/fs/WindowsException'{0x000000008ea33cc0}> (0x000000008ea33cc0) thrown at [./src/hotspot/share/prims/jni.cpp, line 616]
Event: 2351.964 Thread 0x0000022414903000 Exception <a 'sun/nio/fs/WindowsException'{0x000000008ea34e08}> (0x000000008ea34e08) thrown at [./src/hotspot/share/prims/jni.cpp, line 616]
Event: 2351.964 Thread 0x0000022414903000 Exception <a 'sun/nio/fs/WindowsException'{0x000000008ea35180}> (0x000000008ea35180) thrown at [./src/hotspot/share/prims/jni.cpp, line 616]
Event: 2351.964 Thread 0x0000022414903000 Exception <a 'sun/nio/fs/WindowsException'{0x000000008ea36520}> (0x000000008ea36520) thrown at [./src/hotspot/share/prims/jni.cpp, line 616]
Event: 2351.965 Thread 0x0000022414903000 Exception <a 'sun/nio/fs/WindowsException'{0x000000008ea367c8}> (0x000000008ea367c8) thrown at [./src/hotspot/share/prims/jni.cpp, line 616]
Event: 2351.965 Thread 0x0000022414903000 Exception <a 'sun/nio/fs/WindowsException'{0x000000008ea378d8}> (0x000000008ea378d8) thrown at [./src/hotspot/share/prims/jni.cpp, line 616]
Event: 2353.494 Thread 0x0000022414906800 Implicit null exception at 0x0000022407c99646 to 0x0000022407c999bc
Event: 2353.528 Thread 0x000002241490b000 Implicit null exception at 0x00000224087ad805 to 0x00000224087af4fc
Event: 2357.185 Thread 0x000002241098c800 Exception <a 'sun/nio/fs/WindowsException'{0x000000008e4068f0}> (0x000000008e4068f0) thrown at [./src/hotspot/share/prims/jni.cpp, line 616]
Event: 2358.074 Thread 0x000002241098d800 Implicit null exception at 0x00000224084ba224 to 0x00000224084ba2d8
Event: 2358.074 Thread 0x000002241098a000 Implicit null exception at 0x00000224084ba224 to 0x00000224084ba2d8
Event: 2358.953 Thread 0x000002241490d000 Exception <a 'java/lang/NoSuchMethodError'{0x00000000944d9c38}: 'java.lang.Object java.lang.invoke.DirectMethodHandle$Holder.invokeVirtual(java.lang.Object, java.lang.Object, int)'> (0x00000000944d9c38) thrown at [./src/hotspot/share/interpreter/linkResolver.cpp, line 773]
Event: 2358.971 Thread 0x000002241490d000 Implicit null exception at 0x0000022407dac27d to 0x0000022407daec50
Event: 2359.210 Thread 0x000002241490d000 Implicit null exception at 0x000002240883a6ea to 0x000002240883a73c
Event: 2359.210 Thread 0x000002241490d000 Implicit null exception at 0x0000022408802e50 to 0x0000022408802e64

Events (20 events):
Event: 2359.793 Executing coalesced safepoint VM operation: RevokeBias
Event: 2359.793 Executing coalesced safepoint VM operation: RevokeBias done
Event: 2359.793 Executing coalesced safepoint VM operation: RevokeBias
Event: 2359.793 Executing coalesced safepoint VM operation: RevokeBias done
Event: 2359.793 Executing coalesced safepoint VM operation: RevokeBias
Event: 2359.793 Executing coalesced safepoint VM operation: RevokeBias done
Event: 2359.793 Executing VM operation: RevokeBias done
Event: 2359.794 Executing VM operation: RevokeBias
Event: 2359.795 Executing VM operation: RevokeBias done
Event: 2359.798 Executing VM operation: RevokeBias
Event: 2359.799 Executing coalesced safepoint VM operation: RevokeBias
Event: 2359.799 Executing coalesced safepoint VM operation: RevokeBias done
Event: 2359.799 Executing coalesced safepoint VM operation: RevokeBias
Event: 2359.800 Executing coalesced safepoint VM operation: RevokeBias done
Event: 2359.800 Executing coalesced safepoint VM operation: RevokeBias
Event: 2359.800 Executing coalesced safepoint VM operation: RevokeBias done
Event: 2359.800 Executing VM operation: RevokeBias done
Event: 2359.800 Executing VM operation: BulkRevokeBias
Event: 2359.803 Executing VM operation: BulkRevokeBias done
Event: 2359.863 Executing VM operation: G1CollectForAllocation


Dynamic libraries:
0x00007ff64dda0000 - 0x00007ff64ddaa000 	C:\Program Files\Android\Android Studio\jre\bin\java.exe
0x00007ffee7770000 - 0x00007ffee7968000 	C:\Windows\SYSTEM32\ntdll.dll
0x00007ffee7670000 - 0x00007ffee772f000 	C:\Windows\System32\KERNEL32.DLL
0x00007ffee54d0000 - 0x00007ffee57c6000 	C:\Windows\System32\KERNELBASE.dll
0x00007ffee5070000 - 0x00007ffee5170000 	C:\Windows\System32\ucrtbase.dll
0x00007ffedfb90000 - 0x00007ffedfba7000 	C:\Program Files\Android\Android Studio\jre\bin\VCRUNTIME140.dll
0x00007ffede6c0000 - 0x00007ffede6d9000 	C:\Program Files\Android\Android Studio\jre\bin\jli.dll
0x00007ffee6b60000 - 0x00007ffee6cfd000 	C:\Windows\System32\USER32.dll
0x00007ffed23e0000 - 0x00007ffed267a000 	C:\Windows\WinSxS\amd64_microsoft.windows.common-controls_6595b64144ccf1df_6.0.19041.1110_none_60b5254171f9507e\COMCTL32.dll
0x00007ffee4f10000 - 0x00007ffee4f32000 	C:\Windows\System32\win32u.dll
0x00007ffee5900000 - 0x00007ffee599e000 	C:\Windows\System32\msvcrt.dll
0x00007ffee6410000 - 0x00007ffee643c000 	C:\Windows\System32\GDI32.dll
0x00007ffee5170000 - 0x00007ffee5285000 	C:\Windows\System32\gdi32full.dll
0x00007ffee4f40000 - 0x00007ffee4fdd000 	C:\Windows\System32\msvcp_win.dll
0x00007ffee6020000 - 0x00007ffee6050000 	C:\Windows\System32\IMM32.DLL
0x00007ffeb82f0000 - 0x00007ffeb838d000 	C:\Program Files\Android\Android Studio\jre\bin\msvcp140.dll
0x00007ffea2ec0000 - 0x00007ffea39c2000 	C:\Program Files\Android\Android Studio\jre\bin\server\jvm.dll
0x00007ffee5f70000 - 0x00007ffee601f000 	C:\Windows\System32\ADVAPI32.dll
0x00007ffee6440000 - 0x00007ffee64dc000 	C:\Windows\System32\sechost.dll
0x00007ffee57d0000 - 0x00007ffee58f6000 	C:\Windows\System32\RPCRT4.dll
0x00007ffee6e90000 - 0x00007ffee6e98000 	C:\Windows\System32\PSAPI.DLL
0x00007ffedf560000 - 0x00007ffedf569000 	C:\Windows\SYSTEM32\WSOCK32.dll
0x00007ffed2050000 - 0x00007ffed2077000 	C:\Windows\SYSTEM32\WINMM.dll
0x00007ffed2680000 - 0x00007ffed268a000 	C:\Windows\SYSTEM32\VERSION.dll
0x00007ffee6330000 - 0x00007ffee639b000 	C:\Windows\System32\WS2_32.dll
0x00007ffee2cf0000 - 0x00007ffee2d02000 	C:\Windows\SYSTEM32\kernel.appcore.dll
0x00007ffed95e0000 - 0x00007ffed95f1000 	C:\Program Files\Android\Android Studio\jre\bin\verify.dll
0x00007ffed1dc0000 - 0x00007ffed1fa4000 	C:\Windows\SYSTEM32\DBGHELP.DLL
0x00007ffed1a30000 - 0x00007ffed1a64000 	C:\Windows\SYSTEM32\dbgcore.DLL
0x00007ffee4fe0000 - 0x00007ffee5062000 	C:\Windows\System32\bcryptPrimitives.dll
0x00007ffed95b0000 - 0x00007ffed95d9000 	C:\Program Files\Android\Android Studio\jre\bin\java.dll
0x00007ffedf4e0000 - 0x00007ffedf4eb000 	C:\Program Files\Android\Android Studio\jre\bin\jimage.dll
0x00007ffed9590000 - 0x00007ffed95a8000 	C:\Program Files\Android\Android Studio\jre\bin\zip.dll
0x00007ffee6ea0000 - 0x00007ffee75e4000 	C:\Windows\System32\SHELL32.dll
0x00007ffee2ef0000 - 0x00007ffee3683000 	C:\Windows\SYSTEM32\windows.storage.dll
0x00007ffee5ae0000 - 0x00007ffee5e34000 	C:\Windows\System32\combase.dll
0x00007ffee4890000 - 0x00007ffee48be000 	C:\Windows\SYSTEM32\Wldp.dll
0x00007ffee6de0000 - 0x00007ffee6e8d000 	C:\Windows\System32\SHCORE.dll
0x00007ffee6b00000 - 0x00007ffee6b55000 	C:\Windows\System32\shlwapi.dll
0x00007ffee4d80000 - 0x00007ffee4da5000 	C:\Windows\SYSTEM32\profapi.dll
0x00007ffed8f70000 - 0x00007ffed8f8a000 	C:\Program Files\Android\Android Studio\jre\bin\net.dll
0x00007ffed8cc0000 - 0x00007ffed8dca000 	C:\Windows\SYSTEM32\WINHTTP.dll
0x00007ffee45f0000 - 0x00007ffee465a000 	C:\Windows\system32\mswsock.dll
0x00007ffed7790000 - 0x00007ffed77a4000 	C:\Program Files\Android\Android Studio\jre\bin\nio.dll
0x00007ffedbed0000 - 0x00007ffedbef7000 	C:\Users\hp\.gradle\native\e1d6ef7f7dcc3fd88c89a11ec53ec762bb8ba0a96d01ffa2cd45eb1d1d8dd5c5\windows-amd64\native-platform.dll
0x00007ffeb6280000 - 0x00007ffeb63c4000 	C:\Users\hp\.gradle\native\0d407fdbe67a94daf76414ababcb853783967236a71b16ec16e742cd7a986fd3\windows-amd64\native-platform-file-events.dll
0x00007ffede4b0000 - 0x00007ffede4ba000 	C:\Program Files\Android\Android Studio\jre\bin\management.dll
0x00007ffedbda0000 - 0x00007ffedbdad000 	C:\Program Files\Android\Android Studio\jre\bin\management_ext.dll
0x00007ffee47e0000 - 0x00007ffee47f8000 	C:\Windows\SYSTEM32\CRYPTSP.dll
0x00007ffee3e90000 - 0x00007ffee3ec4000 	C:\Windows\system32\rsaenh.dll
0x00007ffee53f0000 - 0x00007ffee5417000 	C:\Windows\System32\bcrypt.dll
0x00007ffee4d00000 - 0x00007ffee4d2e000 	C:\Windows\SYSTEM32\USERENV.dll
0x00007ffee4800000 - 0x00007ffee480c000 	C:\Windows\SYSTEM32\CRYPTBASE.dll
0x00007ffee4290000 - 0x00007ffee42cb000 	C:\Windows\SYSTEM32\IPHLPAPI.DLL
0x00007ffee6170000 - 0x00007ffee6178000 	C:\Windows\System32\NSI.dll
0x00007ffed9110000 - 0x00007ffed9127000 	C:\Windows\SYSTEM32\dhcpcsvc6.DLL
0x00007ffed9090000 - 0x00007ffed90ad000 	C:\Windows\SYSTEM32\dhcpcsvc.DLL
0x00007ffee42d0000 - 0x00007ffee439a000 	C:\Windows\SYSTEM32\DNSAPI.dll
0x00007ffee3fb0000 - 0x00007ffee3fe3000 	C:\Windows\SYSTEM32\ntmarta.dll
0x00007ffed6c50000 - 0x00007ffed6c77000 	C:\Program Files\Android\Android Studio\jre\bin\sunec.dll

dbghelp: loaded successfully - version: 4.0.5 - missing functions: none
symbol engine: initialized successfully - sym options: 0x614 - pdb path: .;C:\Program Files\Android\Android Studio\jre\bin;C:\Windows\SYSTEM32;C:\Windows\WinSxS\amd64_microsoft.windows.common-controls_6595b64144ccf1df_6.0.19041.1110_none_60b5254171f9507e;C:\Program Files\Android\Android Studio\jre\bin\server;C:\Users\hp\.gradle\native\e1d6ef7f7dcc3fd88c89a11ec53ec762bb8ba0a96d01ffa2cd45eb1d1d8dd5c5\windows-amd64;C:\Users\hp\.gradle\native\0d407fdbe67a94daf76414ababcb853783967236a71b16ec16e742cd7a986fd3\windows-amd64

VM Arguments:
jvm_args: --add-opens=java.base/java.util=ALL-UNNAMED --add-opens=java.base/java.lang=ALL-UNNAMED --add-opens=java.base/java.lang.invoke=ALL-UNNAMED --add-opens=java.base/java.util=ALL-UNNAMED --add-opens=java.prefs/java.util.prefs=ALL-UNNAMED --add-opens=java.prefs/java.util.prefs=ALL-UNNAMED --add-opens=java.base/java.nio.charset=ALL-UNNAMED --add-opens=java.base/java.net=ALL-UNNAMED --add-opens=java.base/java.util.concurrent.atomic=ALL-UNNAMED -Xmx2048m -Dfile.encoding=UTF-8 -Duser.country=US -Duser.language=en -Duser.variant 
java_command: org.gradle.launcher.daemon.bootstrap.GradleDaemon 7.4
java_class_path (initial): C:\Users\hp\.gradle\wrapper\dists\gradle-7.4-bin\c0gwcg53nkjbqw7r0h0umtfvt\gradle-7.4\lib\gradle-launcher-7.4.jar
Launcher Type: SUN_STANDARD

[Global flags]
     intx CICompilerCount                          = 3                                         {product} {ergonomic}
     uint ConcGCThreads                            = 1                                         {product} {ergonomic}
     uint G1ConcRefinementThreads                  = 4                                         {product} {ergonomic}
   size_t G1HeapRegionSize                         = 1048576                                   {product} {ergonomic}
    uintx GCDrainStackTargetSize                   = 64                                        {product} {ergonomic}
   size_t InitialHeapSize                          = 134217728                                 {product} {ergonomic}
   size_t MarkStackSize                            = 4194304                                   {product} {ergonomic}
   size_t MaxHeapSize                              = 2147483648                                {product} {command line}
   size_t MaxNewSize                               = 1287651328                                {product} {ergonomic}
   size_t MinHeapDeltaBytes                        = 1048576                                   {product} {ergonomic}
    uintx NonNMethodCodeHeapSize                   = 5830732                                {pd product} {ergonomic}
    uintx NonProfiledCodeHeapSize                  = 122913754                              {pd product} {ergonomic}
    uintx ProfiledCodeHeapSize                     = 122913754                              {pd product} {ergonomic}
    uintx ReservedCodeCacheSize                    = 251658240                              {pd product} {ergonomic}
     bool SegmentedCodeCache                       = true                                      {product} {ergonomic}
     bool UseCompressedClassPointers               = true                                 {lp64_product} {ergonomic}
     bool UseCompressedOops                        = true                                 {lp64_product} {ergonomic}
     bool UseG1GC                                  = true                                      {product} {ergonomic}
     bool UseLargePagesIndividualAllocation        = false                                  {pd product} {ergonomic}

Logging:
Log output configuration:
 #0: stdout all=warning uptime,level,tags
 #1: stderr all=off uptime,level,tags

Environment Variables:
PATH=C:\Program Files (x86)\VMware\VMware Workstation\bin\;C:\Program Files (x86)\NVIDIA Corporation\PhysX\Common;C:\Windows\system32;C:\Windows;C:\Windows\System32\Wbem;C:\Windows\System32\WindowsPowerShell\v1.0\;C:\Windows\System32\OpenSSH\;C:\Users\hp\Documents\Java\jdk1.8.0_111\bin;c:\Program Files (x86)\Microsoft SQL Server\90\Tools\binn\;C:\Program Files\dotnet\;C:\Program Files\Microsoft SQL Server\150\Tools\Binn\;C:\Program Files\Microsoft SQL Server\Client SDK\ODBC\170\Tools\Binn\;C:\Program Files\Git\cmd;C:\Program Files\nodejs\;C:\ProgramData\chocolatey\bin;C:\Users\hp\AppData\Local\Programs\Python\Python310\Scripts\;C:\Users\hp\AppData\Local\Programs\Python\Python310\;C:\Users\hp\AppData\Local\Programs\Python\Launcher\;C:\Users\hp\AppData\Local\Microsoft\WindowsApps;C:\Program Files\Java\jdk1.8.0_111\bin;;C:\Program Files\JetBrains\PyCharm Community Edition 2022.3.1\bin;;C:\Users\hp\.dotnet\tools;C:\Users\hp\AppData\Roaming\npm;C:\Users\hp\AppData\Local\Programs\Microsoft VS Code\bin
USERNAME=hp
OS=Windows_NT
PROCESSOR_IDENTIFIER=Intel64 Family 6 Model 69 Stepping 1, GenuineIntel



---------------  S Y S T E M  ---------------

OS: Windows 10 , 64 bit Build 19041 (10.0.19041.3155)
OS uptime: 1 days 3:56 hours

CPU:total 4 (initial active 4) (2 cores per cpu, 2 threads per core) family 6 model 69 stepping 1 microcode 0x25, cmov, cx8, fxsr, mmx, sse, sse2, sse3, ssse3, sse4.1, sse4.2, popcnt, avx, avx2, aes, clmul, erms, lzcnt, ht, tsc, tscinvbit, bmi1, bmi2, fma

Memory: 4k page, system-wide physical 8089M (1724M free)
TotalPageFile size 10949M (AvailPageFile size 213M)
current process WorkingSet (physical memory assigned to process): 728M, peak: 733M
current process commit charge ("private bytes"): 763M, peak: 1123M

vm_info: OpenJDK 64-Bit Server VM (11.0.13+0-b1751.21-8125866) for windows-amd64 JRE (11.0.13+0-b1751.21-8125866), built on Feb  2 2022 03:00:22 by "builder" with MS VC++ 14.0 (VS2015)

END.
