#
# There is insufficient memory for the Java Runtime Environment to continue.
# Native memory allocation (mmap) failed to map 38797312 bytes for Failed to commit area from 0x000000008b900000 to 0x000000008de00000 of length 38797312.
# Possible reasons:
#   The system is out of physical RAM or swap space
#   The process is running with CompressedOops enabled, and the Java Heap may be blocking the growth of the native heap
# Possible solutions:
#   Reduce memory load on the system
#   Increase physical memory or swap space
#   Check if swap backing store is full
#   Decrease Java heap size (-Xmx/-Xms)
#   Decrease number of Java threads
#   Decrease Java thread stack sizes (-Xss)
#   Set larger code cache with -XX:ReservedCodeCacheSize=
#   JVM is running with Unscaled Compressed Oops mode in which the Java heap is
#     placed in the first 4GB address space. The Java Heap base address is the
#     maximum limit for the native heap growth. Please use -XX:HeapBaseMinAddress
#     to set the Java Heap base and to place the Java Heap above 4GB virtual address.
# This output file may be truncated or incomplete.
#
#  Out of Memory Error (./src/hotspot/os/windows/os_windows.cpp:3619), pid=11108, tid=7272
#
# JRE version: OpenJDK Runtime Environment (11.0.13) (build 11.0.13+0-b1751.21-8125866)
# Java VM: OpenJDK 64-Bit Server VM (11.0.13+0-b1751.21-8125866, mixed mode, tiered, compressed oops, g1 gc, windows-amd64)
# No core dump will be written. Minidumps are not enabled by default on client versions of Windows
#

---------------  S U M M A R Y ------------

Command Line: --add-opens=java.base/java.util=ALL-UNNAMED --add-opens=java.base/java.lang=ALL-UNNAMED --add-opens=java.base/java.lang.invoke=ALL-UNNAMED --add-opens=java.base/java.util=ALL-UNNAMED --add-opens=java.prefs/java.util.prefs=ALL-UNNAMED --add-opens=java.prefs/java.util.prefs=ALL-UNNAMED --add-opens=java.base/java.nio.charset=ALL-UNNAMED --add-opens=java.base/java.net=ALL-UNNAMED --add-opens=java.base/java.util.concurrent.atomic=ALL-UNNAMED -Xmx2048m -Dfile.encoding=UTF-8 -Duser.country=US -Duser.language=en -Duser.variant org.gradle.launcher.daemon.bootstrap.GradleDaemon 7.4

Host: Intel(R) Core(TM) i5-4300U CPU @ 1.90GHz, 4 cores, 7G,  Windows 10 , 64 bit Build 19041 (10.0.19041.3155)
Time: Wed Aug 23 00:04:42 2023 E. Africa Standard Time elapsed time: 21.870849 seconds (0d 0h 0m 21s)

---------------  T H R E A D  ---------------

Current thread (0x000001f460602800):  VMThread "VM Thread" [stack: 0x0000002554f00000,0x0000002555000000] [id=7272]

Stack: [0x0000002554f00000,0x0000002555000000]
[error occurred during error reporting (printing stack bounds), id 0xc0000005, EXCEPTION_ACCESS_VIOLATION (0xc0000005) at pc=0x000001f44a54112d]

Native frames: (J=compiled Java code, j=interpreted, Vv=VM code, C=native code)
V  [jvm.dll+0x6100fa]
V  [jvm.dll+0x747090]
V  [jvm.dll+0x7486ad]
V  [jvm.dll+0x748ce5]
V  [jvm.dll+0x748c9b]
V  [jvm.dll+0x60f224]
V  [jvm.dll+0x60f9b8]
C  [ntdll.dll+0xa23df]
C  [ntdll.dll+0x514b4]
C  [ntdll.dll+0xa0eee]
C  0x000001f44a54112d

VM_Operation (0x00000025569fe030): G1CollectForAllocation, mode: safepoint, requested by thread 0x000001f463fd4000


---------------  P R O C E S S  ---------------

Threads class SMR info:
_java_thread_list=0x000001f46887cda0, length=87, elements={
0x000001f446a1c000, 0x000001f46065b000, 0x000001f460650800, 0x000001f460664000,
0x000001f460e71800, 0x000001f460e73000, 0x000001f460e78000, 0x000001f460e7d800,
0x000001f460e80000, 0x000001f461012800, 0x000001f46347a000, 0x000001f46122e800,
0x000001f462f74800, 0x000001f462e5a800, 0x000001f462fed800, 0x000001f462e65800,
0x000001f461fca000, 0x000001f461e45000, 0x000001f461f7e800, 0x000001f461f15000,
0x000001f463fd2800, 0x000001f463fd9000, 0x000001f463fd4000, 0x000001f464352000,
0x000001f463fd6800, 0x000001f463fd7000, 0x000001f463fd5800, 0x000001f463fd8000,
0x000001f463fd3000, 0x000001f463fd5000, 0x000001f462a52000, 0x000001f462a50800,
0x000001f462a53000, 0x000001f462a54800, 0x000001f462a4e800, 0x000001f462a51000,
0x000001f462a55000, 0x000001f462a4f800, 0x000001f462a5b000, 0x000001f462a5a000,
0x000001f462a58800, 0x000001f462a59800, 0x000001f462a56000, 0x000001f462a5c000,
0x000001f462a5c800, 0x000001f462a57000, 0x000001f462a5d800, 0x000001f462a57800,
0x000001f4672a5000, 0x000001f4672a2800, 0x000001f46729f800, 0x000001f4672a0000,
0x000001f4672a4000, 0x000001f4672a1000, 0x000001f4672a3800, 0x000001f4672a7800,
0x000001f4672a6000, 0x000001f4672a6800, 0x000001f4672a1800, 0x000001f4672ad000,
0x000001f4672ae000, 0x000001f4672aa000, 0x000001f4672a8800, 0x000001f4672a9000,
0x000001f4672aa800, 0x000001f4672ab800, 0x000001f4672ac800, 0x000001f464b75000,
0x000001f464b71000, 0x000001f464b73800, 0x000001f464b76000, 0x000001f464b70800,
0x000001f464b74800, 0x000001f464b77800, 0x000001f464b77000, 0x000001f464b72000,
0x000001f464b78800, 0x000001f464b72800, 0x000001f464b79800, 0x000001f464b7c800,
0x000001f464b7b000, 0x000001f464b7f000, 0x000001f464b7e000, 0x000001f464b7d800,
0x000001f464b7a000, 0x000001f464b7b800, 0x000001f468b00000
}

Java Threads: ( => current thread )
  0x000001f446a1c000 JavaThread "main" [_thread_blocked, id=5612, stack(0x0000002554900000,0x0000002554a00000)]
  0x000001f46065b000 JavaThread "Reference Handler" daemon [_thread_blocked, id=11244, stack(0x0000002555000000,0x0000002555100000)]
  0x000001f460650800 JavaThread "Finalizer" daemon [_thread_blocked, id=10384, stack(0x0000002555100000,0x0000002555200000)]
  0x000001f460664000 JavaThread "Signal Dispatcher" daemon [_thread_blocked, id=9836, stack(0x0000002555200000,0x0000002555300000)]
  0x000001f460e71800 JavaThread "Attach Listener" daemon [_thread_blocked, id=5624, stack(0x0000002555300000,0x0000002555400000)]
  0x000001f460e73000 JavaThread "Service Thread" daemon [_thread_blocked, id=12720, stack(0x0000002555400000,0x0000002555500000)]
  0x000001f460e78000 JavaThread "C2 CompilerThread0" daemon [_thread_blocked, id=10356, stack(0x0000002555500000,0x0000002555600000)]
  0x000001f460e7d800 JavaThread "C1 CompilerThread0" daemon [_thread_blocked, id=232, stack(0x0000002555600000,0x0000002555700000)]
  0x000001f460e80000 JavaThread "Sweeper thread" daemon [_thread_blocked, id=11660, stack(0x0000002555700000,0x0000002555800000)]
  0x000001f461012800 JavaThread "Common-Cleaner" daemon [_thread_blocked, id=7596, stack(0x0000002555800000,0x0000002555900000)]
  0x000001f46347a000 JavaThread "Daemon health stats" [_thread_blocked, id=11616, stack(0x0000002555d00000,0x0000002555e00000)]
  0x000001f46122e800 JavaThread "Incoming local TCP Connector on port 11150" [_thread_in_native, id=9152, stack(0x0000002555a00000,0x0000002555b00000)]
  0x000001f462f74800 JavaThread "Daemon periodic checks" [_thread_blocked, id=9372, stack(0x0000002555e00000,0x0000002555f00000)]
  0x000001f462e5a800 JavaThread "Daemon" [_thread_blocked, id=6360, stack(0x0000002555f00000,0x0000002556000000)]
  0x000001f462fed800 JavaThread "Handler for socket connection from /127.0.0.1:11150 to /127.0.0.1:11151" [_thread_in_native, id=2040, stack(0x0000002556000000,0x0000002556100000)]
  0x000001f462e65800 JavaThread "Cancel handler" [_thread_blocked, id=4156, stack(0x0000002556100000,0x0000002556200000)]
  0x000001f461fca000 JavaThread "Daemon worker" [_thread_blocked, id=5676, stack(0x0000002556200000,0x0000002556300000)]
  0x000001f461e45000 JavaThread "Asynchronous log dispatcher for DefaultDaemonConnection: socket connection from /127.0.0.1:11150 to /127.0.0.1:11151" [_thread_blocked, id=8140, stack(0x0000002556300000,0x0000002556400000)]
  0x000001f461f7e800 JavaThread "Stdin handler" [_thread_blocked, id=13300, stack(0x0000002556400000,0x0000002556500000)]
  0x000001f461f15000 JavaThread "Daemon client event forwarder" [_thread_blocked, id=8156, stack(0x0000002556500000,0x0000002556600000)]
  0x000001f463fd2800 JavaThread "Cache worker for journal cache (C:\Users\hp\.gradle\caches\journal-1)" [_thread_blocked, id=1432, stack(0x0000002556700000,0x0000002556800000)]
  0x000001f463fd9000 JavaThread "File lock request listener" [_thread_in_native, id=4608, stack(0x0000002556800000,0x0000002556900000)]
  0x000001f463fd4000 JavaThread "Cache worker for file hash cache (C:\Users\hp\.gradle\caches\7.4\fileHashes)" [_thread_blocked, id=9268, stack(0x0000002556900000,0x0000002556a00000)]
  0x000001f464352000 JavaThread "C2 CompilerThread1" daemon [_thread_blocked, id=10788, stack(0x0000002556a00000,0x0000002556b00000)]
  0x000001f463fd6800 JavaThread "File watcher server" daemon [_thread_blocked, id=7572, stack(0x0000002556b00000,0x0000002556c00000)]
  0x000001f463fd7000 JavaThread "File watcher consumer" daemon [_thread_blocked, id=14316, stack(0x0000002556c00000,0x0000002556d00000)]
  0x000001f463fd5800 JavaThread "Cache worker for checksums cache (C:\Users\hp\Desktop\eCommerceApp\.gradle\7.4\checksums)" [_thread_blocked, id=14240, stack(0x0000002556d00000,0x0000002556e00000)]
  0x000001f463fd8000 JavaThread "Cache worker for cache directory md-rule (C:\Users\hp\.gradle\caches\7.4\md-rule)" [_thread_blocked, id=10168, stack(0x0000002556e00000,0x0000002556f00000)]
  0x000001f463fd3000 JavaThread "Cache worker for file hash cache (C:\Users\hp\Desktop\eCommerceApp\.gradle\7.4\fileHashes)" [_thread_blocked, id=10220, stack(0x0000002556f00000,0x0000002557000000)]
  0x000001f463fd5000 JavaThread "Cache worker for cache directory md-supplier (C:\Users\hp\.gradle\caches\7.4\md-supplier)" [_thread_blocked, id=12580, stack(0x0000002557000000,0x0000002557100000)]
  0x000001f462a52000 JavaThread "Cache worker for execution history cache (C:\Users\hp\.gradle\caches\7.4\executionHistory)" [_thread_blocked, id=8828, stack(0x0000002557100000,0x0000002557200000)]
  0x000001f462a50800 JavaThread "jar transforms" [_thread_blocked, id=10924, stack(0x0000002557200000,0x0000002557300000)]
  0x000001f462a53000 JavaThread "Cache worker for file content cache (C:\Users\hp\.gradle\caches\7.4\fileContent)" [_thread_blocked, id=14020, stack(0x0000002557300000,0x0000002557400000)]
  0x000001f462a54800 JavaThread "jar transforms Thread 2" [_thread_blocked, id=5588, stack(0x0000002557400000,0x0000002557500000)]
  0x000001f462a4e800 JavaThread "Cache worker for dependencies-accessors (C:\Users\hp\Desktop\eCommerceApp\.gradle\7.4\dependencies-accessors)" [_thread_blocked, id=2164, stack(0x0000002557500000,0x0000002557600000)]
  0x000001f462a51000 JavaThread "jar transforms Thread 3" [_thread_blocked, id=12368, stack(0x0000002557600000,0x0000002557700000)]
  0x000001f462a55000 JavaThread "Cache worker for Build Output Cleanup Cache (C:\Users\hp\Desktop\eCommerceApp\.gradle\buildOutputCleanup)" [_thread_blocked, id=12224, stack(0x0000002557700000,0x0000002557800000)]
  0x000001f462a4f800 JavaThread "Unconstrained build operations" [_thread_blocked, id=6956, stack(0x0000002557800000,0x0000002557900000)]
  0x000001f462a5b000 JavaThread "Unconstrained build operations Thread 2" [_thread_blocked, id=7556, stack(0x0000002557900000,0x0000002557a00000)]
  0x000001f462a5a000 JavaThread "Unconstrained build operations Thread 3" [_thread_blocked, id=5100, stack(0x0000002557a00000,0x0000002557b00000)]
  0x000001f462a58800 JavaThread "Unconstrained build operations Thread 4" [_thread_blocked, id=8160, stack(0x0000002557b00000,0x0000002557c00000)]
  0x000001f462a59800 JavaThread "Unconstrained build operations Thread 5" [_thread_blocked, id=9724, stack(0x0000002557c00000,0x0000002557d00000)]
  0x000001f462a56000 JavaThread "Unconstrained build operations Thread 6" [_thread_blocked, id=13624, stack(0x0000002557d00000,0x0000002557e00000)]
  0x000001f462a5c000 JavaThread "Unconstrained build operations Thread 7" [_thread_blocked, id=4388, stack(0x0000002557e00000,0x0000002557f00000)]
  0x000001f462a5c800 JavaThread "Unconstrained build operations Thread 8" [_thread_blocked, id=11816, stack(0x0000002557f00000,0x0000002558000000)]
  0x000001f462a57000 JavaThread "Unconstrained build operations Thread 9" [_thread_blocked, id=9544, stack(0x0000002558000000,0x0000002558100000)]
  0x000001f462a5d800 JavaThread "Unconstrained build operations Thread 10" [_thread_blocked, id=11820, stack(0x0000002558100000,0x0000002558200000)]
  0x000001f462a57800 JavaThread "Unconstrained build operations Thread 11" [_thread_blocked, id=8564, stack(0x0000002558200000,0x0000002558300000)]
  0x000001f4672a5000 JavaThread "Unconstrained build operations Thread 12" [_thread_blocked, id=9416, stack(0x0000002558300000,0x0000002558400000)]
  0x000001f4672a2800 JavaThread "Unconstrained build operations Thread 13" [_thread_blocked, id=13744, stack(0x0000002558400000,0x0000002558500000)]
  0x000001f46729f800 JavaThread "Unconstrained build operations Thread 14" [_thread_blocked, id=12976, stack(0x0000002558500000,0x0000002558600000)]
  0x000001f4672a0000 JavaThread "Unconstrained build operations Thread 15" [_thread_blocked, id=9768, stack(0x0000002558600000,0x0000002558700000)]
  0x000001f4672a4000 JavaThread "Unconstrained build operations Thread 16" [_thread_blocked, id=12244, stack(0x0000002558700000,0x0000002558800000)]
  0x000001f4672a1000 JavaThread "Unconstrained build operations Thread 17" [_thread_blocked, id=3564, stack(0x0000002558800000,0x0000002558900000)]
  0x000001f4672a3800 JavaThread "Unconstrained build operations Thread 18" [_thread_blocked, id=3484, stack(0x0000002558900000,0x0000002558a00000)]
  0x000001f4672a7800 JavaThread "Unconstrained build operations Thread 19" [_thread_blocked, id=13396, stack(0x0000002558a00000,0x0000002558b00000)]
  0x000001f4672a6000 JavaThread "Unconstrained build operations Thread 20" [_thread_blocked, id=3520, stack(0x0000002558b00000,0x0000002558c00000)]
  0x000001f4672a6800 JavaThread "Unconstrained build operations Thread 21" [_thread_blocked, id=9088, stack(0x0000002558c00000,0x0000002558d00000)]
  0x000001f4672a1800 JavaThread "Unconstrained build operations Thread 22" [_thread_blocked, id=7236, stack(0x0000002558d00000,0x0000002558e00000)]
  0x000001f4672ad000 JavaThread "Unconstrained build operations Thread 23" [_thread_blocked, id=9524, stack(0x0000002558e00000,0x0000002558f00000)]
  0x000001f4672ae000 JavaThread "Unconstrained build operations Thread 24" [_thread_blocked, id=12652, stack(0x0000002558f00000,0x0000002559000000)]
  0x000001f4672aa000 JavaThread "Unconstrained build operations Thread 25" [_thread_blocked, id=10296, stack(0x0000002559000000,0x0000002559100000)]
  0x000001f4672a8800 JavaThread "Unconstrained build operations Thread 26" [_thread_blocked, id=12448, stack(0x0000002559100000,0x0000002559200000)]
  0x000001f4672a9000 JavaThread "Unconstrained build operations Thread 27" [_thread_blocked, id=7296, stack(0x0000002559200000,0x0000002559300000)]
  0x000001f4672aa800 JavaThread "Unconstrained build operations Thread 28" [_thread_blocked, id=13252, stack(0x0000002559300000,0x0000002559400000)]
  0x000001f4672ab800 JavaThread "Unconstrained build operations Thread 29" [_thread_blocked, id=2028, stack(0x0000002559400000,0x0000002559500000)]
  0x000001f4672ac800 JavaThread "Unconstrained build operations Thread 30" [_thread_blocked, id=13216, stack(0x0000002559500000,0x0000002559600000)]
  0x000001f464b75000 JavaThread "Unconstrained build operations Thread 31" [_thread_blocked, id=13640, stack(0x0000002559600000,0x0000002559700000)]
  0x000001f464b71000 JavaThread "Unconstrained build operations Thread 32" [_thread_blocked, id=13808, stack(0x0000002559700000,0x0000002559800000)]
  0x000001f464b73800 JavaThread "Unconstrained build operations Thread 33" [_thread_blocked, id=13652, stack(0x0000002559800000,0x0000002559900000)]
  0x000001f464b76000 JavaThread "Unconstrained build operations Thread 34" [_thread_blocked, id=7372, stack(0x0000002559900000,0x0000002559a00000)]
  0x000001f464b70800 JavaThread "Unconstrained build operations Thread 35" [_thread_blocked, id=9272, stack(0x0000002559a00000,0x0000002559b00000)]
  0x000001f464b74800 JavaThread "Unconstrained build operations Thread 36" [_thread_blocked, id=12008, stack(0x0000002559b00000,0x0000002559c00000)]
  0x000001f464b77800 JavaThread "Unconstrained build operations Thread 37" [_thread_blocked, id=5348, stack(0x0000002559c00000,0x0000002559d00000)]
  0x000001f464b77000 JavaThread "Unconstrained build operations Thread 38" [_thread_blocked, id=12952, stack(0x0000002559d00000,0x0000002559e00000)]
  0x000001f464b72000 JavaThread "Unconstrained build operations Thread 39" [_thread_blocked, id=13592, stack(0x0000002559e00000,0x0000002559f00000)]
  0x000001f464b78800 JavaThread "Unconstrained build operations Thread 40" [_thread_blocked, id=7028, stack(0x0000002559f00000,0x000000255a000000)]
  0x000001f464b72800 JavaThread "jar transforms Thread 4" [_thread_blocked, id=692, stack(0x000000255a000000,0x000000255a100000)]
  0x000001f464b79800 JavaThread "Memory manager" [_thread_blocked, id=12048, stack(0x000000255a100000,0x000000255a200000)]
  0x000001f464b7c800 JavaThread "build event listener" [_thread_blocked, id=2976, stack(0x000000255a200000,0x000000255a300000)]
  0x000001f464b7b000 JavaThread "pool-3-thread-1" [_thread_blocked, id=12620, stack(0x000000255a300000,0x000000255a400000)]
  0x000001f464b7f000 JavaThread "build event listener" [_thread_blocked, id=3704, stack(0x000000255a400000,0x000000255a500000)]
  0x000001f464b7e000 JavaThread "included builds" [_thread_blocked, id=4060, stack(0x000000255a500000,0x000000255a600000)]
  0x000001f464b7d800 JavaThread "Execution worker for ':'" [_thread_blocked, id=8108, stack(0x000000255a600000,0x000000255a700000)]
  0x000001f464b7a000 JavaThread "Execution worker for ':' Thread 2" [_thread_blocked, id=11952, stack(0x000000255a700000,0x000000255a800000)]
  0x000001f464b7b800 JavaThread "Execution worker for ':' Thread 3" [_thread_blocked, id=9092, stack(0x000000255a800000,0x000000255a900000)]
  0x000001f468b00000 JavaThread "Cache worker for execution history cache (C:\Users\hp\Desktop\eCommerceApp\.gradle\7.4\executionHistory)" [_thread_blocked, id=11608, stack(0x000000255a900000,0x000000255aa00000)]

Other Threads:
=>0x000001f460602800 VMThread "VM Thread" [stack: 0x0000002554f00000,0x0000002555000000] [id=7272]
  0x000001f46102f800 WatcherThread [stack: 0x0000002555900000,0x0000002555a00000] [id=14324]
  0x000001f446a34800 GCTaskThread "GC Thread#0" [stack: 0x0000002554a00000,0x0000002554b00000] [id=1876]
  0x000001f461579800 GCTaskThread "GC Thread#1" [stack: 0x0000002555b00000,0x0000002555c00000] [id=13040]
  0x000001f4614a0000 GCTaskThread "GC Thread#2" [stack: 0x0000002555c00000,0x0000002555d00000] [id=9684]
  0x000001f46284c000 GCTaskThread "GC Thread#3" [stack: 0x0000002556600000,0x0000002556700000] [id=13540]
  0x000001f446a66800 ConcurrentGCThread "G1 Main Marker" [stack: 0x0000002554b00000,0x0000002554c00000] [id=7776]
  0x000001f446a68000 ConcurrentGCThread "G1 Conc#0" [stack: 0x0000002554c00000,0x0000002554d00000] [id=8812]
  0x000001f446af5800 ConcurrentGCThread "G1 Refine#0" [stack: 0x0000002554d00000,0x0000002554e00000] [id=3036]
  0x000001f446af6800 ConcurrentGCThread "G1 Young RemSet Sampling" [stack: 0x0000002554e00000,0x0000002554f00000] [id=12112]

Threads with active compile tasks:

VM state:at safepoint (normal execution)

VM Mutex/Monitor currently owned by a thread:  ([mutex/lock_event])
[0x000001f446a17be0] Threads_lock - owner thread: 0x000001f460602800
[0x000001f446a180f0] Heap_lock - owner thread: 0x000001f463fd4000

Heap address: 0x0000000080000000, size: 2048 MB, Compressed Oops mode: 32-bit
Narrow klass base: 0x0000000000000000, Narrow klass shift: 3
Compressed class space size: 1073741824 Address: 0x0000000100000000

Heap:
 garbage-first heap   total 227328K, used 75601K [0x0000000080000000, 0x0000000100000000)
  region size 1024K, 11 young (11264K), 11 survivors (11264K)
 Metaspace       used 86056K, capacity 88210K, committed 88552K, reserved 1126400K
  class space    used 11039K, capacity 11843K, committed 11936K, reserved 1048576K
Heap Regions: E=young(eden), S=young(survivor), O=old, HS=humongous(starts), HC=humongous(continues), CS=collection set, F=free, A=archive, TAMS=top-at-mark-start (previous, next)
|   0|0x0000000080000000, 0x0000000080100000, 0x0000000080100000|100%|HS|  |TAMS 0x0000000080100000, 0x0000000080000000| Complete 
|   1|0x0000000080100000, 0x0000000080200000, 0x0000000080200000|100%|HC|  |TAMS 0x0000000080200000, 0x0000000080100000| Complete 
|   2|0x0000000080200000, 0x0000000080300000, 0x0000000080300000|100%|HC|  |TAMS 0x0000000080300000, 0x0000000080200000| Complete 
|   3|0x0000000080300000, 0x0000000080400000, 0x0000000080400000|100%| O|  |TAMS 0x0000000080400000, 0x0000000080300000| Untracked 
|   4|0x0000000080400000, 0x0000000080500000, 0x0000000080500000|100%| O|  |TAMS 0x0000000080500000, 0x0000000080400000| Untracked 
|   5|0x0000000080500000, 0x0000000080600000, 0x0000000080600000|100%| O|  |TAMS 0x0000000080600000, 0x0000000080500000| Untracked 
|   6|0x0000000080600000, 0x0000000080700000, 0x0000000080700000|100%| O|  |TAMS 0x0000000080700000, 0x0000000080600000| Untracked 
|   7|0x0000000080700000, 0x0000000080800000, 0x0000000080800000|100%| O|  |TAMS 0x0000000080800000, 0x0000000080700000| Untracked 
|   8|0x0000000080800000, 0x0000000080900000, 0x0000000080900000|100%| O|  |TAMS 0x0000000080900000, 0x0000000080800000| Untracked 
|   9|0x0000000080900000, 0x0000000080a00000, 0x0000000080a00000|100%| O|  |TAMS 0x0000000080a00000, 0x0000000080900000| Untracked 
|  10|0x0000000080a00000, 0x0000000080b00000, 0x0000000080b00000|100%| O|  |TAMS 0x0000000080b00000, 0x0000000080a00000| Untracked 
|  11|0x0000000080b00000, 0x0000000080c00000, 0x0000000080c00000|100%| O|  |TAMS 0x0000000080c00000, 0x0000000080b00000| Untracked 
|  12|0x0000000080c00000, 0x0000000080d00000, 0x0000000080d00000|100%| O|  |TAMS 0x0000000080d00000, 0x0000000080c00000| Untracked 
|  13|0x0000000080d00000, 0x0000000080e00000, 0x0000000080e00000|100%| O|  |TAMS 0x0000000080e00000, 0x0000000080d00000| Untracked 
|  14|0x0000000080e00000, 0x0000000080f00000, 0x0000000080f00000|100%| O|  |TAMS 0x0000000080f00000, 0x0000000080e00000| Untracked 
|  15|0x0000000080f00000, 0x0000000081000000, 0x0000000081000000|100%| O|  |TAMS 0x0000000081000000, 0x0000000080f00000| Untracked 
|  16|0x0000000081000000, 0x0000000081100000, 0x0000000081100000|100%|HS|  |TAMS 0x0000000081100000, 0x0000000081000000| Complete 
|  17|0x0000000081100000, 0x0000000081200000, 0x0000000081200000|100%| O|  |TAMS 0x0000000081200000, 0x0000000081100000| Untracked 
|  18|0x0000000081200000, 0x0000000081300000, 0x0000000081300000|100%| O|  |TAMS 0x0000000081300000, 0x0000000081200000| Untracked 
|  19|0x0000000081300000, 0x0000000081400000, 0x0000000081400000|100%| O|  |TAMS 0x0000000081400000, 0x0000000081300000| Untracked 
|  20|0x0000000081400000, 0x0000000081500000, 0x0000000081500000|100%| O|  |TAMS 0x0000000081500000, 0x0000000081400000| Untracked 
|  21|0x0000000081500000, 0x0000000081600000, 0x0000000081600000|100%| O|  |TAMS 0x0000000081600000, 0x0000000081500000| Untracked 
|  22|0x0000000081600000, 0x0000000081700000, 0x0000000081700000|100%| O|  |TAMS 0x0000000081700000, 0x0000000081600000| Untracked 
|  23|0x0000000081700000, 0x0000000081800000, 0x0000000081800000|100%|HS|  |TAMS 0x0000000081800000, 0x0000000081700000| Complete 
|  24|0x0000000081800000, 0x0000000081900000, 0x0000000081900000|100%| O|  |TAMS 0x0000000081900000, 0x0000000081800000| Untracked 
|  25|0x0000000081900000, 0x0000000081a00000, 0x0000000081a00000|100%|HS|  |TAMS 0x0000000081a00000, 0x0000000081900000| Complete 
|  26|0x0000000081a00000, 0x0000000081b00000, 0x0000000081b00000|100%|HC|  |TAMS 0x0000000081b00000, 0x0000000081a00000| Complete 
|  27|0x0000000081b00000, 0x0000000081c00000, 0x0000000081c00000|100%| O|  |TAMS 0x0000000081c00000, 0x0000000081b00000| Untracked 
|  28|0x0000000081c00000, 0x0000000081d00000, 0x0000000081d00000|100%| O|  |TAMS 0x0000000081d00000, 0x0000000081c00000| Untracked 
|  29|0x0000000081d00000, 0x0000000081e00000, 0x0000000081e00000|100%| O|  |TAMS 0x0000000081e00000, 0x0000000081d00000| Untracked 
|  30|0x0000000081e00000, 0x0000000081f00000, 0x0000000081f00000|100%| O|  |TAMS 0x0000000081f00000, 0x0000000081e00000| Untracked 
|  31|0x0000000081f00000, 0x0000000082000000, 0x0000000082000000|100%| O|  |TAMS 0x0000000082000000, 0x0000000081f00000| Untracked 
|  32|0x0000000082000000, 0x0000000082100000, 0x0000000082100000|100%| O|  |TAMS 0x0000000082100000, 0x0000000082000000| Untracked 
|  33|0x0000000082100000, 0x0000000082200000, 0x0000000082200000|100%| O|  |TAMS 0x0000000082200000, 0x0000000082100000| Untracked 
|  34|0x0000000082200000, 0x0000000082300000, 0x0000000082300000|100%| O|  |TAMS 0x0000000082300000, 0x0000000082200000| Untracked 
|  35|0x0000000082300000, 0x0000000082400000, 0x0000000082400000|100%| O|  |TAMS 0x0000000082400000, 0x0000000082300000| Untracked 
|  36|0x0000000082400000, 0x0000000082500000, 0x0000000082500000|100%| O|  |TAMS 0x0000000082500000, 0x0000000082400000| Untracked 
|  37|0x0000000082500000, 0x0000000082600000, 0x0000000082600000|100%| O|  |TAMS 0x0000000082600000, 0x0000000082500000| Untracked 
|  38|0x0000000082600000, 0x0000000082700000, 0x0000000082700000|100%| O|  |TAMS 0x0000000082700000, 0x0000000082600000| Untracked 
|  39|0x0000000082700000, 0x0000000082800000, 0x0000000082800000|100%| O|  |TAMS 0x0000000082800000, 0x0000000082700000| Untracked 
|  40|0x0000000082800000, 0x0000000082900000, 0x0000000082900000|100%| O|  |TAMS 0x0000000082900000, 0x0000000082800000| Untracked 
|  41|0x0000000082900000, 0x0000000082a00000, 0x0000000082a00000|100%| O|  |TAMS 0x0000000082a00000, 0x0000000082900000| Untracked 
|  42|0x0000000082a00000, 0x0000000082b00000, 0x0000000082b00000|100%| O|  |TAMS 0x0000000082b00000, 0x0000000082a00000| Untracked 
|  43|0x0000000082b00000, 0x0000000082c00000, 0x0000000082c00000|100%| O|  |TAMS 0x0000000082b7ca00, 0x0000000082b00000| Untracked 
|  44|0x0000000082c00000, 0x0000000082d00000, 0x0000000082d00000|100%| O|  |TAMS 0x0000000082c00000, 0x0000000082c00000| Untracked 
|  45|0x0000000082d00000, 0x0000000082e00000, 0x0000000082e00000|100%| O|  |TAMS 0x0000000082d00000, 0x0000000082d00000| Untracked 
|  46|0x0000000082e00000, 0x0000000082f00000, 0x0000000082f00000|100%| O|  |TAMS 0x0000000082e00000, 0x0000000082e00000| Untracked 
|  47|0x0000000082f00000, 0x0000000083000000, 0x0000000083000000|100%| O|  |TAMS 0x0000000082f00000, 0x0000000082f00000| Untracked 
|  48|0x0000000083000000, 0x0000000083100000, 0x0000000083100000|100%| O|  |TAMS 0x0000000083000000, 0x0000000083000000| Untracked 
|  49|0x0000000083100000, 0x0000000083200000, 0x0000000083200000|100%| O|  |TAMS 0x0000000083100000, 0x0000000083100000| Untracked 
|  50|0x0000000083200000, 0x0000000083300000, 0x0000000083300000|100%| O|  |TAMS 0x0000000083200000, 0x0000000083200000| Untracked 
|  51|0x0000000083300000, 0x0000000083400000, 0x0000000083400000|100%| O|  |TAMS 0x0000000083300000, 0x0000000083300000| Untracked 
|  52|0x0000000083400000, 0x0000000083500000, 0x0000000083500000|100%| O|  |TAMS 0x0000000083400000, 0x0000000083400000| Untracked 
|  53|0x0000000083500000, 0x0000000083600000, 0x0000000083600000|100%| O|  |TAMS 0x0000000083500000, 0x0000000083500000| Untracked 
|  54|0x0000000083600000, 0x0000000083700000, 0x0000000083700000|100%| O|  |TAMS 0x0000000083600000, 0x0000000083600000| Untracked 
|  55|0x0000000083700000, 0x0000000083800000, 0x0000000083800000|100%| O|  |TAMS 0x0000000083700000, 0x0000000083700000| Untracked 
|  56|0x0000000083800000, 0x0000000083900000, 0x0000000083900000|100%| O|  |TAMS 0x0000000083800000, 0x0000000083800000| Untracked 
|  57|0x0000000083900000, 0x0000000083a00000, 0x0000000083a00000|100%| O|  |TAMS 0x0000000083900000, 0x0000000083900000| Untracked 
|  58|0x0000000083a00000, 0x0000000083b00000, 0x0000000083b00000|100%| O|  |TAMS 0x0000000083a00000, 0x0000000083a00000| Untracked 
|  59|0x0000000083b00000, 0x0000000083c00000, 0x0000000083c00000|100%| O|  |TAMS 0x0000000083b00000, 0x0000000083b00000| Untracked 
|  60|0x0000000083c00000, 0x0000000083d00000, 0x0000000083d00000|100%| O|  |TAMS 0x0000000083c00000, 0x0000000083c00000| Untracked 
|  61|0x0000000083d00000, 0x0000000083e00000, 0x0000000083e00000|100%| O|  |TAMS 0x0000000083d00000, 0x0000000083d00000| Untracked 
|  62|0x0000000083e00000, 0x0000000083ed4600, 0x0000000083f00000| 82%| O|  |TAMS 0x0000000083e00000, 0x0000000083e00000| Untracked 
|  63|0x0000000083f00000, 0x0000000083f00000, 0x0000000084000000|  0%| F|  |TAMS 0x0000000083f00000, 0x0000000083f00000| Untracked 
|  64|0x0000000084000000, 0x0000000084000000, 0x0000000084100000|  0%| F|  |TAMS 0x0000000084000000, 0x0000000084000000| Untracked 
|  65|0x0000000084100000, 0x0000000084100000, 0x0000000084200000|  0%| F|  |TAMS 0x0000000084100000, 0x0000000084100000| Untracked 
|  66|0x0000000084200000, 0x0000000084200000, 0x0000000084300000|  0%| F|  |TAMS 0x0000000084200000, 0x0000000084200000| Untracked 
|  67|0x0000000084300000, 0x0000000084300000, 0x0000000084400000|  0%| F|  |TAMS 0x0000000084300000, 0x0000000084300000| Untracked 
|  68|0x0000000084400000, 0x0000000084400000, 0x0000000084500000|  0%| F|  |TAMS 0x0000000084400000, 0x0000000084400000| Untracked 
|  69|0x0000000084500000, 0x0000000084500000, 0x0000000084600000|  0%| F|  |TAMS 0x0000000084500000, 0x0000000084500000| Untracked 
|  70|0x0000000084600000, 0x0000000084600000, 0x0000000084700000|  0%| F|  |TAMS 0x0000000084600000, 0x0000000084600000| Untracked 
|  71|0x0000000084700000, 0x0000000084700000, 0x0000000084800000|  0%| F|  |TAMS 0x0000000084700000, 0x0000000084700000| Untracked 
|  72|0x0000000084800000, 0x0000000084800000, 0x0000000084900000|  0%| F|  |TAMS 0x0000000084800000, 0x0000000084800000| Untracked 
|  73|0x0000000084900000, 0x0000000084900000, 0x0000000084a00000|  0%| F|  |TAMS 0x0000000084900000, 0x0000000084900000| Untracked 
|  74|0x0000000084a00000, 0x0000000084a00000, 0x0000000084b00000|  0%| F|  |TAMS 0x0000000084a00000, 0x0000000084a00000| Untracked 
|  75|0x0000000084b00000, 0x0000000084b00000, 0x0000000084c00000|  0%| F|  |TAMS 0x0000000084b00000, 0x0000000084b00000| Untracked 
|  76|0x0000000084c00000, 0x0000000084c00000, 0x0000000084d00000|  0%| F|  |TAMS 0x0000000084c00000, 0x0000000084c00000| Untracked 
|  77|0x0000000084d00000, 0x0000000084d00000, 0x0000000084e00000|  0%| F|  |TAMS 0x0000000084d00000, 0x0000000084d00000| Untracked 
|  78|0x0000000084e00000, 0x0000000084e00000, 0x0000000084f00000|  0%| F|  |TAMS 0x0000000084e00000, 0x0000000084e00000| Untracked 
|  79|0x0000000084f00000, 0x0000000084f00000, 0x0000000085000000|  0%| F|  |TAMS 0x0000000084f00000, 0x0000000084f00000| Untracked 
|  80|0x0000000085000000, 0x0000000085000000, 0x0000000085100000|  0%| F|  |TAMS 0x0000000085000000, 0x0000000085000000| Untracked 
|  81|0x0000000085100000, 0x0000000085100000, 0x0000000085200000|  0%| F|  |TAMS 0x0000000085100000, 0x0000000085100000| Untracked 
|  82|0x0000000085200000, 0x0000000085200000, 0x0000000085300000|  0%| F|  |TAMS 0x0000000085200000, 0x0000000085200000| Untracked 
|  83|0x0000000085300000, 0x0000000085300000, 0x0000000085400000|  0%| F|  |TAMS 0x0000000085300000, 0x0000000085300000| Untracked 
|  84|0x0000000085400000, 0x0000000085400000, 0x0000000085500000|  0%| F|  |TAMS 0x0000000085400000, 0x0000000085400000| Untracked 
|  85|0x0000000085500000, 0x0000000085500000, 0x0000000085600000|  0%| F|  |TAMS 0x0000000085500000, 0x0000000085500000| Untracked 
|  86|0x0000000085600000, 0x0000000085600000, 0x0000000085700000|  0%| F|  |TAMS 0x0000000085600000, 0x0000000085600000| Untracked 
|  87|0x0000000085700000, 0x0000000085700000, 0x0000000085800000|  0%| F|  |TAMS 0x0000000085700000, 0x0000000085700000| Untracked 
|  88|0x0000000085800000, 0x0000000085800000, 0x0000000085900000|  0%| F|  |TAMS 0x0000000085800000, 0x0000000085800000| Untracked 
|  89|0x0000000085900000, 0x0000000085900000, 0x0000000085a00000|  0%| F|  |TAMS 0x0000000085900000, 0x0000000085900000| Untracked 
|  90|0x0000000085a00000, 0x0000000085a00000, 0x0000000085b00000|  0%| F|  |TAMS 0x0000000085a00000, 0x0000000085a00000| Untracked 
|  91|0x0000000085b00000, 0x0000000085c00000, 0x0000000085c00000|100%| S|CS|TAMS 0x0000000085b00000, 0x0000000085b00000| Complete 
|  92|0x0000000085c00000, 0x0000000085c00000, 0x0000000085d00000|  0%| F|  |TAMS 0x0000000085c00000, 0x0000000085c00000| Untracked 
|  93|0x0000000085d00000, 0x0000000085d00000, 0x0000000085e00000|  0%| F|  |TAMS 0x0000000085d00000, 0x0000000085d00000| Untracked 
|  94|0x0000000085e00000, 0x0000000085e00000, 0x0000000085f00000|  0%| F|  |TAMS 0x0000000085e00000, 0x0000000085e00000| Untracked 
|  95|0x0000000085f00000, 0x0000000086000000, 0x0000000086000000|100%| S|CS|TAMS 0x0000000085f00000, 0x0000000085f00000| Complete 
|  96|0x0000000086000000, 0x0000000086100000, 0x0000000086100000|100%| S|CS|TAMS 0x0000000086000000, 0x0000000086000000| Complete 
|  97|0x0000000086100000, 0x0000000086200000, 0x0000000086200000|100%| S|CS|TAMS 0x0000000086100000, 0x0000000086100000| Complete 
|  98|0x0000000086200000, 0x0000000086300000, 0x0000000086300000|100%| S|CS|TAMS 0x0000000086200000, 0x0000000086200000| Complete 
|  99|0x0000000086300000, 0x0000000086400000, 0x0000000086400000|100%| S|CS|TAMS 0x0000000086300000, 0x0000000086300000| Complete 
| 100|0x0000000086400000, 0x0000000086500000, 0x0000000086500000|100%| S|CS|TAMS 0x0000000086400000, 0x0000000086400000| Complete 
| 101|0x0000000086500000, 0x0000000086600000, 0x0000000086600000|100%| S|CS|TAMS 0x0000000086500000, 0x0000000086500000| Complete 
| 102|0x0000000086600000, 0x0000000086700000, 0x0000000086700000|100%| S|CS|TAMS 0x0000000086600000, 0x0000000086600000| Complete 
| 103|0x0000000086700000, 0x0000000086700000, 0x0000000086800000|  0%| F|  |TAMS 0x0000000086700000, 0x0000000086700000| Untracked 
| 104|0x0000000086800000, 0x0000000086800000, 0x0000000086900000|  0%| F|  |TAMS 0x0000000086800000, 0x0000000086800000| Untracked 
| 105|0x0000000086900000, 0x0000000086900000, 0x0000000086a00000|  0%| F|  |TAMS 0x0000000086900000, 0x0000000086900000| Untracked 
| 106|0x0000000086a00000, 0x0000000086a00000, 0x0000000086b00000|  0%| F|  |TAMS 0x0000000086a00000, 0x0000000086a00000| Untracked 
| 107|0x0000000086b00000, 0x0000000086c00000, 0x0000000086c00000|100%| S|CS|TAMS 0x0000000086b00000, 0x0000000086b00000| Complete 
| 108|0x0000000086c00000, 0x0000000086d00000, 0x0000000086d00000|100%| S|CS|TAMS 0x0000000086c00000, 0x0000000086c00000| Complete 
| 109|0x0000000086d00000, 0x0000000086d00000, 0x0000000086e00000|  0%| F|  |TAMS 0x0000000086d00000, 0x0000000086d00000| Untracked 
| 110|0x0000000086e00000, 0x0000000086e00000, 0x0000000086f00000|  0%| F|  |TAMS 0x0000000086e00000, 0x0000000086e00000| Untracked 
| 111|0x0000000086f00000, 0x0000000086f00000, 0x0000000087000000|  0%| F|  |TAMS 0x0000000086f00000, 0x0000000086f00000| Untracked 
| 112|0x0000000087000000, 0x0000000087000000, 0x0000000087100000|  0%| F|  |TAMS 0x0000000087000000, 0x0000000087000000| Untracked 
| 113|0x0000000087100000, 0x0000000087100000, 0x0000000087200000|  0%| F|  |TAMS 0x0000000087100000, 0x0000000087100000| Untracked 
| 114|0x0000000087200000, 0x0000000087200000, 0x0000000087300000|  0%| F|  |TAMS 0x0000000087200000, 0x0000000087200000| Untracked 
| 115|0x0000000087300000, 0x0000000087300000, 0x0000000087400000|  0%| F|  |TAMS 0x0000000087300000, 0x0000000087300000| Untracked 
| 116|0x0000000087400000, 0x0000000087400000, 0x0000000087500000|  0%| F|  |TAMS 0x0000000087400000, 0x0000000087400000| Untracked 
| 117|0x0000000087500000, 0x0000000087500000, 0x0000000087600000|  0%| F|  |TAMS 0x0000000087500000, 0x0000000087500000| Untracked 
| 118|0x0000000087600000, 0x0000000087600000, 0x0000000087700000|  0%| F|  |TAMS 0x0000000087600000, 0x0000000087600000| Untracked 
| 119|0x0000000087700000, 0x0000000087700000, 0x0000000087800000|  0%| F|  |TAMS 0x0000000087700000, 0x0000000087700000| Untracked 
| 120|0x0000000087800000, 0x0000000087800000, 0x0000000087900000|  0%| F|  |TAMS 0x0000000087800000, 0x0000000087800000| Untracked 
| 121|0x0000000087900000, 0x0000000087900000, 0x0000000087a00000|  0%| F|  |TAMS 0x0000000087900000, 0x0000000087900000| Untracked 
| 122|0x0000000087a00000, 0x0000000087a00000, 0x0000000087b00000|  0%| F|  |TAMS 0x0000000087a00000, 0x0000000087a00000| Untracked 
| 123|0x0000000087b00000, 0x0000000087b00000, 0x0000000087c00000|  0%| F|  |TAMS 0x0000000087b00000, 0x0000000087b00000| Untracked 
| 124|0x0000000087c00000, 0x0000000087c00000, 0x0000000087d00000|  0%| F|  |TAMS 0x0000000087c00000, 0x0000000087c00000| Untracked 
| 125|0x0000000087d00000, 0x0000000087d00000, 0x0000000087e00000|  0%| F|  |TAMS 0x0000000087d00000, 0x0000000087d00000| Untracked 
| 126|0x0000000087e00000, 0x0000000087e00000, 0x0000000087f00000|  0%| F|  |TAMS 0x0000000087e00000, 0x0000000087e00000| Untracked 
| 127|0x0000000087f00000, 0x0000000087f00000, 0x0000000088000000|  0%| F|  |TAMS 0x0000000087f00000, 0x0000000087f00000| Untracked 
| 128|0x0000000088000000, 0x0000000088000000, 0x0000000088100000|  0%| F|  |TAMS 0x0000000088000000, 0x0000000088000000| Untracked 
| 129|0x0000000088100000, 0x0000000088100000, 0x0000000088200000|  0%| F|  |TAMS 0x0000000088100000, 0x0000000088100000| Untracked 
| 130|0x0000000088200000, 0x0000000088200000, 0x0000000088300000|  0%| F|  |TAMS 0x0000000088200000, 0x0000000088200000| Untracked 
| 131|0x0000000088300000, 0x0000000088300000, 0x0000000088400000|  0%| F|  |TAMS 0x0000000088300000, 0x0000000088300000| Untracked 
| 132|0x0000000088400000, 0x0000000088400000, 0x0000000088500000|  0%| F|  |TAMS 0x0000000088400000, 0x0000000088400000| Untracked 
| 133|0x0000000088500000, 0x0000000088500000, 0x0000000088600000|  0%| F|  |TAMS 0x0000000088500000, 0x0000000088500000| Untracked 
| 134|0x0000000088600000, 0x0000000088600000, 0x0000000088700000|  0%| F|  |TAMS 0x0000000088600000, 0x0000000088600000| Untracked 
| 135|0x0000000088700000, 0x0000000088700000, 0x0000000088800000|  0%| F|  |TAMS 0x0000000088700000, 0x0000000088700000| Untracked 
| 136|0x0000000088800000, 0x0000000088800000, 0x0000000088900000|  0%| F|  |TAMS 0x0000000088800000, 0x0000000088800000| Untracked 
| 137|0x0000000088900000, 0x0000000088900000, 0x0000000088a00000|  0%| F|  |TAMS 0x0000000088900000, 0x0000000088900000| Untracked 
| 138|0x0000000088a00000, 0x0000000088a00000, 0x0000000088b00000|  0%| F|  |TAMS 0x0000000088a00000, 0x0000000088a00000| Untracked 
| 139|0x0000000088b00000, 0x0000000088b00000, 0x0000000088c00000|  0%| F|  |TAMS 0x0000000088b00000, 0x0000000088b00000| Untracked 
| 140|0x0000000088c00000, 0x0000000088c00000, 0x0000000088d00000|  0%| F|  |TAMS 0x0000000088c00000, 0x0000000088c00000| Untracked 
| 141|0x0000000088d00000, 0x0000000088d00000, 0x0000000088e00000|  0%| F|  |TAMS 0x0000000088d00000, 0x0000000088d00000| Untracked 
| 142|0x0000000088e00000, 0x0000000088e00000, 0x0000000088f00000|  0%| F|  |TAMS 0x0000000088e00000, 0x0000000088e00000| Untracked 
| 143|0x0000000088f00000, 0x0000000088f00000, 0x0000000089000000|  0%| F|  |TAMS 0x0000000088f00000, 0x0000000088f00000| Untracked 
| 144|0x0000000089000000, 0x0000000089000000, 0x0000000089100000|  0%| F|  |TAMS 0x0000000089000000, 0x0000000089000000| Untracked 
| 145|0x0000000089100000, 0x0000000089100000, 0x0000000089200000|  0%| F|  |TAMS 0x0000000089100000, 0x0000000089100000| Untracked 
| 146|0x0000000089200000, 0x0000000089200000, 0x0000000089300000|  0%| F|  |TAMS 0x0000000089200000, 0x0000000089200000| Untracked 
| 147|0x0000000089300000, 0x0000000089300000, 0x0000000089400000|  0%| F|  |TAMS 0x0000000089300000, 0x0000000089300000| Untracked 
| 148|0x0000000089400000, 0x0000000089400000, 0x0000000089500000|  0%| F|  |TAMS 0x0000000089400000, 0x0000000089400000| Untracked 
| 149|0x0000000089500000, 0x0000000089500000, 0x0000000089600000|  0%| F|  |TAMS 0x0000000089500000, 0x0000000089500000| Untracked 
| 150|0x0000000089600000, 0x0000000089600000, 0x0000000089700000|  0%| F|  |TAMS 0x0000000089600000, 0x0000000089600000| Untracked 
| 151|0x0000000089700000, 0x0000000089700000, 0x0000000089800000|  0%| F|  |TAMS 0x0000000089700000, 0x0000000089700000| Untracked 
| 152|0x0000000089800000, 0x0000000089800000, 0x0000000089900000|  0%| F|  |TAMS 0x0000000089800000, 0x0000000089800000| Untracked 
| 153|0x0000000089900000, 0x0000000089900000, 0x0000000089a00000|  0%| F|  |TAMS 0x0000000089900000, 0x0000000089900000| Untracked 
| 154|0x0000000089a00000, 0x0000000089a00000, 0x0000000089b00000|  0%| F|  |TAMS 0x0000000089a00000, 0x0000000089a00000| Untracked 
| 155|0x0000000089b00000, 0x0000000089b00000, 0x0000000089c00000|  0%| F|  |TAMS 0x0000000089b00000, 0x0000000089b00000| Untracked 
| 156|0x0000000089c00000, 0x0000000089c00000, 0x0000000089d00000|  0%| F|  |TAMS 0x0000000089c00000, 0x0000000089c00000| Untracked 
| 157|0x0000000089d00000, 0x0000000089d00000, 0x0000000089e00000|  0%| F|  |TAMS 0x0000000089d00000, 0x0000000089d00000| Untracked 
| 158|0x0000000089e00000, 0x0000000089e00000, 0x0000000089f00000|  0%| F|  |TAMS 0x0000000089e00000, 0x0000000089e00000| Untracked 
| 159|0x0000000089f00000, 0x0000000089f00000, 0x000000008a000000|  0%| F|  |TAMS 0x0000000089f00000, 0x0000000089f00000| Untracked 
| 160|0x000000008a000000, 0x000000008a000000, 0x000000008a100000|  0%| F|  |TAMS 0x000000008a000000, 0x000000008a000000| Untracked 
| 161|0x000000008a100000, 0x000000008a100000, 0x000000008a200000|  0%| F|  |TAMS 0x000000008a100000, 0x000000008a100000| Untracked 
| 162|0x000000008a200000, 0x000000008a200000, 0x000000008a300000|  0%| F|  |TAMS 0x000000008a200000, 0x000000008a200000| Untracked 
| 163|0x000000008a300000, 0x000000008a300000, 0x000000008a400000|  0%| F|  |TAMS 0x000000008a300000, 0x000000008a300000| Untracked 
| 164|0x000000008a400000, 0x000000008a400000, 0x000000008a500000|  0%| F|  |TAMS 0x000000008a400000, 0x000000008a400000| Untracked 
| 165|0x000000008a500000, 0x000000008a500000, 0x000000008a600000|  0%| F|  |TAMS 0x000000008a500000, 0x000000008a500000| Untracked 
| 166|0x000000008a600000, 0x000000008a600000, 0x000000008a700000|  0%| F|  |TAMS 0x000000008a600000, 0x000000008a600000| Untracked 
| 167|0x000000008a700000, 0x000000008a700000, 0x000000008a800000|  0%| F|  |TAMS 0x000000008a700000, 0x000000008a700000| Untracked 
| 168|0x000000008a800000, 0x000000008a800000, 0x000000008a900000|  0%| F|  |TAMS 0x000000008a800000, 0x000000008a800000| Untracked 
| 169|0x000000008a900000, 0x000000008a900000, 0x000000008aa00000|  0%| F|  |TAMS 0x000000008a900000, 0x000000008a900000| Untracked 
| 170|0x000000008aa00000, 0x000000008aa00000, 0x000000008ab00000|  0%| F|  |TAMS 0x000000008aa00000, 0x000000008aa00000| Untracked 
| 171|0x000000008ab00000, 0x000000008ab00000, 0x000000008ac00000|  0%| F|  |TAMS 0x000000008ab00000, 0x000000008ab00000| Untracked 
| 172|0x000000008ac00000, 0x000000008ac00000, 0x000000008ad00000|  0%| F|  |TAMS 0x000000008ac00000, 0x000000008ac00000| Untracked 
| 173|0x000000008ad00000, 0x000000008ad00000, 0x000000008ae00000|  0%| F|  |TAMS 0x000000008ad00000, 0x000000008ad00000| Untracked 
| 174|0x000000008ae00000, 0x000000008ae00000, 0x000000008af00000|  0%| F|  |TAMS 0x000000008ae00000, 0x000000008ae00000| Untracked 
| 175|0x000000008af00000, 0x000000008af00000, 0x000000008b000000|  0%| F|  |TAMS 0x000000008af00000, 0x000000008af00000| Untracked 
| 176|0x000000008b000000, 0x000000008b000000, 0x000000008b100000|  0%| F|  |TAMS 0x000000008b000000, 0x000000008b000000| Untracked 
| 177|0x000000008b100000, 0x000000008b100000, 0x000000008b200000|  0%| F|  |TAMS 0x000000008b100000, 0x000000008b100000| Untracked 
| 178|0x000000008b200000, 0x000000008b200000, 0x000000008b300000|  0%| F|  |TAMS 0x000000008b200000, 0x000000008b200000| Untracked 
| 179|0x000000008b300000, 0x000000008b300000, 0x000000008b400000|  0%| F|  |TAMS 0x000000008b300000, 0x000000008b300000| Untracked 
| 180|0x000000008b400000, 0x000000008b400000, 0x000000008b500000|  0%| F|  |TAMS 0x000000008b400000, 0x000000008b400000| Untracked 
| 181|0x000000008b500000, 0x000000008b500000, 0x000000008b600000|  0%| F|  |TAMS 0x000000008b500000, 0x000000008b500000| Untracked 
| 182|0x000000008b600000, 0x000000008b600000, 0x000000008b700000|  0%| F|  |TAMS 0x000000008b600000, 0x000000008b600000| Untracked 
| 183|0x000000008b700000, 0x000000008b700000, 0x000000008b800000|  0%| F|  |TAMS 0x000000008b700000, 0x000000008b700000| Untracked 
| 184|0x000000008b800000, 0x000000008b800000, 0x000000008b900000|  0%| F|  |TAMS 0x000000008b800000, 0x000000008b800000| Untracked 

Card table byte_map: [0x000001f459940000,0x000001f459d40000] _byte_map_base: 0x000001f459540000

Marking Bits (Prev, Next): (CMBitMap*) 0x000001f446a5d908, (CMBitMap*) 0x000001f446a5d940
 Prev Bits: [0x000001f45a140000, 0x000001f45c140000)
 Next Bits: [0x000001f45c140000, 0x000001f45e140000)

Polling page: 0x000001f4449e0000

Metaspace:

Usage:
  Non-class:     74.58 MB capacity,    73.26 MB ( 98%) used,     1.08 MB (  1%) free+waste,   240.50 KB ( <1%) overhead. 
      Class:     11.57 MB capacity,    10.78 MB ( 93%) used,   693.94 KB (  6%) free+waste,   109.94 KB ( <1%) overhead. 
       Both:     86.14 MB capacity,    84.04 MB ( 98%) used,     1.76 MB (  2%) free+waste,   350.44 KB ( <1%) overhead. 

Virtual space:
  Non-class space:       76.00 MB reserved,      74.82 MB ( 98%) committed 
      Class space:        1.00 GB reserved,      11.66 MB (  1%) committed 
             Both:        1.07 GB reserved,      86.48 MB (  8%) committed 

Chunk freelists:
   Non-Class:  57.00 KB
       Class:  0 bytes
        Both:  57.00 KB

MaxMetaspaceSize: 17179869184.00 GB
CompressedClassSpaceSize: 1.00 GB
Initial GC threshold: 20.80 MB
Current GC threshold: 110.38 MB
CDS: off

CodeHeap 'non-profiled nmethods': size=120064Kb used=5305Kb max_used=5305Kb free=114758Kb
 bounds [0x000001f452000000, 0x000001f452530000, 0x000001f459540000]
CodeHeap 'profiled nmethods': size=120000Kb used=20211Kb max_used=20211Kb free=99788Kb
 bounds [0x000001f44aad0000, 0x000001f44be90000, 0x000001f452000000]
CodeHeap 'non-nmethods': size=5696Kb used=2365Kb max_used=2416Kb free=3331Kb
 bounds [0x000001f44a540000, 0x000001f44a7b0000, 0x000001f44aad0000]
 total_blobs=10473 nmethods=9589 adapters=795
 compilation: enabled
              stopped_count=0, restarted_count=0
 full_count=0

Compilation events (20 events):
Event: 21.823 Thread 0x000001f464352000 nmethod 9710 0x000001f452524c10 code [0x000001f452524de0, 0x000001f452525718]
Event: 21.825 Thread 0x000001f464352000 9711       4       org.gradle.cache.internal.btree.FreeListBlockStore::read (12 bytes)
Event: 21.826 Thread 0x000001f464352000 nmethod 9711 0x000001f452525c10 code [0x000001f452525dc0, 0x000001f452525e88]
Event: 21.830 Thread 0x000001f460e78000 nmethod 9535 0x000001f452525f90 code [0x000001f452526500, 0x000001f45252b1a8]
Event: 21.831 Thread 0x000001f460e7d800 9712       3       org.gradle.internal.snapshot.impl.DirectorySnapshotter$PathVisitor::visitResolvedFile (52 bytes)
Event: 21.831 Thread 0x000001f460e7d800 nmethod 9712 0x000001f44be89e90 code [0x000001f44be8a0c0, 0x000001f44be8a6f8]
Event: 21.831 Thread 0x000001f460e7d800 9714       3       org.gradle.cache.internal.btree.FileBackedBlockStore$BlockImpl::<init> (8 bytes)
Event: 21.832 Thread 0x000001f460e7d800 nmethod 9714 0x000001f44be8a990 code [0x000001f44be8ab80, 0x000001f44be8b028]
Event: 21.832 Thread 0x000001f460e7d800 9715       3       org.gradle.cache.internal.btree.FileBackedBlockStore$BlockImpl::<init> (12 bytes)
Event: 21.832 Thread 0x000001f460e7d800 nmethod 9715 0x000001f44be8b210 code [0x000001f44be8b400, 0x000001f44be8b8d8]
Event: 21.832 Thread 0x000001f460e7d800 9716       3       org.gradle.cache.internal.btree.FileBackedBlockStore$BlockImpl::<init> (21 bytes)
Event: 21.832 Thread 0x000001f460e7d800 nmethod 9716 0x000001f44be8ba90 code [0x000001f44be8bc60, 0x000001f44be8bff8]
Event: 21.832 Thread 0x000001f460e7d800 9717       3       org.gradle.cache.internal.btree.Block::<init> (15 bytes)
Event: 21.832 Thread 0x000001f460e7d800 nmethod 9717 0x000001f44be8c110 code [0x000001f44be8c2c0, 0x000001f44be8c578]
Event: 21.832 Thread 0x000001f460e7d800 9713       3       org.gradle.internal.snapshot.MerkleDirectorySnapshotBuilder::visitLeafElement (6 bytes)
Event: 21.832 Thread 0x000001f460e7d800 nmethod 9713 0x000001f44be8c690 code [0x000001f44be8c840, 0x000001f44be8c968]
Event: 21.832 Thread 0x000001f460e7d800 9718       3       org.gradle.internal.snapshot.impl.DirectorySnapshotter$DefaultExcludes$$Lambda$111/0x00000001002a6840::test (8 bytes)
Event: 21.832 Thread 0x000001f460e7d800 nmethod 9718 0x000001f44be8ca10 code [0x000001f44be8cbc0, 0x000001f44be8ce18]
Event: 21.834 Thread 0x000001f464352000 9719       4       jdk.internal.misc.Unsafe::checkNativeAddress (28 bytes)
Event: 21.834 Thread 0x000001f464352000 nmethod 9719 0x000001f45252e310 code [0x000001f45252e4a0, 0x000001f45252e4f8]

GC Heap History (20 events):
Event: 5.921 GC heap after
{Heap after GC invocations=7 (full 0):
 garbage-first heap   total 131072K, used 19549K [0x0000000080000000, 0x0000000100000000)
  region size 1024K, 4 young (4096K), 4 survivors (4096K)
 Metaspace       used 26472K, capacity 27023K, committed 27132K, reserved 1073152K
  class space    used 3415K, capacity 3640K, committed 3660K, reserved 1048576K
}
Event: 7.253 GC heap before
{Heap before GC invocations=7 (full 0):
 garbage-first heap   total 131072K, used 82013K [0x0000000080000000, 0x0000000100000000)
  region size 1024K, 66 young (67584K), 4 survivors (4096K)
 Metaspace       used 35168K, capacity 35931K, committed 35964K, reserved 1081344K
  class space    used 4502K, capacity 4803K, committed 4812K, reserved 1048576K
}
Event: 7.269 GC heap after
{Heap after GC invocations=8 (full 0):
 garbage-first heap   total 157696K, used 22753K [0x0000000080000000, 0x0000000100000000)
  region size 1024K, 7 young (7168K), 7 survivors (7168K)
 Metaspace       used 35168K, capacity 35931K, committed 35964K, reserved 1081344K
  class space    used 4502K, capacity 4803K, committed 4812K, reserved 1048576K
}
Event: 8.985 GC heap before
{Heap before GC invocations=9 (full 0):
 garbage-first heap   total 157696K, used 111841K [0x0000000080000000, 0x0000000100000000)
  region size 1024K, 92 young (94208K), 7 survivors (7168K)
 Metaspace       used 42264K, capacity 43218K, committed 43388K, reserved 1087488K
  class space    used 5369K, capacity 5767K, committed 5836K, reserved 1048576K
}
Event: 9.005 GC heap after
{Heap after GC invocations=10 (full 0):
 garbage-first heap   total 157696K, used 28732K [0x0000000080000000, 0x0000000100000000)
  region size 1024K, 12 young (12288K), 12 survivors (12288K)
 Metaspace       used 42264K, capacity 43218K, committed 43388K, reserved 1087488K
  class space    used 5369K, capacity 5767K, committed 5836K, reserved 1048576K
}
Event: 10.923 GC heap before
{Heap before GC invocations=10 (full 0):
 garbage-first heap   total 157696K, used 110652K [0x0000000080000000, 0x0000000100000000)
  region size 1024K, 92 young (94208K), 12 survivors (12288K)
 Metaspace       used 48294K, capacity 49524K, committed 49788K, reserved 1093632K
  class space    used 6093K, capacity 6525K, committed 6604K, reserved 1048576K
}
Event: 10.955 GC heap after
{Heap after GC invocations=11 (full 0):
 garbage-first heap   total 157696K, used 31529K [0x0000000080000000, 0x0000000100000000)
  region size 1024K, 9 young (9216K), 9 survivors (9216K)
 Metaspace       used 48294K, capacity 49524K, committed 49788K, reserved 1093632K
  class space    used 6093K, capacity 6525K, committed 6604K, reserved 1048576K
}
Event: 13.043 GC heap before
{Heap before GC invocations=11 (full 0):
 garbage-first heap   total 157696K, used 120617K [0x0000000080000000, 0x0000000100000000)
  region size 1024K, 92 young (94208K), 9 survivors (9216K)
 Metaspace       used 57468K, capacity 58795K, committed 58876K, reserved 1099776K
  class space    used 7151K, capacity 7701K, committed 7756K, reserved 1048576K
}
Event: 13.069 GC heap after
{Heap after GC invocations=12 (full 0):
 garbage-first heap   total 157696K, used 44437K [0x0000000080000000, 0x0000000100000000)
  region size 1024K, 12 young (12288K), 12 survivors (12288K)
 Metaspace       used 57468K, capacity 58795K, committed 58876K, reserved 1099776K
  class space    used 7151K, capacity 7701K, committed 7756K, reserved 1048576K
}
Event: 13.350 GC heap before
{Heap before GC invocations=12 (full 0):
 garbage-first heap   total 157696K, used 55701K [0x0000000080000000, 0x0000000100000000)
  region size 1024K, 24 young (24576K), 12 survivors (12288K)
 Metaspace       used 58904K, capacity 60288K, committed 60368K, reserved 1101824K
  class space    used 7363K, capacity 7898K, committed 7968K, reserved 1048576K
}
Event: 13.375 GC heap after
{Heap after GC invocations=13 (full 0):
 garbage-first heap   total 189440K, used 46007K [0x0000000080000000, 0x0000000100000000)
  region size 1024K, 2 young (2048K), 2 survivors (2048K)
 Metaspace       used 58904K, capacity 60288K, committed 60368K, reserved 1101824K
  class space    used 7363K, capacity 7898K, committed 7968K, reserved 1048576K
}
Event: 15.152 GC heap before
{Heap before GC invocations=14 (full 0):
 garbage-first heap   total 189440K, used 135095K [0x0000000080000000, 0x0000000100000000)
  region size 1024K, 82 young (83968K), 2 survivors (2048K)
 Metaspace       used 65825K, capacity 67345K, committed 67560K, reserved 1107968K
  class space    used 8223K, capacity 8786K, committed 8864K, reserved 1048576K
}
Event: 15.168 GC heap after
{Heap after GC invocations=15 (full 0):
 garbage-first heap   total 189440K, used 52722K [0x0000000080000000, 0x0000000100000000)
  region size 1024K, 8 young (8192K), 8 survivors (8192K)
 Metaspace       used 65825K, capacity 67345K, committed 67560K, reserved 1107968K
  class space    used 8223K, capacity 8786K, committed 8864K, reserved 1048576K
}
Event: 16.414 GC heap before
{Heap before GC invocations=16 (full 0):
 garbage-first heap   total 189440K, used 133618K [0x0000000080000000, 0x0000000100000000)
  region size 1024K, 87 young (89088K), 8 survivors (8192K)
 Metaspace       used 69284K, capacity 70811K, committed 70888K, reserved 1112064K
  class space    used 8721K, capacity 9337K, committed 9376K, reserved 1048576K
}
Event: 16.435 GC heap after
{Heap after GC invocations=17 (full 0):
 garbage-first heap   total 189440K, used 57509K [0x0000000080000000, 0x0000000100000000)
  region size 1024K, 6 young (6144K), 6 survivors (6144K)
 Metaspace       used 69284K, capacity 70811K, committed 70888K, reserved 1112064K
  class space    used 8721K, capacity 9337K, committed 9376K, reserved 1048576K
}
Event: 17.665 GC heap before
{Heap before GC invocations=17 (full 0):
 garbage-first heap   total 189440K, used 138405K [0x0000000080000000, 0x0000000100000000)
  region size 1024K, 85 young (87040K), 6 survivors (6144K)
 Metaspace       used 74456K, capacity 76128K, committed 76392K, reserved 1116160K
  class space    used 9570K, capacity 10179K, committed 10272K, reserved 1048576K
}
Event: 17.686 GC heap after
{Heap after GC invocations=18 (full 0):
 garbage-first heap   total 189440K, used 62809K [0x0000000080000000, 0x0000000100000000)
  region size 1024K, 11 young (11264K), 11 survivors (11264K)
 Metaspace       used 74456K, capacity 76128K, committed 76392K, reserved 1116160K
  class space    used 9570K, capacity 10179K, committed 10272K, reserved 1048576K
}
Event: 19.423 GC heap before
{Heap before GC invocations=18 (full 0):
 garbage-first heap   total 189440K, used 142681K [0x0000000080000000, 0x0000000100000000)
  region size 1024K, 89 young (91136K), 11 survivors (11264K)
 Metaspace       used 81656K, capacity 83523K, committed 83816K, reserved 1122304K
  class space    used 10542K, capacity 11252K, committed 11296K, reserved 1048576K
}
Event: 19.449 GC heap after
{Heap after GC invocations=19 (full 0):
 garbage-first heap   total 189440K, used 68360K [0x0000000080000000, 0x0000000100000000)
  region size 1024K, 11 young (11264K), 11 survivors (11264K)
 Metaspace       used 81656K, capacity 83523K, committed 83816K, reserved 1122304K
  class space    used 10542K, capacity 11252K, committed 11296K, reserved 1048576K
}
Event: 21.838 GC heap before
{Heap before GC invocations=19 (full 0):
 garbage-first heap   total 189440K, used 145160K [0x0000000080000000, 0x0000000100000000)
  region size 1024K, 87 young (89088K), 11 survivors (11264K)
 Metaspace       used 86056K, capacity 88210K, committed 88552K, reserved 1126400K
  class space    used 11039K, capacity 11843K, committed 11936K, reserved 1048576K
}

Deoptimization events (20 events):
Event: 21.174 Thread 0x000001f462a58800 DEOPT PACKING pc=0x000001f4523f3a48 sp=0x0000002557bfc7b0
Event: 21.174 Thread 0x000001f462a58800 DEOPT UNPACKING pc=0x000001f44a58a1af sp=0x0000002557bfc668 mode 2
Event: 21.317 Thread 0x000001f4672a0000 DEOPT PACKING pc=0x000001f44bb194c4 sp=0x00000025586fcff0
Event: 21.317 Thread 0x000001f4672a0000 DEOPT UNPACKING pc=0x000001f44a58a95e sp=0x00000025586fc590 mode 0
Event: 21.431 Thread 0x000001f462a59800 Uncommon trap: trap_request=0xfffffff4 fr.pc=0x000001f45250def8 relative=0x00000000000000d8
Event: 21.431 Thread 0x000001f462a59800 Uncommon trap: reason=null_check action=make_not_entrant pc=0x000001f45250def8 method=org.gradle.tooling.internal.provider.runner.ClientBuildEventGenerator$Disabled.accept(Lorg/gradle/internal/operations/BuildOperationDescriptor;)Lorg/gradle/tooling/inter
Event: 21.431 Thread 0x000001f462a59800 DEOPT PACKING pc=0x000001f45250def8 sp=0x0000002557cfe190
Event: 21.431 Thread 0x000001f462a59800 DEOPT UNPACKING pc=0x000001f44a58a1af sp=0x0000002557cfe118 mode 2
Event: 21.458 Thread 0x000001f462a58800 DEOPT PACKING pc=0x000001f44bb194c4 sp=0x0000002557bfcfd0
Event: 21.458 Thread 0x000001f462a58800 DEOPT UNPACKING pc=0x000001f44a58a95e sp=0x0000002557bfc570 mode 0
Event: 21.475 Thread 0x000001f464b7d800 Uncommon trap: trap_request=0xffffff4d fr.pc=0x000001f4524fbe20 relative=0x0000000000000c20
Event: 21.475 Thread 0x000001f464b7d800 Uncommon trap: reason=unstable_if action=reinterpret pc=0x000001f4524fbe20 method=java.util.concurrent.ConcurrentHashMap.addCount(JI)V @ 110 c2
Event: 21.475 Thread 0x000001f464b7d800 DEOPT PACKING pc=0x000001f4524fbe20 sp=0x000000255a6f9580
Event: 21.475 Thread 0x000001f464b7d800 DEOPT UNPACKING pc=0x000001f44a58a1af sp=0x000000255a6f9448 mode 2
Event: 21.565 Thread 0x000001f462a59800 DEOPT PACKING pc=0x000001f44bb194c4 sp=0x0000002557cfb850
Event: 21.565 Thread 0x000001f462a59800 DEOPT UNPACKING pc=0x000001f44a58a95e sp=0x0000002557cfadf0 mode 0
Event: 21.690 Thread 0x000001f462a59800 DEOPT PACKING pc=0x000001f44bb194c4 sp=0x0000002557cfd4c0
Event: 21.690 Thread 0x000001f462a59800 DEOPT UNPACKING pc=0x000001f44a58a95e sp=0x0000002557cfca60 mode 0
Event: 21.799 Thread 0x000001f462a59800 DEOPT PACKING pc=0x000001f44bdc35b1 sp=0x0000002557cfb440
Event: 21.799 Thread 0x000001f462a59800 DEOPT UNPACKING pc=0x000001f44a58a95e sp=0x0000002557cfa908 mode 0

Classes redefined (0 events):
No events

Internal exceptions (20 events):
Event: 19.807 Thread 0x000001f461f15000 Exception <a 'java/lang/NoSuchMethodError'{0x000000008a771f60}: <clinit>> (0x000000008a771f60) thrown at [./src/hotspot/share/prims/jni.cpp, line 1366]
Event: 19.845 Thread 0x000001f464b7d800 Exception <a 'java/lang/IncompatibleClassChangeError'{0x000000008a7ca4d0}: Found class java.lang.Object, but interface was expected> (0x000000008a7ca4d0) thrown at [./src/hotspot/share/interpreter/linkResolver.cpp, line 839]
Event: 19.898 Thread 0x000001f464b7d800 Implicit null exception at 0x000001f45246fc77 to 0x000001f45246fe10
Event: 19.927 Thread 0x000001f464b7d800 Exception <a 'java/lang/IncompatibleClassChangeError'{0x000000008a5aa508}: Found class java.lang.Object, but interface was expected> (0x000000008a5aa508) thrown at [./src/hotspot/share/interpreter/linkResolver.cpp, line 839]
Event: 19.963 Thread 0x000001f464b7d800 Exception <a 'java/lang/NoSuchMethodError'{0x000000008a200fa0}: 'int java.lang.invoke.DirectMethodHandle$Holder.invokeStaticInit(java.lang.Object, java.lang.Object, java.lang.Object, java.lang.Object, java.lang.Object)'> (0x000000008a200fa0) thrown at [./src/hotspot/share/interpreter/linkResolver.cpp, line 773]
Event: 19.996 Thread 0x000001f461f15000 Exception <a 'java/lang/NoSuchMethodError'{0x000000008a199b40}: <clinit>> (0x000000008a199b40) thrown at [./src/hotspot/share/prims/jni.cpp, line 1366]
Event: 19.998 Thread 0x000001f461f15000 Exception <a 'java/lang/NoSuchMethodError'{0x000000008a1aaa78}: <clinit>> (0x000000008a1aaa78) thrown at [./src/hotspot/share/prims/jni.cpp, line 1366]
Event: 19.999 Thread 0x000001f461f15000 Exception <a 'java/lang/NoSuchMethodError'{0x000000008a1abf90}: <clinit>> (0x000000008a1abf90) thrown at [./src/hotspot/share/prims/jni.cpp, line 1366]
Event: 20.034 Thread 0x000001f464b7c800 Exception <a 'java/lang/NoSuchMethodError'{0x0000000089f960c0}: <clinit>> (0x0000000089f960c0) thrown at [./src/hotspot/share/prims/jni.cpp, line 1366]
Event: 20.037 Thread 0x000001f464b7c800 Exception <a 'java/lang/NoSuchMethodError'{0x0000000089faabd0}: <clinit>> (0x0000000089faabd0) thrown at [./src/hotspot/share/prims/jni.cpp, line 1366]
Event: 20.082 Thread 0x000001f464b7c800 Exception <a 'java/lang/NoSuchMethodError'{0x0000000089ffdbc8}: <clinit>> (0x0000000089ffdbc8) thrown at [./src/hotspot/share/prims/jni.cpp, line 1366]
Event: 20.189 Thread 0x000001f461f15000 Exception <a 'java/lang/NoSuchMethodError'{0x0000000089d9d110}: <clinit>> (0x0000000089d9d110) thrown at [./src/hotspot/share/prims/jni.cpp, line 1366]
Event: 20.247 Thread 0x000001f464b7d800 Exception <a 'java/lang/NoSuchMethodError'{0x0000000089c46bd0}: 'int java.lang.invoke.DirectMethodHandle$Holder.invokeSpecial(java.lang.Object, java.lang.Object, java.lang.Object, java.lang.Object, java.lang.Object)'> (0x0000000089c46bd0) thrown at [./src/hotspot/share/interpreter/linkResolver.cpp, line 773]
Event: 21.026 Thread 0x000001f464b7d800 Exception <a 'java/lang/NoSuchMethodError'{0x0000000088a953e0}: 'void java.lang.invoke.DirectMethodHandle$Holder.invokeStatic(java.lang.Object, java.lang.Object, java.lang.Object, java.lang.Object, int, java.lang.Object, java.lang.Object)'> (0x0000000088a953e0) thrown at [./src/hotspot/share/interpreter/linkResolver.cpp, line 773]
Event: 21.060 Thread 0x000001f462a58800 Exception <a 'java/lang/NoSuchMethodError'{0x0000000088401e60}: 'java.lang.Object java.lang.invoke.DirectMethodHandle$Holder.invokeSpecialIFC(java.lang.Object, java.lang.Object, java.lang.Object)'> (0x0000000088401e60) thrown at [./src/hotspot/share/interpreter/linkResolver.cpp, line 773]
Event: 21.060 Thread 0x000001f462a59800 Exception <a 'java/lang/NoSuchMethodError'{0x00000000885faac0}: 'java.lang.Object java.lang.invoke.DirectMethodHandle$Holder.invokeSpecialIFC(java.lang.Object, java.lang.Object, java.lang.Object)'> (0x00000000885faac0) thrown at [./src/hotspot/share/interpreter/linkResolver.cpp, line 773]
Event: 21.060 Thread 0x000001f464b7d800 Exception <a 'java/lang/NoSuchMethodError'{0x00000000885b9208}: 'java.lang.Object java.lang.invoke.DirectMethodHandle$Holder.invokeSpecialIFC(java.lang.Object, java.lang.Object, java.lang.Object)'> (0x00000000885b9208) thrown at [./src/hotspot/share/interpreter/linkResolver.cpp, line 773]
Event: 21.061 Thread 0x000001f462a5c000 Exception <a 'java/lang/NoSuchMethodError'{0x00000000885e3a50}: 'java.lang.Object java.lang.invoke.DirectMethodHandle$Holder.invokeSpecialIFC(java.lang.Object, java.lang.Object, java.lang.Object)'> (0x00000000885e3a50) thrown at [./src/hotspot/share/interpreter/linkResolver.cpp, line 773]
Event: 21.228 Thread 0x000001f464b7d800 Exception <a 'java/lang/NoSuchMethodError'{0x00000000880dd470}: 'void java.lang.invoke.DirectMethodHandle$Holder.invokeVirtual(java.lang.Object, java.lang.Object)'> (0x00000000880dd470) thrown at [./src/hotspot/share/interpreter/linkResolver.cpp, line 773]
Event: 21.431 Thread 0x000001f462a59800 Implicit null exception at 0x000001f45250de5b to 0x000001f45250deec

Events (20 events):
Event: 21.564 Executing VM operation: RevokeBias
Event: 21.565 Executing VM operation: RevokeBias done
Event: 21.576 Executing VM operation: RevokeBias
Event: 21.576 Executing VM operation: RevokeBias done
Event: 21.581 Executing VM operation: BulkRevokeBias
Event: 21.586 Executing VM operation: BulkRevokeBias done
Event: 21.603 Executing VM operation: RevokeBias
Event: 21.603 Executing VM operation: RevokeBias done
Event: 21.613 Executing VM operation: RevokeBias
Event: 21.614 Executing VM operation: RevokeBias done
Event: 21.629 Executing VM operation: RevokeBias
Event: 21.631 Executing VM operation: RevokeBias done
Event: 21.744 Executing VM operation: RevokeBias
Event: 21.744 Executing VM operation: RevokeBias done
Event: 21.745 Executing VM operation: RevokeBias
Event: 21.746 Executing VM operation: RevokeBias done
Event: 21.754 Executing VM operation: RevokeBias
Event: 21.754 Executing VM operation: RevokeBias done
Event: 21.764 Loaded shared library C:\Program Files\Android\Android Studio\jre\bin\nio.dll
Event: 21.838 Executing VM operation: G1CollectForAllocation


Dynamic libraries:
0x00007ff742150000 - 0x00007ff74215a000 	C:\Program Files\Android\Android Studio\jre\bin\java.exe
0x00007ff8f8710000 - 0x00007ff8f8908000 	C:\Windows\SYSTEM32\ntdll.dll
0x00007ff8f7230000 - 0x00007ff8f72ef000 	C:\Windows\System32\KERNEL32.DLL
0x00007ff8f62a0000 - 0x00007ff8f6596000 	C:\Windows\System32\KERNELBASE.dll
0x00007ff8f5f10000 - 0x00007ff8f6010000 	C:\Windows\System32\ucrtbase.dll
0x00007ff8de4c0000 - 0x00007ff8de4d9000 	C:\Program Files\Android\Android Studio\jre\bin\jli.dll
0x00007ff8de190000 - 0x00007ff8de1a7000 	C:\Program Files\Android\Android Studio\jre\bin\VCRUNTIME140.dll
0x00007ff8f73a0000 - 0x00007ff8f753d000 	C:\Windows\System32\USER32.dll
0x00007ff8f6010000 - 0x00007ff8f6032000 	C:\Windows\System32\win32u.dll
0x00007ff8f8380000 - 0x00007ff8f83ac000 	C:\Windows\System32\GDI32.dll
0x00007ff8f5df0000 - 0x00007ff8f5f05000 	C:\Windows\System32\gdi32full.dll
0x00007ff8e3590000 - 0x00007ff8e382a000 	C:\Windows\WinSxS\amd64_microsoft.windows.common-controls_6595b64144ccf1df_6.0.19041.1110_none_60b5254171f9507e\COMCTL32.dll
0x00007ff8f65a0000 - 0x00007ff8f663d000 	C:\Windows\System32\msvcp_win.dll
0x00007ff8f80b0000 - 0x00007ff8f814e000 	C:\Windows\System32\msvcrt.dll
0x00007ff8f86a0000 - 0x00007ff8f86d0000 	C:\Windows\System32\IMM32.DLL
0x00007ff8c6200000 - 0x00007ff8c629d000 	C:\Program Files\Android\Android Studio\jre\bin\msvcp140.dll
0x00007ff8b0110000 - 0x00007ff8b0c12000 	C:\Program Files\Android\Android Studio\jre\bin\server\jvm.dll
0x00007ff8f72f0000 - 0x00007ff8f739f000 	C:\Windows\System32\ADVAPI32.dll
0x00007ff8f84e0000 - 0x00007ff8f857c000 	C:\Windows\System32\sechost.dll
0x00007ff8f83b0000 - 0x00007ff8f84d6000 	C:\Windows\System32\RPCRT4.dll
0x00007ff8f85e0000 - 0x00007ff8f85e8000 	C:\Windows\System32\PSAPI.DLL
0x00007ff8f0910000 - 0x00007ff8f0919000 	C:\Windows\SYSTEM32\WSOCK32.dll
0x00007ff8e2d20000 - 0x00007ff8e2d47000 	C:\Windows\SYSTEM32\WINMM.dll
0x00007ff8f7730000 - 0x00007ff8f779b000 	C:\Windows\System32\WS2_32.dll
0x00007ff8e3830000 - 0x00007ff8e383a000 	C:\Windows\SYSTEM32\VERSION.dll
0x00007ff8f3d20000 - 0x00007ff8f3d32000 	C:\Windows\SYSTEM32\kernel.appcore.dll
0x00007ff8efad0000 - 0x00007ff8efae1000 	C:\Program Files\Android\Android Studio\jre\bin\verify.dll
0x00007ff8e1860000 - 0x00007ff8e1a44000 	C:\Windows\SYSTEM32\DBGHELP.DLL
0x00007ff8e2600000 - 0x00007ff8e2634000 	C:\Windows\SYSTEM32\dbgcore.DLL
0x00007ff8f66b0000 - 0x00007ff8f6732000 	C:\Windows\System32\bcryptPrimitives.dll
0x00007ff8eede0000 - 0x00007ff8eee09000 	C:\Program Files\Android\Android Studio\jre\bin\java.dll
0x00007ff8eedd0000 - 0x00007ff8eeddb000 	C:\Program Files\Android\Android Studio\jre\bin\jimage.dll
0x00007ff8eed50000 - 0x00007ff8eed68000 	C:\Program Files\Android\Android Studio\jre\bin\zip.dll
0x00007ff8f6840000 - 0x00007ff8f6f84000 	C:\Windows\System32\SHELL32.dll
0x00007ff8f3e90000 - 0x00007ff8f4623000 	C:\Windows\SYSTEM32\windows.storage.dll
0x00007ff8f7d50000 - 0x00007ff8f80a4000 	C:\Windows\System32\combase.dll
0x00007ff8f5830000 - 0x00007ff8f585e000 	C:\Windows\SYSTEM32\Wldp.dll
0x00007ff8f8150000 - 0x00007ff8f81fd000 	C:\Windows\System32\SHCORE.dll
0x00007ff8f7540000 - 0x00007ff8f7595000 	C:\Windows\System32\shlwapi.dll
0x00007ff8f5d20000 - 0x00007ff8f5d45000 	C:\Windows\SYSTEM32\profapi.dll
0x00007ff8eec00000 - 0x00007ff8eec1a000 	C:\Program Files\Android\Android Studio\jre\bin\net.dll
0x00007ff8e98c0000 - 0x00007ff8e99ca000 	C:\Windows\SYSTEM32\WINHTTP.dll
0x00007ff8f5590000 - 0x00007ff8f55fa000 	C:\Windows\system32\mswsock.dll
0x00007ff8eebe0000 - 0x00007ff8eebf4000 	C:\Program Files\Android\Android Studio\jre\bin\nio.dll
0x00007ff8de630000 - 0x00007ff8de657000 	C:\Users\hp\.gradle\native\e1d6ef7f7dcc3fd88c89a11ec53ec762bb8ba0a96d01ffa2cd45eb1d1d8dd5c5\windows-amd64\native-platform.dll
0x00007ff8c49a0000 - 0x00007ff8c4ae4000 	C:\Users\hp\.gradle\native\0d407fdbe67a94daf76414ababcb853783967236a71b16ec16e742cd7a986fd3\windows-amd64\native-platform-file-events.dll
0x00007ff8eedc0000 - 0x00007ff8eedca000 	C:\Program Files\Android\Android Studio\jre\bin\management.dll
0x00007ff8eebd0000 - 0x00007ff8eebdd000 	C:\Program Files\Android\Android Studio\jre\bin\management_ext.dll
0x00007ff8f5780000 - 0x00007ff8f5798000 	C:\Windows\SYSTEM32\CRYPTSP.dll
0x00007ff8f4e30000 - 0x00007ff8f4e64000 	C:\Windows\system32\rsaenh.dll
0x00007ff8f6740000 - 0x00007ff8f6767000 	C:\Windows\System32\bcrypt.dll
0x00007ff8f5ca0000 - 0x00007ff8f5cce000 	C:\Windows\SYSTEM32\USERENV.dll
0x00007ff8f57a0000 - 0x00007ff8f57ac000 	C:\Windows\SYSTEM32\CRYPTBASE.dll
0x00007ff8f5230000 - 0x00007ff8f526b000 	C:\Windows\SYSTEM32\IPHLPAPI.DLL
0x00007ff8f8370000 - 0x00007ff8f8378000 	C:\Windows\System32\NSI.dll
0x00007ff8ebd80000 - 0x00007ff8ebd97000 	C:\Windows\SYSTEM32\dhcpcsvc6.DLL
0x00007ff8ebd60000 - 0x00007ff8ebd7d000 	C:\Windows\SYSTEM32\dhcpcsvc.DLL
0x00007ff8f5270000 - 0x00007ff8f533a000 	C:\Windows\SYSTEM32\DNSAPI.dll

dbghelp: loaded successfully - version: 4.0.5 - missing functions: none
symbol engine: initialized successfully - sym options: 0x614 - pdb path: .;C:\Program Files\Android\Android Studio\jre\bin;C:\Windows\SYSTEM32;C:\Windows\WinSxS\amd64_microsoft.windows.common-controls_6595b64144ccf1df_6.0.19041.1110_none_60b5254171f9507e;C:\Program Files\Android\Android Studio\jre\bin\server;C:\Users\hp\.gradle\native\e1d6ef7f7dcc3fd88c89a11ec53ec762bb8ba0a96d01ffa2cd45eb1d1d8dd5c5\windows-amd64;C:\Users\hp\.gradle\native\0d407fdbe67a94daf76414ababcb853783967236a71b16ec16e742cd7a986fd3\windows-amd64

VM Arguments:
jvm_args: --add-opens=java.base/java.util=ALL-UNNAMED --add-opens=java.base/java.lang=ALL-UNNAMED --add-opens=java.base/java.lang.invoke=ALL-UNNAMED --add-opens=java.base/java.util=ALL-UNNAMED --add-opens=java.prefs/java.util.prefs=ALL-UNNAMED --add-opens=java.prefs/java.util.prefs=ALL-UNNAMED --add-opens=java.base/java.nio.charset=ALL-UNNAMED --add-opens=java.base/java.net=ALL-UNNAMED --add-opens=java.base/java.util.concurrent.atomic=ALL-UNNAMED -Xmx2048m -Dfile.encoding=UTF-8 -Duser.country=US -Duser.language=en -Duser.variant 
java_command: org.gradle.launcher.daemon.bootstrap.GradleDaemon 7.4
java_class_path (initial): C:\Users\hp\.gradle\wrapper\dists\gradle-7.4-bin\c0gwcg53nkjbqw7r0h0umtfvt\gradle-7.4\lib\gradle-launcher-7.4.jar
Launcher Type: SUN_STANDARD

[Global flags]
     intx CICompilerCount                          = 3                                         {product} {ergonomic}
     uint ConcGCThreads                            = 1                                         {product} {ergonomic}
     uint G1ConcRefinementThreads                  = 4                                         {product} {ergonomic}
   size_t G1HeapRegionSize                         = 1048576                                   {product} {ergonomic}
    uintx GCDrainStackTargetSize                   = 64                                        {product} {ergonomic}
   size_t InitialHeapSize                          = 134217728                                 {product} {ergonomic}
   size_t MarkStackSize                            = 4194304                                   {product} {ergonomic}
   size_t MaxHeapSize                              = 2147483648                                {product} {command line}
   size_t MaxNewSize                               = 1287651328                                {product} {ergonomic}
   size_t MinHeapDeltaBytes                        = 1048576                                   {product} {ergonomic}
    uintx NonNMethodCodeHeapSize                   = 5830732                                {pd product} {ergonomic}
    uintx NonProfiledCodeHeapSize                  = 122913754                              {pd product} {ergonomic}
    uintx ProfiledCodeHeapSize                     = 122913754                              {pd product} {ergonomic}
    uintx ReservedCodeCacheSize                    = 251658240                              {pd product} {ergonomic}
     bool SegmentedCodeCache                       = true                                      {product} {ergonomic}
     bool UseCompressedClassPointers               = true                                 {lp64_product} {ergonomic}
     bool UseCompressedOops                        = true                                 {lp64_product} {ergonomic}
     bool UseG1GC                                  = true                                      {product} {ergonomic}
     bool UseLargePagesIndividualAllocation        = false                                  {pd product} {ergonomic}

Logging:
Log output configuration:
 #0: stdout all=warning uptime,level,tags
 #1: stderr all=off uptime,level,tags

Environment Variables:
PATH=C:\Program Files (x86)\VMware\VMware Workstation\bin\;C:\Program Files (x86)\NVIDIA Corporation\PhysX\Common;C:\Windows\system32;C:\Windows;C:\Windows\System32\Wbem;C:\Windows\System32\WindowsPowerShell\v1.0\;C:\Windows\System32\OpenSSH\;C:\Users\hp\Documents\Java\jdk1.8.0_111\bin;c:\Program Files (x86)\Microsoft SQL Server\90\Tools\binn\;C:\Program Files\dotnet\;C:\Program Files\Microsoft SQL Server\150\Tools\Binn\;C:\Program Files\Microsoft SQL Server\Client SDK\ODBC\170\Tools\Binn\;C:\Program Files\Git\cmd;C:\Program Files\nodejs\;C:\ProgramData\chocolatey\bin;C:\Users\hp\AppData\Local\Programs\Python\Python310\Scripts\;C:\Users\hp\AppData\Local\Programs\Python\Python310\;C:\Users\hp\AppData\Local\Programs\Python\Launcher\;C:\Users\hp\AppData\Local\Microsoft\WindowsApps;C:\Program Files\Java\jdk1.8.0_111\bin;;C:\Program Files\JetBrains\PyCharm Community Edition 2022.3.1\bin;;C:\Users\hp\.dotnet\tools;C:\Users\hp\AppData\Roaming\npm;C:\Users\hp\AppData\Local\Programs\Microsoft VS Code\bin
USERNAME=hp
OS=Windows_NT
PROCESSOR_IDENTIFIER=Intel64 Family 6 Model 69 Stepping 1, GenuineIntel



---------------  S Y S T E M  ---------------

OS: Windows 10 , 64 bit Build 19041 (10.0.19041.3155)
OS uptime: 0 days 14:58 hours

CPU:total 4 (initial active 4) (2 cores per cpu, 2 threads per core) family 6 model 69 stepping 1 microcode 0x25, cmov, cx8, fxsr, mmx, sse, sse2, sse3, ssse3, sse4.1, sse4.2, popcnt, avx, avx2, aes, clmul, erms, lzcnt, ht, tsc, tscinvbit, bmi1, bmi2, fma

Memory: 4k page, system-wide physical 8089M (2381M free)
TotalPageFile size 10949M (AvailPageFile size 38M)
current process WorkingSet (physical memory assigned to process): 419M, peak: 436M
current process commit charge ("private bytes"): 449M, peak: 486M

vm_info: OpenJDK 64-Bit Server VM (11.0.13+0-b1751.21-8125866) for windows-amd64 JRE (11.0.13+0-b1751.21-8125866), built on Feb  2 2022 03:00:22 by "builder" with MS VC++ 14.0 (VS2015)

END.
