#
# There is insufficient memory for the Java Runtime Environment to continue.
# Native memory allocation (mmap) failed to map 56623104 bytes for Failed to commit area from 0x0000000090b00000 to 0x0000000094100000 of length 56623104.
# Possible reasons:
#   The system is out of physical RAM or swap space
#   The process is running with CompressedOops enabled, and the Java Heap may be blocking the growth of the native heap
# Possible solutions:
#   Reduce memory load on the system
#   Increase physical memory or swap space
#   Check if swap backing store is full
#   Decrease Java heap size (-Xmx/-Xms)
#   Decrease number of Java threads
#   Decrease Java thread stack sizes (-Xss)
#   Set larger code cache with -XX:ReservedCodeCacheSize=
#   JVM is running with Unscaled Compressed Oops mode in which the Java heap is
#     placed in the first 4GB address space. The Java Heap base address is the
#     maximum limit for the native heap growth. Please use -XX:HeapBaseMinAddress
#     to set the Java Heap base and to place the Java Heap above 4GB virtual address.
# This output file may be truncated or incomplete.
#
#  Out of Memory Error (./src/hotspot/os/windows/os_windows.cpp:3619), pid=9492, tid=9260
#
# JRE version: OpenJDK Runtime Environment (11.0.13) (build 11.0.13+0-b1751.21-8125866)
# Java VM: OpenJDK 64-Bit Server VM (11.0.13+0-b1751.21-8125866, mixed mode, tiered, compressed oops, g1 gc, windows-amd64)
# No core dump will be written. Minidumps are not enabled by default on client versions of Windows
#

---------------  S U M M A R Y ------------

Command Line: --add-opens=java.base/java.util=ALL-UNNAMED --add-opens=java.base/java.lang=ALL-UNNAMED --add-opens=java.base/java.lang.invoke=ALL-UNNAMED --add-opens=java.base/java.util=ALL-UNNAMED --add-opens=java.prefs/java.util.prefs=ALL-UNNAMED --add-opens=java.prefs/java.util.prefs=ALL-UNNAMED --add-opens=java.base/java.nio.charset=ALL-UNNAMED --add-opens=java.base/java.net=ALL-UNNAMED --add-opens=java.base/java.util.concurrent.atomic=ALL-UNNAMED -Xmx2048m -Dfile.encoding=UTF-8 -Duser.country=US -Duser.language=en -Duser.variant org.gradle.launcher.daemon.bootstrap.GradleDaemon 7.5

Host: Intel(R) Core(TM) i5-4300U CPU @ 1.90GHz, 4 cores, 7G,  Windows 10 , 64 bit Build 19041 (10.0.19041.3155)
Time: Thu Aug 24 19:34:24 2023 E. Africa Standard Time elapsed time: 27.732573 seconds (0d 0h 0m 27s)

---------------  T H R E A D  ---------------

Current thread (0x00000200fbefa000):  VMThread "VM Thread" [stack: 0x000000dd2e500000,0x000000dd2e600000] [id=9260]

Stack: [0x000000dd2e500000,0x000000dd2e600000]
[error occurred during error reporting (printing stack bounds), id 0xc0000005, EXCEPTION_ACCESS_VIOLATION (0xc0000005) at pc=0x000002008000112d]

Native frames: (J=compiled Java code, j=interpreted, Vv=VM code, C=native code)
V  [jvm.dll+0x6100fa]
V  [jvm.dll+0x747090]
V  [jvm.dll+0x7486ad]
V  [jvm.dll+0x748ce5]
V  [jvm.dll+0x748c9b]
V  [jvm.dll+0x60f224]
V  [jvm.dll+0x60f9b8]
C  [ntdll.dll+0xa23df]
C  [ntdll.dll+0x514b4]
C  [ntdll.dll+0xa0eee]
C  0x000002008000112d

VM_Operation (0x000000dd32bfc110): G1CollectForAllocation, mode: safepoint, requested by thread 0x0000020091392000


---------------  P R O C E S S  ---------------

Threads class SMR info:
_java_thread_list=0x0000020097744440, length=85, elements={
0x00000200f1302800, 0x00000200fbeff800, 0x00000200fbf01000, 0x00000200fbf17800,
0x00000200fbf1a800, 0x00000200fbf1c800, 0x00000200fbf20800, 0x00000200fbf2d000,
0x00000200fbf2f000, 0x00000200fc9db800, 0x00000200fefdf800, 0x00000200fe75b800,
0x00000200fdf5a800, 0x00000200fe85a800, 0x00000200fe1f6800, 0x00000200fcc0e000,
0x00000200fdb29800, 0x00000200fdb2a800, 0x00000200ff359800, 0x00000200fea9f000,
0x00000200fcfc9800, 0x00000200fcfc6000, 0x00000200fcfc5000, 0x00000200fcfcb000,
0x00000200fcfc8800, 0x00000200fcfc7800, 0x00000200fcfca000, 0x00000200fcfcb800,
0x00000200fcfc7000, 0x000002008f383000, 0x000002008f380800, 0x000002008f380000,
0x000002008f37f000, 0x000002008f382800, 0x000002008f381800, 0x000002008f384000,
0x000002008f386800, 0x000002008f385000, 0x000002008f388000, 0x000002008f38a800,
0x000002008f387000, 0x000002008f389800, 0x000002008f385800, 0x000002008f389000,
0x000002008f38b800, 0x000002008f38c000, 0x000002008f38d000, 0x0000020091389000,
0x0000020091386800, 0x0000020091388000, 0x0000020091384000, 0x0000020091385800,
0x0000020091387000, 0x0000020091383000, 0x0000020091384800, 0x000002009138a800,
0x000002009138c000, 0x000002009138d000, 0x000002009138f800, 0x000002009138d800,
0x000002009138e800, 0x0000020091389800, 0x000002009138b000, 0x0000020091391000,
0x0000020091390000, 0x0000020091392000, 0x000002009129e000, 0x0000020091298000,
0x000002009129d000, 0x000002009129e800, 0x0000020091299000, 0x000002009129b800,
0x000002009129f800, 0x000002009129c000, 0x000002009129a800, 0x000002009129a000,
0x00000200912a0800, 0x00000200912a2000, 0x00000200912a3800, 0x00000200912a7000,
0x00000200912a1000, 0x00000200912a5000, 0x00000200912a3000, 0x00000200912a4800,
0x00000200fbf27000
}

Java Threads: ( => current thread )
  0x00000200f1302800 JavaThread "main" [_thread_blocked, id=2500, stack(0x000000dd2df00000,0x000000dd2e000000)]
  0x00000200fbeff800 JavaThread "Reference Handler" daemon [_thread_blocked, id=11568, stack(0x000000dd2e600000,0x000000dd2e700000)]
  0x00000200fbf01000 JavaThread "Finalizer" daemon [_thread_blocked, id=12008, stack(0x000000dd2e700000,0x000000dd2e800000)]
  0x00000200fbf17800 JavaThread "Signal Dispatcher" daemon [_thread_blocked, id=1572, stack(0x000000dd2e800000,0x000000dd2e900000)]
  0x00000200fbf1a800 JavaThread "Attach Listener" daemon [_thread_blocked, id=8292, stack(0x000000dd2e900000,0x000000dd2ea00000)]
  0x00000200fbf1c800 JavaThread "Service Thread" daemon [_thread_blocked, id=5036, stack(0x000000dd2ea00000,0x000000dd2eb00000)]
  0x00000200fbf20800 JavaThread "C2 CompilerThread0" daemon [_thread_blocked, id=704, stack(0x000000dd2eb00000,0x000000dd2ec00000)]
  0x00000200fbf2d000 JavaThread "C1 CompilerThread0" daemon [_thread_blocked, id=5728, stack(0x000000dd2ec00000,0x000000dd2ed00000)]
  0x00000200fbf2f000 JavaThread "Sweeper thread" daemon [_thread_blocked, id=5116, stack(0x000000dd2ed00000,0x000000dd2ee00000)]
  0x00000200fc9db800 JavaThread "Common-Cleaner" daemon [_thread_blocked, id=12156, stack(0x000000dd2ee00000,0x000000dd2ef00000)]
  0x00000200fefdf800 JavaThread "Daemon health stats" [_thread_blocked, id=11784, stack(0x000000dd2f300000,0x000000dd2f400000)]
  0x00000200fe75b800 JavaThread "Incoming local TCP Connector on port 12041" [_thread_in_native, id=11716, stack(0x000000dd2f000000,0x000000dd2f100000)]
  0x00000200fdf5a800 JavaThread "Daemon periodic checks" [_thread_blocked, id=6784, stack(0x000000dd2f400000,0x000000dd2f500000)]
  0x00000200fe85a800 JavaThread "Daemon" [_thread_blocked, id=9364, stack(0x000000dd2f500000,0x000000dd2f600000)]
  0x00000200fe1f6800 JavaThread "Handler for socket connection from /127.0.0.1:12041 to /127.0.0.1:12042" [_thread_in_native, id=5960, stack(0x000000dd2f600000,0x000000dd2f700000)]
  0x00000200fcc0e000 JavaThread "Cancel handler" [_thread_blocked, id=11608, stack(0x000000dd2f800000,0x000000dd2f900000)]
  0x00000200fdb29800 JavaThread "Daemon worker" [_thread_blocked, id=2012, stack(0x000000dd2f900000,0x000000dd2fa00000)]
  0x00000200fdb2a800 JavaThread "Asynchronous log dispatcher for DefaultDaemonConnection: socket connection from /127.0.0.1:12041 to /127.0.0.1:12042" [_thread_blocked, id=9740, stack(0x000000dd2fa00000,0x000000dd2fb00000)]
  0x00000200ff359800 JavaThread "Stdin handler" [_thread_blocked, id=11796, stack(0x000000dd2fb00000,0x000000dd2fc00000)]
  0x00000200fea9f000 JavaThread "Daemon client event forwarder" [_thread_blocked, id=10268, stack(0x000000dd2fc00000,0x000000dd2fd00000)]
  0x00000200fcfc9800 JavaThread "Cache worker for journal cache (C:\Users\hp\.gradle\caches\journal-1)" [_thread_blocked, id=2980, stack(0x000000dd2fd00000,0x000000dd2fe00000)]
  0x00000200fcfc6000 JavaThread "File lock request listener" [_thread_in_native, id=9520, stack(0x000000dd2fe00000,0x000000dd2ff00000)]
  0x00000200fcfc5000 JavaThread "Cache worker for file hash cache (C:\Users\hp\.gradle\caches\7.5\fileHashes)" [_thread_blocked, id=11856, stack(0x000000dd30000000,0x000000dd30100000)]
  0x00000200fcfcb000 JavaThread "File watcher server" daemon [_thread_in_native, id=2360, stack(0x000000dd30100000,0x000000dd30200000)]
  0x00000200fcfc8800 JavaThread "File watcher consumer" daemon [_thread_blocked, id=9096, stack(0x000000dd30200000,0x000000dd30300000)]
  0x00000200fcfc7800 JavaThread "jar transforms" [_thread_blocked, id=10468, stack(0x000000dd30300000,0x000000dd30400000)]
  0x00000200fcfca000 JavaThread "jar transforms Thread 2" [_thread_blocked, id=5648, stack(0x000000dd30400000,0x000000dd30500000)]
  0x00000200fcfcb800 JavaThread "jar transforms Thread 3" [_thread_blocked, id=11120, stack(0x000000dd30500000,0x000000dd30600000)]
  0x00000200fcfc7000 JavaThread "jar transforms Thread 4" [_thread_blocked, id=6984, stack(0x000000dd30600000,0x000000dd30700000)]
  0x000002008f383000 JavaThread "Cache worker for checksums cache (C:\Users\hp\Desktop\eCommerceApp\.gradle\7.5\checksums)" [_thread_blocked, id=10688, stack(0x000000dd30700000,0x000000dd30800000)]
  0x000002008f380800 JavaThread "Cache worker for cache directory md-rule (C:\Users\hp\.gradle\caches\7.5\md-rule)" [_thread_blocked, id=11900, stack(0x000000dd30800000,0x000000dd30900000)]
  0x000002008f380000 JavaThread "Cache worker for file content cache (C:\Users\hp\.gradle\caches\7.5\fileContent)" [_thread_blocked, id=3300, stack(0x000000dd30900000,0x000000dd30a00000)]
  0x000002008f37f000 JavaThread "Cache worker for file hash cache (C:\Users\hp\Desktop\eCommerceApp\.gradle\7.5\fileHashes)" [_thread_blocked, id=10372, stack(0x000000dd30a00000,0x000000dd30b00000)]
  0x000002008f382800 JavaThread "Cache worker for cache directory md-supplier (C:\Users\hp\.gradle\caches\7.5\md-supplier)" [_thread_blocked, id=824, stack(0x000000dd30b00000,0x000000dd30c00000)]
  0x000002008f381800 JavaThread "Cache worker for execution history cache (C:\Users\hp\.gradle\caches\7.5\executionHistory)" [_thread_blocked, id=11220, stack(0x000000dd30c00000,0x000000dd30d00000)]
  0x000002008f384000 JavaThread "Cache worker for dependencies-accessors (C:\Users\hp\Desktop\eCommerceApp\.gradle\7.5\dependencies-accessors)" [_thread_blocked, id=9916, stack(0x000000dd30d00000,0x000000dd30e00000)]
  0x000002008f386800 JavaThread "Cache worker for Build Output Cleanup Cache (C:\Users\hp\Desktop\eCommerceApp\.gradle\buildOutputCleanup)" [_thread_blocked, id=1720, stack(0x000000dd30e00000,0x000000dd30f00000)]
  0x000002008f385000 JavaThread "Unconstrained build operations" [_thread_blocked, id=10428, stack(0x000000dd30f00000,0x000000dd31000000)]
  0x000002008f388000 JavaThread "Unconstrained build operations Thread 2" [_thread_blocked, id=5876, stack(0x000000dd31000000,0x000000dd31100000)]
  0x000002008f38a800 JavaThread "Unconstrained build operations Thread 3" [_thread_blocked, id=5736, stack(0x000000dd31100000,0x000000dd31200000)]
  0x000002008f387000 JavaThread "Unconstrained build operations Thread 4" [_thread_blocked, id=11156, stack(0x000000dd31200000,0x000000dd31300000)]
  0x000002008f389800 JavaThread "Unconstrained build operations Thread 5" [_thread_blocked, id=8100, stack(0x000000dd31300000,0x000000dd31400000)]
  0x000002008f385800 JavaThread "Unconstrained build operations Thread 6" [_thread_blocked, id=11176, stack(0x000000dd31400000,0x000000dd31500000)]
  0x000002008f389000 JavaThread "Unconstrained build operations Thread 7" [_thread_blocked, id=10848, stack(0x000000dd31500000,0x000000dd31600000)]
  0x000002008f38b800 JavaThread "Unconstrained build operations Thread 8" [_thread_blocked, id=3556, stack(0x000000dd31600000,0x000000dd31700000)]
  0x000002008f38c000 JavaThread "Unconstrained build operations Thread 9" [_thread_blocked, id=10940, stack(0x000000dd31700000,0x000000dd31800000)]
  0x000002008f38d000 JavaThread "Unconstrained build operations Thread 10" [_thread_blocked, id=6988, stack(0x000000dd31800000,0x000000dd31900000)]
  0x0000020091389000 JavaThread "Unconstrained build operations Thread 11" [_thread_blocked, id=9404, stack(0x000000dd31900000,0x000000dd31a00000)]
  0x0000020091386800 JavaThread "Unconstrained build operations Thread 12" [_thread_blocked, id=10604, stack(0x000000dd31a00000,0x000000dd31b00000)]
  0x0000020091388000 JavaThread "Unconstrained build operations Thread 13" [_thread_blocked, id=6052, stack(0x000000dd31b00000,0x000000dd31c00000)]
  0x0000020091384000 JavaThread "Unconstrained build operations Thread 14" [_thread_blocked, id=9472, stack(0x000000dd31c00000,0x000000dd31d00000)]
  0x0000020091385800 JavaThread "Unconstrained build operations Thread 15" [_thread_blocked, id=8204, stack(0x000000dd31d00000,0x000000dd31e00000)]
  0x0000020091387000 JavaThread "Unconstrained build operations Thread 16" [_thread_blocked, id=6672, stack(0x000000dd31e00000,0x000000dd31f00000)]
  0x0000020091383000 JavaThread "Unconstrained build operations Thread 17" [_thread_blocked, id=11788, stack(0x000000dd31f00000,0x000000dd32000000)]
  0x0000020091384800 JavaThread "Unconstrained build operations Thread 18" [_thread_blocked, id=11512, stack(0x000000dd32000000,0x000000dd32100000)]
  0x000002009138a800 JavaThread "Unconstrained build operations Thread 19" [_thread_blocked, id=9928, stack(0x000000dd32100000,0x000000dd32200000)]
  0x000002009138c000 JavaThread "Unconstrained build operations Thread 20" [_thread_blocked, id=192, stack(0x000000dd32200000,0x000000dd32300000)]
  0x000002009138d000 JavaThread "Unconstrained build operations Thread 21" [_thread_blocked, id=3168, stack(0x000000dd32300000,0x000000dd32400000)]
  0x000002009138f800 JavaThread "Unconstrained build operations Thread 22" [_thread_blocked, id=68, stack(0x000000dd32400000,0x000000dd32500000)]
  0x000002009138d800 JavaThread "Unconstrained build operations Thread 23" [_thread_blocked, id=8588, stack(0x000000dd32500000,0x000000dd32600000)]
  0x000002009138e800 JavaThread "Unconstrained build operations Thread 24" [_thread_blocked, id=6436, stack(0x000000dd32600000,0x000000dd32700000)]
  0x0000020091389800 JavaThread "Unconstrained build operations Thread 25" [_thread_blocked, id=10628, stack(0x000000dd32700000,0x000000dd32800000)]
  0x000002009138b000 JavaThread "Unconstrained build operations Thread 26" [_thread_blocked, id=6776, stack(0x000000dd32800000,0x000000dd32900000)]
  0x0000020091391000 JavaThread "Unconstrained build operations Thread 27" [_thread_blocked, id=10164, stack(0x000000dd32900000,0x000000dd32a00000)]
  0x0000020091390000 JavaThread "Unconstrained build operations Thread 28" [_thread_blocked, id=1196, stack(0x000000dd32a00000,0x000000dd32b00000)]
  0x0000020091392000 JavaThread "Unconstrained build operations Thread 29" [_thread_blocked, id=10912, stack(0x000000dd32b00000,0x000000dd32c00000)]
  0x000002009129e000 JavaThread "Unconstrained build operations Thread 30" [_thread_blocked, id=11112, stack(0x000000dd32c00000,0x000000dd32d00000)]
  0x0000020091298000 JavaThread "Unconstrained build operations Thread 31" [_thread_blocked, id=9748, stack(0x000000dd32d00000,0x000000dd32e00000)]
  0x000002009129d000 JavaThread "Unconstrained build operations Thread 32" [_thread_blocked, id=4504, stack(0x000000dd32e00000,0x000000dd32f00000)]
  0x000002009129e800 JavaThread "Unconstrained build operations Thread 33" [_thread_blocked, id=9804, stack(0x000000dd32f00000,0x000000dd33000000)]
  0x0000020091299000 JavaThread "Unconstrained build operations Thread 34" [_thread_blocked, id=6872, stack(0x000000dd33000000,0x000000dd33100000)]
  0x000002009129b800 JavaThread "Unconstrained build operations Thread 35" [_thread_blocked, id=11820, stack(0x000000dd33100000,0x000000dd33200000)]
  0x000002009129f800 JavaThread "Unconstrained build operations Thread 36" [_thread_blocked, id=8440, stack(0x000000dd33200000,0x000000dd33300000)]
  0x000002009129c000 JavaThread "Unconstrained build operations Thread 37" [_thread_blocked, id=10208, stack(0x000000dd33300000,0x000000dd33400000)]
  0x000002009129a800 JavaThread "Unconstrained build operations Thread 38" [_thread_blocked, id=9284, stack(0x000000dd33400000,0x000000dd33500000)]
  0x000002009129a000 JavaThread "Unconstrained build operations Thread 39" [_thread_blocked, id=10212, stack(0x000000dd33500000,0x000000dd33600000)]
  0x00000200912a0800 JavaThread "Unconstrained build operations Thread 40" [_thread_blocked, id=10900, stack(0x000000dd33600000,0x000000dd33700000)]
  0x00000200912a2000 JavaThread "Memory manager" [_thread_blocked, id=8548, stack(0x000000dd33700000,0x000000dd33800000)]
  0x00000200912a3800 JavaThread "pool-3-thread-1" [_thread_blocked, id=1080, stack(0x000000dd33800000,0x000000dd33900000)]
  0x00000200912a7000 JavaThread "included builds" [_thread_blocked, id=2356, stack(0x000000dd33900000,0x000000dd33a00000)]
  0x00000200912a1000 JavaThread "Execution worker" [_thread_blocked, id=9016, stack(0x000000dd33a00000,0x000000dd33b00000)]
  0x00000200912a5000 JavaThread "Execution worker Thread 2" [_thread_blocked, id=2736, stack(0x000000dd33b00000,0x000000dd33c00000)]
  0x00000200912a3000 JavaThread "Execution worker Thread 3" [_thread_blocked, id=10392, stack(0x000000dd33c00000,0x000000dd33d00000)]
  0x00000200912a4800 JavaThread "Cache worker for execution history cache (C:\Users\hp\Desktop\eCommerceApp\.gradle\7.5\executionHistory)" [_thread_blocked, id=6996, stack(0x000000dd33d00000,0x000000dd33e00000)]
  0x00000200fbf27000 JavaThread "C2 CompilerThread1" daemon [_thread_blocked, id=2608, stack(0x000000dd2f700000,0x000000dd2f800000)]

Other Threads:
=>0x00000200fbefa000 VMThread "VM Thread" [stack: 0x000000dd2e500000,0x000000dd2e600000] [id=9260]
  0x00000200fc9f6800 WatcherThread [stack: 0x000000dd2ef00000,0x000000dd2f000000] [id=12124]
  0x00000200ef15d000 GCTaskThread "GC Thread#0" [stack: 0x000000dd2e000000,0x000000dd2e100000] [id=12232]
  0x00000200fcb2c000 GCTaskThread "GC Thread#1" [stack: 0x000000dd2f100000,0x000000dd2f200000] [id=7052]
  0x00000200fd19c800 GCTaskThread "GC Thread#2" [stack: 0x000000dd2f200000,0x000000dd2f300000] [id=6804]
  0x00000200fcf78800 GCTaskThread "GC Thread#3" [stack: 0x000000dd2ff00000,0x000000dd30000000] [id=11848]
  0x00000200f1347800 ConcurrentGCThread "G1 Main Marker" [stack: 0x000000dd2e100000,0x000000dd2e200000] [id=9532]
  0x00000200f1349000 ConcurrentGCThread "G1 Conc#0" [stack: 0x000000dd2e200000,0x000000dd2e300000] [id=11768]
  0x00000200f13d7000 ConcurrentGCThread "G1 Refine#0" [stack: 0x000000dd2e300000,0x000000dd2e400000] [id=8816]
  0x00000200f13d8000 ConcurrentGCThread "G1 Young RemSet Sampling" [stack: 0x000000dd2e400000,0x000000dd2e500000] [id=6076]

Threads with active compile tasks:
C1 CompilerThread0  27747 12250       3       org.gradle.internal.execution.steps.ValidateStep::validateImplementations (93 bytes)
C2 CompilerThread1  27747 12212       4       org.gradle.cache.internal.DefaultCrossBuildInMemoryCacheFactory$AbstractCrossBuildInMemoryCache::getIfPresentWithoutLock (43 bytes)

VM state:at safepoint (normal execution)

VM Mutex/Monitor currently owned by a thread:  ([mutex/lock_event])
[0x00000200f12fe460] Threads_lock - owner thread: 0x00000200fbefa000
[0x00000200f12fea90] Heap_lock - owner thread: 0x0000020091392000

Heap address: 0x0000000080000000, size: 2048 MB, Compressed Oops mode: 32-bit
Narrow klass base: 0x0000000000000000, Narrow klass shift: 3
Compressed class space size: 1073741824 Address: 0x0000000100000000

Heap:
 garbage-first heap   total 328704K, used 150976K [0x0000000080000000, 0x0000000100000000)
  region size 1024K, 7 young (7168K), 7 survivors (7168K)
 Metaspace       used 107937K, capacity 110543K, committed 110672K, reserved 1144832K
  class space    used 13768K, capacity 14725K, committed 14752K, reserved 1048576K
Heap Regions: E=young(eden), S=young(survivor), O=old, HS=humongous(starts), HC=humongous(continues), CS=collection set, F=free, A=archive, TAMS=top-at-mark-start (previous, next)
|   0|0x0000000080000000, 0x0000000080100000, 0x0000000080100000|100%|HS|  |TAMS 0x0000000080100000, 0x0000000080000000| Complete 
|   1|0x0000000080100000, 0x0000000080200000, 0x0000000080200000|100%|HC|  |TAMS 0x0000000080200000, 0x0000000080100000| Complete 
|   2|0x0000000080200000, 0x0000000080300000, 0x0000000080300000|100%|HC|  |TAMS 0x0000000080300000, 0x0000000080200000| Complete 
|   3|0x0000000080300000, 0x0000000080400000, 0x0000000080400000|100%| O|  |TAMS 0x0000000080400000, 0x0000000080300000| Untracked 
|   4|0x0000000080400000, 0x00000000804ffff8, 0x0000000080500000| 99%| O|  |TAMS 0x00000000804ffff8, 0x0000000080400000| Untracked 
|   5|0x0000000080500000, 0x0000000080600000, 0x0000000080600000|100%| O|  |TAMS 0x0000000080600000, 0x0000000080500000| Untracked 
|   6|0x0000000080600000, 0x0000000080700000, 0x0000000080700000|100%| O|  |TAMS 0x0000000080700000, 0x0000000080600000| Untracked 
|   7|0x0000000080700000, 0x0000000080800000, 0x0000000080800000|100%| O|  |TAMS 0x0000000080800000, 0x0000000080700000| Untracked 
|   8|0x0000000080800000, 0x0000000080900000, 0x0000000080900000|100%| O|  |TAMS 0x0000000080900000, 0x0000000080800000| Untracked 
|   9|0x0000000080900000, 0x0000000080a00000, 0x0000000080a00000|100%| O|  |TAMS 0x0000000080a00000, 0x0000000080900000| Untracked 
|  10|0x0000000080a00000, 0x0000000080b00000, 0x0000000080b00000|100%| O|  |TAMS 0x0000000080b00000, 0x0000000080a00000| Untracked 
|  11|0x0000000080b00000, 0x0000000080c00000, 0x0000000080c00000|100%| O|  |TAMS 0x0000000080c00000, 0x0000000080b00000| Untracked 
|  12|0x0000000080c00000, 0x0000000080d00000, 0x0000000080d00000|100%| O|  |TAMS 0x0000000080d00000, 0x0000000080c00000| Untracked 
|  13|0x0000000080d00000, 0x0000000080e00000, 0x0000000080e00000|100%| O|  |TAMS 0x0000000080e00000, 0x0000000080d00000| Untracked 
|  14|0x0000000080e00000, 0x0000000080f00000, 0x0000000080f00000|100%|HS|  |TAMS 0x0000000080f00000, 0x0000000080e00000| Complete 
|  15|0x0000000080f00000, 0x0000000081000000, 0x0000000081000000|100%|HC|  |TAMS 0x0000000081000000, 0x0000000080f00000| Complete 
|  16|0x0000000081000000, 0x0000000081100000, 0x0000000081100000|100%|HS|  |TAMS 0x0000000081100000, 0x0000000081000000| Complete 
|  17|0x0000000081100000, 0x0000000081200000, 0x0000000081200000|100%|HC|  |TAMS 0x0000000081200000, 0x0000000081100000| Complete 
|  18|0x0000000081200000, 0x0000000081300000, 0x0000000081300000|100%|HC|  |TAMS 0x0000000081300000, 0x0000000081200000| Complete 
|  19|0x0000000081300000, 0x0000000081400000, 0x0000000081400000|100%|HS|  |TAMS 0x0000000081400000, 0x0000000081300000| Complete 
|  20|0x0000000081400000, 0x0000000081500000, 0x0000000081500000|100%|HS|  |TAMS 0x0000000081500000, 0x0000000081400000| Complete 
|  21|0x0000000081500000, 0x0000000081600000, 0x0000000081600000|100%|HC|  |TAMS 0x0000000081600000, 0x0000000081500000| Complete 
|  22|0x0000000081600000, 0x0000000081700000, 0x0000000081700000|100%|HS|  |TAMS 0x0000000081700000, 0x0000000081600000| Complete 
|  23|0x0000000081700000, 0x0000000081800000, 0x0000000081800000|100%|HC|  |TAMS 0x0000000081800000, 0x0000000081700000| Complete 
|  24|0x0000000081800000, 0x0000000081900000, 0x0000000081900000|100%|HC|  |TAMS 0x0000000081900000, 0x0000000081800000| Complete 
|  25|0x0000000081900000, 0x0000000081a00000, 0x0000000081a00000|100%|HS|  |TAMS 0x0000000081a00000, 0x0000000081900000| Complete 
|  26|0x0000000081a00000, 0x0000000081b00000, 0x0000000081b00000|100%|HC|  |TAMS 0x0000000081b00000, 0x0000000081a00000| Complete 
|  27|0x0000000081b00000, 0x0000000081c00000, 0x0000000081c00000|100%|HC|  |TAMS 0x0000000081c00000, 0x0000000081b00000| Complete 
|  28|0x0000000081c00000, 0x0000000081d00000, 0x0000000081d00000|100%|HS|  |TAMS 0x0000000081d00000, 0x0000000081c00000| Complete 
|  29|0x0000000081d00000, 0x0000000081e00000, 0x0000000081e00000|100%|HC|  |TAMS 0x0000000081e00000, 0x0000000081d00000| Complete 
|  30|0x0000000081e00000, 0x0000000081f00000, 0x0000000081f00000|100%|HC|  |TAMS 0x0000000081f00000, 0x0000000081e00000| Complete 
|  31|0x0000000081f00000, 0x0000000082000000, 0x0000000082000000|100%|HC|  |TAMS 0x0000000082000000, 0x0000000081f00000| Complete 
|  32|0x0000000082000000, 0x0000000082100000, 0x0000000082100000|100%|HS|  |TAMS 0x0000000082100000, 0x0000000082000000| Complete 
|  33|0x0000000082100000, 0x0000000082200000, 0x0000000082200000|100%|HC|  |TAMS 0x0000000082200000, 0x0000000082100000| Complete 
|  34|0x0000000082200000, 0x0000000082300000, 0x0000000082300000|100%|HC|  |TAMS 0x0000000082300000, 0x0000000082200000| Complete 
|  35|0x0000000082300000, 0x0000000082400000, 0x0000000082400000|100%|HC|  |TAMS 0x0000000082400000, 0x0000000082300000| Complete 
|  36|0x0000000082400000, 0x0000000082500000, 0x0000000082500000|100%|HC|  |TAMS 0x0000000082500000, 0x0000000082400000| Complete 
|  37|0x0000000082500000, 0x0000000082600000, 0x0000000082600000|100%| O|  |TAMS 0x0000000082600000, 0x0000000082500000| Untracked 
|  38|0x0000000082600000, 0x0000000082700000, 0x0000000082700000|100%| O|  |TAMS 0x0000000082700000, 0x0000000082600000| Untracked 
|  39|0x0000000082700000, 0x0000000082800000, 0x0000000082800000|100%| O|  |TAMS 0x0000000082800000, 0x0000000082700000| Untracked 
|  40|0x0000000082800000, 0x0000000082900000, 0x0000000082900000|100%| O|  |TAMS 0x0000000082900000, 0x0000000082800000| Untracked 
|  41|0x0000000082900000, 0x0000000082a00000, 0x0000000082a00000|100%| O|  |TAMS 0x0000000082a00000, 0x0000000082900000| Untracked 
|  42|0x0000000082a00000, 0x0000000082b00000, 0x0000000082b00000|100%| O|  |TAMS 0x0000000082b00000, 0x0000000082a00000| Untracked 
|  43|0x0000000082b00000, 0x0000000082c00000, 0x0000000082c00000|100%| O|  |TAMS 0x0000000082c00000, 0x0000000082b00000| Untracked 
|  44|0x0000000082c00000, 0x0000000082d00000, 0x0000000082d00000|100%| O|  |TAMS 0x0000000082d00000, 0x0000000082c00000| Untracked 
|  45|0x0000000082d00000, 0x0000000082e00000, 0x0000000082e00000|100%| O|  |TAMS 0x0000000082e00000, 0x0000000082d00000| Untracked 
|  46|0x0000000082e00000, 0x0000000082f00000, 0x0000000082f00000|100%| O|  |TAMS 0x0000000082f00000, 0x0000000082e00000| Untracked 
|  47|0x0000000082f00000, 0x0000000083000000, 0x0000000083000000|100%| O|  |TAMS 0x0000000083000000, 0x0000000082f00000| Untracked 
|  48|0x0000000083000000, 0x0000000083100000, 0x0000000083100000|100%| O|  |TAMS 0x0000000083100000, 0x0000000083000000| Untracked 
|  49|0x0000000083100000, 0x0000000083200000, 0x0000000083200000|100%| O|  |TAMS 0x0000000083200000, 0x0000000083100000| Untracked 
|  50|0x0000000083200000, 0x0000000083300000, 0x0000000083300000|100%| O|  |TAMS 0x0000000083300000, 0x0000000083200000| Untracked 
|  51|0x0000000083300000, 0x0000000083400000, 0x0000000083400000|100%|HS|  |TAMS 0x0000000083400000, 0x0000000083300000| Complete 
|  52|0x0000000083400000, 0x0000000083500000, 0x0000000083500000|100%|HC|  |TAMS 0x0000000083500000, 0x0000000083400000| Complete 
|  53|0x0000000083500000, 0x0000000083600000, 0x0000000083600000|100%|HC|  |TAMS 0x0000000083600000, 0x0000000083500000| Complete 
|  54|0x0000000083600000, 0x0000000083700000, 0x0000000083700000|100%|HC|  |TAMS 0x0000000083700000, 0x0000000083600000| Complete 
|  55|0x0000000083700000, 0x0000000083800000, 0x0000000083800000|100%|HS|  |TAMS 0x0000000083800000, 0x0000000083700000| Complete 
|  56|0x0000000083800000, 0x0000000083900000, 0x0000000083900000|100%|HC|  |TAMS 0x0000000083900000, 0x0000000083800000| Complete 
|  57|0x0000000083900000, 0x0000000083a00000, 0x0000000083a00000|100%|HC|  |TAMS 0x0000000083a00000, 0x0000000083900000| Complete 
|  58|0x0000000083a00000, 0x0000000083b00000, 0x0000000083b00000|100%|HS|  |TAMS 0x0000000083b00000, 0x0000000083a00000| Complete 
|  59|0x0000000083b00000, 0x0000000083c00000, 0x0000000083c00000|100%|HC|  |TAMS 0x0000000083c00000, 0x0000000083b00000| Complete 
|  60|0x0000000083c00000, 0x0000000083d00000, 0x0000000083d00000|100%|HS|  |TAMS 0x0000000083d00000, 0x0000000083c00000| Complete 
|  61|0x0000000083d00000, 0x0000000083e00000, 0x0000000083e00000|100%|HC|  |TAMS 0x0000000083e00000, 0x0000000083d00000| Complete 
|  62|0x0000000083e00000, 0x0000000083f00000, 0x0000000083f00000|100%|HC|  |TAMS 0x0000000083f00000, 0x0000000083e00000| Complete 
|  63|0x0000000083f00000, 0x0000000084000000, 0x0000000084000000|100%| O|  |TAMS 0x0000000084000000, 0x0000000083f00000| Untracked 
|  64|0x0000000084000000, 0x0000000084100000, 0x0000000084100000|100%| O|  |TAMS 0x0000000084100000, 0x0000000084000000| Untracked 
|  65|0x0000000084100000, 0x0000000084200000, 0x0000000084200000|100%| O|  |TAMS 0x0000000084200000, 0x0000000084100000| Untracked 
|  66|0x0000000084200000, 0x0000000084300000, 0x0000000084300000|100%| O|  |TAMS 0x0000000084300000, 0x0000000084200000| Untracked 
|  67|0x0000000084300000, 0x0000000084400000, 0x0000000084400000|100%| O|  |TAMS 0x0000000084400000, 0x0000000084300000| Untracked 
|  68|0x0000000084400000, 0x0000000084500000, 0x0000000084500000|100%| O|  |TAMS 0x0000000084500000, 0x0000000084400000| Untracked 
|  69|0x0000000084500000, 0x0000000084600000, 0x0000000084600000|100%| O|  |TAMS 0x0000000084600000, 0x0000000084500000| Untracked 
|  70|0x0000000084600000, 0x0000000084700000, 0x0000000084700000|100%| O|  |TAMS 0x0000000084700000, 0x0000000084600000| Untracked 
|  71|0x0000000084700000, 0x0000000084800000, 0x0000000084800000|100%| O|  |TAMS 0x0000000084800000, 0x0000000084700000| Untracked 
|  72|0x0000000084800000, 0x0000000084900000, 0x0000000084900000|100%| O|  |TAMS 0x0000000084900000, 0x0000000084800000| Untracked 
|  73|0x0000000084900000, 0x0000000084a00000, 0x0000000084a00000|100%| O|  |TAMS 0x0000000084a00000, 0x0000000084900000| Untracked 
|  74|0x0000000084a00000, 0x0000000084b00000, 0x0000000084b00000|100%|HS|  |TAMS 0x0000000084b00000, 0x0000000084a00000| Complete 
|  75|0x0000000084b00000, 0x0000000084c00000, 0x0000000084c00000|100%|HC|  |TAMS 0x0000000084c00000, 0x0000000084b00000| Complete 
|  76|0x0000000084c00000, 0x0000000084d00000, 0x0000000084d00000|100%|HC|  |TAMS 0x0000000084d00000, 0x0000000084c00000| Complete 
|  77|0x0000000084d00000, 0x0000000084e00000, 0x0000000084e00000|100%|HC|  |TAMS 0x0000000084e00000, 0x0000000084d00000| Complete 
|  78|0x0000000084e00000, 0x0000000084f00000, 0x0000000084f00000|100%|HC|  |TAMS 0x0000000084f00000, 0x0000000084e00000| Complete 
|  79|0x0000000084f00000, 0x0000000085000000, 0x0000000085000000|100%|HS|  |TAMS 0x0000000085000000, 0x0000000084f00000| Complete 
|  80|0x0000000085000000, 0x0000000085100000, 0x0000000085100000|100%|HS|  |TAMS 0x0000000085100000, 0x0000000085000000| Complete 
|  81|0x0000000085100000, 0x0000000085200000, 0x0000000085200000|100%| O|  |TAMS 0x0000000085200000, 0x0000000085100000| Untracked 
|  82|0x0000000085200000, 0x0000000085300000, 0x0000000085300000|100%| O|  |TAMS 0x0000000085300000, 0x0000000085200000| Untracked 
|  83|0x0000000085300000, 0x0000000085400000, 0x0000000085400000|100%| O|  |TAMS 0x0000000085400000, 0x0000000085300000| Untracked 
|  84|0x0000000085400000, 0x0000000085500000, 0x0000000085500000|100%| O|  |TAMS 0x0000000085500000, 0x0000000085400000| Untracked 
|  85|0x0000000085500000, 0x0000000085600000, 0x0000000085600000|100%| O|  |TAMS 0x0000000085600000, 0x0000000085500000| Untracked 
|  86|0x0000000085600000, 0x0000000085700000, 0x0000000085700000|100%| O|  |TAMS 0x0000000085700000, 0x0000000085600000| Untracked 
|  87|0x0000000085700000, 0x0000000085800000, 0x0000000085800000|100%| O|  |TAMS 0x0000000085800000, 0x0000000085700000| Untracked 
|  88|0x0000000085800000, 0x0000000085900000, 0x0000000085900000|100%| O|  |TAMS 0x0000000085900000, 0x0000000085800000| Untracked 
|  89|0x0000000085900000, 0x0000000085a00000, 0x0000000085a00000|100%| O|  |TAMS 0x0000000085a00000, 0x0000000085900000| Untracked 
|  90|0x0000000085a00000, 0x0000000085b00000, 0x0000000085b00000|100%| O|  |TAMS 0x0000000085b00000, 0x0000000085a00000| Untracked 
|  91|0x0000000085b00000, 0x0000000085c00000, 0x0000000085c00000|100%| O|  |TAMS 0x0000000085c00000, 0x0000000085b00000| Untracked 
|  92|0x0000000085c00000, 0x0000000085d00000, 0x0000000085d00000|100%| O|  |TAMS 0x0000000085d00000, 0x0000000085c00000| Untracked 
|  93|0x0000000085d00000, 0x0000000085e00000, 0x0000000085e00000|100%|HS|  |TAMS 0x0000000085e00000, 0x0000000085d00000| Complete 
|  94|0x0000000085e00000, 0x0000000085f00000, 0x0000000085f00000|100%|HC|  |TAMS 0x0000000085f00000, 0x0000000085e00000| Complete 
|  95|0x0000000085f00000, 0x0000000086000000, 0x0000000086000000|100%| O|  |TAMS 0x0000000086000000, 0x0000000085f00000| Untracked 
|  96|0x0000000086000000, 0x0000000086100000, 0x0000000086100000|100%| O|  |TAMS 0x0000000086100000, 0x0000000086000000| Untracked 
|  97|0x0000000086100000, 0x0000000086200000, 0x0000000086200000|100%| O|  |TAMS 0x0000000086200000, 0x0000000086100000| Untracked 
|  98|0x0000000086200000, 0x0000000086300000, 0x0000000086300000|100%| O|  |TAMS 0x0000000086300000, 0x0000000086200000| Untracked 
|  99|0x0000000086300000, 0x0000000086400000, 0x0000000086400000|100%| O|  |TAMS 0x0000000086400000, 0x0000000086300000| Untracked 
| 100|0x0000000086400000, 0x0000000086500000, 0x0000000086500000|100%| O|  |TAMS 0x0000000086500000, 0x0000000086400000| Untracked 
| 101|0x0000000086500000, 0x0000000086600000, 0x0000000086600000|100%| O|  |TAMS 0x0000000086600000, 0x0000000086500000| Untracked 
| 102|0x0000000086600000, 0x0000000086700000, 0x0000000086700000|100%| O|  |TAMS 0x0000000086700000, 0x0000000086600000| Untracked 
| 103|0x0000000086700000, 0x0000000086800000, 0x0000000086800000|100%| O|  |TAMS 0x0000000086800000, 0x0000000086700000| Untracked 
| 104|0x0000000086800000, 0x0000000086900000, 0x0000000086900000|100%| O|  |TAMS 0x0000000086900000, 0x0000000086800000| Untracked 
| 105|0x0000000086900000, 0x0000000086a00000, 0x0000000086a00000|100%| O|  |TAMS 0x0000000086a00000, 0x0000000086900000| Untracked 
| 106|0x0000000086a00000, 0x0000000086b00000, 0x0000000086b00000|100%| O|  |TAMS 0x0000000086b00000, 0x0000000086a00000| Untracked 
| 107|0x0000000086b00000, 0x0000000086c00000, 0x0000000086c00000|100%| O|  |TAMS 0x0000000086c00000, 0x0000000086b00000| Untracked 
| 108|0x0000000086c00000, 0x0000000086d00000, 0x0000000086d00000|100%| O|  |TAMS 0x0000000086d00000, 0x0000000086c00000| Untracked 
| 109|0x0000000086d00000, 0x0000000086e00000, 0x0000000086e00000|100%| O|  |TAMS 0x0000000086e00000, 0x0000000086d00000| Untracked 
| 110|0x0000000086e00000, 0x0000000086f00000, 0x0000000086f00000|100%|HS|  |TAMS 0x0000000086f00000, 0x0000000086e00000| Complete 
| 111|0x0000000086f00000, 0x0000000087000000, 0x0000000087000000|100%| O|  |TAMS 0x0000000087000000, 0x0000000086f00000| Untracked 
| 112|0x0000000087000000, 0x0000000087100000, 0x0000000087100000|100%| O|  |TAMS 0x0000000087100000, 0x0000000087000000| Untracked 
| 113|0x0000000087100000, 0x0000000087200000, 0x0000000087200000|100%| O|  |TAMS 0x0000000087200000, 0x0000000087100000| Untracked 
| 114|0x0000000087200000, 0x0000000087300000, 0x0000000087300000|100%| O|  |TAMS 0x0000000087300000, 0x0000000087200000| Untracked 
| 115|0x0000000087300000, 0x0000000087400000, 0x0000000087400000|100%| O|  |TAMS 0x0000000087400000, 0x0000000087300000| Untracked 
| 116|0x0000000087400000, 0x0000000087500000, 0x0000000087500000|100%| O|  |TAMS 0x0000000087500000, 0x0000000087400000| Untracked 
| 117|0x0000000087500000, 0x0000000087600000, 0x0000000087600000|100%| O|  |TAMS 0x0000000087600000, 0x0000000087500000| Untracked 
| 118|0x0000000087600000, 0x0000000087700000, 0x0000000087700000|100%| O|  |TAMS 0x0000000087700000, 0x0000000087600000| Untracked 
| 119|0x0000000087700000, 0x0000000087800000, 0x0000000087800000|100%| O|  |TAMS 0x0000000087800000, 0x0000000087700000| Untracked 
| 120|0x0000000087800000, 0x0000000087900000, 0x0000000087900000|100%| O|  |TAMS 0x0000000087900000, 0x0000000087800000| Untracked 
| 121|0x0000000087900000, 0x0000000087a00000, 0x0000000087a00000|100%| O|  |TAMS 0x0000000087a00000, 0x0000000087900000| Untracked 
| 122|0x0000000087a00000, 0x0000000087b00000, 0x0000000087b00000|100%| O|  |TAMS 0x0000000087b00000, 0x0000000087a00000| Untracked 
| 123|0x0000000087b00000, 0x0000000087c00000, 0x0000000087c00000|100%| O|  |TAMS 0x0000000087c00000, 0x0000000087b00000| Untracked 
| 124|0x0000000087c00000, 0x0000000087d00000, 0x0000000087d00000|100%| O|  |TAMS 0x0000000087d00000, 0x0000000087c00000| Untracked 
| 125|0x0000000087d00000, 0x0000000087e00000, 0x0000000087e00000|100%| O|  |TAMS 0x0000000087e00000, 0x0000000087d00000| Untracked 
| 126|0x0000000087e00000, 0x0000000087f00000, 0x0000000087f00000|100%| O|  |TAMS 0x0000000087f00000, 0x0000000087e00000| Untracked 
| 127|0x0000000087f00000, 0x0000000088000000, 0x0000000088000000|100%| O|  |TAMS 0x0000000088000000, 0x0000000087f00000| Untracked 
| 128|0x0000000088000000, 0x0000000088100000, 0x0000000088100000|100%| O|  |TAMS 0x0000000088100000, 0x0000000088000000| Untracked 
| 129|0x0000000088100000, 0x0000000088200000, 0x0000000088200000|100%| O|  |TAMS 0x0000000088153e00, 0x0000000088100000| Untracked 
| 130|0x0000000088200000, 0x0000000088300000, 0x0000000088300000|100%| O|  |TAMS 0x0000000088200000, 0x0000000088200000| Untracked 
| 131|0x0000000088300000, 0x0000000088400000, 0x0000000088400000|100%| O|  |TAMS 0x0000000088300000, 0x0000000088300000| Untracked 
| 132|0x0000000088400000, 0x0000000088500000, 0x0000000088500000|100%| O|  |TAMS 0x0000000088400000, 0x0000000088400000| Untracked 
| 133|0x0000000088500000, 0x0000000088600000, 0x0000000088600000|100%| O|  |TAMS 0x0000000088500000, 0x0000000088500000| Untracked 
| 134|0x0000000088600000, 0x0000000088700000, 0x0000000088700000|100%| O|  |TAMS 0x0000000088600000, 0x0000000088600000| Untracked 
| 135|0x0000000088700000, 0x0000000088800000, 0x0000000088800000|100%| O|  |TAMS 0x0000000088700000, 0x0000000088700000| Untracked 
| 136|0x0000000088800000, 0x0000000088900000, 0x0000000088900000|100%| O|  |TAMS 0x0000000088800000, 0x0000000088800000| Untracked 
| 137|0x0000000088900000, 0x0000000088a00000, 0x0000000088a00000|100%| O|  |TAMS 0x0000000088900000, 0x0000000088900000| Untracked 
| 138|0x0000000088a00000, 0x0000000088b00000, 0x0000000088b00000|100%| O|  |TAMS 0x0000000088a00000, 0x0000000088a00000| Untracked 
| 139|0x0000000088b00000, 0x0000000088c00000, 0x0000000088c00000|100%| O|  |TAMS 0x0000000088b00000, 0x0000000088b00000| Untracked 
| 140|0x0000000088c00000, 0x0000000088cf0200, 0x0000000088d00000| 93%| O|  |TAMS 0x0000000088c00000, 0x0000000088c00000| Untracked 
| 141|0x0000000088d00000, 0x0000000088d00000, 0x0000000088e00000|  0%| F|  |TAMS 0x0000000088d00000, 0x0000000088d00000| Untracked 
| 142|0x0000000088e00000, 0x0000000088e00000, 0x0000000088f00000|  0%| F|  |TAMS 0x0000000088e00000, 0x0000000088e00000| Untracked 
| 143|0x0000000088f00000, 0x0000000088f00000, 0x0000000089000000|  0%| F|  |TAMS 0x0000000088f00000, 0x0000000088f00000| Untracked 
| 144|0x0000000089000000, 0x0000000089000000, 0x0000000089100000|  0%| F|  |TAMS 0x0000000089000000, 0x0000000089000000| Untracked 
| 145|0x0000000089100000, 0x0000000089100000, 0x0000000089200000|  0%| F|  |TAMS 0x0000000089100000, 0x0000000089100000| Untracked 
| 146|0x0000000089200000, 0x0000000089200000, 0x0000000089300000|  0%| F|  |TAMS 0x0000000089200000, 0x0000000089200000| Untracked 
| 147|0x0000000089300000, 0x0000000089300000, 0x0000000089400000|  0%| F|  |TAMS 0x0000000089300000, 0x0000000089300000| Untracked 
| 148|0x0000000089400000, 0x0000000089400000, 0x0000000089500000|  0%| F|  |TAMS 0x0000000089400000, 0x0000000089400000| Untracked 
| 149|0x0000000089500000, 0x0000000089500000, 0x0000000089600000|  0%| F|  |TAMS 0x0000000089500000, 0x0000000089500000| Untracked 
| 150|0x0000000089600000, 0x0000000089600000, 0x0000000089700000|  0%| F|  |TAMS 0x0000000089600000, 0x0000000089600000| Untracked 
| 151|0x0000000089700000, 0x0000000089700000, 0x0000000089800000|  0%| F|  |TAMS 0x0000000089700000, 0x0000000089700000| Untracked 
| 152|0x0000000089800000, 0x0000000089800000, 0x0000000089900000|  0%| F|  |TAMS 0x0000000089800000, 0x0000000089800000| Untracked 
| 153|0x0000000089900000, 0x0000000089900000, 0x0000000089a00000|  0%| F|  |TAMS 0x0000000089900000, 0x0000000089900000| Untracked 
| 154|0x0000000089a00000, 0x0000000089a00000, 0x0000000089b00000|  0%| F|  |TAMS 0x0000000089a00000, 0x0000000089a00000| Untracked 
| 155|0x0000000089b00000, 0x0000000089b00000, 0x0000000089c00000|  0%| F|  |TAMS 0x0000000089b00000, 0x0000000089b00000| Untracked 
| 156|0x0000000089c00000, 0x0000000089c00000, 0x0000000089d00000|  0%| F|  |TAMS 0x0000000089c00000, 0x0000000089c00000| Untracked 
| 157|0x0000000089d00000, 0x0000000089d00000, 0x0000000089e00000|  0%| F|  |TAMS 0x0000000089d00000, 0x0000000089d00000| Untracked 
| 158|0x0000000089e00000, 0x0000000089e00000, 0x0000000089f00000|  0%| F|  |TAMS 0x0000000089e00000, 0x0000000089e00000| Untracked 
| 159|0x0000000089f00000, 0x0000000089f00000, 0x000000008a000000|  0%| F|  |TAMS 0x0000000089f00000, 0x0000000089f00000| Untracked 
| 160|0x000000008a000000, 0x000000008a000000, 0x000000008a100000|  0%| F|  |TAMS 0x000000008a000000, 0x000000008a000000| Untracked 
| 161|0x000000008a100000, 0x000000008a100000, 0x000000008a200000|  0%| F|  |TAMS 0x000000008a100000, 0x000000008a100000| Untracked 
| 162|0x000000008a200000, 0x000000008a200000, 0x000000008a300000|  0%| F|  |TAMS 0x000000008a200000, 0x000000008a200000| Untracked 
| 163|0x000000008a300000, 0x000000008a300000, 0x000000008a400000|  0%| F|  |TAMS 0x000000008a300000, 0x000000008a300000| Untracked 
| 164|0x000000008a400000, 0x000000008a400000, 0x000000008a500000|  0%| F|  |TAMS 0x000000008a400000, 0x000000008a400000| Untracked 
| 165|0x000000008a500000, 0x000000008a500000, 0x000000008a600000|  0%| F|  |TAMS 0x000000008a500000, 0x000000008a500000| Untracked 
| 166|0x000000008a600000, 0x000000008a600000, 0x000000008a700000|  0%| F|  |TAMS 0x000000008a600000, 0x000000008a600000| Untracked 
| 167|0x000000008a700000, 0x000000008a700000, 0x000000008a800000|  0%| F|  |TAMS 0x000000008a700000, 0x000000008a700000| Untracked 
| 168|0x000000008a800000, 0x000000008a800000, 0x000000008a900000|  0%| F|  |TAMS 0x000000008a800000, 0x000000008a800000| Untracked 
| 169|0x000000008a900000, 0x000000008a900000, 0x000000008aa00000|  0%| F|  |TAMS 0x000000008a900000, 0x000000008a900000| Untracked 
| 170|0x000000008aa00000, 0x000000008aa00000, 0x000000008ab00000|  0%| F|  |TAMS 0x000000008aa00000, 0x000000008aa00000| Untracked 
| 171|0x000000008ab00000, 0x000000008ab00000, 0x000000008ac00000|  0%| F|  |TAMS 0x000000008ab00000, 0x000000008ab00000| Untracked 
| 172|0x000000008ac00000, 0x000000008ac00000, 0x000000008ad00000|  0%| F|  |TAMS 0x000000008ac00000, 0x000000008ac00000| Untracked 
| 173|0x000000008ad00000, 0x000000008ad00000, 0x000000008ae00000|  0%| F|  |TAMS 0x000000008ad00000, 0x000000008ad00000| Untracked 
| 174|0x000000008ae00000, 0x000000008ae00000, 0x000000008af00000|  0%| F|  |TAMS 0x000000008ae00000, 0x000000008ae00000| Untracked 
| 175|0x000000008af00000, 0x000000008af00000, 0x000000008b000000|  0%| F|  |TAMS 0x000000008af00000, 0x000000008af00000| Untracked 
| 176|0x000000008b000000, 0x000000008b000000, 0x000000008b100000|  0%| F|  |TAMS 0x000000008b000000, 0x000000008b000000| Untracked 
| 177|0x000000008b100000, 0x000000008b100000, 0x000000008b200000|  0%| F|  |TAMS 0x000000008b100000, 0x000000008b100000| Untracked 
| 178|0x000000008b200000, 0x000000008b200000, 0x000000008b300000|  0%| F|  |TAMS 0x000000008b200000, 0x000000008b200000| Untracked 
| 179|0x000000008b300000, 0x000000008b300000, 0x000000008b400000|  0%| F|  |TAMS 0x000000008b300000, 0x000000008b300000| Untracked 
| 180|0x000000008b400000, 0x000000008b400000, 0x000000008b500000|  0%| F|  |TAMS 0x000000008b400000, 0x000000008b400000| Untracked 
| 181|0x000000008b500000, 0x000000008b500000, 0x000000008b600000|  0%| F|  |TAMS 0x000000008b500000, 0x000000008b500000| Untracked 
| 182|0x000000008b600000, 0x000000008b600000, 0x000000008b700000|  0%| F|  |TAMS 0x000000008b600000, 0x000000008b600000| Untracked 
| 183|0x000000008b700000, 0x000000008b780000, 0x000000008b800000| 50%| S|CS|TAMS 0x000000008b700000, 0x000000008b700000| Complete 
| 184|0x000000008b800000, 0x000000008b900000, 0x000000008b900000|100%| S|CS|TAMS 0x000000008b800000, 0x000000008b800000| Complete 
| 185|0x000000008b900000, 0x000000008ba00000, 0x000000008ba00000|100%| S|CS|TAMS 0x000000008b900000, 0x000000008b900000| Complete 
| 186|0x000000008ba00000, 0x000000008bb00000, 0x000000008bb00000|100%| S|CS|TAMS 0x000000008ba00000, 0x000000008ba00000| Complete 
| 187|0x000000008bb00000, 0x000000008bc00000, 0x000000008bc00000|100%| S|CS|TAMS 0x000000008bb00000, 0x000000008bb00000| Complete 
| 188|0x000000008bc00000, 0x000000008bd00000, 0x000000008bd00000|100%| S|CS|TAMS 0x000000008bc00000, 0x000000008bc00000| Complete 
| 189|0x000000008bd00000, 0x000000008be00000, 0x000000008be00000|100%| S|CS|TAMS 0x000000008bd00000, 0x000000008bd00000| Complete 
| 190|0x000000008be00000, 0x000000008be00000, 0x000000008bf00000|  0%| F|  |TAMS 0x000000008be00000, 0x000000008be00000| Untracked 
| 191|0x000000008bf00000, 0x000000008bf00000, 0x000000008c000000|  0%| F|  |TAMS 0x000000008bf00000, 0x000000008bf00000| Untracked 
| 192|0x000000008c000000, 0x000000008c000000, 0x000000008c100000|  0%| F|  |TAMS 0x000000008c000000, 0x000000008c000000| Untracked 
| 193|0x000000008c100000, 0x000000008c100000, 0x000000008c200000|  0%| F|  |TAMS 0x000000008c100000, 0x000000008c100000| Untracked 
| 194|0x000000008c200000, 0x000000008c200000, 0x000000008c300000|  0%| F|  |TAMS 0x000000008c200000, 0x000000008c200000| Untracked 
| 195|0x000000008c300000, 0x000000008c300000, 0x000000008c400000|  0%| F|  |TAMS 0x000000008c300000, 0x000000008c300000| Untracked 
| 196|0x000000008c400000, 0x000000008c400000, 0x000000008c500000|  0%| F|  |TAMS 0x000000008c400000, 0x000000008c400000| Untracked 
| 197|0x000000008c500000, 0x000000008c500000, 0x000000008c600000|  0%| F|  |TAMS 0x000000008c500000, 0x000000008c500000| Untracked 
| 198|0x000000008c600000, 0x000000008c600000, 0x000000008c700000|  0%| F|  |TAMS 0x000000008c600000, 0x000000008c600000| Untracked 
| 199|0x000000008c700000, 0x000000008c700000, 0x000000008c800000|  0%| F|  |TAMS 0x000000008c700000, 0x000000008c700000| Untracked 
| 200|0x000000008c800000, 0x000000008c800000, 0x000000008c900000|  0%| F|  |TAMS 0x000000008c800000, 0x000000008c800000| Untracked 
| 201|0x000000008c900000, 0x000000008c900000, 0x000000008ca00000|  0%| F|  |TAMS 0x000000008c900000, 0x000000008c900000| Untracked 
| 202|0x000000008ca00000, 0x000000008ca00000, 0x000000008cb00000|  0%| F|  |TAMS 0x000000008ca00000, 0x000000008ca00000| Untracked 
| 203|0x000000008cb00000, 0x000000008cb00000, 0x000000008cc00000|  0%| F|  |TAMS 0x000000008cb00000, 0x000000008cb00000| Untracked 
| 204|0x000000008cc00000, 0x000000008cc00000, 0x000000008cd00000|  0%| F|  |TAMS 0x000000008cc00000, 0x000000008cc00000| Untracked 
| 205|0x000000008cd00000, 0x000000008cd00000, 0x000000008ce00000|  0%| F|  |TAMS 0x000000008cd00000, 0x000000008cd00000| Untracked 
| 206|0x000000008ce00000, 0x000000008ce00000, 0x000000008cf00000|  0%| F|  |TAMS 0x000000008ce00000, 0x000000008ce00000| Untracked 
| 207|0x000000008cf00000, 0x000000008cf00000, 0x000000008d000000|  0%| F|  |TAMS 0x000000008cf00000, 0x000000008cf00000| Untracked 
| 208|0x000000008d000000, 0x000000008d000000, 0x000000008d100000|  0%| F|  |TAMS 0x000000008d000000, 0x000000008d000000| Untracked 
| 209|0x000000008d100000, 0x000000008d100000, 0x000000008d200000|  0%| F|  |TAMS 0x000000008d100000, 0x000000008d100000| Untracked 
| 210|0x000000008d200000, 0x000000008d200000, 0x000000008d300000|  0%| F|  |TAMS 0x000000008d200000, 0x000000008d200000| Untracked 
| 211|0x000000008d300000, 0x000000008d300000, 0x000000008d400000|  0%| F|  |TAMS 0x000000008d300000, 0x000000008d300000| Untracked 
| 212|0x000000008d400000, 0x000000008d400000, 0x000000008d500000|  0%| F|  |TAMS 0x000000008d400000, 0x000000008d400000| Untracked 
| 213|0x000000008d500000, 0x000000008d500000, 0x000000008d600000|  0%| F|  |TAMS 0x000000008d500000, 0x000000008d500000| Untracked 
| 214|0x000000008d600000, 0x000000008d600000, 0x000000008d700000|  0%| F|  |TAMS 0x000000008d600000, 0x000000008d600000| Untracked 
| 215|0x000000008d700000, 0x000000008d700000, 0x000000008d800000|  0%| F|  |TAMS 0x000000008d700000, 0x000000008d700000| Untracked 
| 216|0x000000008d800000, 0x000000008d800000, 0x000000008d900000|  0%| F|  |TAMS 0x000000008d800000, 0x000000008d800000| Untracked 
| 217|0x000000008d900000, 0x000000008d900000, 0x000000008da00000|  0%| F|  |TAMS 0x000000008d900000, 0x000000008d900000| Untracked 
| 218|0x000000008da00000, 0x000000008da00000, 0x000000008db00000|  0%| F|  |TAMS 0x000000008da00000, 0x000000008da00000| Untracked 
| 219|0x000000008db00000, 0x000000008db00000, 0x000000008dc00000|  0%| F|  |TAMS 0x000000008db00000, 0x000000008db00000| Untracked 
| 220|0x000000008dc00000, 0x000000008dc00000, 0x000000008dd00000|  0%| F|  |TAMS 0x000000008dc00000, 0x000000008dc00000| Untracked 
| 221|0x000000008dd00000, 0x000000008dd00000, 0x000000008de00000|  0%| F|  |TAMS 0x000000008dd00000, 0x000000008dd00000| Untracked 
| 222|0x000000008de00000, 0x000000008de00000, 0x000000008df00000|  0%| F|  |TAMS 0x000000008de00000, 0x000000008de00000| Untracked 
| 223|0x000000008df00000, 0x000000008df00000, 0x000000008e000000|  0%| F|  |TAMS 0x000000008df00000, 0x000000008df00000| Untracked 
| 224|0x000000008e000000, 0x000000008e000000, 0x000000008e100000|  0%| F|  |TAMS 0x000000008e000000, 0x000000008e000000| Untracked 
| 225|0x000000008e100000, 0x000000008e100000, 0x000000008e200000|  0%| F|  |TAMS 0x000000008e100000, 0x000000008e100000| Untracked 
| 226|0x000000008e200000, 0x000000008e200000, 0x000000008e300000|  0%| F|  |TAMS 0x000000008e200000, 0x000000008e200000| Untracked 
| 227|0x000000008e300000, 0x000000008e300000, 0x000000008e400000|  0%| F|  |TAMS 0x000000008e300000, 0x000000008e300000| Untracked 
| 228|0x000000008e400000, 0x000000008e400000, 0x000000008e500000|  0%| F|  |TAMS 0x000000008e400000, 0x000000008e400000| Untracked 
| 229|0x000000008e500000, 0x000000008e500000, 0x000000008e600000|  0%| F|  |TAMS 0x000000008e500000, 0x000000008e500000| Untracked 
| 230|0x000000008e600000, 0x000000008e600000, 0x000000008e700000|  0%| F|  |TAMS 0x000000008e600000, 0x000000008e600000| Untracked 
| 231|0x000000008e700000, 0x000000008e700000, 0x000000008e800000|  0%| F|  |TAMS 0x000000008e700000, 0x000000008e700000| Untracked 
| 232|0x000000008e800000, 0x000000008e800000, 0x000000008e900000|  0%| F|  |TAMS 0x000000008e800000, 0x000000008e800000| Untracked 
| 233|0x000000008e900000, 0x000000008e900000, 0x000000008ea00000|  0%| F|  |TAMS 0x000000008e900000, 0x000000008e900000| Untracked 
| 234|0x000000008ea00000, 0x000000008ea00000, 0x000000008eb00000|  0%| F|  |TAMS 0x000000008ea00000, 0x000000008ea00000| Untracked 
| 235|0x000000008eb00000, 0x000000008eb00000, 0x000000008ec00000|  0%| F|  |TAMS 0x000000008eb00000, 0x000000008eb00000| Untracked 
| 236|0x000000008ec00000, 0x000000008ec00000, 0x000000008ed00000|  0%| F|  |TAMS 0x000000008ec00000, 0x000000008ec00000| Untracked 
| 237|0x000000008ed00000, 0x000000008ed00000, 0x000000008ee00000|  0%| F|  |TAMS 0x000000008ed00000, 0x000000008ed00000| Untracked 
| 238|0x000000008ee00000, 0x000000008ee00000, 0x000000008ef00000|  0%| F|  |TAMS 0x000000008ee00000, 0x000000008ee00000| Untracked 
| 239|0x000000008ef00000, 0x000000008ef00000, 0x000000008f000000|  0%| F|  |TAMS 0x000000008ef00000, 0x000000008ef00000| Untracked 
| 240|0x000000008f000000, 0x000000008f000000, 0x000000008f100000|  0%| F|  |TAMS 0x000000008f000000, 0x000000008f000000| Untracked 
| 241|0x000000008f100000, 0x000000008f100000, 0x000000008f200000|  0%| F|  |TAMS 0x000000008f100000, 0x000000008f100000| Untracked 
| 242|0x000000008f200000, 0x000000008f200000, 0x000000008f300000|  0%| F|  |TAMS 0x000000008f200000, 0x000000008f200000| Untracked 
| 243|0x000000008f300000, 0x000000008f300000, 0x000000008f400000|  0%| F|  |TAMS 0x000000008f300000, 0x000000008f300000| Untracked 
| 244|0x000000008f400000, 0x000000008f400000, 0x000000008f500000|  0%| F|  |TAMS 0x000000008f400000, 0x000000008f400000| Untracked 
| 245|0x000000008f500000, 0x000000008f500000, 0x000000008f600000|  0%| F|  |TAMS 0x000000008f500000, 0x000000008f500000| Untracked 
| 246|0x000000008f600000, 0x000000008f600000, 0x000000008f700000|  0%| F|  |TAMS 0x000000008f600000, 0x000000008f600000| Untracked 
| 247|0x000000008f700000, 0x000000008f700000, 0x000000008f800000|  0%| F|  |TAMS 0x000000008f700000, 0x000000008f700000| Untracked 
| 248|0x000000008f800000, 0x000000008f800000, 0x000000008f900000|  0%| F|  |TAMS 0x000000008f800000, 0x000000008f800000| Untracked 
| 249|0x000000008f900000, 0x000000008f900000, 0x000000008fa00000|  0%| F|  |TAMS 0x000000008f900000, 0x000000008f900000| Untracked 
| 250|0x000000008fa00000, 0x000000008fa00000, 0x000000008fb00000|  0%| F|  |TAMS 0x000000008fa00000, 0x000000008fa00000| Untracked 
| 251|0x000000008fb00000, 0x000000008fb00000, 0x000000008fc00000|  0%| F|  |TAMS 0x000000008fb00000, 0x000000008fb00000| Untracked 
| 252|0x000000008fc00000, 0x000000008fc00000, 0x000000008fd00000|  0%| F|  |TAMS 0x000000008fc00000, 0x000000008fc00000| Untracked 
| 253|0x000000008fd00000, 0x000000008fd00000, 0x000000008fe00000|  0%| F|  |TAMS 0x000000008fd00000, 0x000000008fd00000| Untracked 
| 254|0x000000008fe00000, 0x000000008fe00000, 0x000000008ff00000|  0%| F|  |TAMS 0x000000008fe00000, 0x000000008fe00000| Untracked 
| 255|0x000000008ff00000, 0x000000008ff00000, 0x0000000090000000|  0%| F|  |TAMS 0x000000008ff00000, 0x000000008ff00000| Untracked 
| 256|0x0000000090000000, 0x0000000090000000, 0x0000000090100000|  0%| F|  |TAMS 0x0000000090000000, 0x0000000090000000| Untracked 
| 257|0x0000000090100000, 0x0000000090100000, 0x0000000090200000|  0%| F|  |TAMS 0x0000000090100000, 0x0000000090100000| Untracked 
| 258|0x0000000090200000, 0x0000000090200000, 0x0000000090300000|  0%| F|  |TAMS 0x0000000090200000, 0x0000000090200000| Untracked 
| 259|0x0000000090300000, 0x0000000090300000, 0x0000000090400000|  0%| F|  |TAMS 0x0000000090300000, 0x0000000090300000| Untracked 
| 260|0x0000000090400000, 0x0000000090400000, 0x0000000090500000|  0%| F|  |TAMS 0x0000000090400000, 0x0000000090400000| Untracked 
| 261|0x0000000090500000, 0x0000000090500000, 0x0000000090600000|  0%| F|  |TAMS 0x0000000090500000, 0x0000000090500000| Untracked 
| 262|0x0000000090600000, 0x0000000090600000, 0x0000000090700000|  0%| F|  |TAMS 0x0000000090600000, 0x0000000090600000| Untracked 
| 263|0x0000000090700000, 0x0000000090700000, 0x0000000090800000|  0%| F|  |TAMS 0x0000000090700000, 0x0000000090700000| Untracked 
| 264|0x0000000090800000, 0x0000000090800000, 0x0000000090900000|  0%| F|  |TAMS 0x0000000090800000, 0x0000000090800000| Untracked 
| 265|0x0000000090900000, 0x0000000090900000, 0x0000000090a00000|  0%| F|  |TAMS 0x0000000090900000, 0x0000000090900000| Untracked 
| 266|0x0000000090a00000, 0x0000000090a00000, 0x0000000090b00000|  0%| F|  |TAMS 0x0000000090a00000, 0x0000000090a00000| Untracked 

Card table byte_map: [0x00000200f5220000,0x00000200f5620000] _byte_map_base: 0x00000200f4e20000

Marking Bits (Prev, Next): (CMBitMap*) 0x00000200f133eed8, (CMBitMap*) 0x00000200f133ef10
 Prev Bits: [0x00000200f5a20000, 0x00000200f7a20000)
 Next Bits: [0x00000200f7a20000, 0x00000200f9a20000)

Polling page: 0x00000200ef250000

Metaspace:

Usage:
  Non-class:     93.57 MB capacity,    91.96 MB ( 98%) used,     1.32 MB (  1%) free+waste,   301.19 KB ( <1%) overhead. 
      Class:     14.38 MB capacity,    13.45 MB ( 94%) used,   822.66 KB (  6%) free+waste,   134.31 KB ( <1%) overhead. 
       Both:    107.95 MB capacity,   105.41 MB ( 98%) used,     2.12 MB (  2%) free+waste,   435.50 KB ( <1%) overhead. 

Virtual space:
  Non-class space:       94.00 MB reserved,      93.67 MB (>99%) committed 
      Class space:        1.00 GB reserved,      14.41 MB (  1%) committed 
             Both:        1.09 GB reserved,     108.08 MB ( 10%) committed 

Chunk freelists:
   Non-Class:  38.00 KB
       Class:  0 bytes
        Both:  38.00 KB

MaxMetaspaceSize: 17179869184.00 GB
CompressedClassSpaceSize: 1.00 GB
Initial GC threshold: 20.80 MB
Current GC threshold: 179.30 MB
CDS: off

CodeHeap 'non-profiled nmethods': size=120064Kb used=6750Kb max_used=6750Kb free=113313Kb
 bounds [0x0000020087ac0000, 0x0000020088160000, 0x000002008f000000]
CodeHeap 'profiled nmethods': size=120000Kb used=26446Kb max_used=26446Kb free=93553Kb
 bounds [0x0000020080590000, 0x0000020081f70000, 0x0000020087ac0000]
CodeHeap 'non-nmethods': size=5696Kb used=2436Kb max_used=2474Kb free=3259Kb
 bounds [0x0000020080000000, 0x0000020080280000, 0x0000020080590000]
 total_blobs=13114 nmethods=12142 adapters=884
 compilation: enabled
              stopped_count=0, restarted_count=0
 full_count=0

Compilation events (20 events):
Event: 27.687 Thread 0x00000200fbf2d000 nmethod 12239 0x0000020081f5b010 code [0x0000020081f5b1e0, 0x0000020081f5b488]
Event: 27.687 Thread 0x00000200fbf2d000 12240       3       org.gradle.api.internal.artifacts.transform.TransformationResult$Builder::build (38 bytes)
Event: 27.688 Thread 0x00000200fbf20800 12241       4       sun.nio.fs.WindowsFileAttributes::isDirectory (25 bytes)
Event: 27.688 Thread 0x00000200fbf2d000 nmethod 12240 0x0000020081f5b590 code [0x0000020081f5b820, 0x0000020081f5c588]
Event: 27.688 Thread 0x00000200fbf20800 nmethod 12241 0x0000020088156f90 code [0x0000020088157120, 0x00000200881571b8]
Event: 27.690 Thread 0x00000200fbf2d000 12243       3       org.gradle.internal.execution.steps.ValidateStep::execute (238 bytes)
Event: 27.690 Thread 0x00000200fbf20800 12248       4       java.io.BufferedReader::readLine (6 bytes)
Event: 27.691 Thread 0x00000200fbf20800 nmethod 12248 0x0000020088157290 code [0x0000020088157420, 0x00000200881574a8]
Event: 27.694 Thread 0x00000200fbf20800 12249       4       java.util.stream.Sink$ChainedReference::cancellationRequested (10 bytes)
Event: 27.694 Thread 0x00000200fbf20800 nmethod 12249 0x0000020088157590 code [0x0000020088157720, 0x00000200881577b8]
Event: 27.695 Thread 0x00000200fbf2d000 nmethod 12243 0x0000020081f5ca10 code [0x0000020081f5d160, 0x0000020081f61158]
Event: 27.695 Thread 0x00000200fbf2d000 12244       3       org.gradle.internal.execution.steps.ResolveCachingStateStep$$Lambda$1059/0x0000000100d48c40::accept (16 bytes)
Event: 27.696 Thread 0x00000200fbf2d000 nmethod 12244 0x0000020081f62810 code [0x0000020081f629e0, 0x0000020081f62ca8]
Event: 27.696 Thread 0x00000200fbf2d000 12245       3       org.gradle.internal.execution.UnitOfWork::markLegacySnapshottingInputsFinished (1 bytes)
Event: 27.696 Thread 0x00000200fbf2d000 nmethod 12245 0x0000020081f62e10 code [0x0000020081f62fc0, 0x0000020081f630b8]
Event: 27.696 Thread 0x00000200fbf2d000 12246       3       org.gradle.internal.execution.steps.ResolveChangesStep::execute (10 bytes)
Event: 27.696 Thread 0x00000200fbf2d000 nmethod 12246 0x0000020081f63190 code [0x0000020081f63360, 0x0000020081f635a8]
Event: 27.696 Thread 0x00000200fbf2d000 12247       3       org.gradle.internal.execution.history.changes.AbstractFingerprintChanges$1::<init> (15 bytes)
Event: 27.696 Thread 0x00000200fbf2d000 nmethod 12247 0x0000020081f63690 code [0x0000020081f63840, 0x0000020081f63a58]
Event: 27.696 Thread 0x00000200fbf2d000 12250       3       org.gradle.internal.execution.steps.ValidateStep::validateImplementations (93 bytes)

GC Heap History (20 events):
Event: 15.945 GC heap after
{Heap after GC invocations=25 (full 0):
 garbage-first heap   total 189440K, used 107308K [0x0000000080000000, 0x0000000100000000)
  region size 1024K, 2 young (2048K), 2 survivors (2048K)
 Metaspace       used 68462K, capacity 70332K, committed 70480K, reserved 1110016K
  class space    used 8671K, capacity 9344K, committed 9376K, reserved 1048576K
}
Event: 16.513 GC heap before
{Heap before GC invocations=26 (full 0):
 garbage-first heap   total 189440K, used 146220K [0x0000000080000000, 0x0000000100000000)
  region size 1024K, 39 young (39936K), 2 survivors (2048K)
 Metaspace       used 69543K, capacity 71385K, committed 71632K, reserved 1112064K
  class space    used 8839K, capacity 9496K, committed 9504K, reserved 1048576K
}
Event: 16.523 GC heap after
{Heap after GC invocations=27 (full 0):
 garbage-first heap   total 227328K, used 108757K [0x0000000080000000, 0x0000000100000000)
  region size 1024K, 4 young (4096K), 4 survivors (4096K)
 Metaspace       used 69543K, capacity 71385K, committed 71632K, reserved 1112064K
  class space    used 8839K, capacity 9496K, committed 9504K, reserved 1048576K
}
Event: 17.117 GC heap before
{Heap before GC invocations=27 (full 0):
 garbage-first heap   total 227328K, used 162005K [0x0000000080000000, 0x0000000100000000)
  region size 1024K, 56 young (57344K), 4 survivors (4096K)
 Metaspace       used 71700K, capacity 73638K, committed 73808K, reserved 1114112K
  class space    used 9110K, capacity 9820K, committed 9888K, reserved 1048576K
}
Event: 17.133 GC heap after
{Heap after GC invocations=28 (full 0):
 garbage-first heap   total 227328K, used 112428K [0x0000000080000000, 0x0000000100000000)
  region size 1024K, 7 young (7168K), 7 survivors (7168K)
 Metaspace       used 71700K, capacity 73638K, committed 73808K, reserved 1114112K
  class space    used 9110K, capacity 9820K, committed 9888K, reserved 1048576K
}
Event: 18.081 GC heap before
{Heap before GC invocations=29 (full 0):
 garbage-first heap   total 227328K, used 167724K [0x0000000080000000, 0x0000000100000000)
  region size 1024K, 61 young (62464K), 7 survivors (7168K)
 Metaspace       used 75958K, capacity 77966K, committed 78160K, reserved 1116160K
  class space    used 9849K, capacity 10588K, committed 10656K, reserved 1048576K
}
Event: 18.105 GC heap after
{Heap after GC invocations=30 (full 0):
 garbage-first heap   total 227328K, used 116393K [0x0000000080000000, 0x0000000100000000)
  region size 1024K, 8 young (8192K), 8 survivors (8192K)
 Metaspace       used 75958K, capacity 77966K, committed 78160K, reserved 1116160K
  class space    used 9849K, capacity 10588K, committed 10656K, reserved 1048576K
}
Event: 18.652 GC heap before
{Heap before GC invocations=30 (full 0):
 garbage-first heap   total 227328K, used 151209K [0x0000000080000000, 0x0000000100000000)
  region size 1024K, 43 young (44032K), 8 survivors (8192K)
 Metaspace       used 78920K, capacity 80827K, committed 80976K, reserved 1120256K
  class space    used 10137K, capacity 10813K, committed 10912K, reserved 1048576K
}
Event: 18.671 GC heap after
{Heap after GC invocations=31 (full 0):
 garbage-first heap   total 227328K, used 120831K [0x0000000080000000, 0x0000000100000000)
  region size 1024K, 8 young (8192K), 8 survivors (8192K)
 Metaspace       used 78920K, capacity 80827K, committed 80976K, reserved 1120256K
  class space    used 10137K, capacity 10813K, committed 10912K, reserved 1048576K
}
Event: 19.602 GC heap before
{Heap before GC invocations=32 (full 0):
 garbage-first heap   total 227328K, used 177151K [0x0000000080000000, 0x0000000100000000)
  region size 1024K, 62 young (63488K), 8 survivors (8192K)
 Metaspace       used 81730K, capacity 83863K, committed 84048K, reserved 1122304K
  class space    used 10535K, capacity 11300K, committed 11424K, reserved 1048576K
}
Event: 19.627 GC heap after
{Heap after GC invocations=33 (full 0):
 garbage-first heap   total 273408K, used 125126K [0x0000000080000000, 0x0000000100000000)
  region size 1024K, 4 young (4096K), 4 survivors (4096K)
 Metaspace       used 81730K, capacity 83863K, committed 84048K, reserved 1122304K
  class space    used 10535K, capacity 11300K, committed 11424K, reserved 1048576K
}
Event: 20.496 GC heap before
{Heap before GC invocations=33 (full 0):
 garbage-first heap   total 273408K, used 198854K [0x0000000080000000, 0x0000000100000000)
  region size 1024K, 76 young (77824K), 4 survivors (4096K)
 Metaspace       used 85626K, capacity 87970K, committed 88272K, reserved 1126400K
  class space    used 11090K, capacity 11945K, committed 12064K, reserved 1048576K
}
Event: 20.506 GC heap after
{Heap after GC invocations=34 (full 0):
 garbage-first heap   total 273408K, used 126988K [0x0000000080000000, 0x0000000100000000)
  region size 1024K, 6 young (6144K), 6 survivors (6144K)
 Metaspace       used 85626K, capacity 87970K, committed 88272K, reserved 1126400K
  class space    used 11090K, capacity 11945K, committed 12064K, reserved 1048576K
}
Event: 21.722 GC heap before
{Heap before GC invocations=34 (full 0):
 garbage-first heap   total 273408K, used 220172K [0x0000000080000000, 0x0000000100000000)
  region size 1024K, 97 young (99328K), 6 survivors (6144K)
 Metaspace       used 90757K, capacity 93064K, committed 93264K, reserved 1130496K
  class space    used 11747K, capacity 12584K, committed 12704K, reserved 1048576K
}
Event: 21.741 GC heap after
{Heap after GC invocations=35 (full 0):
 garbage-first heap   total 273408K, used 132584K [0x0000000080000000, 0x0000000100000000)
  region size 1024K, 11 young (11264K), 11 survivors (11264K)
 Metaspace       used 90757K, capacity 93064K, committed 93264K, reserved 1130496K
  class space    used 11747K, capacity 12584K, committed 12704K, reserved 1048576K
}
Event: 23.136 GC heap before
{Heap before GC invocations=35 (full 0):
 garbage-first heap   total 273408K, used 219624K [0x0000000080000000, 0x0000000100000000)
  region size 1024K, 96 young (98304K), 11 survivors (11264K)
 Metaspace       used 100756K, capacity 103256K, committed 103504K, reserved 1138688K
  class space    used 12982K, capacity 13873K, committed 13984K, reserved 1048576K
}
Event: 23.161 GC heap after
{Heap after GC invocations=36 (full 0):
 garbage-first heap   total 273408K, used 136809K [0x0000000080000000, 0x0000000100000000)
  region size 1024K, 10 young (10240K), 10 survivors (10240K)
 Metaspace       used 100756K, capacity 103256K, committed 103504K, reserved 1138688K
  class space    used 12982K, capacity 13873K, committed 13984K, reserved 1048576K
}
Event: 26.430 GC heap before
{Heap before GC invocations=36 (full 0):
 garbage-first heap   total 273408K, used 222825K [0x0000000080000000, 0x0000000100000000)
  region size 1024K, 95 young (97280K), 10 survivors (10240K)
 Metaspace       used 107113K, capacity 109762K, committed 109904K, reserved 1144832K
  class space    used 13724K, capacity 14686K, committed 14752K, reserved 1048576K
}
Event: 26.463 GC heap after
{Heap after GC invocations=37 (full 0):
 garbage-first heap   total 273408K, used 144719K [0x0000000080000000, 0x0000000100000000)
  region size 1024K, 12 young (12288K), 12 survivors (12288K)
 Metaspace       used 107113K, capacity 109762K, committed 109904K, reserved 1144832K
  class space    used 13724K, capacity 14686K, committed 14752K, reserved 1048576K
}
Event: 27.697 GC heap before
{Heap before GC invocations=38 (full 0):
 garbage-first heap   total 273408K, used 222543K [0x0000000080000000, 0x0000000100000000)
  region size 1024K, 89 young (91136K), 12 survivors (12288K)
 Metaspace       used 107937K, capacity 110543K, committed 110672K, reserved 1144832K
  class space    used 13768K, capacity 14725K, committed 14752K, reserved 1048576K
}

Deoptimization events (20 events):
Event: 27.347 Thread 0x00000200fdb29800 DEOPT PACKING pc=0x0000020088028000 sp=0x000000dd2f9f9ec0
Event: 27.347 Thread 0x00000200fdb29800 DEOPT UNPACKING pc=0x000002008004a1af sp=0x000000dd2f9f9e68 mode 2
Event: 27.650 Thread 0x00000200fdb29800 Uncommon trap: trap_request=0xffffffc6 fr.pc=0x0000020087f39338 relative=0x0000000000000058
Event: 27.650 Thread 0x00000200fdb29800 Uncommon trap: reason=bimorphic_or_optimized_type_check action=maybe_recompile pc=0x0000020087f39338 method=com.google.common.collect.ImmutableList.copyOf(Ljava/util/Collection;)Lcom/google/common/collect/ImmutableList; @ 11 c2
Event: 27.650 Thread 0x00000200fdb29800 DEOPT PACKING pc=0x0000020087f39338 sp=0x000000dd2f9f9990
Event: 27.650 Thread 0x00000200fdb29800 DEOPT UNPACKING pc=0x000002008004a1af sp=0x000000dd2f9f9958 mode 2
Event: 27.687 Thread 0x000002009129e000 DEOPT PACKING pc=0x0000020081c4dc77 sp=0x000000dd32cfde20
Event: 27.687 Thread 0x000002009129e000 DEOPT UNPACKING pc=0x000002008004a95e sp=0x000000dd32cfd320 mode 0
Event: 27.689 Thread 0x000002009129e800 Uncommon trap: trap_request=0xffffffde fr.pc=0x000002008814942c relative=0x000000000000026c
Event: 27.689 Thread 0x000002009129e800 Uncommon trap: reason=class_check action=maybe_recompile pc=0x000002008814942c method=java.util.concurrent.ConcurrentHashMap.get(Ljava/lang/Object;)Ljava/lang/Object; @ 93 c2
Event: 27.689 Thread 0x000002009129e800 DEOPT PACKING pc=0x000002008814942c sp=0x000000dd32ffdb50
Event: 27.689 Thread 0x000002009129e800 DEOPT UNPACKING pc=0x000002008004a1af sp=0x000000dd32ffdaa8 mode 2
Event: 27.689 Thread 0x000002009129e000 Uncommon trap: trap_request=0xffffffde fr.pc=0x000002008814942c relative=0x000000000000026c
Event: 27.689 Thread 0x000002009129e000 Uncommon trap: reason=class_check action=maybe_recompile pc=0x000002008814942c method=java.util.concurrent.ConcurrentHashMap.get(Ljava/lang/Object;)Ljava/lang/Object; @ 93 c2
Event: 27.689 Thread 0x000002009129e000 DEOPT PACKING pc=0x000002008814942c sp=0x000000dd32cfe300
Event: 27.689 Thread 0x000002009129e000 DEOPT UNPACKING pc=0x000002008004a1af sp=0x000000dd32cfe258 mode 2
Event: 27.690 Thread 0x00000200fdb29800 Uncommon trap: trap_request=0xffffffde fr.pc=0x000002008814942c relative=0x000000000000026c
Event: 27.690 Thread 0x00000200fdb29800 Uncommon trap: reason=class_check action=maybe_recompile pc=0x000002008814942c method=java.util.concurrent.ConcurrentHashMap.get(Ljava/lang/Object;)Ljava/lang/Object; @ 93 c2
Event: 27.690 Thread 0x00000200fdb29800 DEOPT PACKING pc=0x000002008814942c sp=0x000000dd2f9f84c0
Event: 27.690 Thread 0x00000200fdb29800 DEOPT UNPACKING pc=0x000002008004a1af sp=0x000000dd2f9f8418 mode 2

Classes redefined (0 events):
No events

Internal exceptions (20 events):
Event: 22.077 Thread 0x00000200fdb29800 Exception <a 'sun/nio/fs/WindowsException'{0x000000008ed4f6a0}> (0x000000008ed4f6a0) thrown at [./src/hotspot/share/prims/jni.cpp, line 616]
Event: 22.219 Thread 0x00000200fdb29800 Exception <a 'java/lang/NullPointerException'{0x000000008e48b4c8}> (0x000000008e48b4c8) thrown at [./src/hotspot/share/interpreter/linkResolver.cpp, line 1440]
Event: 22.324 Thread 0x00000200fdb29800 Implicit null exception at 0x0000020087e15ca7 to 0x0000020087e17410
Event: 22.560 Thread 0x00000200fdb29800 Exception <a 'java/lang/NoSuchMethodError'{0x000000008d40ada0}: 'int java.lang.invoke.DirectMethodHandle$Holder.invokeStatic(java.lang.Object, java.lang.Object, int, java.lang.Object)'> (0x000000008d40ada0) thrown at [./src/hotspot/share/interpreter/linkResolver.cpp, line 773]
Event: 22.614 Thread 0x00000200fdb29800 Exception <a 'sun/nio/fs/WindowsException'{0x000000008d324008}> (0x000000008d324008) thrown at [./src/hotspot/share/prims/jni.cpp, line 616]
Event: 22.614 Thread 0x00000200fdb29800 Exception <a 'sun/nio/fs/WindowsException'{0x000000008d325378}> (0x000000008d325378) thrown at [./src/hotspot/share/prims/jni.cpp, line 616]
Event: 22.614 Thread 0x00000200fdb29800 Exception <a 'sun/nio/fs/WindowsException'{0x000000008d326738}> (0x000000008d326738) thrown at [./src/hotspot/share/prims/jni.cpp, line 616]
Event: 22.614 Thread 0x00000200fdb29800 Exception <a 'sun/nio/fs/WindowsException'{0x000000008d327af8}> (0x000000008d327af8) thrown at [./src/hotspot/share/prims/jni.cpp, line 616]
Event: 22.684 Thread 0x00000200fdb29800 Exception <a 'java/lang/NoSuchMethodError'{0x000000008d1ea160}: 'int java.lang.invoke.DirectMethodHandle$Holder.invokeSpecialIFC(java.lang.Object, java.lang.Object, java.lang.Object)'> (0x000000008d1ea160) thrown at [./src/hotspot/share/interpreter/linkResolver.cpp, line 773]
Event: 22.704 Thread 0x00000200fdb29800 Exception <a 'java/lang/NoSuchMethodError'{0x000000008d0d5c10}: 'java.lang.Object java.lang.invoke.Invokers$Holder.linkToTargetMethod(java.lang.Object, java.lang.Object, java.lang.Object, int, java.lang.Object, java.lang.Object)'> (0x000000008d0d5c10) thrown at [./src/hotspot/share/interpreter/linkResolver.cpp, line 773]
Event: 22.751 Thread 0x00000200fdb29800 Exception <a 'java/lang/NoSuchMethodError'{0x000000008ceee290}: 'void java.lang.invoke.DirectMethodHandle$Holder.invokeStatic(java.lang.Object, java.lang.Object, java.lang.Object, java.lang.Object, int, java.lang.Object, java.lang.Object)'> (0x000000008ceee290) thrown at [./src/hotspot/share/interpreter/linkResolver.cpp, line 773]
Event: 22.768 Thread 0x00000200fdb29800 Exception <a 'java/lang/IncompatibleClassChangeError'{0x000000008cc9e578}: Found class java.lang.Object, but interface was expected> (0x000000008cc9e578) thrown at [./src/hotspot/share/interpreter/linkResolver.cpp, line 839]
Event: 22.777 Thread 0x000002008f385800 Implicit null exception at 0x0000020087fc10fd to 0x0000020087fc180c
Event: 22.799 Thread 0x000002008f385800 Exception <a 'java/lang/IncompatibleClassChangeError'{0x000000008c90f0d0}: Found class java.lang.Object, but interface was expected> (0x000000008c90f0d0) thrown at [./src/hotspot/share/interpreter/linkResolver.cpp, line 839]
Event: 22.816 Thread 0x000002008f385800 Exception <a 'java/lang/NoSuchMethodError'{0x000000008c8cdca0}: 'int java.lang.invoke.DirectMethodHandle$Holder.invokeStaticInit(java.lang.Object, java.lang.Object, java.lang.Object, java.lang.Object, java.lang.Object)'> (0x000000008c8cdca0) thrown at [./src/hotspot/share/interpreter/linkResolver.cpp, line 773]
Event: 23.168 Thread 0x00000200fdb29800 Implicit null exception at 0x0000020087e08674 to 0x0000020087e08c6c
Event: 23.263 Thread 0x00000200fdb29800 Exception <a 'sun/nio/fs/WindowsException'{0x00000000906b04a8}> (0x00000000906b04a8) thrown at [./src/hotspot/share/prims/jni.cpp, line 616]
Event: 25.966 Thread 0x000002008f385000 Implicit null exception at 0x000002008802f8fe to 0x000002008802fff0
Event: 25.975 Thread 0x0000020091392000 Exception <a 'java/lang/NoSuchMethodError'{0x000000008cfb3160}: 'java.lang.Object java.lang.invoke.DirectMethodHandle$Holder.invokeSpecialIFC(java.lang.Object, java.lang.Object, java.lang.Object)'> (0x000000008cfb3160) thrown at [./src/hotspot/share/interpreter/linkResolver.cpp, line 773]
Event: 26.048 Thread 0x00000200fdb29800 Exception <a 'java/lang/NoSuchMethodError'{0x000000008cf69dd0}: 'void java.lang.invoke.DirectMethodHandle$Holder.invokeVirtual(java.lang.Object, java.lang.Object)'> (0x000000008cf69dd0) thrown at [./src/hotspot/share/interpreter/linkResolver.cpp, line 773]

Events (20 events):
Event: 27.562 loading class org/gradle/api/internal/project/ProjectState done
Event: 27.562 loading class org/gradle/api/internal/project/ProjectInternal
Event: 27.562 loading class org/gradle/api/internal/project/ProjectInternal done
Event: 27.562 loading class org/gradle/api/internal/artifacts/ivyservice/projectmodule/DefaultProjectLocalComponentProvider
Event: 27.562 loading class org/gradle/api/internal/artifacts/ivyservice/projectmodule/DefaultProjectLocalComponentProvider done
Event: 27.566 loading class org/gradle/internal/component/model/DefaultSelectedByVariantMatchingLocalConfigurationMetadata
Event: 27.566 loading class org/gradle/internal/component/model/DefaultSelectedByVariantMatchingLocalConfigurationMetadata done
Event: 27.610 Executing VM operation: ICBufferFull
Event: 27.611 Executing VM operation: ICBufferFull done
Event: 27.617 loading class org/gradle/internal/component/model/VariantWithOverloadAttributes
Event: 27.617 loading class org/gradle/internal/component/model/VariantWithOverloadAttributes done
Event: 27.619 loading class org/gradle/internal/component/model/VariantResolveMetadata
Event: 27.619 loading class org/gradle/internal/component/model/VariantResolveMetadata done
Event: 27.619 loading class org/gradle/internal/component/model/VariantResolveMetadata$Identifier
Event: 27.619 loading class org/gradle/internal/component/model/VariantResolveMetadata$Identifier done
Event: 27.619 loading class org/gradle/api/internal/artifacts/ivyservice/projectmodule/ProjectArtifactSetResolver
Event: 27.619 loading class org/gradle/api/internal/artifacts/ivyservice/projectmodule/ProjectArtifactSetResolver done
Event: 27.620 loading class org/gradle/api/internal/artifacts/ivyservice/resolveengine/artifact/DefaultArtifactSet$MultipleVariantArtifactSet
Event: 27.620 loading class org/gradle/api/internal/artifacts/ivyservice/resolveengine/artifact/DefaultArtifactSet$MultipleVariantArtifactSet done
Event: 27.697 Executing VM operation: G1CollectForAllocation


Dynamic libraries:
0x00007ff6b47b0000 - 0x00007ff6b47ba000 	C:\Program Files\Android\Android Studio\jre\bin\java.exe
0x00007fff94370000 - 0x00007fff94568000 	C:\Windows\SYSTEM32\ntdll.dll
0x00007fff92fd0000 - 0x00007fff9308f000 	C:\Windows\System32\KERNEL32.DLL
0x00007fff92040000 - 0x00007fff92336000 	C:\Windows\System32\KERNELBASE.dll
0x00007fff91e70000 - 0x00007fff91f70000 	C:\Windows\System32\ucrtbase.dll
0x00007fff8bc20000 - 0x00007fff8bc37000 	C:\Program Files\Android\Android Studio\jre\bin\VCRUNTIME140.dll
0x00007fff8b4d0000 - 0x00007fff8b4e9000 	C:\Program Files\Android\Android Studio\jre\bin\jli.dll
0x00007fff933b0000 - 0x00007fff9354d000 	C:\Windows\System32\USER32.dll
0x00007fff91c90000 - 0x00007fff91cb2000 	C:\Windows\System32\win32u.dll
0x00007fff7ea10000 - 0x00007fff7ecaa000 	C:\Windows\WinSxS\amd64_microsoft.windows.common-controls_6595b64144ccf1df_6.0.19041.1110_none_60b5254171f9507e\COMCTL32.dll
0x00007fff93720000 - 0x00007fff9374c000 	C:\Windows\System32\GDI32.dll
0x00007fff91b00000 - 0x00007fff91c15000 	C:\Windows\System32\gdi32full.dll
0x00007fff92b70000 - 0x00007fff92c0e000 	C:\Windows\System32\msvcrt.dll
0x00007fff91fa0000 - 0x00007fff9203d000 	C:\Windows\System32\msvcp_win.dll
0x00007fff92620000 - 0x00007fff92650000 	C:\Windows\System32\IMM32.DLL
0x00007fff73710000 - 0x00007fff737ad000 	C:\Program Files\Android\Android Studio\jre\bin\msvcp140.dll
0x00007fff4c860000 - 0x00007fff4d362000 	C:\Program Files\Android\Android Studio\jre\bin\server\jvm.dll
0x00007fff92ac0000 - 0x00007fff92b6f000 	C:\Windows\System32\ADVAPI32.dll
0x00007fff94290000 - 0x00007fff9432c000 	C:\Windows\System32\sechost.dll
0x00007fff93570000 - 0x00007fff93696000 	C:\Windows\System32\RPCRT4.dll
0x00007fff925b0000 - 0x00007fff925b8000 	C:\Windows\System32\PSAPI.DLL
0x00007fff8b4a0000 - 0x00007fff8b4a9000 	C:\Windows\SYSTEM32\WSOCK32.dll
0x00007fff7f2e0000 - 0x00007fff7f2ea000 	C:\Windows\SYSTEM32\VERSION.dll
0x00007fff7d490000 - 0x00007fff7d4b7000 	C:\Windows\SYSTEM32\WINMM.dll
0x00007fff93140000 - 0x00007fff931ab000 	C:\Windows\System32\WS2_32.dll
0x00007fff8f8f0000 - 0x00007fff8f902000 	C:\Windows\SYSTEM32\kernel.appcore.dll
0x00007fff8b480000 - 0x00007fff8b491000 	C:\Program Files\Android\Android Studio\jre\bin\verify.dll
0x00007fff7e630000 - 0x00007fff7e814000 	C:\Windows\SYSTEM32\DBGHELP.DLL
0x00007fff7e5f0000 - 0x00007fff7e624000 	C:\Windows\SYSTEM32\dbgcore.DLL
0x00007fff92340000 - 0x00007fff923c2000 	C:\Windows\System32\bcryptPrimitives.dll
0x00007fff8b450000 - 0x00007fff8b479000 	C:\Program Files\Android\Android Studio\jre\bin\java.dll
0x00007fff8b440000 - 0x00007fff8b44b000 	C:\Program Files\Android\Android Studio\jre\bin\jimage.dll
0x00007fff8b420000 - 0x00007fff8b438000 	C:\Program Files\Android\Android Studio\jre\bin\zip.dll
0x00007fff93ae0000 - 0x00007fff94224000 	C:\Windows\System32\SHELL32.dll
0x00007fff8faf0000 - 0x00007fff90283000 	C:\Windows\SYSTEM32\windows.storage.dll
0x00007fff92c10000 - 0x00007fff92f64000 	C:\Windows\System32\combase.dll
0x00007fff91490000 - 0x00007fff914be000 	C:\Windows\SYSTEM32\Wldp.dll
0x00007fff923d0000 - 0x00007fff9247d000 	C:\Windows\System32\SHCORE.dll
0x00007fff925c0000 - 0x00007fff92615000 	C:\Windows\System32\shlwapi.dll
0x00007fff91980000 - 0x00007fff919a5000 	C:\Windows\SYSTEM32\profapi.dll
0x00007fff8b400000 - 0x00007fff8b41a000 	C:\Program Files\Android\Android Studio\jre\bin\net.dll
0x00007fff864c0000 - 0x00007fff865ca000 	C:\Windows\SYSTEM32\WINHTTP.dll
0x00007fff911f0000 - 0x00007fff9125a000 	C:\Windows\system32\mswsock.dll
0x00007fff8b3e0000 - 0x00007fff8b3f4000 	C:\Program Files\Android\Android Studio\jre\bin\nio.dll
0x00007fff843d0000 - 0x00007fff843f7000 	C:\Users\hp\.gradle\native\e1d6ef7f7dcc3fd88c89a11ec53ec762bb8ba0a96d01ffa2cd45eb1d1d8dd5c5\windows-amd64\native-platform.dll
0x00007fff5fc40000 - 0x00007fff5fd84000 	C:\Users\hp\.gradle\native\0d407fdbe67a94daf76414ababcb853783967236a71b16ec16e742cd7a986fd3\windows-amd64\native-platform-file-events.dll
0x00007fff8b3d0000 - 0x00007fff8b3da000 	C:\Program Files\Android\Android Studio\jre\bin\management.dll
0x00007fff8b3c0000 - 0x00007fff8b3cd000 	C:\Program Files\Android\Android Studio\jre\bin\management_ext.dll
0x00007fff913e0000 - 0x00007fff913f8000 	C:\Windows\SYSTEM32\CRYPTSP.dll
0x00007fff90a90000 - 0x00007fff90ac4000 	C:\Windows\system32\rsaenh.dll
0x00007fff91f70000 - 0x00007fff91f97000 	C:\Windows\System32\bcrypt.dll
0x00007fff91900000 - 0x00007fff9192e000 	C:\Windows\SYSTEM32\USERENV.dll
0x00007fff91400000 - 0x00007fff9140c000 	C:\Windows\SYSTEM32\CRYPTBASE.dll
0x00007fff90e90000 - 0x00007fff90ecb000 	C:\Windows\SYSTEM32\IPHLPAPI.DLL
0x00007fff93130000 - 0x00007fff93138000 	C:\Windows\System32\NSI.dll
0x00007fff88230000 - 0x00007fff88247000 	C:\Windows\SYSTEM32\dhcpcsvc6.DLL
0x00007fff881d0000 - 0x00007fff881ed000 	C:\Windows\SYSTEM32\dhcpcsvc.DLL
0x00007fff90ee0000 - 0x00007fff90faa000 	C:\Windows\SYSTEM32\DNSAPI.dll
0x00007fff7db80000 - 0x00007fff7dba7000 	C:\Program Files\Android\Android Studio\jre\bin\sunec.dll
0x00007fff893c0000 - 0x00007fff893ca000 	C:\Windows\System32\rasadhlp.dll
0x00007fff83fd0000 - 0x00007fff84052000 	C:\Windows\System32\fwpuclnt.dll

dbghelp: loaded successfully - version: 4.0.5 - missing functions: none
symbol engine: initialized successfully - sym options: 0x614 - pdb path: .;C:\Program Files\Android\Android Studio\jre\bin;C:\Windows\SYSTEM32;C:\Windows\WinSxS\amd64_microsoft.windows.common-controls_6595b64144ccf1df_6.0.19041.1110_none_60b5254171f9507e;C:\Program Files\Android\Android Studio\jre\bin\server;C:\Users\hp\.gradle\native\e1d6ef7f7dcc3fd88c89a11ec53ec762bb8ba0a96d01ffa2cd45eb1d1d8dd5c5\windows-amd64;C:\Users\hp\.gradle\native\0d407fdbe67a94daf76414ababcb853783967236a71b16ec16e742cd7a986fd3\windows-amd64

VM Arguments:
jvm_args: --add-opens=java.base/java.util=ALL-UNNAMED --add-opens=java.base/java.lang=ALL-UNNAMED --add-opens=java.base/java.lang.invoke=ALL-UNNAMED --add-opens=java.base/java.util=ALL-UNNAMED --add-opens=java.prefs/java.util.prefs=ALL-UNNAMED --add-opens=java.prefs/java.util.prefs=ALL-UNNAMED --add-opens=java.base/java.nio.charset=ALL-UNNAMED --add-opens=java.base/java.net=ALL-UNNAMED --add-opens=java.base/java.util.concurrent.atomic=ALL-UNNAMED -Xmx2048m -Dfile.encoding=UTF-8 -Duser.country=US -Duser.language=en -Duser.variant 
java_command: org.gradle.launcher.daemon.bootstrap.GradleDaemon 7.5
java_class_path (initial): C:\Users\hp\.gradle\wrapper\dists\gradle-7.5-bin\f1w0cc9nuo0eivz97x2xlu9sv\gradle-7.5\lib\gradle-launcher-7.5.jar
Launcher Type: SUN_STANDARD

[Global flags]
     intx CICompilerCount                          = 3                                         {product} {ergonomic}
     uint ConcGCThreads                            = 1                                         {product} {ergonomic}
     uint G1ConcRefinementThreads                  = 4                                         {product} {ergonomic}
   size_t G1HeapRegionSize                         = 1048576                                   {product} {ergonomic}
    uintx GCDrainStackTargetSize                   = 64                                        {product} {ergonomic}
   size_t InitialHeapSize                          = 134217728                                 {product} {ergonomic}
   size_t MarkStackSize                            = 4194304                                   {product} {ergonomic}
   size_t MaxHeapSize                              = 2147483648                                {product} {command line}
   size_t MaxNewSize                               = 1287651328                                {product} {ergonomic}
   size_t MinHeapDeltaBytes                        = 1048576                                   {product} {ergonomic}
    uintx NonNMethodCodeHeapSize                   = 5830732                                {pd product} {ergonomic}
    uintx NonProfiledCodeHeapSize                  = 122913754                              {pd product} {ergonomic}
    uintx ProfiledCodeHeapSize                     = 122913754                              {pd product} {ergonomic}
    uintx ReservedCodeCacheSize                    = 251658240                              {pd product} {ergonomic}
     bool SegmentedCodeCache                       = true                                      {product} {ergonomic}
     bool UseCompressedClassPointers               = true                                 {lp64_product} {ergonomic}
     bool UseCompressedOops                        = true                                 {lp64_product} {ergonomic}
     bool UseG1GC                                  = true                                      {product} {ergonomic}
     bool UseLargePagesIndividualAllocation        = false                                  {pd product} {ergonomic}

Logging:
Log output configuration:
 #0: stdout all=warning uptime,level,tags
 #1: stderr all=off uptime,level,tags

Environment Variables:
PATH=C:\Program Files (x86)\VMware\VMware Workstation\bin\;C:\Program Files (x86)\NVIDIA Corporation\PhysX\Common;C:\Windows\system32;C:\Windows;C:\Windows\System32\Wbem;C:\Windows\System32\WindowsPowerShell\v1.0\;C:\Windows\System32\OpenSSH\;C:\Users\hp\Documents\Java\jdk1.8.0_111\bin;c:\Program Files (x86)\Microsoft SQL Server\90\Tools\binn\;C:\Program Files\dotnet\;C:\Program Files\Microsoft SQL Server\150\Tools\Binn\;C:\Program Files\Microsoft SQL Server\Client SDK\ODBC\170\Tools\Binn\;C:\Program Files\Git\cmd;C:\Program Files\nodejs\;C:\ProgramData\chocolatey\bin;C:\Users\hp\AppData\Local\Programs\Python\Python310\Scripts\;C:\Users\hp\AppData\Local\Programs\Python\Python310\;C:\Users\hp\AppData\Local\Programs\Python\Launcher\;C:\Users\hp\AppData\Local\Microsoft\WindowsApps;C:\Program Files\Java\jdk1.8.0_111\bin;;C:\Program Files\JetBrains\PyCharm Community Edition 2022.3.1\bin;;C:\Users\hp\.dotnet\tools;C:\Users\hp\AppData\Roaming\npm;C:\Users\hp\AppData\Local\Programs\Microsoft VS Code\bin
USERNAME=hp
OS=Windows_NT
PROCESSOR_IDENTIFIER=Intel64 Family 6 Model 69 Stepping 1, GenuineIntel



---------------  S Y S T E M  ---------------

OS: Windows 10 , 64 bit Build 19041 (10.0.19041.3155)
OS uptime: 0 days 10:17 hours

CPU:total 4 (initial active 4) (2 cores per cpu, 2 threads per core) family 6 model 69 stepping 1 microcode 0x25, cmov, cx8, fxsr, mmx, sse, sse2, sse3, ssse3, sse4.1, sse4.2, popcnt, avx, avx2, aes, clmul, erms, lzcnt, ht, tsc, tscinvbit, bmi1, bmi2, fma

Memory: 4k page, system-wide physical 8089M (489M free)
TotalPageFile size 10949M (AvailPageFile size 55M)
current process WorkingSet (physical memory assigned to process): 545M, peak: 560M
current process commit charge ("private bytes"): 573M, peak: 627M

vm_info: OpenJDK 64-Bit Server VM (11.0.13+0-b1751.21-8125866) for windows-amd64 JRE (11.0.13+0-b1751.21-8125866), built on Feb  2 2022 03:00:22 by "builder" with MS VC++ 14.0 (VS2015)

END.
