#
# There is insufficient memory for the Java Runtime Environment to continue.
# Native memory allocation (malloc) failed to allocate 629296 bytes for Chunk::new
# Possible reasons:
#   The system is out of physical RAM or swap space
#   The process is running with CompressedOops enabled, and the Java Heap may be blocking the growth of the native heap
# Possible solutions:
#   Reduce memory load on the system
#   Increase physical memory or swap space
#   Check if swap backing store is full
#   Decrease Java heap size (-Xmx/-Xms)
#   Decrease number of Java threads
#   Decrease Java thread stack sizes (-Xss)
#   Set larger code cache with -XX:ReservedCodeCacheSize=
#   JVM is running with Unscaled Compressed Oops mode in which the Java heap is
#     placed in the first 4GB address space. The Java Heap base address is the
#     maximum limit for the native heap growth. Please use -XX:HeapBaseMinAddress
#     to set the Java Heap base and to place the Java Heap above 4GB virtual address.
# This output file may be truncated or incomplete.
#
#  Out of Memory Error (./src/hotspot/share/memory/arena.cpp:197), pid=12212, tid=8124
#
# JRE version: OpenJDK Runtime Environment (11.0.13) (build 11.0.13+0-b1751.21-8125866)
# Java VM: OpenJDK 64-Bit Server VM (11.0.13+0-b1751.21-8125866, mixed mode, tiered, compressed oops, g1 gc, windows-amd64)
# No core dump will be written. Minidumps are not enabled by default on client versions of Windows
#

---------------  S U M M A R Y ------------

Command Line: --add-opens=java.base/java.util=ALL-UNNAMED --add-opens=java.base/java.lang=ALL-UNNAMED --add-opens=java.base/java.lang.invoke=ALL-UNNAMED --add-opens=java.base/java.util=ALL-UNNAMED --add-opens=java.prefs/java.util.prefs=ALL-UNNAMED --add-opens=java.prefs/java.util.prefs=ALL-UNNAMED --add-opens=java.base/java.nio.charset=ALL-UNNAMED --add-opens=java.base/java.net=ALL-UNNAMED --add-opens=java.base/java.util.concurrent.atomic=ALL-UNNAMED -Xmx2048m -Dfile.encoding=UTF-8 -Duser.country=US -Duser.language=en -Duser.variant org.gradle.launcher.daemon.bootstrap.GradleDaemon 7.4

Host: Intel(R) Core(TM) i5-4300U CPU @ 1.90GHz, 4 cores, 7G,  Windows 10 , 64 bit Build 19041 (10.0.19041.3155)
Time: Tue Aug 15 08:41:53 2023 E. Africa Standard Time elapsed time: 17.902919 seconds (0d 0h 0m 17s)

---------------  T H R E A D  ---------------

Current thread (0x000001ded35f2000):  JavaThread "C2 CompilerThread0" daemon [_thread_in_native, id=8124, stack(0x0000001231500000,0x0000001231600000)]


Current CompileTask:
C2:  17903 2818       4       java.util.AbstractCollection::addAll (42 bytes)

Stack: [0x0000001231500000,0x0000001231600000]
Native frames: (J=compiled Java code, j=interpreted, Vv=VM code, C=native code)
V  [jvm.dll+0x6100fa]
V  [jvm.dll+0x747090]
V  [jvm.dll+0x7486ad]
V  [jvm.dll+0x748d83]
V  [jvm.dll+0x24ab48]
V  [jvm.dll+0xc04dc]
V  [jvm.dll+0xc0a0c]
V  [jvm.dll+0x2bfab4]
V  [jvm.dll+0x524238]
V  [jvm.dll+0x2045ac]
V  [jvm.dll+0x2023c2]
V  [jvm.dll+0x188e01]
V  [jvm.dll+0x21106b]
V  [jvm.dll+0x20f8c1]
V  [jvm.dll+0x70de0f]
V  [jvm.dll+0x706a75]
V  [jvm.dll+0x60ed66]
C  [ucrtbase.dll+0x21bb2]
C  [KERNEL32.DLL+0x17614]
C  [ntdll.dll+0x526b1]


---------------  P R O C E S S  ---------------

Threads class SMR info:
_java_thread_list=0x000001ded5780390, length=31, elements={
0x000001deb99cd800, 0x000001ded35d0800, 0x000001ded35d2000, 0x000001ded35ec000,
0x000001ded35ee000, 0x000001ded35ef000, 0x000001ded35f2000, 0x000001ded35f7000,
0x000001ded3602800, 0x000001ded40ad000, 0x000001ded427b800, 0x000001ded642c000,
0x000001ded5d84000, 0x000001ded67b1800, 0x000001ded5aee000, 0x000001ded54e7800,
0x000001ded5054000, 0x000001ded5ee1000, 0x000001ded5dc6800, 0x000001ded50da000,
0x000001ded4e7b000, 0x000001ded4e78800, 0x000001ded4e79000, 0x000001ded4e7a000,
0x000001ded4e7b800, 0x000001ded4e7c800, 0x000001ded4e7d800, 0x000001ded4e77800,
0x000001ded4e7e000, 0x000001ded495b800, 0x000001ded6541000
}

Java Threads: ( => current thread )
  0x000001deb99cd800 JavaThread "main" [_thread_blocked, id=15284, stack(0x0000001230900000,0x0000001230a00000)]
  0x000001ded35d0800 JavaThread "Reference Handler" daemon [_thread_blocked, id=1108, stack(0x0000001231000000,0x0000001231100000)]
  0x000001ded35d2000 JavaThread "Finalizer" daemon [_thread_blocked, id=7136, stack(0x0000001231100000,0x0000001231200000)]
  0x000001ded35ec000 JavaThread "Signal Dispatcher" daemon [_thread_blocked, id=11712, stack(0x0000001231200000,0x0000001231300000)]
  0x000001ded35ee000 JavaThread "Attach Listener" daemon [_thread_blocked, id=228, stack(0x0000001231300000,0x0000001231400000)]
  0x000001ded35ef000 JavaThread "Service Thread" daemon [_thread_blocked, id=8228, stack(0x0000001231400000,0x0000001231500000)]
=>0x000001ded35f2000 JavaThread "C2 CompilerThread0" daemon [_thread_in_native, id=8124, stack(0x0000001231500000,0x0000001231600000)]
  0x000001ded35f7000 JavaThread "C1 CompilerThread0" daemon [_thread_blocked, id=13724, stack(0x0000001231600000,0x0000001231700000)]
  0x000001ded3602800 JavaThread "Sweeper thread" daemon [_thread_blocked, id=13612, stack(0x0000001231700000,0x0000001231800000)]
  0x000001ded40ad000 JavaThread "Common-Cleaner" daemon [_thread_blocked, id=8676, stack(0x0000001231800000,0x0000001231900000)]
  0x000001ded427b800 JavaThread "Daemon health stats" [_thread_blocked, id=4612, stack(0x0000001231a00000,0x0000001231b00000)]
  0x000001ded642c000 JavaThread "Incoming local TCP Connector on port 6053" [_thread_in_native, id=7580, stack(0x0000001231d00000,0x0000001231e00000)]
  0x000001ded5d84000 JavaThread "Daemon periodic checks" [_thread_blocked, id=12280, stack(0x0000001231e00000,0x0000001231f00000)]
  0x000001ded67b1800 JavaThread "Daemon" [_thread_blocked, id=10192, stack(0x0000001231f00000,0x0000001232000000)]
  0x000001ded5aee000 JavaThread "Handler for socket connection from /127.0.0.1:6053 to /127.0.0.1:6062" [_thread_in_native, id=8028, stack(0x0000001232000000,0x0000001232100000)]
  0x000001ded54e7800 JavaThread "Cancel handler" [_thread_blocked, id=2604, stack(0x0000001232100000,0x0000001232200000)]
  0x000001ded5054000 JavaThread "Daemon worker" [_thread_blocked, id=3092, stack(0x0000001232200000,0x0000001232300000)]
  0x000001ded5ee1000 JavaThread "Asynchronous log dispatcher for DefaultDaemonConnection: socket connection from /127.0.0.1:6053 to /127.0.0.1:6062" [_thread_blocked, id=9628, stack(0x0000001232300000,0x0000001232400000)]
  0x000001ded5dc6800 JavaThread "Stdin handler" [_thread_blocked, id=1044, stack(0x0000001232400000,0x0000001232500000)]
  0x000001ded50da000 JavaThread "Daemon client event forwarder" [_thread_blocked, id=240, stack(0x0000001232500000,0x0000001232600000)]
  0x000001ded4e7b000 JavaThread "Cache worker for journal cache (C:\Users\hp\.gradle\caches\journal-1)" [_thread_blocked, id=8504, stack(0x0000001232700000,0x0000001232800000)]
  0x000001ded4e78800 JavaThread "File lock request listener" [_thread_in_native, id=8636, stack(0x0000001232800000,0x0000001232900000)]
  0x000001ded4e79000 JavaThread "Cache worker for file hash cache (C:\Users\hp\.gradle\caches\7.4\fileHashes)" [_thread_blocked, id=1420, stack(0x0000001232900000,0x0000001232a00000)]
  0x000001ded4e7a000 JavaThread "File watcher server" daemon [_thread_in_native, id=7016, stack(0x0000001232a00000,0x0000001232b00000)]
  0x000001ded4e7b800 JavaThread "File watcher consumer" daemon [_thread_blocked, id=4524, stack(0x0000001232b00000,0x0000001232c00000)]
  0x000001ded4e7c800 JavaThread "Cache worker for checksums cache (C:\Users\hp\Desktop\eCommerceApp\.gradle\7.4\checksums)" [_thread_blocked, id=10508, stack(0x0000001232c00000,0x0000001232d00000)]
  0x000001ded4e7d800 JavaThread "Cache worker for cache directory md-rule (C:\Users\hp\.gradle\caches\7.4\md-rule)" [_thread_blocked, id=2512, stack(0x0000001232d00000,0x0000001232e00000)]
  0x000001ded4e77800 JavaThread "Cache worker for file hash cache (C:\Users\hp\Desktop\eCommerceApp\.gradle\7.4\fileHashes)" [_thread_blocked, id=1928, stack(0x0000001232f00000,0x0000001233000000)]
  0x000001ded4e7e000 JavaThread "Cache worker for cache directory md-supplier (C:\Users\hp\.gradle\caches\7.4\md-supplier)" [_thread_blocked, id=11872, stack(0x0000001232e00000,0x0000001232f00000)]
  0x000001ded495b800 JavaThread "Cache worker for execution history cache (C:\Users\hp\.gradle\caches\7.4\executionHistory)" [_thread_blocked, id=13580, stack(0x0000001233000000,0x0000001233100000)]
  0x000001ded6541000 JavaThread "C2 CompilerThread1" daemon [_thread_in_native, id=15292, stack(0x0000001233100000,0x0000001233200000)]

Other Threads:
  0x000001ded35ce800 VMThread "VM Thread" [stack: 0x0000001230f00000,0x0000001231000000] [id=14612]
  0x000001ded40c3800 WatcherThread [stack: 0x0000001231900000,0x0000001231a00000] [id=15084]
  0x000001deb99e6000 GCTaskThread "GC Thread#0" [stack: 0x0000001230a00000,0x0000001230b00000] [id=12100]
  0x000001ded4d60800 GCTaskThread "GC Thread#1" [stack: 0x0000001231b00000,0x0000001231c00000] [id=1916]
  0x000001ded4a83800 GCTaskThread "GC Thread#2" [stack: 0x0000001231c00000,0x0000001231d00000] [id=14704]
  0x000001ded4f4f000 GCTaskThread "GC Thread#3" [stack: 0x0000001232600000,0x0000001232700000] [id=9688]
  0x000001deb9a17000 ConcurrentGCThread "G1 Main Marker" [stack: 0x0000001230b00000,0x0000001230c00000] [id=14944]
  0x000001deb9a18800 ConcurrentGCThread "G1 Conc#0" [stack: 0x0000001230c00000,0x0000001230d00000] [id=8584]
  0x000001deb9aa7000 ConcurrentGCThread "G1 Refine#0" [stack: 0x0000001230d00000,0x0000001230e00000] [id=13304]
  0x000001deb9aa8000 ConcurrentGCThread "G1 Young RemSet Sampling" [stack: 0x0000001230e00000,0x0000001230f00000] [id=5284]

Threads with active compile tasks:
C2 CompilerThread0  18001 2818       4       java.util.AbstractCollection::addAll (42 bytes)
C1 CompilerThread0  18001 2834       3       java.lang.invoke.LambdaForm$Name::withConstraint (20 bytes)
C2 CompilerThread1  18001 2606       4       jdk.internal.loader.URLClassPath::getResource (74 bytes)

VM state:at safepoint (normal execution)

VM Mutex/Monitor currently owned by a thread:  ([mutex/lock_event])
[0x000001deb99ca830] Threads_lock - owner thread: 0x000001ded35ce800
[0x000001deb99caa70] Heap_lock - owner thread: 0x000001ded35f7000
[0x000001deb99cb010] MethodData_lock - owner thread: 0x000001ded35f7000

Heap address: 0x0000000080000000, size: 2048 MB, Compressed Oops mode: 32-bit
Narrow klass base: 0x0000000000000000, Narrow klass shift: 3
Compressed class space size: 1073741824 Address: 0x0000000100000000

Heap:
 garbage-first heap   total 157696K, used 22445K [0x0000000080000000, 0x0000000100000000)
  region size 1024K, 7 young (7168K), 7 survivors (7168K)
 Metaspace       used 35171K, capacity 35935K, committed 36048K, reserved 1083392K
  class space    used 4503K, capacity 4825K, committed 4896K, reserved 1048576K
Heap Regions: E=young(eden), S=young(survivor), O=old, HS=humongous(starts), HC=humongous(continues), CS=collection set, F=free, A=archive, TAMS=top-at-mark-start (previous, next)
|   0|0x0000000080000000, 0x0000000080100000, 0x0000000080100000|100%|HS|  |TAMS 0x0000000080100000, 0x0000000080100000| Complete 
|   1|0x0000000080100000, 0x0000000080200000, 0x0000000080200000|100%|HC|  |TAMS 0x0000000080200000, 0x0000000080200000| Complete 
|   2|0x0000000080200000, 0x0000000080300000, 0x0000000080300000|100%|HC|  |TAMS 0x0000000080300000, 0x0000000080300000| Complete 
|   3|0x0000000080300000, 0x0000000080400000, 0x0000000080400000|100%| O|  |TAMS 0x0000000080400000, 0x0000000080400000| Untracked 
|   4|0x0000000080400000, 0x0000000080500000, 0x0000000080500000|100%| O|  |TAMS 0x0000000080500000, 0x0000000080500000| Untracked 
|   5|0x0000000080500000, 0x0000000080600000, 0x0000000080600000|100%| O|  |TAMS 0x0000000080600000, 0x0000000080600000| Untracked 
|   6|0x0000000080600000, 0x0000000080700000, 0x0000000080700000|100%| O|  |TAMS 0x0000000080700000, 0x0000000080700000| Untracked 
|   7|0x0000000080700000, 0x0000000080800000, 0x0000000080800000|100%| O|  |TAMS 0x0000000080800000, 0x0000000080800000| Untracked 
|   8|0x0000000080800000, 0x0000000080900000, 0x0000000080900000|100%| O|  |TAMS 0x0000000080900000, 0x0000000080900000| Untracked 
|   9|0x0000000080900000, 0x0000000080a00000, 0x0000000080a00000|100%| O|  |TAMS 0x0000000080a00000, 0x0000000080a00000| Untracked 
|  10|0x0000000080a00000, 0x0000000080b00000, 0x0000000080b00000|100%| O|  |TAMS 0x0000000080b00000, 0x0000000080b00000| Untracked 
|  11|0x0000000080b00000, 0x0000000080c00000, 0x0000000080c00000|100%| O|  |TAMS 0x0000000080c00000, 0x0000000080c00000| Untracked 
|  12|0x0000000080c00000, 0x0000000080d00000, 0x0000000080d00000|100%| O|  |TAMS 0x0000000080d00000, 0x0000000080d00000| Untracked 
|  13|0x0000000080d00000, 0x0000000080e00000, 0x0000000080e00000|100%| O|  |TAMS 0x0000000080e00000, 0x0000000080e00000| Untracked 
|  14|0x0000000080e00000, 0x0000000080f00000, 0x0000000080f00000|100%| O|  |TAMS 0x0000000080f00000, 0x0000000080f00000| Untracked 
|  15|0x0000000080f00000, 0x0000000080f67000, 0x0000000081000000| 40%| O|  |TAMS 0x0000000080f67000, 0x0000000080f67000| Untracked 
|  16|0x0000000081000000, 0x0000000081000000, 0x0000000081100000|  0%| F|  |TAMS 0x0000000081000000, 0x0000000081000000| Untracked 
|  17|0x0000000081100000, 0x0000000081100000, 0x0000000081200000|  0%| F|  |TAMS 0x0000000081100000, 0x0000000081100000| Untracked 
|  18|0x0000000081200000, 0x0000000081200000, 0x0000000081300000|  0%| F|  |TAMS 0x0000000081200000, 0x0000000081200000| Untracked 
|  19|0x0000000081300000, 0x0000000081300000, 0x0000000081400000|  0%| F|  |TAMS 0x0000000081300000, 0x0000000081300000| Untracked 
|  20|0x0000000081400000, 0x0000000081400000, 0x0000000081500000|  0%| F|  |TAMS 0x0000000081400000, 0x0000000081400000| Untracked 
|  21|0x0000000081500000, 0x0000000081500000, 0x0000000081600000|  0%| F|  |TAMS 0x0000000081500000, 0x0000000081500000| Untracked 
|  22|0x0000000081600000, 0x0000000081600000, 0x0000000081700000|  0%| F|  |TAMS 0x0000000081600000, 0x0000000081600000| Untracked 
|  23|0x0000000081700000, 0x0000000081700000, 0x0000000081800000|  0%| F|  |TAMS 0x0000000081700000, 0x0000000081700000| Untracked 
|  24|0x0000000081800000, 0x0000000081800000, 0x0000000081900000|  0%| F|  |TAMS 0x0000000081800000, 0x0000000081800000| Untracked 
|  25|0x0000000081900000, 0x0000000081900000, 0x0000000081a00000|  0%| F|  |TAMS 0x0000000081900000, 0x0000000081900000| Untracked 
|  26|0x0000000081a00000, 0x0000000081a00000, 0x0000000081b00000|  0%| F|  |TAMS 0x0000000081a00000, 0x0000000081a00000| Untracked 
|  27|0x0000000081b00000, 0x0000000081b00000, 0x0000000081c00000|  0%| F|  |TAMS 0x0000000081b00000, 0x0000000081b00000| Untracked 
|  28|0x0000000081c00000, 0x0000000081c00000, 0x0000000081d00000|  0%| F|  |TAMS 0x0000000081c00000, 0x0000000081c00000| Untracked 
|  29|0x0000000081d00000, 0x0000000081d00000, 0x0000000081e00000|  0%| F|  |TAMS 0x0000000081d00000, 0x0000000081d00000| Untracked 
|  30|0x0000000081e00000, 0x0000000081e00000, 0x0000000081f00000|  0%| F|  |TAMS 0x0000000081e00000, 0x0000000081e00000| Untracked 
|  31|0x0000000081f00000, 0x0000000081f00000, 0x0000000082000000|  0%| F|  |TAMS 0x0000000081f00000, 0x0000000081f00000| Untracked 
|  32|0x0000000082000000, 0x0000000082000000, 0x0000000082100000|  0%| F|  |TAMS 0x0000000082000000, 0x0000000082000000| Untracked 
|  33|0x0000000082100000, 0x0000000082100000, 0x0000000082200000|  0%| F|  |TAMS 0x0000000082100000, 0x0000000082100000| Untracked 
|  34|0x0000000082200000, 0x0000000082200000, 0x0000000082300000|  0%| F|  |TAMS 0x0000000082200000, 0x0000000082200000| Untracked 
|  35|0x0000000082300000, 0x0000000082300000, 0x0000000082400000|  0%| F|  |TAMS 0x0000000082300000, 0x0000000082300000| Untracked 
|  36|0x0000000082400000, 0x0000000082400000, 0x0000000082500000|  0%| F|  |TAMS 0x0000000082400000, 0x0000000082400000| Untracked 
|  37|0x0000000082500000, 0x0000000082500000, 0x0000000082600000|  0%| F|  |TAMS 0x0000000082500000, 0x0000000082500000| Untracked 
|  38|0x0000000082600000, 0x0000000082600000, 0x0000000082700000|  0%| F|  |TAMS 0x0000000082600000, 0x0000000082600000| Untracked 
|  39|0x0000000082700000, 0x0000000082700000, 0x0000000082800000|  0%| F|  |TAMS 0x0000000082700000, 0x0000000082700000| Untracked 
|  40|0x0000000082800000, 0x0000000082800000, 0x0000000082900000|  0%| F|  |TAMS 0x0000000082800000, 0x0000000082800000| Untracked 
|  41|0x0000000082900000, 0x0000000082900000, 0x0000000082a00000|  0%| F|  |TAMS 0x0000000082900000, 0x0000000082900000| Untracked 
|  42|0x0000000082a00000, 0x0000000082a00000, 0x0000000082b00000|  0%| F|  |TAMS 0x0000000082a00000, 0x0000000082a00000| Untracked 
|  43|0x0000000082b00000, 0x0000000082b00000, 0x0000000082c00000|  0%| F|  |TAMS 0x0000000082b00000, 0x0000000082b00000| Untracked 
|  44|0x0000000082c00000, 0x0000000082c00000, 0x0000000082d00000|  0%| F|  |TAMS 0x0000000082c00000, 0x0000000082c00000| Untracked 
|  45|0x0000000082d00000, 0x0000000082d00000, 0x0000000082e00000|  0%| F|  |TAMS 0x0000000082d00000, 0x0000000082d00000| Untracked 
|  46|0x0000000082e00000, 0x0000000082e00000, 0x0000000082f00000|  0%| F|  |TAMS 0x0000000082e00000, 0x0000000082e00000| Untracked 
|  47|0x0000000082f00000, 0x0000000082f00000, 0x0000000083000000|  0%| F|  |TAMS 0x0000000082f00000, 0x0000000082f00000| Untracked 
|  48|0x0000000083000000, 0x0000000083000000, 0x0000000083100000|  0%| F|  |TAMS 0x0000000083000000, 0x0000000083000000| Untracked 
|  49|0x0000000083100000, 0x0000000083100000, 0x0000000083200000|  0%| F|  |TAMS 0x0000000083100000, 0x0000000083100000| Untracked 
|  50|0x0000000083200000, 0x0000000083200000, 0x0000000083300000|  0%| F|  |TAMS 0x0000000083200000, 0x0000000083200000| Untracked 
|  51|0x0000000083300000, 0x0000000083300000, 0x0000000083400000|  0%| F|  |TAMS 0x0000000083300000, 0x0000000083300000| Untracked 
|  52|0x0000000083400000, 0x0000000083400000, 0x0000000083500000|  0%| F|  |TAMS 0x0000000083400000, 0x0000000083400000| Untracked 
|  53|0x0000000083500000, 0x0000000083500000, 0x0000000083600000|  0%| F|  |TAMS 0x0000000083500000, 0x0000000083500000| Untracked 
|  54|0x0000000083600000, 0x0000000083600000, 0x0000000083700000|  0%| F|  |TAMS 0x0000000083600000, 0x0000000083600000| Untracked 
|  55|0x0000000083700000, 0x0000000083700000, 0x0000000083800000|  0%| F|  |TAMS 0x0000000083700000, 0x0000000083700000| Untracked 
|  56|0x0000000083800000, 0x0000000083800000, 0x0000000083900000|  0%| F|  |TAMS 0x0000000083800000, 0x0000000083800000| Untracked 
|  57|0x0000000083900000, 0x0000000083900000, 0x0000000083a00000|  0%| F|  |TAMS 0x0000000083900000, 0x0000000083900000| Untracked 
|  58|0x0000000083a00000, 0x0000000083a00000, 0x0000000083b00000|  0%| F|  |TAMS 0x0000000083a00000, 0x0000000083a00000| Untracked 
|  59|0x0000000083b00000, 0x0000000083b00000, 0x0000000083c00000|  0%| F|  |TAMS 0x0000000083b00000, 0x0000000083b00000| Untracked 
|  60|0x0000000083c00000, 0x0000000083c00000, 0x0000000083d00000|  0%| F|  |TAMS 0x0000000083c00000, 0x0000000083c00000| Untracked 
|  61|0x0000000083d00000, 0x0000000083d00000, 0x0000000083e00000|  0%| F|  |TAMS 0x0000000083d00000, 0x0000000083d00000| Untracked 
|  62|0x0000000083e00000, 0x0000000083e00000, 0x0000000083f00000|  0%| F|  |TAMS 0x0000000083e00000, 0x0000000083e00000| Untracked 
|  63|0x0000000083f00000, 0x0000000083f00000, 0x0000000084000000|  0%| F|  |TAMS 0x0000000083f00000, 0x0000000083f00000| Untracked 
|  64|0x0000000084000000, 0x0000000084000000, 0x0000000084100000|  0%| F|  |TAMS 0x0000000084000000, 0x0000000084000000| Untracked 
|  65|0x0000000084100000, 0x0000000084100000, 0x0000000084200000|  0%| F|  |TAMS 0x0000000084100000, 0x0000000084100000| Untracked 
|  66|0x0000000084200000, 0x0000000084200000, 0x0000000084300000|  0%| F|  |TAMS 0x0000000084200000, 0x0000000084200000| Untracked 
|  67|0x0000000084300000, 0x0000000084300000, 0x0000000084400000|  0%| F|  |TAMS 0x0000000084300000, 0x0000000084300000| Untracked 
|  68|0x0000000084400000, 0x0000000084400000, 0x0000000084500000|  0%| F|  |TAMS 0x0000000084400000, 0x0000000084400000| Untracked 
|  69|0x0000000084500000, 0x0000000084500000, 0x0000000084600000|  0%| F|  |TAMS 0x0000000084500000, 0x0000000084500000| Untracked 
|  70|0x0000000084600000, 0x0000000084600000, 0x0000000084700000|  0%| F|  |TAMS 0x0000000084600000, 0x0000000084600000| Untracked 
|  71|0x0000000084700000, 0x0000000084700000, 0x0000000084800000|  0%| F|  |TAMS 0x0000000084700000, 0x0000000084700000| Untracked 
|  72|0x0000000084800000, 0x0000000084800000, 0x0000000084900000|  0%| F|  |TAMS 0x0000000084800000, 0x0000000084800000| Untracked 
|  73|0x0000000084900000, 0x0000000084900000, 0x0000000084a00000|  0%| F|  |TAMS 0x0000000084900000, 0x0000000084900000| Untracked 
|  74|0x0000000084a00000, 0x0000000084a00000, 0x0000000084b00000|  0%| F|  |TAMS 0x0000000084a00000, 0x0000000084a00000| Untracked 
|  75|0x0000000084b00000, 0x0000000084b00000, 0x0000000084c00000|  0%| F|  |TAMS 0x0000000084b00000, 0x0000000084b00000| Untracked 
|  76|0x0000000084c00000, 0x0000000084c00000, 0x0000000084d00000|  0%| F|  |TAMS 0x0000000084c00000, 0x0000000084c00000| Untracked 
|  77|0x0000000084d00000, 0x0000000084d00000, 0x0000000084e00000|  0%| F|  |TAMS 0x0000000084d00000, 0x0000000084d00000| Untracked 
|  78|0x0000000084e00000, 0x0000000084e00000, 0x0000000084f00000|  0%| F|  |TAMS 0x0000000084e00000, 0x0000000084e00000| Untracked 
|  79|0x0000000084f00000, 0x0000000084f00000, 0x0000000085000000|  0%| F|  |TAMS 0x0000000084f00000, 0x0000000084f00000| Untracked 
|  80|0x0000000085000000, 0x0000000085000000, 0x0000000085100000|  0%| F|  |TAMS 0x0000000085000000, 0x0000000085000000| Untracked 
|  81|0x0000000085100000, 0x0000000085100000, 0x0000000085200000|  0%| F|  |TAMS 0x0000000085100000, 0x0000000085100000| Untracked 
|  82|0x0000000085200000, 0x0000000085200000, 0x0000000085300000|  0%| F|  |TAMS 0x0000000085200000, 0x0000000085200000| Untracked 
|  83|0x0000000085300000, 0x0000000085300000, 0x0000000085400000|  0%| F|  |TAMS 0x0000000085300000, 0x0000000085300000| Untracked 
|  84|0x0000000085400000, 0x0000000085484640, 0x0000000085500000| 51%| S|CS|TAMS 0x0000000085400000, 0x0000000085400000| Complete 
|  85|0x0000000085500000, 0x0000000085600000, 0x0000000085600000|100%| S|CS|TAMS 0x0000000085500000, 0x0000000085500000| Complete 
|  86|0x0000000085600000, 0x0000000085700000, 0x0000000085700000|100%| S|CS|TAMS 0x0000000085600000, 0x0000000085600000| Complete 
|  87|0x0000000085700000, 0x0000000085800000, 0x0000000085800000|100%| S|CS|TAMS 0x0000000085700000, 0x0000000085700000| Complete 
|  88|0x0000000085800000, 0x0000000085900000, 0x0000000085900000|100%| S|CS|TAMS 0x0000000085800000, 0x0000000085800000| Complete 
|  89|0x0000000085900000, 0x0000000085a00000, 0x0000000085a00000|100%| S|CS|TAMS 0x0000000085900000, 0x0000000085900000| Complete 
|  90|0x0000000085a00000, 0x0000000085b00000, 0x0000000085b00000|100%| S|CS|TAMS 0x0000000085a00000, 0x0000000085a00000| Complete 
|  91|0x0000000085b00000, 0x0000000085b00000, 0x0000000085c00000|  0%| F|  |TAMS 0x0000000085b00000, 0x0000000085b00000| Untracked 
|  92|0x0000000085c00000, 0x0000000085c00000, 0x0000000085d00000|  0%| F|  |TAMS 0x0000000085c00000, 0x0000000085c00000| Untracked 
|  93|0x0000000085d00000, 0x0000000085d00000, 0x0000000085e00000|  0%| F|  |TAMS 0x0000000085d00000, 0x0000000085d00000| Untracked 
|  94|0x0000000085e00000, 0x0000000085e00000, 0x0000000085f00000|  0%| F|  |TAMS 0x0000000085e00000, 0x0000000085e00000| Untracked 
|  95|0x0000000085f00000, 0x0000000085f00000, 0x0000000086000000|  0%| F|  |TAMS 0x0000000085f00000, 0x0000000085f00000| Untracked 
|  96|0x0000000086000000, 0x0000000086000000, 0x0000000086100000|  0%| F|  |TAMS 0x0000000086000000, 0x0000000086000000| Untracked 
|  97|0x0000000086100000, 0x0000000086100000, 0x0000000086200000|  0%| F|  |TAMS 0x0000000086100000, 0x0000000086100000| Untracked 
|  98|0x0000000086200000, 0x0000000086200000, 0x0000000086300000|  0%| F|  |TAMS 0x0000000086200000, 0x0000000086200000| Untracked 
|  99|0x0000000086300000, 0x0000000086300000, 0x0000000086400000|  0%| F|  |TAMS 0x0000000086300000, 0x0000000086300000| Untracked 
| 100|0x0000000086400000, 0x0000000086400000, 0x0000000086500000|  0%| F|  |TAMS 0x0000000086400000, 0x0000000086400000| Untracked 
| 101|0x0000000086500000, 0x0000000086500000, 0x0000000086600000|  0%| F|  |TAMS 0x0000000086500000, 0x0000000086500000| Untracked 
| 102|0x0000000086600000, 0x0000000086600000, 0x0000000086700000|  0%| F|  |TAMS 0x0000000086600000, 0x0000000086600000| Untracked 
| 103|0x0000000086700000, 0x0000000086700000, 0x0000000086800000|  0%| F|  |TAMS 0x0000000086700000, 0x0000000086700000| Untracked 
| 104|0x0000000086800000, 0x0000000086800000, 0x0000000086900000|  0%| F|  |TAMS 0x0000000086800000, 0x0000000086800000| Untracked 
| 105|0x0000000086900000, 0x0000000086900000, 0x0000000086a00000|  0%| F|  |TAMS 0x0000000086900000, 0x0000000086900000| Untracked 
| 106|0x0000000086a00000, 0x0000000086a00000, 0x0000000086b00000|  0%| F|  |TAMS 0x0000000086a00000, 0x0000000086a00000| Untracked 
| 107|0x0000000086b00000, 0x0000000086b00000, 0x0000000086c00000|  0%| F|  |TAMS 0x0000000086b00000, 0x0000000086b00000| Untracked 
| 108|0x0000000086c00000, 0x0000000086c00000, 0x0000000086d00000|  0%| F|  |TAMS 0x0000000086c00000, 0x0000000086c00000| Untracked 
| 109|0x0000000086d00000, 0x0000000086d00000, 0x0000000086e00000|  0%| F|  |TAMS 0x0000000086d00000, 0x0000000086d00000| Untracked 
| 110|0x0000000086e00000, 0x0000000086e00000, 0x0000000086f00000|  0%| F|  |TAMS 0x0000000086e00000, 0x0000000086e00000| Untracked 
| 111|0x0000000086f00000, 0x0000000086f00000, 0x0000000087000000|  0%| F|  |TAMS 0x0000000086f00000, 0x0000000086f00000| Untracked 
| 112|0x0000000087000000, 0x0000000087000000, 0x0000000087100000|  0%| F|  |TAMS 0x0000000087000000, 0x0000000087000000| Untracked 
| 113|0x0000000087100000, 0x0000000087100000, 0x0000000087200000|  0%| F|  |TAMS 0x0000000087100000, 0x0000000087100000| Untracked 
| 114|0x0000000087200000, 0x0000000087200000, 0x0000000087300000|  0%| F|  |TAMS 0x0000000087200000, 0x0000000087200000| Untracked 
| 115|0x0000000087300000, 0x0000000087300000, 0x0000000087400000|  0%| F|  |TAMS 0x0000000087300000, 0x0000000087300000| Untracked 
| 116|0x0000000087400000, 0x0000000087400000, 0x0000000087500000|  0%| F|  |TAMS 0x0000000087400000, 0x0000000087400000| Untracked 
| 117|0x0000000087500000, 0x0000000087500000, 0x0000000087600000|  0%| F|  |TAMS 0x0000000087500000, 0x0000000087500000| Untracked 
| 118|0x0000000087600000, 0x0000000087600000, 0x0000000087700000|  0%| F|  |TAMS 0x0000000087600000, 0x0000000087600000| Untracked 
| 119|0x0000000087700000, 0x0000000087700000, 0x0000000087800000|  0%| F|  |TAMS 0x0000000087700000, 0x0000000087700000| Untracked 
| 120|0x0000000087800000, 0x0000000087800000, 0x0000000087900000|  0%| F|  |TAMS 0x0000000087800000, 0x0000000087800000| Untracked 
| 121|0x0000000087900000, 0x0000000087900000, 0x0000000087a00000|  0%| F|  |TAMS 0x0000000087900000, 0x0000000087900000| Untracked 
| 122|0x0000000087a00000, 0x0000000087a00000, 0x0000000087b00000|  0%| F|  |TAMS 0x0000000087a00000, 0x0000000087a00000| Untracked 
| 123|0x0000000087b00000, 0x0000000087b00000, 0x0000000087c00000|  0%| F|  |TAMS 0x0000000087b00000, 0x0000000087b00000| Untracked 
| 124|0x0000000087c00000, 0x0000000087c00000, 0x0000000087d00000|  0%| F|  |TAMS 0x0000000087c00000, 0x0000000087c00000| Untracked 
| 125|0x0000000087d00000, 0x0000000087d00000, 0x0000000087e00000|  0%| F|  |TAMS 0x0000000087d00000, 0x0000000087d00000| Untracked 
| 126|0x0000000087e00000, 0x0000000087e00000, 0x0000000087f00000|  0%| F|  |TAMS 0x0000000087e00000, 0x0000000087e00000| Untracked 
| 127|0x0000000087f00000, 0x0000000087f00000, 0x0000000088000000|  0%| F|  |TAMS 0x0000000087f00000, 0x0000000087f00000| Untracked 
| 128|0x0000000088000000, 0x0000000088000000, 0x0000000088100000|  0%| F|  |TAMS 0x0000000088000000, 0x0000000088000000| Untracked 
| 129|0x0000000088100000, 0x0000000088100000, 0x0000000088200000|  0%| F|  |TAMS 0x0000000088100000, 0x0000000088100000| Untracked 
| 130|0x0000000088200000, 0x0000000088200000, 0x0000000088300000|  0%| F|  |TAMS 0x0000000088200000, 0x0000000088200000| Untracked 
| 131|0x0000000088300000, 0x0000000088300000, 0x0000000088400000|  0%| F|  |TAMS 0x0000000088300000, 0x0000000088300000| Untracked 
| 132|0x0000000088400000, 0x0000000088400000, 0x0000000088500000|  0%| F|  |TAMS 0x0000000088400000, 0x0000000088400000| Untracked 
| 133|0x0000000088500000, 0x0000000088500000, 0x0000000088600000|  0%| F|  |TAMS 0x0000000088500000, 0x0000000088500000| Untracked 
| 134|0x0000000088600000, 0x0000000088600000, 0x0000000088700000|  0%| F|  |TAMS 0x0000000088600000, 0x0000000088600000| Untracked 
| 135|0x0000000088700000, 0x0000000088700000, 0x0000000088800000|  0%| F|  |TAMS 0x0000000088700000, 0x0000000088700000| Untracked 
| 136|0x0000000088800000, 0x0000000088800000, 0x0000000088900000|  0%| F|  |TAMS 0x0000000088800000, 0x0000000088800000| Untracked 
| 137|0x0000000088900000, 0x0000000088900000, 0x0000000088a00000|  0%| F|  |TAMS 0x0000000088900000, 0x0000000088900000| Untracked 
| 138|0x0000000088a00000, 0x0000000088a00000, 0x0000000088b00000|  0%| F|  |TAMS 0x0000000088a00000, 0x0000000088a00000| Untracked 
| 139|0x0000000088b00000, 0x0000000088b00000, 0x0000000088c00000|  0%| F|  |TAMS 0x0000000088b00000, 0x0000000088b00000| Untracked 
| 140|0x0000000088c00000, 0x0000000088c00000, 0x0000000088d00000|  0%| F|  |TAMS 0x0000000088c00000, 0x0000000088c00000| Untracked 
| 141|0x0000000088d00000, 0x0000000088d00000, 0x0000000088e00000|  0%| F|  |TAMS 0x0000000088d00000, 0x0000000088d00000| Untracked 
| 142|0x0000000088e00000, 0x0000000088e00000, 0x0000000088f00000|  0%| F|  |TAMS 0x0000000088e00000, 0x0000000088e00000| Untracked 
| 143|0x0000000088f00000, 0x0000000088f00000, 0x0000000089000000|  0%| F|  |TAMS 0x0000000088f00000, 0x0000000088f00000| Untracked 
| 144|0x0000000089000000, 0x0000000089000000, 0x0000000089100000|  0%| F|  |TAMS 0x0000000089000000, 0x0000000089000000| Untracked 
| 145|0x0000000089100000, 0x0000000089100000, 0x0000000089200000|  0%| F|  |TAMS 0x0000000089100000, 0x0000000089100000| Untracked 
| 146|0x0000000089200000, 0x0000000089200000, 0x0000000089300000|  0%| F|  |TAMS 0x0000000089200000, 0x0000000089200000| Untracked 
| 147|0x0000000089300000, 0x0000000089300000, 0x0000000089400000|  0%| F|  |TAMS 0x0000000089300000, 0x0000000089300000| Untracked 
| 148|0x0000000089400000, 0x0000000089400000, 0x0000000089500000|  0%| F|  |TAMS 0x0000000089400000, 0x0000000089400000| Untracked 
| 149|0x0000000089500000, 0x0000000089500000, 0x0000000089600000|  0%| F|  |TAMS 0x0000000089500000, 0x0000000089500000| Untracked 
| 150|0x0000000089600000, 0x0000000089600000, 0x0000000089700000|  0%| F|  |TAMS 0x0000000089600000, 0x0000000089600000| Untracked 
| 151|0x0000000089700000, 0x0000000089700000, 0x0000000089800000|  0%| F|  |TAMS 0x0000000089700000, 0x0000000089700000| Untracked 
| 152|0x0000000089800000, 0x0000000089800000, 0x0000000089900000|  0%| F|  |TAMS 0x0000000089800000, 0x0000000089800000| Untracked 
| 153|0x0000000089900000, 0x0000000089900000, 0x0000000089a00000|  0%| F|  |TAMS 0x0000000089900000, 0x0000000089900000| Untracked 

Card table byte_map: [0x000001decc8f0000,0x000001decccf0000] _byte_map_base: 0x000001decc4f0000

Marking Bits (Prev, Next): (CMBitMap*) 0x000001deb9a0e340, (CMBitMap*) 0x000001deb9a0e308
 Prev Bits: [0x000001decf0f0000, 0x000001ded10f0000)
 Next Bits: [0x000001decd0f0000, 0x000001decf0f0000)

Polling page: 0x000001deb78d0000

Metaspace:

Usage:
  Non-class:     30.38 MB capacity,    29.95 MB ( 99%) used,   368.70 KB (  1%) free+waste,    73.50 KB ( <1%) overhead. 
      Class:      4.71 MB capacity,     4.40 MB ( 93%) used,   285.60 KB (  6%) free+waste,    35.88 KB ( <1%) overhead. 
       Both:     35.09 MB capacity,    34.35 MB ( 98%) used,   654.30 KB (  2%) free+waste,   109.38 KB ( <1%) overhead. 

Virtual space:
  Non-class space:       34.00 MB reserved,      30.42 MB ( 89%) committed 
      Class space:        1.00 GB reserved,       4.78 MB ( <1%) committed 
             Both:        1.03 GB reserved,      35.20 MB (  3%) committed 

Chunk freelists:
   Non-Class:  42.00 KB
       Class:  7.00 KB
        Both:  49.00 KB

MaxMetaspaceSize: 17179869184.00 GB
CompressedClassSpaceSize: 1.00 GB
Initial GC threshold: 20.80 MB
Current GC threshold: 35.53 MB
CDS: off

CodeHeap 'non-profiled nmethods': size=120064Kb used=1462Kb max_used=1462Kb free=118601Kb
 bounds [0x000001dec4fb0000, 0x000001dec5220000, 0x000001decc4f0000]
CodeHeap 'profiled nmethods': size=120000Kb used=6059Kb max_used=6059Kb free=113940Kb
 bounds [0x000001debda80000, 0x000001debe070000, 0x000001dec4fb0000]
CodeHeap 'non-nmethods': size=5696Kb used=1235Kb max_used=1263Kb free=4460Kb
 bounds [0x000001debd4f0000, 0x000001debd760000, 0x000001debda80000]
 total_blobs=3344 nmethods=2828 adapters=428
 compilation: enabled
              stopped_count=0, restarted_count=0
 full_count=0

Compilation events (20 events):
Event: 17.881 Thread 0x000001ded35f7000 2824       1       org.codehaus.groovy.reflection.CachedMethod::getDeclaringClass (5 bytes)
Event: 17.881 Thread 0x000001ded35f7000 nmethod 2824 0x000001dec511d190 code [0x000001dec511d340, 0x000001dec511d3f8]
Event: 17.881 Thread 0x000001ded35f7000 2826       3       org.codehaus.groovy.runtime.metaclass.MetaMethodIndex::getOrPutMethods (184 bytes)
Event: 17.882 Thread 0x000001ded35f7000 nmethod 2826 0x000001debe063510 code [0x000001debe063760, 0x000001debe064258]
Event: 17.882 Thread 0x000001ded35f7000 2825       3       groovy.lang.MetaClassImpl::addToAllMethodsIfPublic (22 bytes)
Event: 17.883 Thread 0x000001ded35f7000 nmethod 2825 0x000001debe064610 code [0x000001debe0647e0, 0x000001debe064b58]
Event: 17.883 Thread 0x000001ded35f7000 2829       3       org.codehaus.groovy.runtime.metaclass.MetaMethodIndex::isMatchingMethod (61 bytes)
Event: 17.884 Thread 0x000001ded35f7000 nmethod 2829 0x000001debe064c90 code [0x000001debe064e80, 0x000001debe0653f8]
Event: 17.884 Thread 0x000001ded35f7000 2827       1       org.codehaus.groovy.util.FastArray::size (5 bytes)
Event: 17.884 Thread 0x000001ded35f7000 nmethod 2827 0x000001dec511d490 code [0x000001dec511d640, 0x000001dec511d6f8]
Event: 17.884 Thread 0x000001ded35f7000 2828       1       org.codehaus.groovy.util.FastArray::getArray (5 bytes)
Event: 17.884 Thread 0x000001ded35f7000 nmethod 2828 0x000001dec511d790 code [0x000001dec511d940, 0x000001dec511d9f8]
Event: 17.886 Thread 0x000001ded35f7000 2830       3       java.util.Arrays::binarySearch (10 bytes)
Event: 17.886 Thread 0x000001ded35f7000 nmethod 2830 0x000001debe065610 code [0x000001debe0657c0, 0x000001debe0658e8]
Event: 17.886 Thread 0x000001ded35f7000 2832       3       groovy.lang.MetaClassImpl$1MOPIter::methodNameAction (325 bytes)
Event: 17.889 Thread 0x000001ded35f7000 nmethod 2832 0x000001debe065990 code [0x000001debe065d80, 0x000001debe067bd8]
Event: 17.889 Thread 0x000001ded35f7000 2831       3       java.util.Arrays::binarySearch0 (95 bytes)
Event: 17.889 Thread 0x000001ded35f7000 nmethod 2831 0x000001debe068590 code [0x000001debe068780, 0x000001debe068b58]
Event: 17.889 Thread 0x000001ded35f7000 2833       3       groovy.lang.MetaMethod::getMopName (105 bytes)
Event: 17.890 Thread 0x000001ded35f7000 nmethod 2833 0x000001debe068d10 code [0x000001debe0690c0, 0x000001debe06a6a8]

GC Heap History (12 events):
Event: 1.012 GC heap before
{Heap before GC invocations=0 (full 0):
 garbage-first heap   total 131072K, used 17408K [0x0000000080000000, 0x0000000100000000)
  region size 1024K, 14 young (14336K), 0 survivors (0K)
 Metaspace       used 6734K, capacity 6925K, committed 7168K, reserved 1056768K
  class space    used 572K, capacity 650K, committed 768K, reserved 1048576K
}
Event: 1.019 GC heap after
{Heap after GC invocations=1 (full 0):
 garbage-first heap   total 131072K, used 4750K [0x0000000080000000, 0x0000000100000000)
  region size 1024K, 2 young (2048K), 2 survivors (2048K)
 Metaspace       used 6734K, capacity 6925K, committed 7168K, reserved 1056768K
  class space    used 572K, capacity 650K, committed 768K, reserved 1048576K
}
Event: 1.532 GC heap before
{Heap before GC invocations=1 (full 0):
 garbage-first heap   total 131072K, used 20110K [0x0000000080000000, 0x0000000100000000)
  region size 1024K, 14 young (14336K), 2 survivors (2048K)
 Metaspace       used 9880K, capacity 10118K, committed 10368K, reserved 1058816K
  class space    used 1011K, capacity 1102K, committed 1152K, reserved 1048576K
}
Event: 1.538 GC heap after
{Heap after GC invocations=2 (full 0):
 garbage-first heap   total 131072K, used 9259K [0x0000000080000000, 0x0000000100000000)
  region size 1024K, 2 young (2048K), 2 survivors (2048K)
 Metaspace       used 9880K, capacity 10118K, committed 10368K, reserved 1058816K
  class space    used 1011K, capacity 1102K, committed 1152K, reserved 1048576K
}
Event: 2.326 GC heap before
{Heap before GC invocations=2 (full 0):
 garbage-first heap   total 131072K, used 38955K [0x0000000080000000, 0x0000000100000000)
  region size 1024K, 30 young (30720K), 2 survivors (2048K)
 Metaspace       used 10856K, capacity 11073K, committed 11264K, reserved 1058816K
  class space    used 1112K, capacity 1207K, committed 1280K, reserved 1048576K
}
Event: 2.334 GC heap after
{Heap after GC invocations=3 (full 0):
 garbage-first heap   total 131072K, used 12188K [0x0000000080000000, 0x0000000100000000)
  region size 1024K, 4 young (4096K), 4 survivors (4096K)
 Metaspace       used 10856K, capacity 11073K, committed 11264K, reserved 1058816K
  class space    used 1112K, capacity 1207K, committed 1280K, reserved 1048576K
}
Event: 8.438 GC heap before
{Heap before GC invocations=3 (full 0):
 garbage-first heap   total 131072K, used 53148K [0x0000000080000000, 0x0000000100000000)
  region size 1024K, 45 young (46080K), 4 survivors (4096K)
 Metaspace       used 17482K, capacity 17875K, committed 18048K, reserved 1064960K
  class space    used 2018K, capacity 2113K, committed 2176K, reserved 1048576K
}
Event: 8.468 GC heap after
{Heap after GC invocations=4 (full 0):
 garbage-first heap   total 131072K, used 15679K [0x0000000080000000, 0x0000000100000000)
  region size 1024K, 6 young (6144K), 6 survivors (6144K)
 Metaspace       used 17482K, capacity 17875K, committed 18048K, reserved 1064960K
  class space    used 2018K, capacity 2113K, committed 2176K, reserved 1048576K
}
Event: 11.563 GC heap before
{Heap before GC invocations=4 (full 0):
 garbage-first heap   total 131072K, used 46399K [0x0000000080000000, 0x0000000100000000)
  region size 1024K, 38 young (38912K), 6 survivors (6144K)
 Metaspace       used 20776K, capacity 21185K, committed 21296K, reserved 1069056K
  class space    used 2521K, capacity 2684K, committed 2688K, reserved 1048576K
}
Event: 11.579 GC heap after
{Heap after GC invocations=5 (full 0):
 garbage-first heap   total 157696K, used 17275K [0x0000000080000000, 0x0000000100000000)
  region size 1024K, 2 young (2048K), 2 survivors (2048K)
 Metaspace       used 20776K, capacity 21185K, committed 21296K, reserved 1069056K
  class space    used 2521K, capacity 2684K, committed 2688K, reserved 1048576K
}
Event: 14.615 GC heap before
{Heap before GC invocations=6 (full 0):
 garbage-first heap   total 157696K, used 72571K [0x0000000080000000, 0x0000000100000000)
  region size 1024K, 56 young (57344K), 2 survivors (2048K)
 Metaspace       used 26721K, capacity 27311K, committed 27516K, reserved 1073152K
  class space    used 3443K, capacity 3672K, committed 3788K, reserved 1048576K
}
Event: 14.630 GC heap after
{Heap after GC invocations=7 (full 0):
 garbage-first heap   total 157696K, used 18922K [0x0000000080000000, 0x0000000100000000)
  region size 1024K, 4 young (4096K), 4 survivors (4096K)
 Metaspace       used 26721K, capacity 27311K, committed 27516K, reserved 1073152K
  class space    used 3443K, capacity 3672K, committed 3788K, reserved 1048576K
}

Deoptimization events (20 events):
Event: 15.167 Thread 0x000001ded5054000 Uncommon trap: trap_request=0xffffff4d fr.pc=0x000001dec50951cc relative=0x000000000000020c
Event: 15.167 Thread 0x000001ded5054000 Uncommon trap: reason=unstable_if action=reinterpret pc=0x000001dec50951cc method=java.util.HashMap.hash(Ljava/lang/Object;)I @ 1 c2
Event: 15.167 Thread 0x000001ded5054000 DEOPT PACKING pc=0x000001dec50951cc sp=0x00000012322f76c0
Event: 15.167 Thread 0x000001ded5054000 DEOPT UNPACKING pc=0x000001debd53a1af sp=0x00000012322f75f8 mode 2
Event: 15.167 Thread 0x000001ded5054000 Uncommon trap: trap_request=0xffffff4d fr.pc=0x000001dec509352c relative=0x000000000000008c
Event: 15.167 Thread 0x000001ded5054000 Uncommon trap: reason=unstable_if action=reinterpret pc=0x000001dec509352c method=java.util.HashMap.hash(Ljava/lang/Object;)I @ 1 c2
Event: 15.167 Thread 0x000001ded5054000 DEOPT PACKING pc=0x000001dec509352c sp=0x00000012322f7430
Event: 15.167 Thread 0x000001ded5054000 DEOPT UNPACKING pc=0x000001debd53a1af sp=0x00000012322f73c8 mode 2
Event: 15.251 Thread 0x000001ded5054000 Uncommon trap: trap_request=0xffffff4d fr.pc=0x000001dec50e49e4 relative=0x00000000000001a4
Event: 15.251 Thread 0x000001ded5054000 Uncommon trap: reason=unstable_if action=reinterpret pc=0x000001dec50e49e4 method=java.util.regex.Pattern$BmpCharProperty.match(Ljava/util/regex/Matcher;ILjava/lang/CharSequence;)Z @ 39 c2
Event: 15.251 Thread 0x000001ded5054000 DEOPT PACKING pc=0x000001dec50e49e4 sp=0x00000012322f8f50
Event: 15.251 Thread 0x000001ded5054000 DEOPT UNPACKING pc=0x000001debd53a1af sp=0x00000012322f8f00 mode 2
Event: 16.572 Thread 0x000001ded5054000 Uncommon trap: trap_request=0xffffff4d fr.pc=0x000001dec50b0f50 relative=0x00000000000001f0
Event: 16.572 Thread 0x000001ded5054000 Uncommon trap: reason=unstable_if action=reinterpret pc=0x000001dec50b0f50 method=java.util.HashMap.putVal(ILjava/lang/Object;Ljava/lang/Object;ZZ)Ljava/lang/Object; @ 162 c2
Event: 16.572 Thread 0x000001ded5054000 DEOPT PACKING pc=0x000001dec50b0f50 sp=0x00000012322fa040
Event: 16.572 Thread 0x000001ded5054000 DEOPT UNPACKING pc=0x000001debd53a1af sp=0x00000012322f9fc0 mode 2
Event: 17.562 Thread 0x000001ded5054000 Uncommon trap: trap_request=0xffffff4d fr.pc=0x000001dec50aa08c relative=0x00000000000052ac
Event: 17.563 Thread 0x000001ded5054000 Uncommon trap: reason=unstable_if action=reinterpret pc=0x000001dec50aa08c method=jdk.internal.loader.BuiltinClassLoader.loadClassOrNull(Ljava/lang/String;Z)Ljava/lang/Class; @ 42 c2
Event: 17.563 Thread 0x000001ded5054000 DEOPT PACKING pc=0x000001dec50aa08c sp=0x00000012322f4bf0
Event: 17.563 Thread 0x000001ded5054000 DEOPT UNPACKING pc=0x000001debd53a1af sp=0x00000012322f4a80 mode 2

Classes redefined (0 events):
No events

Internal exceptions (20 events):
Event: 14.266 Thread 0x000001ded5054000 Exception <a 'java/lang/NoSuchMethodError'{0x0000000086a3a890}: 'int java.lang.invoke.DirectMethodHandle$Holder.invokeVirtual(java.lang.Object, java.lang.Object)'> (0x0000000086a3a890) thrown at [./src/hotspot/share/interpreter/linkResolver.cpp, line 773]
Event: 14.269 Thread 0x000001ded5054000 Exception <a 'java/lang/NoSuchMethodError'{0x0000000086a533d8}: 'java.lang.Object java.lang.invoke.DirectMethodHandle$Holder.invokeVirtual(java.lang.Object, java.lang.Object, java.lang.Object)'> (0x0000000086a533d8) thrown at [./src/hotspot/share/interpreter/linkResolver.cpp, line 773]
Event: 14.271 Thread 0x000001ded5054000 Exception <a 'java/lang/NoSuchMethodError'{0x0000000086a70520}: 'int java.lang.invoke.DirectMethodHandle$Holder.invokeVirtual(java.lang.Object, java.lang.Object, java.lang.Object)'> (0x0000000086a70520) thrown at [./src/hotspot/share/interpreter/linkResolver.cpp, line 773]
Event: 14.366 Thread 0x000001ded5054000 Exception <a 'java/lang/NoSuchMethodError'{0x00000000868905a0}: 'void java.lang.invoke.DirectMethodHandle$Holder.invokeSpecial(java.lang.Object, java.lang.Object)'> (0x00000000868905a0) thrown at [./src/hotspot/share/interpreter/linkResolver.cpp, line 773]
Event: 14.944 Thread 0x000001ded5054000 Exception <a 'java/lang/NoSuchMethodError'{0x00000000890d6b78}: 'java.lang.Object java.lang.invoke.DirectMethodHandle$Holder.invokeSpecialIFC(java.lang.Object, java.lang.Object, java.lang.Object, java.lang.Object)'> (0x00000000890d6b78) thrown at [./src/hotspot/share/interpreter/linkResolver.cpp, line 773]
Event: 15.167 Thread 0x000001ded5054000 Implicit null exception at 0x000001dec5094ff5 to 0x000001dec50951bc
Event: 15.167 Thread 0x000001ded5054000 Implicit null exception at 0x000001dec50934af to 0x000001dec509351d
Event: 15.256 Thread 0x000001ded5054000 Exception <a 'java/lang/NoSuchMethodError'{0x00000000886f5948}: 'java.lang.Object java.lang.invoke.DirectMethodHandle$Holder.invokeSpecial(java.lang.Object, java.lang.Object, java.lang.Object, java.lang.Object, java.lang.Object, java.lang.Object, java.lang.Object, java.lang.Object, java.lang.Object, java.lang.Object, java.lang.Object, java.lang.Object, java.lang.Object)'> (0x00000000886f5948) thrown at [./src/hotspot/share/interpreter/linkResolver.cpp, line 773]
Event: 15.258 Thread 0x000001ded5054000 Exception <a 'java/lang/NoSuchMethodError'{0x0000000088507010}: 'java.lang.Object java.lang.invoke.DirectMethodHandle$Holder.invokeSpecial(java.lang.Object, java.lang.Object, java.lang.Object, java.lang.Object, java.lang.Object, java.lang.Object, java.lang.Object, java.lang.Object, java.lang.Object, java.lang.Object, java.lang.Object, java.lang.Object)'> (0x0000000088507010) thrown at [./src/hotspot/share/interpreter/linkResolver.cpp, line 773]
Event: 15.259 Thread 0x000001ded5054000 Exception <a 'java/lang/NoSuchMethodError'{0x000000008850c3e0}: 'java.lang.Object java.lang.invoke.Invokers$Holder.linkToTargetMethod(java.lang.Object, java.lang.Object, java.lang.Object, java.lang.Object, java.lang.Object, java.lang.Object, java.lang.Object, java.lang.Object, java.lang.Object, java.lang.Object, java.lang.Object)'> (0x000000008850c3e0) thrown at [./src/hotspot/share/interpreter/linkResolver.cpp, line 773]
Event: 15.266 Thread 0x000001ded5054000 Exception <a 'java/lang/NoSuchMethodError'{0x00000000885a47b8}: 'java.lang.Object java.lang.invoke.DirectMethodHandle$Holder.invokeSpecial(java.lang.Object, java.lang.Object, java.lang.Object, java.lang.Object, java.lang.Object, java.lang.Object, java.lang.Object, java.lang.Object, java.lang.Object, java.lang.Object, java.lang.Object, java.lang.Object, java.lang.Object, java.lang.Object)'> (0x00000000885a47b8) thrown at [./src/hotspot/share/interpreter/linkResolver.cpp, line 773]
Event: 15.267 Thread 0x000001ded5054000 Exception <a 'java/lang/NoSuchMethodError'{0x00000000885b60d8}: 'java.lang.Object java.lang.invoke.Invokers$Holder.linkToTargetMethod(java.lang.Object, java.lang.Object, java.lang.Object, java.lang.Object, java.lang.Object, java.lang.Object, java.lang.Object, java.lang.Object, java.lang.Object, java.lang.Object, java.lang.Object, java.lang.Object)'> (0x00000000885b60d8) thrown at [./src/hotspot/share/interpreter/linkResolver.cpp, line 773]
Event: 15.334 Thread 0x000001ded5054000 Exception <a 'java/lang/NoSuchMethodError'{0x00000000884e6010}: 'java.lang.Object java.lang.invoke.DirectMethodHandle$Holder.invokeStaticInit(java.lang.Object, java.lang.Object, java.lang.Object, java.lang.Object)'> (0x00000000884e6010) thrown at [./src/hotspot/share/interpreter/linkResolver.cpp, line 773]
Event: 15.965 Thread 0x000001ded5054000 Exception <a 'java/lang/NoSuchMethodError'{0x0000000087bc7628}: 'java.lang.Object java.lang.invoke.Invokers$Holder.linkToTargetMethod(java.lang.Object, java.lang.Object, java.lang.Object, java.lang.Object, java.lang.Object, java.lang.Object, java.lang.Object, java.lang.Object)'> (0x0000000087bc7628) thrown at [./src/hotspot/share/interpreter/linkResolver.cpp, line 773]
Event: 15.974 Thread 0x000001ded5054000 Exception <a 'java/lang/NoSuchMethodError'{0x0000000087a1e748}: 'java.lang.Object java.lang.invoke.Invokers$Holder.linkToTargetMethod(java.lang.Object, java.lang.Object, java.lang.Object, java.lang.Object, java.lang.Object, java.lang.Object, java.lang.Object)'> (0x0000000087a1e748) thrown at [./src/hotspot/share/interpreter/linkResolver.cpp, line 773]
Event: 15.986 Thread 0x000001ded5054000 Exception <a 'java/lang/IncompatibleClassChangeError'{0x0000000087a72eb0}: Found class java.lang.Object, but interface was expected> (0x0000000087a72eb0) thrown at [./src/hotspot/share/interpreter/linkResolver.cpp, line 839]
Event: 17.210 Thread 0x000001ded5054000 Exception <a 'java/lang/NoSuchMethodError'{0x00000000868e6ec8}: 'void java.lang.invoke.DirectMethodHandle$Holder.invokeStaticInit(java.lang.Object, java.lang.Object, java.lang.Object)'> (0x00000000868e6ec8) thrown at [./src/hotspot/share/interpreter/linkResolver.cpp, line 773]
Event: 17.211 Thread 0x000001ded5054000 Exception <a 'java/lang/NoSuchMethodError'{0x00000000868ee120}: 'void java.lang.invoke.DirectMethodHandle$Holder.invokeStaticInit(java.lang.Object, java.lang.Object, java.lang.Object, java.lang.Object)'> (0x00000000868ee120) thrown at [./src/hotspot/share/interpreter/linkResolver.cpp, line 773]
Event: 17.217 Thread 0x000001ded5054000 Exception <a 'java/lang/NoSuchMethodError'{0x0000000086710cf8}: 'void java.lang.invoke.DirectMethodHandle$Holder.invokeStaticInit(java.lang.Object, java.lang.Object, java.lang.Object, java.lang.Object, java.lang.Object)'> (0x0000000086710cf8) thrown at [./src/hotspot/share/interpreter/linkResolver.cpp, line 773]
Event: 17.305 Thread 0x000001ded5054000 Exception <a 'java/lang/NoSuchMethodError'{0x000000008676f4d8}: 'int java.lang.invoke.DirectMethodHandle$Holder.invokeStaticInit(java.lang.Object, java.lang.Object, java.lang.Object, java.lang.Object)'> (0x000000008676f4d8) thrown at [./src/hotspot/share/interpreter/linkResolver.cpp, line 773]

Events (20 events):
Event: 17.877 loading class org/codehaus/groovy/util/AbstractConcurrentMapBase done
Event: 17.879 loading class org/codehaus/groovy/runtime/callsite/CallSiteArray
Event: 17.879 loading class org/codehaus/groovy/runtime/callsite/CallSiteArray done
Event: 17.883 loading class groovy/lang/MetaClassImpl$1MOPIter
Event: 17.883 loading class groovy/lang/MetaClassImpl$1MOPIter done
Event: 17.884 loading class org/codehaus/groovy/reflection/CachedClass$CachedMethodComparatorWithString
Event: 17.884 loading class org/codehaus/groovy/reflection/CachedClass$CachedMethodComparatorWithString done
Event: 17.887 loading class java/beans/BeanInfo
Event: 17.898 loading class java/beans/BeanInfo done
Event: 17.898 loading class groovy/lang/MetaClassImpl
Event: 17.898 loading class groovy/lang/MetaClassImpl done
Event: 17.898 loading class java/beans/ThreadGroupContext
Event: 17.898 loading class java/beans/ThreadGroupContext done
Event: 17.899 loading class java/beans/ThreadGroupContext$1
Event: 17.899 loading class java/beans/WeakIdentityMap
Event: 17.899 loading class java/beans/WeakIdentityMap done
Event: 17.899 loading class java/beans/ThreadGroupContext$1 done
Event: 17.899 loading class java/beans/WeakIdentityMap$Entry
Event: 17.899 loading class java/beans/WeakIdentityMap$Entry done
Event: 17.899 loading class com/sun/beans/finder/BeanInfoFinder


Dynamic libraries:
0x00007ff78e6b0000 - 0x00007ff78e6ba000 	C:\Program Files\Android\Android Studio\jre\bin\java.exe
0x00007ffee7770000 - 0x00007ffee7968000 	C:\Windows\SYSTEM32\ntdll.dll
0x00007ffee7670000 - 0x00007ffee772f000 	C:\Windows\System32\KERNEL32.DLL
0x00007ffee54d0000 - 0x00007ffee57c6000 	C:\Windows\System32\KERNELBASE.dll
0x00007ffee5070000 - 0x00007ffee5170000 	C:\Windows\System32\ucrtbase.dll
0x00007ffedfeb0000 - 0x00007ffedfec9000 	C:\Program Files\Android\Android Studio\jre\bin\jli.dll
0x00007ffedbfd0000 - 0x00007ffedbfe7000 	C:\Program Files\Android\Android Studio\jre\bin\VCRUNTIME140.dll
0x00007ffee6b60000 - 0x00007ffee6cfd000 	C:\Windows\System32\USER32.dll
0x00007ffee4f10000 - 0x00007ffee4f32000 	C:\Windows\System32\win32u.dll
0x00007ffed23e0000 - 0x00007ffed267a000 	C:\Windows\WinSxS\amd64_microsoft.windows.common-controls_6595b64144ccf1df_6.0.19041.1110_none_60b5254171f9507e\COMCTL32.dll
0x00007ffee6410000 - 0x00007ffee643c000 	C:\Windows\System32\GDI32.dll
0x00007ffee5900000 - 0x00007ffee599e000 	C:\Windows\System32\msvcrt.dll
0x00007ffee5170000 - 0x00007ffee5285000 	C:\Windows\System32\gdi32full.dll
0x00007ffee4f40000 - 0x00007ffee4fdd000 	C:\Windows\System32\msvcp_win.dll
0x00007ffee6020000 - 0x00007ffee6050000 	C:\Windows\System32\IMM32.DLL
0x00007ffeda8d0000 - 0x00007ffeda96d000 	C:\Program Files\Android\Android Studio\jre\bin\msvcp140.dll
0x00007ffe994c0000 - 0x00007ffe99fc2000 	C:\Program Files\Android\Android Studio\jre\bin\server\jvm.dll
0x00007ffee5f70000 - 0x00007ffee601f000 	C:\Windows\System32\ADVAPI32.dll
0x00007ffee6440000 - 0x00007ffee64dc000 	C:\Windows\System32\sechost.dll
0x00007ffee57d0000 - 0x00007ffee58f6000 	C:\Windows\System32\RPCRT4.dll
0x00007ffee6e90000 - 0x00007ffee6e98000 	C:\Windows\System32\PSAPI.DLL
0x00007ffed2050000 - 0x00007ffed2077000 	C:\Windows\SYSTEM32\WINMM.dll
0x00007ffed2680000 - 0x00007ffed268a000 	C:\Windows\SYSTEM32\VERSION.dll
0x00007ffee0220000 - 0x00007ffee0229000 	C:\Windows\SYSTEM32\WSOCK32.dll
0x00007ffee6330000 - 0x00007ffee639b000 	C:\Windows\System32\WS2_32.dll
0x00007ffee2cf0000 - 0x00007ffee2d02000 	C:\Windows\SYSTEM32\kernel.appcore.dll
0x00007ffedfb90000 - 0x00007ffedfba1000 	C:\Program Files\Android\Android Studio\jre\bin\verify.dll
0x00007ffed1dc0000 - 0x00007ffed1fa4000 	C:\Windows\SYSTEM32\DBGHELP.DLL
0x00007ffed1a30000 - 0x00007ffed1a64000 	C:\Windows\SYSTEM32\dbgcore.DLL
0x00007ffee4fe0000 - 0x00007ffee5062000 	C:\Windows\System32\bcryptPrimitives.dll
0x00007ffec9300000 - 0x00007ffec9329000 	C:\Program Files\Android\Android Studio\jre\bin\java.dll
0x00007ffee0210000 - 0x00007ffee021b000 	C:\Program Files\Android\Android Studio\jre\bin\jimage.dll
0x00007ffede720000 - 0x00007ffede738000 	C:\Program Files\Android\Android Studio\jre\bin\zip.dll
0x00007ffee6ea0000 - 0x00007ffee75e4000 	C:\Windows\System32\SHELL32.dll
0x00007ffee2ef0000 - 0x00007ffee3683000 	C:\Windows\SYSTEM32\windows.storage.dll
0x00007ffee5ae0000 - 0x00007ffee5e34000 	C:\Windows\System32\combase.dll
0x00007ffee4890000 - 0x00007ffee48be000 	C:\Windows\SYSTEM32\Wldp.dll
0x00007ffee6de0000 - 0x00007ffee6e8d000 	C:\Windows\System32\SHCORE.dll
0x00007ffee6b00000 - 0x00007ffee6b55000 	C:\Windows\System32\shlwapi.dll
0x00007ffee4d80000 - 0x00007ffee4da5000 	C:\Windows\SYSTEM32\profapi.dll
0x00007ffec3b80000 - 0x00007ffec3b9a000 	C:\Program Files\Android\Android Studio\jre\bin\net.dll
0x00007ffed8cc0000 - 0x00007ffed8dca000 	C:\Windows\SYSTEM32\WINHTTP.dll
0x00007ffee45f0000 - 0x00007ffee465a000 	C:\Windows\system32\mswsock.dll
0x00007ffec3b60000 - 0x00007ffec3b74000 	C:\Program Files\Android\Android Studio\jre\bin\nio.dll
0x00007ffedaa60000 - 0x00007ffedaa87000 	C:\Users\hp\.gradle\native\e1d6ef7f7dcc3fd88c89a11ec53ec762bb8ba0a96d01ffa2cd45eb1d1d8dd5c5\windows-amd64\native-platform.dll
0x00007ffeab5e0000 - 0x00007ffeab724000 	C:\Users\hp\.gradle\native\0d407fdbe67a94daf76414ababcb853783967236a71b16ec16e742cd7a986fd3\windows-amd64\native-platform-file-events.dll
0x00007ffee01f0000 - 0x00007ffee01fa000 	C:\Program Files\Android\Android Studio\jre\bin\management.dll
0x00007ffedbf80000 - 0x00007ffedbf8d000 	C:\Program Files\Android\Android Studio\jre\bin\management_ext.dll
0x00007ffee47e0000 - 0x00007ffee47f8000 	C:\Windows\SYSTEM32\CRYPTSP.dll
0x00007ffee3e90000 - 0x00007ffee3ec4000 	C:\Windows\system32\rsaenh.dll
0x00007ffee53f0000 - 0x00007ffee5417000 	C:\Windows\System32\bcrypt.dll
0x00007ffee4d00000 - 0x00007ffee4d2e000 	C:\Windows\SYSTEM32\USERENV.dll
0x00007ffee4800000 - 0x00007ffee480c000 	C:\Windows\SYSTEM32\CRYPTBASE.dll
0x00007ffee4290000 - 0x00007ffee42cb000 	C:\Windows\SYSTEM32\IPHLPAPI.DLL
0x00007ffee6170000 - 0x00007ffee6178000 	C:\Windows\System32\NSI.dll
0x00007ffed9110000 - 0x00007ffed9127000 	C:\Windows\SYSTEM32\dhcpcsvc6.DLL
0x00007ffed9090000 - 0x00007ffed90ad000 	C:\Windows\SYSTEM32\dhcpcsvc.DLL
0x00007ffee42d0000 - 0x00007ffee439a000 	C:\Windows\SYSTEM32\DNSAPI.dll

dbghelp: loaded successfully - version: 4.0.5 - missing functions: none
symbol engine: initialized successfully - sym options: 0x614 - pdb path: .;C:\Program Files\Android\Android Studio\jre\bin;C:\Windows\SYSTEM32;C:\Windows\WinSxS\amd64_microsoft.windows.common-controls_6595b64144ccf1df_6.0.19041.1110_none_60b5254171f9507e;C:\Program Files\Android\Android Studio\jre\bin\server;C:\Users\hp\.gradle\native\e1d6ef7f7dcc3fd88c89a11ec53ec762bb8ba0a96d01ffa2cd45eb1d1d8dd5c5\windows-amd64;C:\Users\hp\.gradle\native\0d407fdbe67a94daf76414ababcb853783967236a71b16ec16e742cd7a986fd3\windows-amd64

VM Arguments:
jvm_args: --add-opens=java.base/java.util=ALL-UNNAMED --add-opens=java.base/java.lang=ALL-UNNAMED --add-opens=java.base/java.lang.invoke=ALL-UNNAMED --add-opens=java.base/java.util=ALL-UNNAMED --add-opens=java.prefs/java.util.prefs=ALL-UNNAMED --add-opens=java.prefs/java.util.prefs=ALL-UNNAMED --add-opens=java.base/java.nio.charset=ALL-UNNAMED --add-opens=java.base/java.net=ALL-UNNAMED --add-opens=java.base/java.util.concurrent.atomic=ALL-UNNAMED -Xmx2048m -Dfile.encoding=UTF-8 -Duser.country=US -Duser.language=en -Duser.variant 
java_command: org.gradle.launcher.daemon.bootstrap.GradleDaemon 7.4
java_class_path (initial): C:\Users\hp\.gradle\wrapper\dists\gradle-7.4-bin\c0gwcg53nkjbqw7r0h0umtfvt\gradle-7.4\lib\gradle-launcher-7.4.jar
Launcher Type: SUN_STANDARD

[Global flags]
     intx CICompilerCount                          = 3                                         {product} {ergonomic}
     uint ConcGCThreads                            = 1                                         {product} {ergonomic}
     uint G1ConcRefinementThreads                  = 4                                         {product} {ergonomic}
   size_t G1HeapRegionSize                         = 1048576                                   {product} {ergonomic}
    uintx GCDrainStackTargetSize                   = 64                                        {product} {ergonomic}
   size_t InitialHeapSize                          = 134217728                                 {product} {ergonomic}
   size_t MarkStackSize                            = 4194304                                   {product} {ergonomic}
   size_t MaxHeapSize                              = 2147483648                                {product} {command line}
   size_t MaxNewSize                               = 1287651328                                {product} {ergonomic}
   size_t MinHeapDeltaBytes                        = 1048576                                   {product} {ergonomic}
    uintx NonNMethodCodeHeapSize                   = 5830732                                {pd product} {ergonomic}
    uintx NonProfiledCodeHeapSize                  = 122913754                              {pd product} {ergonomic}
    uintx ProfiledCodeHeapSize                     = 122913754                              {pd product} {ergonomic}
    uintx ReservedCodeCacheSize                    = 251658240                              {pd product} {ergonomic}
     bool SegmentedCodeCache                       = true                                      {product} {ergonomic}
     bool UseCompressedClassPointers               = true                                 {lp64_product} {ergonomic}
     bool UseCompressedOops                        = true                                 {lp64_product} {ergonomic}
     bool UseG1GC                                  = true                                      {product} {ergonomic}
     bool UseLargePagesIndividualAllocation        = false                                  {pd product} {ergonomic}

Logging:
Log output configuration:
 #0: stdout all=warning uptime,level,tags
 #1: stderr all=off uptime,level,tags

Environment Variables:
PATH=C:\Program Files (x86)\VMware\VMware Workstation\bin\;C:\Program Files (x86)\NVIDIA Corporation\PhysX\Common;C:\Windows\system32;C:\Windows;C:\Windows\System32\Wbem;C:\Windows\System32\WindowsPowerShell\v1.0\;C:\Windows\System32\OpenSSH\;C:\Users\hp\Documents\Java\jdk1.8.0_111\bin;c:\Program Files (x86)\Microsoft SQL Server\90\Tools\binn\;C:\Program Files\dotnet\;C:\Program Files\Microsoft SQL Server\150\Tools\Binn\;C:\Program Files\Microsoft SQL Server\Client SDK\ODBC\170\Tools\Binn\;C:\Program Files\Git\cmd;C:\Program Files\nodejs\;C:\ProgramData\chocolatey\bin;C:\Users\hp\AppData\Local\Programs\Python\Python310\Scripts\;C:\Users\hp\AppData\Local\Programs\Python\Python310\;C:\Users\hp\AppData\Local\Programs\Python\Launcher\;C:\Users\hp\AppData\Local\Microsoft\WindowsApps;C:\Program Files\Java\jdk1.8.0_111\bin;;C:\Program Files\JetBrains\PyCharm Community Edition 2022.3.1\bin;;C:\Users\hp\.dotnet\tools;C:\Users\hp\AppData\Roaming\npm;C:\Users\hp\AppData\Local\Programs\Microsoft VS Code\bin
USERNAME=hp
OS=Windows_NT
PROCESSOR_IDENTIFIER=Intel64 Family 6 Model 69 Stepping 1, GenuineIntel



---------------  S Y S T E M  ---------------

OS: Windows 10 , 64 bit Build 19041 (10.0.19041.3155)
OS uptime: 2 days 12:06 hours

CPU:total 4 (initial active 4) (2 cores per cpu, 2 threads per core) family 6 model 69 stepping 1 microcode 0x25, cmov, cx8, fxsr, mmx, sse, sse2, sse3, ssse3, sse4.1, sse4.2, popcnt, avx, avx2, aes, clmul, erms, lzcnt, ht, tsc, tscinvbit, bmi1, bmi2, fma

Memory: 4k page, system-wide physical 8089M (859M free)
TotalPageFile size 10949M (AvailPageFile size 1M)
current process WorkingSet (physical memory assigned to process): 231M, peak: 231M
current process commit charge ("private bytes"): 322M, peak: 323M

vm_info: OpenJDK 64-Bit Server VM (11.0.13+0-b1751.21-8125866) for windows-amd64 JRE (11.0.13+0-b1751.21-8125866), built on Feb  2 2022 03:00:22 by "builder" with MS VC++ 14.0 (VS2015)

END.
