#
# There is insufficient memory for the Java Runtime Environment to continue.
# Native memory allocation (mmap) failed to map 56623104 bytes for Failed to commit area from 0x0000000090b00000 to 0x0000000094100000 of length 56623104.
# Possible reasons:
#   The system is out of physical RAM or swap space
#   The process is running with CompressedOops enabled, and the Java Heap may be blocking the growth of the native heap
# Possible solutions:
#   Reduce memory load on the system
#   Increase physical memory or swap space
#   Check if swap backing store is full
#   Decrease Java heap size (-Xmx/-Xms)
#   Decrease number of Java threads
#   Decrease Java thread stack sizes (-Xss)
#   Set larger code cache with -XX:ReservedCodeCacheSize=
#   JVM is running with Unscaled Compressed Oops mode in which the Java heap is
#     placed in the first 4GB address space. The Java Heap base address is the
#     maximum limit for the native heap growth. Please use -XX:HeapBaseMinAddress
#     to set the Java Heap base and to place the Java Heap above 4GB virtual address.
# This output file may be truncated or incomplete.
#
#  Out of Memory Error (./src/hotspot/os/windows/os_windows.cpp:3619), pid=2876, tid=5448
#
# JRE version: OpenJDK Runtime Environment (11.0.13) (build 11.0.13+0-b1751.21-8125866)
# Java VM: OpenJDK 64-Bit Server VM (11.0.13+0-b1751.21-8125866, mixed mode, tiered, compressed oops, g1 gc, windows-amd64)
# No core dump will be written. Minidumps are not enabled by default on client versions of Windows
#

---------------  S U M M A R Y ------------

Command Line: --add-opens=java.base/java.util=ALL-UNNAMED --add-opens=java.base/java.lang=ALL-UNNAMED --add-opens=java.base/java.lang.invoke=ALL-UNNAMED --add-opens=java.base/java.util=ALL-UNNAMED --add-opens=java.prefs/java.util.prefs=ALL-UNNAMED --add-opens=java.prefs/java.util.prefs=ALL-UNNAMED --add-opens=java.base/java.nio.charset=ALL-UNNAMED --add-opens=java.base/java.net=ALL-UNNAMED --add-opens=java.base/java.util.concurrent.atomic=ALL-UNNAMED -Xmx2048m -Dfile.encoding=UTF-8 -Duser.country=US -Duser.language=en -Duser.variant org.gradle.launcher.daemon.bootstrap.GradleDaemon 7.5

Host: Intel(R) Core(TM) i5-4300U CPU @ 1.90GHz, 4 cores, 7G,  Windows 10 , 64 bit Build 19041 (10.0.19041.3155)
Time: Thu Aug 24 19:33:34 2023 E. Africa Standard Time elapsed time: 28.942848 seconds (0d 0h 0m 28s)

---------------  T H R E A D  ---------------

Current thread (0x0000018e2fb9d000):  VMThread "VM Thread" [stack: 0x00000010ba900000,0x00000010baa00000] [id=5448]

Stack: [0x00000010ba900000,0x00000010baa00000]
[error occurred during error reporting (printing stack bounds), id 0xc0000005, EXCEPTION_ACCESS_VIOLATION (0xc0000005) at pc=0x0000018e1930112d]

Native frames: (J=compiled Java code, j=interpreted, Vv=VM code, C=native code)
V  [jvm.dll+0x6100fa]
V  [jvm.dll+0x747090]
V  [jvm.dll+0x7486ad]
V  [jvm.dll+0x748ce5]
V  [jvm.dll+0x748c9b]
V  [jvm.dll+0x60f224]
V  [jvm.dll+0x60f9b8]
C  [ntdll.dll+0xa23df]
C  [ntdll.dll+0x514b4]
C  [ntdll.dll+0xa0eee]
C  0x0000018e1930112d

VM_Operation (0x00000010bbcf8040): G1CollectForAllocation, mode: safepoint, requested by thread 0x0000018e326cd800


---------------  P R O C E S S  ---------------

Threads class SMR info:
_java_thread_list=0x0000018e38287e20, length=85, elements={
0x0000018e14010000, 0x0000018e2fba1000, 0x0000018e2fba2800, 0x0000018e2fbbd000,
0x0000018e2fbbe000, 0x0000018e2fbc0800, 0x0000018e2fbc4000, 0x0000018e2fbc8800,
0x0000018e2fbcc800, 0x0000018e30681800, 0x0000018e33280800, 0x0000018e3089f800,
0x0000018e32aa8000, 0x0000018e3242b000, 0x0000018e31e24800, 0x0000018e32ffd000,
0x0000018e326cd800, 0x0000018e32fd4800, 0x0000018e32f7e800, 0x0000018e335f5000,
0x0000018e32cf8000, 0x0000018e32cf5800, 0x0000018e32cf6800, 0x0000018e32cf3000,
0x0000018e32cf4800, 0x0000018e32cf4000, 0x0000018e32cf7000, 0x0000018e32cf2800,
0x0000018e32cf9000, 0x0000018e341cc800, 0x0000018e341cd800, 0x0000018e341d1800,
0x0000018e341d0800, 0x0000018e341cf000, 0x0000018e341cc000, 0x0000018e341d5800,
0x0000018e341d0000, 0x0000018e341d8000, 0x0000018e341d9800, 0x0000018e341da800,
0x0000018e341d6800, 0x0000018e341d9000, 0x0000018e341d7000, 0x0000018e3156e000,
0x0000018e31569000, 0x0000018e3156b800, 0x0000018e3156a800, 0x0000018e3156c000,
0x0000018e3156d000, 0x0000018e3156e800, 0x0000018e3156f800, 0x0000018e31569800,
0x0000018e31570000, 0x0000018e31572800, 0x0000018e31573800, 0x0000018e31572000,
0x0000018e31571000, 0x0000018e31574800, 0x0000018e31575000, 0x0000018e31576000,
0x0000018e31577000, 0x0000018e31577800, 0x0000018e31c75800, 0x0000018e31c74800,
0x0000018e31c76000, 0x0000018e31c77000, 0x0000018e31c72000, 0x0000018e31c71800,
0x0000018e31c73800, 0x0000018e31c73000, 0x0000018e31c7d800, 0x0000018e31c7b000,
0x0000018e31c7a000, 0x0000018e31c7c800, 0x0000018e31c79800, 0x0000018e31c78000,
0x0000018e31c7e800, 0x0000018e31c78800, 0x0000018e31c7f000, 0x0000018e31c80000,
0x0000018e367e0000, 0x0000018e367e3800, 0x0000018e367e1000, 0x0000018e367dd800,
0x0000018e311ba800
}

Java Threads: ( => current thread )
  0x0000018e14010000 JavaThread "main" [_thread_blocked, id=10284, stack(0x00000010ba300000,0x00000010ba400000)]
  0x0000018e2fba1000 JavaThread "Reference Handler" daemon [_thread_blocked, id=8048, stack(0x00000010baa00000,0x00000010bab00000)]
  0x0000018e2fba2800 JavaThread "Finalizer" daemon [_thread_blocked, id=5340, stack(0x00000010bab00000,0x00000010bac00000)]
  0x0000018e2fbbd000 JavaThread "Signal Dispatcher" daemon [_thread_blocked, id=4756, stack(0x00000010bac00000,0x00000010bad00000)]
  0x0000018e2fbbe000 JavaThread "Attach Listener" daemon [_thread_blocked, id=7508, stack(0x00000010bad00000,0x00000010bae00000)]
  0x0000018e2fbc0800 JavaThread "Service Thread" daemon [_thread_blocked, id=8476, stack(0x00000010bae00000,0x00000010baf00000)]
  0x0000018e2fbc4000 JavaThread "C2 CompilerThread0" daemon [_thread_blocked, id=9204, stack(0x00000010baf00000,0x00000010bb000000)]
  0x0000018e2fbc8800 JavaThread "C1 CompilerThread0" daemon [_thread_blocked, id=10632, stack(0x00000010bb000000,0x00000010bb100000)]
  0x0000018e2fbcc800 JavaThread "Sweeper thread" daemon [_thread_blocked, id=4808, stack(0x00000010bb100000,0x00000010bb200000)]
  0x0000018e30681800 JavaThread "Common-Cleaner" daemon [_thread_blocked, id=3388, stack(0x00000010bb200000,0x00000010bb300000)]
  0x0000018e33280800 JavaThread "Daemon health stats" [_thread_blocked, id=8196, stack(0x00000010bb700000,0x00000010bb800000)]
  0x0000018e3089f800 JavaThread "Incoming local TCP Connector on port 11984" [_thread_in_native, id=6360, stack(0x00000010bb400000,0x00000010bb500000)]
  0x0000018e32aa8000 JavaThread "Daemon periodic checks" [_thread_blocked, id=7840, stack(0x00000010bb800000,0x00000010bb900000)]
  0x0000018e3242b000 JavaThread "Daemon" [_thread_blocked, id=9496, stack(0x00000010bb900000,0x00000010bba00000)]
  0x0000018e31e24800 JavaThread "Handler for socket connection from /127.0.0.1:11984 to /127.0.0.1:11985" [_thread_in_native, id=9264, stack(0x00000010bba00000,0x00000010bbb00000)]
  0x0000018e32ffd000 JavaThread "Cancel handler" [_thread_blocked, id=8004, stack(0x00000010bbb00000,0x00000010bbc00000)]
  0x0000018e326cd800 JavaThread "Daemon worker" [_thread_blocked, id=11016, stack(0x00000010bbc00000,0x00000010bbd00000)]
  0x0000018e32fd4800 JavaThread "Asynchronous log dispatcher for DefaultDaemonConnection: socket connection from /127.0.0.1:11984 to /127.0.0.1:11985" [_thread_blocked, id=4760, stack(0x00000010bbd00000,0x00000010bbe00000)]
  0x0000018e32f7e800 JavaThread "Stdin handler" [_thread_blocked, id=7620, stack(0x00000010bbe00000,0x00000010bbf00000)]
  0x0000018e335f5000 JavaThread "Daemon client event forwarder" [_thread_blocked, id=11204, stack(0x00000010bbf00000,0x00000010bc000000)]
  0x0000018e32cf8000 JavaThread "Cache worker for journal cache (C:\Users\hp\.gradle\caches\journal-1)" [_thread_blocked, id=9776, stack(0x00000010bc100000,0x00000010bc200000)]
  0x0000018e32cf5800 JavaThread "File lock request listener" [_thread_in_native, id=224, stack(0x00000010bc200000,0x00000010bc300000)]
  0x0000018e32cf6800 JavaThread "Cache worker for file hash cache (C:\Users\hp\.gradle\caches\7.5\fileHashes)" [_thread_blocked, id=7368, stack(0x00000010bc400000,0x00000010bc500000)]
  0x0000018e32cf3000 JavaThread "File watcher server" daemon [_thread_in_native, id=11108, stack(0x00000010bc500000,0x00000010bc600000)]
  0x0000018e32cf4800 JavaThread "File watcher consumer" daemon [_thread_blocked, id=4016, stack(0x00000010bc600000,0x00000010bc700000)]
  0x0000018e32cf4000 JavaThread "jar transforms" [_thread_blocked, id=10996, stack(0x00000010bc700000,0x00000010bc800000)]
  0x0000018e32cf7000 JavaThread "jar transforms Thread 2" [_thread_blocked, id=1608, stack(0x00000010bc800000,0x00000010bc900000)]
  0x0000018e32cf2800 JavaThread "jar transforms Thread 3" [_thread_blocked, id=10972, stack(0x00000010bc900000,0x00000010bca00000)]
  0x0000018e32cf9000 JavaThread "jar transforms Thread 4" [_thread_blocked, id=2956, stack(0x00000010bca00000,0x00000010bcb00000)]
  0x0000018e341cc800 JavaThread "Cache worker for checksums cache (C:\Users\hp\Desktop\eCommerceApp\.gradle\7.5\checksums)" [_thread_blocked, id=1268, stack(0x00000010bcb00000,0x00000010bcc00000)]
  0x0000018e341cd800 JavaThread "Cache worker for cache directory md-rule (C:\Users\hp\.gradle\caches\7.5\md-rule)" [_thread_blocked, id=9068, stack(0x00000010bcc00000,0x00000010bcd00000)]
  0x0000018e341d1800 JavaThread "Cache worker for file content cache (C:\Users\hp\.gradle\caches\7.5\fileContent)" [_thread_blocked, id=5776, stack(0x00000010bcd00000,0x00000010bce00000)]
  0x0000018e341d0800 JavaThread "Cache worker for file hash cache (C:\Users\hp\Desktop\eCommerceApp\.gradle\7.5\fileHashes)" [_thread_blocked, id=5368, stack(0x00000010bce00000,0x00000010bcf00000)]
  0x0000018e341cf000 JavaThread "Cache worker for cache directory md-supplier (C:\Users\hp\.gradle\caches\7.5\md-supplier)" [_thread_blocked, id=11580, stack(0x00000010bcf00000,0x00000010bd000000)]
  0x0000018e341cc000 JavaThread "Cache worker for execution history cache (C:\Users\hp\.gradle\caches\7.5\executionHistory)" [_thread_blocked, id=9648, stack(0x00000010bd000000,0x00000010bd100000)]
  0x0000018e341d5800 JavaThread "Cache worker for dependencies-accessors (C:\Users\hp\Desktop\eCommerceApp\.gradle\7.5\dependencies-accessors)" [_thread_blocked, id=5576, stack(0x00000010bd100000,0x00000010bd200000)]
  0x0000018e341d0000 JavaThread "Cache worker for Build Output Cleanup Cache (C:\Users\hp\Desktop\eCommerceApp\.gradle\buildOutputCleanup)" [_thread_blocked, id=5864, stack(0x00000010bd200000,0x00000010bd300000)]
  0x0000018e341d8000 JavaThread "Unconstrained build operations" [_thread_blocked, id=9368, stack(0x00000010bd300000,0x00000010bd400000)]
  0x0000018e341d9800 JavaThread "Unconstrained build operations Thread 2" [_thread_blocked, id=9676, stack(0x00000010bd400000,0x00000010bd500000)]
  0x0000018e341da800 JavaThread "Unconstrained build operations Thread 3" [_thread_blocked, id=8968, stack(0x00000010bd500000,0x00000010bd600000)]
  0x0000018e341d6800 JavaThread "Unconstrained build operations Thread 4" [_thread_blocked, id=10416, stack(0x00000010bd600000,0x00000010bd700000)]
  0x0000018e341d9000 JavaThread "Unconstrained build operations Thread 5" [_thread_blocked, id=9536, stack(0x00000010bd700000,0x00000010bd800000)]
  0x0000018e341d7000 JavaThread "Unconstrained build operations Thread 6" [_thread_blocked, id=3356, stack(0x00000010bd800000,0x00000010bd900000)]
  0x0000018e3156e000 JavaThread "Unconstrained build operations Thread 7" [_thread_blocked, id=10760, stack(0x00000010bd900000,0x00000010bda00000)]
  0x0000018e31569000 JavaThread "Unconstrained build operations Thread 8" [_thread_blocked, id=11576, stack(0x00000010bda00000,0x00000010bdb00000)]
  0x0000018e3156b800 JavaThread "Unconstrained build operations Thread 9" [_thread_blocked, id=9140, stack(0x00000010bdb00000,0x00000010bdc00000)]
  0x0000018e3156a800 JavaThread "Unconstrained build operations Thread 10" [_thread_blocked, id=5632, stack(0x00000010bdc00000,0x00000010bdd00000)]
  0x0000018e3156c000 JavaThread "Unconstrained build operations Thread 11" [_thread_blocked, id=8840, stack(0x00000010bdd00000,0x00000010bde00000)]
  0x0000018e3156d000 JavaThread "Unconstrained build operations Thread 12" [_thread_blocked, id=4192, stack(0x00000010bde00000,0x00000010bdf00000)]
  0x0000018e3156e800 JavaThread "Unconstrained build operations Thread 13" [_thread_blocked, id=9744, stack(0x00000010bdf00000,0x00000010be000000)]
  0x0000018e3156f800 JavaThread "Unconstrained build operations Thread 14" [_thread_blocked, id=3176, stack(0x00000010be000000,0x00000010be100000)]
  0x0000018e31569800 JavaThread "Unconstrained build operations Thread 15" [_thread_blocked, id=12268, stack(0x00000010be100000,0x00000010be200000)]
  0x0000018e31570000 JavaThread "Unconstrained build operations Thread 16" [_thread_blocked, id=11596, stack(0x00000010be200000,0x00000010be300000)]
  0x0000018e31572800 JavaThread "Unconstrained build operations Thread 17" [_thread_blocked, id=7348, stack(0x00000010be300000,0x00000010be400000)]
  0x0000018e31573800 JavaThread "Unconstrained build operations Thread 18" [_thread_blocked, id=9812, stack(0x00000010be400000,0x00000010be500000)]
  0x0000018e31572000 JavaThread "Unconstrained build operations Thread 19" [_thread_blocked, id=6860, stack(0x00000010be500000,0x00000010be600000)]
  0x0000018e31571000 JavaThread "Unconstrained build operations Thread 20" [_thread_blocked, id=8224, stack(0x00000010be600000,0x00000010be700000)]
  0x0000018e31574800 JavaThread "Unconstrained build operations Thread 21" [_thread_blocked, id=5988, stack(0x00000010be700000,0x00000010be800000)]
  0x0000018e31575000 JavaThread "Unconstrained build operations Thread 22" [_thread_blocked, id=4000, stack(0x00000010be800000,0x00000010be900000)]
  0x0000018e31576000 JavaThread "Unconstrained build operations Thread 23" [_thread_blocked, id=7784, stack(0x00000010be900000,0x00000010bea00000)]
  0x0000018e31577000 JavaThread "Unconstrained build operations Thread 24" [_thread_blocked, id=9524, stack(0x00000010bea00000,0x00000010beb00000)]
  0x0000018e31577800 JavaThread "Unconstrained build operations Thread 25" [_thread_blocked, id=9592, stack(0x00000010beb00000,0x00000010bec00000)]
  0x0000018e31c75800 JavaThread "Unconstrained build operations Thread 26" [_thread_blocked, id=2444, stack(0x00000010bec00000,0x00000010bed00000)]
  0x0000018e31c74800 JavaThread "Unconstrained build operations Thread 27" [_thread_blocked, id=9360, stack(0x00000010bed00000,0x00000010bee00000)]
  0x0000018e31c76000 JavaThread "Unconstrained build operations Thread 28" [_thread_blocked, id=11044, stack(0x00000010bee00000,0x00000010bef00000)]
  0x0000018e31c77000 JavaThread "Unconstrained build operations Thread 29" [_thread_blocked, id=7680, stack(0x00000010bef00000,0x00000010bf000000)]
  0x0000018e31c72000 JavaThread "Unconstrained build operations Thread 30" [_thread_blocked, id=7992, stack(0x00000010bf000000,0x00000010bf100000)]
  0x0000018e31c71800 JavaThread "Unconstrained build operations Thread 31" [_thread_blocked, id=11076, stack(0x00000010bf100000,0x00000010bf200000)]
  0x0000018e31c73800 JavaThread "Unconstrained build operations Thread 32" [_thread_blocked, id=11388, stack(0x00000010bf200000,0x00000010bf300000)]
  0x0000018e31c73000 JavaThread "Unconstrained build operations Thread 33" [_thread_blocked, id=5076, stack(0x00000010bf300000,0x00000010bf400000)]
  0x0000018e31c7d800 JavaThread "Unconstrained build operations Thread 34" [_thread_blocked, id=9340, stack(0x00000010bf400000,0x00000010bf500000)]
  0x0000018e31c7b000 JavaThread "Unconstrained build operations Thread 35" [_thread_blocked, id=9344, stack(0x00000010bf500000,0x00000010bf600000)]
  0x0000018e31c7a000 JavaThread "Unconstrained build operations Thread 36" [_thread_blocked, id=9356, stack(0x00000010bf600000,0x00000010bf700000)]
  0x0000018e31c7c800 JavaThread "Unconstrained build operations Thread 37" [_thread_blocked, id=10984, stack(0x00000010bf700000,0x00000010bf800000)]
  0x0000018e31c79800 JavaThread "Unconstrained build operations Thread 38" [_thread_blocked, id=6628, stack(0x00000010bf800000,0x00000010bf900000)]
  0x0000018e31c78000 JavaThread "Unconstrained build operations Thread 39" [_thread_blocked, id=8420, stack(0x00000010bf900000,0x00000010bfa00000)]
  0x0000018e31c7e800 JavaThread "Unconstrained build operations Thread 40" [_thread_blocked, id=1728, stack(0x00000010bfa00000,0x00000010bfb00000)]
  0x0000018e31c78800 JavaThread "Memory manager" [_thread_blocked, id=10636, stack(0x00000010bfb00000,0x00000010bfc00000)]
  0x0000018e31c7f000 JavaThread "pool-3-thread-1" [_thread_blocked, id=11600, stack(0x00000010bfc00000,0x00000010bfd00000)]
  0x0000018e31c80000 JavaThread "included builds" [_thread_blocked, id=3916, stack(0x00000010bfd00000,0x00000010bfe00000)]
  0x0000018e367e0000 JavaThread "Execution worker" [_thread_blocked, id=1392, stack(0x00000010bfe00000,0x00000010bff00000)]
  0x0000018e367e3800 JavaThread "Execution worker Thread 2" [_thread_blocked, id=8716, stack(0x00000010bff00000,0x00000010c0000000)]
  0x0000018e367e1000 JavaThread "Execution worker Thread 3" [_thread_blocked, id=7616, stack(0x00000010c0000000,0x00000010c0100000)]
  0x0000018e367dd800 JavaThread "Cache worker for execution history cache (C:\Users\hp\Desktop\eCommerceApp\.gradle\7.5\executionHistory)" [_thread_blocked, id=7916, stack(0x00000010c0100000,0x00000010c0200000)]
  0x0000018e311ba800 JavaThread "C2 CompilerThread1" daemon [_thread_blocked, id=11964, stack(0x00000010bc000000,0x00000010bc100000)]

Other Threads:
=>0x0000018e2fb9d000 VMThread "VM Thread" [stack: 0x00000010ba900000,0x00000010baa00000] [id=5448]
  0x0000018e30693000 WatcherThread [stack: 0x00000010bb300000,0x00000010bb400000] [id=9552]
  0x0000018e14028000 GCTaskThread "GC Thread#0" [stack: 0x00000010ba400000,0x00000010ba500000] [id=1096]
  0x0000018e30bdb800 GCTaskThread "GC Thread#1" [stack: 0x00000010bb500000,0x00000010bb600000] [id=7432]
  0x0000018e308fe000 GCTaskThread "GC Thread#2" [stack: 0x00000010bb600000,0x00000010bb700000] [id=9276]
  0x0000018e32fd1800 GCTaskThread "GC Thread#3" [stack: 0x00000010bc300000,0x00000010bc400000] [id=8052]
  0x0000018e14059800 ConcurrentGCThread "G1 Main Marker" [stack: 0x00000010ba500000,0x00000010ba600000] [id=11656]
  0x0000018e1405b000 ConcurrentGCThread "G1 Conc#0" [stack: 0x00000010ba600000,0x00000010ba700000] [id=2672]
  0x0000018e140eb800 ConcurrentGCThread "G1 Refine#0" [stack: 0x00000010ba700000,0x00000010ba800000] [id=4008]
  0x0000018e140ec800 ConcurrentGCThread "G1 Young RemSet Sampling" [stack: 0x00000010ba800000,0x00000010ba900000] [id=2460]

Threads with active compile tasks:
C2 CompilerThread0  28960 13227       4       org.gradle.api.internal.artifacts.ivyservice.resolveengine.result.ResolvedVariantResultSerializer::read (132 bytes)
C2 CompilerThread1  28960 12804   !   4       java.nio.file.FileTreeWalker::visit (204 bytes)

VM state:at safepoint (normal execution)

VM Mutex/Monitor currently owned by a thread:  ([mutex/lock_event])
[0x0000018e1400bb90] Threads_lock - owner thread: 0x0000018e2fb9d000
[0x0000018e1400b710] Heap_lock - owner thread: 0x0000018e326cd800

Heap address: 0x0000000080000000, size: 2048 MB, Compressed Oops mode: 32-bit
Narrow klass base: 0x0000000000000000, Narrow klass shift: 3
Compressed class space size: 1073741824 Address: 0x0000000100000000

Heap:
 garbage-first heap   total 328704K, used 154021K [0x0000000080000000, 0x0000000100000000)
  region size 1024K, 7 young (7168K), 7 survivors (7168K)
 Metaspace       used 113241K, capacity 115912K, committed 116048K, reserved 1150976K
  class space    used 14457K, capacity 15419K, committed 15520K, reserved 1048576K
Heap Regions: E=young(eden), S=young(survivor), O=old, HS=humongous(starts), HC=humongous(continues), CS=collection set, F=free, A=archive, TAMS=top-at-mark-start (previous, next)
|   0|0x0000000080000000, 0x0000000080100000, 0x0000000080100000|100%|HS|  |TAMS 0x0000000080100000, 0x0000000080000000| Complete 
|   1|0x0000000080100000, 0x0000000080200000, 0x0000000080200000|100%|HC|  |TAMS 0x0000000080200000, 0x0000000080100000| Complete 
|   2|0x0000000080200000, 0x0000000080300000, 0x0000000080300000|100%|HC|  |TAMS 0x0000000080300000, 0x0000000080200000| Complete 
|   3|0x0000000080300000, 0x0000000080400000, 0x0000000080400000|100%| O|  |TAMS 0x0000000080400000, 0x0000000080300000| Untracked 
|   4|0x0000000080400000, 0x0000000080500000, 0x0000000080500000|100%| O|  |TAMS 0x0000000080500000, 0x0000000080400000| Untracked 
|   5|0x0000000080500000, 0x0000000080600000, 0x0000000080600000|100%| O|  |TAMS 0x0000000080600000, 0x0000000080500000| Untracked 
|   6|0x0000000080600000, 0x0000000080700000, 0x0000000080700000|100%| O|  |TAMS 0x0000000080700000, 0x0000000080600000| Untracked 
|   7|0x0000000080700000, 0x0000000080800000, 0x0000000080800000|100%| O|  |TAMS 0x0000000080800000, 0x0000000080700000| Untracked 
|   8|0x0000000080800000, 0x0000000080900000, 0x0000000080900000|100%| O|  |TAMS 0x0000000080900000, 0x0000000080800000| Untracked 
|   9|0x0000000080900000, 0x0000000080a00000, 0x0000000080a00000|100%| O|  |TAMS 0x0000000080a00000, 0x0000000080900000| Untracked 
|  10|0x0000000080a00000, 0x0000000080b00000, 0x0000000080b00000|100%| O|  |TAMS 0x0000000080b00000, 0x0000000080a00000| Untracked 
|  11|0x0000000080b00000, 0x0000000080c00000, 0x0000000080c00000|100%| O|  |TAMS 0x0000000080c00000, 0x0000000080b00000| Untracked 
|  12|0x0000000080c00000, 0x0000000080d00000, 0x0000000080d00000|100%| O|  |TAMS 0x0000000080d00000, 0x0000000080c00000| Untracked 
|  13|0x0000000080d00000, 0x0000000080e00000, 0x0000000080e00000|100%| O|  |TAMS 0x0000000080e00000, 0x0000000080d00000| Untracked 
|  14|0x0000000080e00000, 0x0000000080f00000, 0x0000000080f00000|100%|HS|  |TAMS 0x0000000080f00000, 0x0000000080e00000| Complete 
|  15|0x0000000080f00000, 0x0000000081000000, 0x0000000081000000|100%|HC|  |TAMS 0x0000000081000000, 0x0000000080f00000| Complete 
|  16|0x0000000081000000, 0x0000000081100000, 0x0000000081100000|100%|HS|  |TAMS 0x0000000081100000, 0x0000000081000000| Complete 
|  17|0x0000000081100000, 0x0000000081200000, 0x0000000081200000|100%|HC|  |TAMS 0x0000000081200000, 0x0000000081100000| Complete 
|  18|0x0000000081200000, 0x0000000081300000, 0x0000000081300000|100%|HC|  |TAMS 0x0000000081300000, 0x0000000081200000| Complete 
|  19|0x0000000081300000, 0x0000000081400000, 0x0000000081400000|100%|HS|  |TAMS 0x0000000081400000, 0x0000000081300000| Complete 
|  20|0x0000000081400000, 0x0000000081500000, 0x0000000081500000|100%|HS|  |TAMS 0x0000000081500000, 0x0000000081400000| Complete 
|  21|0x0000000081500000, 0x0000000081600000, 0x0000000081600000|100%|HC|  |TAMS 0x0000000081600000, 0x0000000081500000| Complete 
|  22|0x0000000081600000, 0x0000000081700000, 0x0000000081700000|100%|HS|  |TAMS 0x0000000081700000, 0x0000000081600000| Complete 
|  23|0x0000000081700000, 0x0000000081800000, 0x0000000081800000|100%|HC|  |TAMS 0x0000000081800000, 0x0000000081700000| Complete 
|  24|0x0000000081800000, 0x0000000081900000, 0x0000000081900000|100%|HC|  |TAMS 0x0000000081900000, 0x0000000081800000| Complete 
|  25|0x0000000081900000, 0x0000000081a00000, 0x0000000081a00000|100%|HS|  |TAMS 0x0000000081a00000, 0x0000000081900000| Complete 
|  26|0x0000000081a00000, 0x0000000081b00000, 0x0000000081b00000|100%|HC|  |TAMS 0x0000000081b00000, 0x0000000081a00000| Complete 
|  27|0x0000000081b00000, 0x0000000081c00000, 0x0000000081c00000|100%|HC|  |TAMS 0x0000000081c00000, 0x0000000081b00000| Complete 
|  28|0x0000000081c00000, 0x0000000081d00000, 0x0000000081d00000|100%| O|  |TAMS 0x0000000081d00000, 0x0000000081c00000| Untracked 
|  29|0x0000000081d00000, 0x0000000081e00000, 0x0000000081e00000|100%|HS|  |TAMS 0x0000000081e00000, 0x0000000081d00000| Complete 
|  30|0x0000000081e00000, 0x0000000081f00000, 0x0000000081f00000|100%|HC|  |TAMS 0x0000000081f00000, 0x0000000081e00000| Complete 
|  31|0x0000000081f00000, 0x0000000082000000, 0x0000000082000000|100%|HC|  |TAMS 0x0000000082000000, 0x0000000081f00000| Complete 
|  32|0x0000000082000000, 0x0000000082100000, 0x0000000082100000|100%|HC|  |TAMS 0x0000000082100000, 0x0000000082000000| Complete 
|  33|0x0000000082100000, 0x0000000082200000, 0x0000000082200000|100%|HS|  |TAMS 0x0000000082200000, 0x0000000082100000| Complete 
|  34|0x0000000082200000, 0x0000000082300000, 0x0000000082300000|100%|HC|  |TAMS 0x0000000082300000, 0x0000000082200000| Complete 
|  35|0x0000000082300000, 0x0000000082400000, 0x0000000082400000|100%|HC|  |TAMS 0x0000000082400000, 0x0000000082300000| Complete 
|  36|0x0000000082400000, 0x0000000082500000, 0x0000000082500000|100%|HC|  |TAMS 0x0000000082500000, 0x0000000082400000| Complete 
|  37|0x0000000082500000, 0x0000000082600000, 0x0000000082600000|100%|HC|  |TAMS 0x0000000082600000, 0x0000000082500000| Complete 
|  38|0x0000000082600000, 0x0000000082700000, 0x0000000082700000|100%| O|  |TAMS 0x0000000082700000, 0x0000000082600000| Untracked 
|  39|0x0000000082700000, 0x0000000082800000, 0x0000000082800000|100%| O|  |TAMS 0x0000000082800000, 0x0000000082700000| Untracked 
|  40|0x0000000082800000, 0x0000000082900000, 0x0000000082900000|100%| O|  |TAMS 0x0000000082900000, 0x0000000082800000| Untracked 
|  41|0x0000000082900000, 0x0000000082a00000, 0x0000000082a00000|100%| O|  |TAMS 0x0000000082a00000, 0x0000000082900000| Untracked 
|  42|0x0000000082a00000, 0x0000000082b00000, 0x0000000082b00000|100%| O|  |TAMS 0x0000000082b00000, 0x0000000082a00000| Untracked 
|  43|0x0000000082b00000, 0x0000000082c00000, 0x0000000082c00000|100%| O|  |TAMS 0x0000000082c00000, 0x0000000082b00000| Untracked 
|  44|0x0000000082c00000, 0x0000000082d00000, 0x0000000082d00000|100%| O|  |TAMS 0x0000000082d00000, 0x0000000082c00000| Untracked 
|  45|0x0000000082d00000, 0x0000000082e00000, 0x0000000082e00000|100%| O|  |TAMS 0x0000000082e00000, 0x0000000082d00000| Untracked 
|  46|0x0000000082e00000, 0x0000000082f00000, 0x0000000082f00000|100%| O|  |TAMS 0x0000000082f00000, 0x0000000082e00000| Untracked 
|  47|0x0000000082f00000, 0x0000000083000000, 0x0000000083000000|100%|HS|  |TAMS 0x0000000083000000, 0x0000000082f00000| Complete 
|  48|0x0000000083000000, 0x0000000083100000, 0x0000000083100000|100%|HC|  |TAMS 0x0000000083100000, 0x0000000083000000| Complete 
|  49|0x0000000083100000, 0x0000000083200000, 0x0000000083200000|100%|HC|  |TAMS 0x0000000083200000, 0x0000000083100000| Complete 
|  50|0x0000000083200000, 0x0000000083300000, 0x0000000083300000|100%|HC|  |TAMS 0x0000000083300000, 0x0000000083200000| Complete 
|  51|0x0000000083300000, 0x0000000083400000, 0x0000000083400000|100%|HS|  |TAMS 0x0000000083400000, 0x0000000083300000| Complete 
|  52|0x0000000083400000, 0x0000000083500000, 0x0000000083500000|100%|HC|  |TAMS 0x0000000083500000, 0x0000000083400000| Complete 
|  53|0x0000000083500000, 0x0000000083600000, 0x0000000083600000|100%|HC|  |TAMS 0x0000000083600000, 0x0000000083500000| Complete 
|  54|0x0000000083600000, 0x0000000083700000, 0x0000000083700000|100%|HS|  |TAMS 0x0000000083700000, 0x0000000083600000| Complete 
|  55|0x0000000083700000, 0x0000000083800000, 0x0000000083800000|100%|HC|  |TAMS 0x0000000083800000, 0x0000000083700000| Complete 
|  56|0x0000000083800000, 0x0000000083900000, 0x0000000083900000|100%|HS|  |TAMS 0x0000000083900000, 0x0000000083800000| Complete 
|  57|0x0000000083900000, 0x0000000083a00000, 0x0000000083a00000|100%|HC|  |TAMS 0x0000000083a00000, 0x0000000083900000| Complete 
|  58|0x0000000083a00000, 0x0000000083b00000, 0x0000000083b00000|100%|HC|  |TAMS 0x0000000083b00000, 0x0000000083a00000| Complete 
|  59|0x0000000083b00000, 0x0000000083c00000, 0x0000000083c00000|100%| O|  |TAMS 0x0000000083c00000, 0x0000000083b00000| Untracked 
|  60|0x0000000083c00000, 0x0000000083d00000, 0x0000000083d00000|100%| O|  |TAMS 0x0000000083d00000, 0x0000000083c00000| Untracked 
|  61|0x0000000083d00000, 0x0000000083e00000, 0x0000000083e00000|100%| O|  |TAMS 0x0000000083e00000, 0x0000000083d00000| Untracked 
|  62|0x0000000083e00000, 0x0000000083f00000, 0x0000000083f00000|100%| O|  |TAMS 0x0000000083f00000, 0x0000000083e00000| Untracked 
|  63|0x0000000083f00000, 0x0000000084000000, 0x0000000084000000|100%| O|  |TAMS 0x0000000084000000, 0x0000000083f00000| Untracked 
|  64|0x0000000084000000, 0x0000000084100000, 0x0000000084100000|100%| O|  |TAMS 0x0000000084100000, 0x0000000084000000| Untracked 
|  65|0x0000000084100000, 0x0000000084200000, 0x0000000084200000|100%| O|  |TAMS 0x0000000084200000, 0x0000000084100000| Untracked 
|  66|0x0000000084200000, 0x0000000084300000, 0x0000000084300000|100%| O|  |TAMS 0x0000000084300000, 0x0000000084200000| Untracked 
|  67|0x0000000084300000, 0x0000000084400000, 0x0000000084400000|100%| O|  |TAMS 0x0000000084400000, 0x0000000084300000| Untracked 
|  68|0x0000000084400000, 0x0000000084500000, 0x0000000084500000|100%| O|  |TAMS 0x0000000084500000, 0x0000000084400000| Untracked 
|  69|0x0000000084500000, 0x0000000084600000, 0x0000000084600000|100%| O|  |TAMS 0x0000000084600000, 0x0000000084500000| Untracked 
|  70|0x0000000084600000, 0x0000000084700000, 0x0000000084700000|100%| O|  |TAMS 0x0000000084700000, 0x0000000084600000| Untracked 
|  71|0x0000000084700000, 0x0000000084800000, 0x0000000084800000|100%|HS|  |TAMS 0x0000000084800000, 0x0000000084700000| Complete 
|  72|0x0000000084800000, 0x0000000084900000, 0x0000000084900000|100%|HS|  |TAMS 0x0000000084900000, 0x0000000084800000| Complete 
|  73|0x0000000084900000, 0x0000000084a00000, 0x0000000084a00000|100%| O|  |TAMS 0x0000000084a00000, 0x0000000084900000| Untracked 
|  74|0x0000000084a00000, 0x0000000084b00000, 0x0000000084b00000|100%|HS|  |TAMS 0x0000000084b00000, 0x0000000084a00000| Complete 
|  75|0x0000000084b00000, 0x0000000084c00000, 0x0000000084c00000|100%|HC|  |TAMS 0x0000000084c00000, 0x0000000084b00000| Complete 
|  76|0x0000000084c00000, 0x0000000084d00000, 0x0000000084d00000|100%|HC|  |TAMS 0x0000000084d00000, 0x0000000084c00000| Complete 
|  77|0x0000000084d00000, 0x0000000084e00000, 0x0000000084e00000|100%|HC|  |TAMS 0x0000000084e00000, 0x0000000084d00000| Complete 
|  78|0x0000000084e00000, 0x0000000084f00000, 0x0000000084f00000|100%|HC|  |TAMS 0x0000000084f00000, 0x0000000084e00000| Complete 
|  79|0x0000000084f00000, 0x0000000085000000, 0x0000000085000000|100%| O|  |TAMS 0x0000000085000000, 0x0000000084f00000| Untracked 
|  80|0x0000000085000000, 0x0000000085100000, 0x0000000085100000|100%| O|  |TAMS 0x0000000085100000, 0x0000000085000000| Untracked 
|  81|0x0000000085100000, 0x0000000085200000, 0x0000000085200000|100%| O|  |TAMS 0x0000000085200000, 0x0000000085100000| Untracked 
|  82|0x0000000085200000, 0x0000000085300000, 0x0000000085300000|100%| O|  |TAMS 0x0000000085300000, 0x0000000085200000| Untracked 
|  83|0x0000000085300000, 0x0000000085400000, 0x0000000085400000|100%| O|  |TAMS 0x0000000085400000, 0x0000000085300000| Untracked 
|  84|0x0000000085400000, 0x0000000085500000, 0x0000000085500000|100%| O|  |TAMS 0x0000000085500000, 0x0000000085400000| Untracked 
|  85|0x0000000085500000, 0x0000000085600000, 0x0000000085600000|100%| O|  |TAMS 0x0000000085600000, 0x0000000085500000| Untracked 
|  86|0x0000000085600000, 0x0000000085700000, 0x0000000085700000|100%| O|  |TAMS 0x0000000085700000, 0x0000000085600000| Untracked 
|  87|0x0000000085700000, 0x0000000085800000, 0x0000000085800000|100%| O|  |TAMS 0x0000000085800000, 0x0000000085700000| Untracked 
|  88|0x0000000085800000, 0x0000000085900000, 0x0000000085900000|100%|HS|  |TAMS 0x0000000085900000, 0x0000000085800000| Complete 
|  89|0x0000000085900000, 0x0000000085a00000, 0x0000000085a00000|100%|HC|  |TAMS 0x0000000085a00000, 0x0000000085900000| Complete 
|  90|0x0000000085a00000, 0x0000000085b00000, 0x0000000085b00000|100%| O|  |TAMS 0x0000000085b00000, 0x0000000085a00000| Untracked 
|  91|0x0000000085b00000, 0x0000000085c00000, 0x0000000085c00000|100%| O|  |TAMS 0x0000000085c00000, 0x0000000085b00000| Untracked 
|  92|0x0000000085c00000, 0x0000000085d00000, 0x0000000085d00000|100%| O|  |TAMS 0x0000000085d00000, 0x0000000085c00000| Untracked 
|  93|0x0000000085d00000, 0x0000000085e00000, 0x0000000085e00000|100%| O|  |TAMS 0x0000000085e00000, 0x0000000085d00000| Untracked 
|  94|0x0000000085e00000, 0x0000000085f00000, 0x0000000085f00000|100%| O|  |TAMS 0x0000000085f00000, 0x0000000085e00000| Untracked 
|  95|0x0000000085f00000, 0x0000000086000000, 0x0000000086000000|100%| O|  |TAMS 0x0000000086000000, 0x0000000085f00000| Untracked 
|  96|0x0000000086000000, 0x0000000086100000, 0x0000000086100000|100%| O|  |TAMS 0x0000000086100000, 0x0000000086000000| Untracked 
|  97|0x0000000086100000, 0x0000000086200000, 0x0000000086200000|100%| O|  |TAMS 0x0000000086200000, 0x0000000086100000| Untracked 
|  98|0x0000000086200000, 0x0000000086300000, 0x0000000086300000|100%| O|  |TAMS 0x0000000086300000, 0x0000000086200000| Untracked 
|  99|0x0000000086300000, 0x0000000086400000, 0x0000000086400000|100%| O|  |TAMS 0x0000000086400000, 0x0000000086300000| Untracked 
| 100|0x0000000086400000, 0x0000000086500000, 0x0000000086500000|100%| O|  |TAMS 0x0000000086500000, 0x0000000086400000| Untracked 
| 101|0x0000000086500000, 0x0000000086600000, 0x0000000086600000|100%| O|  |TAMS 0x0000000086600000, 0x0000000086500000| Untracked 
| 102|0x0000000086600000, 0x0000000086700000, 0x0000000086700000|100%| O|  |TAMS 0x0000000086700000, 0x0000000086600000| Untracked 
| 103|0x0000000086700000, 0x0000000086800000, 0x0000000086800000|100%| O|  |TAMS 0x0000000086800000, 0x0000000086700000| Untracked 
| 104|0x0000000086800000, 0x0000000086900000, 0x0000000086900000|100%| O|  |TAMS 0x0000000086900000, 0x0000000086800000| Untracked 
| 105|0x0000000086900000, 0x0000000086a00000, 0x0000000086a00000|100%| O|  |TAMS 0x0000000086a00000, 0x0000000086900000| Untracked 
| 106|0x0000000086a00000, 0x0000000086b00000, 0x0000000086b00000|100%| O|  |TAMS 0x0000000086b00000, 0x0000000086a00000| Untracked 
| 107|0x0000000086b00000, 0x0000000086c00000, 0x0000000086c00000|100%| O|  |TAMS 0x0000000086c00000, 0x0000000086b00000| Untracked 
| 108|0x0000000086c00000, 0x0000000086d00000, 0x0000000086d00000|100%| O|  |TAMS 0x0000000086d00000, 0x0000000086c00000| Untracked 
| 109|0x0000000086d00000, 0x0000000086e00000, 0x0000000086e00000|100%| O|  |TAMS 0x0000000086e00000, 0x0000000086d00000| Untracked 
| 110|0x0000000086e00000, 0x0000000086f00000, 0x0000000086f00000|100%| O|  |TAMS 0x0000000086f00000, 0x0000000086e00000| Untracked 
| 111|0x0000000086f00000, 0x0000000087000000, 0x0000000087000000|100%|HS|  |TAMS 0x0000000087000000, 0x0000000086f00000| Complete 
| 112|0x0000000087000000, 0x0000000087100000, 0x0000000087100000|100%| O|  |TAMS 0x0000000087100000, 0x0000000087000000| Untracked 
| 113|0x0000000087100000, 0x0000000087200000, 0x0000000087200000|100%| O|  |TAMS 0x0000000087200000, 0x0000000087100000| Untracked 
| 114|0x0000000087200000, 0x0000000087300000, 0x0000000087300000|100%| O|  |TAMS 0x0000000087300000, 0x0000000087200000| Untracked 
| 115|0x0000000087300000, 0x0000000087400000, 0x0000000087400000|100%| O|  |TAMS 0x0000000087400000, 0x0000000087300000| Untracked 
| 116|0x0000000087400000, 0x0000000087500000, 0x0000000087500000|100%| O|  |TAMS 0x0000000087500000, 0x0000000087400000| Untracked 
| 117|0x0000000087500000, 0x0000000087600000, 0x0000000087600000|100%| O|  |TAMS 0x0000000087600000, 0x0000000087500000| Untracked 
| 118|0x0000000087600000, 0x0000000087700000, 0x0000000087700000|100%| O|  |TAMS 0x0000000087700000, 0x0000000087600000| Untracked 
| 119|0x0000000087700000, 0x0000000087800000, 0x0000000087800000|100%| O|  |TAMS 0x0000000087800000, 0x0000000087700000| Untracked 
| 120|0x0000000087800000, 0x0000000087900000, 0x0000000087900000|100%| O|  |TAMS 0x0000000087900000, 0x0000000087800000| Untracked 
| 121|0x0000000087900000, 0x0000000087a00000, 0x0000000087a00000|100%| O|  |TAMS 0x0000000087a00000, 0x0000000087900000| Untracked 
| 122|0x0000000087a00000, 0x0000000087b00000, 0x0000000087b00000|100%| O|  |TAMS 0x0000000087b00000, 0x0000000087a00000| Untracked 
| 123|0x0000000087b00000, 0x0000000087c00000, 0x0000000087c00000|100%| O|  |TAMS 0x0000000087c00000, 0x0000000087b00000| Untracked 
| 124|0x0000000087c00000, 0x0000000087d00000, 0x0000000087d00000|100%| O|  |TAMS 0x0000000087d00000, 0x0000000087c00000| Untracked 
| 125|0x0000000087d00000, 0x0000000087e00000, 0x0000000087e00000|100%| O|  |TAMS 0x0000000087e00000, 0x0000000087d00000| Untracked 
| 126|0x0000000087e00000, 0x0000000087f00000, 0x0000000087f00000|100%| O|  |TAMS 0x0000000087f00000, 0x0000000087e00000| Untracked 
| 127|0x0000000087f00000, 0x0000000088000000, 0x0000000088000000|100%| O|  |TAMS 0x0000000088000000, 0x0000000087f00000| Untracked 
| 128|0x0000000088000000, 0x0000000088100000, 0x0000000088100000|100%| O|  |TAMS 0x0000000088100000, 0x0000000088000000| Untracked 
| 129|0x0000000088100000, 0x0000000088200000, 0x0000000088200000|100%| O|  |TAMS 0x0000000088200000, 0x0000000088100000| Untracked 
| 130|0x0000000088200000, 0x0000000088300000, 0x0000000088300000|100%| O|  |TAMS 0x0000000088300000, 0x0000000088200000| Untracked 
| 131|0x0000000088300000, 0x0000000088400000, 0x0000000088400000|100%| O|  |TAMS 0x00000000883ef800, 0x0000000088300000| Untracked 
| 132|0x0000000088400000, 0x0000000088500000, 0x0000000088500000|100%| O|  |TAMS 0x0000000088400000, 0x0000000088400000| Untracked 
| 133|0x0000000088500000, 0x0000000088600000, 0x0000000088600000|100%| O|  |TAMS 0x0000000088500000, 0x0000000088500000| Untracked 
| 134|0x0000000088600000, 0x0000000088700000, 0x0000000088700000|100%| O|  |TAMS 0x0000000088600000, 0x0000000088600000| Untracked 
| 135|0x0000000088700000, 0x0000000088800000, 0x0000000088800000|100%| O|  |TAMS 0x0000000088700000, 0x0000000088700000| Untracked 
| 136|0x0000000088800000, 0x0000000088900000, 0x0000000088900000|100%| O|  |TAMS 0x0000000088800000, 0x0000000088800000| Untracked 
| 137|0x0000000088900000, 0x0000000088a00000, 0x0000000088a00000|100%| O|  |TAMS 0x0000000088900000, 0x0000000088900000| Untracked 
| 138|0x0000000088a00000, 0x0000000088b00000, 0x0000000088b00000|100%| O|  |TAMS 0x0000000088a00000, 0x0000000088a00000| Untracked 
| 139|0x0000000088b00000, 0x0000000088c00000, 0x0000000088c00000|100%| O|  |TAMS 0x0000000088b00000, 0x0000000088b00000| Untracked 
| 140|0x0000000088c00000, 0x0000000088d00000, 0x0000000088d00000|100%| O|  |TAMS 0x0000000088c00000, 0x0000000088c00000| Untracked 
| 141|0x0000000088d00000, 0x0000000088e00000, 0x0000000088e00000|100%| O|  |TAMS 0x0000000088d00000, 0x0000000088d00000| Untracked 
| 142|0x0000000088e00000, 0x0000000088f00000, 0x0000000088f00000|100%| O|  |TAMS 0x0000000088e00000, 0x0000000088e00000| Untracked 
| 143|0x0000000088f00000, 0x0000000088fe9600, 0x0000000089000000| 91%| O|  |TAMS 0x0000000088f00000, 0x0000000088f00000| Untracked 
| 144|0x0000000089000000, 0x0000000089000000, 0x0000000089100000|  0%| F|  |TAMS 0x0000000089000000, 0x0000000089000000| Untracked 
| 145|0x0000000089100000, 0x0000000089100000, 0x0000000089200000|  0%| F|  |TAMS 0x0000000089100000, 0x0000000089100000| Untracked 
| 146|0x0000000089200000, 0x0000000089200000, 0x0000000089300000|  0%| F|  |TAMS 0x0000000089200000, 0x0000000089200000| Untracked 
| 147|0x0000000089300000, 0x0000000089300000, 0x0000000089400000|  0%| F|  |TAMS 0x0000000089300000, 0x0000000089300000| Untracked 
| 148|0x0000000089400000, 0x0000000089400000, 0x0000000089500000|  0%| F|  |TAMS 0x0000000089400000, 0x0000000089400000| Untracked 
| 149|0x0000000089500000, 0x0000000089500000, 0x0000000089600000|  0%| F|  |TAMS 0x0000000089500000, 0x0000000089500000| Untracked 
| 150|0x0000000089600000, 0x0000000089600000, 0x0000000089700000|  0%| F|  |TAMS 0x0000000089600000, 0x0000000089600000| Untracked 
| 151|0x0000000089700000, 0x0000000089700000, 0x0000000089800000|  0%| F|  |TAMS 0x0000000089700000, 0x0000000089700000| Untracked 
| 152|0x0000000089800000, 0x0000000089800000, 0x0000000089900000|  0%| F|  |TAMS 0x0000000089800000, 0x0000000089800000| Untracked 
| 153|0x0000000089900000, 0x0000000089900000, 0x0000000089a00000|  0%| F|  |TAMS 0x0000000089900000, 0x0000000089900000| Untracked 
| 154|0x0000000089a00000, 0x0000000089a00000, 0x0000000089b00000|  0%| F|  |TAMS 0x0000000089a00000, 0x0000000089a00000| Untracked 
| 155|0x0000000089b00000, 0x0000000089b00000, 0x0000000089c00000|  0%| F|  |TAMS 0x0000000089b00000, 0x0000000089b00000| Untracked 
| 156|0x0000000089c00000, 0x0000000089c00000, 0x0000000089d00000|  0%| F|  |TAMS 0x0000000089c00000, 0x0000000089c00000| Untracked 
| 157|0x0000000089d00000, 0x0000000089d00000, 0x0000000089e00000|  0%| F|  |TAMS 0x0000000089d00000, 0x0000000089d00000| Untracked 
| 158|0x0000000089e00000, 0x0000000089e00000, 0x0000000089f00000|  0%| F|  |TAMS 0x0000000089e00000, 0x0000000089e00000| Untracked 
| 159|0x0000000089f00000, 0x0000000089f00000, 0x000000008a000000|  0%| F|  |TAMS 0x0000000089f00000, 0x0000000089f00000| Untracked 
| 160|0x000000008a000000, 0x000000008a000000, 0x000000008a100000|  0%| F|  |TAMS 0x000000008a000000, 0x000000008a000000| Untracked 
| 161|0x000000008a100000, 0x000000008a100000, 0x000000008a200000|  0%| F|  |TAMS 0x000000008a100000, 0x000000008a100000| Untracked 
| 162|0x000000008a200000, 0x000000008a200000, 0x000000008a300000|  0%| F|  |TAMS 0x000000008a200000, 0x000000008a200000| Untracked 
| 163|0x000000008a300000, 0x000000008a300000, 0x000000008a400000|  0%| F|  |TAMS 0x000000008a300000, 0x000000008a300000| Untracked 
| 164|0x000000008a400000, 0x000000008a400000, 0x000000008a500000|  0%| F|  |TAMS 0x000000008a400000, 0x000000008a400000| Untracked 
| 165|0x000000008a500000, 0x000000008a500000, 0x000000008a600000|  0%| F|  |TAMS 0x000000008a500000, 0x000000008a500000| Untracked 
| 166|0x000000008a600000, 0x000000008a600000, 0x000000008a700000|  0%| F|  |TAMS 0x000000008a600000, 0x000000008a600000| Untracked 
| 167|0x000000008a700000, 0x000000008a700000, 0x000000008a800000|  0%| F|  |TAMS 0x000000008a700000, 0x000000008a700000| Untracked 
| 168|0x000000008a800000, 0x000000008a800000, 0x000000008a900000|  0%| F|  |TAMS 0x000000008a800000, 0x000000008a800000| Untracked 
| 169|0x000000008a900000, 0x000000008a900000, 0x000000008aa00000|  0%| F|  |TAMS 0x000000008a900000, 0x000000008a900000| Untracked 
| 170|0x000000008aa00000, 0x000000008aa00000, 0x000000008ab00000|  0%| F|  |TAMS 0x000000008aa00000, 0x000000008aa00000| Untracked 
| 171|0x000000008ab00000, 0x000000008ab00000, 0x000000008ac00000|  0%| F|  |TAMS 0x000000008ab00000, 0x000000008ab00000| Untracked 
| 172|0x000000008ac00000, 0x000000008ac00000, 0x000000008ad00000|  0%| F|  |TAMS 0x000000008ac00000, 0x000000008ac00000| Untracked 
| 173|0x000000008ad00000, 0x000000008ad00000, 0x000000008ae00000|  0%| F|  |TAMS 0x000000008ad00000, 0x000000008ad00000| Untracked 
| 174|0x000000008ae00000, 0x000000008ae00000, 0x000000008af00000|  0%| F|  |TAMS 0x000000008ae00000, 0x000000008ae00000| Untracked 
| 175|0x000000008af00000, 0x000000008af00000, 0x000000008b000000|  0%| F|  |TAMS 0x000000008af00000, 0x000000008af00000| Untracked 
| 176|0x000000008b000000, 0x000000008b080000, 0x000000008b100000| 50%| S|CS|TAMS 0x000000008b000000, 0x000000008b000000| Complete 
| 177|0x000000008b100000, 0x000000008b200000, 0x000000008b200000|100%| S|CS|TAMS 0x000000008b100000, 0x000000008b100000| Complete 
| 178|0x000000008b200000, 0x000000008b200000, 0x000000008b300000|  0%| F|  |TAMS 0x000000008b200000, 0x000000008b200000| Untracked 
| 179|0x000000008b300000, 0x000000008b300000, 0x000000008b400000|  0%| F|  |TAMS 0x000000008b300000, 0x000000008b300000| Untracked 
| 180|0x000000008b400000, 0x000000008b400000, 0x000000008b500000|  0%| F|  |TAMS 0x000000008b400000, 0x000000008b400000| Untracked 
| 181|0x000000008b500000, 0x000000008b500000, 0x000000008b600000|  0%| F|  |TAMS 0x000000008b500000, 0x000000008b500000| Untracked 
| 182|0x000000008b600000, 0x000000008b600000, 0x000000008b700000|  0%| F|  |TAMS 0x000000008b600000, 0x000000008b600000| Untracked 
| 183|0x000000008b700000, 0x000000008b700000, 0x000000008b800000|  0%| F|  |TAMS 0x000000008b700000, 0x000000008b700000| Untracked 
| 184|0x000000008b800000, 0x000000008b800000, 0x000000008b900000|  0%| F|  |TAMS 0x000000008b800000, 0x000000008b800000| Untracked 
| 185|0x000000008b900000, 0x000000008b900000, 0x000000008ba00000|  0%| F|  |TAMS 0x000000008b900000, 0x000000008b900000| Untracked 
| 186|0x000000008ba00000, 0x000000008ba00000, 0x000000008bb00000|  0%| F|  |TAMS 0x000000008ba00000, 0x000000008ba00000| Untracked 
| 187|0x000000008bb00000, 0x000000008bc00000, 0x000000008bc00000|100%| S|CS|TAMS 0x000000008bb00000, 0x000000008bb00000| Complete 
| 188|0x000000008bc00000, 0x000000008bd00000, 0x000000008bd00000|100%| S|CS|TAMS 0x000000008bc00000, 0x000000008bc00000| Complete 
| 189|0x000000008bd00000, 0x000000008be00000, 0x000000008be00000|100%| S|CS|TAMS 0x000000008bd00000, 0x000000008bd00000| Complete 
| 190|0x000000008be00000, 0x000000008bf00000, 0x000000008bf00000|100%| S|CS|TAMS 0x000000008be00000, 0x000000008be00000| Complete 
| 191|0x000000008bf00000, 0x000000008c000000, 0x000000008c000000|100%| S|CS|TAMS 0x000000008bf00000, 0x000000008bf00000| Complete 
| 192|0x000000008c000000, 0x000000008c000000, 0x000000008c100000|  0%| F|  |TAMS 0x000000008c000000, 0x000000008c000000| Untracked 
| 193|0x000000008c100000, 0x000000008c100000, 0x000000008c200000|  0%| F|  |TAMS 0x000000008c100000, 0x000000008c100000| Untracked 
| 194|0x000000008c200000, 0x000000008c200000, 0x000000008c300000|  0%| F|  |TAMS 0x000000008c200000, 0x000000008c200000| Untracked 
| 195|0x000000008c300000, 0x000000008c300000, 0x000000008c400000|  0%| F|  |TAMS 0x000000008c300000, 0x000000008c300000| Untracked 
| 196|0x000000008c400000, 0x000000008c400000, 0x000000008c500000|  0%| F|  |TAMS 0x000000008c400000, 0x000000008c400000| Untracked 
| 197|0x000000008c500000, 0x000000008c500000, 0x000000008c600000|  0%| F|  |TAMS 0x000000008c500000, 0x000000008c500000| Untracked 
| 198|0x000000008c600000, 0x000000008c600000, 0x000000008c700000|  0%| F|  |TAMS 0x000000008c600000, 0x000000008c600000| Untracked 
| 199|0x000000008c700000, 0x000000008c700000, 0x000000008c800000|  0%| F|  |TAMS 0x000000008c700000, 0x000000008c700000| Untracked 
| 200|0x000000008c800000, 0x000000008c800000, 0x000000008c900000|  0%| F|  |TAMS 0x000000008c800000, 0x000000008c800000| Untracked 
| 201|0x000000008c900000, 0x000000008c900000, 0x000000008ca00000|  0%| F|  |TAMS 0x000000008c900000, 0x000000008c900000| Untracked 
| 202|0x000000008ca00000, 0x000000008ca00000, 0x000000008cb00000|  0%| F|  |TAMS 0x000000008ca00000, 0x000000008ca00000| Untracked 
| 203|0x000000008cb00000, 0x000000008cb00000, 0x000000008cc00000|  0%| F|  |TAMS 0x000000008cb00000, 0x000000008cb00000| Untracked 
| 204|0x000000008cc00000, 0x000000008cc00000, 0x000000008cd00000|  0%| F|  |TAMS 0x000000008cc00000, 0x000000008cc00000| Untracked 
| 205|0x000000008cd00000, 0x000000008cd00000, 0x000000008ce00000|  0%| F|  |TAMS 0x000000008cd00000, 0x000000008cd00000| Untracked 
| 206|0x000000008ce00000, 0x000000008ce00000, 0x000000008cf00000|  0%| F|  |TAMS 0x000000008ce00000, 0x000000008ce00000| Untracked 
| 207|0x000000008cf00000, 0x000000008cf00000, 0x000000008d000000|  0%| F|  |TAMS 0x000000008cf00000, 0x000000008cf00000| Untracked 
| 208|0x000000008d000000, 0x000000008d000000, 0x000000008d100000|  0%| F|  |TAMS 0x000000008d000000, 0x000000008d000000| Untracked 
| 209|0x000000008d100000, 0x000000008d100000, 0x000000008d200000|  0%| F|  |TAMS 0x000000008d100000, 0x000000008d100000| Untracked 
| 210|0x000000008d200000, 0x000000008d200000, 0x000000008d300000|  0%| F|  |TAMS 0x000000008d200000, 0x000000008d200000| Untracked 
| 211|0x000000008d300000, 0x000000008d300000, 0x000000008d400000|  0%| F|  |TAMS 0x000000008d300000, 0x000000008d300000| Untracked 
| 212|0x000000008d400000, 0x000000008d400000, 0x000000008d500000|  0%| F|  |TAMS 0x000000008d400000, 0x000000008d400000| Untracked 
| 213|0x000000008d500000, 0x000000008d500000, 0x000000008d600000|  0%| F|  |TAMS 0x000000008d500000, 0x000000008d500000| Untracked 
| 214|0x000000008d600000, 0x000000008d600000, 0x000000008d700000|  0%| F|  |TAMS 0x000000008d600000, 0x000000008d600000| Untracked 
| 215|0x000000008d700000, 0x000000008d700000, 0x000000008d800000|  0%| F|  |TAMS 0x000000008d700000, 0x000000008d700000| Untracked 
| 216|0x000000008d800000, 0x000000008d800000, 0x000000008d900000|  0%| F|  |TAMS 0x000000008d800000, 0x000000008d800000| Untracked 
| 217|0x000000008d900000, 0x000000008d900000, 0x000000008da00000|  0%| F|  |TAMS 0x000000008d900000, 0x000000008d900000| Untracked 
| 218|0x000000008da00000, 0x000000008da00000, 0x000000008db00000|  0%| F|  |TAMS 0x000000008da00000, 0x000000008da00000| Untracked 
| 219|0x000000008db00000, 0x000000008db00000, 0x000000008dc00000|  0%| F|  |TAMS 0x000000008db00000, 0x000000008db00000| Untracked 
| 220|0x000000008dc00000, 0x000000008dc00000, 0x000000008dd00000|  0%| F|  |TAMS 0x000000008dc00000, 0x000000008dc00000| Untracked 
| 221|0x000000008dd00000, 0x000000008dd00000, 0x000000008de00000|  0%| F|  |TAMS 0x000000008dd00000, 0x000000008dd00000| Untracked 
| 222|0x000000008de00000, 0x000000008de00000, 0x000000008df00000|  0%| F|  |TAMS 0x000000008de00000, 0x000000008de00000| Untracked 
| 223|0x000000008df00000, 0x000000008df00000, 0x000000008e000000|  0%| F|  |TAMS 0x000000008df00000, 0x000000008df00000| Untracked 
| 224|0x000000008e000000, 0x000000008e000000, 0x000000008e100000|  0%| F|  |TAMS 0x000000008e000000, 0x000000008e000000| Untracked 
| 225|0x000000008e100000, 0x000000008e100000, 0x000000008e200000|  0%| F|  |TAMS 0x000000008e100000, 0x000000008e100000| Untracked 
| 226|0x000000008e200000, 0x000000008e200000, 0x000000008e300000|  0%| F|  |TAMS 0x000000008e200000, 0x000000008e200000| Untracked 
| 227|0x000000008e300000, 0x000000008e300000, 0x000000008e400000|  0%| F|  |TAMS 0x000000008e300000, 0x000000008e300000| Untracked 
| 228|0x000000008e400000, 0x000000008e400000, 0x000000008e500000|  0%| F|  |TAMS 0x000000008e400000, 0x000000008e400000| Untracked 
| 229|0x000000008e500000, 0x000000008e500000, 0x000000008e600000|  0%| F|  |TAMS 0x000000008e500000, 0x000000008e500000| Untracked 
| 230|0x000000008e600000, 0x000000008e600000, 0x000000008e700000|  0%| F|  |TAMS 0x000000008e600000, 0x000000008e600000| Untracked 
| 231|0x000000008e700000, 0x000000008e700000, 0x000000008e800000|  0%| F|  |TAMS 0x000000008e700000, 0x000000008e700000| Untracked 
| 232|0x000000008e800000, 0x000000008e800000, 0x000000008e900000|  0%| F|  |TAMS 0x000000008e800000, 0x000000008e800000| Untracked 
| 233|0x000000008e900000, 0x000000008e900000, 0x000000008ea00000|  0%| F|  |TAMS 0x000000008e900000, 0x000000008e900000| Untracked 
| 234|0x000000008ea00000, 0x000000008ea00000, 0x000000008eb00000|  0%| F|  |TAMS 0x000000008ea00000, 0x000000008ea00000| Untracked 
| 235|0x000000008eb00000, 0x000000008eb00000, 0x000000008ec00000|  0%| F|  |TAMS 0x000000008eb00000, 0x000000008eb00000| Untracked 
| 236|0x000000008ec00000, 0x000000008ec00000, 0x000000008ed00000|  0%| F|  |TAMS 0x000000008ec00000, 0x000000008ec00000| Untracked 
| 237|0x000000008ed00000, 0x000000008ed00000, 0x000000008ee00000|  0%| F|  |TAMS 0x000000008ed00000, 0x000000008ed00000| Untracked 
| 238|0x000000008ee00000, 0x000000008ee00000, 0x000000008ef00000|  0%| F|  |TAMS 0x000000008ee00000, 0x000000008ee00000| Untracked 
| 239|0x000000008ef00000, 0x000000008ef00000, 0x000000008f000000|  0%| F|  |TAMS 0x000000008ef00000, 0x000000008ef00000| Untracked 
| 240|0x000000008f000000, 0x000000008f000000, 0x000000008f100000|  0%| F|  |TAMS 0x000000008f000000, 0x000000008f000000| Untracked 
| 241|0x000000008f100000, 0x000000008f100000, 0x000000008f200000|  0%| F|  |TAMS 0x000000008f100000, 0x000000008f100000| Untracked 
| 242|0x000000008f200000, 0x000000008f200000, 0x000000008f300000|  0%| F|  |TAMS 0x000000008f200000, 0x000000008f200000| Untracked 
| 243|0x000000008f300000, 0x000000008f300000, 0x000000008f400000|  0%| F|  |TAMS 0x000000008f300000, 0x000000008f300000| Untracked 
| 244|0x000000008f400000, 0x000000008f400000, 0x000000008f500000|  0%| F|  |TAMS 0x000000008f400000, 0x000000008f400000| Untracked 
| 245|0x000000008f500000, 0x000000008f500000, 0x000000008f600000|  0%| F|  |TAMS 0x000000008f500000, 0x000000008f500000| Untracked 
| 246|0x000000008f600000, 0x000000008f600000, 0x000000008f700000|  0%| F|  |TAMS 0x000000008f600000, 0x000000008f600000| Untracked 
| 247|0x000000008f700000, 0x000000008f700000, 0x000000008f800000|  0%| F|  |TAMS 0x000000008f700000, 0x000000008f700000| Untracked 
| 248|0x000000008f800000, 0x000000008f800000, 0x000000008f900000|  0%| F|  |TAMS 0x000000008f800000, 0x000000008f800000| Untracked 
| 249|0x000000008f900000, 0x000000008f900000, 0x000000008fa00000|  0%| F|  |TAMS 0x000000008f900000, 0x000000008f900000| Untracked 
| 250|0x000000008fa00000, 0x000000008fa00000, 0x000000008fb00000|  0%| F|  |TAMS 0x000000008fa00000, 0x000000008fa00000| Untracked 
| 251|0x000000008fb00000, 0x000000008fb00000, 0x000000008fc00000|  0%| F|  |TAMS 0x000000008fb00000, 0x000000008fb00000| Untracked 
| 252|0x000000008fc00000, 0x000000008fc00000, 0x000000008fd00000|  0%| F|  |TAMS 0x000000008fc00000, 0x000000008fc00000| Untracked 
| 253|0x000000008fd00000, 0x000000008fd00000, 0x000000008fe00000|  0%| F|  |TAMS 0x000000008fd00000, 0x000000008fd00000| Untracked 
| 254|0x000000008fe00000, 0x000000008fe00000, 0x000000008ff00000|  0%| F|  |TAMS 0x000000008fe00000, 0x000000008fe00000| Untracked 
| 255|0x000000008ff00000, 0x000000008ff00000, 0x0000000090000000|  0%| F|  |TAMS 0x000000008ff00000, 0x000000008ff00000| Untracked 
| 256|0x0000000090000000, 0x0000000090000000, 0x0000000090100000|  0%| F|  |TAMS 0x0000000090000000, 0x0000000090000000| Untracked 
| 257|0x0000000090100000, 0x0000000090100000, 0x0000000090200000|  0%| F|  |TAMS 0x0000000090100000, 0x0000000090100000| Untracked 
| 258|0x0000000090200000, 0x0000000090200000, 0x0000000090300000|  0%| F|  |TAMS 0x0000000090200000, 0x0000000090200000| Untracked 
| 259|0x0000000090300000, 0x0000000090300000, 0x0000000090400000|  0%| F|  |TAMS 0x0000000090300000, 0x0000000090300000| Untracked 
| 260|0x0000000090400000, 0x0000000090400000, 0x0000000090500000|  0%| F|  |TAMS 0x0000000090400000, 0x0000000090400000| Untracked 
| 261|0x0000000090500000, 0x0000000090500000, 0x0000000090600000|  0%| F|  |TAMS 0x0000000090500000, 0x0000000090500000| Untracked 
| 262|0x0000000090600000, 0x0000000090600000, 0x0000000090700000|  0%| F|  |TAMS 0x0000000090600000, 0x0000000090600000| Untracked 
| 263|0x0000000090700000, 0x0000000090700000, 0x0000000090800000|  0%| F|  |TAMS 0x0000000090700000, 0x0000000090700000| Untracked 
| 264|0x0000000090800000, 0x0000000090800000, 0x0000000090900000|  0%| F|  |TAMS 0x0000000090800000, 0x0000000090800000| Untracked 
| 265|0x0000000090900000, 0x0000000090900000, 0x0000000090a00000|  0%| F|  |TAMS 0x0000000090900000, 0x0000000090900000| Untracked 
| 266|0x0000000090a00000, 0x0000000090a00000, 0x0000000090b00000|  0%| F|  |TAMS 0x0000000090a00000, 0x0000000090a00000| Untracked 

Card table byte_map: [0x0000018e28d40000,0x0000018e29140000] _byte_map_base: 0x0000018e28940000

Marking Bits (Prev, Next): (CMBitMap*) 0x0000018e14050d10, (CMBitMap*) 0x0000018e14050cd8
 Prev Bits: [0x0000018e2b540000, 0x0000018e2d540000)
 Next Bits: [0x0000018e29540000, 0x0000018e2b540000)

Polling page: 0x0000018e140f0000

Metaspace:

Usage:
  Non-class:     98.14 MB capacity,    96.47 MB ( 98%) used,     1.36 MB (  1%) free+waste,   317.38 KB ( <1%) overhead. 
      Class:     15.06 MB capacity,    14.12 MB ( 94%) used,   820.39 KB (  5%) free+waste,   140.88 KB ( <1%) overhead. 
       Both:    113.20 MB capacity,   110.59 MB ( 98%) used,     2.16 MB (  2%) free+waste,   458.25 KB ( <1%) overhead. 

Virtual space:
  Non-class space:      100.00 MB reserved,      98.17 MB ( 98%) committed 
      Class space:        1.00 GB reserved,      15.16 MB (  1%) committed 
             Both:        1.10 GB reserved,     113.33 MB ( 10%) committed 

Chunk freelists:
   Non-Class:  35.00 KB
       Class:  5.00 KB
        Both:  40.00 KB

MaxMetaspaceSize: 17179869184.00 GB
CompressedClassSpaceSize: 1.00 GB
Initial GC threshold: 20.80 MB
Current GC threshold: 187.42 MB
CDS: off

CodeHeap 'non-profiled nmethods': size=120064Kb used=7565Kb max_used=7565Kb free=112499Kb
 bounds [0x0000018e20dc0000, 0x0000018e21530000, 0x0000018e28300000]
CodeHeap 'profiled nmethods': size=120000Kb used=28706Kb max_used=28706Kb free=91293Kb
 bounds [0x0000018e19890000, 0x0000018e1b4a0000, 0x0000018e20dc0000]
CodeHeap 'non-nmethods': size=5696Kb used=2449Kb max_used=2494Kb free=3246Kb
 bounds [0x0000018e19300000, 0x0000018e19580000, 0x0000018e19890000]
 total_blobs=14134 nmethods=13149 adapters=897
 compilation: enabled
              stopped_count=0, restarted_count=0
 full_count=0

Compilation events (20 events):
Event: 28.865 Thread 0x0000018e2fbc8800 13260       3       org.gradle.api.internal.artifacts.ivyservice.resolveengine.graph.builder.ModuleSelectors::advanceToPreserveOrder (44 bytes)
Event: 28.865 Thread 0x0000018e2fbc8800 nmethod 13260 0x0000018e1b492e90 code [0x0000018e1b493080, 0x0000018e1b493558]
Event: 28.869 Thread 0x0000018e2fbc8800 13262       3       org.gradle.internal.component.external.model.AbstractVariantBackedConfigurationMetadata::getExcludes (4 bytes)
Event: 28.870 Thread 0x0000018e2fbc8800 nmethod 13262 0x0000018e1b493710 code [0x0000018e1b4938c0, 0x0000018e1b493a18]
Event: 28.875 Thread 0x0000018e2fbc8800 13264       3       org.gradle.internal.component.external.model.RealisedVariantBackedConfigurationMetadata::getDependencies (5 bytes)
Event: 28.875 Thread 0x0000018e2fbc8800 nmethod 13264 0x0000018e1b493b10 code [0x0000018e1b493cc0, 0x0000018e1b493dd8]
Event: 28.877 Thread 0x0000018e2fbc8800 13265       3       org.gradle.internal.component.external.model.RealisedVariantBackedConfigurationMetadata::getExcludes (5 bytes)
Event: 28.877 Thread 0x0000018e2fbc8800 nmethod 13265 0x0000018e1b493e90 code [0x0000018e1b494040, 0x0000018e1b4941f8]
Event: 28.894 Thread 0x0000018e2fbc8800 13266       1       org.gradle.api.internal.artifacts.ivyservice.resolveengine.graph.builder.VirtualPlatformState::getParticipatingModules (5 bytes)
Event: 28.894 Thread 0x0000018e2fbc8800 nmethod 13266 0x0000018e21523110 code [0x0000018e215232c0, 0x0000018e21523378]
Event: 28.897 Thread 0x0000018e2fbc8800 13267       3       java.util.Collections$2::tryAdvance (38 bytes)
Event: 28.897 Thread 0x0000018e2fbc8800 nmethod 13267 0x0000018e1b494310 code [0x0000018e1b494500, 0x0000018e1b494898]
Event: 28.898 Thread 0x0000018e2fbc8800 13268       3       org.gradle.internal.component.external.model.AbstractConfigurationMetadata::artifact (6 bytes)
Event: 28.898 Thread 0x0000018e2fbc8800 nmethod 13268 0x0000018e1b494a10 code [0x0000018e1b494c00, 0x0000018e1b495108]
Event: 28.899 Thread 0x0000018e2fbc8800 13269       3       org.gradle.internal.resolve.resolver.DefaultArtifactSelector::resolveArtifacts (55 bytes)
Event: 28.899 Thread 0x0000018e2fbc8800 nmethod 13269 0x0000018e1b495310 code [0x0000018e1b495520, 0x0000018e1b495ab8]
Event: 28.900 Thread 0x0000018e2fbc8800 13270       3       org.gradle.internal.component.external.model.AbstractVariantBackedConfigurationMetadata::getVariants (8 bytes)
Event: 28.900 Thread 0x0000018e2fbc8800 nmethod 13270 0x0000018e1b495c90 code [0x0000018e1b495ea0, 0x0000018e1b4963e8]
Event: 28.902 Thread 0x0000018e2fbc8800 13273   !   3       org.gradle.api.internal.artifacts.ivyservice.resolveengine.result.CachingComponentSelectionDescriptorFactory::getOrCreate (39 bytes)
Event: 28.905 Thread 0x0000018e2fbc8800 nmethod 13273 0x0000018e1b496610 code [0x0000018e1b496940, 0x0000018e1b4980d8]

GC Heap History (20 events):
Event: 15.247 GC heap after
{Heap after GC invocations=23 (full 0):
 garbage-first heap   total 227328K, used 109865K [0x0000000080000000, 0x0000000100000000)
  region size 1024K, 3 young (3072K), 3 survivors (3072K)
 Metaspace       used 74541K, capacity 76493K, committed 76752K, reserved 1116160K
  class space    used 9519K, capacity 10218K, committed 10272K, reserved 1048576K
}
Event: 16.150 GC heap before
{Heap before GC invocations=23 (full 0):
 garbage-first heap   total 227328K, used 180521K [0x0000000080000000, 0x0000000100000000)
  region size 1024K, 72 young (73728K), 3 survivors (3072K)
 Metaspace       used 76898K, capacity 78956K, committed 79184K, reserved 1118208K
  class space    used 9810K, capacity 10588K, committed 10656K, reserved 1048576K
}
Event: 16.163 GC heap after
{Heap after GC invocations=24 (full 0):
 garbage-first heap   total 227328K, used 113456K [0x0000000080000000, 0x0000000100000000)
  region size 1024K, 7 young (7168K), 7 survivors (7168K)
 Metaspace       used 76898K, capacity 78956K, committed 79184K, reserved 1118208K
  class space    used 9810K, capacity 10588K, committed 10656K, reserved 1048576K
}
Event: 17.148 GC heap before
{Heap before GC invocations=25 (full 0):
 garbage-first heap   total 227328K, used 182064K [0x0000000080000000, 0x0000000100000000)
  region size 1024K, 75 young (76800K), 7 survivors (7168K)
 Metaspace       used 81697K, capacity 83850K, committed 84176K, reserved 1122304K
  class space    used 10612K, capacity 11438K, committed 11552K, reserved 1048576K
}
Event: 17.182 GC heap after
{Heap after GC invocations=26 (full 0):
 garbage-first heap   total 227328K, used 118424K [0x0000000080000000, 0x0000000100000000)
  region size 1024K, 9 young (9216K), 9 survivors (9216K)
 Metaspace       used 81697K, capacity 83850K, committed 84176K, reserved 1122304K
  class space    used 10612K, capacity 11438K, committed 11552K, reserved 1048576K
}
Event: 17.534 GC heap before
{Heap before GC invocations=26 (full 0):
 garbage-first heap   total 227328K, used 137880K [0x0000000080000000, 0x0000000100000000)
  region size 1024K, 30 young (30720K), 9 survivors (9216K)
 Metaspace       used 84135K, capacity 86300K, committed 86608K, reserved 1124352K
  class space    used 10836K, capacity 11612K, committed 11680K, reserved 1048576K
}
Event: 17.553 GC heap after
{Heap after GC invocations=27 (full 0):
 garbage-first heap   total 227328K, used 122287K [0x0000000080000000, 0x0000000100000000)
  region size 1024K, 9 young (9216K), 9 survivors (9216K)
 Metaspace       used 84135K, capacity 86300K, committed 86608K, reserved 1124352K
  class space    used 10836K, capacity 11612K, committed 11680K, reserved 1048576K
}
Event: 18.480 GC heap before
{Heap before GC invocations=28 (full 0):
 garbage-first heap   total 227328K, used 181679K [0x0000000080000000, 0x0000000100000000)
  region size 1024K, 66 young (67584K), 9 survivors (9216K)
 Metaspace       used 87081K, capacity 89456K, committed 89680K, reserved 1126400K
  class space    used 11243K, capacity 12099K, committed 12192K, reserved 1048576K
}
Event: 18.501 GC heap after
{Heap after GC invocations=29 (full 0):
 garbage-first heap   total 227328K, used 126658K [0x0000000080000000, 0x0000000100000000)
  region size 1024K, 8 young (8192K), 8 survivors (8192K)
 Metaspace       used 87081K, capacity 89456K, committed 89680K, reserved 1126400K
  class space    used 11243K, capacity 12099K, committed 12192K, reserved 1048576K
}
Event: 19.130 GC heap before
{Heap before GC invocations=29 (full 0):
 garbage-first heap   total 227328K, used 184002K [0x0000000080000000, 0x0000000100000000)
  region size 1024K, 64 young (65536K), 8 survivors (8192K)
 Metaspace       used 89886K, capacity 92334K, committed 92624K, reserved 1130496K
  class space    used 11650K, capacity 12531K, committed 12576K, reserved 1048576K
}
Event: 19.146 GC heap after
{Heap after GC invocations=30 (full 0):
 garbage-first heap   total 227328K, used 128315K [0x0000000080000000, 0x0000000100000000)
  region size 1024K, 5 young (5120K), 5 survivors (5120K)
 Metaspace       used 89886K, capacity 92334K, committed 92624K, reserved 1130496K
  class space    used 11650K, capacity 12531K, committed 12576K, reserved 1048576K
}
Event: 20.407 GC heap before
{Heap before GC invocations=31 (full 0):
 garbage-first heap   total 227328K, used 187707K [0x0000000080000000, 0x0000000100000000)
  region size 1024K, 63 young (64512K), 5 survivors (5120K)
 Metaspace       used 93916K, capacity 96349K, committed 96464K, reserved 1132544K
  class space    used 12165K, capacity 13060K, committed 13088K, reserved 1048576K
}
Event: 20.431 GC heap after
{Heap after GC invocations=32 (full 0):
 garbage-first heap   total 273408K, used 132062K [0x0000000080000000, 0x0000000100000000)
  region size 1024K, 6 young (6144K), 6 survivors (6144K)
 Metaspace       used 93916K, capacity 96349K, committed 96464K, reserved 1132544K
  class space    used 12165K, capacity 13060K, committed 13088K, reserved 1048576K
}
Event: 21.378 GC heap before
{Heap before GC invocations=32 (full 0):
 garbage-first heap   total 273408K, used 201694K [0x0000000080000000, 0x0000000100000000)
  region size 1024K, 75 young (76800K), 6 survivors (6144K)
 Metaspace       used 97087K, capacity 99396K, committed 99664K, reserved 1136640K
  class space    used 12570K, capacity 13409K, committed 13472K, reserved 1048576K
}
Event: 21.394 GC heap after
{Heap after GC invocations=33 (full 0):
 garbage-first heap   total 273408K, used 135628K [0x0000000080000000, 0x0000000100000000)
  region size 1024K, 9 young (9216K), 9 survivors (9216K)
 Metaspace       used 97087K, capacity 99396K, committed 99664K, reserved 1136640K
  class space    used 12570K, capacity 13409K, committed 13472K, reserved 1048576K
}
Event: 23.277 GC heap before
{Heap before GC invocations=34 (full 0):
 garbage-first heap   total 273408K, used 218572K [0x0000000080000000, 0x0000000100000000)
  region size 1024K, 89 young (91136K), 9 survivors (9216K)
 Metaspace       used 108178K, capacity 110784K, committed 110928K, reserved 1144832K
  class space    used 13945K, capacity 14901K, committed 15008K, reserved 1048576K
}
Event: 23.305 GC heap after
{Heap after GC invocations=35 (full 0):
 garbage-first heap   total 273408K, used 140247K [0x0000000080000000, 0x0000000100000000)
  region size 1024K, 9 young (9216K), 9 survivors (9216K)
 Metaspace       used 108178K, capacity 110784K, committed 110928K, reserved 1144832K
  class space    used 13945K, capacity 14901K, committed 15008K, reserved 1048576K
}
Event: 27.157 GC heap before
{Heap before GC invocations=35 (full 0):
 garbage-first heap   total 273408K, used 221143K [0x0000000080000000, 0x0000000100000000)
  region size 1024K, 89 young (91136K), 9 survivors (9216K)
 Metaspace       used 112329K, capacity 114991K, committed 115152K, reserved 1148928K
  class space    used 14407K, capacity 15379K, committed 15392K, reserved 1048576K
}
Event: 27.186 GC heap after
{Heap after GC invocations=36 (full 0):
 garbage-first heap   total 273408K, used 147390K [0x0000000080000000, 0x0000000100000000)
  region size 1024K, 12 young (12288K), 12 survivors (12288K)
 Metaspace       used 112329K, capacity 114991K, committed 115152K, reserved 1148928K
  class space    used 14407K, capacity 15379K, committed 15392K, reserved 1048576K
}
Event: 28.909 GC heap before
{Heap before GC invocations=37 (full 0):
 garbage-first heap   total 273408K, used 223166K [0x0000000080000000, 0x0000000100000000)
  region size 1024K, 87 young (89088K), 12 survivors (12288K)
 Metaspace       used 113241K, capacity 115912K, committed 116048K, reserved 1150976K
  class space    used 14457K, capacity 15419K, committed 15520K, reserved 1048576K
}

Deoptimization events (20 events):
Event: 28.646 Thread 0x0000018e3156c000 Uncommon trap: trap_request=0xffffffde fr.pc=0x0000018e214f539c relative=0x000000000000025c
Event: 28.646 Thread 0x0000018e3156c000 Uncommon trap: reason=class_check action=maybe_recompile pc=0x0000018e214f539c method=java.util.concurrent.ConcurrentHashMap.get(Ljava/lang/Object;)Ljava/lang/Object; @ 93 c2
Event: 28.646 Thread 0x0000018e3156c000 DEOPT PACKING pc=0x0000018e214f539c sp=0x00000010bddfd7c0
Event: 28.646 Thread 0x0000018e3156c000 DEOPT UNPACKING pc=0x0000018e1934a1af sp=0x00000010bddfd718 mode 2
Event: 28.647 Thread 0x0000018e3156a800 Uncommon trap: trap_request=0xffffffde fr.pc=0x0000018e214f539c relative=0x000000000000025c
Event: 28.647 Thread 0x0000018e3156a800 Uncommon trap: reason=class_check action=maybe_recompile pc=0x0000018e214f539c method=java.util.concurrent.ConcurrentHashMap.get(Ljava/lang/Object;)Ljava/lang/Object; @ 93 c2
Event: 28.647 Thread 0x0000018e3156a800 DEOPT PACKING pc=0x0000018e214f539c sp=0x00000010bdcfde60
Event: 28.647 Thread 0x0000018e3156a800 DEOPT UNPACKING pc=0x0000018e1934a1af sp=0x00000010bdcfddb8 mode 2
Event: 28.691 Thread 0x0000018e326cd800 Uncommon trap: trap_request=0xffffffc6 fr.pc=0x0000018e212df7b0 relative=0x0000000000000050
Event: 28.691 Thread 0x0000018e326cd800 Uncommon trap: reason=bimorphic_or_optimized_type_check action=maybe_recompile pc=0x0000018e212df7b0 method=com.google.common.collect.ImmutableList.copyOf(Ljava/util/Collection;)Lcom/google/common/collect/ImmutableList; @ 11 c2
Event: 28.691 Thread 0x0000018e326cd800 DEOPT PACKING pc=0x0000018e212df7b0 sp=0x00000010bbcf9b10
Event: 28.691 Thread 0x0000018e326cd800 DEOPT UNPACKING pc=0x0000018e1934a1af sp=0x00000010bbcf9ad8 mode 2
Event: 28.696 Thread 0x0000018e326cd800 Uncommon trap: trap_request=0xffffffc6 fr.pc=0x0000018e212df7b0 relative=0x0000000000000050
Event: 28.697 Thread 0x0000018e326cd800 Uncommon trap: reason=bimorphic_or_optimized_type_check action=maybe_recompile pc=0x0000018e212df7b0 method=com.google.common.collect.ImmutableList.copyOf(Ljava/util/Collection;)Lcom/google/common/collect/ImmutableList; @ 11 c2
Event: 28.697 Thread 0x0000018e326cd800 DEOPT PACKING pc=0x0000018e212df7b0 sp=0x00000010bbcf9b10
Event: 28.697 Thread 0x0000018e326cd800 DEOPT UNPACKING pc=0x0000018e1934a1af sp=0x00000010bbcf9ad8 mode 2
Event: 28.716 Thread 0x0000018e326cd800 Uncommon trap: trap_request=0xffffffc6 fr.pc=0x0000018e212df7b0 relative=0x0000000000000050
Event: 28.716 Thread 0x0000018e326cd800 Uncommon trap: reason=bimorphic_or_optimized_type_check action=maybe_recompile pc=0x0000018e212df7b0 method=com.google.common.collect.ImmutableList.copyOf(Ljava/util/Collection;)Lcom/google/common/collect/ImmutableList; @ 11 c2
Event: 28.716 Thread 0x0000018e326cd800 DEOPT PACKING pc=0x0000018e212df7b0 sp=0x00000010bbcf9b30
Event: 28.716 Thread 0x0000018e326cd800 DEOPT UNPACKING pc=0x0000018e1934a1af sp=0x00000010bbcf9af8 mode 2

Classes redefined (0 events):
No events

Internal exceptions (20 events):
Event: 20.834 Thread 0x0000018e326cd800 Exception <a 'java/lang/ClassNotFoundException'{0x000000008fbfa9b8}: java/util/LinkedHashMapCustomizer> (0x000000008fbfa9b8) thrown at [./src/hotspot/share/classfile/systemDictionary.cpp, line 231]
Event: 21.345 Thread 0x0000018e326cd800 Exception <a 'java/lang/NoSuchMethodError'{0x000000008c84cc90}: <clinit>> (0x000000008c84cc90) thrown at [./src/hotspot/share/prims/jni.cpp, line 1366]
Event: 21.579 Thread 0x0000018e326cd800 Exception <a 'sun/nio/fs/WindowsException'{0x000000009043e760}> (0x000000009043e760) thrown at [./src/hotspot/share/prims/jni.cpp, line 616]
Event: 21.758 Thread 0x0000018e326cd800 Exception <a 'java/lang/NullPointerException'{0x000000008fb6a388}> (0x000000008fb6a388) thrown at [./src/hotspot/share/interpreter/linkResolver.cpp, line 1440]
Event: 21.881 Thread 0x0000018e326cd800 Implicit null exception at 0x0000018e2119780b to 0x0000018e211997f4
Event: 22.127 Thread 0x0000018e326cd800 Exception <a 'java/lang/NoSuchMethodError'{0x000000008ecd3138}: 'int java.lang.invoke.DirectMethodHandle$Holder.invokeStatic(java.lang.Object, java.lang.Object, int, java.lang.Object)'> (0x000000008ecd3138) thrown at [./src/hotspot/share/interpreter/linkResolver.cpp, line 773]
Event: 22.199 Thread 0x0000018e326cd800 Exception <a 'sun/nio/fs/WindowsException'{0x000000008ebebd38}> (0x000000008ebebd38) thrown at [./src/hotspot/share/prims/jni.cpp, line 616]
Event: 22.199 Thread 0x0000018e326cd800 Exception <a 'sun/nio/fs/WindowsException'{0x000000008ebed0a8}> (0x000000008ebed0a8) thrown at [./src/hotspot/share/prims/jni.cpp, line 616]
Event: 22.200 Thread 0x0000018e326cd800 Exception <a 'sun/nio/fs/WindowsException'{0x000000008ebee468}> (0x000000008ebee468) thrown at [./src/hotspot/share/prims/jni.cpp, line 616]
Event: 22.200 Thread 0x0000018e326cd800 Exception <a 'sun/nio/fs/WindowsException'{0x000000008ebef828}> (0x000000008ebef828) thrown at [./src/hotspot/share/prims/jni.cpp, line 616]
Event: 22.283 Thread 0x0000018e326cd800 Exception <a 'java/lang/NoSuchMethodError'{0x000000008e8acee0}: 'int java.lang.invoke.DirectMethodHandle$Holder.invokeSpecialIFC(java.lang.Object, java.lang.Object, java.lang.Object)'> (0x000000008e8acee0) thrown at [./src/hotspot/share/interpreter/linkResolver.cpp, line 773]
Event: 22.311 Thread 0x0000018e326cd800 Exception <a 'java/lang/NoSuchMethodError'{0x000000008e798488}: 'java.lang.Object java.lang.invoke.Invokers$Holder.linkToTargetMethod(java.lang.Object, java.lang.Object, java.lang.Object, int, java.lang.Object, java.lang.Object)'> (0x000000008e798488) thrown at [./src/hotspot/share/interpreter/linkResolver.cpp, line 773]
Event: 22.371 Thread 0x0000018e326cd800 Exception <a 'java/lang/NoSuchMethodError'{0x000000008e5b0df0}: 'void java.lang.invoke.DirectMethodHandle$Holder.invokeStatic(java.lang.Object, java.lang.Object, java.lang.Object, java.lang.Object, int, java.lang.Object, java.lang.Object)'> (0x000000008e5b0df0) thrown at [./src/hotspot/share/interpreter/linkResolver.cpp, line 773]
Event: 22.391 Thread 0x0000018e326cd800 Exception <a 'java/lang/IncompatibleClassChangeError'{0x000000008e360448}: Found class java.lang.Object, but interface was expected> (0x000000008e360448) thrown at [./src/hotspot/share/interpreter/linkResolver.cpp, line 839]
Event: 22.442 Thread 0x0000018e341da800 Exception <a 'java/lang/IncompatibleClassChangeError'{0x000000008e187bc8}: Found class java.lang.Object, but interface was expected> (0x000000008e187bc8) thrown at [./src/hotspot/share/interpreter/linkResolver.cpp, line 839]
Event: 22.464 Thread 0x0000018e341da800 Exception <a 'java/lang/NoSuchMethodError'{0x000000008df4cbd0}: 'int java.lang.invoke.DirectMethodHandle$Holder.invokeStaticInit(java.lang.Object, java.lang.Object, java.lang.Object, java.lang.Object, java.lang.Object)'> (0x000000008df4cbd0) thrown at [./src/hotspot/share/interpreter/linkResolver.cpp, line 773]
Event: 22.814 Thread 0x0000018e326cd800 Implicit null exception at 0x0000018e2117c674 to 0x0000018e2117cc6c
Event: 22.934 Thread 0x0000018e326cd800 Exception <a 'sun/nio/fs/WindowsException'{0x000000008c9fd4b0}> (0x000000008c9fd4b0) thrown at [./src/hotspot/share/prims/jni.cpp, line 616]
Event: 26.326 Thread 0x0000018e341d8000 Exception <a 'java/lang/NoSuchMethodError'{0x000000008e10e368}: 'java.lang.Object java.lang.invoke.DirectMethodHandle$Holder.invokeSpecialIFC(java.lang.Object, java.lang.Object, java.lang.Object)'> (0x000000008e10e368) thrown at [./src/hotspot/share/interpreter/linkResolver.cpp, line 773]
Event: 26.862 Thread 0x0000018e341d8000 Implicit null exception at 0x0000018e2149075b to 0x0000018e214907f0

Events (20 events):
Event: 28.718 loading class org/gradle/api/internal/project/ProjectInternal done
Event: 28.718 loading class org/gradle/api/internal/artifacts/ivyservice/projectmodule/ProjectArtifactResolver$ResolvingCalculator
Event: 28.718 loading class org/gradle/api/internal/artifacts/ivyservice/projectmodule/ProjectArtifactResolver$ResolvingCalculator done
Event: 28.733 loading class com/android/build/gradle/internal/ide/dependencies/LibraryServiceImpl$getProjectInfo$1
Event: 28.733 loading class com/android/build/gradle/internal/ide/dependencies/LibraryServiceImpl$getProjectInfo$1 done
Event: 28.734 loading class org/gradle/api/artifacts/component/BuildIdentifier
Event: 28.734 loading class org/gradle/api/artifacts/component/BuildIdentifier done
Event: 28.735 loading class com/android/build/gradle/internal/ide/v2/ProjectInfoImpl
Event: 28.735 loading class com/android/build/gradle/internal/ide/v2/ProjectInfoImpl done
Event: 28.735 loading class com/android/builder/model/v2/ide/ProjectInfo
Event: 28.735 loading class com/android/builder/model/v2/ide/ProjectInfo done
Event: 28.737 loading class com/android/build/gradle/internal/ide/v2/ProjectInfoImpl$Companion
Event: 28.737 loading class com/android/build/gradle/internal/ide/v2/ProjectInfoImpl$Companion done
Event: 28.738 loading class com/android/build/gradle/internal/ide/v2/ProjectInfoImpl$toKeyComponent$$inlined$sortedBy$1
Event: 28.738 loading class com/android/build/gradle/internal/ide/v2/ProjectInfoImpl$toKeyComponent$$inlined$sortedBy$1 done
Event: 28.738 loading class com/android/build/gradle/internal/ide/v2/ProjectInfoImpl$toKeyComponent$2
Event: 28.738 loading class com/android/build/gradle/internal/ide/v2/ProjectInfoImpl$toKeyComponent$2 done
Event: 28.813 Executing VM operation: ICBufferFull
Event: 28.813 Executing VM operation: ICBufferFull done
Event: 28.909 Executing VM operation: G1CollectForAllocation


Dynamic libraries:
0x00007ff6b47b0000 - 0x00007ff6b47ba000 	C:\Program Files\Android\Android Studio\jre\bin\java.exe
0x00007fff94370000 - 0x00007fff94568000 	C:\Windows\SYSTEM32\ntdll.dll
0x00007fff92fd0000 - 0x00007fff9308f000 	C:\Windows\System32\KERNEL32.DLL
0x00007fff92040000 - 0x00007fff92336000 	C:\Windows\System32\KERNELBASE.dll
0x00007fff91e70000 - 0x00007fff91f70000 	C:\Windows\System32\ucrtbase.dll
0x00007fff8b4d0000 - 0x00007fff8b4e9000 	C:\Program Files\Android\Android Studio\jre\bin\jli.dll
0x00007fff8bc20000 - 0x00007fff8bc37000 	C:\Program Files\Android\Android Studio\jre\bin\VCRUNTIME140.dll
0x00007fff933b0000 - 0x00007fff9354d000 	C:\Windows\System32\USER32.dll
0x00007fff7ea10000 - 0x00007fff7ecaa000 	C:\Windows\WinSxS\amd64_microsoft.windows.common-controls_6595b64144ccf1df_6.0.19041.1110_none_60b5254171f9507e\COMCTL32.dll
0x00007fff91c90000 - 0x00007fff91cb2000 	C:\Windows\System32\win32u.dll
0x00007fff92b70000 - 0x00007fff92c0e000 	C:\Windows\System32\msvcrt.dll
0x00007fff93720000 - 0x00007fff9374c000 	C:\Windows\System32\GDI32.dll
0x00007fff91b00000 - 0x00007fff91c15000 	C:\Windows\System32\gdi32full.dll
0x00007fff91fa0000 - 0x00007fff9203d000 	C:\Windows\System32\msvcp_win.dll
0x00007fff92620000 - 0x00007fff92650000 	C:\Windows\System32\IMM32.DLL
0x00007fff73710000 - 0x00007fff737ad000 	C:\Program Files\Android\Android Studio\jre\bin\msvcp140.dll
0x00007fff4c860000 - 0x00007fff4d362000 	C:\Program Files\Android\Android Studio\jre\bin\server\jvm.dll
0x00007fff92ac0000 - 0x00007fff92b6f000 	C:\Windows\System32\ADVAPI32.dll
0x00007fff94290000 - 0x00007fff9432c000 	C:\Windows\System32\sechost.dll
0x00007fff93570000 - 0x00007fff93696000 	C:\Windows\System32\RPCRT4.dll
0x00007fff925b0000 - 0x00007fff925b8000 	C:\Windows\System32\PSAPI.DLL
0x00007fff8b4a0000 - 0x00007fff8b4a9000 	C:\Windows\SYSTEM32\WSOCK32.dll
0x00007fff7d490000 - 0x00007fff7d4b7000 	C:\Windows\SYSTEM32\WINMM.dll
0x00007fff93140000 - 0x00007fff931ab000 	C:\Windows\System32\WS2_32.dll
0x00007fff7f2e0000 - 0x00007fff7f2ea000 	C:\Windows\SYSTEM32\VERSION.dll
0x00007fff8f8f0000 - 0x00007fff8f902000 	C:\Windows\SYSTEM32\kernel.appcore.dll
0x00007fff8b480000 - 0x00007fff8b491000 	C:\Program Files\Android\Android Studio\jre\bin\verify.dll
0x00007fff7e630000 - 0x00007fff7e814000 	C:\Windows\SYSTEM32\DBGHELP.DLL
0x00007fff7e5f0000 - 0x00007fff7e624000 	C:\Windows\SYSTEM32\dbgcore.DLL
0x00007fff92340000 - 0x00007fff923c2000 	C:\Windows\System32\bcryptPrimitives.dll
0x00007fff8b450000 - 0x00007fff8b479000 	C:\Program Files\Android\Android Studio\jre\bin\java.dll
0x00007fff8b440000 - 0x00007fff8b44b000 	C:\Program Files\Android\Android Studio\jre\bin\jimage.dll
0x00007fff8b420000 - 0x00007fff8b438000 	C:\Program Files\Android\Android Studio\jre\bin\zip.dll
0x00007fff93ae0000 - 0x00007fff94224000 	C:\Windows\System32\SHELL32.dll
0x00007fff8faf0000 - 0x00007fff90283000 	C:\Windows\SYSTEM32\windows.storage.dll
0x00007fff92c10000 - 0x00007fff92f64000 	C:\Windows\System32\combase.dll
0x00007fff91490000 - 0x00007fff914be000 	C:\Windows\SYSTEM32\Wldp.dll
0x00007fff923d0000 - 0x00007fff9247d000 	C:\Windows\System32\SHCORE.dll
0x00007fff925c0000 - 0x00007fff92615000 	C:\Windows\System32\shlwapi.dll
0x00007fff91980000 - 0x00007fff919a5000 	C:\Windows\SYSTEM32\profapi.dll
0x00007fff8b400000 - 0x00007fff8b41a000 	C:\Program Files\Android\Android Studio\jre\bin\net.dll
0x00007fff864c0000 - 0x00007fff865ca000 	C:\Windows\SYSTEM32\WINHTTP.dll
0x00007fff911f0000 - 0x00007fff9125a000 	C:\Windows\system32\mswsock.dll
0x00007fff8b3e0000 - 0x00007fff8b3f4000 	C:\Program Files\Android\Android Studio\jre\bin\nio.dll
0x00007fff843d0000 - 0x00007fff843f7000 	C:\Users\hp\.gradle\native\e1d6ef7f7dcc3fd88c89a11ec53ec762bb8ba0a96d01ffa2cd45eb1d1d8dd5c5\windows-amd64\native-platform.dll
0x00007fff5fc40000 - 0x00007fff5fd84000 	C:\Users\hp\.gradle\native\0d407fdbe67a94daf76414ababcb853783967236a71b16ec16e742cd7a986fd3\windows-amd64\native-platform-file-events.dll
0x00007fff8b3d0000 - 0x00007fff8b3da000 	C:\Program Files\Android\Android Studio\jre\bin\management.dll
0x00007fff8b3c0000 - 0x00007fff8b3cd000 	C:\Program Files\Android\Android Studio\jre\bin\management_ext.dll
0x00007fff913e0000 - 0x00007fff913f8000 	C:\Windows\SYSTEM32\CRYPTSP.dll
0x00007fff90a90000 - 0x00007fff90ac4000 	C:\Windows\system32\rsaenh.dll
0x00007fff91f70000 - 0x00007fff91f97000 	C:\Windows\System32\bcrypt.dll
0x00007fff91900000 - 0x00007fff9192e000 	C:\Windows\SYSTEM32\USERENV.dll
0x00007fff91400000 - 0x00007fff9140c000 	C:\Windows\SYSTEM32\CRYPTBASE.dll
0x00007fff90e90000 - 0x00007fff90ecb000 	C:\Windows\SYSTEM32\IPHLPAPI.DLL
0x00007fff93130000 - 0x00007fff93138000 	C:\Windows\System32\NSI.dll
0x00007fff88230000 - 0x00007fff88247000 	C:\Windows\SYSTEM32\dhcpcsvc6.DLL
0x00007fff881d0000 - 0x00007fff881ed000 	C:\Windows\SYSTEM32\dhcpcsvc.DLL
0x00007fff90ee0000 - 0x00007fff90faa000 	C:\Windows\SYSTEM32\DNSAPI.dll
0x00007fff7db80000 - 0x00007fff7dba7000 	C:\Program Files\Android\Android Studio\jre\bin\sunec.dll
0x00007fff893c0000 - 0x00007fff893ca000 	C:\Windows\System32\rasadhlp.dll
0x00007fff83fd0000 - 0x00007fff84052000 	C:\Windows\System32\fwpuclnt.dll

dbghelp: loaded successfully - version: 4.0.5 - missing functions: none
symbol engine: initialized successfully - sym options: 0x614 - pdb path: .;C:\Program Files\Android\Android Studio\jre\bin;C:\Windows\SYSTEM32;C:\Windows\WinSxS\amd64_microsoft.windows.common-controls_6595b64144ccf1df_6.0.19041.1110_none_60b5254171f9507e;C:\Program Files\Android\Android Studio\jre\bin\server;C:\Users\hp\.gradle\native\e1d6ef7f7dcc3fd88c89a11ec53ec762bb8ba0a96d01ffa2cd45eb1d1d8dd5c5\windows-amd64;C:\Users\hp\.gradle\native\0d407fdbe67a94daf76414ababcb853783967236a71b16ec16e742cd7a986fd3\windows-amd64

VM Arguments:
jvm_args: --add-opens=java.base/java.util=ALL-UNNAMED --add-opens=java.base/java.lang=ALL-UNNAMED --add-opens=java.base/java.lang.invoke=ALL-UNNAMED --add-opens=java.base/java.util=ALL-UNNAMED --add-opens=java.prefs/java.util.prefs=ALL-UNNAMED --add-opens=java.prefs/java.util.prefs=ALL-UNNAMED --add-opens=java.base/java.nio.charset=ALL-UNNAMED --add-opens=java.base/java.net=ALL-UNNAMED --add-opens=java.base/java.util.concurrent.atomic=ALL-UNNAMED -Xmx2048m -Dfile.encoding=UTF-8 -Duser.country=US -Duser.language=en -Duser.variant 
java_command: org.gradle.launcher.daemon.bootstrap.GradleDaemon 7.5
java_class_path (initial): C:\Users\hp\.gradle\wrapper\dists\gradle-7.5-bin\f1w0cc9nuo0eivz97x2xlu9sv\gradle-7.5\lib\gradle-launcher-7.5.jar
Launcher Type: SUN_STANDARD

[Global flags]
     intx CICompilerCount                          = 3                                         {product} {ergonomic}
     uint ConcGCThreads                            = 1                                         {product} {ergonomic}
     uint G1ConcRefinementThreads                  = 4                                         {product} {ergonomic}
   size_t G1HeapRegionSize                         = 1048576                                   {product} {ergonomic}
    uintx GCDrainStackTargetSize                   = 64                                        {product} {ergonomic}
   size_t InitialHeapSize                          = 134217728                                 {product} {ergonomic}
   size_t MarkStackSize                            = 4194304                                   {product} {ergonomic}
   size_t MaxHeapSize                              = 2147483648                                {product} {command line}
   size_t MaxNewSize                               = 1287651328                                {product} {ergonomic}
   size_t MinHeapDeltaBytes                        = 1048576                                   {product} {ergonomic}
    uintx NonNMethodCodeHeapSize                   = 5830732                                {pd product} {ergonomic}
    uintx NonProfiledCodeHeapSize                  = 122913754                              {pd product} {ergonomic}
    uintx ProfiledCodeHeapSize                     = 122913754                              {pd product} {ergonomic}
    uintx ReservedCodeCacheSize                    = 251658240                              {pd product} {ergonomic}
     bool SegmentedCodeCache                       = true                                      {product} {ergonomic}
     bool UseCompressedClassPointers               = true                                 {lp64_product} {ergonomic}
     bool UseCompressedOops                        = true                                 {lp64_product} {ergonomic}
     bool UseG1GC                                  = true                                      {product} {ergonomic}
     bool UseLargePagesIndividualAllocation        = false                                  {pd product} {ergonomic}

Logging:
Log output configuration:
 #0: stdout all=warning uptime,level,tags
 #1: stderr all=off uptime,level,tags

Environment Variables:
PATH=C:\Program Files (x86)\VMware\VMware Workstation\bin\;C:\Program Files (x86)\NVIDIA Corporation\PhysX\Common;C:\Windows\system32;C:\Windows;C:\Windows\System32\Wbem;C:\Windows\System32\WindowsPowerShell\v1.0\;C:\Windows\System32\OpenSSH\;C:\Users\hp\Documents\Java\jdk1.8.0_111\bin;c:\Program Files (x86)\Microsoft SQL Server\90\Tools\binn\;C:\Program Files\dotnet\;C:\Program Files\Microsoft SQL Server\150\Tools\Binn\;C:\Program Files\Microsoft SQL Server\Client SDK\ODBC\170\Tools\Binn\;C:\Program Files\Git\cmd;C:\Program Files\nodejs\;C:\ProgramData\chocolatey\bin;C:\Users\hp\AppData\Local\Programs\Python\Python310\Scripts\;C:\Users\hp\AppData\Local\Programs\Python\Python310\;C:\Users\hp\AppData\Local\Programs\Python\Launcher\;C:\Users\hp\AppData\Local\Microsoft\WindowsApps;C:\Program Files\Java\jdk1.8.0_111\bin;;C:\Program Files\JetBrains\PyCharm Community Edition 2022.3.1\bin;;C:\Users\hp\.dotnet\tools;C:\Users\hp\AppData\Roaming\npm;C:\Users\hp\AppData\Local\Programs\Microsoft VS Code\bin
USERNAME=hp
OS=Windows_NT
PROCESSOR_IDENTIFIER=Intel64 Family 6 Model 69 Stepping 1, GenuineIntel



---------------  S Y S T E M  ---------------

OS: Windows 10 , 64 bit Build 19041 (10.0.19041.3155)
OS uptime: 0 days 10:16 hours

CPU:total 4 (initial active 4) (2 cores per cpu, 2 threads per core) family 6 model 69 stepping 1 microcode 0x25, cmov, cx8, fxsr, mmx, sse, sse2, sse3, ssse3, sse4.1, sse4.2, popcnt, avx, avx2, aes, clmul, erms, lzcnt, ht, tsc, tscinvbit, bmi1, bmi2, fma

Memory: 4k page, system-wide physical 8089M (466M free)
TotalPageFile size 10949M (AvailPageFile size 45M)
current process WorkingSet (physical memory assigned to process): 561M, peak: 563M
current process commit charge ("private bytes"): 591M, peak: 645M

vm_info: OpenJDK 64-Bit Server VM (11.0.13+0-b1751.21-8125866) for windows-amd64 JRE (11.0.13+0-b1751.21-8125866), built on Feb  2 2022 03:00:22 by "builder" with MS VC++ 14.0 (VS2015)

END.
