#
# There is insufficient memory for the Java Runtime Environment to continue.
# Native memory allocation (malloc) failed to allocate 738416 bytes for Chunk::new
# Possible reasons:
#   The system is out of physical RAM or swap space
#   The process is running with CompressedOops enabled, and the Java Heap may be blocking the growth of the native heap
# Possible solutions:
#   Reduce memory load on the system
#   Increase physical memory or swap space
#   Check if swap backing store is full
#   Decrease Java heap size (-Xmx/-Xms)
#   Decrease number of Java threads
#   Decrease Java thread stack sizes (-Xss)
#   Set larger code cache with -XX:ReservedCodeCacheSize=
#   JVM is running with Unscaled Compressed Oops mode in which the Java heap is
#     placed in the first 4GB address space. The Java Heap base address is the
#     maximum limit for the native heap growth. Please use -XX:HeapBaseMinAddress
#     to set the Java Heap base and to place the Java Heap above 4GB virtual address.
# This output file may be truncated or incomplete.
#
#  Out of Memory Error (./src/hotspot/share/memory/arena.cpp:197), pid=8000, tid=6488
#
# JRE version: OpenJDK Runtime Environment (11.0.13) (build 11.0.13+0-b1751.21-8125866)
# Java VM: OpenJDK 64-Bit Server VM (11.0.13+0-b1751.21-8125866, mixed mode, tiered, compressed oops, g1 gc, windows-amd64)
# No core dump will be written. Minidumps are not enabled by default on client versions of Windows
#

---------------  S U M M A R Y ------------

Command Line: --add-opens=java.base/java.util=ALL-UNNAMED --add-opens=java.base/java.lang=ALL-UNNAMED --add-opens=java.base/java.lang.invoke=ALL-UNNAMED --add-opens=java.base/java.util=ALL-UNNAMED --add-opens=java.prefs/java.util.prefs=ALL-UNNAMED --add-opens=java.prefs/java.util.prefs=ALL-UNNAMED --add-opens=java.base/java.nio.charset=ALL-UNNAMED --add-opens=java.base/java.net=ALL-UNNAMED --add-opens=java.base/java.util.concurrent.atomic=ALL-UNNAMED -Xmx2048m -Dfile.encoding=UTF-8 -Duser.country=US -Duser.language=en -Duser.variant org.gradle.launcher.daemon.bootstrap.GradleDaemon 7.4

Host: Intel(R) Core(TM) i5-4300U CPU @ 1.90GHz, 4 cores, 7G,  Windows 10 , 64 bit Build 19041 (10.0.19041.3155)
Time: Mon Aug 21 18:33:22 2023 E. Africa Standard Time elapsed time: 85.258450 seconds (0d 0h 1m 25s)

---------------  T H R E A D  ---------------

Current thread (0x0000024402185000):  JavaThread "C2 CompilerThread1" daemon [_thread_in_native, id=6488, stack(0x000000f923700000,0x000000f923800000)]


Current CompileTask:
C2:  85258 14953       4       org.gradle.internal.snapshot.AbstractListChildMap::store (72 bytes)

Stack: [0x000000f923700000,0x000000f923800000]
Native frames: (J=compiled Java code, j=interpreted, Vv=VM code, C=native code)
V  [jvm.dll+0x6100fa]
V  [jvm.dll+0x747090]
V  [jvm.dll+0x7486ad]
V  [jvm.dll+0x748d83]
V  [jvm.dll+0x24ab48]
V  [jvm.dll+0xc04dc]
V  [jvm.dll+0xc0a0c]
V  [jvm.dll+0x35eb9d]
V  [jvm.dll+0x32b833]
V  [jvm.dll+0x32ad2a]
V  [jvm.dll+0x2032b2]
V  [jvm.dll+0x202437]
V  [jvm.dll+0x188e01]
V  [jvm.dll+0x21106b]
V  [jvm.dll+0x20f8c1]
V  [jvm.dll+0x70de0f]
V  [jvm.dll+0x706a75]
V  [jvm.dll+0x60ed66]
C  [ucrtbase.dll+0x21bb2]
C  [KERNEL32.DLL+0x17614]
C  [ntdll.dll+0x526b1]


---------------  P R O C E S S  ---------------

Threads class SMR info:
_java_thread_list=0x0000024406ff3b60, length=90, elements={
0x000002446723e800, 0x000002447ee87800, 0x000002447ee82800, 0x000002447f6e4800,
0x000002447f6e7800, 0x000002447f6e9800, 0x000002447f6ed000, 0x000002447f6f0000,
0x000002447f6fc800, 0x000002447f862000, 0x0000024403c8f000, 0x0000024403eda800,
0x0000024403b94800, 0x0000024404e8e000, 0x0000024403d1a000, 0x000002440352d800,
0x00000244028f6000, 0x000002440330d800, 0x000002440398e000, 0x0000024403433800,
0x0000024403437800, 0x0000024403432000, 0x0000024403434800, 0x0000024403435800,
0x0000024403436000, 0x0000024403437000, 0x0000024403438800, 0x0000024403433000,
0x000002447f7a8000, 0x000002447f7a6800, 0x000002447f7aa000, 0x000002447f7ae000,
0x000002447f7ae800, 0x000002447f7ad000, 0x000002447f7a9000, 0x000002447f7b0800,
0x000002447f7b3800, 0x000002447f7b1000, 0x000002447f7b2000, 0x000002447f7b2800,
0x000002447f7b5000, 0x000002447f7b4800, 0x000002447f7af800, 0x00000244052dd800,
0x00000244052db800, 0x00000244052e0000, 0x00000244052dd000, 0x00000244052dc000,
0x00000244052de800, 0x00000244052e4800, 0x00000244052e1000, 0x00000244052e2800,
0x00000244052e5000, 0x00000244052e3800, 0x00000244052df800, 0x00000244052e6800,
0x00000244052e7800, 0x00000244052e6000, 0x00000244052e2000, 0x00000244052e9000,
0x00000244052e8800, 0x00000244052ea000, 0x00000244076a9800, 0x00000244076a6800,
0x00000244076a8000, 0x00000244076aa800, 0x00000244076a5000, 0x00000244076ab800,
0x00000244076a7000, 0x00000244076a9000, 0x00000244076a5800, 0x00000244076b2000,
0x00000244076ae000, 0x00000244076ac000, 0x00000244076b1000, 0x00000244076b0000,
0x00000244076ae800, 0x00000244076b2800, 0x00000244076af800, 0x00000244076ad000,
0x00000244076b3800, 0x0000024408140800, 0x0000024408143800, 0x0000024408142800,
0x0000024408145000, 0x0000024408144800, 0x0000024408141000, 0x0000024408147800,
0x0000024408142000, 0x0000024402185000
}

Java Threads: ( => current thread )
  0x000002446723e800 JavaThread "main" [_thread_blocked, id=11168, stack(0x000000f923900000,0x000000f923a00000)]
  0x000002447ee87800 JavaThread "Reference Handler" daemon [_thread_blocked, id=8852, stack(0x000000f924000000,0x000000f924100000)]
  0x000002447ee82800 JavaThread "Finalizer" daemon [_thread_blocked, id=8596, stack(0x000000f924100000,0x000000f924200000)]
  0x000002447f6e4800 JavaThread "Signal Dispatcher" daemon [_thread_blocked, id=9652, stack(0x000000f924200000,0x000000f924300000)]
  0x000002447f6e7800 JavaThread "Attach Listener" daemon [_thread_blocked, id=6860, stack(0x000000f924300000,0x000000f924400000)]
  0x000002447f6e9800 JavaThread "Service Thread" daemon [_thread_blocked, id=924, stack(0x000000f924400000,0x000000f924500000)]
  0x000002447f6ed000 JavaThread "C2 CompilerThread0" daemon [_thread_blocked, id=712, stack(0x000000f924500000,0x000000f924600000)]
  0x000002447f6f0000 JavaThread "C1 CompilerThread0" daemon [_thread_blocked, id=10040, stack(0x000000f924600000,0x000000f924700000)]
  0x000002447f6fc800 JavaThread "Sweeper thread" daemon [_thread_blocked, id=8240, stack(0x000000f924700000,0x000000f924800000)]
  0x000002447f862000 JavaThread "Common-Cleaner" daemon [_thread_blocked, id=13476, stack(0x000000f924800000,0x000000f924900000)]
  0x0000024403c8f000 JavaThread "Daemon health stats" [_thread_blocked, id=10304, stack(0x000000f924d00000,0x000000f924e00000)]
  0x0000024403eda800 JavaThread "Incoming local TCP Connector on port 12250" [_thread_in_native, id=9504, stack(0x000000f924a00000,0x000000f924b00000)]
  0x0000024403b94800 JavaThread "Daemon periodic checks" [_thread_blocked, id=2468, stack(0x000000f924e00000,0x000000f924f00000)]
  0x0000024404e8e000 JavaThread "Daemon" [_thread_blocked, id=7112, stack(0x000000f924f00000,0x000000f925000000)]
  0x0000024403d1a000 JavaThread "Handler for socket connection from /127.0.0.1:12250 to /127.0.0.1:12251" [_thread_in_native, id=2664, stack(0x000000f925000000,0x000000f925100000)]
  0x000002440352d800 JavaThread "Cancel handler" [_thread_blocked, id=3404, stack(0x000000f925100000,0x000000f925200000)]
  0x00000244028f6000 JavaThread "Daemon worker" [_thread_blocked, id=6944, stack(0x000000f925200000,0x000000f925300000)]
  0x000002440330d800 JavaThread "Asynchronous log dispatcher for DefaultDaemonConnection: socket connection from /127.0.0.1:12250 to /127.0.0.1:12251" [_thread_blocked, id=3032, stack(0x000000f925300000,0x000000f925400000)]
  0x000002440398e000 JavaThread "Daemon client event forwarder" [_thread_blocked, id=9448, stack(0x000000f925500000,0x000000f925600000)]
  0x0000024403433800 JavaThread "Cache worker for journal cache (C:\Users\hp\.gradle\caches\journal-1)" [_thread_blocked, id=3200, stack(0x000000f925700000,0x000000f925800000)]
  0x0000024403437800 JavaThread "File lock request listener" [_thread_in_native, id=3408, stack(0x000000f925800000,0x000000f925900000)]
  0x0000024403432000 JavaThread "Cache worker for file hash cache (C:\Users\hp\.gradle\caches\7.4\fileHashes)" [_thread_blocked, id=13160, stack(0x000000f925900000,0x000000f925a00000)]
  0x0000024403434800 JavaThread "File watcher server" daemon [_thread_in_native, id=7712, stack(0x000000f925a00000,0x000000f925b00000)]
  0x0000024403435800 JavaThread "File watcher consumer" daemon [_thread_blocked, id=12476, stack(0x000000f925b00000,0x000000f925c00000)]
  0x0000024403436000 JavaThread "Cache worker for checksums cache (C:\Users\hp\Desktop\eCommerceApp\.gradle\7.4\checksums)" [_thread_blocked, id=3284, stack(0x000000f925c00000,0x000000f925d00000)]
  0x0000024403437000 JavaThread "Cache worker for cache directory md-rule (C:\Users\hp\.gradle\caches\7.4\md-rule)" [_thread_blocked, id=9072, stack(0x000000f925d00000,0x000000f925e00000)]
  0x0000024403438800 JavaThread "Cache worker for file hash cache (C:\Users\hp\Desktop\eCommerceApp\.gradle\7.4\fileHashes)" [_thread_blocked, id=9832, stack(0x000000f925f00000,0x000000f926000000)]
  0x0000024403433000 JavaThread "Cache worker for cache directory md-supplier (C:\Users\hp\.gradle\caches\7.4\md-supplier)" [_thread_blocked, id=6468, stack(0x000000f925e00000,0x000000f925f00000)]
  0x000002447f7a8000 JavaThread "Cache worker for execution history cache (C:\Users\hp\.gradle\caches\7.4\executionHistory)" [_thread_blocked, id=3248, stack(0x000000f926000000,0x000000f926100000)]
  0x000002447f7a6800 JavaThread "jar transforms" [_thread_blocked, id=6464, stack(0x000000f926100000,0x000000f926200000)]
  0x000002447f7aa000 JavaThread "Cache worker for file content cache (C:\Users\hp\.gradle\caches\7.4\fileContent)" [_thread_blocked, id=12548, stack(0x000000f926200000,0x000000f926300000)]
  0x000002447f7ae000 JavaThread "jar transforms Thread 2" [_thread_blocked, id=11492, stack(0x000000f926400000,0x000000f926500000)]
  0x000002447f7ae800 JavaThread "Cache worker for dependencies-accessors (C:\Users\hp\Desktop\eCommerceApp\.gradle\7.4\dependencies-accessors)" [_thread_blocked, id=14148, stack(0x000000f926500000,0x000000f926600000)]
  0x000002447f7ad000 JavaThread "jar transforms Thread 3" [_thread_blocked, id=12916, stack(0x000000f926600000,0x000000f926700000)]
  0x000002447f7a9000 JavaThread "Cache worker for Build Output Cleanup Cache (C:\Users\hp\Desktop\eCommerceApp\.gradle\buildOutputCleanup)" [_thread_blocked, id=3980, stack(0x000000f926300000,0x000000f926400000)]
  0x000002447f7b0800 JavaThread "Unconstrained build operations" [_thread_blocked, id=7348, stack(0x000000f926700000,0x000000f926800000)]
  0x000002447f7b3800 JavaThread "Unconstrained build operations Thread 2" [_thread_blocked, id=1116, stack(0x000000f926800000,0x000000f926900000)]
  0x000002447f7b1000 JavaThread "Unconstrained build operations Thread 3" [_thread_blocked, id=11756, stack(0x000000f926900000,0x000000f926a00000)]
  0x000002447f7b2000 JavaThread "Unconstrained build operations Thread 4" [_thread_blocked, id=3752, stack(0x000000f926a00000,0x000000f926b00000)]
  0x000002447f7b2800 JavaThread "Unconstrained build operations Thread 5" [_thread_in_native, id=13980, stack(0x000000f926b00000,0x000000f926c00000)]
  0x000002447f7b5000 JavaThread "Unconstrained build operations Thread 6" [_thread_blocked, id=5844, stack(0x000000f926c00000,0x000000f926d00000)]
  0x000002447f7b4800 JavaThread "Unconstrained build operations Thread 7" [_thread_blocked, id=10408, stack(0x000000f926d00000,0x000000f926e00000)]
  0x000002447f7af800 JavaThread "Unconstrained build operations Thread 8" [_thread_blocked, id=5708, stack(0x000000f926e00000,0x000000f926f00000)]
  0x00000244052dd800 JavaThread "Unconstrained build operations Thread 9" [_thread_in_native, id=6000, stack(0x000000f926f00000,0x000000f927000000)]
  0x00000244052db800 JavaThread "Unconstrained build operations Thread 10" [_thread_blocked, id=8840, stack(0x000000f927000000,0x000000f927100000)]
  0x00000244052e0000 JavaThread "Unconstrained build operations Thread 11" [_thread_blocked, id=1872, stack(0x000000f927100000,0x000000f927200000)]
  0x00000244052dd000 JavaThread "Unconstrained build operations Thread 12" [_thread_blocked, id=2696, stack(0x000000f927200000,0x000000f927300000)]
  0x00000244052dc000 JavaThread "Unconstrained build operations Thread 13" [_thread_blocked, id=6424, stack(0x000000f927300000,0x000000f927400000)]
  0x00000244052de800 JavaThread "Unconstrained build operations Thread 14" [_thread_blocked, id=4636, stack(0x000000f927400000,0x000000f927500000)]
  0x00000244052e4800 JavaThread "Unconstrained build operations Thread 15" [_thread_blocked, id=3636, stack(0x000000f927500000,0x000000f927600000)]
  0x00000244052e1000 JavaThread "Unconstrained build operations Thread 16" [_thread_blocked, id=9308, stack(0x000000f927600000,0x000000f927700000)]
  0x00000244052e2800 JavaThread "Unconstrained build operations Thread 17" [_thread_blocked, id=3368, stack(0x000000f927700000,0x000000f927800000)]
  0x00000244052e5000 JavaThread "Unconstrained build operations Thread 18" [_thread_blocked, id=13808, stack(0x000000f927800000,0x000000f927900000)]
  0x00000244052e3800 JavaThread "Unconstrained build operations Thread 19" [_thread_blocked, id=7900, stack(0x000000f927900000,0x000000f927a00000)]
  0x00000244052df800 JavaThread "Unconstrained build operations Thread 20" [_thread_blocked, id=11860, stack(0x000000f927a00000,0x000000f927b00000)]
  0x00000244052e6800 JavaThread "Unconstrained build operations Thread 21" [_thread_blocked, id=14016, stack(0x000000f927b00000,0x000000f927c00000)]
  0x00000244052e7800 JavaThread "Unconstrained build operations Thread 22" [_thread_blocked, id=6360, stack(0x000000f927c00000,0x000000f927d00000)]
  0x00000244052e6000 JavaThread "Unconstrained build operations Thread 23" [_thread_blocked, id=2968, stack(0x000000f927d00000,0x000000f927e00000)]
  0x00000244052e2000 JavaThread "Unconstrained build operations Thread 24" [_thread_blocked, id=12164, stack(0x000000f927e00000,0x000000f927f00000)]
  0x00000244052e9000 JavaThread "Unconstrained build operations Thread 25" [_thread_blocked, id=11120, stack(0x000000f927f00000,0x000000f928000000)]
  0x00000244052e8800 JavaThread "Unconstrained build operations Thread 26" [_thread_blocked, id=12332, stack(0x000000f928000000,0x000000f928100000)]
  0x00000244052ea000 JavaThread "Unconstrained build operations Thread 27" [_thread_blocked, id=3080, stack(0x000000f928100000,0x000000f928200000)]
  0x00000244076a9800 JavaThread "Unconstrained build operations Thread 28" [_thread_blocked, id=1476, stack(0x000000f928200000,0x000000f928300000)]
  0x00000244076a6800 JavaThread "Unconstrained build operations Thread 29" [_thread_blocked, id=9300, stack(0x000000f928300000,0x000000f928400000)]
  0x00000244076a8000 JavaThread "Unconstrained build operations Thread 30" [_thread_blocked, id=4880, stack(0x000000f928400000,0x000000f928500000)]
  0x00000244076aa800 JavaThread "Unconstrained build operations Thread 31" [_thread_blocked, id=3804, stack(0x000000f928500000,0x000000f928600000)]
  0x00000244076a5000 JavaThread "Unconstrained build operations Thread 32" [_thread_blocked, id=10956, stack(0x000000f928600000,0x000000f928700000)]
  0x00000244076ab800 JavaThread "Unconstrained build operations Thread 33" [_thread_blocked, id=14304, stack(0x000000f928700000,0x000000f928800000)]
  0x00000244076a7000 JavaThread "Unconstrained build operations Thread 34" [_thread_blocked, id=2352, stack(0x000000f928800000,0x000000f928900000)]
  0x00000244076a9000 JavaThread "Unconstrained build operations Thread 35" [_thread_blocked, id=1752, stack(0x000000f928900000,0x000000f928a00000)]
  0x00000244076a5800 JavaThread "Unconstrained build operations Thread 36" [_thread_blocked, id=5244, stack(0x000000f928a00000,0x000000f928b00000)]
  0x00000244076b2000 JavaThread "Unconstrained build operations Thread 37" [_thread_blocked, id=9744, stack(0x000000f928b00000,0x000000f928c00000)]
  0x00000244076ae000 JavaThread "Unconstrained build operations Thread 38" [_thread_blocked, id=10916, stack(0x000000f928c00000,0x000000f928d00000)]
  0x00000244076ac000 JavaThread "Unconstrained build operations Thread 39" [_thread_blocked, id=7604, stack(0x000000f928d00000,0x000000f928e00000)]
  0x00000244076b1000 JavaThread "Unconstrained build operations Thread 40" [_thread_blocked, id=9912, stack(0x000000f928e00000,0x000000f928f00000)]
  0x00000244076b0000 JavaThread "jar transforms Thread 4" [_thread_blocked, id=4836, stack(0x000000f928f00000,0x000000f929000000)]
  0x00000244076ae800 JavaThread "Memory manager" [_thread_blocked, id=9928, stack(0x000000f929100000,0x000000f929200000)]
  0x00000244076b2800 JavaThread "build event listener" [_thread_blocked, id=8928, stack(0x000000f929200000,0x000000f929300000)]
  0x00000244076af800 JavaThread "pool-3-thread-1" [_thread_blocked, id=2584, stack(0x000000f929300000,0x000000f929400000)]
  0x00000244076ad000 JavaThread "build event listener" [_thread_blocked, id=13392, stack(0x000000f929400000,0x000000f929500000)]
  0x00000244076b3800 JavaThread "included builds" [_thread_blocked, id=1232, stack(0x000000f929500000,0x000000f929600000)]
  0x0000024408140800 JavaThread "Execution worker for ':'" [_thread_in_native, id=9680, stack(0x000000f929600000,0x000000f929700000)]
  0x0000024408143800 JavaThread "Execution worker for ':' Thread 2" [_thread_blocked, id=1224, stack(0x000000f929700000,0x000000f929800000)]
  0x0000024408142800 JavaThread "Execution worker for ':' Thread 3" [_thread_blocked, id=13832, stack(0x000000f929800000,0x000000f929900000)]
  0x0000024408145000 JavaThread "Cache worker for execution history cache (C:\Users\hp\Desktop\eCommerceApp\.gradle\7.4\executionHistory)" [_thread_blocked, id=10932, stack(0x000000f929900000,0x000000f929a00000)]
  0x0000024408144800 JavaThread "WorkerExecutor Queue" [_thread_blocked, id=8936, stack(0x000000f929c00000,0x000000f929d00000)]
  0x0000024408141000 JavaThread "WorkerExecutor Queue Thread 2" [_thread_blocked, id=7376, stack(0x000000f929d00000,0x000000f929e00000)]
  0x0000024408147800 JavaThread "WorkerExecutor Queue Thread 3" [_thread_blocked, id=4376, stack(0x000000f929e00000,0x000000f929f00000)]
  0x0000024408142000 JavaThread "WorkerExecutor Queue Thread 4" [_thread_blocked, id=8140, stack(0x000000f929f00000,0x000000f92a000000)]
=>0x0000024402185000 JavaThread "C2 CompilerThread1" daemon [_thread_in_native, id=6488, stack(0x000000f923700000,0x000000f923800000)]

Other Threads:
  0x000002447f695800 VMThread "VM Thread" [stack: 0x000000f923f00000,0x000000f924000000] [id=12192]
  0x000002447f87a800 WatcherThread [stack: 0x000000f924900000,0x000000f924a00000] [id=3400]
  0x0000024467257000 GCTaskThread "GC Thread#0" [stack: 0x000000f923a00000,0x000000f923b00000] [id=4788]
  0x00000244023fc000 GCTaskThread "GC Thread#1" [stack: 0x000000f924b00000,0x000000f924c00000] [id=5600]
  0x00000244026c6000 GCTaskThread "GC Thread#2" [stack: 0x000000f924c00000,0x000000f924d00000] [id=13256]
  0x000002440333d800 GCTaskThread "GC Thread#3" [stack: 0x000000f925600000,0x000000f925700000] [id=13524]
  0x0000024467288000 ConcurrentGCThread "G1 Main Marker" [stack: 0x000000f923b00000,0x000000f923c00000] [id=10312]
  0x0000024467289800 ConcurrentGCThread "G1 Conc#0" [stack: 0x000000f923c00000,0x000000f923d00000] [id=10712]
  0x000002447ecc4800 ConcurrentGCThread "G1 Refine#0" [stack: 0x000000f923d00000,0x000000f923e00000] [id=6632]
  0x000002447ecc5800 ConcurrentGCThread "G1 Young RemSet Sampling" [stack: 0x000000f923e00000,0x000000f923f00000] [id=11804]

Threads with active compile tasks:
C2 CompilerThread1  85966 14953       4       org.gradle.internal.snapshot.AbstractListChildMap::store (72 bytes)

VM state:not at safepoint (normal execution)

VM Mutex/Monitor currently owned by a thread: None

Heap address: 0x0000000080000000, size: 2048 MB, Compressed Oops mode: 32-bit
Narrow klass base: 0x0000000000000000, Narrow klass shift: 3
Compressed class space size: 1073741824 Address: 0x0000000100000000

Heap:
 garbage-first heap   total 235520K, used 123064K [0x0000000080000000, 0x0000000100000000)
  region size 1024K, 25 young (25600K), 3 survivors (3072K)
 Metaspace       used 98654K, capacity 100929K, committed 101200K, reserved 1138688K
  class space    used 12179K, capacity 13026K, committed 13056K, reserved 1048576K
Heap Regions: E=young(eden), S=young(survivor), O=old, HS=humongous(starts), HC=humongous(continues), CS=collection set, F=free, A=archive, TAMS=top-at-mark-start (previous, next)
|   0|0x0000000080000000, 0x0000000080100000, 0x0000000080100000|100%|HS|  |TAMS 0x0000000080100000, 0x0000000080000000| Complete 
|   1|0x0000000080100000, 0x0000000080200000, 0x0000000080200000|100%|HC|  |TAMS 0x0000000080200000, 0x0000000080100000| Complete 
|   2|0x0000000080200000, 0x0000000080300000, 0x0000000080300000|100%|HC|  |TAMS 0x0000000080300000, 0x0000000080200000| Complete 
|   3|0x0000000080300000, 0x0000000080400000, 0x0000000080400000|100%| O|  |TAMS 0x0000000080400000, 0x0000000080300000| Untracked 
|   4|0x0000000080400000, 0x0000000080500000, 0x0000000080500000|100%| O|  |TAMS 0x0000000080500000, 0x0000000080400000| Untracked 
|   5|0x0000000080500000, 0x0000000080600000, 0x0000000080600000|100%| O|  |TAMS 0x0000000080600000, 0x0000000080500000| Untracked 
|   6|0x0000000080600000, 0x0000000080700000, 0x0000000080700000|100%| O|  |TAMS 0x0000000080700000, 0x0000000080600000| Untracked 
|   7|0x0000000080700000, 0x0000000080800000, 0x0000000080800000|100%| O|  |TAMS 0x0000000080800000, 0x0000000080700000| Untracked 
|   8|0x0000000080800000, 0x0000000080900000, 0x0000000080900000|100%| O|  |TAMS 0x0000000080900000, 0x0000000080800000| Untracked 
|   9|0x0000000080900000, 0x0000000080a00000, 0x0000000080a00000|100%| O|  |TAMS 0x0000000080a00000, 0x0000000080900000| Untracked 
|  10|0x0000000080a00000, 0x0000000080b00000, 0x0000000080b00000|100%| O|  |TAMS 0x0000000080b00000, 0x0000000080a00000| Untracked 
|  11|0x0000000080b00000, 0x0000000080c00000, 0x0000000080c00000|100%| O|  |TAMS 0x0000000080c00000, 0x0000000080b00000| Untracked 
|  12|0x0000000080c00000, 0x0000000080d00000, 0x0000000080d00000|100%| O|  |TAMS 0x0000000080d00000, 0x0000000080c00000| Untracked 
|  13|0x0000000080d00000, 0x0000000080e00000, 0x0000000080e00000|100%| O|  |TAMS 0x0000000080e00000, 0x0000000080d00000| Untracked 
|  14|0x0000000080e00000, 0x0000000080f00000, 0x0000000080f00000|100%| O|  |TAMS 0x0000000080f00000, 0x0000000080e00000| Untracked 
|  15|0x0000000080f00000, 0x0000000081000000, 0x0000000081000000|100%| O|  |TAMS 0x0000000081000000, 0x0000000080f00000| Untracked 
|  16|0x0000000081000000, 0x0000000081100000, 0x0000000081100000|100%|HS|  |TAMS 0x0000000081100000, 0x0000000081000000| Complete 
|  17|0x0000000081100000, 0x0000000081200000, 0x0000000081200000|100%| O|  |TAMS 0x0000000081200000, 0x0000000081100000| Untracked 
|  18|0x0000000081200000, 0x0000000081300000, 0x0000000081300000|100%| O|  |TAMS 0x0000000081300000, 0x0000000081200000| Untracked 
|  19|0x0000000081300000, 0x0000000081400000, 0x0000000081400000|100%| O|  |TAMS 0x0000000081400000, 0x0000000081300000| Untracked 
|  20|0x0000000081400000, 0x0000000081500000, 0x0000000081500000|100%| O|  |TAMS 0x0000000081500000, 0x0000000081400000| Untracked 
|  21|0x0000000081500000, 0x0000000081600000, 0x0000000081600000|100%| O|  |TAMS 0x0000000081600000, 0x0000000081500000| Untracked 
|  22|0x0000000081600000, 0x0000000081700000, 0x0000000081700000|100%| O|  |TAMS 0x0000000081700000, 0x0000000081600000| Untracked 
|  23|0x0000000081700000, 0x0000000081800000, 0x0000000081800000|100%| O|  |TAMS 0x0000000081800000, 0x0000000081700000| Untracked 
|  24|0x0000000081800000, 0x0000000081900000, 0x0000000081900000|100%| O|  |TAMS 0x0000000081900000, 0x0000000081800000| Untracked 
|  25|0x0000000081900000, 0x0000000081a00000, 0x0000000081a00000|100%| O|  |TAMS 0x0000000081a00000, 0x0000000081900000| Untracked 
|  26|0x0000000081a00000, 0x0000000081b00000, 0x0000000081b00000|100%| O|  |TAMS 0x0000000081b00000, 0x0000000081a00000| Untracked 
|  27|0x0000000081b00000, 0x0000000081c00000, 0x0000000081c00000|100%| O|  |TAMS 0x0000000081c00000, 0x0000000081b00000| Untracked 
|  28|0x0000000081c00000, 0x0000000081d00000, 0x0000000081d00000|100%|HS|  |TAMS 0x0000000081d00000, 0x0000000081c00000| Complete 
|  29|0x0000000081d00000, 0x0000000081e00000, 0x0000000081e00000|100%| O|  |TAMS 0x0000000081e00000, 0x0000000081d00000| Untracked 
|  30|0x0000000081e00000, 0x0000000081f00000, 0x0000000081f00000|100%|HS|  |TAMS 0x0000000081f00000, 0x0000000081e00000| Complete 
|  31|0x0000000081f00000, 0x0000000082000000, 0x0000000082000000|100%|HC|  |TAMS 0x0000000082000000, 0x0000000081f00000| Complete 
|  32|0x0000000082000000, 0x0000000082100000, 0x0000000082100000|100%| O|  |TAMS 0x0000000082100000, 0x0000000082000000| Untracked 
|  33|0x0000000082100000, 0x0000000082200000, 0x0000000082200000|100%| O|  |TAMS 0x0000000082200000, 0x0000000082100000| Untracked 
|  34|0x0000000082200000, 0x0000000082300000, 0x0000000082300000|100%| O|  |TAMS 0x0000000082300000, 0x0000000082200000| Untracked 
|  35|0x0000000082300000, 0x0000000082400000, 0x0000000082400000|100%| O|  |TAMS 0x0000000082400000, 0x0000000082300000| Untracked 
|  36|0x0000000082400000, 0x0000000082500000, 0x0000000082500000|100%| O|  |TAMS 0x0000000082500000, 0x0000000082400000| Untracked 
|  37|0x0000000082500000, 0x0000000082600000, 0x0000000082600000|100%| O|  |TAMS 0x0000000082600000, 0x0000000082500000| Untracked 
|  38|0x0000000082600000, 0x0000000082700000, 0x0000000082700000|100%| O|  |TAMS 0x0000000082700000, 0x0000000082600000| Untracked 
|  39|0x0000000082700000, 0x0000000082800000, 0x0000000082800000|100%| O|  |TAMS 0x0000000082800000, 0x0000000082700000| Untracked 
|  40|0x0000000082800000, 0x0000000082900000, 0x0000000082900000|100%| O|  |TAMS 0x0000000082900000, 0x0000000082800000| Untracked 
|  41|0x0000000082900000, 0x0000000082a00000, 0x0000000082a00000|100%| O|  |TAMS 0x0000000082a00000, 0x0000000082900000| Untracked 
|  42|0x0000000082a00000, 0x0000000082b00000, 0x0000000082b00000|100%| O|  |TAMS 0x0000000082b00000, 0x0000000082a00000| Untracked 
|  43|0x0000000082b00000, 0x0000000082c00000, 0x0000000082c00000|100%| O|  |TAMS 0x0000000082c00000, 0x0000000082b00000| Untracked 
|  44|0x0000000082c00000, 0x0000000082d00000, 0x0000000082d00000|100%| O|  |TAMS 0x0000000082d00000, 0x0000000082c00000| Untracked 
|  45|0x0000000082d00000, 0x0000000082e00000, 0x0000000082e00000|100%| O|  |TAMS 0x0000000082e00000, 0x0000000082d00000| Untracked 
|  46|0x0000000082e00000, 0x0000000082f00000, 0x0000000082f00000|100%| O|  |TAMS 0x0000000082f00000, 0x0000000082e00000| Untracked 
|  47|0x0000000082f00000, 0x0000000083000000, 0x0000000083000000|100%| O|  |TAMS 0x0000000083000000, 0x0000000082f00000| Untracked 
|  48|0x0000000083000000, 0x0000000083100000, 0x0000000083100000|100%| O|  |TAMS 0x0000000083100000, 0x0000000083000000| Untracked 
|  49|0x0000000083100000, 0x0000000083200000, 0x0000000083200000|100%| O|  |TAMS 0x0000000083200000, 0x0000000083100000| Untracked 
|  50|0x0000000083200000, 0x0000000083300000, 0x0000000083300000|100%| O|  |TAMS 0x0000000083300000, 0x0000000083200000| Untracked 
|  51|0x0000000083300000, 0x0000000083400000, 0x0000000083400000|100%| O|  |TAMS 0x0000000083400000, 0x0000000083300000| Untracked 
|  52|0x0000000083400000, 0x0000000083500000, 0x0000000083500000|100%| O|  |TAMS 0x0000000083500000, 0x0000000083400000| Untracked 
|  53|0x0000000083500000, 0x0000000083600000, 0x0000000083600000|100%| O|  |TAMS 0x0000000083600000, 0x0000000083500000| Untracked 
|  54|0x0000000083600000, 0x0000000083700000, 0x0000000083700000|100%| O|  |TAMS 0x0000000083700000, 0x0000000083600000| Untracked 
|  55|0x0000000083700000, 0x0000000083800000, 0x0000000083800000|100%| O|  |TAMS 0x0000000083800000, 0x0000000083700000| Untracked 
|  56|0x0000000083800000, 0x0000000083900000, 0x0000000083900000|100%| O|  |TAMS 0x0000000083900000, 0x0000000083800000| Untracked 
|  57|0x0000000083900000, 0x0000000083a00000, 0x0000000083a00000|100%| O|  |TAMS 0x0000000083a00000, 0x0000000083900000| Untracked 
|  58|0x0000000083a00000, 0x0000000083b00000, 0x0000000083b00000|100%| O|  |TAMS 0x0000000083b00000, 0x0000000083a00000| Untracked 
|  59|0x0000000083b00000, 0x0000000083c00000, 0x0000000083c00000|100%| O|  |TAMS 0x0000000083c00000, 0x0000000083b00000| Untracked 
|  60|0x0000000083c00000, 0x0000000083d00000, 0x0000000083d00000|100%| O|  |TAMS 0x0000000083d00000, 0x0000000083c00000| Untracked 
|  61|0x0000000083d00000, 0x0000000083e00000, 0x0000000083e00000|100%| O|  |TAMS 0x0000000083e00000, 0x0000000083d00000| Untracked 
|  62|0x0000000083e00000, 0x0000000083f00000, 0x0000000083f00000|100%| O|  |TAMS 0x0000000083f00000, 0x0000000083e00000| Untracked 
|  63|0x0000000083f00000, 0x0000000084000000, 0x0000000084000000|100%| O|  |TAMS 0x0000000084000000, 0x0000000083f00000| Untracked 
|  64|0x0000000084000000, 0x0000000084100000, 0x0000000084100000|100%| O|  |TAMS 0x0000000084100000, 0x0000000084000000| Untracked 
|  65|0x0000000084100000, 0x0000000084200000, 0x0000000084200000|100%| O|  |TAMS 0x0000000084200000, 0x0000000084100000| Untracked 
|  66|0x0000000084200000, 0x0000000084300000, 0x0000000084300000|100%| O|  |TAMS 0x0000000084300000, 0x0000000084200000| Untracked 
|  67|0x0000000084300000, 0x0000000084400000, 0x0000000084400000|100%| O|  |TAMS 0x0000000084400000, 0x0000000084300000| Untracked 
|  68|0x0000000084400000, 0x0000000084500000, 0x0000000084500000|100%| O|  |TAMS 0x0000000084500000, 0x0000000084400000| Untracked 
|  69|0x0000000084500000, 0x0000000084600000, 0x0000000084600000|100%| O|  |TAMS 0x0000000084600000, 0x0000000084500000| Untracked 
|  70|0x0000000084600000, 0x0000000084700000, 0x0000000084700000|100%| O|  |TAMS 0x0000000084700000, 0x0000000084600000| Untracked 
|  71|0x0000000084700000, 0x0000000084800000, 0x0000000084800000|100%| O|  |TAMS 0x0000000084800000, 0x0000000084700000| Untracked 
|  72|0x0000000084800000, 0x0000000084900000, 0x0000000084900000|100%| O|  |TAMS 0x0000000084900000, 0x0000000084800000| Untracked 
|  73|0x0000000084900000, 0x0000000084a00000, 0x0000000084a00000|100%| O|  |TAMS 0x0000000084a00000, 0x0000000084900000| Untracked 
|  74|0x0000000084a00000, 0x0000000084b00000, 0x0000000084b00000|100%| O|  |TAMS 0x0000000084b00000, 0x0000000084a00000| Untracked 
|  75|0x0000000084b00000, 0x0000000084c00000, 0x0000000084c00000|100%| O|  |TAMS 0x0000000084c00000, 0x0000000084b00000| Untracked 
|  76|0x0000000084c00000, 0x0000000084c00000, 0x0000000084d00000|  0%| F|  |TAMS 0x0000000084c00000, 0x0000000084c00000| Untracked 
|  77|0x0000000084d00000, 0x0000000084e00000, 0x0000000084e00000|100%| O|  |TAMS 0x0000000084e00000, 0x0000000084d00000| Untracked 
|  78|0x0000000084e00000, 0x0000000084f00000, 0x0000000084f00000|100%| O|  |TAMS 0x0000000084f00000, 0x0000000084e00000| Untracked 
|  79|0x0000000084f00000, 0x0000000085000000, 0x0000000085000000|100%| O|  |TAMS 0x0000000085000000, 0x0000000084f00000| Untracked 
|  80|0x0000000085000000, 0x0000000085100000, 0x0000000085100000|100%| O|  |TAMS 0x0000000085100000, 0x0000000085000000| Untracked 
|  81|0x0000000085100000, 0x0000000085200000, 0x0000000085200000|100%| O|  |TAMS 0x0000000085200000, 0x0000000085100000| Untracked 
|  82|0x0000000085200000, 0x0000000085300000, 0x0000000085300000|100%| O|  |TAMS 0x0000000085300000, 0x0000000085200000| Untracked 
|  83|0x0000000085300000, 0x0000000085300000, 0x0000000085400000|  0%| F|  |TAMS 0x0000000085300000, 0x0000000085300000| Untracked 
|  84|0x0000000085400000, 0x0000000085400000, 0x0000000085500000|  0%| F|  |TAMS 0x0000000085400000, 0x0000000085400000| Untracked 
|  85|0x0000000085500000, 0x0000000085500000, 0x0000000085600000|  0%| F|  |TAMS 0x0000000085500000, 0x0000000085500000| Untracked 
|  86|0x0000000085600000, 0x0000000085600000, 0x0000000085700000|  0%| F|  |TAMS 0x0000000085600000, 0x0000000085600000| Untracked 
|  87|0x0000000085700000, 0x0000000085800000, 0x0000000085800000|100%| O|  |TAMS 0x0000000085800000, 0x0000000085700000| Untracked 
|  88|0x0000000085800000, 0x0000000085800000, 0x0000000085900000|  0%| F|  |TAMS 0x0000000085800000, 0x0000000085800000| Untracked 
|  89|0x0000000085900000, 0x0000000085a00000, 0x0000000085a00000|100%| O|  |TAMS 0x0000000085a00000, 0x0000000085900000| Untracked 
|  90|0x0000000085a00000, 0x0000000085b00000, 0x0000000085b00000|100%| O|  |TAMS 0x0000000085b00000, 0x0000000085a00000| Untracked 
|  91|0x0000000085b00000, 0x0000000085b00000, 0x0000000085c00000|  0%| F|  |TAMS 0x0000000085b00000, 0x0000000085b00000| Untracked 
|  92|0x0000000085c00000, 0x0000000085c00000, 0x0000000085d00000|  0%| F|  |TAMS 0x0000000085c00000, 0x0000000085c00000| Untracked 
|  93|0x0000000085d00000, 0x0000000085d00000, 0x0000000085e00000|  0%| F|  |TAMS 0x0000000085d00000, 0x0000000085d00000| Untracked 
|  94|0x0000000085e00000, 0x0000000085f00000, 0x0000000085f00000|100%| O|  |TAMS 0x0000000085e00000, 0x0000000085e00000| Untracked 
|  95|0x0000000085f00000, 0x0000000086000000, 0x0000000086000000|100%| O|  |TAMS 0x0000000085f00000, 0x0000000085f00000| Untracked 
|  96|0x0000000086000000, 0x0000000086100000, 0x0000000086100000|100%| O|  |TAMS 0x0000000086100000, 0x0000000086000000| Untracked 
|  97|0x0000000086100000, 0x0000000086136a00, 0x0000000086200000| 21%| O|  |TAMS 0x0000000086100000, 0x0000000086100000| Untracked 
|  98|0x0000000086200000, 0x0000000086200000, 0x0000000086300000|  0%| F|  |TAMS 0x0000000086200000, 0x0000000086200000| Untracked 
|  99|0x0000000086300000, 0x0000000086300000, 0x0000000086400000|  0%| F|  |TAMS 0x0000000086300000, 0x0000000086300000| Untracked 
| 100|0x0000000086400000, 0x0000000086400000, 0x0000000086500000|  0%| F|  |TAMS 0x0000000086400000, 0x0000000086400000| Untracked 
| 101|0x0000000086500000, 0x0000000086500000, 0x0000000086600000|  0%| F|  |TAMS 0x0000000086500000, 0x0000000086500000| Untracked 
| 102|0x0000000086600000, 0x0000000086600000, 0x0000000086700000|  0%| F|  |TAMS 0x0000000086600000, 0x0000000086600000| Untracked 
| 103|0x0000000086700000, 0x0000000086700000, 0x0000000086800000|  0%| F|  |TAMS 0x0000000086700000, 0x0000000086700000| Untracked 
| 104|0x0000000086800000, 0x0000000086800000, 0x0000000086900000|  0%| F|  |TAMS 0x0000000086800000, 0x0000000086800000| Untracked 
| 105|0x0000000086900000, 0x0000000086900000, 0x0000000086a00000|  0%| F|  |TAMS 0x0000000086900000, 0x0000000086900000| Untracked 
| 106|0x0000000086a00000, 0x0000000086a00000, 0x0000000086b00000|  0%| F|  |TAMS 0x0000000086a00000, 0x0000000086a00000| Untracked 
| 107|0x0000000086b00000, 0x0000000086b00000, 0x0000000086c00000|  0%| F|  |TAMS 0x0000000086b00000, 0x0000000086b00000| Untracked 
| 108|0x0000000086c00000, 0x0000000086c00000, 0x0000000086d00000|  0%| F|  |TAMS 0x0000000086c00000, 0x0000000086c00000| Untracked 
| 109|0x0000000086d00000, 0x0000000086d00000, 0x0000000086e00000|  0%| F|  |TAMS 0x0000000086d00000, 0x0000000086d00000| Untracked 
| 110|0x0000000086e00000, 0x0000000086e00000, 0x0000000086f00000|  0%| F|  |TAMS 0x0000000086e00000, 0x0000000086e00000| Untracked 
| 111|0x0000000086f00000, 0x0000000086f00000, 0x0000000087000000|  0%| F|  |TAMS 0x0000000086f00000, 0x0000000086f00000| Untracked 
| 112|0x0000000087000000, 0x0000000087000000, 0x0000000087100000|  0%| F|  |TAMS 0x0000000087000000, 0x0000000087000000| Untracked 
| 113|0x0000000087100000, 0x0000000087100000, 0x0000000087200000|  0%| F|  |TAMS 0x0000000087100000, 0x0000000087100000| Untracked 
| 114|0x0000000087200000, 0x0000000087200000, 0x0000000087300000|  0%| F|  |TAMS 0x0000000087200000, 0x0000000087200000| Untracked 
| 115|0x0000000087300000, 0x0000000087300000, 0x0000000087400000|  0%| F|  |TAMS 0x0000000087300000, 0x0000000087300000| Untracked 
| 116|0x0000000087400000, 0x0000000087400000, 0x0000000087500000|  0%| F|  |TAMS 0x0000000087400000, 0x0000000087400000| Untracked 
| 117|0x0000000087500000, 0x0000000087500000, 0x0000000087600000|  0%| F|  |TAMS 0x0000000087500000, 0x0000000087500000| Untracked 
| 118|0x0000000087600000, 0x0000000087600000, 0x0000000087700000|  0%| F|  |TAMS 0x0000000087600000, 0x0000000087600000| Untracked 
| 119|0x0000000087700000, 0x0000000087700000, 0x0000000087800000|  0%| F|  |TAMS 0x0000000087700000, 0x0000000087700000| Untracked 
| 120|0x0000000087800000, 0x0000000087800000, 0x0000000087900000|  0%| F|  |TAMS 0x0000000087800000, 0x0000000087800000| Untracked 
| 121|0x0000000087900000, 0x0000000087900000, 0x0000000087a00000|  0%| F|  |TAMS 0x0000000087900000, 0x0000000087900000| Untracked 
| 122|0x0000000087a00000, 0x0000000087a00000, 0x0000000087b00000|  0%| F|  |TAMS 0x0000000087a00000, 0x0000000087a00000| Untracked 
| 123|0x0000000087b00000, 0x0000000087b00000, 0x0000000087c00000|  0%| F|  |TAMS 0x0000000087b00000, 0x0000000087b00000| Untracked 
| 124|0x0000000087c00000, 0x0000000087c00000, 0x0000000087d00000|  0%| F|  |TAMS 0x0000000087c00000, 0x0000000087c00000| Untracked 
| 125|0x0000000087d00000, 0x0000000087d00000, 0x0000000087e00000|  0%| F|  |TAMS 0x0000000087d00000, 0x0000000087d00000| Untracked 
| 126|0x0000000087e00000, 0x0000000087e00000, 0x0000000087f00000|  0%| F|  |TAMS 0x0000000087e00000, 0x0000000087e00000| Untracked 
| 127|0x0000000087f00000, 0x0000000087f00000, 0x0000000088000000|  0%| F|  |TAMS 0x0000000087f00000, 0x0000000087f00000| Untracked 
| 128|0x0000000088000000, 0x0000000088000000, 0x0000000088100000|  0%| F|  |TAMS 0x0000000088000000, 0x0000000088000000| Untracked 
| 129|0x0000000088100000, 0x0000000088100000, 0x0000000088200000|  0%| F|  |TAMS 0x0000000088100000, 0x0000000088100000| Untracked 
| 130|0x0000000088200000, 0x0000000088200000, 0x0000000088300000|  0%| F|  |TAMS 0x0000000088200000, 0x0000000088200000| Untracked 
| 131|0x0000000088300000, 0x0000000088300000, 0x0000000088400000|  0%| F|  |TAMS 0x0000000088300000, 0x0000000088300000| Untracked 
| 132|0x0000000088400000, 0x0000000088400000, 0x0000000088500000|  0%| F|  |TAMS 0x0000000088400000, 0x0000000088400000| Untracked 
| 133|0x0000000088500000, 0x0000000088500000, 0x0000000088600000|  0%| F|  |TAMS 0x0000000088500000, 0x0000000088500000| Untracked 
| 134|0x0000000088600000, 0x0000000088700000, 0x0000000088700000|100%| O|  |TAMS 0x0000000088700000, 0x0000000088600000| Untracked 
| 135|0x0000000088700000, 0x0000000088800000, 0x0000000088800000|100%| O|  |TAMS 0x0000000088800000, 0x0000000088700000| Untracked 
| 136|0x0000000088800000, 0x0000000088900000, 0x0000000088900000|100%| O|  |TAMS 0x0000000088900000, 0x0000000088800000| Untracked 
| 137|0x0000000088900000, 0x0000000088a00000, 0x0000000088a00000|100%| O|  |TAMS 0x0000000088a00000, 0x0000000088900000| Untracked 
| 138|0x0000000088a00000, 0x0000000088b00000, 0x0000000088b00000|100%| O|  |TAMS 0x0000000088b00000, 0x0000000088a00000| Untracked 
| 139|0x0000000088b00000, 0x0000000088c00000, 0x0000000088c00000|100%| O|  |TAMS 0x0000000088c00000, 0x0000000088b00000| Untracked 
| 140|0x0000000088c00000, 0x0000000088d00000, 0x0000000088d00000|100%| O|  |TAMS 0x0000000088d00000, 0x0000000088c00000| Untracked 
| 141|0x0000000088d00000, 0x0000000088d00000, 0x0000000088e00000|  0%| F|  |TAMS 0x0000000088d00000, 0x0000000088d00000| Untracked 
| 142|0x0000000088e00000, 0x0000000088e00000, 0x0000000088f00000|  0%| F|  |TAMS 0x0000000088e00000, 0x0000000088e00000| Untracked 
| 143|0x0000000088f00000, 0x0000000088f00000, 0x0000000089000000|  0%| F|  |TAMS 0x0000000088f00000, 0x0000000088f00000| Untracked 
| 144|0x0000000089000000, 0x0000000089000000, 0x0000000089100000|  0%| F|  |TAMS 0x0000000089000000, 0x0000000089000000| Untracked 
| 145|0x0000000089100000, 0x0000000089100000, 0x0000000089200000|  0%| F|  |TAMS 0x0000000089100000, 0x0000000089100000| Untracked 
| 146|0x0000000089200000, 0x0000000089200000, 0x0000000089300000|  0%| F|  |TAMS 0x0000000089200000, 0x0000000089200000| Untracked 
| 147|0x0000000089300000, 0x0000000089300000, 0x0000000089400000|  0%| F|  |TAMS 0x0000000089300000, 0x0000000089300000| Untracked 
| 148|0x0000000089400000, 0x0000000089400000, 0x0000000089500000|  0%| F|  |TAMS 0x0000000089400000, 0x0000000089400000| Untracked 
| 149|0x0000000089500000, 0x0000000089500000, 0x0000000089600000|  0%| F|  |TAMS 0x0000000089500000, 0x0000000089500000| Untracked 
| 150|0x0000000089600000, 0x0000000089600000, 0x0000000089700000|  0%| F|  |TAMS 0x0000000089600000, 0x0000000089600000| Untracked 
| 151|0x0000000089700000, 0x0000000089700000, 0x0000000089800000|  0%| F|  |TAMS 0x0000000089700000, 0x0000000089700000| Untracked 
| 152|0x0000000089800000, 0x0000000089800000, 0x0000000089900000|  0%| F|  |TAMS 0x0000000089800000, 0x0000000089800000| Untracked 
| 153|0x0000000089900000, 0x0000000089900000, 0x0000000089a00000|  0%| F|  |TAMS 0x0000000089900000, 0x0000000089900000| Untracked 
| 154|0x0000000089a00000, 0x0000000089a00000, 0x0000000089b00000|  0%| F|  |TAMS 0x0000000089a00000, 0x0000000089a00000| Untracked 
| 155|0x0000000089b00000, 0x0000000089b00000, 0x0000000089c00000|  0%| F|  |TAMS 0x0000000089b00000, 0x0000000089b00000| Untracked 
| 156|0x0000000089c00000, 0x0000000089c00000, 0x0000000089d00000|  0%| F|  |TAMS 0x0000000089c00000, 0x0000000089c00000| Untracked 
| 157|0x0000000089d00000, 0x0000000089d00000, 0x0000000089e00000|  0%| F|  |TAMS 0x0000000089d00000, 0x0000000089d00000| Untracked 
| 158|0x0000000089e00000, 0x0000000089e00000, 0x0000000089f00000|  0%| F|  |TAMS 0x0000000089e00000, 0x0000000089e00000| Untracked 
| 159|0x0000000089f00000, 0x0000000089f00000, 0x000000008a000000|  0%| F|  |TAMS 0x0000000089f00000, 0x0000000089f00000| Untracked 
| 160|0x000000008a000000, 0x000000008a100000, 0x000000008a100000|100%| O|  |TAMS 0x000000008a100000, 0x000000008a000000| Untracked 
| 161|0x000000008a100000, 0x000000008a100000, 0x000000008a200000|  0%| F|  |TAMS 0x000000008a100000, 0x000000008a100000| Untracked 
| 162|0x000000008a200000, 0x000000008a300000, 0x000000008a300000|100%| O|  |TAMS 0x000000008a300000, 0x000000008a200000| Untracked 
| 163|0x000000008a300000, 0x000000008a300000, 0x000000008a400000|  0%| F|  |TAMS 0x000000008a300000, 0x000000008a300000| Untracked 
| 164|0x000000008a400000, 0x000000008a400000, 0x000000008a500000|  0%| F|  |TAMS 0x000000008a400000, 0x000000008a400000| Untracked 
| 165|0x000000008a500000, 0x000000008a500000, 0x000000008a600000|  0%| F|  |TAMS 0x000000008a500000, 0x000000008a500000| Untracked 
| 166|0x000000008a600000, 0x000000008a600000, 0x000000008a700000|  0%| F|  |TAMS 0x000000008a600000, 0x000000008a600000| Untracked 
| 167|0x000000008a700000, 0x000000008a700000, 0x000000008a800000|  0%| F|  |TAMS 0x000000008a700000, 0x000000008a700000| Untracked 
| 168|0x000000008a800000, 0x000000008a800000, 0x000000008a900000|  0%| F|  |TAMS 0x000000008a800000, 0x000000008a800000| Untracked 
| 169|0x000000008a900000, 0x000000008a900000, 0x000000008aa00000|  0%| F|  |TAMS 0x000000008a900000, 0x000000008a900000| Untracked 
| 170|0x000000008aa00000, 0x000000008aaf7768, 0x000000008ab00000| 96%| S|CS|TAMS 0x000000008aa00000, 0x000000008aa00000| Complete 
| 171|0x000000008ab00000, 0x000000008ac00000, 0x000000008ac00000|100%| S|CS|TAMS 0x000000008ab00000, 0x000000008ab00000| Complete 
| 172|0x000000008ac00000, 0x000000008ad00000, 0x000000008ad00000|100%| S|CS|TAMS 0x000000008ac00000, 0x000000008ac00000| Complete 
| 173|0x000000008ad00000, 0x000000008ad00000, 0x000000008ae00000|  0%| F|  |TAMS 0x000000008ad00000, 0x000000008ad00000| Untracked 
| 174|0x000000008ae00000, 0x000000008ae00000, 0x000000008af00000|  0%| F|  |TAMS 0x000000008ae00000, 0x000000008ae00000| Untracked 
| 175|0x000000008af00000, 0x000000008af00000, 0x000000008b000000|  0%| F|  |TAMS 0x000000008af00000, 0x000000008af00000| Untracked 
| 176|0x000000008b000000, 0x000000008b000000, 0x000000008b100000|  0%| F|  |TAMS 0x000000008b000000, 0x000000008b000000| Untracked 
| 177|0x000000008b100000, 0x000000008b100000, 0x000000008b200000|  0%| F|  |TAMS 0x000000008b100000, 0x000000008b100000| Untracked 
| 178|0x000000008b200000, 0x000000008b200000, 0x000000008b300000|  0%| F|  |TAMS 0x000000008b200000, 0x000000008b200000| Untracked 
| 179|0x000000008b300000, 0x000000008b300000, 0x000000008b400000|  0%| F|  |TAMS 0x000000008b300000, 0x000000008b300000| Untracked 
| 180|0x000000008b400000, 0x000000008b400000, 0x000000008b500000|  0%| F|  |TAMS 0x000000008b400000, 0x000000008b400000| Untracked 
| 181|0x000000008b500000, 0x000000008b500000, 0x000000008b600000|  0%| F|  |TAMS 0x000000008b500000, 0x000000008b500000| Untracked 
| 182|0x000000008b600000, 0x000000008b600000, 0x000000008b700000|  0%| F|  |TAMS 0x000000008b600000, 0x000000008b600000| Untracked 
| 183|0x000000008b700000, 0x000000008b700000, 0x000000008b800000|  0%| F|  |TAMS 0x000000008b700000, 0x000000008b700000| Untracked 
| 184|0x000000008b800000, 0x000000008b800000, 0x000000008b900000|  0%| F|  |TAMS 0x000000008b800000, 0x000000008b800000| Untracked 
| 185|0x000000008b900000, 0x000000008b900000, 0x000000008ba00000|  0%| F|  |TAMS 0x000000008b900000, 0x000000008b900000| Untracked 
| 186|0x000000008ba00000, 0x000000008ba00000, 0x000000008bb00000|  0%| F|  |TAMS 0x000000008ba00000, 0x000000008ba00000| Untracked 
| 187|0x000000008bb00000, 0x000000008bb00000, 0x000000008bc00000|  0%| F|  |TAMS 0x000000008bb00000, 0x000000008bb00000| Untracked 
| 188|0x000000008bc00000, 0x000000008bc00000, 0x000000008bd00000|  0%| F|  |TAMS 0x000000008bc00000, 0x000000008bc00000| Untracked 
| 189|0x000000008bd00000, 0x000000008bd00000, 0x000000008be00000|  0%| F|  |TAMS 0x000000008bd00000, 0x000000008bd00000| Untracked 
| 190|0x000000008be00000, 0x000000008be00000, 0x000000008bf00000|  0%| F|  |TAMS 0x000000008be00000, 0x000000008be00000| Untracked 
| 191|0x000000008bf00000, 0x000000008bf00000, 0x000000008c000000|  0%| F|  |TAMS 0x000000008bf00000, 0x000000008bf00000| Untracked 
| 192|0x000000008c000000, 0x000000008c000000, 0x000000008c100000|  0%| F|  |TAMS 0x000000008c000000, 0x000000008c000000| Untracked 
| 193|0x000000008c100000, 0x000000008c100000, 0x000000008c200000|  0%| F|  |TAMS 0x000000008c100000, 0x000000008c100000| Untracked 
| 194|0x000000008c200000, 0x000000008c200000, 0x000000008c300000|  0%| F|  |TAMS 0x000000008c200000, 0x000000008c200000| Untracked 
| 195|0x000000008c300000, 0x000000008c300000, 0x000000008c400000|  0%| F|  |TAMS 0x000000008c300000, 0x000000008c300000| Untracked 
| 196|0x000000008c400000, 0x000000008c400000, 0x000000008c500000|  0%| F|  |TAMS 0x000000008c400000, 0x000000008c400000| Untracked 
| 197|0x000000008c500000, 0x000000008c500000, 0x000000008c600000|  0%| F|  |TAMS 0x000000008c500000, 0x000000008c500000| Untracked 
| 198|0x000000008c600000, 0x000000008c600000, 0x000000008c700000|  0%| F|  |TAMS 0x000000008c600000, 0x000000008c600000| Untracked 
| 199|0x000000008c700000, 0x000000008c700000, 0x000000008c800000|  0%| F|  |TAMS 0x000000008c700000, 0x000000008c700000| Untracked 
| 200|0x000000008c800000, 0x000000008c800000, 0x000000008c900000|  0%| F|  |TAMS 0x000000008c800000, 0x000000008c800000| Untracked 
| 201|0x000000008c900000, 0x000000008c900000, 0x000000008ca00000|  0%| F|  |TAMS 0x000000008c900000, 0x000000008c900000| Untracked 
| 202|0x000000008ca00000, 0x000000008ca00000, 0x000000008cb00000|  0%| F|  |TAMS 0x000000008ca00000, 0x000000008ca00000| Untracked 
| 203|0x000000008cb00000, 0x000000008cb00000, 0x000000008cc00000|  0%| F|  |TAMS 0x000000008cb00000, 0x000000008cb00000| Untracked 
| 204|0x000000008cc00000, 0x000000008cc00000, 0x000000008cd00000|  0%| F|  |TAMS 0x000000008cc00000, 0x000000008cc00000| Untracked 
| 205|0x000000008cd00000, 0x000000008cd00000, 0x000000008ce00000|  0%| F|  |TAMS 0x000000008cd00000, 0x000000008cd00000| Untracked 
| 206|0x000000008ce00000, 0x000000008ce00000, 0x000000008cf00000|  0%| F|  |TAMS 0x000000008ce00000, 0x000000008ce00000| Untracked 
| 207|0x000000008cf00000, 0x000000008cf00000, 0x000000008d000000|  0%| F|  |TAMS 0x000000008cf00000, 0x000000008cf00000| Untracked 
| 208|0x000000008d000000, 0x000000008d0c6cb0, 0x000000008d100000| 77%| E|  |TAMS 0x000000008d000000, 0x000000008d000000| Complete 
| 209|0x000000008d100000, 0x000000008d200000, 0x000000008d200000|100%| E|CS|TAMS 0x000000008d100000, 0x000000008d100000| Complete 
| 210|0x000000008d200000, 0x000000008d300000, 0x000000008d300000|100%| E|CS|TAMS 0x000000008d200000, 0x000000008d200000| Complete 
| 211|0x000000008d300000, 0x000000008d400000, 0x000000008d400000|100%| E|CS|TAMS 0x000000008d300000, 0x000000008d300000| Complete 
| 212|0x000000008d400000, 0x000000008d500000, 0x000000008d500000|100%| E|  |TAMS 0x000000008d400000, 0x000000008d400000| Complete 
| 213|0x000000008d500000, 0x000000008d600000, 0x000000008d600000|100%| E|CS|TAMS 0x000000008d500000, 0x000000008d500000| Complete 
| 214|0x000000008d600000, 0x000000008d700000, 0x000000008d700000|100%| E|CS|TAMS 0x000000008d600000, 0x000000008d600000| Complete 
| 215|0x000000008d700000, 0x000000008d800000, 0x000000008d800000|100%| E|CS|TAMS 0x000000008d700000, 0x000000008d700000| Complete 
| 216|0x000000008d800000, 0x000000008d900000, 0x000000008d900000|100%| E|CS|TAMS 0x000000008d800000, 0x000000008d800000| Complete 
| 217|0x000000008d900000, 0x000000008da00000, 0x000000008da00000|100%| E|CS|TAMS 0x000000008d900000, 0x000000008d900000| Complete 
| 218|0x000000008da00000, 0x000000008db00000, 0x000000008db00000|100%| E|CS|TAMS 0x000000008da00000, 0x000000008da00000| Complete 
| 219|0x000000008db00000, 0x000000008dc00000, 0x000000008dc00000|100%| E|CS|TAMS 0x000000008db00000, 0x000000008db00000| Complete 
| 220|0x000000008dc00000, 0x000000008dd00000, 0x000000008dd00000|100%| E|CS|TAMS 0x000000008dc00000, 0x000000008dc00000| Complete 
| 221|0x000000008dd00000, 0x000000008de00000, 0x000000008de00000|100%| E|CS|TAMS 0x000000008dd00000, 0x000000008dd00000| Complete 
| 222|0x000000008de00000, 0x000000008df00000, 0x000000008df00000|100%| E|CS|TAMS 0x000000008de00000, 0x000000008de00000| Complete 
| 223|0x000000008df00000, 0x000000008e000000, 0x000000008e000000|100%| E|CS|TAMS 0x000000008df00000, 0x000000008df00000| Complete 
| 224|0x000000008e000000, 0x000000008e100000, 0x000000008e100000|100%| E|CS|TAMS 0x000000008e000000, 0x000000008e000000| Complete 
| 225|0x000000008e100000, 0x000000008e200000, 0x000000008e200000|100%| E|CS|TAMS 0x000000008e100000, 0x000000008e100000| Complete 
| 226|0x000000008e200000, 0x000000008e300000, 0x000000008e300000|100%| E|CS|TAMS 0x000000008e200000, 0x000000008e200000| Complete 
| 227|0x000000008e300000, 0x000000008e400000, 0x000000008e400000|100%| E|CS|TAMS 0x000000008e300000, 0x000000008e300000| Complete 
| 228|0x000000008e400000, 0x000000008e500000, 0x000000008e500000|100%| E|CS|TAMS 0x000000008e400000, 0x000000008e400000| Complete 
| 229|0x000000008e500000, 0x000000008e600000, 0x000000008e600000|100%| E|CS|TAMS 0x000000008e500000, 0x000000008e500000| Complete 

Card table byte_map: [0x000002447a160000,0x000002447a560000] _byte_map_base: 0x0000024479d60000

Marking Bits (Prev, Next): (CMBitMap*) 0x000002446727f188, (CMBitMap*) 0x000002446727f1c0
 Prev Bits: [0x000002447a960000, 0x000002447c960000)
 Next Bits: [0x000002447c960000, 0x000002447e960000)

Polling page: 0x0000024465250000

Metaspace:

Usage:
  Non-class:     85.84 MB capacity,    84.45 MB ( 98%) used,     1.13 MB (  1%) free+waste,   269.31 KB ( <1%) overhead. 
      Class:     12.72 MB capacity,    11.89 MB ( 94%) used,   728.27 KB (  6%) free+waste,   118.00 KB ( <1%) overhead. 
       Both:     98.56 MB capacity,    96.34 MB ( 98%) used,     1.84 MB (  2%) free+waste,   387.31 KB ( <1%) overhead. 

Virtual space:
  Non-class space:       88.00 MB reserved,      86.08 MB ( 98%) committed 
      Class space:        1.00 GB reserved,      12.75 MB (  1%) committed 
             Both:        1.09 GB reserved,      98.83 MB (  9%) committed 

Chunk freelists:
   Non-Class:  49.00 KB
       Class:  0 bytes
        Both:  49.00 KB

MaxMetaspaceSize: 17179869184.00 GB
CompressedClassSpaceSize: 1.00 GB
Initial GC threshold: 20.80 MB
Current GC threshold: 161.17 MB
CDS: off

CodeHeap 'non-profiled nmethods': size=120064Kb used=10244Kb max_used=10244Kb free=109819Kb
 bounds [0x0000024472820000, 0x0000024473230000, 0x0000024479d60000]
CodeHeap 'profiled nmethods': size=120000Kb used=34086Kb max_used=34086Kb free=85913Kb
 bounds [0x000002446b2f0000, 0x000002446d440000, 0x0000024472820000]
CodeHeap 'non-nmethods': size=5696Kb used=2379Kb max_used=2438Kb free=3316Kb
 bounds [0x000002446ad60000, 0x000002446afd0000, 0x000002446b2f0000]
 total_blobs=15732 nmethods=14826 adapters=818
 compilation: enabled
              stopped_count=0, restarted_count=0
 full_count=0

Compilation events (20 events):
Event: 85.015 Thread 0x000002447f6ed000 nmethod 14940 0x0000024473210710 code [0x0000024473210a40, 0x0000024473212a68]
Event: 85.015 Thread 0x000002447f6ed000 14944       4       java.lang.String::toLowerCase (29 bytes)
Event: 85.015 Thread 0x0000024402185000 14941       4       org.gradle.internal.vfs.impl.DefaultFileSystemAccess$$Lambda$346/0x00000001004e5040::<init> (26 bytes)
Event: 85.021 Thread 0x0000024402185000 nmethod 14941 0x0000024473214290 code [0x0000024473214420, 0x0000024473214798]
Event: 85.021 Thread 0x0000024402185000 14951       4       com.google.common.collect.ImmutableSet$Builder::build (24 bytes)
Event: 85.030 Thread 0x000002447f6ed000 nmethod 14944 0x0000024473214810 code [0x00000244732149e0, 0x00000244732151b8]
Event: 85.030 Thread 0x000002447f6ed000 14948       4       org.gradle.internal.component.model.AttributeMatchingExplanationBuilder::candidateDoesNotMatchAttributes (1 bytes)
Event: 85.030 Thread 0x000002447f6ed000 nmethod 14948 0x0000024473215610 code [0x00000244732157a0, 0x00000244732157f8]
Event: 85.030 Thread 0x000002447f6ed000 14950       4       org.gradle.api.internal.artifacts.transform.TransformationResult$Builder$AlreadyResolvedTransformationResult::resolveOutputsForInputArtifact (5 bytes)
Event: 85.031 Thread 0x000002447f6ed000 nmethod 14950 0x0000024473215910 code [0x0000024473215aa0, 0x0000024473215b18]
Event: 85.064 Thread 0x0000024402185000 nmethod 14951 0x0000024473215c10 code [0x0000024473215e40, 0x0000024473216ce8]
Event: 85.103 Thread 0x000002447f6ed000 14952       4       java.lang.AbstractStringBuilder::append (45 bytes)
Event: 85.112 Thread 0x000002447f6ed000 nmethod 14952 0x0000024473217510 code [0x00000244732176e0, 0x0000024473217d68]
Event: 85.128 Thread 0x0000024402185000 14953       4       org.gradle.internal.snapshot.AbstractListChildMap::store (72 bytes)
Event: 85.130 Thread 0x000002447f6ed000 14954       4       org.gradle.internal.snapshot.CompositeFileSystemSnapshot::of (56 bytes)
Event: 85.135 Thread 0x000002447f6ed000 nmethod 14954 0x0000024473218090 code [0x0000024473218260, 0x0000024473218548]
Event: 85.135 Thread 0x000002447f6ed000 14955       4       com.google.common.collect.ImmutableMultimap$EntryCollection::size (8 bytes)
Event: 85.136 Thread 0x000002447f6ed000 nmethod 14955 0x0000024473218790 code [0x0000024473218920, 0x0000024473218998]
Event: 85.197 Thread 0x000002447f6ed000 14956       4       com.google.common.collect.RegularImmutableMap::get (64 bytes)
Event: 85.201 Thread 0x000002447f6ed000 nmethod 14956 0x0000024473218a90 code [0x0000024473218c40, 0x0000024473218db8]

GC Heap History (20 events):
Event: 59.478 GC heap before
{Heap before GC invocations=50 (full 0):
 garbage-first heap   total 195584K, used 183168K [0x0000000080000000, 0x0000000100000000)
  region size 1024K, 20 young (20480K), 3 survivors (3072K)
 Metaspace       used 91835K, capacity 93965K, committed 94288K, reserved 1130496K
  class space    used 11627K, capacity 12471K, committed 12544K, reserved 1048576K
}
Event: 59.491 GC heap after
{Heap after GC invocations=51 (full 0):
 garbage-first heap   total 195584K, used 143606K [0x0000000080000000, 0x0000000100000000)
  region size 1024K, 3 young (3072K), 3 survivors (3072K)
 Metaspace       used 91835K, capacity 93965K, committed 94288K, reserved 1130496K
  class space    used 11627K, capacity 12471K, committed 12544K, reserved 1048576K
}
Event: 59.714 GC heap before
{Heap before GC invocations=52 (full 0):
 garbage-first heap   total 195584K, used 158966K [0x0000000080000000, 0x0000000100000000)
  region size 1024K, 19 young (19456K), 3 survivors (3072K)
 Metaspace       used 91928K, capacity 94110K, committed 94288K, reserved 1130496K
  class space    used 11634K, capacity 12475K, committed 12544K, reserved 1048576K
}
Event: 59.724 GC heap after
{Heap after GC invocations=53 (full 0):
 garbage-first heap   total 195584K, used 147142K [0x0000000080000000, 0x0000000100000000)
  region size 1024K, 3 young (3072K), 3 survivors (3072K)
 Metaspace       used 91928K, capacity 94110K, committed 94288K, reserved 1130496K
  class space    used 11634K, capacity 12475K, committed 12544K, reserved 1048576K
}
Event: 60.211 GC heap before
{Heap before GC invocations=53 (full 0):
 garbage-first heap   total 195584K, used 161478K [0x0000000080000000, 0x0000000100000000)
  region size 1024K, 18 young (18432K), 3 survivors (3072K)
 Metaspace       used 93456K, capacity 95655K, committed 95952K, reserved 1132544K
  class space    used 11737K, capacity 12576K, committed 12672K, reserved 1048576K
}
Event: 60.224 GC heap after
{Heap after GC invocations=54 (full 0):
 garbage-first heap   total 195584K, used 150321K [0x0000000080000000, 0x0000000100000000)
  region size 1024K, 3 young (3072K), 3 survivors (3072K)
 Metaspace       used 93456K, capacity 95655K, committed 95952K, reserved 1132544K
  class space    used 11737K, capacity 12576K, committed 12672K, reserved 1048576K
}
Event: 60.615 GC heap before
{Heap before GC invocations=54 (full 0):
 garbage-first heap   total 195584K, used 130865K [0x0000000080000000, 0x0000000100000000)
  region size 1024K, 17 young (17408K), 3 survivors (3072K)
 Metaspace       used 94509K, capacity 96647K, committed 96720K, reserved 1134592K
  class space    used 11835K, capacity 12672K, committed 12672K, reserved 1048576K
}
Event: 60.627 GC heap after
{Heap after GC invocations=55 (full 0):
 garbage-first heap   total 235520K, used 119581K [0x0000000080000000, 0x0000000100000000)
  region size 1024K, 2 young (2048K), 2 survivors (2048K)
 Metaspace       used 94509K, capacity 96647K, committed 96720K, reserved 1134592K
  class space    used 11835K, capacity 12672K, committed 12672K, reserved 1048576K
}
Event: 61.449 GC heap before
{Heap before GC invocations=56 (full 0):
 garbage-first heap   total 235520K, used 159517K [0x0000000080000000, 0x0000000100000000)
  region size 1024K, 41 young (41984K), 2 survivors (2048K)
 Metaspace       used 95842K, capacity 98033K, committed 98128K, reserved 1134592K
  class space    used 11926K, capacity 12768K, committed 12800K, reserved 1048576K
}
Event: 61.465 GC heap after
{Heap after GC invocations=57 (full 0):
 garbage-first heap   total 235520K, used 127774K [0x0000000080000000, 0x0000000100000000)
  region size 1024K, 6 young (6144K), 6 survivors (6144K)
 Metaspace       used 95842K, capacity 98033K, committed 98128K, reserved 1134592K
  class space    used 11926K, capacity 12768K, committed 12800K, reserved 1048576K
}
Event: 61.510 GC heap before
{Heap before GC invocations=57 (full 0):
 garbage-first heap   total 235520K, used 132894K [0x0000000080000000, 0x0000000100000000)
  region size 1024K, 11 young (11264K), 6 survivors (6144K)
 Metaspace       used 95963K, capacity 98161K, committed 98384K, reserved 1134592K
  class space    used 11934K, capacity 12768K, committed 12800K, reserved 1048576K
}
Event: 61.526 GC heap after
{Heap after GC invocations=58 (full 0):
 garbage-first heap   total 235520K, used 110592K [0x0000000080000000, 0x0000000100000000)
  region size 1024K, 2 young (2048K), 2 survivors (2048K)
 Metaspace       used 95963K, capacity 98161K, committed 98384K, reserved 1134592K
  class space    used 11934K, capacity 12768K, committed 12800K, reserved 1048576K
}
Event: 62.266 GC heap before
{Heap before GC invocations=58 (full 0):
 garbage-first heap   total 235520K, used 155648K [0x0000000080000000, 0x0000000100000000)
  region size 1024K, 46 young (47104K), 2 survivors (2048K)
 Metaspace       used 96240K, capacity 98391K, committed 98768K, reserved 1134592K
  class space    used 11948K, capacity 12801K, committed 12928K, reserved 1048576K
}
Event: 62.283 GC heap after
{Heap after GC invocations=59 (full 0):
 garbage-first heap   total 235520K, used 112147K [0x0000000080000000, 0x0000000100000000)
  region size 1024K, 4 young (4096K), 4 survivors (4096K)
 Metaspace       used 96240K, capacity 98391K, committed 98768K, reserved 1134592K
  class space    used 11948K, capacity 12801K, committed 12928K, reserved 1048576K
}
Event: 65.832 GC heap before
{Heap before GC invocations=60 (full 0):
 garbage-first heap   total 235520K, used 159251K [0x0000000080000000, 0x0000000100000000)
  region size 1024K, 51 young (52224K), 4 survivors (4096K)
 Metaspace       used 97496K, capacity 99727K, committed 99792K, reserved 1136640K
  class space    used 12056K, capacity 12909K, committed 12928K, reserved 1048576K
}
Event: 65.841 GC heap after
{Heap after GC invocations=61 (full 0):
 garbage-first heap   total 235520K, used 109340K [0x0000000080000000, 0x0000000100000000)
  region size 1024K, 3 young (3072K), 3 survivors (3072K)
 Metaspace       used 97496K, capacity 99727K, committed 99792K, reserved 1136640K
  class space    used 12056K, capacity 12909K, committed 12928K, reserved 1048576K
}
Event: 67.089 GC heap before
{Heap before GC invocations=61 (full 0):
 garbage-first heap   total 235520K, used 118556K [0x0000000080000000, 0x0000000100000000)
  region size 1024K, 11 young (11264K), 3 survivors (3072K)
 Metaspace       used 97612K, capacity 99805K, committed 100048K, reserved 1136640K
  class space    used 12070K, capacity 12911K, committed 12928K, reserved 1048576K
}
Event: 67.096 GC heap after
{Heap after GC invocations=62 (full 0):
 garbage-first heap   total 235520K, used 100147K [0x0000000080000000, 0x0000000100000000)
  region size 1024K, 1 young (1024K), 1 survivors (1024K)
 Metaspace       used 97612K, capacity 99805K, committed 100048K, reserved 1136640K
  class space    used 12070K, capacity 12911K, committed 12928K, reserved 1048576K
}
Event: 82.517 GC heap before
{Heap before GC invocations=62 (full 0):
 garbage-first heap   total 235520K, used 156467K [0x0000000080000000, 0x0000000100000000)
  region size 1024K, 57 young (58368K), 1 survivors (1024K)
 Metaspace       used 98562K, capacity 100850K, committed 100944K, reserved 1136640K
  class space    used 12168K, capacity 13021K, committed 13056K, reserved 1048576K
}
Event: 82.527 GC heap after
{Heap after GC invocations=63 (full 0):
 garbage-first heap   total 235520K, used 102584K [0x0000000080000000, 0x0000000100000000)
  region size 1024K, 3 young (3072K), 3 survivors (3072K)
 Metaspace       used 98562K, capacity 100850K, committed 100944K, reserved 1136640K
  class space    used 12168K, capacity 13021K, committed 13056K, reserved 1048576K
}

Deoptimization events (20 events):
Event: 84.385 Thread 0x000002447f7b3800 Uncommon trap: trap_request=0xffffff4d fr.pc=0x00000244730a1658 relative=0x00000000000004d8
Event: 84.385 Thread 0x000002447f7b3800 Uncommon trap: reason=unstable_if action=reinterpret pc=0x00000244730a1658 method=com.sun.org.apache.xerces.internal.impl.XMLEntityScanner.skipString(Ljava/lang/String;)Z @ 104 c2
Event: 84.385 Thread 0x000002447f7b3800 DEOPT PACKING pc=0x00000244730a1658 sp=0x000000f9268fb1c0
Event: 84.385 Thread 0x000002447f7b3800 DEOPT UNPACKING pc=0x000002446adaa1af sp=0x000000f9268fb180 mode 2
Event: 84.385 Thread 0x000002447f7b3800 Uncommon trap: trap_request=0xffffff4d fr.pc=0x0000024473114390 relative=0x00000000000000d0
Event: 84.385 Thread 0x000002447f7b3800 Uncommon trap: reason=unstable_if action=reinterpret pc=0x0000024473114390 method=com.sun.org.apache.xerces.internal.impl.XMLEntityScanner.scanChar(Lcom/sun/org/apache/xerces/internal/impl/XMLScanner$NameType;)I @ 212 c2
Event: 84.385 Thread 0x000002447f7b3800 DEOPT PACKING pc=0x0000024473114390 sp=0x000000f9268fb1f0
Event: 84.385 Thread 0x000002447f7b3800 DEOPT UNPACKING pc=0x000002446adaa1af sp=0x000000f9268fb190 mode 2
Event: 84.386 Thread 0x000002447f7b3800 Uncommon trap: trap_request=0xffffff4d fr.pc=0x00000244730eb070 relative=0x0000000000002410
Event: 84.386 Thread 0x000002447f7b3800 Uncommon trap: reason=unstable_if action=reinterpret pc=0x00000244730eb070 method=com.sun.org.apache.xerces.internal.impl.XMLNSDocumentScannerImpl.scanStartElement()Z @ 1000 c2
Event: 84.386 Thread 0x000002447f7b3800 DEOPT PACKING pc=0x00000244730eb070 sp=0x000000f9268faf50
Event: 84.386 Thread 0x000002447f7b3800 DEOPT UNPACKING pc=0x000002446adaa1af sp=0x000000f9268faf10 mode 2
Event: 84.387 Thread 0x000002447f7b3800 Uncommon trap: trap_request=0xffffff4d fr.pc=0x0000024473043564 relative=0x0000000000001204
Event: 84.387 Thread 0x000002447f7b3800 Uncommon trap: reason=unstable_if action=reinterpret pc=0x0000024473043564 method=com.sun.org.apache.xerces.internal.impl.io.UTF8Reader.read([CII)I @ 75 c2
Event: 84.387 Thread 0x000002447f7b3800 DEOPT PACKING pc=0x0000024473043564 sp=0x000000f9268fb0d0
Event: 84.387 Thread 0x000002447f7b3800 DEOPT UNPACKING pc=0x000002446adaa1af sp=0x000000f9268fb000 mode 2
Event: 84.862 Thread 0x0000024408140800 Uncommon trap: trap_request=0xffffffd6 fr.pc=0x000002447317dfac relative=0x0000000000000c4c
Event: 84.862 Thread 0x0000024408140800 Uncommon trap: reason=array_check action=maybe_recompile pc=0x000002447317dfac method=com.google.common.collect.RegularImmutableMap.fromEntryArray(I[Ljava/util/Map$Entry;)Lcom/google/common/collect/ImmutableMap; @ 157 c2
Event: 84.862 Thread 0x0000024408140800 DEOPT PACKING pc=0x000002447317dfac sp=0x000000f9296fc620
Event: 84.862 Thread 0x0000024408140800 DEOPT UNPACKING pc=0x000002446adaa1af sp=0x000000f9296fc578 mode 2

Classes redefined (0 events):
No events

Internal exceptions (20 events):
Event: 33.795 Thread 0x000002440398e000 Exception <a 'java/lang/NoSuchMethodError'{0x0000000086f38d30}: <clinit>> (0x0000000086f38d30) thrown at [./src/hotspot/share/prims/jni.cpp, line 1366]
Event: 33.818 Thread 0x00000244076b3800 Exception <a 'java/lang/NoSuchMethodError'{0x0000000086fe4f58}: 'int java.lang.invoke.DirectMethodHandle$Holder.invokeSpecial(java.lang.Object, java.lang.Object, java.lang.Object, java.lang.Object, java.lang.Object)'> (0x0000000086fe4f58) thrown at [./src/hotspot/share/interpreter/linkResolver.cpp, line 773]
Event: 37.258 Thread 0x00000244076b3800 Exception <a 'java/lang/NoSuchMethodError'{0x0000000087e5b1b0}: 'void java.lang.invoke.DirectMethodHandle$Holder.invokeStatic(java.lang.Object, java.lang.Object, java.lang.Object, java.lang.Object, int, java.lang.Object, java.lang.Object)'> (0x0000000087e5b1b0) thrown at [./src/hotspot/share/interpreter/linkResolver.cpp, line 773]
Event: 37.290 Thread 0x000002447f7b0800 Exception <a 'java/lang/NoSuchMethodError'{0x0000000087bbefe8}: 'java.lang.Object java.lang.invoke.DirectMethodHandle$Holder.invokeSpecialIFC(java.lang.Object, java.lang.Object, java.lang.Object)'> (0x0000000087bbefe8) thrown at [./src/hotspot/share/interpreter/linkResolver.cpp, line 773]
Event: 37.726 Thread 0x000002447f7b3800 Exception <a 'java/lang/NoSuchMethodError'{0x0000000087522470}: 'void java.lang.invoke.DirectMethodHandle$Holder.invokeVirtual(java.lang.Object, java.lang.Object)'> (0x0000000087522470) thrown at [./src/hotspot/share/interpreter/linkResolver.cpp, line 773]
Event: 37.727 Thread 0x000002447f7b0800 Exception <a 'java/lang/NoSuchMethodError'{0x00000000876d1780}: 'void java.lang.invoke.DirectMethodHandle$Holder.invokeVirtual(java.lang.Object, java.lang.Object)'> (0x00000000876d1780) thrown at [./src/hotspot/share/interpreter/linkResolver.cpp, line 773]
Event: 38.028 Thread 0x00000244076b1000 Implicit null exception at 0x0000024472d7785b to 0x0000024472d778ec
Event: 38.386 Thread 0x00000244052e3800 Implicit null exception at 0x0000024472d849d4 to 0x0000024472d851f0
Event: 39.778 Thread 0x000002447f7b5000 Exception <a 'java/lang/NoSuchMethodError'{0x0000000087751cc0}: 'java.lang.Object java.lang.invoke.DirectMethodHandle$Holder.newInvokeSpecial(java.lang.Object, java.lang.Object, java.lang.Object, java.lang.Object)'> (0x0000000087751cc0) thrown at [./src/hotspot/share/interpreter/linkResolver.cpp, line 773]
Event: 45.157 Thread 0x00000244076b3800 Exception <a 'java/lang/NoSuchMethodError'{0x00000000864c1758}: 'void java.lang.invoke.DirectMethodHandle$Holder.invokeInterface(java.lang.Object, java.lang.Object, java.lang.Object, java.lang.Object)'> (0x00000000864c1758) thrown at [./src/hotspot/share/interpreter/linkResolver.cpp, line 773]
Event: 52.707 Thread 0x00000244076b3800 Implicit null exception at 0x0000024472ee1ee9 to 0x0000024472ee2c63
Event: 59.008 Thread 0x00000244076b3800 Implicit null exception at 0x0000024472f7f5ba to 0x0000024472f85ef0
Event: 59.162 Thread 0x00000244076b3800 Exception <a 'java/lang/NoSuchMethodError'{0x000000008bb84128}: <clinit>> (0x000000008bb84128) thrown at [./src/hotspot/share/prims/jni.cpp, line 1366]
Event: 59.221 Thread 0x00000244076b3800 Exception <a 'java/lang/NoSuchMethodError'{0x000000008b9bf610}: <clinit>> (0x000000008b9bf610) thrown at [./src/hotspot/share/prims/jni.cpp, line 1366]
Event: 59.285 Thread 0x00000244076b3800 Exception <a 'java/lang/NoSuchMethodError'{0x000000008b5624b0}: <clinit>> (0x000000008b5624b0) thrown at [./src/hotspot/share/prims/jni.cpp, line 1366]
Event: 61.728 Thread 0x0000024408142800 Exception <a 'sun/nio/fs/WindowsException'{0x000000008e38f938}> (0x000000008e38f938) thrown at [./src/hotspot/share/prims/jni.cpp, line 616]
Event: 61.778 Thread 0x0000024408142800 Exception <a 'sun/nio/fs/WindowsException'{0x000000008e390af8}> (0x000000008e390af8) thrown at [./src/hotspot/share/prims/jni.cpp, line 616]
Event: 62.195 Thread 0x0000024408142800 Exception <a 'sun/nio/fs/WindowsException'{0x000000008bd58528}> (0x000000008bd58528) thrown at [./src/hotspot/share/prims/jni.cpp, line 616]
Event: 62.239 Thread 0x0000024408142800 Exception <a 'sun/nio/fs/WindowsException'{0x000000008bd5a688}> (0x000000008bd5a688) thrown at [./src/hotspot/share/prims/jni.cpp, line 616]
Event: 82.216 Thread 0x0000024408140800 Implicit null exception at 0x0000024472b31e14 to 0x0000024472b323dc

Events (20 events):
Event: 84.266 loading class org/gradle/api/internal/file/archive/impl/FileZipInput$1$1
Event: 84.266 loading class org/gradle/api/internal/file/archive/impl/FileZipInput$1$1 done
Event: 84.266 loading class org/gradle/api/internal/changedetection/state/DefaultZipEntryContext
Event: 84.266 loading class org/gradle/api/internal/changedetection/state/DefaultZipEntryContext done
Event: 84.267 loading class org/gradle/api/internal/changedetection/state/DefaultZipEntryContext$ZipEntryRelativePath
Event: 84.267 loading class org/gradle/api/internal/changedetection/state/DefaultZipEntryContext$ZipEntryRelativePath done
Event: 84.267 loading class org/gradle/api/internal/file/archive/ZipEntry$InputStreamAction
Event: 84.267 loading class org/gradle/api/internal/file/archive/ZipEntry$InputStreamAction done
Event: 84.269 Thread 0x0000024402183800 Thread exited: 0x0000024402183800
Event: 84.316 loading class com/android/ide/common/xml/AndroidManifestParser
Event: 84.316 loading class com/android/ide/common/xml/AndroidManifestParser done
Event: 84.372 loading class com/android/ide/common/xml/AndroidManifestParser$ManifestHandler
Event: 84.372 loading class com/android/ide/common/xml/AndroidManifestParser$ManifestHandler done
Event: 84.380 loading class com/android/io/StreamException
Event: 84.380 loading class com/android/io/StreamException done
Event: 84.383 loading class com/android/ide/common/xml/ManifestData
Event: 84.383 loading class com/android/ide/common/xml/ManifestData done
Event: 84.388 loading class com/android/ide/common/symbols/SymbolListWithPackageNameWriter
Event: 84.388 loading class com/android/ide/common/symbols/SymbolListWithPackageNameWriter done
Event: 85.015 Thread 0x0000024402185000 Thread added: 0x0000024402185000


Dynamic libraries:
0x00007ff76c040000 - 0x00007ff76c04a000 	C:\Program Files\Android\Android Studio\jre\bin\java.exe
0x00007fff8b610000 - 0x00007fff8b808000 	C:\Windows\SYSTEM32\ntdll.dll
0x00007fff89670000 - 0x00007fff8972f000 	C:\Windows\System32\KERNEL32.DLL
0x00007fff89020000 - 0x00007fff89316000 	C:\Windows\System32\KERNELBASE.dll
0x00007fff893b0000 - 0x00007fff894b0000 	C:\Windows\System32\ucrtbase.dll
0x00007fff55ef0000 - 0x00007fff55f07000 	C:\Program Files\Android\Android Studio\jre\bin\VCRUNTIME140.dll
0x00007fff51f00000 - 0x00007fff51f19000 	C:\Program Files\Android\Android Studio\jre\bin\jli.dll
0x00007fff89a00000 - 0x00007fff89b9d000 	C:\Windows\System32\USER32.dll
0x00007fff769a0000 - 0x00007fff76c3a000 	C:\Windows\WinSxS\amd64_microsoft.windows.common-controls_6595b64144ccf1df_6.0.19041.1110_none_60b5254171f9507e\COMCTL32.dll
0x00007fff895a0000 - 0x00007fff895c2000 	C:\Windows\System32\win32u.dll
0x00007fff8ae30000 - 0x00007fff8aece000 	C:\Windows\System32\msvcrt.dll
0x00007fff8ac40000 - 0x00007fff8ac6c000 	C:\Windows\System32\GDI32.dll
0x00007fff88cf0000 - 0x00007fff88e05000 	C:\Windows\System32\gdi32full.dll
0x00007fff894b0000 - 0x00007fff8954d000 	C:\Windows\System32\msvcp_win.dll
0x00007fff8ad90000 - 0x00007fff8adc0000 	C:\Windows\System32\IMM32.DLL
0x00007fff21b40000 - 0x00007fff21bdd000 	C:\Program Files\Android\Android Studio\jre\bin\msvcp140.dll
0x00007fff1e3b0000 - 0x00007fff1eeb2000 	C:\Program Files\Android\Android Studio\jre\bin\server\jvm.dll
0x00007fff89d30000 - 0x00007fff89ddf000 	C:\Windows\System32\ADVAPI32.dll
0x00007fff8ac70000 - 0x00007fff8ad0c000 	C:\Windows\System32\sechost.dll
0x00007fff8a3a0000 - 0x00007fff8a4c6000 	C:\Windows\System32\RPCRT4.dll
0x00007fff8a4e0000 - 0x00007fff8a4e8000 	C:\Windows\System32\PSAPI.DLL
0x00007fff75840000 - 0x00007fff75867000 	C:\Windows\SYSTEM32\WINMM.dll
0x00007fff81ac0000 - 0x00007fff81ac9000 	C:\Windows\SYSTEM32\WSOCK32.dll
0x00007fff771b0000 - 0x00007fff771ba000 	C:\Windows\SYSTEM32\VERSION.dll
0x00007fff8adc0000 - 0x00007fff8ae2b000 	C:\Windows\System32\WS2_32.dll
0x00007fff86c20000 - 0x00007fff86c32000 	C:\Windows\SYSTEM32\kernel.appcore.dll
0x00007fff7af30000 - 0x00007fff7af41000 	C:\Program Files\Android\Android Studio\jre\bin\verify.dll
0x00007fff74770000 - 0x00007fff74954000 	C:\Windows\SYSTEM32\DBGHELP.DLL
0x00007fff766e0000 - 0x00007fff76714000 	C:\Windows\SYSTEM32\dbgcore.DLL
0x00007fff89320000 - 0x00007fff893a2000 	C:\Windows\System32\bcryptPrimitives.dll
0x00007fff7af00000 - 0x00007fff7af29000 	C:\Program Files\Android\Android Studio\jre\bin\java.dll
0x00007fff80210000 - 0x00007fff8021b000 	C:\Program Files\Android\Android Studio\jre\bin\jimage.dll
0x00007fff766c0000 - 0x00007fff766d8000 	C:\Program Files\Android\Android Studio\jre\bin\zip.dll
0x00007fff8a4f0000 - 0x00007fff8ac34000 	C:\Windows\System32\SHELL32.dll
0x00007fff86d90000 - 0x00007fff87523000 	C:\Windows\SYSTEM32\windows.storage.dll
0x00007fff89f20000 - 0x00007fff8a274000 	C:\Windows\System32\combase.dll
0x00007fff88750000 - 0x00007fff8877e000 	C:\Windows\SYSTEM32\Wldp.dll
0x00007fff8af80000 - 0x00007fff8b02d000 	C:\Windows\System32\SHCORE.dll
0x00007fff89ba0000 - 0x00007fff89bf5000 	C:\Windows\System32\shlwapi.dll
0x00007fff88c20000 - 0x00007fff88c45000 	C:\Windows\SYSTEM32\profapi.dll
0x00007fff735d0000 - 0x00007fff735ea000 	C:\Program Files\Android\Android Studio\jre\bin\net.dll
0x00007fff7c460000 - 0x00007fff7c56a000 	C:\Windows\SYSTEM32\WINHTTP.dll
0x00007fff884b0000 - 0x00007fff8851a000 	C:\Windows\system32\mswsock.dll
0x00007fff735b0000 - 0x00007fff735c4000 	C:\Program Files\Android\Android Studio\jre\bin\nio.dll
0x00007fff55140000 - 0x00007fff55167000 	C:\Users\hp\.gradle\native\e1d6ef7f7dcc3fd88c89a11ec53ec762bb8ba0a96d01ffa2cd45eb1d1d8dd5c5\windows-amd64\native-platform.dll
0x00007fff1cc30000 - 0x00007fff1cd74000 	C:\Users\hp\.gradle\native\0d407fdbe67a94daf76414ababcb853783967236a71b16ec16e742cd7a986fd3\windows-amd64\native-platform-file-events.dll
0x00007fff7aef0000 - 0x00007fff7aefa000 	C:\Program Files\Android\Android Studio\jre\bin\management.dll
0x00007fff766b0000 - 0x00007fff766bd000 	C:\Program Files\Android\Android Studio\jre\bin\management_ext.dll
0x00007fff886a0000 - 0x00007fff886b8000 	C:\Windows\SYSTEM32\CRYPTSP.dll
0x00007fff87d50000 - 0x00007fff87d84000 	C:\Windows\system32\rsaenh.dll
0x00007fff895d0000 - 0x00007fff895f7000 	C:\Windows\System32\bcrypt.dll
0x00007fff88be0000 - 0x00007fff88c0e000 	C:\Windows\SYSTEM32\USERENV.dll
0x00007fff886c0000 - 0x00007fff886cc000 	C:\Windows\SYSTEM32\CRYPTBASE.dll
0x00007fff88150000 - 0x00007fff8818b000 	C:\Windows\SYSTEM32\IPHLPAPI.DLL
0x00007fff8a370000 - 0x00007fff8a378000 	C:\Windows\System32\NSI.dll
0x00007fff7ce90000 - 0x00007fff7cea7000 	C:\Windows\SYSTEM32\dhcpcsvc6.DLL
0x00007fff7ce70000 - 0x00007fff7ce8d000 	C:\Windows\SYSTEM32\dhcpcsvc.DLL
0x00007fff88190000 - 0x00007fff8825a000 	C:\Windows\SYSTEM32\DNSAPI.dll
0x00007fff87e70000 - 0x00007fff87ea3000 	C:\Windows\SYSTEM32\ntmarta.dll

dbghelp: loaded successfully - version: 4.0.5 - missing functions: none
symbol engine: initialized successfully - sym options: 0x614 - pdb path: .;C:\Program Files\Android\Android Studio\jre\bin;C:\Windows\SYSTEM32;C:\Windows\WinSxS\amd64_microsoft.windows.common-controls_6595b64144ccf1df_6.0.19041.1110_none_60b5254171f9507e;C:\Program Files\Android\Android Studio\jre\bin\server;C:\Users\hp\.gradle\native\e1d6ef7f7dcc3fd88c89a11ec53ec762bb8ba0a96d01ffa2cd45eb1d1d8dd5c5\windows-amd64;C:\Users\hp\.gradle\native\0d407fdbe67a94daf76414ababcb853783967236a71b16ec16e742cd7a986fd3\windows-amd64

VM Arguments:
jvm_args: --add-opens=java.base/java.util=ALL-UNNAMED --add-opens=java.base/java.lang=ALL-UNNAMED --add-opens=java.base/java.lang.invoke=ALL-UNNAMED --add-opens=java.base/java.util=ALL-UNNAMED --add-opens=java.prefs/java.util.prefs=ALL-UNNAMED --add-opens=java.prefs/java.util.prefs=ALL-UNNAMED --add-opens=java.base/java.nio.charset=ALL-UNNAMED --add-opens=java.base/java.net=ALL-UNNAMED --add-opens=java.base/java.util.concurrent.atomic=ALL-UNNAMED -Xmx2048m -Dfile.encoding=UTF-8 -Duser.country=US -Duser.language=en -Duser.variant 
java_command: org.gradle.launcher.daemon.bootstrap.GradleDaemon 7.4
java_class_path (initial): C:\Users\hp\.gradle\wrapper\dists\gradle-7.4-bin\c0gwcg53nkjbqw7r0h0umtfvt\gradle-7.4\lib\gradle-launcher-7.4.jar
Launcher Type: SUN_STANDARD

[Global flags]
     intx CICompilerCount                          = 3                                         {product} {ergonomic}
     uint ConcGCThreads                            = 1                                         {product} {ergonomic}
     uint G1ConcRefinementThreads                  = 4                                         {product} {ergonomic}
   size_t G1HeapRegionSize                         = 1048576                                   {product} {ergonomic}
    uintx GCDrainStackTargetSize                   = 64                                        {product} {ergonomic}
   size_t InitialHeapSize                          = 134217728                                 {product} {ergonomic}
   size_t MarkStackSize                            = 4194304                                   {product} {ergonomic}
   size_t MaxHeapSize                              = 2147483648                                {product} {command line}
   size_t MaxNewSize                               = 1287651328                                {product} {ergonomic}
   size_t MinHeapDeltaBytes                        = 1048576                                   {product} {ergonomic}
    uintx NonNMethodCodeHeapSize                   = 5830732                                {pd product} {ergonomic}
    uintx NonProfiledCodeHeapSize                  = 122913754                              {pd product} {ergonomic}
    uintx ProfiledCodeHeapSize                     = 122913754                              {pd product} {ergonomic}
    uintx ReservedCodeCacheSize                    = 251658240                              {pd product} {ergonomic}
     bool SegmentedCodeCache                       = true                                      {product} {ergonomic}
     bool UseCompressedClassPointers               = true                                 {lp64_product} {ergonomic}
     bool UseCompressedOops                        = true                                 {lp64_product} {ergonomic}
     bool UseG1GC                                  = true                                      {product} {ergonomic}
     bool UseLargePagesIndividualAllocation        = false                                  {pd product} {ergonomic}

Logging:
Log output configuration:
 #0: stdout all=warning uptime,level,tags
 #1: stderr all=off uptime,level,tags

Environment Variables:
PATH=C:\Program Files (x86)\VMware\VMware Workstation\bin\;C:\Program Files (x86)\NVIDIA Corporation\PhysX\Common;C:\Windows\system32;C:\Windows;C:\Windows\System32\Wbem;C:\Windows\System32\WindowsPowerShell\v1.0\;C:\Windows\System32\OpenSSH\;C:\Users\hp\Documents\Java\jdk1.8.0_111\bin;c:\Program Files (x86)\Microsoft SQL Server\90\Tools\binn\;C:\Program Files\dotnet\;C:\Program Files\Microsoft SQL Server\150\Tools\Binn\;C:\Program Files\Microsoft SQL Server\Client SDK\ODBC\170\Tools\Binn\;C:\Program Files\Git\cmd;C:\Program Files\nodejs\;C:\ProgramData\chocolatey\bin;C:\Users\hp\AppData\Local\Programs\Python\Python310\Scripts\;C:\Users\hp\AppData\Local\Programs\Python\Python310\;C:\Users\hp\AppData\Local\Programs\Python\Launcher\;C:\Users\hp\AppData\Local\Microsoft\WindowsApps;C:\Program Files\Java\jdk1.8.0_111\bin;;C:\Program Files\JetBrains\PyCharm Community Edition 2022.3.1\bin;;C:\Users\hp\.dotnet\tools;C:\Users\hp\AppData\Roaming\npm;C:\Users\hp\AppData\Local\Programs\Microsoft VS Code\bin
USERNAME=hp
OS=Windows_NT
PROCESSOR_IDENTIFIER=Intel64 Family 6 Model 69 Stepping 1, GenuineIntel



---------------  S Y S T E M  ---------------

OS: Windows 10 , 64 bit Build 19041 (10.0.19041.3155)
OS uptime: 1 days 21:19 hours

CPU:total 4 (initial active 4) (2 cores per cpu, 2 threads per core) family 6 model 69 stepping 1 microcode 0x25, cmov, cx8, fxsr, mmx, sse, sse2, sse3, ssse3, sse4.1, sse4.2, popcnt, avx, avx2, aes, clmul, erms, lzcnt, ht, tsc, tscinvbit, bmi1, bmi2, fma

Memory: 4k page, system-wide physical 8089M (1019M free)
TotalPageFile size 10949M (AvailPageFile size 1M)
current process WorkingSet (physical memory assigned to process): 519M, peak: 522M
current process commit charge ("private bytes"): 554M, peak: 558M

vm_info: OpenJDK 64-Bit Server VM (11.0.13+0-b1751.21-8125866) for windows-amd64 JRE (11.0.13+0-b1751.21-8125866), built on Feb  2 2022 03:00:22 by "builder" with MS VC++ 14.0 (VS2015)

END.
