#
# There is insufficient memory for the Java Runtime Environment to continue.
# Native memory allocation (malloc) failed to allocate 460176 bytes for Chunk::new
# Possible reasons:
#   The system is out of physical RAM or swap space
#   The process is running with CompressedOops enabled, and the Java Heap may be blocking the growth of the native heap
# Possible solutions:
#   Reduce memory load on the system
#   Increase physical memory or swap space
#   Check if swap backing store is full
#   Decrease Java heap size (-Xmx/-Xms)
#   Decrease number of Java threads
#   Decrease Java thread stack sizes (-Xss)
#   Set larger code cache with -XX:ReservedCodeCacheSize=
#   JVM is running with Unscaled Compressed Oops mode in which the Java heap is
#     placed in the first 4GB address space. The Java Heap base address is the
#     maximum limit for the native heap growth. Please use -XX:HeapBaseMinAddress
#     to set the Java Heap base and to place the Java Heap above 4GB virtual address.
# This output file may be truncated or incomplete.
#
#  Out of Memory Error (./src/hotspot/share/memory/arena.cpp:197), pid=12984, tid=13048
#
# JRE version: OpenJDK Runtime Environment (11.0.13) (build 11.0.13+0-b1751.21-8125866)
# Java VM: OpenJDK 64-Bit Server VM (11.0.13+0-b1751.21-8125866, mixed mode, tiered, compressed oops, g1 gc, windows-amd64)
# No core dump will be written. Minidumps are not enabled by default on client versions of Windows
#

---------------  S U M M A R Y ------------

Command Line: --add-opens=java.base/java.util=ALL-UNNAMED --add-opens=java.base/java.lang=ALL-UNNAMED --add-opens=java.base/java.lang.invoke=ALL-UNNAMED --add-opens=java.base/java.util=ALL-UNNAMED --add-opens=java.prefs/java.util.prefs=ALL-UNNAMED --add-opens=java.prefs/java.util.prefs=ALL-UNNAMED --add-opens=java.base/java.nio.charset=ALL-UNNAMED --add-opens=java.base/java.net=ALL-UNNAMED --add-opens=java.base/java.util.concurrent.atomic=ALL-UNNAMED -Xmx2048m -Dfile.encoding=UTF-8 -Duser.country=US -Duser.language=en -Duser.variant org.gradle.launcher.daemon.bootstrap.GradleDaemon 7.5

Host: Intel(R) Core(TM) i5-4300U CPU @ 1.90GHz, 4 cores, 7G,  Windows 10 , 64 bit Build 19041 (10.0.19041.3155)
Time: Sun Aug 27 23:39:29 2023 E. Africa Standard Time elapsed time: 26.358186 seconds (0d 0h 0m 26s)

---------------  T H R E A D  ---------------

Current thread (0x0000021762043000):  JavaThread "C2 CompilerThread0" daemon [_thread_in_native, id=13048, stack(0x00000092f3300000,0x00000092f3400000)]


Current CompileTask:
C2:  26358 6586       4       org.objectweb.asm.Frame::merge (395 bytes)

Stack: [0x00000092f3300000,0x00000092f3400000]
Native frames: (J=compiled Java code, j=interpreted, Vv=VM code, C=native code)
V  [jvm.dll+0x6100fa]
V  [jvm.dll+0x747090]
V  [jvm.dll+0x7486ad]
V  [jvm.dll+0x748d83]
V  [jvm.dll+0x24ab48]
V  [jvm.dll+0xc04dc]
V  [jvm.dll+0xc0a0c]
V  [jvm.dll+0x35eb9d]
V  [jvm.dll+0x32b833]
V  [jvm.dll+0x32ad2a]
V  [jvm.dll+0x2032b2]
V  [jvm.dll+0x202437]
V  [jvm.dll+0x188e01]
V  [jvm.dll+0x21106b]
V  [jvm.dll+0x20f8c1]
V  [jvm.dll+0x70de0f]
V  [jvm.dll+0x706a75]
V  [jvm.dll+0x60ed66]
C  [ucrtbase.dll+0x21bb2]
C  [KERNEL32.DLL+0x17614]
C  [ntdll.dll+0x526b1]


---------------  P R O C E S S  ---------------

Threads class SMR info:
_java_thread_list=0x000002176a180f10, length=79, elements={
0x00000217464be000, 0x000002176201e800, 0x0000021762020000, 0x00000217629c3800,
0x000002176203e000, 0x000002176203f800, 0x0000021762043000, 0x0000021762048000,
0x000002176204c000, 0x0000021762b11000, 0x0000021763e6b800, 0x0000021764c91000,
0x00000217654ba000, 0x0000021764f19800, 0x0000021763d0c000, 0x0000021765033800,
0x000002176595d000, 0x0000021764f8d000, 0x0000021764e2c800, 0x0000021765685800,
0x0000021764f35800, 0x0000021764f34800, 0x0000021764f33800, 0x0000021764f36000,
0x0000021764f37000, 0x0000021764f38800, 0x0000021764f38000, 0x0000021764f33000,
0x0000021764f39800, 0x000002176412f800, 0x000002176412e800, 0x0000021764130800,
0x0000021764132000, 0x000002176412c800, 0x0000021764137800, 0x0000021764135800,
0x0000021764136000, 0x0000021764138800, 0x0000021764133000, 0x0000021764139800,
0x0000021764133800, 0x000002176413a000, 0x0000021764134800, 0x000002176413b000,
0x000002176551f800, 0x000002176551d000, 0x0000021765521000, 0x0000021765523800,
0x0000021765522800, 0x0000021765520000, 0x0000021765522000, 0x000002176551d800,
0x0000021765524000, 0x000002176551e800, 0x0000021765528800, 0x0000021765527800,
0x000002176552b000, 0x0000021765529000, 0x000002176552a000, 0x0000021765525000,
0x000002176552b800, 0x0000021765526800, 0x0000021765526000, 0x0000021765a8e000,
0x0000021765a93000, 0x0000021765a8f000, 0x0000021765a8d000, 0x0000021765a92000,
0x0000021765a94000, 0x0000021765a94800, 0x0000021765a90800, 0x0000021765a91800,
0x0000021765a95800, 0x0000021765a8f800, 0x0000021765a9a800, 0x0000021765a9b000,
0x0000021765a99800, 0x0000021765a9c000, 0x0000021767f54800
}

Java Threads: ( => current thread )
  0x00000217464be000 JavaThread "main" [_thread_blocked, id=12532, stack(0x00000092f2700000,0x00000092f2800000)]
  0x000002176201e800 JavaThread "Reference Handler" daemon [_thread_blocked, id=8328, stack(0x00000092f2e00000,0x00000092f2f00000)]
  0x0000021762020000 JavaThread "Finalizer" daemon [_thread_blocked, id=12048, stack(0x00000092f2f00000,0x00000092f3000000)]
  0x00000217629c3800 JavaThread "Signal Dispatcher" daemon [_thread_blocked, id=2876, stack(0x00000092f3000000,0x00000092f3100000)]
  0x000002176203e000 JavaThread "Attach Listener" daemon [_thread_blocked, id=8576, stack(0x00000092f3100000,0x00000092f3200000)]
  0x000002176203f800 JavaThread "Service Thread" daemon [_thread_blocked, id=9308, stack(0x00000092f3200000,0x00000092f3300000)]
=>0x0000021762043000 JavaThread "C2 CompilerThread0" daemon [_thread_in_native, id=13048, stack(0x00000092f3300000,0x00000092f3400000)]
  0x0000021762048000 JavaThread "C1 CompilerThread0" daemon [_thread_blocked, id=9548, stack(0x00000092f3400000,0x00000092f3500000)]
  0x000002176204c000 JavaThread "Sweeper thread" daemon [_thread_blocked, id=10492, stack(0x00000092f3500000,0x00000092f3600000)]
  0x0000021762b11000 JavaThread "Common-Cleaner" daemon [_thread_blocked, id=2888, stack(0x00000092f3600000,0x00000092f3700000)]
  0x0000021763e6b800 JavaThread "Daemon health stats" [_thread_blocked, id=13924, stack(0x00000092f3b00000,0x00000092f3c00000)]
  0x0000021764c91000 JavaThread "Incoming local TCP Connector on port 11892" [_thread_in_native, id=7452, stack(0x00000092f3800000,0x00000092f3900000)]
  0x00000217654ba000 JavaThread "Daemon periodic checks" [_thread_blocked, id=4784, stack(0x00000092f3c00000,0x00000092f3d00000)]
  0x0000021764f19800 JavaThread "Daemon" [_thread_blocked, id=3744, stack(0x00000092f3d00000,0x00000092f3e00000)]
  0x0000021763d0c000 JavaThread "Handler for socket connection from /127.0.0.1:11892 to /127.0.0.1:11893" [_thread_in_native, id=12920, stack(0x00000092f3e00000,0x00000092f3f00000)]
  0x0000021765033800 JavaThread "Cancel handler" [_thread_blocked, id=11736, stack(0x00000092f3f00000,0x00000092f4000000)]
  0x000002176595d000 JavaThread "Daemon worker" [_thread_in_vm, id=8640, stack(0x00000092f4000000,0x00000092f4100000)]
  0x0000021764f8d000 JavaThread "Asynchronous log dispatcher for DefaultDaemonConnection: socket connection from /127.0.0.1:11892 to /127.0.0.1:11893" [_thread_blocked, id=2480, stack(0x00000092f4100000,0x00000092f4200000)]
  0x0000021764e2c800 JavaThread "Stdin handler" [_thread_blocked, id=13636, stack(0x00000092f4200000,0x00000092f4300000)]
  0x0000021765685800 JavaThread "Daemon client event forwarder" [_thread_blocked, id=8744, stack(0x00000092f4300000,0x00000092f4400000)]
  0x0000021764f35800 JavaThread "Cache worker for journal cache (C:\Users\hp\.gradle\caches\journal-1)" [_thread_blocked, id=4792, stack(0x00000092f4600000,0x00000092f4700000)]
  0x0000021764f34800 JavaThread "File lock request listener" [_thread_in_native, id=11284, stack(0x00000092f4700000,0x00000092f4800000)]
  0x0000021764f33800 JavaThread "Cache worker for file hash cache (C:\Users\hp\.gradle\caches\7.5\fileHashes)" [_thread_blocked, id=7264, stack(0x00000092f4800000,0x00000092f4900000)]
  0x0000021764f36000 JavaThread "File watcher server" daemon [_thread_in_native, id=72, stack(0x00000092f4900000,0x00000092f4a00000)]
  0x0000021764f37000 JavaThread "File watcher consumer" daemon [_thread_blocked, id=7820, stack(0x00000092f4a00000,0x00000092f4b00000)]
  0x0000021764f38800 JavaThread "Cache worker for checksums cache (C:\Users\hp\Desktop\eCommerceApp\.gradle\7.5\checksums)" [_thread_blocked, id=7552, stack(0x00000092f4b00000,0x00000092f4c00000)]
  0x0000021764f38000 JavaThread "Cache worker for cache directory md-rule (C:\Users\hp\.gradle\caches\7.5\md-rule)" [_thread_blocked, id=11728, stack(0x00000092f4c00000,0x00000092f4d00000)]
  0x0000021764f33000 JavaThread "Cache worker for file content cache (C:\Users\hp\.gradle\caches\7.5\fileContent)" [_thread_blocked, id=12872, stack(0x00000092f4d00000,0x00000092f4e00000)]
  0x0000021764f39800 JavaThread "Cache worker for file hash cache (C:\Users\hp\Desktop\eCommerceApp\.gradle\7.5\fileHashes)" [_thread_blocked, id=8000, stack(0x00000092f4e00000,0x00000092f4f00000)]
  0x000002176412f800 JavaThread "Cache worker for cache directory md-supplier (C:\Users\hp\.gradle\caches\7.5\md-supplier)" [_thread_blocked, id=7212, stack(0x00000092f4f00000,0x00000092f5000000)]
  0x000002176412e800 JavaThread "Cache worker for execution history cache (C:\Users\hp\.gradle\caches\7.5\executionHistory)" [_thread_blocked, id=10264, stack(0x00000092f5000000,0x00000092f5100000)]
  0x0000021764130800 JavaThread "jar transforms" [_thread_blocked, id=13056, stack(0x00000092f5100000,0x00000092f5200000)]
  0x0000021764132000 JavaThread "jar transforms Thread 2" [_thread_blocked, id=9868, stack(0x00000092f5200000,0x00000092f5300000)]
  0x000002176412c800 JavaThread "Cache worker for dependencies-accessors (C:\Users\hp\Desktop\eCommerceApp\.gradle\7.5\dependencies-accessors)" [_thread_blocked, id=11016, stack(0x00000092f5300000,0x00000092f5400000)]
  0x0000021764137800 JavaThread "jar transforms Thread 3" [_thread_blocked, id=1720, stack(0x00000092f5400000,0x00000092f5500000)]
  0x0000021764135800 JavaThread "Cache worker for Build Output Cleanup Cache (C:\Users\hp\Desktop\eCommerceApp\.gradle\buildOutputCleanup)" [_thread_blocked, id=11772, stack(0x00000092f5500000,0x00000092f5600000)]
  0x0000021764136000 JavaThread "Unconstrained build operations" [_thread_blocked, id=4516, stack(0x00000092f5600000,0x00000092f5700000)]
  0x0000021764138800 JavaThread "Unconstrained build operations Thread 2" [_thread_blocked, id=7700, stack(0x00000092f5700000,0x00000092f5800000)]
  0x0000021764133000 JavaThread "Unconstrained build operations Thread 3" [_thread_blocked, id=7916, stack(0x00000092f5800000,0x00000092f5900000)]
  0x0000021764139800 JavaThread "Unconstrained build operations Thread 4" [_thread_blocked, id=13064, stack(0x00000092f5900000,0x00000092f5a00000)]
  0x0000021764133800 JavaThread "Unconstrained build operations Thread 5" [_thread_blocked, id=8900, stack(0x00000092f5a00000,0x00000092f5b00000)]
  0x000002176413a000 JavaThread "Unconstrained build operations Thread 6" [_thread_blocked, id=5880, stack(0x00000092f5b00000,0x00000092f5c00000)]
  0x0000021764134800 JavaThread "Unconstrained build operations Thread 7" [_thread_blocked, id=1484, stack(0x00000092f5c00000,0x00000092f5d00000)]
  0x000002176413b000 JavaThread "Unconstrained build operations Thread 8" [_thread_blocked, id=2516, stack(0x00000092f5d00000,0x00000092f5e00000)]
  0x000002176551f800 JavaThread "Unconstrained build operations Thread 9" [_thread_blocked, id=7768, stack(0x00000092f5e00000,0x00000092f5f00000)]
  0x000002176551d000 JavaThread "Unconstrained build operations Thread 10" [_thread_blocked, id=9604, stack(0x00000092f5f00000,0x00000092f6000000)]
  0x0000021765521000 JavaThread "Unconstrained build operations Thread 11" [_thread_blocked, id=11428, stack(0x00000092f6000000,0x00000092f6100000)]
  0x0000021765523800 JavaThread "Unconstrained build operations Thread 12" [_thread_blocked, id=13832, stack(0x00000092f6100000,0x00000092f6200000)]
  0x0000021765522800 JavaThread "Unconstrained build operations Thread 13" [_thread_blocked, id=1224, stack(0x00000092f6200000,0x00000092f6300000)]
  0x0000021765520000 JavaThread "Unconstrained build operations Thread 14" [_thread_blocked, id=7896, stack(0x00000092f6300000,0x00000092f6400000)]
  0x0000021765522000 JavaThread "Unconstrained build operations Thread 15" [_thread_blocked, id=7628, stack(0x00000092f6400000,0x00000092f6500000)]
  0x000002176551d800 JavaThread "Unconstrained build operations Thread 16" [_thread_blocked, id=3316, stack(0x00000092f6500000,0x00000092f6600000)]
  0x0000021765524000 JavaThread "Unconstrained build operations Thread 17" [_thread_blocked, id=11640, stack(0x00000092f6600000,0x00000092f6700000)]
  0x000002176551e800 JavaThread "Unconstrained build operations Thread 18" [_thread_blocked, id=11104, stack(0x00000092f6700000,0x00000092f6800000)]
  0x0000021765528800 JavaThread "Unconstrained build operations Thread 19" [_thread_blocked, id=2716, stack(0x00000092f6800000,0x00000092f6900000)]
  0x0000021765527800 JavaThread "Unconstrained build operations Thread 20" [_thread_blocked, id=8096, stack(0x00000092f6900000,0x00000092f6a00000)]
  0x000002176552b000 JavaThread "Unconstrained build operations Thread 21" [_thread_blocked, id=2780, stack(0x00000092f6a00000,0x00000092f6b00000)]
  0x0000021765529000 JavaThread "Unconstrained build operations Thread 22" [_thread_blocked, id=8932, stack(0x00000092f6b00000,0x00000092f6c00000)]
  0x000002176552a000 JavaThread "Unconstrained build operations Thread 23" [_thread_blocked, id=5952, stack(0x00000092f6c00000,0x00000092f6d00000)]
  0x0000021765525000 JavaThread "Unconstrained build operations Thread 24" [_thread_blocked, id=10076, stack(0x00000092f6d00000,0x00000092f6e00000)]
  0x000002176552b800 JavaThread "Unconstrained build operations Thread 25" [_thread_blocked, id=11452, stack(0x00000092f6e00000,0x00000092f6f00000)]
  0x0000021765526800 JavaThread "Unconstrained build operations Thread 26" [_thread_blocked, id=8572, stack(0x00000092f6f00000,0x00000092f7000000)]
  0x0000021765526000 JavaThread "Unconstrained build operations Thread 27" [_thread_blocked, id=2648, stack(0x00000092f7000000,0x00000092f7100000)]
  0x0000021765a8e000 JavaThread "Unconstrained build operations Thread 28" [_thread_blocked, id=3312, stack(0x00000092f7100000,0x00000092f7200000)]
  0x0000021765a93000 JavaThread "Unconstrained build operations Thread 29" [_thread_blocked, id=12364, stack(0x00000092f7200000,0x00000092f7300000)]
  0x0000021765a8f000 JavaThread "Unconstrained build operations Thread 30" [_thread_blocked, id=13140, stack(0x00000092f7300000,0x00000092f7400000)]
  0x0000021765a8d000 JavaThread "Unconstrained build operations Thread 31" [_thread_blocked, id=13596, stack(0x00000092f7400000,0x00000092f7500000)]
  0x0000021765a92000 JavaThread "Unconstrained build operations Thread 32" [_thread_blocked, id=7396, stack(0x00000092f7500000,0x00000092f7600000)]
  0x0000021765a94000 JavaThread "Unconstrained build operations Thread 33" [_thread_blocked, id=14288, stack(0x00000092f7600000,0x00000092f7700000)]
  0x0000021765a94800 JavaThread "Unconstrained build operations Thread 34" [_thread_blocked, id=2368, stack(0x00000092f7700000,0x00000092f7800000)]
  0x0000021765a90800 JavaThread "Unconstrained build operations Thread 35" [_thread_blocked, id=13964, stack(0x00000092f7800000,0x00000092f7900000)]
  0x0000021765a91800 JavaThread "Unconstrained build operations Thread 36" [_thread_blocked, id=10176, stack(0x00000092f7900000,0x00000092f7a00000)]
  0x0000021765a95800 JavaThread "Unconstrained build operations Thread 37" [_thread_blocked, id=5996, stack(0x00000092f7a00000,0x00000092f7b00000)]
  0x0000021765a8f800 JavaThread "Unconstrained build operations Thread 38" [_thread_blocked, id=1180, stack(0x00000092f7b00000,0x00000092f7c00000)]
  0x0000021765a9a800 JavaThread "Unconstrained build operations Thread 39" [_thread_blocked, id=8356, stack(0x00000092f7c00000,0x00000092f7d00000)]
  0x0000021765a9b000 JavaThread "Unconstrained build operations Thread 40" [_thread_blocked, id=6804, stack(0x00000092f7d00000,0x00000092f7e00000)]
  0x0000021765a99800 JavaThread "jar transforms Thread 4" [_thread_blocked, id=14184, stack(0x00000092f7e00000,0x00000092f7f00000)]
  0x0000021765a9c000 JavaThread "Memory manager" [_thread_blocked, id=6372, stack(0x00000092f7f00000,0x00000092f8000000)]
  0x0000021767f54800 JavaThread "C2 CompilerThread1" daemon [_thread_blocked, id=1292, stack(0x00000092f4500000,0x00000092f4600000)]

Other Threads:
  0x000002176201b800 VMThread "VM Thread" [stack: 0x00000092f2d00000,0x00000092f2e00000] [id=9044]
  0x0000021762b37000 WatcherThread [stack: 0x00000092f3700000,0x00000092f3800000] [id=13000]
  0x00000217464d7800 GCTaskThread "GC Thread#0" [stack: 0x00000092f2800000,0x00000092f2900000] [id=7132]
  0x0000021763181000 GCTaskThread "GC Thread#1" [stack: 0x00000092f3900000,0x00000092f3a00000] [id=2960]
  0x0000021763115800 GCTaskThread "GC Thread#2" [stack: 0x00000092f3a00000,0x00000092f3b00000] [id=12868]
  0x000002176495d800 GCTaskThread "GC Thread#3" [stack: 0x00000092f4400000,0x00000092f4500000] [id=8284]
  0x0000021746508000 ConcurrentGCThread "G1 Main Marker" [stack: 0x00000092f2900000,0x00000092f2a00000] [id=8028]
  0x0000021746509800 ConcurrentGCThread "G1 Conc#0" [stack: 0x00000092f2a00000,0x00000092f2b00000] [id=12144]
  0x0000021746599000 ConcurrentGCThread "G1 Refine#0" [stack: 0x00000092f2b00000,0x00000092f2c00000] [id=9792]
  0x000002174659a000 ConcurrentGCThread "G1 Young RemSet Sampling" [stack: 0x00000092f2c00000,0x00000092f2d00000] [id=2144]

Threads with active compile tasks:
C2 CompilerThread0  26541 6586       4       org.objectweb.asm.Frame::merge (395 bytes)
C2 CompilerThread1  26541 6593       4       org.codehaus.groovy.runtime.metaclass.MetaMethodIndex::getOrPutMethods (184 bytes)

VM state:synchronizing (normal execution)

VM Mutex/Monitor currently owned by a thread:  ([mutex/lock_event])
[0x00000217464b9f70] Threads_lock - owner thread: 0x000002176201b800

Heap address: 0x0000000080000000, size: 2048 MB, Compressed Oops mode: 32-bit
Narrow klass base: 0x0000000000000000, Narrow klass shift: 3
Compressed class space size: 1073741824 Address: 0x0000000100000000

Heap:
 garbage-first heap   total 223232K, used 66193K [0x0000000080000000, 0x0000000100000000)
  region size 1024K, 24 young (24576K), 6 survivors (6144K)
 Metaspace       used 65053K, capacity 66565K, committed 66652K, reserved 1107968K
  class space    used 8157K, capacity 8720K, committed 8736K, reserved 1048576K
Heap Regions: E=young(eden), S=young(survivor), O=old, HS=humongous(starts), HC=humongous(continues), CS=collection set, F=free, A=archive, TAMS=top-at-mark-start (previous, next)
|   0|0x0000000080000000, 0x0000000080100000, 0x0000000080100000|100%|HS|  |TAMS 0x0000000080100000, 0x0000000080000000| Complete 
|   1|0x0000000080100000, 0x0000000080200000, 0x0000000080200000|100%|HC|  |TAMS 0x0000000080200000, 0x0000000080100000| Complete 
|   2|0x0000000080200000, 0x0000000080300000, 0x0000000080300000|100%|HC|  |TAMS 0x0000000080300000, 0x0000000080200000| Complete 
|   3|0x0000000080300000, 0x0000000080400000, 0x0000000080400000|100%| O|  |TAMS 0x0000000080400000, 0x0000000080300000| Untracked 
|   4|0x0000000080400000, 0x0000000080500000, 0x0000000080500000|100%| O|  |TAMS 0x0000000080500000, 0x0000000080400000| Untracked 
|   5|0x0000000080500000, 0x0000000080600000, 0x0000000080600000|100%| O|  |TAMS 0x0000000080600000, 0x0000000080500000| Untracked 
|   6|0x0000000080600000, 0x0000000080700000, 0x0000000080700000|100%| O|  |TAMS 0x0000000080700000, 0x0000000080600000| Untracked 
|   7|0x0000000080700000, 0x0000000080800000, 0x0000000080800000|100%| O|  |TAMS 0x0000000080800000, 0x0000000080700000| Untracked 
|   8|0x0000000080800000, 0x0000000080900000, 0x0000000080900000|100%| O|  |TAMS 0x0000000080900000, 0x0000000080800000| Untracked 
|   9|0x0000000080900000, 0x0000000080a00000, 0x0000000080a00000|100%| O|  |TAMS 0x0000000080a00000, 0x0000000080900000| Untracked 
|  10|0x0000000080a00000, 0x0000000080b00000, 0x0000000080b00000|100%| O|  |TAMS 0x0000000080b00000, 0x0000000080a00000| Untracked 
|  11|0x0000000080b00000, 0x0000000080c00000, 0x0000000080c00000|100%| O|  |TAMS 0x0000000080c00000, 0x0000000080b00000| Untracked 
|  12|0x0000000080c00000, 0x0000000080d00000, 0x0000000080d00000|100%| O|  |TAMS 0x0000000080d00000, 0x0000000080c00000| Untracked 
|  13|0x0000000080d00000, 0x0000000080e00000, 0x0000000080e00000|100%| O|  |TAMS 0x0000000080e00000, 0x0000000080d00000| Untracked 
|  14|0x0000000080e00000, 0x0000000080f00000, 0x0000000080f00000|100%| O|  |TAMS 0x0000000080f00000, 0x0000000080e00000| Untracked 
|  15|0x0000000080f00000, 0x0000000081000000, 0x0000000081000000|100%| O|  |TAMS 0x0000000081000000, 0x0000000080f00000| Untracked 
|  16|0x0000000081000000, 0x0000000081100000, 0x0000000081100000|100%|HS|  |TAMS 0x0000000081100000, 0x0000000081000000| Complete 
|  17|0x0000000081100000, 0x0000000081200000, 0x0000000081200000|100%| O|  |TAMS 0x0000000081200000, 0x0000000081100000| Untracked 
|  18|0x0000000081200000, 0x0000000081300000, 0x0000000081300000|100%| O|  |TAMS 0x0000000081300000, 0x0000000081200000| Untracked 
|  19|0x0000000081300000, 0x0000000081400000, 0x0000000081400000|100%| O|  |TAMS 0x0000000081400000, 0x0000000081300000| Untracked 
|  20|0x0000000081400000, 0x0000000081500000, 0x0000000081500000|100%| O|  |TAMS 0x0000000081500000, 0x0000000081400000| Untracked 
|  21|0x0000000081500000, 0x0000000081600000, 0x0000000081600000|100%| O|  |TAMS 0x0000000081600000, 0x0000000081500000| Untracked 
|  22|0x0000000081600000, 0x0000000081700000, 0x0000000081700000|100%| O|  |TAMS 0x0000000081700000, 0x0000000081600000| Untracked 
|  23|0x0000000081700000, 0x0000000081800000, 0x0000000081800000|100%| O|  |TAMS 0x0000000081800000, 0x0000000081700000| Untracked 
|  24|0x0000000081800000, 0x0000000081900000, 0x0000000081900000|100%| O|  |TAMS 0x0000000081900000, 0x0000000081800000| Untracked 
|  25|0x0000000081900000, 0x0000000081a00000, 0x0000000081a00000|100%| O|  |TAMS 0x0000000081a00000, 0x0000000081900000| Untracked 
|  26|0x0000000081a00000, 0x0000000081b00000, 0x0000000081b00000|100%| O|  |TAMS 0x0000000081b00000, 0x0000000081a00000| Untracked 
|  27|0x0000000081b00000, 0x0000000081c00000, 0x0000000081c00000|100%| O|  |TAMS 0x0000000081c00000, 0x0000000081b00000| Untracked 
|  28|0x0000000081c00000, 0x0000000081d00000, 0x0000000081d00000|100%| O|  |TAMS 0x0000000081d00000, 0x0000000081c00000| Untracked 
|  29|0x0000000081d00000, 0x0000000081e00000, 0x0000000081e00000|100%|HS|  |TAMS 0x0000000081e00000, 0x0000000081d00000| Complete 
|  30|0x0000000081e00000, 0x0000000081f00000, 0x0000000081f00000|100%| O|  |TAMS 0x0000000081f00000, 0x0000000081e00000| Untracked 
|  31|0x0000000081f00000, 0x0000000082000000, 0x0000000082000000|100%|HS|  |TAMS 0x0000000082000000, 0x0000000081f00000| Complete 
|  32|0x0000000082000000, 0x0000000082100000, 0x0000000082100000|100%|HC|  |TAMS 0x0000000082100000, 0x0000000082000000| Complete 
|  33|0x0000000082100000, 0x0000000082200000, 0x0000000082200000|100%| O|  |TAMS 0x0000000082200000, 0x0000000082100000| Untracked 
|  34|0x0000000082200000, 0x0000000082300000, 0x0000000082300000|100%| O|  |TAMS 0x0000000082300000, 0x0000000082200000| Untracked 
|  35|0x0000000082300000, 0x0000000082400000, 0x0000000082400000|100%| O|  |TAMS 0x0000000082400000, 0x0000000082300000| Untracked 
|  36|0x0000000082400000, 0x0000000082500000, 0x0000000082500000|100%| O|  |TAMS 0x0000000082500000, 0x0000000082400000| Untracked 
|  37|0x0000000082500000, 0x0000000082600000, 0x0000000082600000|100%| O|  |TAMS 0x0000000082600000, 0x0000000082500000| Untracked 
|  38|0x0000000082600000, 0x0000000082700000, 0x0000000082700000|100%| O|  |TAMS 0x0000000082700000, 0x0000000082600000| Untracked 
|  39|0x0000000082700000, 0x0000000082800000, 0x0000000082800000|100%| O|  |TAMS 0x0000000082800000, 0x0000000082700000| Untracked 
|  40|0x0000000082800000, 0x0000000082900000, 0x0000000082900000|100%| O|  |TAMS 0x0000000082900000, 0x0000000082800000| Untracked 
|  41|0x0000000082900000, 0x00000000829fd200, 0x0000000082a00000| 98%| O|  |TAMS 0x00000000829fd200, 0x0000000082900000| Untracked 
|  42|0x0000000082a00000, 0x0000000082a00000, 0x0000000082b00000|  0%| F|  |TAMS 0x0000000082a00000, 0x0000000082a00000| Untracked 
|  43|0x0000000082b00000, 0x0000000082b00000, 0x0000000082c00000|  0%| F|  |TAMS 0x0000000082b00000, 0x0000000082b00000| Untracked 
|  44|0x0000000082c00000, 0x0000000082c00000, 0x0000000082d00000|  0%| F|  |TAMS 0x0000000082c00000, 0x0000000082c00000| Untracked 
|  45|0x0000000082d00000, 0x0000000082d00000, 0x0000000082e00000|  0%| F|  |TAMS 0x0000000082d00000, 0x0000000082d00000| Untracked 
|  46|0x0000000082e00000, 0x0000000082e00000, 0x0000000082f00000|  0%| F|  |TAMS 0x0000000082e00000, 0x0000000082e00000| Untracked 
|  47|0x0000000082f00000, 0x0000000082f00000, 0x0000000083000000|  0%| F|  |TAMS 0x0000000082f00000, 0x0000000082f00000| Untracked 
|  48|0x0000000083000000, 0x0000000083000000, 0x0000000083100000|  0%| F|  |TAMS 0x0000000083000000, 0x0000000083000000| Untracked 
|  49|0x0000000083100000, 0x0000000083100000, 0x0000000083200000|  0%| F|  |TAMS 0x0000000083100000, 0x0000000083100000| Untracked 
|  50|0x0000000083200000, 0x0000000083200000, 0x0000000083300000|  0%| F|  |TAMS 0x0000000083200000, 0x0000000083200000| Untracked 
|  51|0x0000000083300000, 0x0000000083300000, 0x0000000083400000|  0%| F|  |TAMS 0x0000000083300000, 0x0000000083300000| Untracked 
|  52|0x0000000083400000, 0x0000000083400000, 0x0000000083500000|  0%| F|  |TAMS 0x0000000083400000, 0x0000000083400000| Untracked 
|  53|0x0000000083500000, 0x0000000083500000, 0x0000000083600000|  0%| F|  |TAMS 0x0000000083500000, 0x0000000083500000| Untracked 
|  54|0x0000000083600000, 0x0000000083600000, 0x0000000083700000|  0%| F|  |TAMS 0x0000000083600000, 0x0000000083600000| Untracked 
|  55|0x0000000083700000, 0x0000000083700000, 0x0000000083800000|  0%| F|  |TAMS 0x0000000083700000, 0x0000000083700000| Untracked 
|  56|0x0000000083800000, 0x0000000083800000, 0x0000000083900000|  0%| F|  |TAMS 0x0000000083800000, 0x0000000083800000| Untracked 
|  57|0x0000000083900000, 0x0000000083900000, 0x0000000083a00000|  0%| F|  |TAMS 0x0000000083900000, 0x0000000083900000| Untracked 
|  58|0x0000000083a00000, 0x0000000083a00000, 0x0000000083b00000|  0%| F|  |TAMS 0x0000000083a00000, 0x0000000083a00000| Untracked 
|  59|0x0000000083b00000, 0x0000000083b00000, 0x0000000083c00000|  0%| F|  |TAMS 0x0000000083b00000, 0x0000000083b00000| Untracked 
|  60|0x0000000083c00000, 0x0000000083c00000, 0x0000000083d00000|  0%| F|  |TAMS 0x0000000083c00000, 0x0000000083c00000| Untracked 
|  61|0x0000000083d00000, 0x0000000083d00000, 0x0000000083e00000|  0%| F|  |TAMS 0x0000000083d00000, 0x0000000083d00000| Untracked 
|  62|0x0000000083e00000, 0x0000000083e00000, 0x0000000083f00000|  0%| F|  |TAMS 0x0000000083e00000, 0x0000000083e00000| Untracked 
|  63|0x0000000083f00000, 0x0000000083f00000, 0x0000000084000000|  0%| F|  |TAMS 0x0000000083f00000, 0x0000000083f00000| Untracked 
|  64|0x0000000084000000, 0x0000000084000000, 0x0000000084100000|  0%| F|  |TAMS 0x0000000084000000, 0x0000000084000000| Untracked 
|  65|0x0000000084100000, 0x0000000084100000, 0x0000000084200000|  0%| F|  |TAMS 0x0000000084100000, 0x0000000084100000| Untracked 
|  66|0x0000000084200000, 0x0000000084200000, 0x0000000084300000|  0%| F|  |TAMS 0x0000000084200000, 0x0000000084200000| Untracked 
|  67|0x0000000084300000, 0x0000000084300000, 0x0000000084400000|  0%| F|  |TAMS 0x0000000084300000, 0x0000000084300000| Untracked 
|  68|0x0000000084400000, 0x0000000084400000, 0x0000000084500000|  0%| F|  |TAMS 0x0000000084400000, 0x0000000084400000| Untracked 
|  69|0x0000000084500000, 0x0000000084500000, 0x0000000084600000|  0%| F|  |TAMS 0x0000000084500000, 0x0000000084500000| Untracked 
|  70|0x0000000084600000, 0x0000000084600000, 0x0000000084700000|  0%| F|  |TAMS 0x0000000084600000, 0x0000000084600000| Untracked 
|  71|0x0000000084700000, 0x0000000084700000, 0x0000000084800000|  0%| F|  |TAMS 0x0000000084700000, 0x0000000084700000| Untracked 
|  72|0x0000000084800000, 0x0000000084800000, 0x0000000084900000|  0%| F|  |TAMS 0x0000000084800000, 0x0000000084800000| Untracked 
|  73|0x0000000084900000, 0x0000000084900000, 0x0000000084a00000|  0%| F|  |TAMS 0x0000000084900000, 0x0000000084900000| Untracked 
|  74|0x0000000084a00000, 0x0000000084a00000, 0x0000000084b00000|  0%| F|  |TAMS 0x0000000084a00000, 0x0000000084a00000| Untracked 
|  75|0x0000000084b00000, 0x0000000084b00000, 0x0000000084c00000|  0%| F|  |TAMS 0x0000000084b00000, 0x0000000084b00000| Untracked 
|  76|0x0000000084c00000, 0x0000000084c00000, 0x0000000084d00000|  0%| F|  |TAMS 0x0000000084c00000, 0x0000000084c00000| Untracked 
|  77|0x0000000084d00000, 0x0000000084d00000, 0x0000000084e00000|  0%| F|  |TAMS 0x0000000084d00000, 0x0000000084d00000| Untracked 
|  78|0x0000000084e00000, 0x0000000084e00000, 0x0000000084f00000|  0%| F|  |TAMS 0x0000000084e00000, 0x0000000084e00000| Untracked 
|  79|0x0000000084f00000, 0x0000000084f00000, 0x0000000085000000|  0%| F|  |TAMS 0x0000000084f00000, 0x0000000084f00000| Untracked 
|  80|0x0000000085000000, 0x0000000085000000, 0x0000000085100000|  0%| F|  |TAMS 0x0000000085000000, 0x0000000085000000| Untracked 
|  81|0x0000000085100000, 0x0000000085100000, 0x0000000085200000|  0%| F|  |TAMS 0x0000000085100000, 0x0000000085100000| Untracked 
|  82|0x0000000085200000, 0x0000000085200000, 0x0000000085300000|  0%| F|  |TAMS 0x0000000085200000, 0x0000000085200000| Untracked 
|  83|0x0000000085300000, 0x0000000085300000, 0x0000000085400000|  0%| F|  |TAMS 0x0000000085300000, 0x0000000085300000| Untracked 
|  84|0x0000000085400000, 0x0000000085400000, 0x0000000085500000|  0%| F|  |TAMS 0x0000000085400000, 0x0000000085400000| Untracked 
|  85|0x0000000085500000, 0x0000000085500000, 0x0000000085600000|  0%| F|  |TAMS 0x0000000085500000, 0x0000000085500000| Untracked 
|  86|0x0000000085600000, 0x0000000085600000, 0x0000000085700000|  0%| F|  |TAMS 0x0000000085600000, 0x0000000085600000| Untracked 
|  87|0x0000000085700000, 0x0000000085700000, 0x0000000085800000|  0%| F|  |TAMS 0x0000000085700000, 0x0000000085700000| Untracked 
|  88|0x0000000085800000, 0x0000000085800000, 0x0000000085900000|  0%| F|  |TAMS 0x0000000085800000, 0x0000000085800000| Untracked 
|  89|0x0000000085900000, 0x0000000085900000, 0x0000000085a00000|  0%| F|  |TAMS 0x0000000085900000, 0x0000000085900000| Untracked 
|  90|0x0000000085a00000, 0x0000000085a00000, 0x0000000085b00000|  0%| F|  |TAMS 0x0000000085a00000, 0x0000000085a00000| Untracked 
|  91|0x0000000085b00000, 0x0000000085b00000, 0x0000000085c00000|  0%| F|  |TAMS 0x0000000085b00000, 0x0000000085b00000| Untracked 
|  92|0x0000000085c00000, 0x0000000085c00000, 0x0000000085d00000|  0%| F|  |TAMS 0x0000000085c00000, 0x0000000085c00000| Untracked 
|  93|0x0000000085d00000, 0x0000000085d00000, 0x0000000085e00000|  0%| F|  |TAMS 0x0000000085d00000, 0x0000000085d00000| Untracked 
|  94|0x0000000085e00000, 0x0000000085ea7520, 0x0000000085f00000| 65%| S|CS|TAMS 0x0000000085e00000, 0x0000000085e00000| Complete 
|  95|0x0000000085f00000, 0x0000000086000000, 0x0000000086000000|100%| S|CS|TAMS 0x0000000085f00000, 0x0000000085f00000| Complete 
|  96|0x0000000086000000, 0x0000000086100000, 0x0000000086100000|100%| S|CS|TAMS 0x0000000086000000, 0x0000000086000000| Complete 
|  97|0x0000000086100000, 0x0000000086200000, 0x0000000086200000|100%| S|CS|TAMS 0x0000000086100000, 0x0000000086100000| Complete 
|  98|0x0000000086200000, 0x0000000086300000, 0x0000000086300000|100%| S|CS|TAMS 0x0000000086200000, 0x0000000086200000| Complete 
|  99|0x0000000086300000, 0x0000000086400000, 0x0000000086400000|100%| S|CS|TAMS 0x0000000086300000, 0x0000000086300000| Complete 
| 100|0x0000000086400000, 0x0000000086400000, 0x0000000086500000|  0%| F|  |TAMS 0x0000000086400000, 0x0000000086400000| Untracked 
| 101|0x0000000086500000, 0x0000000086500000, 0x0000000086600000|  0%| F|  |TAMS 0x0000000086500000, 0x0000000086500000| Untracked 
| 102|0x0000000086600000, 0x0000000086600000, 0x0000000086700000|  0%| F|  |TAMS 0x0000000086600000, 0x0000000086600000| Untracked 
| 103|0x0000000086700000, 0x0000000086700000, 0x0000000086800000|  0%| F|  |TAMS 0x0000000086700000, 0x0000000086700000| Untracked 
| 104|0x0000000086800000, 0x0000000086800000, 0x0000000086900000|  0%| F|  |TAMS 0x0000000086800000, 0x0000000086800000| Untracked 
| 105|0x0000000086900000, 0x0000000086900000, 0x0000000086a00000|  0%| F|  |TAMS 0x0000000086900000, 0x0000000086900000| Untracked 
| 106|0x0000000086a00000, 0x0000000086a00000, 0x0000000086b00000|  0%| F|  |TAMS 0x0000000086a00000, 0x0000000086a00000| Untracked 
| 107|0x0000000086b00000, 0x0000000086b00000, 0x0000000086c00000|  0%| F|  |TAMS 0x0000000086b00000, 0x0000000086b00000| Untracked 
| 108|0x0000000086c00000, 0x0000000086c00000, 0x0000000086d00000|  0%| F|  |TAMS 0x0000000086c00000, 0x0000000086c00000| Untracked 
| 109|0x0000000086d00000, 0x0000000086d00000, 0x0000000086e00000|  0%| F|  |TAMS 0x0000000086d00000, 0x0000000086d00000| Untracked 
| 110|0x0000000086e00000, 0x0000000086e00000, 0x0000000086f00000|  0%| F|  |TAMS 0x0000000086e00000, 0x0000000086e00000| Untracked 
| 111|0x0000000086f00000, 0x0000000086f00000, 0x0000000087000000|  0%| F|  |TAMS 0x0000000086f00000, 0x0000000086f00000| Untracked 
| 112|0x0000000087000000, 0x0000000087000000, 0x0000000087100000|  0%| F|  |TAMS 0x0000000087000000, 0x0000000087000000| Untracked 
| 113|0x0000000087100000, 0x0000000087100000, 0x0000000087200000|  0%| F|  |TAMS 0x0000000087100000, 0x0000000087100000| Untracked 
| 114|0x0000000087200000, 0x0000000087200000, 0x0000000087300000|  0%| F|  |TAMS 0x0000000087200000, 0x0000000087200000| Untracked 
| 115|0x0000000087300000, 0x0000000087300000, 0x0000000087400000|  0%| F|  |TAMS 0x0000000087300000, 0x0000000087300000| Untracked 
| 116|0x0000000087400000, 0x0000000087400000, 0x0000000087500000|  0%| F|  |TAMS 0x0000000087400000, 0x0000000087400000| Untracked 
| 117|0x0000000087500000, 0x0000000087500000, 0x0000000087600000|  0%| F|  |TAMS 0x0000000087500000, 0x0000000087500000| Untracked 
| 118|0x0000000087600000, 0x0000000087600000, 0x0000000087700000|  0%| F|  |TAMS 0x0000000087600000, 0x0000000087600000| Untracked 
| 119|0x0000000087700000, 0x0000000087700000, 0x0000000087800000|  0%| F|  |TAMS 0x0000000087700000, 0x0000000087700000| Untracked 
| 120|0x0000000087800000, 0x0000000087800000, 0x0000000087900000|  0%| F|  |TAMS 0x0000000087800000, 0x0000000087800000| Untracked 
| 121|0x0000000087900000, 0x0000000087900000, 0x0000000087a00000|  0%| F|  |TAMS 0x0000000087900000, 0x0000000087900000| Untracked 
| 122|0x0000000087a00000, 0x0000000087a00000, 0x0000000087b00000|  0%| F|  |TAMS 0x0000000087a00000, 0x0000000087a00000| Untracked 
| 123|0x0000000087b00000, 0x0000000087b00000, 0x0000000087c00000|  0%| F|  |TAMS 0x0000000087b00000, 0x0000000087b00000| Untracked 
| 124|0x0000000087c00000, 0x0000000087c00000, 0x0000000087d00000|  0%| F|  |TAMS 0x0000000087c00000, 0x0000000087c00000| Untracked 
| 125|0x0000000087d00000, 0x0000000087d00000, 0x0000000087e00000|  0%| F|  |TAMS 0x0000000087d00000, 0x0000000087d00000| Untracked 
| 126|0x0000000087e00000, 0x0000000087e00000, 0x0000000087f00000|  0%| F|  |TAMS 0x0000000087e00000, 0x0000000087e00000| Untracked 
| 127|0x0000000087f00000, 0x0000000087f00000, 0x0000000088000000|  0%| F|  |TAMS 0x0000000087f00000, 0x0000000087f00000| Untracked 
| 128|0x0000000088000000, 0x0000000088000000, 0x0000000088100000|  0%| F|  |TAMS 0x0000000088000000, 0x0000000088000000| Untracked 
| 129|0x0000000088100000, 0x0000000088100000, 0x0000000088200000|  0%| F|  |TAMS 0x0000000088100000, 0x0000000088100000| Untracked 
| 130|0x0000000088200000, 0x0000000088200000, 0x0000000088300000|  0%| F|  |TAMS 0x0000000088200000, 0x0000000088200000| Untracked 
| 131|0x0000000088300000, 0x0000000088300000, 0x0000000088400000|  0%| F|  |TAMS 0x0000000088300000, 0x0000000088300000| Untracked 
| 132|0x0000000088400000, 0x0000000088400000, 0x0000000088500000|  0%| F|  |TAMS 0x0000000088400000, 0x0000000088400000| Untracked 
| 133|0x0000000088500000, 0x0000000088500000, 0x0000000088600000|  0%| F|  |TAMS 0x0000000088500000, 0x0000000088500000| Untracked 
| 134|0x0000000088600000, 0x0000000088600000, 0x0000000088700000|  0%| F|  |TAMS 0x0000000088600000, 0x0000000088600000| Untracked 
| 135|0x0000000088700000, 0x0000000088700000, 0x0000000088800000|  0%| F|  |TAMS 0x0000000088700000, 0x0000000088700000| Untracked 
| 136|0x0000000088800000, 0x0000000088800000, 0x0000000088900000|  0%| F|  |TAMS 0x0000000088800000, 0x0000000088800000| Untracked 
| 137|0x0000000088900000, 0x0000000088900000, 0x0000000088a00000|  0%| F|  |TAMS 0x0000000088900000, 0x0000000088900000| Untracked 
| 138|0x0000000088a00000, 0x0000000088a00000, 0x0000000088b00000|  0%| F|  |TAMS 0x0000000088a00000, 0x0000000088a00000| Untracked 
| 139|0x0000000088b00000, 0x0000000088b00000, 0x0000000088c00000|  0%| F|  |TAMS 0x0000000088b00000, 0x0000000088b00000| Untracked 
| 140|0x0000000088c00000, 0x0000000088c00000, 0x0000000088d00000|  0%| F|  |TAMS 0x0000000088c00000, 0x0000000088c00000| Untracked 
| 141|0x0000000088d00000, 0x0000000088d00000, 0x0000000088e00000|  0%| F|  |TAMS 0x0000000088d00000, 0x0000000088d00000| Untracked 
| 142|0x0000000088e00000, 0x0000000088e00000, 0x0000000088f00000|  0%| F|  |TAMS 0x0000000088e00000, 0x0000000088e00000| Untracked 
| 143|0x0000000088f00000, 0x0000000088f00000, 0x0000000089000000|  0%| F|  |TAMS 0x0000000088f00000, 0x0000000088f00000| Untracked 
| 144|0x0000000089000000, 0x0000000089000000, 0x0000000089100000|  0%| F|  |TAMS 0x0000000089000000, 0x0000000089000000| Untracked 
| 145|0x0000000089100000, 0x0000000089100000, 0x0000000089200000|  0%| F|  |TAMS 0x0000000089100000, 0x0000000089100000| Untracked 
| 146|0x0000000089200000, 0x0000000089200000, 0x0000000089300000|  0%| F|  |TAMS 0x0000000089200000, 0x0000000089200000| Untracked 
| 147|0x0000000089300000, 0x0000000089300000, 0x0000000089400000|  0%| F|  |TAMS 0x0000000089300000, 0x0000000089300000| Untracked 
| 148|0x0000000089400000, 0x0000000089400000, 0x0000000089500000|  0%| F|  |TAMS 0x0000000089400000, 0x0000000089400000| Untracked 
| 149|0x0000000089500000, 0x0000000089500000, 0x0000000089600000|  0%| F|  |TAMS 0x0000000089500000, 0x0000000089500000| Untracked 
| 150|0x0000000089600000, 0x0000000089600000, 0x0000000089700000|  0%| F|  |TAMS 0x0000000089600000, 0x0000000089600000| Untracked 
| 151|0x0000000089700000, 0x0000000089700000, 0x0000000089800000|  0%| F|  |TAMS 0x0000000089700000, 0x0000000089700000| Untracked 
| 152|0x0000000089800000, 0x0000000089800000, 0x0000000089900000|  0%| F|  |TAMS 0x0000000089800000, 0x0000000089800000| Untracked 
| 153|0x0000000089900000, 0x0000000089900000, 0x0000000089a00000|  0%| F|  |TAMS 0x0000000089900000, 0x0000000089900000| Untracked 
| 154|0x0000000089a00000, 0x0000000089a00000, 0x0000000089b00000|  0%| F|  |TAMS 0x0000000089a00000, 0x0000000089a00000| Untracked 
| 155|0x0000000089b00000, 0x0000000089b00000, 0x0000000089c00000|  0%| F|  |TAMS 0x0000000089b00000, 0x0000000089b00000| Untracked 
| 156|0x0000000089c00000, 0x0000000089c00000, 0x0000000089d00000|  0%| F|  |TAMS 0x0000000089c00000, 0x0000000089c00000| Untracked 
| 157|0x0000000089d00000, 0x0000000089d00000, 0x0000000089e00000|  0%| F|  |TAMS 0x0000000089d00000, 0x0000000089d00000| Untracked 
| 158|0x0000000089e00000, 0x0000000089e00000, 0x0000000089f00000|  0%| F|  |TAMS 0x0000000089e00000, 0x0000000089e00000| Untracked 
| 159|0x0000000089f00000, 0x0000000089f00000, 0x000000008a000000|  0%| F|  |TAMS 0x0000000089f00000, 0x0000000089f00000| Untracked 
| 160|0x000000008a000000, 0x000000008a000000, 0x000000008a100000|  0%| F|  |TAMS 0x000000008a000000, 0x000000008a000000| Untracked 
| 161|0x000000008a100000, 0x000000008a100000, 0x000000008a200000|  0%| F|  |TAMS 0x000000008a100000, 0x000000008a100000| Untracked 
| 162|0x000000008a200000, 0x000000008a200000, 0x000000008a300000|  0%| F|  |TAMS 0x000000008a200000, 0x000000008a200000| Untracked 
| 163|0x000000008a300000, 0x000000008a300000, 0x000000008a400000|  0%| F|  |TAMS 0x000000008a300000, 0x000000008a300000| Untracked 
| 164|0x000000008a400000, 0x000000008a400000, 0x000000008a500000|  0%| F|  |TAMS 0x000000008a400000, 0x000000008a400000| Untracked 
| 165|0x000000008a500000, 0x000000008a500000, 0x000000008a600000|  0%| F|  |TAMS 0x000000008a500000, 0x000000008a500000| Untracked 
| 166|0x000000008a600000, 0x000000008a600000, 0x000000008a700000|  0%| F|  |TAMS 0x000000008a600000, 0x000000008a600000| Untracked 
| 167|0x000000008a700000, 0x000000008a700000, 0x000000008a800000|  0%| F|  |TAMS 0x000000008a700000, 0x000000008a700000| Untracked 
| 168|0x000000008a800000, 0x000000008a800000, 0x000000008a900000|  0%| F|  |TAMS 0x000000008a800000, 0x000000008a800000| Untracked 
| 169|0x000000008a900000, 0x000000008a900000, 0x000000008aa00000|  0%| F|  |TAMS 0x000000008a900000, 0x000000008a900000| Untracked 
| 170|0x000000008aa00000, 0x000000008aa00000, 0x000000008ab00000|  0%| F|  |TAMS 0x000000008aa00000, 0x000000008aa00000| Untracked 
| 171|0x000000008ab00000, 0x000000008ab00000, 0x000000008ac00000|  0%| F|  |TAMS 0x000000008ab00000, 0x000000008ab00000| Untracked 
| 172|0x000000008ac00000, 0x000000008ac00000, 0x000000008ad00000|  0%| F|  |TAMS 0x000000008ac00000, 0x000000008ac00000| Untracked 
| 173|0x000000008ad00000, 0x000000008ad00000, 0x000000008ae00000|  0%| F|  |TAMS 0x000000008ad00000, 0x000000008ad00000| Untracked 
| 174|0x000000008ae00000, 0x000000008ae00000, 0x000000008af00000|  0%| F|  |TAMS 0x000000008ae00000, 0x000000008ae00000| Untracked 
| 175|0x000000008af00000, 0x000000008af00000, 0x000000008b000000|  0%| F|  |TAMS 0x000000008af00000, 0x000000008af00000| Untracked 
| 176|0x000000008b000000, 0x000000008b000000, 0x000000008b100000|  0%| F|  |TAMS 0x000000008b000000, 0x000000008b000000| Untracked 
| 177|0x000000008b100000, 0x000000008b100000, 0x000000008b200000|  0%| F|  |TAMS 0x000000008b100000, 0x000000008b100000| Untracked 
| 178|0x000000008b200000, 0x000000008b200000, 0x000000008b300000|  0%| F|  |TAMS 0x000000008b200000, 0x000000008b200000| Untracked 
| 179|0x000000008b300000, 0x000000008b300000, 0x000000008b400000|  0%| F|  |TAMS 0x000000008b300000, 0x000000008b300000| Untracked 
| 180|0x000000008b400000, 0x000000008b400000, 0x000000008b500000|  0%| F|  |TAMS 0x000000008b400000, 0x000000008b400000| Untracked 
| 181|0x000000008b500000, 0x000000008b500000, 0x000000008b600000|  0%| F|  |TAMS 0x000000008b500000, 0x000000008b500000| Untracked 
| 182|0x000000008b600000, 0x000000008b600000, 0x000000008b700000|  0%| F|  |TAMS 0x000000008b600000, 0x000000008b600000| Untracked 
| 183|0x000000008b700000, 0x000000008b700000, 0x000000008b800000|  0%| F|  |TAMS 0x000000008b700000, 0x000000008b700000| Untracked 
| 184|0x000000008b800000, 0x000000008b800000, 0x000000008b900000|  0%| F|  |TAMS 0x000000008b800000, 0x000000008b800000| Untracked 
| 185|0x000000008b900000, 0x000000008b900000, 0x000000008ba00000|  0%| F|  |TAMS 0x000000008b900000, 0x000000008b900000| Untracked 
| 186|0x000000008ba00000, 0x000000008ba00000, 0x000000008bb00000|  0%| F|  |TAMS 0x000000008ba00000, 0x000000008ba00000| Untracked 
| 187|0x000000008bb00000, 0x000000008bb00000, 0x000000008bc00000|  0%| F|  |TAMS 0x000000008bb00000, 0x000000008bb00000| Untracked 
| 188|0x000000008bc00000, 0x000000008bc00000, 0x000000008bd00000|  0%| F|  |TAMS 0x000000008bc00000, 0x000000008bc00000| Untracked 
| 189|0x000000008bd00000, 0x000000008bd00000, 0x000000008be00000|  0%| F|  |TAMS 0x000000008bd00000, 0x000000008bd00000| Untracked 
| 190|0x000000008be00000, 0x000000008be00000, 0x000000008bf00000|  0%| F|  |TAMS 0x000000008be00000, 0x000000008be00000| Untracked 
| 191|0x000000008bf00000, 0x000000008bf00000, 0x000000008c000000|  0%| F|  |TAMS 0x000000008bf00000, 0x000000008bf00000| Untracked 
| 192|0x000000008c000000, 0x000000008c000000, 0x000000008c100000|  0%| F|  |TAMS 0x000000008c000000, 0x000000008c000000| Untracked 
| 193|0x000000008c100000, 0x000000008c100000, 0x000000008c200000|  0%| F|  |TAMS 0x000000008c100000, 0x000000008c100000| Untracked 
| 194|0x000000008c200000, 0x000000008c200000, 0x000000008c300000|  0%| F|  |TAMS 0x000000008c200000, 0x000000008c200000| Untracked 
| 195|0x000000008c300000, 0x000000008c300000, 0x000000008c400000|  0%| F|  |TAMS 0x000000008c300000, 0x000000008c300000| Untracked 
| 196|0x000000008c400000, 0x000000008c400000, 0x000000008c500000|  0%| F|  |TAMS 0x000000008c400000, 0x000000008c400000| Untracked 
| 197|0x000000008c500000, 0x000000008c500000, 0x000000008c600000|  0%| F|  |TAMS 0x000000008c500000, 0x000000008c500000| Untracked 
| 198|0x000000008c600000, 0x000000008c600000, 0x000000008c700000|  0%| F|  |TAMS 0x000000008c600000, 0x000000008c600000| Untracked 
| 199|0x000000008c700000, 0x000000008c700000, 0x000000008c800000|  0%| F|  |TAMS 0x000000008c700000, 0x000000008c700000| Untracked 
| 200|0x000000008c800000, 0x000000008c880800, 0x000000008c900000| 50%| E|  |TAMS 0x000000008c800000, 0x000000008c800000| Complete 
| 201|0x000000008c900000, 0x000000008ca00000, 0x000000008ca00000|100%| E|CS|TAMS 0x000000008c900000, 0x000000008c900000| Complete 
| 202|0x000000008ca00000, 0x000000008cb00000, 0x000000008cb00000|100%| E|CS|TAMS 0x000000008ca00000, 0x000000008ca00000| Complete 
| 203|0x000000008cb00000, 0x000000008cc00000, 0x000000008cc00000|100%| E|CS|TAMS 0x000000008cb00000, 0x000000008cb00000| Complete 
| 204|0x000000008cc00000, 0x000000008cd00000, 0x000000008cd00000|100%| E|CS|TAMS 0x000000008cc00000, 0x000000008cc00000| Complete 
| 205|0x000000008cd00000, 0x000000008ce00000, 0x000000008ce00000|100%| E|CS|TAMS 0x000000008cd00000, 0x000000008cd00000| Complete 
| 206|0x000000008ce00000, 0x000000008cf00000, 0x000000008cf00000|100%| E|CS|TAMS 0x000000008ce00000, 0x000000008ce00000| Complete 
| 207|0x000000008cf00000, 0x000000008d000000, 0x000000008d000000|100%| E|CS|TAMS 0x000000008cf00000, 0x000000008cf00000| Complete 
| 208|0x000000008d000000, 0x000000008d100000, 0x000000008d100000|100%| E|CS|TAMS 0x000000008d000000, 0x000000008d000000| Complete 
| 209|0x000000008d100000, 0x000000008d200000, 0x000000008d200000|100%| E|CS|TAMS 0x000000008d100000, 0x000000008d100000| Complete 
| 210|0x000000008d200000, 0x000000008d300000, 0x000000008d300000|100%| E|CS|TAMS 0x000000008d200000, 0x000000008d200000| Complete 
| 211|0x000000008d300000, 0x000000008d400000, 0x000000008d400000|100%| E|CS|TAMS 0x000000008d300000, 0x000000008d300000| Complete 
| 212|0x000000008d400000, 0x000000008d500000, 0x000000008d500000|100%| E|CS|TAMS 0x000000008d400000, 0x000000008d400000| Complete 
| 213|0x000000008d500000, 0x000000008d600000, 0x000000008d600000|100%| E|CS|TAMS 0x000000008d500000, 0x000000008d500000| Complete 
| 214|0x000000008d600000, 0x000000008d700000, 0x000000008d700000|100%| E|CS|TAMS 0x000000008d600000, 0x000000008d600000| Complete 
| 215|0x000000008d700000, 0x000000008d800000, 0x000000008d800000|100%| E|CS|TAMS 0x000000008d700000, 0x000000008d700000| Complete 
| 216|0x000000008d800000, 0x000000008d900000, 0x000000008d900000|100%| E|CS|TAMS 0x000000008d800000, 0x000000008d800000| Complete 
| 217|0x000000008d900000, 0x000000008da00000, 0x000000008da00000|100%| E|CS|TAMS 0x000000008d900000, 0x000000008d900000| Complete 

Card table byte_map: [0x000002175b1e0000,0x000002175b5e0000] _byte_map_base: 0x000002175ade0000

Marking Bits (Prev, Next): (CMBitMap*) 0x00000217464ff580, (CMBitMap*) 0x00000217464ff548
 Prev Bits: [0x000002175d9e0000, 0x000002175f9e0000)
 Next Bits: [0x000002175b9e0000, 0x000002175d9e0000)

Polling page: 0x00000217465a0000

Metaspace:

Usage:
  Non-class:     56.49 MB capacity,    55.56 MB ( 98%) used,   777.23 KB (  1%) free+waste,   171.88 KB ( <1%) overhead. 
      Class:      8.52 MB capacity,     7.97 MB ( 94%) used,   481.93 KB (  6%) free+waste,    80.44 KB ( <1%) overhead. 
       Both:     65.00 MB capacity,    63.53 MB ( 98%) used,     1.23 MB (  2%) free+waste,   252.31 KB ( <1%) overhead. 

Virtual space:
  Non-class space:       58.00 MB reserved,      56.56 MB ( 98%) committed 
      Class space:        1.00 GB reserved,       8.53 MB ( <1%) committed 
             Both:        1.06 GB reserved,      65.09 MB (  6%) committed 

Chunk freelists:
   Non-Class:  7.00 KB
       Class:  16.00 KB
        Both:  23.00 KB

MaxMetaspaceSize: 17179869184.00 GB
CompressedClassSpaceSize: 1.00 GB
Initial GC threshold: 20.80 MB
Current GC threshold: 98.69 MB
CDS: off

CodeHeap 'non-profiled nmethods': size=120064Kb used=3806Kb max_used=3806Kb free=116257Kb
 bounds [0x0000021753270000, 0x0000021753630000, 0x000002175a7b0000]
CodeHeap 'profiled nmethods': size=120000Kb used=13801Kb max_used=13801Kb free=106198Kb
 bounds [0x000002174bd40000, 0x000002174cac0000, 0x0000021753270000]
CodeHeap 'non-nmethods': size=5696Kb used=2341Kb max_used=2374Kb free=3354Kb
 bounds [0x000002174b7b0000, 0x000002174ba20000, 0x000002174bd40000]
 total_blobs=7445 nmethods=6589 adapters=768
 compilation: enabled
              stopped_count=0, restarted_count=0
 full_count=0

Compilation events (20 events):
Event: 26.291 Thread 0x0000021762048000 nmethod 6581 0x000002174ca92b90 code [0x000002174ca92e40, 0x000002174ca93b98]
Event: 26.291 Thread 0x0000021762048000 6582       3       org.objectweb.asm.commons.GeneratorAdapter::<init> (50 bytes)
Event: 26.292 Thread 0x0000021762048000 nmethod 6582 0x000002174ca94090 code [0x000002174ca942c0, 0x000002174ca949f8]
Event: 26.293 Thread 0x0000021762048000 6583       3       sun.reflect.annotation.AnnotationParser::parseIntArray (84 bytes)
Event: 26.293 Thread 0x0000021762043000 6584       4       org.gradle.internal.instantiation.generator.AbstractClassGenerator$PropertyMetadata::getType (34 bytes)
Event: 26.294 Thread 0x0000021762048000 nmethod 6583 0x000002174ca94d10 code [0x000002174ca94fa0, 0x000002174ca95928]
Event: 26.294 Thread 0x0000021762048000 6585       3       org.objectweb.asm.SymbolTable::addUninitializedType (103 bytes)
Event: 26.295 Thread 0x0000021762048000 nmethod 6585 0x000002174ca95d90 code [0x000002174ca95fc0, 0x000002174ca965f8]
Event: 26.297 Thread 0x0000021762048000 6588   !   3       com.sun.proxy.$Proxy13::annotationType (29 bytes)
Event: 26.298 Thread 0x0000021762048000 nmethod 6588 0x000002174ca96910 code [0x000002174ca96b00, 0x000002174ca96ed8]
Event: 26.298 Thread 0x0000021762043000 nmethod 6584 0x0000021753627210 code [0x00000217536273c0, 0x0000021753627638]
Event: 26.298 Thread 0x0000021762043000 6586       4       org.objectweb.asm.Frame::merge (395 bytes)
Event: 26.305 Thread 0x0000021762048000 6589       3       java.util.stream.ReferencePipeline::toArray (18 bytes)
Event: 26.306 Thread 0x0000021762048000 nmethod 6589 0x000002174ca97090 code [0x000002174ca97260, 0x000002174ca97488]
Event: 26.306 Thread 0x0000021762048000 6590       3       java.util.stream.AbstractPipeline::evaluateToArrayNode (78 bytes)
Event: 26.307 Thread 0x0000021762048000 nmethod 6590 0x000002174ca97590 code [0x000002174ca977c0, 0x000002174ca97d58]
Event: 26.307 Thread 0x0000021762048000 6591       3       java.util.stream.AbstractPipeline::evaluate (44 bytes)
Event: 26.308 Thread 0x0000021762048000 nmethod 6591 0x000002174ca97f10 code [0x000002174ca98180, 0x000002174ca98c48]
Event: 26.310 Thread 0x0000021762048000 6592       3       org.codehaus.groovy.reflection.CachedClass$3::initValue (194 bytes)
Event: 26.314 Thread 0x0000021762048000 nmethod 6592 0x000002174ca98f90 code [0x000002174ca993a0, 0x000002174ca9b078]

GC Heap History (20 events):
Event: 2.267 GC heap before
{Heap before GC invocations=2 (full 0):
 garbage-first heap   total 131072K, used 36864K [0x0000000080000000, 0x0000000100000000)
  region size 1024K, 30 young (30720K), 2 survivors (2048K)
 Metaspace       used 10869K, capacity 11073K, committed 11264K, reserved 1058816K
  class space    used 1113K, capacity 1207K, committed 1280K, reserved 1048576K
}
Event: 2.273 GC heap after
{Heap after GC invocations=3 (full 0):
 garbage-first heap   total 131072K, used 10553K [0x0000000080000000, 0x0000000100000000)
  region size 1024K, 4 young (4096K), 4 survivors (4096K)
 Metaspace       used 10869K, capacity 11073K, committed 11264K, reserved 1058816K
  class space    used 1113K, capacity 1207K, committed 1280K, reserved 1048576K
}
Event: 6.032 GC heap before
{Heap before GC invocations=3 (full 0):
 garbage-first heap   total 131072K, used 53561K [0x0000000080000000, 0x0000000100000000)
  region size 1024K, 45 young (46080K), 4 survivors (4096K)
 Metaspace       used 17197K, capacity 17583K, committed 17792K, reserved 1064960K
  class space    used 1961K, capacity 2099K, committed 2176K, reserved 1048576K
}
Event: 6.043 GC heap after
{Heap after GC invocations=4 (full 0):
 garbage-first heap   total 131072K, used 16091K [0x0000000080000000, 0x0000000100000000)
  region size 1024K, 6 young (6144K), 6 survivors (6144K)
 Metaspace       used 17197K, capacity 17583K, committed 17792K, reserved 1064960K
  class space    used 1961K, capacity 2099K, committed 2176K, reserved 1048576K
}
Event: 6.733 GC heap before
{Heap before GC invocations=4 (full 0):
 garbage-first heap   total 131072K, used 49883K [0x0000000080000000, 0x0000000100000000)
  region size 1024K, 40 young (40960K), 6 survivors (6144K)
 Metaspace       used 20784K, capacity 21187K, committed 21296K, reserved 1069056K
  class space    used 2522K, capacity 2685K, committed 2688K, reserved 1048576K
}
Event: 6.745 GC heap after
{Heap after GC invocations=5 (full 0):
 garbage-first heap   total 131072K, used 17585K [0x0000000080000000, 0x0000000100000000)
  region size 1024K, 2 young (2048K), 2 survivors (2048K)
 Metaspace       used 20784K, capacity 21187K, committed 21296K, reserved 1069056K
  class space    used 2522K, capacity 2685K, committed 2688K, reserved 1048576K
}
Event: 7.888 GC heap before
{Heap before GC invocations=6 (full 0):
 garbage-first heap   total 131072K, used 70833K [0x0000000080000000, 0x0000000100000000)
  region size 1024K, 54 young (55296K), 2 survivors (2048K)
 Metaspace       used 26536K, capacity 27180K, committed 27516K, reserved 1073152K
  class space    used 3459K, capacity 3696K, committed 3788K, reserved 1048576K
}
Event: 7.898 GC heap after
{Heap after GC invocations=7 (full 0):
 garbage-first heap   total 157696K, used 19349K [0x0000000080000000, 0x0000000100000000)
  region size 1024K, 4 young (4096K), 4 survivors (4096K)
 Metaspace       used 26536K, capacity 27180K, committed 27516K, reserved 1073152K
  class space    used 3459K, capacity 3696K, committed 3788K, reserved 1048576K
}
Event: 9.323 GC heap before
{Heap before GC invocations=7 (full 0):
 garbage-first heap   total 157696K, used 82837K [0x0000000080000000, 0x0000000100000000)
  region size 1024K, 67 young (68608K), 4 survivors (4096K)
 Metaspace       used 35159K, capacity 35927K, committed 36048K, reserved 1081344K
  class space    used 4523K, capacity 4825K, committed 4896K, reserved 1048576K
}
Event: 9.340 GC heap after
{Heap after GC invocations=8 (full 0):
 garbage-first heap   total 157696K, used 22586K [0x0000000080000000, 0x0000000100000000)
  region size 1024K, 7 young (7168K), 7 survivors (7168K)
 Metaspace       used 35159K, capacity 35927K, committed 36048K, reserved 1081344K
  class space    used 4523K, capacity 4825K, committed 4896K, reserved 1048576K
}
Event: 11.823 GC heap before
{Heap before GC invocations=9 (full 0):
 garbage-first heap   total 157696K, used 109626K [0x0000000080000000, 0x0000000100000000)
  region size 1024K, 90 young (92160K), 7 survivors (7168K)
 Metaspace       used 42429K, capacity 43483K, committed 43728K, reserved 1087488K
  class space    used 5418K, capacity 5817K, committed 5920K, reserved 1048576K
}
Event: 11.853 GC heap after
{Heap after GC invocations=10 (full 0):
 garbage-first heap   total 157696K, used 28915K [0x0000000080000000, 0x0000000100000000)
  region size 1024K, 12 young (12288K), 12 survivors (12288K)
 Metaspace       used 42429K, capacity 43483K, committed 43728K, reserved 1087488K
  class space    used 5418K, capacity 5817K, committed 5920K, reserved 1048576K
}
Event: 14.345 GC heap before
{Heap before GC invocations=10 (full 0):
 garbage-first heap   total 157696K, used 110835K [0x0000000080000000, 0x0000000100000000)
  region size 1024K, 92 young (94208K), 12 survivors (12288K)
 Metaspace       used 48795K, capacity 49999K, committed 50128K, reserved 1093632K
  class space    used 6203K, capacity 6664K, committed 6688K, reserved 1048576K
}
Event: 14.383 GC heap after
{Heap after GC invocations=11 (full 0):
 garbage-first heap   total 157696K, used 31866K [0x0000000080000000, 0x0000000100000000)
  region size 1024K, 4 young (4096K), 4 survivors (4096K)
 Metaspace       used 48795K, capacity 49999K, committed 50128K, reserved 1093632K
  class space    used 6203K, capacity 6664K, committed 6688K, reserved 1048576K
}
Event: 17.968 GC heap before
{Heap before GC invocations=11 (full 0):
 garbage-first heap   total 157696K, used 121978K [0x0000000080000000, 0x0000000100000000)
  region size 1024K, 88 young (90112K), 4 survivors (4096K)
 Metaspace       used 57356K, capacity 58804K, committed 58960K, reserved 1099776K
  class space    used 7218K, capacity 7792K, committed 7840K, reserved 1048576K
}
Event: 17.984 GC heap after
{Heap after GC invocations=12 (full 0):
 garbage-first heap   total 157696K, used 43213K [0x0000000080000000, 0x0000000100000000)
  region size 1024K, 11 young (11264K), 11 survivors (11264K)
 Metaspace       used 57356K, capacity 58804K, committed 58960K, reserved 1099776K
  class space    used 7218K, capacity 7792K, committed 7840K, reserved 1048576K
}
Event: 20.033 GC heap before
{Heap before GC invocations=12 (full 0):
 garbage-first heap   total 157696K, used 55501K [0x0000000080000000, 0x0000000100000000)
  region size 1024K, 24 young (24576K), 11 survivors (11264K)
 Metaspace       used 58943K, capacity 60436K, committed 60508K, reserved 1101824K
  class space    used 7390K, capacity 7968K, committed 7968K, reserved 1048576K
}
Event: 20.247 GC heap after
{Heap after GC invocations=13 (full 0):
 garbage-first heap   total 157696K, used 44729K [0x0000000080000000, 0x0000000100000000)
  region size 1024K, 2 young (2048K), 2 survivors (2048K)
 Metaspace       used 58943K, capacity 60436K, committed 60508K, reserved 1101824K
  class space    used 7390K, capacity 7968K, committed 7968K, reserved 1048576K
}
Event: 25.481 GC heap before
{Heap before GC invocations=14 (full 0):
 garbage-first heap   total 157696K, used 104121K [0x0000000080000000, 0x0000000100000000)
  region size 1024K, 54 young (55296K), 2 survivors (2048K)
 Metaspace       used 64159K, capacity 65775K, committed 65884K, reserved 1105920K
  class space    used 8059K, capacity 8651K, committed 8736K, reserved 1048576K
}
Event: 25.500 GC heap after
{Heap after GC invocations=15 (full 0):
 garbage-first heap   total 223232K, used 48785K [0x0000000080000000, 0x0000000100000000)
  region size 1024K, 6 young (6144K), 6 survivors (6144K)
 Metaspace       used 64159K, capacity 65775K, committed 65884K, reserved 1105920K
  class space    used 8059K, capacity 8651K, committed 8736K, reserved 1048576K
}

Deoptimization events (20 events):
Event: 23.733 Thread 0x000002176595d000 Uncommon trap: trap_request=0xffffffbe fr.pc=0x00000217535f808c relative=0x000000000000092c
Event: 23.733 Thread 0x000002176595d000 Uncommon trap: reason=profile_predicate action=maybe_recompile pc=0x00000217535f808c method=java.math.BigInteger.montReduce([I[III)[I @ 56 c2
Event: 23.733 Thread 0x000002176595d000 DEOPT PACKING pc=0x00000217535f808c sp=0x00000092f40f2b30
Event: 23.733 Thread 0x000002176595d000 DEOPT UNPACKING pc=0x000002174b7fa1af sp=0x00000092f40f2af8 mode 2
Event: 23.897 Thread 0x000002176595d000 Uncommon trap: trap_request=0xffffffbe fr.pc=0x00000217535fc690 relative=0x00000000000007b0
Event: 23.897 Thread 0x000002176595d000 Uncommon trap: reason=profile_predicate action=maybe_recompile pc=0x00000217535fc690 method=java.math.BigInteger.montReduce([I[III)[I @ 9 c2
Event: 23.897 Thread 0x000002176595d000 DEOPT PACKING pc=0x00000217535fc690 sp=0x00000092f40f2d40
Event: 23.897 Thread 0x000002176595d000 DEOPT UNPACKING pc=0x000002174b7fa1af sp=0x00000092f40f2d10 mode 2
Event: 23.897 Thread 0x000002176595d000 Uncommon trap: trap_request=0xffffffbe fr.pc=0x00000217535fc690 relative=0x00000000000007b0
Event: 23.897 Thread 0x000002176595d000 Uncommon trap: reason=profile_predicate action=maybe_recompile pc=0x00000217535fc690 method=java.math.BigInteger.montReduce([I[III)[I @ 9 c2
Event: 23.897 Thread 0x000002176595d000 DEOPT PACKING pc=0x00000217535fc690 sp=0x00000092f40f2d40
Event: 23.897 Thread 0x000002176595d000 DEOPT UNPACKING pc=0x000002174b7fa1af sp=0x00000092f40f2d10 mode 2
Event: 24.453 Thread 0x000002176595d000 Uncommon trap: trap_request=0xffffff4d fr.pc=0x000002175348893c relative=0x000000000000009c
Event: 24.453 Thread 0x000002176595d000 Uncommon trap: reason=unstable_if action=reinterpret pc=0x000002175348893c method=java.security.CodeSource.matchCerts(Ljava/security/CodeSource;Z)Z @ 11 c2
Event: 24.453 Thread 0x000002176595d000 DEOPT PACKING pc=0x000002175348893c sp=0x00000092f40f0420
Event: 24.453 Thread 0x000002176595d000 DEOPT UNPACKING pc=0x000002174b7fa1af sp=0x00000092f40f03b8 mode 2
Event: 25.427 Thread 0x000002176595d000 Uncommon trap: trap_request=0xfffffff4 fr.pc=0x000002175360f428 relative=0x0000000000000268
Event: 25.427 Thread 0x000002176595d000 Uncommon trap: reason=null_check action=make_not_entrant pc=0x000002175360f428 method=java.lang.ThreadLocal$ThreadLocalMap.getEntryAfterMiss(Ljava/lang/ThreadLocal;ILjava/lang/ThreadLocal$ThreadLocalMap$Entry;)Ljava/lang/ThreadLocal$ThreadLocalMap$Entry; 
Event: 25.427 Thread 0x000002176595d000 DEOPT PACKING pc=0x000002175360f428 sp=0x00000092f40f6bb0
Event: 25.427 Thread 0x000002176595d000 DEOPT UNPACKING pc=0x000002174b7fa1af sp=0x00000092f40f6ad0 mode 2

Classes redefined (0 events):
No events

Internal exceptions (20 events):
Event: 15.529 Thread 0x000002176595d000 Exception <a 'java/lang/ClassNotFoundException'{0x0000000087db3c18}: org/gradle/api/internal/plugins/DefaultObjectConfigurationActionBeanInfo> (0x0000000087db3c18) thrown at [./src/hotspot/share/classfile/systemDictionary.cpp, line 231]
Event: 15.530 Thread 0x000002176595d000 Exception <a 'java/lang/ClassNotFoundException'{0x0000000087dea128}: org/gradle/api/internal/plugins/DefaultObjectConfigurationActionCustomizer> (0x0000000087dea128) thrown at [./src/hotspot/share/classfile/systemDictionary.cpp, line 231]
Event: 16.073 Thread 0x000002176595d000 Exception <a 'java/lang/NoSuchMethodError'{0x0000000087169288}: 'java.lang.Object java.lang.invoke.DirectMethodHandle$Holder.invokeStatic(java.lang.Object, java.lang.Object, java.lang.Object, java.lang.Object, int)'> (0x0000000087169288) thrown at [./src/hotspot/share/interpreter/linkResolver.cpp, line 773]
Event: 16.074 Thread 0x000002176595d000 Exception <a 'java/lang/NoSuchMethodError'{0x000000008716dc80}: 'java.lang.Object java.lang.invoke.DirectMethodHandle$Holder.invokeSpecial(java.lang.Object, java.lang.Object, java.lang.Object, java.lang.Object, java.lang.Object, int)'> (0x000000008716dc80) thrown at [./src/hotspot/share/interpreter/linkResolver.cpp, line 773]
Event: 16.075 Thread 0x000002176595d000 Exception <a 'java/lang/NoSuchMethodError'{0x00000000871722c0}: 'java.lang.Object java.lang.invoke.Invokers$Holder.linkToTargetMethod(java.lang.Object, java.lang.Object, java.lang.Object, int, java.lang.Object)'> (0x00000000871722c0) thrown at [./src/hotspot/share/interpreter/linkResolver.cpp, line 773]
Event: 16.118 Thread 0x000002176595d000 Exception <a 'java/lang/NoSuchMethodError'{0x0000000087039da8}: 'java.lang.Object java.lang.invoke.Invokers$Holder.linkToTargetMethod(java.lang.Object, int, int, java.lang.Object)'> (0x0000000087039da8) thrown at [./src/hotspot/share/interpreter/linkResolver.cpp, line 773]
Event: 16.127 Thread 0x000002176595d000 Exception <a 'java/lang/NoSuchMethodError'{0x0000000087051700}: 'java.lang.Object java.lang.invoke.DirectMethodHandle$Holder.invokeStatic(java.lang.Object, java.lang.Object, int, int, java.lang.Object, java.lang.Object)'> (0x0000000087051700) thrown at [./src/hotspot/share/interpreter/linkResolver.cpp, line 773]
Event: 16.780 Thread 0x000002176595d000 Exception <a 'java/lang/NoSuchMethodError'{0x00000000861eb9c8}: 'java.lang.Object java.lang.invoke.DirectMethodHandle$Holder.invokeSpecial(java.lang.Object, java.lang.Object, int, int, java.lang.Object, java.lang.Object, java.lang.Object)'> (0x00000000861eb9c8) thrown at [./src/hotspot/share/interpreter/linkResolver.cpp, line 773]
Event: 16.780 Thread 0x000002176595d000 Exception <a 'java/lang/NoSuchMethodError'{0x00000000861f01f0}: 'java.lang.Object java.lang.invoke.DelegatingMethodHandle$Holder.reinvoke_L(java.lang.Object, int, int, java.lang.Object, java.lang.Object, java.lang.Object)'> (0x00000000861f01f0) thrown at [./src/hotspot/share/interpreter/linkResolver.cpp, line 773]
Event: 17.552 Thread 0x000002176595d000 Exception <a 'java/lang/NoSuchMethodError'{0x00000000854a22e0}: 'int java.lang.invoke.DirectMethodHandle$Holder.invokeInterface(java.lang.Object, java.lang.Object, java.lang.Object, java.lang.Object)'> (0x00000000854a22e0) thrown at [./src/hotspot/share/interpreter/linkResolver.cpp, line 773]
Event: 21.408 Thread 0x000002176595d000 Exception <a 'java/lang/IncompatibleClassChangeError'{0x0000000089366cf8}: Found class java.lang.Object, but interface was expected> (0x0000000089366cf8) thrown at [./src/hotspot/share/interpreter/linkResolver.cpp, line 839]
Event: 21.775 Thread 0x000002176595d000 Implicit null exception at 0x000002175358c5d4 to 0x000002175358c7b8
Event: 21.775 Thread 0x000002176595d000 Implicit null exception at 0x000002175358325d to 0x0000021753583440
Event: 22.021 Thread 0x000002176595d000 Implicit null exception at 0x000002175346180d to 0x0000021753461a1c
Event: 22.605 Thread 0x000002176595d000 Implicit null exception at 0x00000217533f2dac to 0x00000217533f2f5a
Event: 24.663 Thread 0x000002176595d000 Exception <a 'sun/nio/fs/WindowsException'{0x000000008711f708}> (0x000000008711f708) thrown at [./src/hotspot/share/prims/jni.cpp, line 616]
Event: 25.427 Thread 0x000002176595d000 Implicit null exception at 0x000002175360f27d to 0x000002175360f400
Event: 26.335 Thread 0x000002176595d000 Exception <a 'java/lang/ClassNotFoundException'{0x000000008cd49230}: org/gradle/api/internal/project/DefaultProject_DecoratedBeanInfo> (0x000000008cd49230) thrown at [./src/hotspot/share/classfile/systemDictionary.cpp, line 231]
Event: 26.340 Thread 0x000002176595d000 Exception <a 'java/lang/ClassNotFoundException'{0x000000008cd80970}: org/gradle/api/internal/project/DefaultProjectBeanInfo> (0x000000008cd80970) thrown at [./src/hotspot/share/classfile/systemDictionary.cpp, line 231]
Event: 26.344 Thread 0x000002176595d000 Exception <a 'java/lang/ClassNotFoundException'{0x000000008cdb7db0}: org/gradle/api/internal/project/DefaultProjectCustomizer> (0x000000008cdb7db0) thrown at [./src/hotspot/share/classfile/systemDictionary.cpp, line 231]

Events (20 events):
Event: 26.333 loading class org/gradle/api/internal/project/DefaultProject_DecoratedBeanInfo
Event: 26.333 loading class org/gradle/api/internal/project/DefaultProject_DecoratedBeanInfo done
Event: 26.335 loading class org/gradle/api/internal/project/DefaultProject_DecoratedBeanInfo
Event: 26.335 loading class org/gradle/api/internal/project/DefaultProject_DecoratedBeanInfo done
Event: 26.336 loading class org/gradle/api/internal/project/DefaultProjectBeanInfo
Event: 26.336 loading class org/gradle/api/internal/project/DefaultProjectBeanInfo done
Event: 26.337 loading class org/gradle/api/internal/project/DefaultProjectBeanInfo
Event: 26.337 loading class org/gradle/api/internal/project/DefaultProjectBeanInfo done
Event: 26.337 loading class org/gradle/api/internal/project/DefaultProjectBeanInfo
Event: 26.337 loading class org/gradle/api/internal/project/DefaultProjectBeanInfo done
Event: 26.340 loading class org/gradle/api/internal/project/DefaultProjectBeanInfo
Event: 26.340 loading class org/gradle/api/internal/project/DefaultProjectBeanInfo done
Event: 26.340 loading class org/gradle/api/internal/project/DefaultProjectCustomizer
Event: 26.340 loading class org/gradle/api/internal/project/DefaultProjectCustomizer done
Event: 26.341 loading class org/gradle/api/internal/project/DefaultProjectCustomizer
Event: 26.341 loading class org/gradle/api/internal/project/DefaultProjectCustomizer done
Event: 26.342 loading class org/gradle/api/internal/project/DefaultProjectCustomizer
Event: 26.342 loading class org/gradle/api/internal/project/DefaultProjectCustomizer done
Event: 26.344 loading class org/gradle/api/internal/project/DefaultProjectCustomizer
Event: 26.344 loading class org/gradle/api/internal/project/DefaultProjectCustomizer done


Dynamic libraries:
0x00007ff7d4ab0000 - 0x00007ff7d4aba000 	C:\Program Files\Android\Android Studio\jre\bin\java.exe
0x00007ffcba9b0000 - 0x00007ffcbaba8000 	C:\Windows\SYSTEM32\ntdll.dll
0x00007ffcb96b0000 - 0x00007ffcb976f000 	C:\Windows\System32\KERNEL32.DLL
0x00007ffcb84e0000 - 0x00007ffcb87d6000 	C:\Windows\System32\KERNELBASE.dll
0x00007ffcb8910000 - 0x00007ffcb8a10000 	C:\Windows\System32\ucrtbase.dll
0x00007ffcb19f0000 - 0x00007ffcb1a09000 	C:\Program Files\Android\Android Studio\jre\bin\jli.dll
0x00007ffcb19a0000 - 0x00007ffcb19b7000 	C:\Program Files\Android\Android Studio\jre\bin\VCRUNTIME140.dll
0x00007ffcb9310000 - 0x00007ffcb94ad000 	C:\Windows\System32\USER32.dll
0x00007ffca42c0000 - 0x00007ffca455a000 	C:\Windows\WinSxS\amd64_microsoft.windows.common-controls_6595b64144ccf1df_6.0.19041.1110_none_60b5254171f9507e\COMCTL32.dll
0x00007ffcb88e0000 - 0x00007ffcb8902000 	C:\Windows\System32\win32u.dll
0x00007ffcb9580000 - 0x00007ffcb961e000 	C:\Windows\System32\msvcrt.dll
0x00007ffcba680000 - 0x00007ffcba6ac000 	C:\Windows\System32\GDI32.dll
0x00007ffcb82c0000 - 0x00007ffcb83d5000 	C:\Windows\System32\gdi32full.dll
0x00007ffcb8090000 - 0x00007ffcb812d000 	C:\Windows\System32\msvcp_win.dll
0x00007ffcba4c0000 - 0x00007ffcba4f0000 	C:\Windows\System32\IMM32.DLL
0x00007ffc972a0000 - 0x00007ffc9733d000 	C:\Program Files\Android\Android Studio\jre\bin\msvcp140.dll
0x00007ffc5c0a0000 - 0x00007ffc5cba2000 	C:\Program Files\Android\Android Studio\jre\bin\server\jvm.dll
0x00007ffcb8a10000 - 0x00007ffcb8abf000 	C:\Windows\System32\ADVAPI32.dll
0x00007ffcb90b0000 - 0x00007ffcb914c000 	C:\Windows\System32\sechost.dll
0x00007ffcba840000 - 0x00007ffcba966000 	C:\Windows\System32\RPCRT4.dll
0x00007ffcb96a0000 - 0x00007ffcb96a8000 	C:\Windows\System32\PSAPI.DLL
0x00007ffca3b20000 - 0x00007ffca3b47000 	C:\Windows\SYSTEM32\WINMM.dll
0x00007ffcb37f0000 - 0x00007ffcb37f9000 	C:\Windows\SYSTEM32\WSOCK32.dll
0x00007ffcab320000 - 0x00007ffcab32a000 	C:\Windows\SYSTEM32\VERSION.dll
0x00007ffcb9630000 - 0x00007ffcb969b000 	C:\Windows\System32\WS2_32.dll
0x00007ffcb68c0000 - 0x00007ffcb68d2000 	C:\Windows\SYSTEM32\kernel.appcore.dll
0x00007ffcb0220000 - 0x00007ffcb0231000 	C:\Program Files\Android\Android Studio\jre\bin\verify.dll
0x00007ffca3f50000 - 0x00007ffca4134000 	C:\Windows\SYSTEM32\DBGHELP.DLL
0x00007ffca3ed0000 - 0x00007ffca3f04000 	C:\Windows\SYSTEM32\dbgcore.DLL
0x00007ffcb8850000 - 0x00007ffcb88d2000 	C:\Windows\System32\bcryptPrimitives.dll
0x00007ffcaef40000 - 0x00007ffcaef69000 	C:\Program Files\Android\Android Studio\jre\bin\java.dll
0x00007ffcb1ab0000 - 0x00007ffcb1abb000 	C:\Program Files\Android\Android Studio\jre\bin\jimage.dll
0x00007ffca8390000 - 0x00007ffca83a8000 	C:\Program Files\Android\Android Studio\jre\bin\zip.dll
0x00007ffcb9800000 - 0x00007ffcb9f44000 	C:\Windows\System32\SHELL32.dll
0x00007ffcb6110000 - 0x00007ffcb68a3000 	C:\Windows\SYSTEM32\windows.storage.dll
0x00007ffcb9f50000 - 0x00007ffcba2a4000 	C:\Windows\System32\combase.dll
0x00007ffcb7ad0000 - 0x00007ffcb7afe000 	C:\Windows\SYSTEM32\Wldp.dll
0x00007ffcb9260000 - 0x00007ffcb930d000 	C:\Windows\System32\SHCORE.dll
0x00007ffcba7e0000 - 0x00007ffcba835000 	C:\Windows\System32\shlwapi.dll
0x00007ffcb7fc0000 - 0x00007ffcb7fe5000 	C:\Windows\SYSTEM32\profapi.dll
0x00007ffca8310000 - 0x00007ffca832a000 	C:\Program Files\Android\Android Studio\jre\bin\net.dll
0x00007ffcabd60000 - 0x00007ffcabe6a000 	C:\Windows\SYSTEM32\WINHTTP.dll
0x00007ffcb7830000 - 0x00007ffcb789a000 	C:\Windows\system32\mswsock.dll
0x00007ffca7fd0000 - 0x00007ffca7fe4000 	C:\Program Files\Android\Android Studio\jre\bin\nio.dll
0x00007ffca59a0000 - 0x00007ffca59c7000 	C:\Users\hp\.gradle\native\e1d6ef7f7dcc3fd88c89a11ec53ec762bb8ba0a96d01ffa2cd45eb1d1d8dd5c5\windows-amd64\native-platform.dll
0x00007ffc85dd0000 - 0x00007ffc85f14000 	C:\Users\hp\.gradle\native\0d407fdbe67a94daf76414ababcb853783967236a71b16ec16e742cd7a986fd3\windows-amd64\native-platform-file-events.dll
0x00007ffcb19e0000 - 0x00007ffcb19ea000 	C:\Program Files\Android\Android Studio\jre\bin\management.dll
0x00007ffcb17d0000 - 0x00007ffcb17dd000 	C:\Program Files\Android\Android Studio\jre\bin\management_ext.dll
0x00007ffcb7a20000 - 0x00007ffcb7a38000 	C:\Windows\SYSTEM32\CRYPTSP.dll
0x00007ffcb70d0000 - 0x00007ffcb7104000 	C:\Windows\system32\rsaenh.dll
0x00007ffcb8290000 - 0x00007ffcb82b7000 	C:\Windows\System32\bcrypt.dll
0x00007ffcb7f40000 - 0x00007ffcb7f6e000 	C:\Windows\SYSTEM32\USERENV.dll
0x00007ffcb7a40000 - 0x00007ffcb7a4c000 	C:\Windows\SYSTEM32\CRYPTBASE.dll
0x00007ffcb74d0000 - 0x00007ffcb750b000 	C:\Windows\SYSTEM32\IPHLPAPI.DLL
0x00007ffcb9620000 - 0x00007ffcb9628000 	C:\Windows\System32\NSI.dll
0x00007ffcae6d0000 - 0x00007ffcae6e7000 	C:\Windows\SYSTEM32\dhcpcsvc6.DLL
0x00007ffcae6b0000 - 0x00007ffcae6cd000 	C:\Windows\SYSTEM32\dhcpcsvc.DLL
0x00007ffcb7520000 - 0x00007ffcb75ea000 	C:\Windows\SYSTEM32\DNSAPI.dll

dbghelp: loaded successfully - version: 4.0.5 - missing functions: none
symbol engine: initialized successfully - sym options: 0x614 - pdb path: .;C:\Program Files\Android\Android Studio\jre\bin;C:\Windows\SYSTEM32;C:\Windows\WinSxS\amd64_microsoft.windows.common-controls_6595b64144ccf1df_6.0.19041.1110_none_60b5254171f9507e;C:\Program Files\Android\Android Studio\jre\bin\server;C:\Users\hp\.gradle\native\e1d6ef7f7dcc3fd88c89a11ec53ec762bb8ba0a96d01ffa2cd45eb1d1d8dd5c5\windows-amd64;C:\Users\hp\.gradle\native\0d407fdbe67a94daf76414ababcb853783967236a71b16ec16e742cd7a986fd3\windows-amd64

VM Arguments:
jvm_args: --add-opens=java.base/java.util=ALL-UNNAMED --add-opens=java.base/java.lang=ALL-UNNAMED --add-opens=java.base/java.lang.invoke=ALL-UNNAMED --add-opens=java.base/java.util=ALL-UNNAMED --add-opens=java.prefs/java.util.prefs=ALL-UNNAMED --add-opens=java.prefs/java.util.prefs=ALL-UNNAMED --add-opens=java.base/java.nio.charset=ALL-UNNAMED --add-opens=java.base/java.net=ALL-UNNAMED --add-opens=java.base/java.util.concurrent.atomic=ALL-UNNAMED -Xmx2048m -Dfile.encoding=UTF-8 -Duser.country=US -Duser.language=en -Duser.variant 
java_command: org.gradle.launcher.daemon.bootstrap.GradleDaemon 7.5
java_class_path (initial): C:\Users\hp\.gradle\wrapper\dists\gradle-7.5-bin\f1w0cc9nuo0eivz97x2xlu9sv\gradle-7.5\lib\gradle-launcher-7.5.jar
Launcher Type: SUN_STANDARD

[Global flags]
     intx CICompilerCount                          = 3                                         {product} {ergonomic}
     uint ConcGCThreads                            = 1                                         {product} {ergonomic}
     uint G1ConcRefinementThreads                  = 4                                         {product} {ergonomic}
   size_t G1HeapRegionSize                         = 1048576                                   {product} {ergonomic}
    uintx GCDrainStackTargetSize                   = 64                                        {product} {ergonomic}
   size_t InitialHeapSize                          = 134217728                                 {product} {ergonomic}
   size_t MarkStackSize                            = 4194304                                   {product} {ergonomic}
   size_t MaxHeapSize                              = 2147483648                                {product} {command line}
   size_t MaxNewSize                               = 1287651328                                {product} {ergonomic}
   size_t MinHeapDeltaBytes                        = 1048576                                   {product} {ergonomic}
    uintx NonNMethodCodeHeapSize                   = 5830732                                {pd product} {ergonomic}
    uintx NonProfiledCodeHeapSize                  = 122913754                              {pd product} {ergonomic}
    uintx ProfiledCodeHeapSize                     = 122913754                              {pd product} {ergonomic}
    uintx ReservedCodeCacheSize                    = 251658240                              {pd product} {ergonomic}
     bool SegmentedCodeCache                       = true                                      {product} {ergonomic}
     bool UseCompressedClassPointers               = true                                 {lp64_product} {ergonomic}
     bool UseCompressedOops                        = true                                 {lp64_product} {ergonomic}
     bool UseG1GC                                  = true                                      {product} {ergonomic}
     bool UseLargePagesIndividualAllocation        = false                                  {pd product} {ergonomic}

Logging:
Log output configuration:
 #0: stdout all=warning uptime,level,tags
 #1: stderr all=off uptime,level,tags

Environment Variables:
PATH=C:\Program Files (x86)\VMware\VMware Workstation\bin\;C:\Program Files (x86)\NVIDIA Corporation\PhysX\Common;C:\Windows\system32;C:\Windows;C:\Windows\System32\Wbem;C:\Windows\System32\WindowsPowerShell\v1.0\;C:\Windows\System32\OpenSSH\;C:\Users\hp\Documents\Java\jdk1.8.0_111\bin;c:\Program Files (x86)\Microsoft SQL Server\90\Tools\binn\;C:\Program Files\dotnet\;C:\Program Files\Microsoft SQL Server\150\Tools\Binn\;C:\Program Files\Microsoft SQL Server\Client SDK\ODBC\170\Tools\Binn\;C:\Program Files\Git\cmd;C:\Program Files\nodejs\;C:\ProgramData\chocolatey\bin;C:\Users\hp\AppData\Local\Programs\Python\Python310\Scripts\;C:\Users\hp\AppData\Local\Programs\Python\Python310\;C:\Users\hp\AppData\Local\Programs\Python\Launcher\;C:\Users\hp\AppData\Local\Microsoft\WindowsApps;C:\Program Files\Java\jdk1.8.0_111\bin;;C:\Program Files\JetBrains\PyCharm Community Edition 2022.3.1\bin;;C:\Users\hp\.dotnet\tools;C:\Users\hp\AppData\Roaming\npm;C:\Users\hp\AppData\Local\Programs\Microsoft VS Code\bin
USERNAME=hp
OS=Windows_NT
PROCESSOR_IDENTIFIER=Intel64 Family 6 Model 69 Stepping 1, GenuineIntel



---------------  S Y S T E M  ---------------

OS: Windows 10 , 64 bit Build 19041 (10.0.19041.3155)
OS uptime: 1 days 6:32 hours

CPU:total 4 (initial active 4) (2 cores per cpu, 2 threads per core) family 6 model 69 stepping 1 microcode 0x25, cmov, cx8, fxsr, mmx, sse, sse2, sse3, ssse3, sse4.1, sse4.2, popcnt, avx, avx2, aes, clmul, erms, lzcnt, ht, tsc, tscinvbit, bmi1, bmi2, fma

Memory: 4k page, system-wide physical 8089M (1787M free)
TotalPageFile size 10949M (AvailPageFile size 2M)
current process WorkingSet (physical memory assigned to process): 346M, peak: 346M
current process commit charge ("private bytes"): 431M, peak: 431M

vm_info: OpenJDK 64-Bit Server VM (11.0.13+0-b1751.21-8125866) for windows-amd64 JRE (11.0.13+0-b1751.21-8125866), built on Feb  2 2022 03:00:22 by "builder" with MS VC++ 14.0 (VS2015)

END.
