#
# There is insufficient memory for the Java Runtime Environment to continue.
# Native memory allocation (malloc) failed to allocate 1239216 bytes for Chunk::new
# Possible reasons:
#   The system is out of physical RAM or swap space
#   The process is running with CompressedOops enabled, and the Java Heap may be blocking the growth of the native heap
# Possible solutions:
#   Reduce memory load on the system
#   Increase physical memory or swap space
#   Check if swap backing store is full
#   Decrease Java heap size (-Xmx/-Xms)
#   Decrease number of Java threads
#   Decrease Java thread stack sizes (-Xss)
#   Set larger code cache with -XX:ReservedCodeCacheSize=
#   JVM is running with Unscaled Compressed Oops mode in which the Java heap is
#     placed in the first 4GB address space. The Java Heap base address is the
#     maximum limit for the native heap growth. Please use -XX:HeapBaseMinAddress
#     to set the Java Heap base and to place the Java Heap above 4GB virtual address.
# This output file may be truncated or incomplete.
#
#  Out of Memory Error (./src/hotspot/share/memory/arena.cpp:197), pid=12440, tid=12944
#
# JRE version: OpenJDK Runtime Environment (11.0.13) (build 11.0.13+0-b1751.21-8125866)
# Java VM: OpenJDK 64-Bit Server VM (11.0.13+0-b1751.21-8125866, mixed mode, tiered, compressed oops, g1 gc, windows-amd64)
# No core dump will be written. Minidumps are not enabled by default on client versions of Windows
#

---------------  S U M M A R Y ------------

Command Line: --add-opens=java.base/java.util=ALL-UNNAMED --add-opens=java.base/java.lang=ALL-UNNAMED --add-opens=java.base/java.lang.invoke=ALL-UNNAMED --add-opens=java.base/java.util=ALL-UNNAMED --add-opens=java.prefs/java.util.prefs=ALL-UNNAMED --add-opens=java.prefs/java.util.prefs=ALL-UNNAMED --add-opens=java.base/java.nio.charset=ALL-UNNAMED --add-opens=java.base/java.net=ALL-UNNAMED --add-opens=java.base/java.util.concurrent.atomic=ALL-UNNAMED -Xmx2048m -Dfile.encoding=UTF-8 -Duser.country=US -Duser.language=en -Duser.variant org.gradle.launcher.daemon.bootstrap.GradleDaemon 7.4

Host: Intel(R) Core(TM) i5-4300U CPU @ 1.90GHz, 4 cores, 7G,  Windows 10 , 64 bit Build 19041 (10.0.19041.3155)
Time: Wed Aug 23 00:05:38 2023 E. Africa Standard Time elapsed time: 19.023320 seconds (0d 0h 0m 19s)

---------------  T H R E A D  ---------------

Current thread (0x000001e418f0e800):  JavaThread "C2 CompilerThread1" daemon [_thread_in_native, id=12944, stack(0x00000092f9b00000,0x00000092f9c00000)]


Current CompileTask:
C2:  19023 7968 %     4       org.gradle.internal.instantiation.generator.AbstractClassGenerator::inspectType @ 107 (560 bytes)

Stack: [0x00000092f9b00000,0x00000092f9c00000]
Native frames: (J=compiled Java code, j=interpreted, Vv=VM code, C=native code)
V  [jvm.dll+0x6100fa]
V  [jvm.dll+0x747090]
V  [jvm.dll+0x7486ad]
V  [jvm.dll+0x748d83]
V  [jvm.dll+0x24ab48]
V  [jvm.dll+0xc04dc]
V  [jvm.dll+0xc0a0c]
V  [jvm.dll+0x2bfab4]
V  [jvm.dll+0x524238]
V  [jvm.dll+0x20b193]
V  [jvm.dll+0x204ca0]
V  [jvm.dll+0x2023c2]
V  [jvm.dll+0x188e01]
V  [jvm.dll+0x21106b]
V  [jvm.dll+0x20f8c1]
V  [jvm.dll+0x70de0f]
V  [jvm.dll+0x706a75]
V  [jvm.dll+0x60ed66]
C  [ucrtbase.dll+0x21bb2]
C  [KERNEL32.DLL+0x17614]
C  [ntdll.dll+0x526b1]


---------------  P R O C E S S  ---------------

Threads class SMR info:
_java_thread_list=0x000001e41c5264a0, length=82, elements={
0x000001e47b00d800, 0x000001e47fc13000, 0x000001e47fc14000, 0x000001e47fc2a000,
0x000001e47fc2d000, 0x000001e47fc2e800, 0x000001e47fc31800, 0x000001e47fc36000,
0x000001e47fc41800, 0x000001e41597e800, 0x000001e416f48800, 0x000001e417700000,
0x000001e4176ce000, 0x000001e417214000, 0x000001e417215000, 0x000001e417414800,
0x000001e417415000, 0x000001e418b95000, 0x000001e418b96000, 0x000001e418846800,
0x000001e418849800, 0x000001e418845800, 0x000001e41884c000, 0x000001e418f0e800,
0x000001e418848000, 0x000001e418847000, 0x000001e418849000, 0x000001e41884a800,
0x000001e41884b000, 0x000001e418c32800, 0x000001e418c30000, 0x000001e418c31800,
0x000001e418c2f000, 0x000001e418c37800, 0x000001e418c39000, 0x000001e418c38000,
0x000001e418c33800, 0x000001e418c3a800, 0x000001e418c3a000, 0x000001e418c35000,
0x000001e418c3b800, 0x000001e418c3c800, 0x000001e418c3d000, 0x000001e418c3e000,
0x000001e4177c5800, 0x000001e4177c9800, 0x000001e4177c8000, 0x000001e4177c7000,
0x000001e4177c6800, 0x000001e4177c8800, 0x000001e4177ca800, 0x000001e4177c4800,
0x000001e4177cf000, 0x000001e4177d1000, 0x000001e4177cb000, 0x000001e4177d0000,
0x000001e4177d1800, 0x000001e4177cd800, 0x000001e4177cc000, 0x000001e4177d2800,
0x000001e4177cd000, 0x000001e4177d3800, 0x000001e4177ce800, 0x000001e417e41000,
0x000001e417e42800, 0x000001e417e43800, 0x000001e417e3e800, 0x000001e417e42000,
0x000001e417e45000, 0x000001e417e44000, 0x000001e417e3f800, 0x000001e417e46000,
0x000001e417e40000, 0x000001e417e4c800, 0x000001e417e4a000, 0x000001e417e48800,
0x000001e417e49000, 0x000001e417e4b800, 0x000001e417e4a800, 0x000001e417e46800,
0x000001e417e4d000, 0x000001e417e47800
}

Java Threads: ( => current thread )
  0x000001e47b00d800 JavaThread "main" [_thread_blocked, id=5404, stack(0x00000092f7a00000,0x00000092f7b00000)]
  0x000001e47fc13000 JavaThread "Reference Handler" daemon [_thread_blocked, id=10776, stack(0x00000092f8100000,0x00000092f8200000)]
  0x000001e47fc14000 JavaThread "Finalizer" daemon [_thread_blocked, id=12972, stack(0x00000092f8200000,0x00000092f8300000)]
  0x000001e47fc2a000 JavaThread "Signal Dispatcher" daemon [_thread_blocked, id=12724, stack(0x00000092f8300000,0x00000092f8400000)]
  0x000001e47fc2d000 JavaThread "Attach Listener" daemon [_thread_blocked, id=7416, stack(0x00000092f8400000,0x00000092f8500000)]
  0x000001e47fc2e800 JavaThread "Service Thread" daemon [_thread_blocked, id=8152, stack(0x00000092f8500000,0x00000092f8600000)]
  0x000001e47fc31800 JavaThread "C2 CompilerThread0" daemon [_thread_in_native, id=3636, stack(0x00000092f8600000,0x00000092f8700000)]
  0x000001e47fc36000 JavaThread "C1 CompilerThread0" daemon [_thread_blocked, id=6224, stack(0x00000092f8700000,0x00000092f8800000)]
  0x000001e47fc41800 JavaThread "Sweeper thread" daemon [_thread_blocked, id=1728, stack(0x00000092f8800000,0x00000092f8900000)]
  0x000001e41597e800 JavaThread "Common-Cleaner" daemon [_thread_blocked, id=10028, stack(0x00000092f8900000,0x00000092f8a00000)]
  0x000001e416f48800 JavaThread "Daemon health stats" [_thread_blocked, id=6216, stack(0x00000092f8e00000,0x00000092f8f00000)]
  0x000001e417700000 JavaThread "Incoming local TCP Connector on port 11156" [_thread_in_native, id=7484, stack(0x00000092f8b00000,0x00000092f8c00000)]
  0x000001e4176ce000 JavaThread "Daemon periodic checks" [_thread_blocked, id=1640, stack(0x00000092f8f00000,0x00000092f9000000)]
  0x000001e417214000 JavaThread "Daemon" [_thread_blocked, id=9380, stack(0x00000092f9000000,0x00000092f9100000)]
  0x000001e417215000 JavaThread "Handler for socket connection from /127.0.0.1:11156 to /127.0.0.1:11157" [_thread_in_native, id=8548, stack(0x00000092f9100000,0x00000092f9200000)]
  0x000001e417414800 JavaThread "Cancel handler" [_thread_blocked, id=13176, stack(0x00000092f9200000,0x00000092f9300000)]
  0x000001e417415000 JavaThread "Daemon worker" [_thread_in_vm, id=6764, stack(0x00000092f9300000,0x00000092f9400000)]
  0x000001e418b95000 JavaThread "Asynchronous log dispatcher for DefaultDaemonConnection: socket connection from /127.0.0.1:11156 to /127.0.0.1:11157" [_thread_blocked, id=13344, stack(0x00000092f9400000,0x00000092f9500000)]
  0x000001e418b96000 JavaThread "Stdin handler" [_thread_blocked, id=12364, stack(0x00000092f9500000,0x00000092f9600000)]
  0x000001e418846800 JavaThread "Daemon client event forwarder" [_thread_blocked, id=8372, stack(0x00000092f9600000,0x00000092f9700000)]
  0x000001e418849800 JavaThread "Cache worker for journal cache (C:\Users\hp\.gradle\caches\journal-1)" [_thread_blocked, id=13716, stack(0x00000092f9800000,0x00000092f9900000)]
  0x000001e418845800 JavaThread "File lock request listener" [_thread_in_native, id=5860, stack(0x00000092f9900000,0x00000092f9a00000)]
  0x000001e41884c000 JavaThread "Cache worker for file hash cache (C:\Users\hp\.gradle\caches\7.4\fileHashes)" [_thread_blocked, id=7724, stack(0x00000092f9a00000,0x00000092f9b00000)]
=>0x000001e418f0e800 JavaThread "C2 CompilerThread1" daemon [_thread_in_native, id=12944, stack(0x00000092f9b00000,0x00000092f9c00000)]
  0x000001e418848000 JavaThread "File watcher server" daemon [_thread_in_native, id=7708, stack(0x00000092f9c00000,0x00000092f9d00000)]
  0x000001e418847000 JavaThread "File watcher consumer" daemon [_thread_blocked, id=32, stack(0x00000092f9d00000,0x00000092f9e00000)]
  0x000001e418849000 JavaThread "Cache worker for checksums cache (C:\Users\hp\Desktop\eCommerceApp\.gradle\7.4\checksums)" [_thread_blocked, id=2632, stack(0x00000092f9e00000,0x00000092f9f00000)]
  0x000001e41884a800 JavaThread "Cache worker for cache directory md-rule (C:\Users\hp\.gradle\caches\7.4\md-rule)" [_thread_blocked, id=1856, stack(0x00000092f9f00000,0x00000092fa000000)]
  0x000001e41884b000 JavaThread "Cache worker for file hash cache (C:\Users\hp\Desktop\eCommerceApp\.gradle\7.4\fileHashes)" [_thread_blocked, id=2792, stack(0x00000092fa000000,0x00000092fa100000)]
  0x000001e418c32800 JavaThread "Cache worker for cache directory md-supplier (C:\Users\hp\.gradle\caches\7.4\md-supplier)" [_thread_blocked, id=7224, stack(0x00000092fa100000,0x00000092fa200000)]
  0x000001e418c30000 JavaThread "Cache worker for execution history cache (C:\Users\hp\.gradle\caches\7.4\executionHistory)" [_thread_blocked, id=12756, stack(0x00000092fa200000,0x00000092fa300000)]
  0x000001e418c31800 JavaThread "jar transforms" [_thread_blocked, id=9212, stack(0x00000092fa300000,0x00000092fa400000)]
  0x000001e418c2f000 JavaThread "Cache worker for file content cache (C:\Users\hp\.gradle\caches\7.4\fileContent)" [_thread_blocked, id=4824, stack(0x00000092fa400000,0x00000092fa500000)]
  0x000001e418c37800 JavaThread "jar transforms Thread 2" [_thread_blocked, id=10584, stack(0x00000092fa500000,0x00000092fa600000)]
  0x000001e418c39000 JavaThread "Cache worker for dependencies-accessors (C:\Users\hp\Desktop\eCommerceApp\.gradle\7.4\dependencies-accessors)" [_thread_blocked, id=11576, stack(0x00000092fa600000,0x00000092fa700000)]
  0x000001e418c38000 JavaThread "jar transforms Thread 3" [_thread_blocked, id=14232, stack(0x00000092fa700000,0x00000092fa800000)]
  0x000001e418c33800 JavaThread "Cache worker for Build Output Cleanup Cache (C:\Users\hp\Desktop\eCommerceApp\.gradle\buildOutputCleanup)" [_thread_blocked, id=5264, stack(0x00000092fa800000,0x00000092fa900000)]
  0x000001e418c3a800 JavaThread "Unconstrained build operations" [_thread_blocked, id=9488, stack(0x00000092fa900000,0x00000092faa00000)]
  0x000001e418c3a000 JavaThread "Unconstrained build operations Thread 2" [_thread_blocked, id=9952, stack(0x00000092faa00000,0x00000092fab00000)]
  0x000001e418c35000 JavaThread "Unconstrained build operations Thread 3" [_thread_blocked, id=9040, stack(0x00000092fab00000,0x00000092fac00000)]
  0x000001e418c3b800 JavaThread "Unconstrained build operations Thread 4" [_thread_blocked, id=12936, stack(0x00000092fac00000,0x00000092fad00000)]
  0x000001e418c3c800 JavaThread "Unconstrained build operations Thread 5" [_thread_blocked, id=4236, stack(0x00000092fad00000,0x00000092fae00000)]
  0x000001e418c3d000 JavaThread "Unconstrained build operations Thread 6" [_thread_blocked, id=10884, stack(0x00000092fae00000,0x00000092faf00000)]
  0x000001e418c3e000 JavaThread "Unconstrained build operations Thread 7" [_thread_blocked, id=12124, stack(0x00000092faf00000,0x00000092fb000000)]
  0x000001e4177c5800 JavaThread "Unconstrained build operations Thread 8" [_thread_blocked, id=5132, stack(0x00000092fb000000,0x00000092fb100000)]
  0x000001e4177c9800 JavaThread "Unconstrained build operations Thread 9" [_thread_blocked, id=14016, stack(0x00000092fb100000,0x00000092fb200000)]
  0x000001e4177c8000 JavaThread "Unconstrained build operations Thread 10" [_thread_blocked, id=11372, stack(0x00000092fb200000,0x00000092fb300000)]
  0x000001e4177c7000 JavaThread "Unconstrained build operations Thread 11" [_thread_blocked, id=1872, stack(0x00000092fb300000,0x00000092fb400000)]
  0x000001e4177c6800 JavaThread "Unconstrained build operations Thread 12" [_thread_blocked, id=10900, stack(0x00000092fb400000,0x00000092fb500000)]
  0x000001e4177c8800 JavaThread "Unconstrained build operations Thread 13" [_thread_blocked, id=5504, stack(0x00000092fb500000,0x00000092fb600000)]
  0x000001e4177ca800 JavaThread "Unconstrained build operations Thread 14" [_thread_blocked, id=13756, stack(0x00000092fb600000,0x00000092fb700000)]
  0x000001e4177c4800 JavaThread "Unconstrained build operations Thread 15" [_thread_blocked, id=11956, stack(0x00000092fb700000,0x00000092fb800000)]
  0x000001e4177cf000 JavaThread "Unconstrained build operations Thread 16" [_thread_blocked, id=816, stack(0x00000092fb800000,0x00000092fb900000)]
  0x000001e4177d1000 JavaThread "Unconstrained build operations Thread 17" [_thread_blocked, id=10280, stack(0x00000092fb900000,0x00000092fba00000)]
  0x000001e4177cb000 JavaThread "Unconstrained build operations Thread 18" [_thread_blocked, id=14148, stack(0x00000092fba00000,0x00000092fbb00000)]
  0x000001e4177d0000 JavaThread "Unconstrained build operations Thread 19" [_thread_blocked, id=14200, stack(0x00000092fbb00000,0x00000092fbc00000)]
  0x000001e4177d1800 JavaThread "Unconstrained build operations Thread 20" [_thread_blocked, id=3732, stack(0x00000092fbc00000,0x00000092fbd00000)]
  0x000001e4177cd800 JavaThread "Unconstrained build operations Thread 21" [_thread_blocked, id=10008, stack(0x00000092fbd00000,0x00000092fbe00000)]
  0x000001e4177cc000 JavaThread "Unconstrained build operations Thread 22" [_thread_blocked, id=2256, stack(0x00000092fbe00000,0x00000092fbf00000)]
  0x000001e4177d2800 JavaThread "Unconstrained build operations Thread 23" [_thread_blocked, id=9552, stack(0x00000092fbf00000,0x00000092fc000000)]
  0x000001e4177cd000 JavaThread "Unconstrained build operations Thread 24" [_thread_blocked, id=5616, stack(0x00000092fc000000,0x00000092fc100000)]
  0x000001e4177d3800 JavaThread "Unconstrained build operations Thread 25" [_thread_blocked, id=10124, stack(0x00000092fc100000,0x00000092fc200000)]
  0x000001e4177ce800 JavaThread "Unconstrained build operations Thread 26" [_thread_blocked, id=7104, stack(0x00000092fc200000,0x00000092fc300000)]
  0x000001e417e41000 JavaThread "Unconstrained build operations Thread 27" [_thread_blocked, id=9980, stack(0x00000092fc300000,0x00000092fc400000)]
  0x000001e417e42800 JavaThread "Unconstrained build operations Thread 28" [_thread_blocked, id=13212, stack(0x00000092fc400000,0x00000092fc500000)]
  0x000001e417e43800 JavaThread "Unconstrained build operations Thread 29" [_thread_blocked, id=1800, stack(0x00000092fc500000,0x00000092fc600000)]
  0x000001e417e3e800 JavaThread "Unconstrained build operations Thread 30" [_thread_blocked, id=13740, stack(0x00000092fc600000,0x00000092fc700000)]
  0x000001e417e42000 JavaThread "Unconstrained build operations Thread 31" [_thread_blocked, id=7324, stack(0x00000092fc700000,0x00000092fc800000)]
  0x000001e417e45000 JavaThread "Unconstrained build operations Thread 32" [_thread_blocked, id=3576, stack(0x00000092fc800000,0x00000092fc900000)]
  0x000001e417e44000 JavaThread "Unconstrained build operations Thread 33" [_thread_blocked, id=14076, stack(0x00000092fc900000,0x00000092fca00000)]
  0x000001e417e3f800 JavaThread "Unconstrained build operations Thread 34" [_thread_blocked, id=12016, stack(0x00000092fca00000,0x00000092fcb00000)]
  0x000001e417e46000 JavaThread "Unconstrained build operations Thread 35" [_thread_blocked, id=6632, stack(0x00000092fcb00000,0x00000092fcc00000)]
  0x000001e417e40000 JavaThread "Unconstrained build operations Thread 36" [_thread_blocked, id=2776, stack(0x00000092fcc00000,0x00000092fcd00000)]
  0x000001e417e4c800 JavaThread "Unconstrained build operations Thread 37" [_thread_blocked, id=9084, stack(0x00000092fcd00000,0x00000092fce00000)]
  0x000001e417e4a000 JavaThread "Unconstrained build operations Thread 38" [_thread_blocked, id=9036, stack(0x00000092fce00000,0x00000092fcf00000)]
  0x000001e417e48800 JavaThread "Unconstrained build operations Thread 39" [_thread_blocked, id=9608, stack(0x00000092fcf00000,0x00000092fd000000)]
  0x000001e417e49000 JavaThread "Unconstrained build operations Thread 40" [_thread_blocked, id=13548, stack(0x00000092fd000000,0x00000092fd100000)]
  0x000001e417e4b800 JavaThread "jar transforms Thread 4" [_thread_blocked, id=9772, stack(0x00000092fd100000,0x00000092fd200000)]
  0x000001e417e4a800 JavaThread "Memory manager" [_thread_blocked, id=6048, stack(0x00000092fd200000,0x00000092fd300000)]
  0x000001e417e46800 JavaThread "build event listener" [_thread_blocked, id=7412, stack(0x00000092fd300000,0x00000092fd400000)]
  0x000001e417e4d000 JavaThread "pool-3-thread-1" [_thread_blocked, id=13144, stack(0x00000092fd400000,0x00000092fd500000)]
  0x000001e417e47800 JavaThread "build event listener" [_thread_blocked, id=8688, stack(0x00000092fd500000,0x00000092fd600000)]

Other Threads:
  0x000001e47fc0b800 VMThread "VM Thread" [stack: 0x00000092f8000000,0x00000092f8100000] [id=8848]
  0x000001e415987000 WatcherThread [stack: 0x00000092f8a00000,0x00000092f8b00000] [id=9784]
  0x000001e47b026000 GCTaskThread "GC Thread#0" [stack: 0x00000092f7b00000,0x00000092f7c00000] [id=12156]
  0x000001e4164da000 GCTaskThread "GC Thread#1" [stack: 0x00000092f8c00000,0x00000092f8d00000] [id=9960]
  0x000001e41647d000 GCTaskThread "GC Thread#2" [stack: 0x00000092f8d00000,0x00000092f8e00000] [id=1672]
  0x000001e41647e800 GCTaskThread "GC Thread#3" [stack: 0x00000092f9700000,0x00000092f9800000] [id=14104]
  0x000001e47b057000 ConcurrentGCThread "G1 Main Marker" [stack: 0x00000092f7c00000,0x00000092f7d00000] [id=8668]
  0x000001e47b058800 ConcurrentGCThread "G1 Conc#0" [stack: 0x00000092f7d00000,0x00000092f7e00000] [id=2380]
  0x000001e47b0e5800 ConcurrentGCThread "G1 Refine#0" [stack: 0x00000092f7e00000,0x00000092f7f00000] [id=13132]
  0x000001e47b0e6800 ConcurrentGCThread "G1 Young RemSet Sampling" [stack: 0x00000092f7f00000,0x00000092f8000000] [id=14140]

Threads with active compile tasks:
C2 CompilerThread0  19052 8284       4       org.objectweb.asm.AnnotationWriter::visit (935 bytes)
C2 CompilerThread1  19052 7968 %     4       org.gradle.internal.instantiation.generator.AbstractClassGenerator::inspectType @ 107 (560 bytes)

VM state:not at safepoint (normal execution)

VM Mutex/Monitor currently owned by a thread: None

Heap address: 0x0000000080000000, size: 2048 MB, Compressed Oops mode: 32-bit
Narrow klass base: 0x0000000000000000, Narrow klass shift: 3
Compressed class space size: 1073741824 Address: 0x0000000100000000

Heap:
 garbage-first heap   total 227328K, used 85134K [0x0000000080000000, 0x0000000100000000)
  region size 1024K, 30 young (30720K), 11 survivors (11264K)
 Metaspace       used 83212K, capacity 85000K, committed 85328K, reserved 1124352K
  class space    used 10650K, capacity 11335K, committed 11424K, reserved 1048576K
Heap Regions: E=young(eden), S=young(survivor), O=old, HS=humongous(starts), HC=humongous(continues), CS=collection set, F=free, A=archive, TAMS=top-at-mark-start (previous, next)
|   0|0x0000000080000000, 0x0000000080100000, 0x0000000080100000|100%|HS|  |TAMS 0x0000000080100000, 0x0000000080000000| Complete 
|   1|0x0000000080100000, 0x0000000080200000, 0x0000000080200000|100%|HC|  |TAMS 0x0000000080200000, 0x0000000080100000| Complete 
|   2|0x0000000080200000, 0x0000000080300000, 0x0000000080300000|100%|HC|  |TAMS 0x0000000080300000, 0x0000000080200000| Complete 
|   3|0x0000000080300000, 0x0000000080400000, 0x0000000080400000|100%| O|  |TAMS 0x0000000080400000, 0x0000000080300000| Untracked 
|   4|0x0000000080400000, 0x0000000080500000, 0x0000000080500000|100%| O|  |TAMS 0x0000000080500000, 0x0000000080400000| Untracked 
|   5|0x0000000080500000, 0x0000000080600000, 0x0000000080600000|100%| O|  |TAMS 0x0000000080600000, 0x0000000080500000| Untracked 
|   6|0x0000000080600000, 0x0000000080700000, 0x0000000080700000|100%| O|  |TAMS 0x0000000080700000, 0x0000000080600000| Untracked 
|   7|0x0000000080700000, 0x0000000080800000, 0x0000000080800000|100%| O|  |TAMS 0x0000000080800000, 0x0000000080700000| Untracked 
|   8|0x0000000080800000, 0x0000000080900000, 0x0000000080900000|100%| O|  |TAMS 0x0000000080900000, 0x0000000080800000| Untracked 
|   9|0x0000000080900000, 0x0000000080a00000, 0x0000000080a00000|100%| O|  |TAMS 0x0000000080a00000, 0x0000000080900000| Untracked 
|  10|0x0000000080a00000, 0x0000000080b00000, 0x0000000080b00000|100%| O|  |TAMS 0x0000000080b00000, 0x0000000080a00000| Untracked 
|  11|0x0000000080b00000, 0x0000000080c00000, 0x0000000080c00000|100%| O|  |TAMS 0x0000000080c00000, 0x0000000080b00000| Untracked 
|  12|0x0000000080c00000, 0x0000000080d00000, 0x0000000080d00000|100%| O|  |TAMS 0x0000000080d00000, 0x0000000080c00000| Untracked 
|  13|0x0000000080d00000, 0x0000000080e00000, 0x0000000080e00000|100%| O|  |TAMS 0x0000000080e00000, 0x0000000080d00000| Untracked 
|  14|0x0000000080e00000, 0x0000000080f00000, 0x0000000080f00000|100%| O|  |TAMS 0x0000000080f00000, 0x0000000080e00000| Untracked 
|  15|0x0000000080f00000, 0x0000000081000000, 0x0000000081000000|100%| O|  |TAMS 0x0000000081000000, 0x0000000080f00000| Untracked 
|  16|0x0000000081000000, 0x0000000081100000, 0x0000000081100000|100%|HS|  |TAMS 0x0000000081100000, 0x0000000081000000| Complete 
|  17|0x0000000081100000, 0x0000000081200000, 0x0000000081200000|100%| O|  |TAMS 0x0000000081200000, 0x0000000081100000| Untracked 
|  18|0x0000000081200000, 0x0000000081300000, 0x0000000081300000|100%| O|  |TAMS 0x0000000081300000, 0x0000000081200000| Untracked 
|  19|0x0000000081300000, 0x0000000081400000, 0x0000000081400000|100%| O|  |TAMS 0x0000000081400000, 0x0000000081300000| Untracked 
|  20|0x0000000081400000, 0x0000000081500000, 0x0000000081500000|100%| O|  |TAMS 0x0000000081500000, 0x0000000081400000| Untracked 
|  21|0x0000000081500000, 0x0000000081600000, 0x0000000081600000|100%| O|  |TAMS 0x0000000081600000, 0x0000000081500000| Untracked 
|  22|0x0000000081600000, 0x0000000081700000, 0x0000000081700000|100%| O|  |TAMS 0x0000000081700000, 0x0000000081600000| Untracked 
|  23|0x0000000081700000, 0x0000000081800000, 0x0000000081800000|100%|HS|  |TAMS 0x0000000081800000, 0x0000000081700000| Complete 
|  24|0x0000000081800000, 0x0000000081900000, 0x0000000081900000|100%| O|  |TAMS 0x0000000081900000, 0x0000000081800000| Untracked 
|  25|0x0000000081900000, 0x0000000081a00000, 0x0000000081a00000|100%|HS|  |TAMS 0x0000000081a00000, 0x0000000081900000| Complete 
|  26|0x0000000081a00000, 0x0000000081b00000, 0x0000000081b00000|100%|HC|  |TAMS 0x0000000081b00000, 0x0000000081a00000| Complete 
|  27|0x0000000081b00000, 0x0000000081c00000, 0x0000000081c00000|100%| O|  |TAMS 0x0000000081c00000, 0x0000000081b00000| Untracked 
|  28|0x0000000081c00000, 0x0000000081d00000, 0x0000000081d00000|100%| O|  |TAMS 0x0000000081d00000, 0x0000000081c00000| Untracked 
|  29|0x0000000081d00000, 0x0000000081e00000, 0x0000000081e00000|100%| O|  |TAMS 0x0000000081e00000, 0x0000000081d00000| Untracked 
|  30|0x0000000081e00000, 0x0000000081f00000, 0x0000000081f00000|100%| O|  |TAMS 0x0000000081f00000, 0x0000000081e00000| Untracked 
|  31|0x0000000081f00000, 0x0000000082000000, 0x0000000082000000|100%| O|  |TAMS 0x0000000082000000, 0x0000000081f00000| Untracked 
|  32|0x0000000082000000, 0x0000000082100000, 0x0000000082100000|100%| O|  |TAMS 0x0000000082100000, 0x0000000082000000| Untracked 
|  33|0x0000000082100000, 0x0000000082200000, 0x0000000082200000|100%| O|  |TAMS 0x0000000082200000, 0x0000000082100000| Untracked 
|  34|0x0000000082200000, 0x0000000082300000, 0x0000000082300000|100%| O|  |TAMS 0x0000000082300000, 0x0000000082200000| Untracked 
|  35|0x0000000082300000, 0x0000000082400000, 0x0000000082400000|100%| O|  |TAMS 0x0000000082400000, 0x0000000082300000| Untracked 
|  36|0x0000000082400000, 0x0000000082500000, 0x0000000082500000|100%| O|  |TAMS 0x0000000082500000, 0x0000000082400000| Untracked 
|  37|0x0000000082500000, 0x0000000082600000, 0x0000000082600000|100%| O|  |TAMS 0x0000000082600000, 0x0000000082500000| Untracked 
|  38|0x0000000082600000, 0x0000000082700000, 0x0000000082700000|100%| O|  |TAMS 0x0000000082700000, 0x0000000082600000| Untracked 
|  39|0x0000000082700000, 0x0000000082800000, 0x0000000082800000|100%| O|  |TAMS 0x0000000082800000, 0x0000000082700000| Untracked 
|  40|0x0000000082800000, 0x0000000082900000, 0x0000000082900000|100%| O|  |TAMS 0x0000000082900000, 0x0000000082800000| Untracked 
|  41|0x0000000082900000, 0x0000000082a00000, 0x0000000082a00000|100%| O|  |TAMS 0x0000000082a00000, 0x0000000082900000| Untracked 
|  42|0x0000000082a00000, 0x0000000082b00000, 0x0000000082b00000|100%| O|  |TAMS 0x0000000082af9a00, 0x0000000082a00000| Untracked 
|  43|0x0000000082b00000, 0x0000000082c00000, 0x0000000082c00000|100%| O|  |TAMS 0x0000000082b00000, 0x0000000082b00000| Untracked 
|  44|0x0000000082c00000, 0x0000000082d00000, 0x0000000082d00000|100%| O|  |TAMS 0x0000000082c00000, 0x0000000082c00000| Untracked 
|  45|0x0000000082d00000, 0x0000000082e00000, 0x0000000082e00000|100%| O|  |TAMS 0x0000000082d00000, 0x0000000082d00000| Untracked 
|  46|0x0000000082e00000, 0x0000000082f00000, 0x0000000082f00000|100%| O|  |TAMS 0x0000000082e00000, 0x0000000082e00000| Untracked 
|  47|0x0000000082f00000, 0x0000000083000000, 0x0000000083000000|100%| O|  |TAMS 0x0000000082f00000, 0x0000000082f00000| Untracked 
|  48|0x0000000083000000, 0x0000000083100000, 0x0000000083100000|100%| O|  |TAMS 0x0000000083000000, 0x0000000083000000| Untracked 
|  49|0x0000000083100000, 0x0000000083200000, 0x0000000083200000|100%| O|  |TAMS 0x0000000083100000, 0x0000000083100000| Untracked 
|  50|0x0000000083200000, 0x0000000083300000, 0x0000000083300000|100%| O|  |TAMS 0x0000000083200000, 0x0000000083200000| Untracked 
|  51|0x0000000083300000, 0x0000000083400000, 0x0000000083400000|100%| O|  |TAMS 0x0000000083300000, 0x0000000083300000| Untracked 
|  52|0x0000000083400000, 0x0000000083500000, 0x0000000083500000|100%| O|  |TAMS 0x0000000083400000, 0x0000000083400000| Untracked 
|  53|0x0000000083500000, 0x0000000083600000, 0x0000000083600000|100%| O|  |TAMS 0x0000000083500000, 0x0000000083500000| Untracked 
|  54|0x0000000083600000, 0x0000000083700000, 0x0000000083700000|100%| O|  |TAMS 0x0000000083600000, 0x0000000083600000| Untracked 
|  55|0x0000000083700000, 0x0000000083723800, 0x0000000083800000| 13%| O|  |TAMS 0x0000000083700000, 0x0000000083700000| Untracked 
|  56|0x0000000083800000, 0x0000000083800000, 0x0000000083900000|  0%| F|  |TAMS 0x0000000083800000, 0x0000000083800000| Untracked 
|  57|0x0000000083900000, 0x0000000083900000, 0x0000000083a00000|  0%| F|  |TAMS 0x0000000083900000, 0x0000000083900000| Untracked 
|  58|0x0000000083a00000, 0x0000000083a00000, 0x0000000083b00000|  0%| F|  |TAMS 0x0000000083a00000, 0x0000000083a00000| Untracked 
|  59|0x0000000083b00000, 0x0000000083b00000, 0x0000000083c00000|  0%| F|  |TAMS 0x0000000083b00000, 0x0000000083b00000| Untracked 
|  60|0x0000000083c00000, 0x0000000083c00000, 0x0000000083d00000|  0%| F|  |TAMS 0x0000000083c00000, 0x0000000083c00000| Untracked 
|  61|0x0000000083d00000, 0x0000000083d00000, 0x0000000083e00000|  0%| F|  |TAMS 0x0000000083d00000, 0x0000000083d00000| Untracked 
|  62|0x0000000083e00000, 0x0000000083e00000, 0x0000000083f00000|  0%| F|  |TAMS 0x0000000083e00000, 0x0000000083e00000| Untracked 
|  63|0x0000000083f00000, 0x0000000083f00000, 0x0000000084000000|  0%| F|  |TAMS 0x0000000083f00000, 0x0000000083f00000| Untracked 
|  64|0x0000000084000000, 0x0000000084000000, 0x0000000084100000|  0%| F|  |TAMS 0x0000000084000000, 0x0000000084000000| Untracked 
|  65|0x0000000084100000, 0x0000000084100000, 0x0000000084200000|  0%| F|  |TAMS 0x0000000084100000, 0x0000000084100000| Untracked 
|  66|0x0000000084200000, 0x0000000084200000, 0x0000000084300000|  0%| F|  |TAMS 0x0000000084200000, 0x0000000084200000| Untracked 
|  67|0x0000000084300000, 0x0000000084300000, 0x0000000084400000|  0%| F|  |TAMS 0x0000000084300000, 0x0000000084300000| Untracked 
|  68|0x0000000084400000, 0x0000000084400000, 0x0000000084500000|  0%| F|  |TAMS 0x0000000084400000, 0x0000000084400000| Untracked 
|  69|0x0000000084500000, 0x0000000084500000, 0x0000000084600000|  0%| F|  |TAMS 0x0000000084500000, 0x0000000084500000| Untracked 
|  70|0x0000000084600000, 0x0000000084600000, 0x0000000084700000|  0%| F|  |TAMS 0x0000000084600000, 0x0000000084600000| Untracked 
|  71|0x0000000084700000, 0x0000000084700000, 0x0000000084800000|  0%| F|  |TAMS 0x0000000084700000, 0x0000000084700000| Untracked 
|  72|0x0000000084800000, 0x0000000084800000, 0x0000000084900000|  0%| F|  |TAMS 0x0000000084800000, 0x0000000084800000| Untracked 
|  73|0x0000000084900000, 0x0000000084900000, 0x0000000084a00000|  0%| F|  |TAMS 0x0000000084900000, 0x0000000084900000| Untracked 
|  74|0x0000000084a00000, 0x0000000084a00000, 0x0000000084b00000|  0%| F|  |TAMS 0x0000000084a00000, 0x0000000084a00000| Untracked 
|  75|0x0000000084b00000, 0x0000000084b00000, 0x0000000084c00000|  0%| F|  |TAMS 0x0000000084b00000, 0x0000000084b00000| Untracked 
|  76|0x0000000084c00000, 0x0000000084c00000, 0x0000000084d00000|  0%| F|  |TAMS 0x0000000084c00000, 0x0000000084c00000| Untracked 
|  77|0x0000000084d00000, 0x0000000084d00000, 0x0000000084e00000|  0%| F|  |TAMS 0x0000000084d00000, 0x0000000084d00000| Untracked 
|  78|0x0000000084e00000, 0x0000000084e00000, 0x0000000084f00000|  0%| F|  |TAMS 0x0000000084e00000, 0x0000000084e00000| Untracked 
|  79|0x0000000084f00000, 0x0000000084f00000, 0x0000000085000000|  0%| F|  |TAMS 0x0000000084f00000, 0x0000000084f00000| Untracked 
|  80|0x0000000085000000, 0x0000000085000000, 0x0000000085100000|  0%| F|  |TAMS 0x0000000085000000, 0x0000000085000000| Untracked 
|  81|0x0000000085100000, 0x0000000085100000, 0x0000000085200000|  0%| F|  |TAMS 0x0000000085100000, 0x0000000085100000| Untracked 
|  82|0x0000000085200000, 0x0000000085200000, 0x0000000085300000|  0%| F|  |TAMS 0x0000000085200000, 0x0000000085200000| Untracked 
|  83|0x0000000085300000, 0x0000000085300000, 0x0000000085400000|  0%| F|  |TAMS 0x0000000085300000, 0x0000000085300000| Untracked 
|  84|0x0000000085400000, 0x0000000085400000, 0x0000000085500000|  0%| F|  |TAMS 0x0000000085400000, 0x0000000085400000| Untracked 
|  85|0x0000000085500000, 0x0000000085500000, 0x0000000085600000|  0%| F|  |TAMS 0x0000000085500000, 0x0000000085500000| Untracked 
|  86|0x0000000085600000, 0x0000000085700000, 0x0000000085700000|100%| S|CS|TAMS 0x0000000085600000, 0x0000000085600000| Complete 
|  87|0x0000000085700000, 0x0000000085800000, 0x0000000085800000|100%| S|CS|TAMS 0x0000000085700000, 0x0000000085700000| Complete 
|  88|0x0000000085800000, 0x0000000085900000, 0x0000000085900000|100%| S|CS|TAMS 0x0000000085800000, 0x0000000085800000| Complete 
|  89|0x0000000085900000, 0x0000000085a00000, 0x0000000085a00000|100%| S|CS|TAMS 0x0000000085900000, 0x0000000085900000| Complete 
|  90|0x0000000085a00000, 0x0000000085a00000, 0x0000000085b00000|  0%| F|  |TAMS 0x0000000085a00000, 0x0000000085a00000| Untracked 
|  91|0x0000000085b00000, 0x0000000085b00000, 0x0000000085c00000|  0%| F|  |TAMS 0x0000000085b00000, 0x0000000085b00000| Untracked 
|  92|0x0000000085c00000, 0x0000000085c00000, 0x0000000085d00000|  0%| F|  |TAMS 0x0000000085c00000, 0x0000000085c00000| Untracked 
|  93|0x0000000085d00000, 0x0000000085e00000, 0x0000000085e00000|100%| S|CS|TAMS 0x0000000085d00000, 0x0000000085d00000| Complete 
|  94|0x0000000085e00000, 0x0000000085f00000, 0x0000000085f00000|100%| S|CS|TAMS 0x0000000085e00000, 0x0000000085e00000| Complete 
|  95|0x0000000085f00000, 0x0000000086000000, 0x0000000086000000|100%| S|CS|TAMS 0x0000000085f00000, 0x0000000085f00000| Complete 
|  96|0x0000000086000000, 0x0000000086000000, 0x0000000086100000|  0%| F|  |TAMS 0x0000000086000000, 0x0000000086000000| Untracked 
|  97|0x0000000086100000, 0x0000000086100000, 0x0000000086200000|  0%| F|  |TAMS 0x0000000086100000, 0x0000000086100000| Untracked 
|  98|0x0000000086200000, 0x0000000086200000, 0x0000000086300000|  0%| F|  |TAMS 0x0000000086200000, 0x0000000086200000| Untracked 
|  99|0x0000000086300000, 0x0000000086300000, 0x0000000086400000|  0%| F|  |TAMS 0x0000000086300000, 0x0000000086300000| Untracked 
| 100|0x0000000086400000, 0x0000000086400000, 0x0000000086500000|  0%| F|  |TAMS 0x0000000086400000, 0x0000000086400000| Untracked 
| 101|0x0000000086500000, 0x0000000086500000, 0x0000000086600000|  0%| F|  |TAMS 0x0000000086500000, 0x0000000086500000| Untracked 
| 102|0x0000000086600000, 0x0000000086600000, 0x0000000086700000|  0%| F|  |TAMS 0x0000000086600000, 0x0000000086600000| Untracked 
| 103|0x0000000086700000, 0x0000000086700000, 0x0000000086800000|  0%| F|  |TAMS 0x0000000086700000, 0x0000000086700000| Untracked 
| 104|0x0000000086800000, 0x0000000086900000, 0x0000000086900000|100%| S|CS|TAMS 0x0000000086800000, 0x0000000086800000| Complete 
| 105|0x0000000086900000, 0x0000000086a00000, 0x0000000086a00000|100%| S|CS|TAMS 0x0000000086900000, 0x0000000086900000| Complete 
| 106|0x0000000086a00000, 0x0000000086b00000, 0x0000000086b00000|100%| S|CS|TAMS 0x0000000086a00000, 0x0000000086a00000| Complete 
| 107|0x0000000086b00000, 0x0000000086c00000, 0x0000000086c00000|100%| S|CS|TAMS 0x0000000086b00000, 0x0000000086b00000| Complete 
| 108|0x0000000086c00000, 0x0000000086c00000, 0x0000000086d00000|  0%| F|  |TAMS 0x0000000086c00000, 0x0000000086c00000| Untracked 
| 109|0x0000000086d00000, 0x0000000086d00000, 0x0000000086e00000|  0%| F|  |TAMS 0x0000000086d00000, 0x0000000086d00000| Untracked 
| 110|0x0000000086e00000, 0x0000000086e00000, 0x0000000086f00000|  0%| F|  |TAMS 0x0000000086e00000, 0x0000000086e00000| Untracked 
| 111|0x0000000086f00000, 0x0000000086f00000, 0x0000000087000000|  0%| F|  |TAMS 0x0000000086f00000, 0x0000000086f00000| Untracked 
| 112|0x0000000087000000, 0x0000000087000000, 0x0000000087100000|  0%| F|  |TAMS 0x0000000087000000, 0x0000000087000000| Untracked 
| 113|0x0000000087100000, 0x0000000087100000, 0x0000000087200000|  0%| F|  |TAMS 0x0000000087100000, 0x0000000087100000| Untracked 
| 114|0x0000000087200000, 0x0000000087200000, 0x0000000087300000|  0%| F|  |TAMS 0x0000000087200000, 0x0000000087200000| Untracked 
| 115|0x0000000087300000, 0x0000000087300000, 0x0000000087400000|  0%| F|  |TAMS 0x0000000087300000, 0x0000000087300000| Untracked 
| 116|0x0000000087400000, 0x0000000087400000, 0x0000000087500000|  0%| F|  |TAMS 0x0000000087400000, 0x0000000087400000| Untracked 
| 117|0x0000000087500000, 0x0000000087500000, 0x0000000087600000|  0%| F|  |TAMS 0x0000000087500000, 0x0000000087500000| Untracked 
| 118|0x0000000087600000, 0x0000000087600000, 0x0000000087700000|  0%| F|  |TAMS 0x0000000087600000, 0x0000000087600000| Untracked 
| 119|0x0000000087700000, 0x0000000087700000, 0x0000000087800000|  0%| F|  |TAMS 0x0000000087700000, 0x0000000087700000| Untracked 
| 120|0x0000000087800000, 0x0000000087800000, 0x0000000087900000|  0%| F|  |TAMS 0x0000000087800000, 0x0000000087800000| Untracked 
| 121|0x0000000087900000, 0x0000000087900000, 0x0000000087a00000|  0%| F|  |TAMS 0x0000000087900000, 0x0000000087900000| Untracked 
| 122|0x0000000087a00000, 0x0000000087a00000, 0x0000000087b00000|  0%| F|  |TAMS 0x0000000087a00000, 0x0000000087a00000| Untracked 
| 123|0x0000000087b00000, 0x0000000087b00000, 0x0000000087c00000|  0%| F|  |TAMS 0x0000000087b00000, 0x0000000087b00000| Untracked 
| 124|0x0000000087c00000, 0x0000000087c00000, 0x0000000087d00000|  0%| F|  |TAMS 0x0000000087c00000, 0x0000000087c00000| Untracked 
| 125|0x0000000087d00000, 0x0000000087d00000, 0x0000000087e00000|  0%| F|  |TAMS 0x0000000087d00000, 0x0000000087d00000| Untracked 
| 126|0x0000000087e00000, 0x0000000087e00000, 0x0000000087f00000|  0%| F|  |TAMS 0x0000000087e00000, 0x0000000087e00000| Untracked 
| 127|0x0000000087f00000, 0x0000000087f00000, 0x0000000088000000|  0%| F|  |TAMS 0x0000000087f00000, 0x0000000087f00000| Untracked 
| 128|0x0000000088000000, 0x0000000088000000, 0x0000000088100000|  0%| F|  |TAMS 0x0000000088000000, 0x0000000088000000| Untracked 
| 129|0x0000000088100000, 0x0000000088100000, 0x0000000088200000|  0%| F|  |TAMS 0x0000000088100000, 0x0000000088100000| Untracked 
| 130|0x0000000088200000, 0x0000000088200000, 0x0000000088300000|  0%| F|  |TAMS 0x0000000088200000, 0x0000000088200000| Untracked 
| 131|0x0000000088300000, 0x0000000088300000, 0x0000000088400000|  0%| F|  |TAMS 0x0000000088300000, 0x0000000088300000| Untracked 
| 132|0x0000000088400000, 0x0000000088400000, 0x0000000088500000|  0%| F|  |TAMS 0x0000000088400000, 0x0000000088400000| Untracked 
| 133|0x0000000088500000, 0x0000000088500000, 0x0000000088600000|  0%| F|  |TAMS 0x0000000088500000, 0x0000000088500000| Untracked 
| 134|0x0000000088600000, 0x0000000088600000, 0x0000000088700000|  0%| F|  |TAMS 0x0000000088600000, 0x0000000088600000| Untracked 
| 135|0x0000000088700000, 0x0000000088700000, 0x0000000088800000|  0%| F|  |TAMS 0x0000000088700000, 0x0000000088700000| Untracked 
| 136|0x0000000088800000, 0x0000000088800000, 0x0000000088900000|  0%| F|  |TAMS 0x0000000088800000, 0x0000000088800000| Untracked 
| 137|0x0000000088900000, 0x0000000088900000, 0x0000000088a00000|  0%| F|  |TAMS 0x0000000088900000, 0x0000000088900000| Untracked 
| 138|0x0000000088a00000, 0x0000000088a00000, 0x0000000088b00000|  0%| F|  |TAMS 0x0000000088a00000, 0x0000000088a00000| Untracked 
| 139|0x0000000088b00000, 0x0000000088b00000, 0x0000000088c00000|  0%| F|  |TAMS 0x0000000088b00000, 0x0000000088b00000| Untracked 
| 140|0x0000000088c00000, 0x0000000088c00000, 0x0000000088d00000|  0%| F|  |TAMS 0x0000000088c00000, 0x0000000088c00000| Untracked 
| 141|0x0000000088d00000, 0x0000000088d00000, 0x0000000088e00000|  0%| F|  |TAMS 0x0000000088d00000, 0x0000000088d00000| Untracked 
| 142|0x0000000088e00000, 0x0000000088e00000, 0x0000000088f00000|  0%| F|  |TAMS 0x0000000088e00000, 0x0000000088e00000| Untracked 
| 143|0x0000000088f00000, 0x0000000088f00000, 0x0000000089000000|  0%| F|  |TAMS 0x0000000088f00000, 0x0000000088f00000| Untracked 
| 144|0x0000000089000000, 0x0000000089000000, 0x0000000089100000|  0%| F|  |TAMS 0x0000000089000000, 0x0000000089000000| Untracked 
| 145|0x0000000089100000, 0x0000000089100000, 0x0000000089200000|  0%| F|  |TAMS 0x0000000089100000, 0x0000000089100000| Untracked 
| 146|0x0000000089200000, 0x0000000089200000, 0x0000000089300000|  0%| F|  |TAMS 0x0000000089200000, 0x0000000089200000| Untracked 
| 147|0x0000000089300000, 0x0000000089300000, 0x0000000089400000|  0%| F|  |TAMS 0x0000000089300000, 0x0000000089300000| Untracked 
| 148|0x0000000089400000, 0x0000000089400000, 0x0000000089500000|  0%| F|  |TAMS 0x0000000089400000, 0x0000000089400000| Untracked 
| 149|0x0000000089500000, 0x0000000089500000, 0x0000000089600000|  0%| F|  |TAMS 0x0000000089500000, 0x0000000089500000| Untracked 
| 150|0x0000000089600000, 0x0000000089600000, 0x0000000089700000|  0%| F|  |TAMS 0x0000000089600000, 0x0000000089600000| Untracked 
| 151|0x0000000089700000, 0x0000000089700000, 0x0000000089800000|  0%| F|  |TAMS 0x0000000089700000, 0x0000000089700000| Untracked 
| 152|0x0000000089800000, 0x0000000089800000, 0x0000000089900000|  0%| F|  |TAMS 0x0000000089800000, 0x0000000089800000| Untracked 
| 153|0x0000000089900000, 0x0000000089900000, 0x0000000089a00000|  0%| F|  |TAMS 0x0000000089900000, 0x0000000089900000| Untracked 
| 154|0x0000000089a00000, 0x0000000089a00000, 0x0000000089b00000|  0%| F|  |TAMS 0x0000000089a00000, 0x0000000089a00000| Untracked 
| 155|0x0000000089b00000, 0x0000000089b00000, 0x0000000089c00000|  0%| F|  |TAMS 0x0000000089b00000, 0x0000000089b00000| Untracked 
| 156|0x0000000089c00000, 0x0000000089c00000, 0x0000000089d00000|  0%| F|  |TAMS 0x0000000089c00000, 0x0000000089c00000| Untracked 
| 157|0x0000000089d00000, 0x0000000089d00000, 0x0000000089e00000|  0%| F|  |TAMS 0x0000000089d00000, 0x0000000089d00000| Untracked 
| 158|0x0000000089e00000, 0x0000000089e00000, 0x0000000089f00000|  0%| F|  |TAMS 0x0000000089e00000, 0x0000000089e00000| Untracked 
| 159|0x0000000089f00000, 0x0000000089f00000, 0x000000008a000000|  0%| F|  |TAMS 0x0000000089f00000, 0x0000000089f00000| Untracked 
| 160|0x000000008a000000, 0x000000008a000000, 0x000000008a100000|  0%| F|  |TAMS 0x000000008a000000, 0x000000008a000000| Untracked 
| 161|0x000000008a100000, 0x000000008a100000, 0x000000008a200000|  0%| F|  |TAMS 0x000000008a100000, 0x000000008a100000| Untracked 
| 162|0x000000008a200000, 0x000000008a200000, 0x000000008a300000|  0%| F|  |TAMS 0x000000008a200000, 0x000000008a200000| Untracked 
| 163|0x000000008a300000, 0x000000008a300000, 0x000000008a400000|  0%| F|  |TAMS 0x000000008a300000, 0x000000008a300000| Untracked 
| 164|0x000000008a400000, 0x000000008a400000, 0x000000008a500000|  0%| F|  |TAMS 0x000000008a400000, 0x000000008a400000| Untracked 
| 165|0x000000008a500000, 0x000000008a500000, 0x000000008a600000|  0%| F|  |TAMS 0x000000008a500000, 0x000000008a500000| Untracked 
| 166|0x000000008a600000, 0x000000008a600000, 0x000000008a700000|  0%| F|  |TAMS 0x000000008a600000, 0x000000008a600000| Untracked 
| 167|0x000000008a700000, 0x000000008a700000, 0x000000008a800000|  0%| F|  |TAMS 0x000000008a700000, 0x000000008a700000| Untracked 
| 168|0x000000008a800000, 0x000000008a800000, 0x000000008a900000|  0%| F|  |TAMS 0x000000008a800000, 0x000000008a800000| Untracked 
| 169|0x000000008a900000, 0x000000008a900000, 0x000000008aa00000|  0%| F|  |TAMS 0x000000008a900000, 0x000000008a900000| Untracked 
| 170|0x000000008aa00000, 0x000000008aa00000, 0x000000008ab00000|  0%| F|  |TAMS 0x000000008aa00000, 0x000000008aa00000| Untracked 
| 171|0x000000008ab00000, 0x000000008ab00000, 0x000000008ac00000|  0%| F|  |TAMS 0x000000008ab00000, 0x000000008ab00000| Untracked 
| 172|0x000000008ac00000, 0x000000008ac00000, 0x000000008ad00000|  0%| F|  |TAMS 0x000000008ac00000, 0x000000008ac00000| Untracked 
| 173|0x000000008ad00000, 0x000000008ad00000, 0x000000008ae00000|  0%| F|  |TAMS 0x000000008ad00000, 0x000000008ad00000| Untracked 
| 174|0x000000008ae00000, 0x000000008ae00000, 0x000000008af00000|  0%| F|  |TAMS 0x000000008ae00000, 0x000000008ae00000| Untracked 
| 175|0x000000008af00000, 0x000000008af00000, 0x000000008b000000|  0%| F|  |TAMS 0x000000008af00000, 0x000000008af00000| Untracked 
| 176|0x000000008b000000, 0x000000008b000000, 0x000000008b100000|  0%| F|  |TAMS 0x000000008b000000, 0x000000008b000000| Untracked 
| 177|0x000000008b100000, 0x000000008b100000, 0x000000008b200000|  0%| F|  |TAMS 0x000000008b100000, 0x000000008b100000| Untracked 
| 178|0x000000008b200000, 0x000000008b200000, 0x000000008b300000|  0%| F|  |TAMS 0x000000008b200000, 0x000000008b200000| Untracked 
| 179|0x000000008b300000, 0x000000008b300000, 0x000000008b400000|  0%| F|  |TAMS 0x000000008b300000, 0x000000008b300000| Untracked 
| 180|0x000000008b400000, 0x000000008b400000, 0x000000008b500000|  0%| F|  |TAMS 0x000000008b400000, 0x000000008b400000| Untracked 
| 181|0x000000008b500000, 0x000000008b500000, 0x000000008b600000|  0%| F|  |TAMS 0x000000008b500000, 0x000000008b500000| Untracked 
| 182|0x000000008b600000, 0x000000008b600000, 0x000000008b700000|  0%| F|  |TAMS 0x000000008b600000, 0x000000008b600000| Untracked 
| 183|0x000000008b700000, 0x000000008b700000, 0x000000008b800000|  0%| F|  |TAMS 0x000000008b700000, 0x000000008b700000| Untracked 
| 184|0x000000008b800000, 0x000000008b800000, 0x000000008b900000|  0%| F|  |TAMS 0x000000008b800000, 0x000000008b800000| Untracked 
| 185|0x000000008b900000, 0x000000008b900000, 0x000000008ba00000|  0%| F|  |TAMS 0x000000008b900000, 0x000000008b900000| Untracked 
| 186|0x000000008ba00000, 0x000000008ba00000, 0x000000008bb00000|  0%| F|  |TAMS 0x000000008ba00000, 0x000000008ba00000| Untracked 
| 187|0x000000008bb00000, 0x000000008bb00000, 0x000000008bc00000|  0%| F|  |TAMS 0x000000008bb00000, 0x000000008bb00000| Untracked 
| 188|0x000000008bc00000, 0x000000008bc00000, 0x000000008bd00000|  0%| F|  |TAMS 0x000000008bc00000, 0x000000008bc00000| Untracked 
| 189|0x000000008bd00000, 0x000000008bd00000, 0x000000008be00000|  0%| F|  |TAMS 0x000000008bd00000, 0x000000008bd00000| Untracked 
| 190|0x000000008be00000, 0x000000008be00000, 0x000000008bf00000|  0%| F|  |TAMS 0x000000008be00000, 0x000000008be00000| Untracked 
| 191|0x000000008bf00000, 0x000000008bf00000, 0x000000008c000000|  0%| F|  |TAMS 0x000000008bf00000, 0x000000008bf00000| Untracked 
| 192|0x000000008c000000, 0x000000008c000000, 0x000000008c100000|  0%| F|  |TAMS 0x000000008c000000, 0x000000008c000000| Untracked 
| 193|0x000000008c100000, 0x000000008c100000, 0x000000008c200000|  0%| F|  |TAMS 0x000000008c100000, 0x000000008c100000| Untracked 
| 194|0x000000008c200000, 0x000000008c200000, 0x000000008c300000|  0%| F|  |TAMS 0x000000008c200000, 0x000000008c200000| Untracked 
| 195|0x000000008c300000, 0x000000008c300000, 0x000000008c400000|  0%| F|  |TAMS 0x000000008c300000, 0x000000008c300000| Untracked 
| 196|0x000000008c400000, 0x000000008c400000, 0x000000008c500000|  0%| F|  |TAMS 0x000000008c400000, 0x000000008c400000| Untracked 
| 197|0x000000008c500000, 0x000000008c500000, 0x000000008c600000|  0%| F|  |TAMS 0x000000008c500000, 0x000000008c500000| Untracked 
| 198|0x000000008c600000, 0x000000008c600000, 0x000000008c700000|  0%| F|  |TAMS 0x000000008c600000, 0x000000008c600000| Untracked 
| 199|0x000000008c700000, 0x000000008c700000, 0x000000008c800000|  0%| F|  |TAMS 0x000000008c700000, 0x000000008c700000| Untracked 
| 200|0x000000008c800000, 0x000000008c800000, 0x000000008c900000|  0%| F|  |TAMS 0x000000008c800000, 0x000000008c800000| Untracked 
| 201|0x000000008c900000, 0x000000008c900000, 0x000000008ca00000|  0%| F|  |TAMS 0x000000008c900000, 0x000000008c900000| Untracked 
| 202|0x000000008ca00000, 0x000000008ca00000, 0x000000008cb00000|  0%| F|  |TAMS 0x000000008ca00000, 0x000000008ca00000| Untracked 
| 203|0x000000008cb00000, 0x000000008cbf7b58, 0x000000008cc00000| 96%| E|  |TAMS 0x000000008cb00000, 0x000000008cb00000| Complete 
| 204|0x000000008cc00000, 0x000000008cd00000, 0x000000008cd00000|100%| E|CS|TAMS 0x000000008cc00000, 0x000000008cc00000| Complete 
| 205|0x000000008cd00000, 0x000000008ce00000, 0x000000008ce00000|100%| E|CS|TAMS 0x000000008cd00000, 0x000000008cd00000| Complete 
| 206|0x000000008ce00000, 0x000000008cf00000, 0x000000008cf00000|100%| E|  |TAMS 0x000000008ce00000, 0x000000008ce00000| Complete 
| 207|0x000000008cf00000, 0x000000008d000000, 0x000000008d000000|100%| E|CS|TAMS 0x000000008cf00000, 0x000000008cf00000| Complete 
| 208|0x000000008d000000, 0x000000008d100000, 0x000000008d100000|100%| E|CS|TAMS 0x000000008d000000, 0x000000008d000000| Complete 
| 209|0x000000008d100000, 0x000000008d200000, 0x000000008d200000|100%| E|CS|TAMS 0x000000008d100000, 0x000000008d100000| Complete 
| 210|0x000000008d200000, 0x000000008d300000, 0x000000008d300000|100%| E|CS|TAMS 0x000000008d200000, 0x000000008d200000| Complete 
| 211|0x000000008d300000, 0x000000008d400000, 0x000000008d400000|100%| E|CS|TAMS 0x000000008d300000, 0x000000008d300000| Complete 
| 212|0x000000008d400000, 0x000000008d500000, 0x000000008d500000|100%| E|CS|TAMS 0x000000008d400000, 0x000000008d400000| Complete 
| 213|0x000000008d500000, 0x000000008d600000, 0x000000008d600000|100%| E|CS|TAMS 0x000000008d500000, 0x000000008d500000| Complete 
| 214|0x000000008d600000, 0x000000008d700000, 0x000000008d700000|100%| E|CS|TAMS 0x000000008d600000, 0x000000008d600000| Complete 
| 215|0x000000008d700000, 0x000000008d800000, 0x000000008d800000|100%| E|CS|TAMS 0x000000008d700000, 0x000000008d700000| Complete 
| 216|0x000000008d800000, 0x000000008d900000, 0x000000008d900000|100%| E|CS|TAMS 0x000000008d800000, 0x000000008d800000| Complete 
| 217|0x000000008d900000, 0x000000008da00000, 0x000000008da00000|100%| E|CS|TAMS 0x000000008d900000, 0x000000008d900000| Complete 
| 218|0x000000008da00000, 0x000000008db00000, 0x000000008db00000|100%| E|CS|TAMS 0x000000008da00000, 0x000000008da00000| Complete 
| 219|0x000000008db00000, 0x000000008dc00000, 0x000000008dc00000|100%| E|CS|TAMS 0x000000008db00000, 0x000000008db00000| Complete 
| 220|0x000000008dc00000, 0x000000008dd00000, 0x000000008dd00000|100%| E|CS|TAMS 0x000000008dc00000, 0x000000008dc00000| Complete 
| 221|0x000000008dd00000, 0x000000008de00000, 0x000000008de00000|100%| E|CS|TAMS 0x000000008dd00000, 0x000000008dd00000| Complete 

Card table byte_map: [0x000001e47ef30000,0x000001e47f330000] _byte_map_base: 0x000001e47eb30000

Marking Bits (Prev, Next): (CMBitMap*) 0x000001e47b04e188, (CMBitMap*) 0x000001e47b04e1c0
 Prev Bits: [0x000001e40f000000, 0x000001e411000000)
 Next Bits: [0x000001e411000000, 0x000001e413000000)

Polling page: 0x000001e478ff0000

Metaspace:

Usage:
  Non-class:     72.01 MB capacity,    70.90 MB ( 98%) used,   936.58 KB (  1%) free+waste,   205.88 KB ( <1%) overhead. 
      Class:     11.08 MB capacity,    10.41 MB ( 94%) used,   589.41 KB (  5%) free+waste,    94.19 KB ( <1%) overhead. 
       Both:     83.09 MB capacity,    81.31 MB ( 98%) used,     1.49 MB (  2%) free+waste,   300.06 KB ( <1%) overhead. 

Virtual space:
  Non-class space:       74.00 MB reserved,      72.17 MB ( 98%) committed 
      Class space:        1.00 GB reserved,      11.16 MB (  1%) committed 
             Both:        1.07 GB reserved,      83.33 MB (  8%) committed 

Chunk freelists:
   Non-Class:  32.00 KB
       Class:  0 bytes
        Both:  32.00 KB

MaxMetaspaceSize: 17179869184.00 GB
CompressedClassSpaceSize: 1.00 GB
Initial GC threshold: 20.80 MB
Current GC threshold: 110.13 MB
CDS: off

CodeHeap 'non-profiled nmethods': size=120064Kb used=4687Kb max_used=4687Kb free=115377Kb
 bounds [0x000001e407ac0000, 0x000001e407f60000, 0x000001e40f000000]
CodeHeap 'profiled nmethods': size=120000Kb used=17486Kb max_used=17486Kb free=102513Kb
 bounds [0x000001e400590000, 0x000001e4016b0000, 0x000001e407ac0000]
CodeHeap 'non-nmethods': size=5696Kb used=2361Kb max_used=2426Kb free=3334Kb
 bounds [0x000001e400000000, 0x000001e400270000, 0x000001e400590000]
 total_blobs=9046 nmethods=8167 adapters=791
 compilation: enabled
              stopped_count=0, restarted_count=0
 full_count=0

Compilation events (20 events):
Event: 19.005 Thread 0x000001e47fc36000 8279       3       java.io.ObjectInputStream$PeekInputStream::read (47 bytes)
Event: 19.006 Thread 0x000001e47fc36000 nmethod 8279 0x000001e40169be10 code [0x000001e40169bfe0, 0x000001e40169c268]
Event: 19.006 Thread 0x000001e47fc36000 8277       3       java.io.ObjectInputStream$PeekInputStream::peek (49 bytes)
Event: 19.006 Thread 0x000001e47fc36000 nmethod 8277 0x000001e40169c310 code [0x000001e40169c4e0, 0x000001e40169c768]
Event: 19.006 Thread 0x000001e47fc36000 8278       3       java.io.Bits::getShort (18 bytes)
Event: 19.006 Thread 0x000001e47fc36000 nmethod 8278 0x000001e40169c810 code [0x000001e40169c9c0, 0x000001e40169caf8]
Event: 19.006 Thread 0x000001e47fc36000 8275       1       java.io.ObjectInputStream$BlockDataInputStream::getBlockDataMode (5 bytes)
Event: 19.006 Thread 0x000001e47fc36000 nmethod 8275 0x000001e407f51f90 code [0x000001e407f52140, 0x000001e407f521f8]
Event: 19.006 Thread 0x000001e47fc36000 8276   !   3       java.io.ObjectStreamClass::lookup (334 bytes)
Event: 19.010 Thread 0x000001e47fc36000 nmethod 8276 0x000001e40169cc10 code [0x000001e40169d160, 0x000001e4016a0588]
Event: 19.010 Thread 0x000001e47fc36000 8281       3       java.io.ObjectInputStream$BlockDataInputStream::peekByte (20 bytes)
Event: 19.011 Thread 0x000001e47fc36000 nmethod 8281 0x000001e4016a1310 code [0x000001e4016a14e0, 0x000001e4016a16f8]
Event: 19.011 Thread 0x000001e47fc36000 8282       3       java.io.ObjectInputStream$BlockDataInputStream::peek (55 bytes)
Event: 19.011 Thread 0x000001e47fc36000 nmethod 8282 0x000001e4016a1810 code [0x000001e4016a19e0, 0x000001e4016a1c78]
Event: 19.016 Thread 0x000001e47fc31800 nmethod 8264 0x000001e407f52290 code [0x000001e407f52420, 0x000001e407f52898]
Event: 19.016 Thread 0x000001e47fc31800 8283       4       org.objectweb.asm.Type::getOpcode (284 bytes)
Event: 19.017 Thread 0x000001e47fc31800 nmethod 8283 0x000001e407f52a90 code [0x000001e407f52c20, 0x000001e407f52d58]
Event: 19.017 Thread 0x000001e47fc31800 8233       4       java.util.Collections$UnmodifiableList::get (11 bytes)
Event: 19.018 Thread 0x000001e47fc31800 nmethod 8233 0x000001e407f52e90 code [0x000001e407f53040, 0x000001e407f53158]
Event: 19.018 Thread 0x000001e47fc31800 8246       4       com.google.common.collect.RegularImmutableMap::makeImmutable (44 bytes)

GC Heap History (20 events):
Event: 5.903 GC heap before
{Heap before GC invocations=6 (full 0):
 garbage-first heap   total 157696K, used 70852K [0x0000000080000000, 0x0000000100000000)
  region size 1024K, 58 young (59392K), 6 survivors (6144K)
 Metaspace       used 26524K, capacity 27091K, committed 27132K, reserved 1073152K
  class space    used 3420K, capacity 3640K, committed 3660K, reserved 1048576K
}
Event: 5.914 GC heap after
{Heap after GC invocations=7 (full 0):
 garbage-first heap   total 157696K, used 19860K [0x0000000080000000, 0x0000000100000000)
  region size 1024K, 4 young (4096K), 4 survivors (4096K)
 Metaspace       used 26524K, capacity 27091K, committed 27132K, reserved 1073152K
  class space    used 3420K, capacity 3640K, committed 3660K, reserved 1048576K
}
Event: 7.172 GC heap before
{Heap before GC invocations=7 (full 0):
 garbage-first heap   total 157696K, used 82324K [0x0000000080000000, 0x0000000100000000)
  region size 1024K, 66 young (67584K), 4 survivors (4096K)
 Metaspace       used 35176K, capacity 35935K, committed 35964K, reserved 1081344K
  class space    used 4502K, capacity 4803K, committed 4812K, reserved 1048576K
}
Event: 7.190 GC heap after
{Heap after GC invocations=8 (full 0):
 garbage-first heap   total 157696K, used 22827K [0x0000000080000000, 0x0000000100000000)
  region size 1024K, 7 young (7168K), 7 survivors (7168K)
 Metaspace       used 35176K, capacity 35935K, committed 35964K, reserved 1081344K
  class space    used 4502K, capacity 4803K, committed 4812K, reserved 1048576K
}
Event: 8.858 GC heap before
{Heap before GC invocations=9 (full 0):
 garbage-first heap   total 157696K, used 111915K [0x0000000080000000, 0x0000000100000000)
  region size 1024K, 92 young (94208K), 7 survivors (7168K)
 Metaspace       used 42225K, capacity 43222K, committed 43388K, reserved 1087488K
  class space    used 5368K, capacity 5767K, committed 5836K, reserved 1048576K
}
Event: 8.879 GC heap after
{Heap after GC invocations=10 (full 0):
 garbage-first heap   total 157696K, used 28846K [0x0000000080000000, 0x0000000100000000)
  region size 1024K, 12 young (12288K), 12 survivors (12288K)
 Metaspace       used 42225K, capacity 43222K, committed 43388K, reserved 1087488K
  class space    used 5368K, capacity 5767K, committed 5836K, reserved 1048576K
}
Event: 10.501 GC heap before
{Heap before GC invocations=10 (full 0):
 garbage-first heap   total 157696K, used 110766K [0x0000000080000000, 0x0000000100000000)
  region size 1024K, 92 young (94208K), 12 survivors (12288K)
 Metaspace       used 48148K, capacity 49275K, committed 49532K, reserved 1091584K
  class space    used 6081K, capacity 6506K, committed 6604K, reserved 1048576K
}
Event: 10.523 GC heap after
{Heap after GC invocations=11 (full 0):
 garbage-first heap   total 157696K, used 31571K [0x0000000080000000, 0x0000000100000000)
  region size 1024K, 9 young (9216K), 9 survivors (9216K)
 Metaspace       used 48148K, capacity 49275K, committed 49532K, reserved 1091584K
  class space    used 6081K, capacity 6506K, committed 6604K, reserved 1048576K
}
Event: 12.285 GC heap before
{Heap before GC invocations=11 (full 0):
 garbage-first heap   total 157696K, used 120659K [0x0000000080000000, 0x0000000100000000)
  region size 1024K, 92 young (94208K), 9 survivors (9216K)
 Metaspace       used 57339K, capacity 58734K, committed 58876K, reserved 1099776K
  class space    used 7140K, capacity 7682K, committed 7756K, reserved 1048576K
}
Event: 12.307 GC heap after
{Heap after GC invocations=12 (full 0):
 garbage-first heap   total 189440K, used 44441K [0x0000000080000000, 0x0000000100000000)
  region size 1024K, 12 young (12288K), 12 survivors (12288K)
 Metaspace       used 57339K, capacity 58734K, committed 58876K, reserved 1099776K
  class space    used 7140K, capacity 7682K, committed 7756K, reserved 1048576K
}
Event: 12.605 GC heap before
{Heap before GC invocations=12 (full 0):
 garbage-first heap   total 189440K, used 56729K [0x0000000080000000, 0x0000000100000000)
  region size 1024K, 25 young (25600K), 12 survivors (12288K)
 Metaspace       used 58811K, capacity 60227K, committed 60368K, reserved 1101824K
  class space    used 7355K, capacity 7879K, committed 7968K, reserved 1048576K
}
Event: 12.634 GC heap after
{Heap after GC invocations=13 (full 0):
 garbage-first heap   total 189440K, used 45489K [0x0000000080000000, 0x0000000100000000)
  region size 1024K, 2 young (2048K), 2 survivors (2048K)
 Metaspace       used 58811K, capacity 60227K, committed 60368K, reserved 1101824K
  class space    used 7355K, capacity 7879K, committed 7968K, reserved 1048576K
}
Event: 14.348 GC heap before
{Heap before GC invocations=14 (full 0):
 garbage-first heap   total 189440K, used 133553K [0x0000000080000000, 0x0000000100000000)
  region size 1024K, 81 young (82944K), 2 survivors (2048K)
 Metaspace       used 65594K, capacity 67094K, committed 67408K, reserved 1107968K
  class space    used 8195K, capacity 8767K, committed 8864K, reserved 1048576K
}
Event: 14.366 GC heap after
{Heap after GC invocations=15 (full 0):
 garbage-first heap   total 189440K, used 52084K [0x0000000080000000, 0x0000000100000000)
  region size 1024K, 8 young (8192K), 8 survivors (8192K)
 Metaspace       used 65594K, capacity 67094K, committed 67408K, reserved 1107968K
  class space    used 8195K, capacity 8767K, committed 8864K, reserved 1048576K
}
Event: 15.557 GC heap before
{Heap before GC invocations=16 (full 0):
 garbage-first heap   total 189440K, used 131956K [0x0000000080000000, 0x0000000100000000)
  region size 1024K, 86 young (88064K), 8 survivors (8192K)
 Metaspace       used 68915K, capacity 70558K, committed 70736K, reserved 1110016K
  class space    used 8657K, capacity 9273K, committed 9376K, reserved 1048576K
}
Event: 15.581 GC heap after
{Heap after GC invocations=17 (full 0):
 garbage-first heap   total 189440K, used 57293K [0x0000000080000000, 0x0000000100000000)
  region size 1024K, 6 young (6144K), 6 survivors (6144K)
 Metaspace       used 68915K, capacity 70558K, committed 70736K, reserved 1110016K
  class space    used 8657K, capacity 9273K, committed 9376K, reserved 1048576K
}
Event: 16.871 GC heap before
{Heap before GC invocations=17 (full 0):
 garbage-first heap   total 189440K, used 137165K [0x0000000080000000, 0x0000000100000000)
  region size 1024K, 84 young (86016K), 6 survivors (6144K)
 Metaspace       used 74052K, capacity 75698K, committed 75856K, reserved 1116160K
  class space    used 9514K, capacity 10142K, committed 10144K, reserved 1048576K
}
Event: 16.892 GC heap after
{Heap after GC invocations=18 (full 0):
 garbage-first heap   total 189440K, used 62464K [0x0000000080000000, 0x0000000100000000)
  region size 1024K, 11 young (11264K), 11 survivors (11264K)
 Metaspace       used 74052K, capacity 75698K, committed 75856K, reserved 1116160K
  class space    used 9514K, capacity 10142K, committed 10144K, reserved 1048576K
}
Event: 18.580 GC heap before
{Heap before GC invocations=18 (full 0):
 garbage-first heap   total 189440K, used 141312K [0x0000000080000000, 0x0000000100000000)
  region size 1024K, 88 young (90112K), 11 survivors (11264K)
 Metaspace       used 81218K, capacity 82973K, committed 83024K, reserved 1122304K
  class space    used 10481K, capacity 11130K, committed 11168K, reserved 1048576K
}
Event: 18.618 GC heap after
{Heap after GC invocations=19 (full 0):
 garbage-first heap   total 227328K, used 67726K [0x0000000080000000, 0x0000000100000000)
  region size 1024K, 11 young (11264K), 11 survivors (11264K)
 Metaspace       used 81218K, capacity 82973K, committed 83024K, reserved 1122304K
  class space    used 10481K, capacity 11130K, committed 11168K, reserved 1048576K
}

Deoptimization events (20 events):
Event: 18.710 Thread 0x000001e417415000 Uncommon trap: trap_request=0xffffffc6 fr.pc=0x000001e407d8a838 relative=0x0000000000000158
Event: 18.710 Thread 0x000001e417415000 Uncommon trap: reason=bimorphic_or_optimized_type_check action=maybe_recompile pc=0x000001e407d8a838 method=com.google.common.collect.AbstractIndexedListIterator.next()Ljava/lang/Object; @ 27 c2
Event: 18.710 Thread 0x000001e417415000 DEOPT PACKING pc=0x000001e407d8a838 sp=0x00000092f93fb930
Event: 18.710 Thread 0x000001e417415000 DEOPT UNPACKING pc=0x000001e40004a1af sp=0x00000092f93fb8c8 mode 2
Event: 18.712 Thread 0x000001e417415000 Uncommon trap: trap_request=0xffffffc6 fr.pc=0x000001e407d8a838 relative=0x0000000000000158
Event: 18.712 Thread 0x000001e417415000 Uncommon trap: reason=bimorphic_or_optimized_type_check action=maybe_recompile pc=0x000001e407d8a838 method=com.google.common.collect.AbstractIndexedListIterator.next()Ljava/lang/Object; @ 27 c2
Event: 18.712 Thread 0x000001e417415000 DEOPT PACKING pc=0x000001e407d8a838 sp=0x00000092f93fb930
Event: 18.712 Thread 0x000001e417415000 DEOPT UNPACKING pc=0x000001e40004a1af sp=0x00000092f93fb8c8 mode 2
Event: 18.712 Thread 0x000001e417415000 Uncommon trap: trap_request=0xffffffc6 fr.pc=0x000001e407d8a838 relative=0x0000000000000158
Event: 18.712 Thread 0x000001e417415000 Uncommon trap: reason=bimorphic_or_optimized_type_check action=maybe_recompile pc=0x000001e407d8a838 method=com.google.common.collect.AbstractIndexedListIterator.next()Ljava/lang/Object; @ 27 c2
Event: 18.712 Thread 0x000001e417415000 DEOPT PACKING pc=0x000001e407d8a838 sp=0x00000092f93fb930
Event: 18.712 Thread 0x000001e417415000 DEOPT UNPACKING pc=0x000001e40004a1af sp=0x00000092f93fb8c8 mode 2
Event: 18.712 Thread 0x000001e417415000 Uncommon trap: trap_request=0xffffffc6 fr.pc=0x000001e407d8a838 relative=0x0000000000000158
Event: 18.712 Thread 0x000001e417415000 Uncommon trap: reason=bimorphic_or_optimized_type_check action=maybe_recompile pc=0x000001e407d8a838 method=com.google.common.collect.AbstractIndexedListIterator.next()Ljava/lang/Object; @ 27 c2
Event: 18.712 Thread 0x000001e417415000 DEOPT PACKING pc=0x000001e407d8a838 sp=0x00000092f93fb930
Event: 18.712 Thread 0x000001e417415000 DEOPT UNPACKING pc=0x000001e40004a1af sp=0x00000092f93fb8c8 mode 2
Event: 18.720 Thread 0x000001e417415000 Uncommon trap: trap_request=0xffffff4d fr.pc=0x000001e407ee1504 relative=0x00000000000028e4
Event: 18.720 Thread 0x000001e417415000 Uncommon trap: reason=unstable_if action=reinterpret pc=0x000001e407ee1504 method=java.util.TreeMap.put(Ljava/lang/Object;Ljava/lang/Object;)Ljava/lang/Object; @ 163 c2
Event: 18.720 Thread 0x000001e417415000 DEOPT PACKING pc=0x000001e407ee1504 sp=0x00000092f93fb700
Event: 18.720 Thread 0x000001e417415000 DEOPT UNPACKING pc=0x000001e40004a1af sp=0x00000092f93fb6c0 mode 2

Classes redefined (0 events):
No events

Internal exceptions (20 events):
Event: 17.854 Thread 0x000001e417415000 Implicit null exception at 0x000001e407e307eb to 0x000001e407e321f8
Event: 18.119 Thread 0x000001e417415000 Exception <a 'java/lang/NoSuchMethodError'{0x0000000087d17e18}: 'int java.lang.invoke.DirectMethodHandle$Holder.invokeStatic(java.lang.Object, java.lang.Object, int, java.lang.Object)'> (0x0000000087d17e18) thrown at [./src/hotspot/share/interpreter/linkResolver.cpp, line 773]
Event: 18.201 Thread 0x000001e417415000 Exception <a 'sun/nio/fs/WindowsException'{0x0000000087c4a610}> (0x0000000087c4a610) thrown at [./src/hotspot/share/prims/jni.cpp, line 616]
Event: 18.203 Thread 0x000001e417415000 Exception <a 'sun/nio/fs/WindowsException'{0x0000000087c4bc40}> (0x0000000087c4bc40) thrown at [./src/hotspot/share/prims/jni.cpp, line 616]
Event: 18.203 Thread 0x000001e417415000 Exception <a 'sun/nio/fs/WindowsException'{0x0000000087c4d2a8}> (0x0000000087c4d2a8) thrown at [./src/hotspot/share/prims/jni.cpp, line 616]
Event: 18.203 Thread 0x000001e417415000 Exception <a 'sun/nio/fs/WindowsException'{0x0000000087c4e910}> (0x0000000087c4e910) thrown at [./src/hotspot/share/prims/jni.cpp, line 616]
Event: 18.424 Thread 0x000001e417415000 Exception <a 'java/lang/ClassNotFoundException'{0x00000000874d1028}: com/google/gms/googleservices/GoogleServicesTask_DecoratedBeanInfo> (0x00000000874d1028) thrown at [./src/hotspot/share/classfile/systemDictionary.cpp, line 231]
Event: 18.425 Thread 0x000001e417415000 Exception <a 'java/lang/ClassNotFoundException'{0x00000000874ef538}: com/google/gms/googleservices/GoogleServicesTask_DecoratedCustomizer> (0x00000000874ef538) thrown at [./src/hotspot/share/classfile/systemDictionary.cpp, line 231]
Event: 18.433 Thread 0x000001e417415000 Exception <a 'java/lang/ClassNotFoundException'{0x000000008736d470}: org/gradle/api/internal/file/DefaultFilePropertyFactory$DefaultDirectoryVarBeanInfo> (0x000000008736d470) thrown at [./src/hotspot/share/classfile/systemDictionary.cpp, line 231]
Event: 18.434 Thread 0x000001e417415000 Exception <a 'java/lang/ClassNotFoundException'{0x000000008738b1e8}: org/gradle/api/internal/file/DefaultFilePropertyFactory$AbstractFileVarBeanInfo> (0x000000008738b1e8) thrown at [./src/hotspot/share/classfile/systemDictionary.cpp, line 231]
Event: 18.434 Thread 0x000001e417415000 Exception <a 'java/lang/ClassNotFoundException'{0x00000000873a8d30}: org/gradle/api/internal/file/DefaultFilePropertyFactory$AbstractFileVarCustomizer> (0x00000000873a8d30) thrown at [./src/hotspot/share/classfile/systemDictionary.cpp, line 231]
Event: 18.437 Thread 0x000001e417415000 Exception <a 'java/lang/ClassNotFoundException'{0x00000000872076b8}: org/gradle/api/internal/file/DefaultFilePropertyFactory$DefaultDirectoryVarCustomizer> (0x00000000872076b8) thrown at [./src/hotspot/share/classfile/systemDictionary.cpp, line 231]
Event: 18.446 Thread 0x000001e417415000 Exception <a 'java/lang/ClassNotFoundException'{0x00000000872fe830}: org/gradle/api/internal/file/collections/DefaultConfigurableFileCollectionBeanInfo> (0x00000000872fe830) thrown at [./src/hotspot/share/classfile/systemDictionary.cpp, line 231]
Event: 18.447 Thread 0x000001e417415000 Exception <a 'java/lang/ClassNotFoundException'{0x0000000087119cf8}: org/gradle/api/internal/file/CompositeFileCollectionBeanInfo> (0x0000000087119cf8) thrown at [./src/hotspot/share/classfile/systemDictionary.cpp, line 231]
Event: 18.447 Thread 0x000001e417415000 Exception <a 'java/lang/ClassNotFoundException'{0x0000000087134f28}: org/gradle/api/internal/file/CompositeFileCollectionCustomizer> (0x0000000087134f28) thrown at [./src/hotspot/share/classfile/systemDictionary.cpp, line 231]
Event: 18.448 Thread 0x000001e417415000 Exception <a 'java/lang/ClassNotFoundException'{0x000000008715c008}: org/gradle/api/internal/file/collections/DefaultConfigurableFileCollectionCustomizer> (0x000000008715c008) thrown at [./src/hotspot/share/classfile/systemDictionary.cpp, line 231]
Event: 18.775 Thread 0x000001e417415000 Exception <a 'java/lang/NoSuchMethodError'{0x000000008daba7b0}: 'java.lang.Object java.lang.invoke.Invokers$Holder.linkToTargetMethod(java.lang.Object, java.lang.Object, java.lang.Object, int, java.lang.Object, java.lang.Object)'> (0x000000008daba7b0) thrown at [./src/hotspot/share/interpreter/linkResolver.cpp, line 773]
Event: 18.970 Thread 0x000001e417415000 Exception <a 'java/lang/NoSuchMethodError'{0x000000008cf65f58}: <clinit>> (0x000000008cf65f58) thrown at [./src/hotspot/share/prims/jni.cpp, line 1366]
Event: 18.983 Thread 0x000001e417415000 Exception <a 'java/lang/NoSuchMethodError'{0x000000008cfb0f60}: <clinit>> (0x000000008cfb0f60) thrown at [./src/hotspot/share/prims/jni.cpp, line 1366]
Event: 18.989 Thread 0x000001e417415000 Exception <a 'java/lang/NoSuchMethodError'{0x000000008cfe7520}: 'void java.lang.invoke.DirectMethodHandle$Holder.invokeSpecial(java.lang.Object, java.lang.Object, java.lang.Object, int)'> (0x000000008cfe7520) thrown at [./src/hotspot/share/interpreter/linkResolver.cpp, line 773]

Events (20 events):
Event: 18.992 loading class java/io/ObjectInputFilter
Event: 18.992 loading class java/io/ObjectInputFilter done
Event: 18.992 loading class jdk/internal/misc/JavaObjectInputFilterAccess
Event: 18.992 loading class jdk/internal/misc/JavaObjectInputFilterAccess done
Event: 18.993 loading class java/io/ObjectInputStream$FieldValues
Event: 18.993 loading class java/io/ObjectInputStream$FieldValues done
Event: 18.994 loading class java/io/ObjectInputStream$GetFieldImpl
Event: 18.995 loading class java/io/ObjectInputStream$GetField
Event: 18.995 loading class java/io/ObjectInputStream$GetField done
Event: 18.995 loading class java/io/ObjectInputStream$GetFieldImpl done
Event: 18.996 loading class java/util/HashMap$UnsafeHolder
Event: 18.996 loading class java/util/HashMap$UnsafeHolder done
Event: 19.008 loading class com/android/build/gradle/internal/profile/TaskProfilingRecord
Event: 19.008 loading class com/android/build/gradle/internal/profile/TaskProfilingRecord done
Event: 19.009 loading class com/android/build/gradle/internal/profile/WorkerProfilingRecord
Event: 19.009 loading class com/android/build/gradle/internal/profile/WorkerProfilingRecord done
Event: 19.009 loading class org/gradle/tooling/events/FinishEvent
Event: 19.009 loading class org/gradle/tooling/events/FinishEvent done
Event: 19.010 loading class com/google/wireless/android/sdk/stats/AndroidStudioEvent$Builder
Event: 19.010 loading class com/google/wireless/android/sdk/stats/AndroidStudioEvent$Builder done


Dynamic libraries:
0x00007ff742150000 - 0x00007ff74215a000 	C:\Program Files\Android\Android Studio\jre\bin\java.exe
0x00007ff8f8710000 - 0x00007ff8f8908000 	C:\Windows\SYSTEM32\ntdll.dll
0x00007ff8f7230000 - 0x00007ff8f72ef000 	C:\Windows\System32\KERNEL32.DLL
0x00007ff8f62a0000 - 0x00007ff8f6596000 	C:\Windows\System32\KERNELBASE.dll
0x00007ff8f5f10000 - 0x00007ff8f6010000 	C:\Windows\System32\ucrtbase.dll
0x00007ff8e3330000 - 0x00007ff8e3349000 	C:\Program Files\Android\Android Studio\jre\bin\jli.dll
0x00007ff8f73a0000 - 0x00007ff8f753d000 	C:\Windows\System32\USER32.dll
0x00007ff8f6010000 - 0x00007ff8f6032000 	C:\Windows\System32\win32u.dll
0x00007ff8f8380000 - 0x00007ff8f83ac000 	C:\Windows\System32\GDI32.dll
0x00007ff8f5df0000 - 0x00007ff8f5f05000 	C:\Windows\System32\gdi32full.dll
0x00007ff8f65a0000 - 0x00007ff8f663d000 	C:\Windows\System32\msvcp_win.dll
0x00007ff8de4c0000 - 0x00007ff8de4d7000 	C:\Program Files\Android\Android Studio\jre\bin\VCRUNTIME140.dll
0x00007ff8e3590000 - 0x00007ff8e382a000 	C:\Windows\WinSxS\amd64_microsoft.windows.common-controls_6595b64144ccf1df_6.0.19041.1110_none_60b5254171f9507e\COMCTL32.dll
0x00007ff8f80b0000 - 0x00007ff8f814e000 	C:\Windows\System32\msvcrt.dll
0x00007ff8f86a0000 - 0x00007ff8f86d0000 	C:\Windows\System32\IMM32.DLL
0x00007ff8c6200000 - 0x00007ff8c629d000 	C:\Program Files\Android\Android Studio\jre\bin\msvcp140.dll
0x00007ff8b0110000 - 0x00007ff8b0c12000 	C:\Program Files\Android\Android Studio\jre\bin\server\jvm.dll
0x00007ff8f72f0000 - 0x00007ff8f739f000 	C:\Windows\System32\ADVAPI32.dll
0x00007ff8f84e0000 - 0x00007ff8f857c000 	C:\Windows\System32\sechost.dll
0x00007ff8f83b0000 - 0x00007ff8f84d6000 	C:\Windows\System32\RPCRT4.dll
0x00007ff8f85e0000 - 0x00007ff8f85e8000 	C:\Windows\System32\PSAPI.DLL
0x00007ff8f0910000 - 0x00007ff8f0919000 	C:\Windows\SYSTEM32\WSOCK32.dll
0x00007ff8f7730000 - 0x00007ff8f779b000 	C:\Windows\System32\WS2_32.dll
0x00007ff8e2d20000 - 0x00007ff8e2d47000 	C:\Windows\SYSTEM32\WINMM.dll
0x00007ff8e3830000 - 0x00007ff8e383a000 	C:\Windows\SYSTEM32\VERSION.dll
0x00007ff8f3d20000 - 0x00007ff8f3d32000 	C:\Windows\SYSTEM32\kernel.appcore.dll
0x00007ff8efad0000 - 0x00007ff8efae1000 	C:\Program Files\Android\Android Studio\jre\bin\verify.dll
0x00007ff8e1860000 - 0x00007ff8e1a44000 	C:\Windows\SYSTEM32\DBGHELP.DLL
0x00007ff8e2600000 - 0x00007ff8e2634000 	C:\Windows\SYSTEM32\dbgcore.DLL
0x00007ff8f66b0000 - 0x00007ff8f6732000 	C:\Windows\System32\bcryptPrimitives.dll
0x00007ff8eede0000 - 0x00007ff8eee09000 	C:\Program Files\Android\Android Studio\jre\bin\java.dll
0x00007ff8eedd0000 - 0x00007ff8eeddb000 	C:\Program Files\Android\Android Studio\jre\bin\jimage.dll
0x00007ff8eed50000 - 0x00007ff8eed68000 	C:\Program Files\Android\Android Studio\jre\bin\zip.dll
0x00007ff8f6840000 - 0x00007ff8f6f84000 	C:\Windows\System32\SHELL32.dll
0x00007ff8f3e90000 - 0x00007ff8f4623000 	C:\Windows\SYSTEM32\windows.storage.dll
0x00007ff8f7d50000 - 0x00007ff8f80a4000 	C:\Windows\System32\combase.dll
0x00007ff8f5830000 - 0x00007ff8f585e000 	C:\Windows\SYSTEM32\Wldp.dll
0x00007ff8f8150000 - 0x00007ff8f81fd000 	C:\Windows\System32\SHCORE.dll
0x00007ff8f7540000 - 0x00007ff8f7595000 	C:\Windows\System32\shlwapi.dll
0x00007ff8f5d20000 - 0x00007ff8f5d45000 	C:\Windows\SYSTEM32\profapi.dll
0x00007ff8eec00000 - 0x00007ff8eec1a000 	C:\Program Files\Android\Android Studio\jre\bin\net.dll
0x00007ff8e98c0000 - 0x00007ff8e99ca000 	C:\Windows\SYSTEM32\WINHTTP.dll
0x00007ff8f5590000 - 0x00007ff8f55fa000 	C:\Windows\system32\mswsock.dll
0x00007ff8eebe0000 - 0x00007ff8eebf4000 	C:\Program Files\Android\Android Studio\jre\bin\nio.dll
0x00007ff8de630000 - 0x00007ff8de657000 	C:\Users\hp\.gradle\native\e1d6ef7f7dcc3fd88c89a11ec53ec762bb8ba0a96d01ffa2cd45eb1d1d8dd5c5\windows-amd64\native-platform.dll
0x00007ff8c49a0000 - 0x00007ff8c4ae4000 	C:\Users\hp\.gradle\native\0d407fdbe67a94daf76414ababcb853783967236a71b16ec16e742cd7a986fd3\windows-amd64\native-platform-file-events.dll
0x00007ff8eedc0000 - 0x00007ff8eedca000 	C:\Program Files\Android\Android Studio\jre\bin\management.dll
0x00007ff8eebd0000 - 0x00007ff8eebdd000 	C:\Program Files\Android\Android Studio\jre\bin\management_ext.dll
0x00007ff8f5780000 - 0x00007ff8f5798000 	C:\Windows\SYSTEM32\CRYPTSP.dll
0x00007ff8f4e30000 - 0x00007ff8f4e64000 	C:\Windows\system32\rsaenh.dll
0x00007ff8f6740000 - 0x00007ff8f6767000 	C:\Windows\System32\bcrypt.dll
0x00007ff8f5ca0000 - 0x00007ff8f5cce000 	C:\Windows\SYSTEM32\USERENV.dll
0x00007ff8f57a0000 - 0x00007ff8f57ac000 	C:\Windows\SYSTEM32\CRYPTBASE.dll
0x00007ff8f5230000 - 0x00007ff8f526b000 	C:\Windows\SYSTEM32\IPHLPAPI.DLL
0x00007ff8f8370000 - 0x00007ff8f8378000 	C:\Windows\System32\NSI.dll
0x00007ff8ebd80000 - 0x00007ff8ebd97000 	C:\Windows\SYSTEM32\dhcpcsvc6.DLL
0x00007ff8ebd60000 - 0x00007ff8ebd7d000 	C:\Windows\SYSTEM32\dhcpcsvc.DLL
0x00007ff8f5270000 - 0x00007ff8f533a000 	C:\Windows\SYSTEM32\DNSAPI.dll

dbghelp: loaded successfully - version: 4.0.5 - missing functions: none
symbol engine: initialized successfully - sym options: 0x614 - pdb path: .;C:\Program Files\Android\Android Studio\jre\bin;C:\Windows\SYSTEM32;C:\Windows\WinSxS\amd64_microsoft.windows.common-controls_6595b64144ccf1df_6.0.19041.1110_none_60b5254171f9507e;C:\Program Files\Android\Android Studio\jre\bin\server;C:\Users\hp\.gradle\native\e1d6ef7f7dcc3fd88c89a11ec53ec762bb8ba0a96d01ffa2cd45eb1d1d8dd5c5\windows-amd64;C:\Users\hp\.gradle\native\0d407fdbe67a94daf76414ababcb853783967236a71b16ec16e742cd7a986fd3\windows-amd64

VM Arguments:
jvm_args: --add-opens=java.base/java.util=ALL-UNNAMED --add-opens=java.base/java.lang=ALL-UNNAMED --add-opens=java.base/java.lang.invoke=ALL-UNNAMED --add-opens=java.base/java.util=ALL-UNNAMED --add-opens=java.prefs/java.util.prefs=ALL-UNNAMED --add-opens=java.prefs/java.util.prefs=ALL-UNNAMED --add-opens=java.base/java.nio.charset=ALL-UNNAMED --add-opens=java.base/java.net=ALL-UNNAMED --add-opens=java.base/java.util.concurrent.atomic=ALL-UNNAMED -Xmx2048m -Dfile.encoding=UTF-8 -Duser.country=US -Duser.language=en -Duser.variant 
java_command: org.gradle.launcher.daemon.bootstrap.GradleDaemon 7.4
java_class_path (initial): C:\Users\hp\.gradle\wrapper\dists\gradle-7.4-bin\c0gwcg53nkjbqw7r0h0umtfvt\gradle-7.4\lib\gradle-launcher-7.4.jar
Launcher Type: SUN_STANDARD

[Global flags]
     intx CICompilerCount                          = 3                                         {product} {ergonomic}
     uint ConcGCThreads                            = 1                                         {product} {ergonomic}
     uint G1ConcRefinementThreads                  = 4                                         {product} {ergonomic}
   size_t G1HeapRegionSize                         = 1048576                                   {product} {ergonomic}
    uintx GCDrainStackTargetSize                   = 64                                        {product} {ergonomic}
   size_t InitialHeapSize                          = 134217728                                 {product} {ergonomic}
   size_t MarkStackSize                            = 4194304                                   {product} {ergonomic}
   size_t MaxHeapSize                              = 2147483648                                {product} {command line}
   size_t MaxNewSize                               = 1287651328                                {product} {ergonomic}
   size_t MinHeapDeltaBytes                        = 1048576                                   {product} {ergonomic}
    uintx NonNMethodCodeHeapSize                   = 5830732                                {pd product} {ergonomic}
    uintx NonProfiledCodeHeapSize                  = 122913754                              {pd product} {ergonomic}
    uintx ProfiledCodeHeapSize                     = 122913754                              {pd product} {ergonomic}
    uintx ReservedCodeCacheSize                    = 251658240                              {pd product} {ergonomic}
     bool SegmentedCodeCache                       = true                                      {product} {ergonomic}
     bool UseCompressedClassPointers               = true                                 {lp64_product} {ergonomic}
     bool UseCompressedOops                        = true                                 {lp64_product} {ergonomic}
     bool UseG1GC                                  = true                                      {product} {ergonomic}
     bool UseLargePagesIndividualAllocation        = false                                  {pd product} {ergonomic}

Logging:
Log output configuration:
 #0: stdout all=warning uptime,level,tags
 #1: stderr all=off uptime,level,tags

Environment Variables:
PATH=C:\Program Files (x86)\VMware\VMware Workstation\bin\;C:\Program Files (x86)\NVIDIA Corporation\PhysX\Common;C:\Windows\system32;C:\Windows;C:\Windows\System32\Wbem;C:\Windows\System32\WindowsPowerShell\v1.0\;C:\Windows\System32\OpenSSH\;C:\Users\hp\Documents\Java\jdk1.8.0_111\bin;c:\Program Files (x86)\Microsoft SQL Server\90\Tools\binn\;C:\Program Files\dotnet\;C:\Program Files\Microsoft SQL Server\150\Tools\Binn\;C:\Program Files\Microsoft SQL Server\Client SDK\ODBC\170\Tools\Binn\;C:\Program Files\Git\cmd;C:\Program Files\nodejs\;C:\ProgramData\chocolatey\bin;C:\Users\hp\AppData\Local\Programs\Python\Python310\Scripts\;C:\Users\hp\AppData\Local\Programs\Python\Python310\;C:\Users\hp\AppData\Local\Programs\Python\Launcher\;C:\Users\hp\AppData\Local\Microsoft\WindowsApps;C:\Program Files\Java\jdk1.8.0_111\bin;;C:\Program Files\JetBrains\PyCharm Community Edition 2022.3.1\bin;;C:\Users\hp\.dotnet\tools;C:\Users\hp\AppData\Roaming\npm;C:\Users\hp\AppData\Local\Programs\Microsoft VS Code\bin
USERNAME=hp
OS=Windows_NT
PROCESSOR_IDENTIFIER=Intel64 Family 6 Model 69 Stepping 1, GenuineIntel



---------------  S Y S T E M  ---------------

OS: Windows 10 , 64 bit Build 19041 (10.0.19041.3155)
OS uptime: 0 days 14:59 hours

CPU:total 4 (initial active 4) (2 cores per cpu, 2 threads per core) family 6 model 69 stepping 1 microcode 0x25, cmov, cx8, fxsr, mmx, sse, sse2, sse3, ssse3, sse4.1, sse4.2, popcnt, avx, avx2, aes, clmul, erms, lzcnt, ht, tsc, tscinvbit, bmi1, bmi2, fma

Memory: 4k page, system-wide physical 8089M (2416M free)
TotalPageFile size 10949M (AvailPageFile size 5M)
current process WorkingSet (physical memory assigned to process): 436M, peak: 436M
current process commit charge ("private bytes"): 485M, peak: 485M

vm_info: OpenJDK 64-Bit Server VM (11.0.13+0-b1751.21-8125866) for windows-amd64 JRE (11.0.13+0-b1751.21-8125866), built on Feb  2 2022 03:00:22 by "builder" with MS VC++ 14.0 (VS2015)

END.
