#
# There is insufficient memory for the Java Runtime Environment to continue.
# Native memory allocation (malloc) failed to allocate 1341456 bytes for Chunk::new
# Possible reasons:
#   The system is out of physical RAM or swap space
#   The process is running with CompressedOops enabled, and the Java Heap may be blocking the growth of the native heap
# Possible solutions:
#   Reduce memory load on the system
#   Increase physical memory or swap space
#   Check if swap backing store is full
#   Decrease Java heap size (-Xmx/-Xms)
#   Decrease number of Java threads
#   Decrease Java thread stack sizes (-Xss)
#   Set larger code cache with -XX:ReservedCodeCacheSize=
#   JVM is running with Unscaled Compressed Oops mode in which the Java heap is
#     placed in the first 4GB address space. The Java Heap base address is the
#     maximum limit for the native heap growth. Please use -XX:HeapBaseMinAddress
#     to set the Java Heap base and to place the Java Heap above 4GB virtual address.
# This output file may be truncated or incomplete.
#
#  Out of Memory Error (./src/hotspot/share/memory/arena.cpp:197), pid=7260, tid=14116
#
# JRE version: OpenJDK Runtime Environment (11.0.13) (build 11.0.13+0-b1751.21-8125866)
# Java VM: OpenJDK 64-Bit Server VM (11.0.13+0-b1751.21-8125866, mixed mode, tiered, compressed oops, g1 gc, windows-amd64)
# No core dump will be written. Minidumps are not enabled by default on client versions of Windows
#

---------------  S U M M A R Y ------------

Command Line: --add-opens=java.base/java.util=ALL-UNNAMED --add-opens=java.base/java.lang=ALL-UNNAMED --add-opens=java.base/java.lang.invoke=ALL-UNNAMED --add-opens=java.base/java.util=ALL-UNNAMED --add-opens=java.prefs/java.util.prefs=ALL-UNNAMED --add-opens=java.prefs/java.util.prefs=ALL-UNNAMED --add-opens=java.base/java.nio.charset=ALL-UNNAMED --add-opens=java.base/java.net=ALL-UNNAMED --add-opens=java.base/java.util.concurrent.atomic=ALL-UNNAMED -Xmx2048m -Dfile.encoding=UTF-8 -Duser.country=US -Duser.language=en -Duser.variant org.gradle.launcher.daemon.bootstrap.GradleDaemon 7.4

Host: Intel(R) Core(TM) i5-4300U CPU @ 1.90GHz, 4 cores, 7G,  Windows 10 , 64 bit Build 19041 (10.0.19041.3155)
Time: Wed Aug 23 00:02:50 2023 E. Africa Standard Time elapsed time: 17.505648 seconds (0d 0h 0m 17s)

---------------  T H R E A D  ---------------

Current thread (0x00000207d439b800):  JavaThread "C2 CompilerThread1" daemon [_thread_in_native, id=14116, stack(0x000000aacef00000,0x000000aacf000000)]


Current CompileTask:
C2:  17505 6957 %     4       org.gradle.internal.instantiation.generator.AbstractClassGenerator::inspectType @ 32 (560 bytes)

Stack: [0x000000aacef00000,0x000000aacf000000]
Native frames: (J=compiled Java code, j=interpreted, Vv=VM code, C=native code)
V  [jvm.dll+0x6100fa]
V  [jvm.dll+0x747090]
V  [jvm.dll+0x7486ad]
V  [jvm.dll+0x748d83]
V  [jvm.dll+0x24ab48]
V  [jvm.dll+0xc04dc]
V  [jvm.dll+0xc0a0c]
V  [jvm.dll+0x2bfab4]
V  [jvm.dll+0x524238]
V  [jvm.dll+0x20b193]
V  [jvm.dll+0x204ca0]
V  [jvm.dll+0x2023c2]
V  [jvm.dll+0x188e01]
V  [jvm.dll+0x21106b]
V  [jvm.dll+0x20f8c1]
V  [jvm.dll+0x70de0f]
V  [jvm.dll+0x706a75]
V  [jvm.dll+0x60ed66]
C  [ucrtbase.dll+0x21bb2]
C  [KERNEL32.DLL+0x17614]
C  [ntdll.dll+0x526b1]


---------------  P R O C E S S  ---------------

Threads class SMR info:
_java_thread_list=0x00000207d9a0b980, length=79, elements={
0x00000207b782f800, 0x00000207d1be0000, 0x00000207d1be1800, 0x00000207d1bf8000,
0x00000207d1bfb000, 0x00000207d1bfd800, 0x00000207d1c03000, 0x00000207d1c07000,
0x00000207d1c0f800, 0x00000207d26c2800, 0x00000207d4641800, 0x00000207d27a3800,
0x00000207d5276800, 0x00000207d34f1000, 0x00000207d4ae4000, 0x00000207d4bad800,
0x00000207d471a000, 0x00000207d471a800, 0x00000207d46a9800, 0x00000207d46aa800,
0x00000207d46b6000, 0x00000207d46b5000, 0x00000207d46b7800, 0x00000207d439b800,
0x00000207d46b4000, 0x00000207d46ba000, 0x00000207d46ba800, 0x00000207d46b8800,
0x00000207d46b9000, 0x00000207d46b6800, 0x00000207d5ab6000, 0x00000207d5ab3800,
0x00000207d5ab7800, 0x00000207d5ab8800, 0x00000207d5aba000, 0x00000207d5abb000,
0x00000207d5ab5000, 0x00000207d5ac0000, 0x00000207d5abc800, 0x00000207d5ac0800,
0x00000207d5ac1800, 0x00000207d5abe000, 0x00000207d5abd800, 0x00000207d5abf000,
0x00000207d5abb800, 0x00000207d5ac2000, 0x00000207d8584800, 0x00000207d8585800,
0x00000207d8589800, 0x00000207d8583800, 0x00000207d858a000, 0x00000207d8586000,
0x00000207d858c800, 0x00000207d8587800, 0x00000207d858b000, 0x00000207d858c000,
0x00000207d8587000, 0x00000207d858e800, 0x00000207d858d800, 0x00000207d8588800,
0x00000207d8591800, 0x00000207d8590000, 0x00000207d8592800, 0x00000207d858f000,
0x00000207d8590800, 0x00000207d2a96800, 0x00000207d2a94000, 0x00000207d2a92800,
0x00000207d2a97000, 0x00000207d2a94800, 0x00000207d2a91800, 0x00000207d2a95800,
0x00000207d2a98000, 0x00000207d2a93000, 0x00000207d2a9b800, 0x00000207d2a9c000,
0x00000207d2a9a800, 0x00000207d2a9e800, 0x00000207d2a99000
}

Java Threads: ( => current thread )
  0x00000207b782f800 JavaThread "main" [_thread_blocked, id=10180, stack(0x000000aacce00000,0x000000aaccf00000)]
  0x00000207d1be0000 JavaThread "Reference Handler" daemon [_thread_blocked, id=12708, stack(0x000000aacd500000,0x000000aacd600000)]
  0x00000207d1be1800 JavaThread "Finalizer" daemon [_thread_blocked, id=13900, stack(0x000000aacd600000,0x000000aacd700000)]
  0x00000207d1bf8000 JavaThread "Signal Dispatcher" daemon [_thread_blocked, id=3232, stack(0x000000aacd700000,0x000000aacd800000)]
  0x00000207d1bfb000 JavaThread "Attach Listener" daemon [_thread_blocked, id=14216, stack(0x000000aacd800000,0x000000aacd900000)]
  0x00000207d1bfd800 JavaThread "Service Thread" daemon [_thread_blocked, id=7368, stack(0x000000aacd900000,0x000000aacda00000)]
  0x00000207d1c03000 JavaThread "C2 CompilerThread0" daemon [_thread_in_native, id=1096, stack(0x000000aacda00000,0x000000aacdb00000)]
  0x00000207d1c07000 JavaThread "C1 CompilerThread0" daemon [_thread_blocked, id=12836, stack(0x000000aacdb00000,0x000000aacdc00000)]
  0x00000207d1c0f800 JavaThread "Sweeper thread" daemon [_thread_blocked, id=10120, stack(0x000000aacdc00000,0x000000aacdd00000)]
  0x00000207d26c2800 JavaThread "Common-Cleaner" daemon [_thread_blocked, id=10768, stack(0x000000aacdd00000,0x000000aacde00000)]
  0x00000207d4641800 JavaThread "Daemon health stats" [_thread_blocked, id=3324, stack(0x000000aace200000,0x000000aace300000)]
  0x00000207d27a3800 JavaThread "Incoming local TCP Connector on port 11024" [_thread_in_native, id=11084, stack(0x000000aacdf00000,0x000000aace000000)]
  0x00000207d5276800 JavaThread "Daemon periodic checks" [_thread_blocked, id=3264, stack(0x000000aace300000,0x000000aace400000)]
  0x00000207d34f1000 JavaThread "Daemon" [_thread_blocked, id=6808, stack(0x000000aace400000,0x000000aace500000)]
  0x00000207d4ae4000 JavaThread "Handler for socket connection from /127.0.0.1:11024 to /127.0.0.1:11025" [_thread_in_native, id=12388, stack(0x000000aace500000,0x000000aace600000)]
  0x00000207d4bad800 JavaThread "Cancel handler" [_thread_blocked, id=8480, stack(0x000000aace600000,0x000000aace700000)]
  0x00000207d471a000 JavaThread "Daemon worker" [_thread_in_vm, id=11216, stack(0x000000aace700000,0x000000aace800000)]
  0x00000207d471a800 JavaThread "Asynchronous log dispatcher for DefaultDaemonConnection: socket connection from /127.0.0.1:11024 to /127.0.0.1:11025" [_thread_blocked, id=8324, stack(0x000000aace800000,0x000000aace900000)]
  0x00000207d46a9800 JavaThread "Stdin handler" [_thread_blocked, id=3012, stack(0x000000aace900000,0x000000aacea00000)]
  0x00000207d46aa800 JavaThread "Daemon client event forwarder" [_thread_blocked, id=5780, stack(0x000000aacea00000,0x000000aaceb00000)]
  0x00000207d46b6000 JavaThread "Cache worker for journal cache (C:\Users\hp\.gradle\caches\journal-1)" [_thread_blocked, id=12712, stack(0x000000aacec00000,0x000000aaced00000)]
  0x00000207d46b5000 JavaThread "File lock request listener" [_thread_in_native, id=13436, stack(0x000000aaced00000,0x000000aacee00000)]
  0x00000207d46b7800 JavaThread "Cache worker for file hash cache (C:\Users\hp\.gradle\caches\7.4\fileHashes)" [_thread_blocked, id=7128, stack(0x000000aacee00000,0x000000aacef00000)]
=>0x00000207d439b800 JavaThread "C2 CompilerThread1" daemon [_thread_in_native, id=14116, stack(0x000000aacef00000,0x000000aacf000000)]
  0x00000207d46b4000 JavaThread "File watcher server" daemon [_thread_in_native, id=1908, stack(0x000000aacf000000,0x000000aacf100000)]
  0x00000207d46ba000 JavaThread "File watcher consumer" daemon [_thread_blocked, id=4364, stack(0x000000aacf100000,0x000000aacf200000)]
  0x00000207d46ba800 JavaThread "Cache worker for checksums cache (C:\Users\hp\Desktop\eCommerceApp\.gradle\7.4\checksums)" [_thread_blocked, id=11108, stack(0x000000aacf200000,0x000000aacf300000)]
  0x00000207d46b8800 JavaThread "Cache worker for cache directory md-rule (C:\Users\hp\.gradle\caches\7.4\md-rule)" [_thread_blocked, id=11148, stack(0x000000aacf300000,0x000000aacf400000)]
  0x00000207d46b9000 JavaThread "Cache worker for file hash cache (C:\Users\hp\Desktop\eCommerceApp\.gradle\7.4\fileHashes)" [_thread_blocked, id=13660, stack(0x000000aacf400000,0x000000aacf500000)]
  0x00000207d46b6800 JavaThread "Cache worker for cache directory md-supplier (C:\Users\hp\.gradle\caches\7.4\md-supplier)" [_thread_blocked, id=2364, stack(0x000000aacf500000,0x000000aacf600000)]
  0x00000207d5ab6000 JavaThread "Cache worker for execution history cache (C:\Users\hp\.gradle\caches\7.4\executionHistory)" [_thread_blocked, id=6344, stack(0x000000aacf600000,0x000000aacf700000)]
  0x00000207d5ab3800 JavaThread "jar transforms" [_thread_blocked, id=14304, stack(0x000000aacf700000,0x000000aacf800000)]
  0x00000207d5ab7800 JavaThread "Cache worker for file content cache (C:\Users\hp\.gradle\caches\7.4\fileContent)" [_thread_blocked, id=10184, stack(0x000000aacf800000,0x000000aacf900000)]
  0x00000207d5ab8800 JavaThread "jar transforms Thread 2" [_thread_blocked, id=8416, stack(0x000000aacf900000,0x000000aacfa00000)]
  0x00000207d5aba000 JavaThread "Cache worker for dependencies-accessors (C:\Users\hp\Desktop\eCommerceApp\.gradle\7.4\dependencies-accessors)" [_thread_blocked, id=10216, stack(0x000000aacfa00000,0x000000aacfb00000)]
  0x00000207d5abb000 JavaThread "jar transforms Thread 3" [_thread_blocked, id=10212, stack(0x000000aacfb00000,0x000000aacfc00000)]
  0x00000207d5ab5000 JavaThread "Cache worker for Build Output Cleanup Cache (C:\Users\hp\Desktop\eCommerceApp\.gradle\buildOutputCleanup)" [_thread_blocked, id=8572, stack(0x000000aacfc00000,0x000000aacfd00000)]
  0x00000207d5ac0000 JavaThread "Unconstrained build operations" [_thread_blocked, id=14156, stack(0x000000aacfd00000,0x000000aacfe00000)]
  0x00000207d5abc800 JavaThread "Unconstrained build operations Thread 2" [_thread_blocked, id=3784, stack(0x000000aacfe00000,0x000000aacff00000)]
  0x00000207d5ac0800 JavaThread "Unconstrained build operations Thread 3" [_thread_blocked, id=1520, stack(0x000000aacff00000,0x000000aad0000000)]
  0x00000207d5ac1800 JavaThread "Unconstrained build operations Thread 4" [_thread_blocked, id=5612, stack(0x000000aad0000000,0x000000aad0100000)]
  0x00000207d5abe000 JavaThread "Unconstrained build operations Thread 5" [_thread_blocked, id=1876, stack(0x000000aad0100000,0x000000aad0200000)]
  0x00000207d5abd800 JavaThread "Unconstrained build operations Thread 6" [_thread_blocked, id=7776, stack(0x000000aad0200000,0x000000aad0300000)]
  0x00000207d5abf000 JavaThread "Unconstrained build operations Thread 7" [_thread_blocked, id=8812, stack(0x000000aad0300000,0x000000aad0400000)]
  0x00000207d5abb800 JavaThread "Unconstrained build operations Thread 8" [_thread_blocked, id=3036, stack(0x000000aad0400000,0x000000aad0500000)]
  0x00000207d5ac2000 JavaThread "Unconstrained build operations Thread 9" [_thread_blocked, id=12112, stack(0x000000aad0500000,0x000000aad0600000)]
  0x00000207d8584800 JavaThread "Unconstrained build operations Thread 10" [_thread_blocked, id=7272, stack(0x000000aad0600000,0x000000aad0700000)]
  0x00000207d8585800 JavaThread "Unconstrained build operations Thread 11" [_thread_blocked, id=11244, stack(0x000000aad0700000,0x000000aad0800000)]
  0x00000207d8589800 JavaThread "Unconstrained build operations Thread 12" [_thread_blocked, id=10384, stack(0x000000aad0800000,0x000000aad0900000)]
  0x00000207d8583800 JavaThread "Unconstrained build operations Thread 13" [_thread_blocked, id=9836, stack(0x000000aad0900000,0x000000aad0a00000)]
  0x00000207d858a000 JavaThread "Unconstrained build operations Thread 14" [_thread_blocked, id=5624, stack(0x000000aad0a00000,0x000000aad0b00000)]
  0x00000207d8586000 JavaThread "Unconstrained build operations Thread 15" [_thread_blocked, id=12720, stack(0x000000aad0b00000,0x000000aad0c00000)]
  0x00000207d858c800 JavaThread "Unconstrained build operations Thread 16" [_thread_blocked, id=10356, stack(0x000000aad0c00000,0x000000aad0d00000)]
  0x00000207d8587800 JavaThread "Unconstrained build operations Thread 17" [_thread_blocked, id=232, stack(0x000000aad0d00000,0x000000aad0e00000)]
  0x00000207d858b000 JavaThread "Unconstrained build operations Thread 18" [_thread_blocked, id=11660, stack(0x000000aad0e00000,0x000000aad0f00000)]
  0x00000207d858c000 JavaThread "Unconstrained build operations Thread 19" [_thread_blocked, id=7596, stack(0x000000aad0f00000,0x000000aad1000000)]
  0x00000207d8587000 JavaThread "Unconstrained build operations Thread 20" [_thread_blocked, id=14324, stack(0x000000aad1000000,0x000000aad1100000)]
  0x00000207d858e800 JavaThread "Unconstrained build operations Thread 21" [_thread_blocked, id=11604, stack(0x000000aad1100000,0x000000aad1200000)]
  0x00000207d858d800 JavaThread "Unconstrained build operations Thread 22" [_thread_blocked, id=13040, stack(0x000000aad1200000,0x000000aad1300000)]
  0x00000207d8588800 JavaThread "Unconstrained build operations Thread 23" [_thread_blocked, id=9684, stack(0x000000aad1300000,0x000000aad1400000)]
  0x00000207d8591800 JavaThread "Unconstrained build operations Thread 24" [_thread_blocked, id=12960, stack(0x000000aad1400000,0x000000aad1500000)]
  0x00000207d8590000 JavaThread "Unconstrained build operations Thread 25" [_thread_blocked, id=11616, stack(0x000000aad1500000,0x000000aad1600000)]
  0x00000207d8592800 JavaThread "Unconstrained build operations Thread 26" [_thread_blocked, id=12040, stack(0x000000aad1600000,0x000000aad1700000)]
  0x00000207d858f000 JavaThread "Unconstrained build operations Thread 27" [_thread_blocked, id=6024, stack(0x000000aad1700000,0x000000aad1800000)]
  0x00000207d8590800 JavaThread "Unconstrained build operations Thread 28" [_thread_blocked, id=9152, stack(0x000000aad1800000,0x000000aad1900000)]
  0x00000207d2a96800 JavaThread "Unconstrained build operations Thread 29" [_thread_blocked, id=9372, stack(0x000000aad1900000,0x000000aad1a00000)]
  0x00000207d2a94000 JavaThread "Unconstrained build operations Thread 30" [_thread_blocked, id=6360, stack(0x000000aad1a00000,0x000000aad1b00000)]
  0x00000207d2a92800 JavaThread "Unconstrained build operations Thread 31" [_thread_blocked, id=2040, stack(0x000000aad1b00000,0x000000aad1c00000)]
  0x00000207d2a97000 JavaThread "Unconstrained build operations Thread 32" [_thread_blocked, id=4156, stack(0x000000aad1c00000,0x000000aad1d00000)]
  0x00000207d2a94800 JavaThread "Unconstrained build operations Thread 33" [_thread_blocked, id=5676, stack(0x000000aad1d00000,0x000000aad1e00000)]
  0x00000207d2a91800 JavaThread "Unconstrained build operations Thread 34" [_thread_blocked, id=7792, stack(0x000000aad1e00000,0x000000aad1f00000)]
  0x00000207d2a95800 JavaThread "Unconstrained build operations Thread 35" [_thread_blocked, id=11204, stack(0x000000aad1f00000,0x000000aad2000000)]
  0x00000207d2a98000 JavaThread "Unconstrained build operations Thread 36" [_thread_blocked, id=8140, stack(0x000000aad2000000,0x000000aad2100000)]
  0x00000207d2a93000 JavaThread "Unconstrained build operations Thread 37" [_thread_blocked, id=13300, stack(0x000000aad2100000,0x000000aad2200000)]
  0x00000207d2a9b800 JavaThread "Unconstrained build operations Thread 38" [_thread_blocked, id=8156, stack(0x000000aad2200000,0x000000aad2300000)]
  0x00000207d2a9c000 JavaThread "Unconstrained build operations Thread 39" [_thread_blocked, id=13540, stack(0x000000aad2300000,0x000000aad2400000)]
  0x00000207d2a9a800 JavaThread "Unconstrained build operations Thread 40" [_thread_blocked, id=1432, stack(0x000000aad2400000,0x000000aad2500000)]
  0x00000207d2a9e800 JavaThread "jar transforms Thread 4" [_thread_blocked, id=4608, stack(0x000000aad2500000,0x000000aad2600000)]
  0x00000207d2a99000 JavaThread "Memory manager" [_thread_blocked, id=9268, stack(0x000000aad2600000,0x000000aad2700000)]

Other Threads:
  0x00000207d1bdb000 VMThread "VM Thread" [stack: 0x000000aacd400000,0x000000aacd500000] [id=8816]
  0x00000207d26d8000 WatcherThread [stack: 0x000000aacde00000,0x000000aacdf00000] [id=3884]
  0x00000207b7848000 GCTaskThread "GC Thread#0" [stack: 0x000000aaccf00000,0x000000aacd000000] [id=5408]
  0x00000207d320a000 GCTaskThread "GC Thread#1" [stack: 0x000000aace000000,0x000000aace100000] [id=12024]
  0x00000207d2e71800 GCTaskThread "GC Thread#2" [stack: 0x000000aace100000,0x000000aace200000] [id=14264]
  0x00000207d48d3000 GCTaskThread "GC Thread#3" [stack: 0x000000aaceb00000,0x000000aacec00000] [id=14096]
  0x00000207b7879000 ConcurrentGCThread "G1 Main Marker" [stack: 0x000000aacd000000,0x000000aacd100000] [id=7308]
  0x00000207b787a000 ConcurrentGCThread "G1 Conc#0" [stack: 0x000000aacd100000,0x000000aacd200000] [id=8236]
  0x00000207b7909800 ConcurrentGCThread "G1 Refine#0" [stack: 0x000000aacd200000,0x000000aacd300000] [id=13276]
  0x00000207b790a800 ConcurrentGCThread "G1 Young RemSet Sampling" [stack: 0x000000aacd300000,0x000000aacd400000] [id=14120]

Threads with active compile tasks:
C2 CompilerThread0  17536 7076       4       java.lang.reflect.Method::getGenericReturnType (20 bytes)
C2 CompilerThread1  17536 6957 %     4       org.gradle.internal.instantiation.generator.AbstractClassGenerator::inspectType @ 32 (560 bytes)

VM state:not at safepoint (normal execution)

VM Mutex/Monitor currently owned by a thread: None

Heap address: 0x0000000080000000, size: 2048 MB, Compressed Oops mode: 32-bit
Narrow klass base: 0x0000000000000000, Narrow klass shift: 3
Compressed class space size: 1073741824 Address: 0x0000000100000000

Heap:
 garbage-first heap   total 189440K, used 82761K [0x0000000080000000, 0x0000000100000000)
  region size 1024K, 32 young (32768K), 9 survivors (9216K)
 Metaspace       used 73203K, capacity 74820K, committed 75008K, reserved 1114112K
  class space    used 9379K, capacity 9982K, committed 9984K, reserved 1048576K
Heap Regions: E=young(eden), S=young(survivor), O=old, HS=humongous(starts), HC=humongous(continues), CS=collection set, F=free, A=archive, TAMS=top-at-mark-start (previous, next)
|   0|0x0000000080000000, 0x0000000080100000, 0x0000000080100000|100%|HS|  |TAMS 0x0000000080100000, 0x0000000080000000| Complete 
|   1|0x0000000080100000, 0x0000000080200000, 0x0000000080200000|100%|HC|  |TAMS 0x0000000080200000, 0x0000000080100000| Complete 
|   2|0x0000000080200000, 0x0000000080300000, 0x0000000080300000|100%|HC|  |TAMS 0x0000000080300000, 0x0000000080200000| Complete 
|   3|0x0000000080300000, 0x0000000080400000, 0x0000000080400000|100%| O|  |TAMS 0x0000000080400000, 0x0000000080300000| Untracked 
|   4|0x0000000080400000, 0x0000000080500000, 0x0000000080500000|100%| O|  |TAMS 0x0000000080500000, 0x0000000080400000| Untracked 
|   5|0x0000000080500000, 0x0000000080600000, 0x0000000080600000|100%| O|  |TAMS 0x0000000080600000, 0x0000000080500000| Untracked 
|   6|0x0000000080600000, 0x0000000080700000, 0x0000000080700000|100%| O|  |TAMS 0x0000000080700000, 0x0000000080600000| Untracked 
|   7|0x0000000080700000, 0x0000000080800000, 0x0000000080800000|100%| O|  |TAMS 0x0000000080800000, 0x0000000080700000| Untracked 
|   8|0x0000000080800000, 0x0000000080900000, 0x0000000080900000|100%| O|  |TAMS 0x0000000080900000, 0x0000000080800000| Untracked 
|   9|0x0000000080900000, 0x0000000080a00000, 0x0000000080a00000|100%| O|  |TAMS 0x0000000080a00000, 0x0000000080900000| Untracked 
|  10|0x0000000080a00000, 0x0000000080b00000, 0x0000000080b00000|100%| O|  |TAMS 0x0000000080b00000, 0x0000000080a00000| Untracked 
|  11|0x0000000080b00000, 0x0000000080c00000, 0x0000000080c00000|100%| O|  |TAMS 0x0000000080c00000, 0x0000000080b00000| Untracked 
|  12|0x0000000080c00000, 0x0000000080d00000, 0x0000000080d00000|100%| O|  |TAMS 0x0000000080d00000, 0x0000000080c00000| Untracked 
|  13|0x0000000080d00000, 0x0000000080e00000, 0x0000000080e00000|100%| O|  |TAMS 0x0000000080e00000, 0x0000000080d00000| Untracked 
|  14|0x0000000080e00000, 0x0000000080f00000, 0x0000000080f00000|100%| O|  |TAMS 0x0000000080f00000, 0x0000000080e00000| Untracked 
|  15|0x0000000080f00000, 0x0000000081000000, 0x0000000081000000|100%| O|  |TAMS 0x0000000081000000, 0x0000000080f00000| Untracked 
|  16|0x0000000081000000, 0x0000000081100000, 0x0000000081100000|100%| O|  |TAMS 0x0000000081100000, 0x0000000081000000| Untracked 
|  17|0x0000000081100000, 0x0000000081200000, 0x0000000081200000|100%|HS|  |TAMS 0x0000000081100000, 0x0000000081100000| Complete 
|  18|0x0000000081200000, 0x0000000081300000, 0x0000000081300000|100%| O|  |TAMS 0x0000000081300000, 0x0000000081200000| Untracked 
|  19|0x0000000081300000, 0x0000000081400000, 0x0000000081400000|100%| O|  |TAMS 0x0000000081400000, 0x0000000081300000| Untracked 
|  20|0x0000000081400000, 0x0000000081500000, 0x0000000081500000|100%| O|  |TAMS 0x0000000081500000, 0x0000000081400000| Untracked 
|  21|0x0000000081500000, 0x0000000081600000, 0x0000000081600000|100%| O|  |TAMS 0x0000000081600000, 0x0000000081500000| Untracked 
|  22|0x0000000081600000, 0x0000000081700000, 0x0000000081700000|100%| O|  |TAMS 0x0000000081700000, 0x0000000081600000| Untracked 
|  23|0x0000000081700000, 0x0000000081800000, 0x0000000081800000|100%| O|  |TAMS 0x0000000081800000, 0x0000000081700000| Untracked 
|  24|0x0000000081800000, 0x0000000081900000, 0x0000000081900000|100%| O|  |TAMS 0x0000000081900000, 0x0000000081800000| Untracked 
|  25|0x0000000081900000, 0x0000000081a00000, 0x0000000081a00000|100%| O|  |TAMS 0x0000000081a00000, 0x0000000081900000| Untracked 
|  26|0x0000000081a00000, 0x0000000081b00000, 0x0000000081b00000|100%| O|  |TAMS 0x0000000081b00000, 0x0000000081a00000| Untracked 
|  27|0x0000000081b00000, 0x0000000081c00000, 0x0000000081c00000|100%| O|  |TAMS 0x0000000081bf0200, 0x0000000081b00000| Untracked 
|  28|0x0000000081c00000, 0x0000000081d00000, 0x0000000081d00000|100%|HS|  |TAMS 0x0000000081c00000, 0x0000000081c00000| Complete 
|  29|0x0000000081d00000, 0x0000000081d00000, 0x0000000081e00000|  0%| F|  |TAMS 0x0000000081d00000, 0x0000000081d00000| Untracked 
|  30|0x0000000081e00000, 0x0000000081f00000, 0x0000000081f00000|100%|HS|  |TAMS 0x0000000081e00000, 0x0000000081e00000| Complete 
|  31|0x0000000081f00000, 0x0000000082000000, 0x0000000082000000|100%|HC|  |TAMS 0x0000000081f00000, 0x0000000081f00000| Complete 
|  32|0x0000000082000000, 0x0000000082100000, 0x0000000082100000|100%| O|  |TAMS 0x0000000082000000, 0x0000000082000000| Untracked 
|  33|0x0000000082100000, 0x0000000082200000, 0x0000000082200000|100%| O|  |TAMS 0x0000000082100000, 0x0000000082100000| Untracked 
|  34|0x0000000082200000, 0x0000000082300000, 0x0000000082300000|100%| O|  |TAMS 0x0000000082200000, 0x0000000082200000| Untracked 
|  35|0x0000000082300000, 0x0000000082400000, 0x0000000082400000|100%| O|  |TAMS 0x0000000082300000, 0x0000000082300000| Untracked 
|  36|0x0000000082400000, 0x0000000082500000, 0x0000000082500000|100%| O|  |TAMS 0x0000000082400000, 0x0000000082400000| Untracked 
|  37|0x0000000082500000, 0x0000000082600000, 0x0000000082600000|100%| O|  |TAMS 0x0000000082500000, 0x0000000082500000| Untracked 
|  38|0x0000000082600000, 0x00000000826e3800, 0x0000000082700000| 88%| O|  |TAMS 0x0000000082600000, 0x0000000082600000| Untracked 
|  39|0x0000000082700000, 0x0000000082800000, 0x0000000082800000|100%| O|  |TAMS 0x0000000082700000, 0x0000000082700000| Untracked 
|  40|0x0000000082800000, 0x0000000082900000, 0x0000000082900000|100%| O|  |TAMS 0x0000000082800000, 0x0000000082800000| Untracked 
|  41|0x0000000082900000, 0x0000000082a00000, 0x0000000082a00000|100%| O|  |TAMS 0x0000000082900000, 0x0000000082900000| Untracked 
|  42|0x0000000082a00000, 0x0000000082b00000, 0x0000000082b00000|100%| O|  |TAMS 0x0000000082a00000, 0x0000000082a00000| Untracked 
|  43|0x0000000082b00000, 0x0000000082c00000, 0x0000000082c00000|100%| O|  |TAMS 0x0000000082b00000, 0x0000000082b00000| Untracked 
|  44|0x0000000082c00000, 0x0000000082d00000, 0x0000000082d00000|100%| O|  |TAMS 0x0000000082c00000, 0x0000000082c00000| Untracked 
|  45|0x0000000082d00000, 0x0000000082e00000, 0x0000000082e00000|100%| O|  |TAMS 0x0000000082d00000, 0x0000000082d00000| Untracked 
|  46|0x0000000082e00000, 0x0000000082f00000, 0x0000000082f00000|100%| O|  |TAMS 0x0000000082e00000, 0x0000000082e00000| Untracked 
|  47|0x0000000082f00000, 0x0000000083000000, 0x0000000083000000|100%| O|  |TAMS 0x0000000082f00000, 0x0000000082f00000| Untracked 
|  48|0x0000000083000000, 0x0000000083100000, 0x0000000083100000|100%| O|  |TAMS 0x0000000083000000, 0x0000000083000000| Untracked 
|  49|0x0000000083100000, 0x0000000083200000, 0x0000000083200000|100%| O|  |TAMS 0x0000000083100000, 0x0000000083100000| Untracked 
|  50|0x0000000083200000, 0x0000000083300000, 0x0000000083300000|100%| O|  |TAMS 0x0000000083200000, 0x0000000083200000| Untracked 
|  51|0x0000000083300000, 0x0000000083300000, 0x0000000083400000|  0%| F|  |TAMS 0x0000000083300000, 0x0000000083300000| Untracked 
|  52|0x0000000083400000, 0x0000000083400000, 0x0000000083500000|  0%| F|  |TAMS 0x0000000083400000, 0x0000000083400000| Untracked 
|  53|0x0000000083500000, 0x0000000083500000, 0x0000000083600000|  0%| F|  |TAMS 0x0000000083500000, 0x0000000083500000| Untracked 
|  54|0x0000000083600000, 0x0000000083600000, 0x0000000083700000|  0%| F|  |TAMS 0x0000000083600000, 0x0000000083600000| Untracked 
|  55|0x0000000083700000, 0x0000000083700000, 0x0000000083800000|  0%| F|  |TAMS 0x0000000083700000, 0x0000000083700000| Untracked 
|  56|0x0000000083800000, 0x0000000083800000, 0x0000000083900000|  0%| F|  |TAMS 0x0000000083800000, 0x0000000083800000| Untracked 
|  57|0x0000000083900000, 0x0000000083900000, 0x0000000083a00000|  0%| F|  |TAMS 0x0000000083900000, 0x0000000083900000| Untracked 
|  58|0x0000000083a00000, 0x0000000083a00000, 0x0000000083b00000|  0%| F|  |TAMS 0x0000000083a00000, 0x0000000083a00000| Untracked 
|  59|0x0000000083b00000, 0x0000000083b00000, 0x0000000083c00000|  0%| F|  |TAMS 0x0000000083b00000, 0x0000000083b00000| Untracked 
|  60|0x0000000083c00000, 0x0000000083c00000, 0x0000000083d00000|  0%| F|  |TAMS 0x0000000083c00000, 0x0000000083c00000| Untracked 
|  61|0x0000000083d00000, 0x0000000083d00000, 0x0000000083e00000|  0%| F|  |TAMS 0x0000000083d00000, 0x0000000083d00000| Untracked 
|  62|0x0000000083e00000, 0x0000000083e00000, 0x0000000083f00000|  0%| F|  |TAMS 0x0000000083e00000, 0x0000000083e00000| Untracked 
|  63|0x0000000083f00000, 0x0000000083f00000, 0x0000000084000000|  0%| F|  |TAMS 0x0000000083f00000, 0x0000000083f00000| Untracked 
|  64|0x0000000084000000, 0x0000000084000000, 0x0000000084100000|  0%| F|  |TAMS 0x0000000084000000, 0x0000000084000000| Untracked 
|  65|0x0000000084100000, 0x0000000084100000, 0x0000000084200000|  0%| F|  |TAMS 0x0000000084100000, 0x0000000084100000| Untracked 
|  66|0x0000000084200000, 0x0000000084200000, 0x0000000084300000|  0%| F|  |TAMS 0x0000000084200000, 0x0000000084200000| Untracked 
|  67|0x0000000084300000, 0x0000000084300000, 0x0000000084400000|  0%| F|  |TAMS 0x0000000084300000, 0x0000000084300000| Untracked 
|  68|0x0000000084400000, 0x0000000084400000, 0x0000000084500000|  0%| F|  |TAMS 0x0000000084400000, 0x0000000084400000| Untracked 
|  69|0x0000000084500000, 0x0000000084500000, 0x0000000084600000|  0%| F|  |TAMS 0x0000000084500000, 0x0000000084500000| Untracked 
|  70|0x0000000084600000, 0x0000000084600000, 0x0000000084700000|  0%| F|  |TAMS 0x0000000084600000, 0x0000000084600000| Untracked 
|  71|0x0000000084700000, 0x0000000084700000, 0x0000000084800000|  0%| F|  |TAMS 0x0000000084700000, 0x0000000084700000| Untracked 
|  72|0x0000000084800000, 0x0000000084800000, 0x0000000084900000|  0%| F|  |TAMS 0x0000000084800000, 0x0000000084800000| Untracked 
|  73|0x0000000084900000, 0x0000000084900000, 0x0000000084a00000|  0%| F|  |TAMS 0x0000000084900000, 0x0000000084900000| Untracked 
|  74|0x0000000084a00000, 0x0000000084aeec60, 0x0000000084b00000| 93%| S|CS|TAMS 0x0000000084a00000, 0x0000000084a00000| Complete 
|  75|0x0000000084b00000, 0x0000000084c00000, 0x0000000084c00000|100%| S|CS|TAMS 0x0000000084b00000, 0x0000000084b00000| Complete 
|  76|0x0000000084c00000, 0x0000000084d00000, 0x0000000084d00000|100%| S|CS|TAMS 0x0000000084c00000, 0x0000000084c00000| Complete 
|  77|0x0000000084d00000, 0x0000000084e00000, 0x0000000084e00000|100%| S|CS|TAMS 0x0000000084d00000, 0x0000000084d00000| Complete 
|  78|0x0000000084e00000, 0x0000000084f00000, 0x0000000084f00000|100%| S|CS|TAMS 0x0000000084e00000, 0x0000000084e00000| Complete 
|  79|0x0000000084f00000, 0x0000000085000000, 0x0000000085000000|100%| S|CS|TAMS 0x0000000084f00000, 0x0000000084f00000| Complete 
|  80|0x0000000085000000, 0x0000000085100000, 0x0000000085100000|100%| S|CS|TAMS 0x0000000085000000, 0x0000000085000000| Complete 
|  81|0x0000000085100000, 0x0000000085200000, 0x0000000085200000|100%| S|CS|TAMS 0x0000000085100000, 0x0000000085100000| Complete 
|  82|0x0000000085200000, 0x0000000085200000, 0x0000000085300000|  0%| F|  |TAMS 0x0000000085200000, 0x0000000085200000| Untracked 
|  83|0x0000000085300000, 0x0000000085300000, 0x0000000085400000|  0%| F|  |TAMS 0x0000000085300000, 0x0000000085300000| Untracked 
|  84|0x0000000085400000, 0x0000000085400000, 0x0000000085500000|  0%| F|  |TAMS 0x0000000085400000, 0x0000000085400000| Untracked 
|  85|0x0000000085500000, 0x0000000085500000, 0x0000000085600000|  0%| F|  |TAMS 0x0000000085500000, 0x0000000085500000| Untracked 
|  86|0x0000000085600000, 0x0000000085600000, 0x0000000085700000|  0%| F|  |TAMS 0x0000000085600000, 0x0000000085600000| Untracked 
|  87|0x0000000085700000, 0x0000000085800000, 0x0000000085800000|100%| S|CS|TAMS 0x0000000085700000, 0x0000000085700000| Complete 
|  88|0x0000000085800000, 0x0000000085800000, 0x0000000085900000|  0%| F|  |TAMS 0x0000000085800000, 0x0000000085800000| Untracked 
|  89|0x0000000085900000, 0x0000000085900000, 0x0000000085a00000|  0%| F|  |TAMS 0x0000000085900000, 0x0000000085900000| Untracked 
|  90|0x0000000085a00000, 0x0000000085a00000, 0x0000000085b00000|  0%| F|  |TAMS 0x0000000085a00000, 0x0000000085a00000| Untracked 
|  91|0x0000000085b00000, 0x0000000085b00000, 0x0000000085c00000|  0%| F|  |TAMS 0x0000000085b00000, 0x0000000085b00000| Untracked 
|  92|0x0000000085c00000, 0x0000000085c00000, 0x0000000085d00000|  0%| F|  |TAMS 0x0000000085c00000, 0x0000000085c00000| Untracked 
|  93|0x0000000085d00000, 0x0000000085d00000, 0x0000000085e00000|  0%| F|  |TAMS 0x0000000085d00000, 0x0000000085d00000| Untracked 
|  94|0x0000000085e00000, 0x0000000085e00000, 0x0000000085f00000|  0%| F|  |TAMS 0x0000000085e00000, 0x0000000085e00000| Untracked 
|  95|0x0000000085f00000, 0x0000000085f00000, 0x0000000086000000|  0%| F|  |TAMS 0x0000000085f00000, 0x0000000085f00000| Untracked 
|  96|0x0000000086000000, 0x0000000086000000, 0x0000000086100000|  0%| F|  |TAMS 0x0000000086000000, 0x0000000086000000| Untracked 
|  97|0x0000000086100000, 0x0000000086100000, 0x0000000086200000|  0%| F|  |TAMS 0x0000000086100000, 0x0000000086100000| Untracked 
|  98|0x0000000086200000, 0x0000000086200000, 0x0000000086300000|  0%| F|  |TAMS 0x0000000086200000, 0x0000000086200000| Untracked 
|  99|0x0000000086300000, 0x0000000086300000, 0x0000000086400000|  0%| F|  |TAMS 0x0000000086300000, 0x0000000086300000| Untracked 
| 100|0x0000000086400000, 0x0000000086400000, 0x0000000086500000|  0%| F|  |TAMS 0x0000000086400000, 0x0000000086400000| Untracked 
| 101|0x0000000086500000, 0x0000000086500000, 0x0000000086600000|  0%| F|  |TAMS 0x0000000086500000, 0x0000000086500000| Untracked 
| 102|0x0000000086600000, 0x0000000086600000, 0x0000000086700000|  0%| F|  |TAMS 0x0000000086600000, 0x0000000086600000| Untracked 
| 103|0x0000000086700000, 0x0000000086700000, 0x0000000086800000|  0%| F|  |TAMS 0x0000000086700000, 0x0000000086700000| Untracked 
| 104|0x0000000086800000, 0x0000000086800000, 0x0000000086900000|  0%| F|  |TAMS 0x0000000086800000, 0x0000000086800000| Untracked 
| 105|0x0000000086900000, 0x0000000086900000, 0x0000000086a00000|  0%| F|  |TAMS 0x0000000086900000, 0x0000000086900000| Untracked 
| 106|0x0000000086a00000, 0x0000000086a00000, 0x0000000086b00000|  0%| F|  |TAMS 0x0000000086a00000, 0x0000000086a00000| Untracked 
| 107|0x0000000086b00000, 0x0000000086b00000, 0x0000000086c00000|  0%| F|  |TAMS 0x0000000086b00000, 0x0000000086b00000| Untracked 
| 108|0x0000000086c00000, 0x0000000086c00000, 0x0000000086d00000|  0%| F|  |TAMS 0x0000000086c00000, 0x0000000086c00000| Untracked 
| 109|0x0000000086d00000, 0x0000000086d00000, 0x0000000086e00000|  0%| F|  |TAMS 0x0000000086d00000, 0x0000000086d00000| Untracked 
| 110|0x0000000086e00000, 0x0000000086e00000, 0x0000000086f00000|  0%| F|  |TAMS 0x0000000086e00000, 0x0000000086e00000| Untracked 
| 111|0x0000000086f00000, 0x0000000086f00000, 0x0000000087000000|  0%| F|  |TAMS 0x0000000086f00000, 0x0000000086f00000| Untracked 
| 112|0x0000000087000000, 0x0000000087000000, 0x0000000087100000|  0%| F|  |TAMS 0x0000000087000000, 0x0000000087000000| Untracked 
| 113|0x0000000087100000, 0x0000000087100000, 0x0000000087200000|  0%| F|  |TAMS 0x0000000087100000, 0x0000000087100000| Untracked 
| 114|0x0000000087200000, 0x0000000087200000, 0x0000000087300000|  0%| F|  |TAMS 0x0000000087200000, 0x0000000087200000| Untracked 
| 115|0x0000000087300000, 0x0000000087300000, 0x0000000087400000|  0%| F|  |TAMS 0x0000000087300000, 0x0000000087300000| Untracked 
| 116|0x0000000087400000, 0x0000000087400000, 0x0000000087500000|  0%| F|  |TAMS 0x0000000087400000, 0x0000000087400000| Untracked 
| 117|0x0000000087500000, 0x0000000087500000, 0x0000000087600000|  0%| F|  |TAMS 0x0000000087500000, 0x0000000087500000| Untracked 
| 118|0x0000000087600000, 0x0000000087600000, 0x0000000087700000|  0%| F|  |TAMS 0x0000000087600000, 0x0000000087600000| Untracked 
| 119|0x0000000087700000, 0x0000000087700000, 0x0000000087800000|  0%| F|  |TAMS 0x0000000087700000, 0x0000000087700000| Untracked 
| 120|0x0000000087800000, 0x0000000087800000, 0x0000000087900000|  0%| F|  |TAMS 0x0000000087800000, 0x0000000087800000| Untracked 
| 121|0x0000000087900000, 0x0000000087900000, 0x0000000087a00000|  0%| F|  |TAMS 0x0000000087900000, 0x0000000087900000| Untracked 
| 122|0x0000000087a00000, 0x0000000087a00000, 0x0000000087b00000|  0%| F|  |TAMS 0x0000000087a00000, 0x0000000087a00000| Untracked 
| 123|0x0000000087b00000, 0x0000000087b00000, 0x0000000087c00000|  0%| F|  |TAMS 0x0000000087b00000, 0x0000000087b00000| Untracked 
| 124|0x0000000087c00000, 0x0000000087c00000, 0x0000000087d00000|  0%| F|  |TAMS 0x0000000087c00000, 0x0000000087c00000| Untracked 
| 125|0x0000000087d00000, 0x0000000087d00000, 0x0000000087e00000|  0%| F|  |TAMS 0x0000000087d00000, 0x0000000087d00000| Untracked 
| 126|0x0000000087e00000, 0x0000000087e00000, 0x0000000087f00000|  0%| F|  |TAMS 0x0000000087e00000, 0x0000000087e00000| Untracked 
| 127|0x0000000087f00000, 0x0000000087f00000, 0x0000000088000000|  0%| F|  |TAMS 0x0000000087f00000, 0x0000000087f00000| Untracked 
| 128|0x0000000088000000, 0x0000000088000000, 0x0000000088100000|  0%| F|  |TAMS 0x0000000088000000, 0x0000000088000000| Untracked 
| 129|0x0000000088100000, 0x0000000088100000, 0x0000000088200000|  0%| F|  |TAMS 0x0000000088100000, 0x0000000088100000| Untracked 
| 130|0x0000000088200000, 0x0000000088200000, 0x0000000088300000|  0%| F|  |TAMS 0x0000000088200000, 0x0000000088200000| Untracked 
| 131|0x0000000088300000, 0x0000000088300000, 0x0000000088400000|  0%| F|  |TAMS 0x0000000088300000, 0x0000000088300000| Untracked 
| 132|0x0000000088400000, 0x0000000088400000, 0x0000000088500000|  0%| F|  |TAMS 0x0000000088400000, 0x0000000088400000| Untracked 
| 133|0x0000000088500000, 0x0000000088500000, 0x0000000088600000|  0%| F|  |TAMS 0x0000000088500000, 0x0000000088500000| Untracked 
| 134|0x0000000088600000, 0x0000000088600000, 0x0000000088700000|  0%| F|  |TAMS 0x0000000088600000, 0x0000000088600000| Untracked 
| 135|0x0000000088700000, 0x0000000088700000, 0x0000000088800000|  0%| F|  |TAMS 0x0000000088700000, 0x0000000088700000| Untracked 
| 136|0x0000000088800000, 0x0000000088800000, 0x0000000088900000|  0%| F|  |TAMS 0x0000000088800000, 0x0000000088800000| Untracked 
| 137|0x0000000088900000, 0x0000000088900000, 0x0000000088a00000|  0%| F|  |TAMS 0x0000000088900000, 0x0000000088900000| Untracked 
| 138|0x0000000088a00000, 0x0000000088a00000, 0x0000000088b00000|  0%| F|  |TAMS 0x0000000088a00000, 0x0000000088a00000| Untracked 
| 139|0x0000000088b00000, 0x0000000088b00000, 0x0000000088c00000|  0%| F|  |TAMS 0x0000000088b00000, 0x0000000088b00000| Untracked 
| 140|0x0000000088c00000, 0x0000000088c00000, 0x0000000088d00000|  0%| F|  |TAMS 0x0000000088c00000, 0x0000000088c00000| Untracked 
| 141|0x0000000088d00000, 0x0000000088d00000, 0x0000000088e00000|  0%| F|  |TAMS 0x0000000088d00000, 0x0000000088d00000| Untracked 
| 142|0x0000000088e00000, 0x0000000088e00000, 0x0000000088f00000|  0%| F|  |TAMS 0x0000000088e00000, 0x0000000088e00000| Untracked 
| 143|0x0000000088f00000, 0x0000000088f00000, 0x0000000089000000|  0%| F|  |TAMS 0x0000000088f00000, 0x0000000088f00000| Untracked 
| 144|0x0000000089000000, 0x0000000089000000, 0x0000000089100000|  0%| F|  |TAMS 0x0000000089000000, 0x0000000089000000| Untracked 
| 145|0x0000000089100000, 0x0000000089100000, 0x0000000089200000|  0%| F|  |TAMS 0x0000000089100000, 0x0000000089100000| Untracked 
| 146|0x0000000089200000, 0x0000000089200000, 0x0000000089300000|  0%| F|  |TAMS 0x0000000089200000, 0x0000000089200000| Untracked 
| 147|0x0000000089300000, 0x0000000089300000, 0x0000000089400000|  0%| F|  |TAMS 0x0000000089300000, 0x0000000089300000| Untracked 
| 148|0x0000000089400000, 0x0000000089400000, 0x0000000089500000|  0%| F|  |TAMS 0x0000000089400000, 0x0000000089400000| Untracked 
| 149|0x0000000089500000, 0x0000000089500000, 0x0000000089600000|  0%| F|  |TAMS 0x0000000089500000, 0x0000000089500000| Untracked 
| 150|0x0000000089600000, 0x0000000089600000, 0x0000000089700000|  0%| F|  |TAMS 0x0000000089600000, 0x0000000089600000| Untracked 
| 151|0x0000000089700000, 0x0000000089700000, 0x0000000089800000|  0%| F|  |TAMS 0x0000000089700000, 0x0000000089700000| Untracked 
| 152|0x0000000089800000, 0x0000000089800000, 0x0000000089900000|  0%| F|  |TAMS 0x0000000089800000, 0x0000000089800000| Untracked 
| 153|0x0000000089900000, 0x0000000089900000, 0x0000000089a00000|  0%| F|  |TAMS 0x0000000089900000, 0x0000000089900000| Untracked 
| 154|0x0000000089a00000, 0x0000000089a00000, 0x0000000089b00000|  0%| F|  |TAMS 0x0000000089a00000, 0x0000000089a00000| Untracked 
| 155|0x0000000089b00000, 0x0000000089b00000, 0x0000000089c00000|  0%| F|  |TAMS 0x0000000089b00000, 0x0000000089b00000| Untracked 
| 156|0x0000000089c00000, 0x0000000089c00000, 0x0000000089d00000|  0%| F|  |TAMS 0x0000000089c00000, 0x0000000089c00000| Untracked 
| 157|0x0000000089d00000, 0x0000000089d00000, 0x0000000089e00000|  0%| F|  |TAMS 0x0000000089d00000, 0x0000000089d00000| Untracked 
| 158|0x0000000089e00000, 0x0000000089e00000, 0x0000000089f00000|  0%| F|  |TAMS 0x0000000089e00000, 0x0000000089e00000| Untracked 
| 159|0x0000000089f00000, 0x0000000089f00000, 0x000000008a000000|  0%| F|  |TAMS 0x0000000089f00000, 0x0000000089f00000| Untracked 
| 160|0x000000008a000000, 0x000000008a000000, 0x000000008a100000|  0%| F|  |TAMS 0x000000008a000000, 0x000000008a000000| Untracked 
| 161|0x000000008a100000, 0x000000008a100000, 0x000000008a200000|  0%| F|  |TAMS 0x000000008a100000, 0x000000008a100000| Untracked 
| 162|0x000000008a200000, 0x000000008a280800, 0x000000008a300000| 50%| E|  |TAMS 0x000000008a200000, 0x000000008a200000| Complete 
| 163|0x000000008a300000, 0x000000008a400000, 0x000000008a400000|100%| E|CS|TAMS 0x000000008a300000, 0x000000008a300000| Complete 
| 164|0x000000008a400000, 0x000000008a500000, 0x000000008a500000|100%| E|CS|TAMS 0x000000008a400000, 0x000000008a400000| Complete 
| 165|0x000000008a500000, 0x000000008a600000, 0x000000008a600000|100%| E|CS|TAMS 0x000000008a500000, 0x000000008a500000| Complete 
| 166|0x000000008a600000, 0x000000008a700000, 0x000000008a700000|100%| E|CS|TAMS 0x000000008a600000, 0x000000008a600000| Complete 
| 167|0x000000008a700000, 0x000000008a800000, 0x000000008a800000|100%| E|CS|TAMS 0x000000008a700000, 0x000000008a700000| Complete 
| 168|0x000000008a800000, 0x000000008a900000, 0x000000008a900000|100%| E|CS|TAMS 0x000000008a800000, 0x000000008a800000| Complete 
| 169|0x000000008a900000, 0x000000008aa00000, 0x000000008aa00000|100%| E|CS|TAMS 0x000000008a900000, 0x000000008a900000| Complete 
| 170|0x000000008aa00000, 0x000000008ab00000, 0x000000008ab00000|100%| E|CS|TAMS 0x000000008aa00000, 0x000000008aa00000| Complete 
| 171|0x000000008ab00000, 0x000000008ac00000, 0x000000008ac00000|100%| E|CS|TAMS 0x000000008ab00000, 0x000000008ab00000| Complete 
| 172|0x000000008ac00000, 0x000000008ad00000, 0x000000008ad00000|100%| E|CS|TAMS 0x000000008ac00000, 0x000000008ac00000| Complete 
| 173|0x000000008ad00000, 0x000000008ae00000, 0x000000008ae00000|100%| E|CS|TAMS 0x000000008ad00000, 0x000000008ad00000| Complete 
| 174|0x000000008ae00000, 0x000000008af00000, 0x000000008af00000|100%| E|CS|TAMS 0x000000008ae00000, 0x000000008ae00000| Complete 
| 175|0x000000008af00000, 0x000000008b000000, 0x000000008b000000|100%| E|CS|TAMS 0x000000008af00000, 0x000000008af00000| Complete 
| 176|0x000000008b000000, 0x000000008b100000, 0x000000008b100000|100%| E|CS|TAMS 0x000000008b000000, 0x000000008b000000| Complete 
| 177|0x000000008b100000, 0x000000008b200000, 0x000000008b200000|100%| E|CS|TAMS 0x000000008b100000, 0x000000008b100000| Complete 
| 178|0x000000008b200000, 0x000000008b300000, 0x000000008b300000|100%| E|CS|TAMS 0x000000008b200000, 0x000000008b200000| Complete 
| 179|0x000000008b300000, 0x000000008b400000, 0x000000008b400000|100%| E|CS|TAMS 0x000000008b300000, 0x000000008b300000| Complete 
| 180|0x000000008b400000, 0x000000008b500000, 0x000000008b500000|100%| E|CS|TAMS 0x000000008b400000, 0x000000008b400000| Complete 
| 181|0x000000008b500000, 0x000000008b600000, 0x000000008b600000|100%| E|CS|TAMS 0x000000008b500000, 0x000000008b500000| Complete 
| 182|0x000000008b600000, 0x000000008b700000, 0x000000008b700000|100%| E|CS|TAMS 0x000000008b600000, 0x000000008b600000| Complete 
| 183|0x000000008b700000, 0x000000008b800000, 0x000000008b800000|100%| E|CS|TAMS 0x000000008b700000, 0x000000008b700000| Complete 
| 184|0x000000008b800000, 0x000000008b900000, 0x000000008b900000|100%| E|CS|TAMS 0x000000008b800000, 0x000000008b800000| Complete 

Card table byte_map: [0x00000207cada0000,0x00000207cb1a0000] _byte_map_base: 0x00000207ca9a0000

Marking Bits (Prev, Next): (CMBitMap*) 0x00000207b7870058, (CMBitMap*) 0x00000207b7870090
 Prev Bits: [0x00000207cb5a0000, 0x00000207cd5a0000)
 Next Bits: [0x00000207cd5a0000, 0x00000207cf5a0000)

Polling page: 0x00000207b7910000

Metaspace:

Usage:
  Non-class:     63.32 MB capacity,    62.35 MB ( 98%) used,   812.91 KB (  1%) free+waste,   176.38 KB ( <1%) overhead. 
      Class:      9.75 MB capacity,     9.16 MB ( 94%) used,   516.71 KB (  5%) free+waste,    81.25 KB ( <1%) overhead. 
       Both:     73.07 MB capacity,    71.52 MB ( 98%) used,     1.30 MB (  2%) free+waste,   257.63 KB ( <1%) overhead. 

Virtual space:
  Non-class space:       64.00 MB reserved,      63.50 MB (>99%) committed 
      Class space:        1.00 GB reserved,       9.75 MB ( <1%) committed 
             Both:        1.06 GB reserved,      73.25 MB (  7%) committed 

Chunk freelists:
   Non-Class:  58.00 KB
       Class:  2.00 KB
        Both:  60.00 KB

MaxMetaspaceSize: 17179869184.00 GB
CompressedClassSpaceSize: 1.00 GB
Initial GC threshold: 20.80 MB
Current GC threshold: 80.63 MB
CDS: off

CodeHeap 'non-profiled nmethods': size=120064Kb used=4011Kb max_used=4011Kb free=116052Kb
 bounds [0x00000207c2e30000, 0x00000207c3220000, 0x00000207ca370000]
CodeHeap 'profiled nmethods': size=120000Kb used=14898Kb max_used=14898Kb free=105101Kb
 bounds [0x00000207bb900000, 0x00000207bc790000, 0x00000207c2e30000]
CodeHeap 'non-nmethods': size=5696Kb used=2350Kb max_used=2389Kb free=3345Kb
 bounds [0x00000207bb370000, 0x00000207bb5e0000, 0x00000207bb900000]
 total_blobs=7883 nmethods=7016 adapters=779
 compilation: enabled
              stopped_count=0, restarted_count=0
 full_count=0

Compilation events (20 events):
Event: 17.466 Thread 0x00000207d1c07000 7091       3       groovy.lang.MetaClassImpl::applyStrayPropertyMethods (288 bytes)
Event: 17.470 Thread 0x00000207d1c07000 nmethod 7091 0x00000207bc77cb90 code [0x00000207bc77d0c0, 0x00000207bc780168]
Event: 17.475 Thread 0x00000207d1c07000 7093       3       sun.reflect.generics.scope.MethodScope::computeEnclosingScope (8 bytes)
Event: 17.475 Thread 0x00000207d1c07000 nmethod 7093 0x00000207bc781310 code [0x00000207bc781500, 0x00000207bc781a18]
Event: 17.475 Thread 0x00000207d1c07000 7094       3       sun.reflect.generics.scope.MethodScope::getEnclosingClass (11 bytes)
Event: 17.475 Thread 0x00000207d1c07000 nmethod 7094 0x00000207bc781c10 code [0x00000207bc781dc0, 0x00000207bc782058]
Event: 17.486 Thread 0x00000207d1c07000 7095       3       java.util.Collections$UnmodifiableCollection::isEmpty (10 bytes)
Event: 17.487 Thread 0x00000207d1c07000 nmethod 7095 0x00000207bc782110 code [0x00000207bc7822c0, 0x00000207bc782488]
Event: 17.490 Thread 0x00000207d1c07000 7096       3       sun.reflect.generics.reflectiveObjects.TypeVariableImpl::equals (67 bytes)
Event: 17.491 Thread 0x00000207d1c07000 nmethod 7096 0x00000207bc782590 code [0x00000207bc7827c0, 0x00000207bc783118]
Event: 17.494 Thread 0x00000207d1c07000 7097       3       org.codehaus.groovy.util.LockableObject::unlock (7 bytes)
Event: 17.495 Thread 0x00000207d1c07000 nmethod 7097 0x00000207bc783310 code [0x00000207bc7834e0, 0x00000207bc7837f8]
Event: 17.495 Thread 0x00000207d1c07000 7098       3       org.codehaus.groovy.util.LockableObject::lock (25 bytes)
Event: 17.497 Thread 0x00000207d1c07000 nmethod 7098 0x00000207bc783910 code [0x00000207bc783b80, 0x00000207bc784578]
Event: 17.501 Thread 0x00000207d1c07000 7099       3       groovyjarjarasm.asm.SymbolTable::addType (81 bytes)
Event: 17.502 Thread 0x00000207d1c07000 nmethod 7099 0x00000207bc784910 code [0x00000207bc784b40, 0x00000207bc785118]
Event: 17.502 Thread 0x00000207d1c07000 7100       3       groovyjarjarasm.asm.Label::resolve (219 bytes)
Event: 17.503 Thread 0x00000207d1c07000 nmethod 7100 0x00000207bc785410 code [0x00000207bc785600, 0x00000207bc785af8]
Event: 17.503 Thread 0x00000207d1c07000 7101       3       groovyjarjarasm.asm.Frame::getLocal (46 bytes)
Event: 17.503 Thread 0x00000207d1c07000 nmethod 7101 0x00000207bc785e10 code [0x00000207bc785fc0, 0x00000207bc7861b8]

GC Heap History (20 events):
Event: 6.022 GC heap before
{Heap before GC invocations=4 (full 0):
 garbage-first heap   total 131072K, used 43671K [0x0000000080000000, 0x0000000100000000)
  region size 1024K, 34 young (34816K), 6 survivors (6144K)
 Metaspace       used 20839K, capacity 21189K, committed 21296K, reserved 1069056K
  class space    used 2529K, capacity 2688K, committed 2688K, reserved 1048576K
}
Event: 6.033 GC heap after
{Heap after GC invocations=5 (full 0):
 garbage-first heap   total 131072K, used 17608K [0x0000000080000000, 0x0000000100000000)
  region size 1024K, 2 young (2048K), 2 survivors (2048K)
 Metaspace       used 20839K, capacity 21189K, committed 21296K, reserved 1069056K
  class space    used 2529K, capacity 2688K, committed 2688K, reserved 1048576K
}
Event: 6.834 GC heap before
{Heap before GC invocations=6 (full 0):
 garbage-first heap   total 131072K, used 66760K [0x0000000080000000, 0x0000000100000000)
  region size 1024K, 50 young (51200K), 2 survivors (2048K)
 Metaspace       used 25872K, capacity 26460K, committed 26624K, reserved 1073152K
  class space    used 3350K, capacity 3578K, committed 3584K, reserved 1048576K
}
Event: 6.845 GC heap after
{Heap after GC invocations=7 (full 0):
 garbage-first heap   total 131072K, used 19339K [0x0000000080000000, 0x0000000100000000)
  region size 1024K, 3 young (3072K), 3 survivors (3072K)
 Metaspace       used 25872K, capacity 26460K, committed 26624K, reserved 1073152K
  class space    used 3350K, capacity 3578K, committed 3584K, reserved 1048576K
}
Event: 8.366 GC heap before
{Heap before GC invocations=8 (full 0):
 garbage-first heap   total 131072K, used 88971K [0x0000000080000000, 0x0000000100000000)
  region size 1024K, 71 young (72704K), 3 survivors (3072K)
 Metaspace       used 35693K, capacity 36509K, committed 36736K, reserved 1081344K
  class space    used 4600K, capacity 4910K, committed 4992K, reserved 1048576K
}
Event: 8.380 GC heap after
{Heap after GC invocations=9 (full 0):
 garbage-first heap   total 131072K, used 22956K [0x0000000080000000, 0x0000000100000000)
  region size 1024K, 7 young (7168K), 7 survivors (7168K)
 Metaspace       used 35693K, capacity 36509K, committed 36736K, reserved 1081344K
  class space    used 4600K, capacity 4910K, committed 4992K, reserved 1048576K
}
Event: 9.567 GC heap before
{Heap before GC invocations=9 (full 0):
 garbage-first heap   total 131072K, used 93612K [0x0000000080000000, 0x0000000100000000)
  region size 1024K, 74 young (75776K), 7 survivors (7168K)
 Metaspace       used 40781K, capacity 41746K, committed 41984K, reserved 1085440K
  class space    used 5139K, capacity 5519K, committed 5632K, reserved 1048576K
}
Event: 9.590 GC heap after
{Heap after GC invocations=10 (full 0):
 garbage-first heap   total 131072K, used 28338K [0x0000000080000000, 0x0000000100000000)
  region size 1024K, 9 young (9216K), 9 survivors (9216K)
 Metaspace       used 40781K, capacity 41746K, committed 41984K, reserved 1085440K
  class space    used 5139K, capacity 5519K, committed 5632K, reserved 1048576K
}
Event: 10.071 GC heap before
{Heap before GC invocations=10 (full 0):
 garbage-first heap   total 131072K, used 52914K [0x0000000080000000, 0x0000000100000000)
  region size 1024K, 34 young (34816K), 9 survivors (9216K)
 Metaspace       used 43501K, capacity 44459K, committed 44544K, reserved 1087488K
  class space    used 5471K, capacity 5840K, committed 5888K, reserved 1048576K
}
Event: 10.096 GC heap after
{Heap after GC invocations=11 (full 0):
 garbage-first heap   total 157696K, used 30012K [0x0000000080000000, 0x0000000100000000)
  region size 1024K, 2 young (2048K), 2 survivors (2048K)
 Metaspace       used 43501K, capacity 44459K, committed 44544K, reserved 1087488K
  class space    used 5471K, capacity 5840K, committed 5888K, reserved 1048576K
}
Event: 11.524 GC heap before
{Heap before GC invocations=12 (full 0):
 garbage-first heap   total 157696K, used 105788K [0x0000000080000000, 0x0000000100000000)
  region size 1024K, 76 young (77824K), 2 survivors (2048K)
 Metaspace       used 48170K, capacity 49300K, committed 49536K, reserved 1091584K
  class space    used 6087K, capacity 6514K, committed 6528K, reserved 1048576K
}
Event: 11.537 GC heap after
{Heap after GC invocations=13 (full 0):
 garbage-first heap   total 157696K, used 31801K [0x0000000080000000, 0x0000000100000000)
  region size 1024K, 5 young (5120K), 5 survivors (5120K)
 Metaspace       used 48170K, capacity 49300K, committed 49536K, reserved 1091584K
  class space    used 6087K, capacity 6514K, committed 6528K, reserved 1048576K
}
Event: 13.266 GC heap before
{Heap before GC invocations=14 (full 0):
 garbage-first heap   total 157696K, used 116793K [0x0000000080000000, 0x0000000100000000)
  region size 1024K, 84 young (86016K), 5 survivors (5120K)
 Metaspace       used 56980K, capacity 58335K, committed 58368K, reserved 1099776K
  class space    used 7114K, capacity 7656K, committed 7680K, reserved 1048576K
}
Event: 13.280 GC heap after
{Heap after GC invocations=15 (full 0):
 garbage-first heap   total 157696K, used 43677K [0x0000000080000000, 0x0000000100000000)
  region size 1024K, 11 young (11264K), 11 survivors (11264K)
 Metaspace       used 56980K, capacity 58335K, committed 58368K, reserved 1099776K
  class space    used 7114K, capacity 7656K, committed 7680K, reserved 1048576K
}
Event: 14.889 GC heap before
{Heap before GC invocations=15 (full 0):
 garbage-first heap   total 157696K, used 124573K [0x0000000080000000, 0x0000000100000000)
  region size 1024K, 84 young (86016K), 11 survivors (11264K)
 Metaspace       used 64130K, capacity 65642K, committed 65920K, reserved 1105920K
  class space    used 8001K, capacity 8545K, committed 8576K, reserved 1048576K
}
Event: 14.912 GC heap after
{Heap after GC invocations=16 (full 0):
 garbage-first heap   total 157696K, used 51047K [0x0000000080000000, 0x0000000100000000)
  region size 1024K, 7 young (7168K), 7 survivors (7168K)
 Metaspace       used 64130K, capacity 65642K, committed 65920K, reserved 1105920K
  class space    used 8001K, capacity 8545K, committed 8576K, reserved 1048576K
}
Event: 15.852 GC heap before
{Heap before GC invocations=16 (full 0):
 garbage-first heap   total 157696K, used 119655K [0x0000000080000000, 0x0000000100000000)
  region size 1024K, 74 young (75776K), 7 survivors (7168K)
 Metaspace       used 66437K, capacity 67968K, committed 68096K, reserved 1107968K
  class space    used 8339K, capacity 8926K, committed 8960K, reserved 1048576K
}
Event: 15.875 GC heap after
{Heap after GC invocations=17 (full 0):
 garbage-first heap   total 157696K, used 55818K [0x0000000080000000, 0x0000000100000000)
  region size 1024K, 5 young (5120K), 5 survivors (5120K)
 Metaspace       used 66437K, capacity 67968K, committed 68096K, reserved 1107968K
  class space    used 8339K, capacity 8926K, committed 8960K, reserved 1048576K
}
Event: 17.303 GC heap before
{Heap before GC invocations=17 (full 0):
 garbage-first heap   total 157696K, used 123402K [0x0000000080000000, 0x0000000100000000)
  region size 1024K, 71 young (72704K), 5 survivors (5120K)
 Metaspace       used 72793K, capacity 74469K, committed 74496K, reserved 1114112K
  class space    used 9321K, capacity 9972K, committed 9984K, reserved 1048576K
}
Event: 17.321 GC heap after
{Heap after GC invocations=18 (full 0):
 garbage-first heap   total 189440K, used 60233K [0x0000000080000000, 0x0000000100000000)
  region size 1024K, 9 young (9216K), 9 survivors (9216K)
 Metaspace       used 72793K, capacity 74469K, committed 74496K, reserved 1114112K
  class space    used 9321K, capacity 9972K, committed 9984K, reserved 1048576K
}

Deoptimization events (20 events):
Event: 17.043 Thread 0x00000207d471a000 Uncommon trap: trap_request=0xffffffc6 fr.pc=0x00000207c30ab888 relative=0x0000000000000348
Event: 17.043 Thread 0x00000207d471a000 Uncommon trap: reason=bimorphic_or_optimized_type_check action=maybe_recompile pc=0x00000207c30ab888 method=com.google.common.collect.RegularImmutableSet.contains(Ljava/lang/Object;)Z @ 42 c2
Event: 17.043 Thread 0x00000207d471a000 DEOPT PACKING pc=0x00000207c30ab888 sp=0x000000aace7f8af0
Event: 17.044 Thread 0x00000207d471a000 DEOPT UNPACKING pc=0x00000207bb3ba1af sp=0x000000aace7f8a90 mode 2
Event: 17.050 Thread 0x00000207d471a000 Uncommon trap: trap_request=0xffffffc6 fr.pc=0x00000207c30ab888 relative=0x0000000000000348
Event: 17.050 Thread 0x00000207d471a000 Uncommon trap: reason=bimorphic_or_optimized_type_check action=maybe_recompile pc=0x00000207c30ab888 method=com.google.common.collect.RegularImmutableSet.contains(Ljava/lang/Object;)Z @ 42 c2
Event: 17.050 Thread 0x00000207d471a000 DEOPT PACKING pc=0x00000207c30ab888 sp=0x000000aace7f8af0
Event: 17.050 Thread 0x00000207d471a000 DEOPT UNPACKING pc=0x00000207bb3ba1af sp=0x000000aace7f8a90 mode 2
Event: 17.058 Thread 0x00000207d471a000 Uncommon trap: trap_request=0xffffffc6 fr.pc=0x00000207c30ab888 relative=0x0000000000000348
Event: 17.058 Thread 0x00000207d471a000 Uncommon trap: reason=bimorphic_or_optimized_type_check action=maybe_recompile pc=0x00000207c30ab888 method=com.google.common.collect.RegularImmutableSet.contains(Ljava/lang/Object;)Z @ 42 c2
Event: 17.058 Thread 0x00000207d471a000 DEOPT PACKING pc=0x00000207c30ab888 sp=0x000000aace7f8c80
Event: 17.058 Thread 0x00000207d471a000 DEOPT UNPACKING pc=0x00000207bb3ba1af sp=0x000000aace7f8c20 mode 2
Event: 17.161 Thread 0x00000207d471a000 Uncommon trap: trap_request=0xffffffde fr.pc=0x00000207c3169300 relative=0x0000000000000ee0
Event: 17.161 Thread 0x00000207d471a000 Uncommon trap: reason=class_check action=maybe_recompile pc=0x00000207c3169300 method=org.gradle.internal.instantiation.generator.AbstractClassGenerator$InjectionAnnotationValidator.validateMethod(Ljava/lang/reflect/Method;Lorg/gradle/internal/reflect/Pro
Event: 17.161 Thread 0x00000207d471a000 DEOPT PACKING pc=0x00000207c3169300 sp=0x000000aace7f8170
Event: 17.161 Thread 0x00000207d471a000 DEOPT UNPACKING pc=0x00000207bb3ba1af sp=0x000000aace7f8128 mode 2
Event: 17.388 Thread 0x00000207d471a000 Uncommon trap: trap_request=0xffffff4d fr.pc=0x00000207c31b670c relative=0x0000000000002c2c
Event: 17.388 Thread 0x00000207d471a000 Uncommon trap: reason=unstable_if action=reinterpret pc=0x00000207c31b670c method=groovy.lang.MetaClassImpl.isGenericGetMethod(Lgroovy/lang/MetaMethod;)Z @ 10 c2
Event: 17.388 Thread 0x00000207d471a000 DEOPT PACKING pc=0x00000207c31b670c sp=0x000000aace7f64f0
Event: 17.388 Thread 0x00000207d471a000 DEOPT UNPACKING pc=0x00000207bb3ba1af sp=0x000000aace7f64a0 mode 2

Classes redefined (0 events):
No events

Internal exceptions (20 events):
Event: 17.419 Thread 0x00000207d471a000 Exception <a 'java/lang/ClassNotFoundException'{0x000000008ad39b58}: com/google/gms/googleservices/GoogleServicesTaskCustomizer> (0x000000008ad39b58) thrown at [./src/hotspot/share/classfile/systemDictionary.cpp, line 231]
Event: 17.425 Thread 0x00000207d471a000 Exception <a 'java/lang/NoSuchMethodError'{0x000000008ad67e68}: 'long java.lang.invoke.DirectMethodHandle$Holder.invokeStatic(java.lang.Object, java.lang.Object)'> (0x000000008ad67e68) thrown at [./src/hotspot/share/interpreter/linkResolver.cpp, line 773]
Event: 17.436 Thread 0x00000207d471a000 Exception <a 'java/lang/ClassNotFoundException'{0x000000008ac73140}: java/lang/StringBeanInfo> (0x000000008ac73140) thrown at [./src/hotspot/share/classfile/systemDictionary.cpp, line 231]
Event: 17.436 Thread 0x00000207d471a000 Exception <a 'java/lang/ClassNotFoundException'{0x000000008ac7e808}: java/lang/StringCustomizer> (0x000000008ac7e808) thrown at [./src/hotspot/share/classfile/systemDictionary.cpp, line 231]
Event: 17.452 Thread 0x00000207d471a000 Exception <a 'java/lang/ClassNotFoundException'{0x000000008a801178}: org/gradle/api/internal/tasks/DefaultTaskContainer_DecoratedBeanInfo> (0x000000008a801178) thrown at [./src/hotspot/share/classfile/systemDictionary.cpp, line 231]
Event: 17.453 Thread 0x00000207d471a000 Exception <a 'java/lang/ClassNotFoundException'{0x000000008a81beb0}: org/gradle/api/internal/tasks/DefaultTaskContainerBeanInfo> (0x000000008a81beb0) thrown at [./src/hotspot/share/classfile/systemDictionary.cpp, line 231]
Event: 17.454 Thread 0x00000207d471a000 Exception <a 'java/lang/ClassNotFoundException'{0x000000008a837ec0}: org/gradle/api/internal/tasks/DefaultTaskCollectionBeanInfo> (0x000000008a837ec0) thrown at [./src/hotspot/share/classfile/systemDictionary.cpp, line 231]
Event: 17.455 Thread 0x00000207d471a000 Exception <a 'java/lang/ClassNotFoundException'{0x000000008a853c78}: org/gradle/api/internal/tasks/DefaultTaskCollectionCustomizer> (0x000000008a853c78) thrown at [./src/hotspot/share/classfile/systemDictionary.cpp, line 231]
Event: 17.457 Thread 0x00000207d471a000 Exception <a 'java/lang/ClassNotFoundException'{0x000000008a8987f8}: org/gradle/api/internal/tasks/DefaultTaskContainerCustomizer> (0x000000008a8987f8) thrown at [./src/hotspot/share/classfile/systemDictionary.cpp, line 231]
Event: 17.461 Thread 0x00000207d471a000 Exception <a 'java/lang/ClassNotFoundException'{0x000000008a8fe8c8}: org/gradle/api/internal/tasks/DefaultTaskContainer_DecoratedCustomizer> (0x000000008a8fe8c8) thrown at [./src/hotspot/share/classfile/systemDictionary.cpp, line 231]
Event: 17.473 Thread 0x00000207d471a000 Exception <a 'java/lang/ClassNotFoundException'{0x000000008a679660}: java/util/Collections$SingletonListBeanInfo> (0x000000008a679660) thrown at [./src/hotspot/share/classfile/systemDictionary.cpp, line 231]
Event: 17.474 Thread 0x00000207d471a000 Exception <a 'java/lang/ClassNotFoundException'{0x000000008a686748}: java/util/Collections$SingletonListCustomizer> (0x000000008a686748) thrown at [./src/hotspot/share/classfile/systemDictionary.cpp, line 231]
Event: 17.481 Thread 0x00000207d471a000 Exception <a 'java/lang/ClassNotFoundException'{0x000000008a530f28}: org/gradle/api/internal/tasks/DefaultTaskContainer$TaskCreatingProvider_DecoratedBeanInfo> (0x000000008a530f28) thrown at [./src/hotspot/share/classfile/systemDictionary.cpp, line 231]
Event: 17.482 Thread 0x00000207d471a000 Exception <a 'java/lang/ClassNotFoundException'{0x000000008a54ef78}: org/gradle/api/internal/tasks/DefaultTaskContainer$TaskCreatingProviderBeanInfo> (0x000000008a54ef78) thrown at [./src/hotspot/share/classfile/systemDictionary.cpp, line 231]
Event: 17.483 Thread 0x00000207d471a000 Exception <a 'java/lang/ClassNotFoundException'{0x000000008a571490}: org/gradle/api/internal/DefaultNamedDomainObjectCollection$AbstractDomainObjectCreatingProviderBeanInfo> (0x000000008a571490) thrown at [./src/hotspot/share/classfile/systemDictionary.cpp, line 231]
Event: 17.484 Thread 0x00000207d471a000 Exception <a 'java/lang/ClassNotFoundException'{0x000000008a593940}: org/gradle/api/internal/DefaultNamedDomainObjectCollection$AbstractNamedDomainObjectProviderBeanInfo> (0x000000008a593940) thrown at [./src/hotspot/share/classfile/systemDictionary.cpp, line 231]
Event: 17.485 Thread 0x00000207d471a000 Exception <a 'java/lang/ClassNotFoundException'{0x000000008a5b6028}: org/gradle/api/internal/DefaultNamedDomainObjectCollection$AbstractNamedDomainObjectProviderCustomizer> (0x000000008a5b6028) thrown at [./src/hotspot/share/classfile/systemDictionary.cpp, line 231]
Event: 17.488 Thread 0x00000207d471a000 Exception <a 'java/lang/ClassNotFoundException'{0x000000008a5eaf90}: org/gradle/api/internal/DefaultNamedDomainObjectCollection$AbstractDomainObjectCreatingProviderCustomizer> (0x000000008a5eaf90) thrown at [./src/hotspot/share/classfile/systemDictionary.cpp, line 231]
Event: 17.490 Thread 0x00000207d471a000 Exception <a 'java/lang/ClassNotFoundException'{0x000000008a4139a0}: org/gradle/api/internal/tasks/DefaultTaskContainer$TaskCreatingProviderCustomizer> (0x000000008a4139a0) thrown at [./src/hotspot/share/classfile/systemDictionary.cpp, line 231]
Event: 17.491 Thread 0x00000207d471a000 Exception <a 'java/lang/ClassNotFoundException'{0x000000008a43adb8}: org/gradle/api/internal/tasks/DefaultTaskContainer$TaskCreatingProvider_DecoratedCustomizer> (0x000000008a43adb8) thrown at [./src/hotspot/share/classfile/systemDictionary.cpp, line 231]

Events (20 events):
Event: 17.490 loading class org/gradle/api/internal/tasks/DefaultTaskContainer$TaskCreatingProvider_DecoratedCustomizer
Event: 17.490 loading class org/gradle/api/internal/tasks/DefaultTaskContainer$TaskCreatingProvider_DecoratedCustomizer done
Event: 17.491 loading class org/gradle/api/internal/tasks/DefaultTaskContainer$TaskCreatingProvider_DecoratedCustomizer
Event: 17.491 loading class org/gradle/api/internal/tasks/DefaultTaskContainer$TaskCreatingProvider_DecoratedCustomizer done
Event: 17.492 loading class org/codehaus/groovy/transform/trait/Traits
Event: 17.492 loading class org/codehaus/groovy/transform/trait/Traits done
Event: 17.494 loading class org/codehaus/groovy/transform/trait/Traits$TraitBridge
Event: 17.494 loading class org/codehaus/groovy/transform/trait/Traits$TraitBridge done
Event: 17.495 loading class groovy/transform/Trait
Event: 17.495 loading class groovy/transform/Trait done
Event: 17.495 loading class groovy/lang/GeneratedGroovyProxy
Event: 17.495 loading class groovy/lang/GeneratedGroovyProxy done
Event: 17.495 loading class groovy/transform/SelfType
Event: 17.495 loading class groovy/transform/SelfType done
Event: 17.496 loading class org/codehaus/groovy/runtime/ConvertedClosure
Event: 17.496 loading class org/codehaus/groovy/runtime/ConvertedClosure done
Event: 17.498 loading class org/codehaus/groovy/runtime/ConversionHandler
Event: 17.498 loading class org/codehaus/groovy/runtime/ConversionHandler done
Event: 17.503 loading class groovy/lang/GroovyRuntimeException
Event: 17.503 loading class groovy/lang/GroovyRuntimeException done


Dynamic libraries:
0x00007ff742150000 - 0x00007ff74215a000 	C:\Program Files\Android\Android Studio\jre\bin\java.exe
0x00007ff8f8710000 - 0x00007ff8f8908000 	C:\Windows\SYSTEM32\ntdll.dll
0x00007ff8f7230000 - 0x00007ff8f72ef000 	C:\Windows\System32\KERNEL32.DLL
0x00007ff8f62a0000 - 0x00007ff8f6596000 	C:\Windows\System32\KERNELBASE.dll
0x00007ff8f5f10000 - 0x00007ff8f6010000 	C:\Windows\System32\ucrtbase.dll
0x00007ff8e3330000 - 0x00007ff8e3349000 	C:\Program Files\Android\Android Studio\jre\bin\jli.dll
0x00007ff8de640000 - 0x00007ff8de657000 	C:\Program Files\Android\Android Studio\jre\bin\VCRUNTIME140.dll
0x00007ff8f73a0000 - 0x00007ff8f753d000 	C:\Windows\System32\USER32.dll
0x00007ff8f6010000 - 0x00007ff8f6032000 	C:\Windows\System32\win32u.dll
0x00007ff8e3590000 - 0x00007ff8e382a000 	C:\Windows\WinSxS\amd64_microsoft.windows.common-controls_6595b64144ccf1df_6.0.19041.1110_none_60b5254171f9507e\COMCTL32.dll
0x00007ff8f8380000 - 0x00007ff8f83ac000 	C:\Windows\System32\GDI32.dll
0x00007ff8f5df0000 - 0x00007ff8f5f05000 	C:\Windows\System32\gdi32full.dll
0x00007ff8f80b0000 - 0x00007ff8f814e000 	C:\Windows\System32\msvcrt.dll
0x00007ff8f65a0000 - 0x00007ff8f663d000 	C:\Windows\System32\msvcp_win.dll
0x00007ff8f86a0000 - 0x00007ff8f86d0000 	C:\Windows\System32\IMM32.DLL
0x00007ff8c6200000 - 0x00007ff8c629d000 	C:\Program Files\Android\Android Studio\jre\bin\msvcp140.dll
0x00007ff8b0110000 - 0x00007ff8b0c12000 	C:\Program Files\Android\Android Studio\jre\bin\server\jvm.dll
0x00007ff8f72f0000 - 0x00007ff8f739f000 	C:\Windows\System32\ADVAPI32.dll
0x00007ff8f84e0000 - 0x00007ff8f857c000 	C:\Windows\System32\sechost.dll
0x00007ff8f83b0000 - 0x00007ff8f84d6000 	C:\Windows\System32\RPCRT4.dll
0x00007ff8f85e0000 - 0x00007ff8f85e8000 	C:\Windows\System32\PSAPI.DLL
0x00007ff8eedd0000 - 0x00007ff8eedd9000 	C:\Windows\SYSTEM32\WSOCK32.dll
0x00007ff8e2d20000 - 0x00007ff8e2d47000 	C:\Windows\SYSTEM32\WINMM.dll
0x00007ff8f7730000 - 0x00007ff8f779b000 	C:\Windows\System32\WS2_32.dll
0x00007ff8e3830000 - 0x00007ff8e383a000 	C:\Windows\SYSTEM32\VERSION.dll
0x00007ff8f3d20000 - 0x00007ff8f3d32000 	C:\Windows\SYSTEM32\kernel.appcore.dll
0x00007ff8eebc0000 - 0x00007ff8eebd1000 	C:\Program Files\Android\Android Studio\jre\bin\verify.dll
0x00007ff8e1860000 - 0x00007ff8e1a44000 	C:\Windows\SYSTEM32\DBGHELP.DLL
0x00007ff8e2600000 - 0x00007ff8e2634000 	C:\Windows\SYSTEM32\dbgcore.DLL
0x00007ff8f66b0000 - 0x00007ff8f6732000 	C:\Windows\System32\bcryptPrimitives.dll
0x00007ff8e59b0000 - 0x00007ff8e59d9000 	C:\Program Files\Android\Android Studio\jre\bin\java.dll
0x00007ff8eedc0000 - 0x00007ff8eedcb000 	C:\Program Files\Android\Android Studio\jre\bin\jimage.dll
0x00007ff8e58e0000 - 0x00007ff8e58f8000 	C:\Program Files\Android\Android Studio\jre\bin\zip.dll
0x00007ff8f6840000 - 0x00007ff8f6f84000 	C:\Windows\System32\SHELL32.dll
0x00007ff8f3e90000 - 0x00007ff8f4623000 	C:\Windows\SYSTEM32\windows.storage.dll
0x00007ff8f7d50000 - 0x00007ff8f80a4000 	C:\Windows\System32\combase.dll
0x00007ff8f5830000 - 0x00007ff8f585e000 	C:\Windows\SYSTEM32\Wldp.dll
0x00007ff8f8150000 - 0x00007ff8f81fd000 	C:\Windows\System32\SHCORE.dll
0x00007ff8f7540000 - 0x00007ff8f7595000 	C:\Windows\System32\shlwapi.dll
0x00007ff8f5d20000 - 0x00007ff8f5d45000 	C:\Windows\SYSTEM32\profapi.dll
0x00007ff8eec70000 - 0x00007ff8eec8a000 	C:\Program Files\Android\Android Studio\jre\bin\net.dll
0x00007ff8e98c0000 - 0x00007ff8e99ca000 	C:\Windows\SYSTEM32\WINHTTP.dll
0x00007ff8f5590000 - 0x00007ff8f55fa000 	C:\Windows\system32\mswsock.dll
0x00007ff8eec50000 - 0x00007ff8eec64000 	C:\Program Files\Android\Android Studio\jre\bin\nio.dll
0x00007ff8eede0000 - 0x00007ff8eee07000 	C:\Users\hp\.gradle\native\e1d6ef7f7dcc3fd88c89a11ec53ec762bb8ba0a96d01ffa2cd45eb1d1d8dd5c5\windows-amd64\native-platform.dll
0x00007ff8c0170000 - 0x00007ff8c02b4000 	C:\Users\hp\.gradle\native\0d407fdbe67a94daf76414ababcb853783967236a71b16ec16e742cd7a986fd3\windows-amd64\native-platform-file-events.dll
0x00007ff8eec40000 - 0x00007ff8eec4a000 	C:\Program Files\Android\Android Studio\jre\bin\management.dll
0x00007ff8eec30000 - 0x00007ff8eec3d000 	C:\Program Files\Android\Android Studio\jre\bin\management_ext.dll
0x00007ff8f5780000 - 0x00007ff8f5798000 	C:\Windows\SYSTEM32\CRYPTSP.dll
0x00007ff8f4e30000 - 0x00007ff8f4e64000 	C:\Windows\system32\rsaenh.dll
0x00007ff8f6740000 - 0x00007ff8f6767000 	C:\Windows\System32\bcrypt.dll
0x00007ff8f5ca0000 - 0x00007ff8f5cce000 	C:\Windows\SYSTEM32\USERENV.dll
0x00007ff8f57a0000 - 0x00007ff8f57ac000 	C:\Windows\SYSTEM32\CRYPTBASE.dll
0x00007ff8f5230000 - 0x00007ff8f526b000 	C:\Windows\SYSTEM32\IPHLPAPI.DLL
0x00007ff8f8370000 - 0x00007ff8f8378000 	C:\Windows\System32\NSI.dll
0x00007ff8ebd80000 - 0x00007ff8ebd97000 	C:\Windows\SYSTEM32\dhcpcsvc6.DLL
0x00007ff8ebd60000 - 0x00007ff8ebd7d000 	C:\Windows\SYSTEM32\dhcpcsvc.DLL
0x00007ff8f5270000 - 0x00007ff8f533a000 	C:\Windows\SYSTEM32\DNSAPI.dll

dbghelp: loaded successfully - version: 4.0.5 - missing functions: none
symbol engine: initialized successfully - sym options: 0x614 - pdb path: .;C:\Program Files\Android\Android Studio\jre\bin;C:\Windows\SYSTEM32;C:\Windows\WinSxS\amd64_microsoft.windows.common-controls_6595b64144ccf1df_6.0.19041.1110_none_60b5254171f9507e;C:\Program Files\Android\Android Studio\jre\bin\server;C:\Users\hp\.gradle\native\e1d6ef7f7dcc3fd88c89a11ec53ec762bb8ba0a96d01ffa2cd45eb1d1d8dd5c5\windows-amd64;C:\Users\hp\.gradle\native\0d407fdbe67a94daf76414ababcb853783967236a71b16ec16e742cd7a986fd3\windows-amd64

VM Arguments:
jvm_args: --add-opens=java.base/java.util=ALL-UNNAMED --add-opens=java.base/java.lang=ALL-UNNAMED --add-opens=java.base/java.lang.invoke=ALL-UNNAMED --add-opens=java.base/java.util=ALL-UNNAMED --add-opens=java.prefs/java.util.prefs=ALL-UNNAMED --add-opens=java.prefs/java.util.prefs=ALL-UNNAMED --add-opens=java.base/java.nio.charset=ALL-UNNAMED --add-opens=java.base/java.net=ALL-UNNAMED --add-opens=java.base/java.util.concurrent.atomic=ALL-UNNAMED -Xmx2048m -Dfile.encoding=UTF-8 -Duser.country=US -Duser.language=en -Duser.variant 
java_command: org.gradle.launcher.daemon.bootstrap.GradleDaemon 7.4
java_class_path (initial): C:\Users\hp\.gradle\wrapper\dists\gradle-7.4-bin\c0gwcg53nkjbqw7r0h0umtfvt\gradle-7.4\lib\gradle-launcher-7.4.jar
Launcher Type: SUN_STANDARD

[Global flags]
     intx CICompilerCount                          = 3                                         {product} {ergonomic}
     uint ConcGCThreads                            = 1                                         {product} {ergonomic}
     uint G1ConcRefinementThreads                  = 4                                         {product} {ergonomic}
   size_t G1HeapRegionSize                         = 1048576                                   {product} {ergonomic}
    uintx GCDrainStackTargetSize                   = 64                                        {product} {ergonomic}
   size_t InitialHeapSize                          = 134217728                                 {product} {ergonomic}
   size_t MarkStackSize                            = 4194304                                   {product} {ergonomic}
   size_t MaxHeapSize                              = 2147483648                                {product} {command line}
   size_t MaxNewSize                               = 1287651328                                {product} {ergonomic}
   size_t MinHeapDeltaBytes                        = 1048576                                   {product} {ergonomic}
    uintx NonNMethodCodeHeapSize                   = 5830732                                {pd product} {ergonomic}
    uintx NonProfiledCodeHeapSize                  = 122913754                              {pd product} {ergonomic}
    uintx ProfiledCodeHeapSize                     = 122913754                              {pd product} {ergonomic}
    uintx ReservedCodeCacheSize                    = 251658240                              {pd product} {ergonomic}
     bool SegmentedCodeCache                       = true                                      {product} {ergonomic}
     bool UseCompressedClassPointers               = true                                 {lp64_product} {ergonomic}
     bool UseCompressedOops                        = true                                 {lp64_product} {ergonomic}
     bool UseG1GC                                  = true                                      {product} {ergonomic}
     bool UseLargePagesIndividualAllocation        = false                                  {pd product} {ergonomic}

Logging:
Log output configuration:
 #0: stdout all=warning uptime,level,tags
 #1: stderr all=off uptime,level,tags

Environment Variables:
PATH=C:\Program Files (x86)\VMware\VMware Workstation\bin\;C:\Program Files (x86)\NVIDIA Corporation\PhysX\Common;C:\Windows\system32;C:\Windows;C:\Windows\System32\Wbem;C:\Windows\System32\WindowsPowerShell\v1.0\;C:\Windows\System32\OpenSSH\;C:\Users\hp\Documents\Java\jdk1.8.0_111\bin;c:\Program Files (x86)\Microsoft SQL Server\90\Tools\binn\;C:\Program Files\dotnet\;C:\Program Files\Microsoft SQL Server\150\Tools\Binn\;C:\Program Files\Microsoft SQL Server\Client SDK\ODBC\170\Tools\Binn\;C:\Program Files\Git\cmd;C:\Program Files\nodejs\;C:\ProgramData\chocolatey\bin;C:\Users\hp\AppData\Local\Programs\Python\Python310\Scripts\;C:\Users\hp\AppData\Local\Programs\Python\Python310\;C:\Users\hp\AppData\Local\Programs\Python\Launcher\;C:\Users\hp\AppData\Local\Microsoft\WindowsApps;C:\Program Files\Java\jdk1.8.0_111\bin;;C:\Program Files\JetBrains\PyCharm Community Edition 2022.3.1\bin;;C:\Users\hp\.dotnet\tools;C:\Users\hp\AppData\Roaming\npm;C:\Users\hp\AppData\Local\Programs\Microsoft VS Code\bin
USERNAME=hp
OS=Windows_NT
PROCESSOR_IDENTIFIER=Intel64 Family 6 Model 69 Stepping 1, GenuineIntel



---------------  S Y S T E M  ---------------

OS: Windows 10 , 64 bit Build 19041 (10.0.19041.3155)
OS uptime: 0 days 14:56 hours

CPU:total 4 (initial active 4) (2 cores per cpu, 2 threads per core) family 6 model 69 stepping 1 microcode 0x25, cmov, cx8, fxsr, mmx, sse, sse2, sse3, ssse3, sse4.1, sse4.2, popcnt, avx, avx2, aes, clmul, erms, lzcnt, ht, tsc, tscinvbit, bmi1, bmi2, fma

Memory: 4k page, system-wide physical 8089M (2392M free)
TotalPageFile size 10949M (AvailPageFile size 5M)
current process WorkingSet (physical memory assigned to process): 390M, peak: 390M
current process commit charge ("private bytes"): 428M, peak: 429M

vm_info: OpenJDK 64-Bit Server VM (11.0.13+0-b1751.21-8125866) for windows-amd64 JRE (11.0.13+0-b1751.21-8125866), built on Feb  2 2022 03:00:22 by "builder" with MS VC++ 14.0 (VS2015)

END.
