#
# There is insufficient memory for the Java Runtime Environment to continue.
# Native memory allocation (malloc) failed to allocate 32744 bytes for ChunkPool::allocate
# Possible reasons:
#   The system is out of physical RAM or swap space
#   The process is running with CompressedOops enabled, and the Java Heap may be blocking the growth of the native heap
# Possible solutions:
#   Reduce memory load on the system
#   Increase physical memory or swap space
#   Check if swap backing store is full
#   Decrease Java heap size (-Xmx/-Xms)
#   Decrease number of Java threads
#   Decrease Java thread stack sizes (-Xss)
#   Set larger code cache with -XX:ReservedCodeCacheSize=
#   JVM is running with Unscaled Compressed Oops mode in which the Java heap is
#     placed in the first 4GB address space. The Java Heap base address is the
#     maximum limit for the native heap growth. Please use -XX:HeapBaseMinAddress
#     to set the Java Heap base and to place the Java Heap above 4GB virtual address.
# This output file may be truncated or incomplete.
#
#  Out of Memory Error (./src/hotspot/share/memory/arena.cpp:81), pid=7972, tid=11724
#
# JRE version: OpenJDK Runtime Environment (11.0.13) (build 11.0.13+0-b1751.21-8125866)
# Java VM: OpenJDK 64-Bit Server VM (11.0.13+0-b1751.21-8125866, mixed mode, tiered, compressed oops, g1 gc, windows-amd64)
# No core dump will be written. Minidumps are not enabled by default on client versions of Windows
#

---------------  S U M M A R Y ------------

Command Line: --add-opens=java.base/java.util=ALL-UNNAMED --add-opens=java.base/java.lang=ALL-UNNAMED --add-opens=java.base/java.lang.invoke=ALL-UNNAMED --add-opens=java.base/java.util=ALL-UNNAMED --add-opens=java.prefs/java.util.prefs=ALL-UNNAMED --add-opens=java.prefs/java.util.prefs=ALL-UNNAMED --add-opens=java.base/java.nio.charset=ALL-UNNAMED --add-opens=java.base/java.net=ALL-UNNAMED --add-opens=java.base/java.util.concurrent.atomic=ALL-UNNAMED -Xmx2048m -Dfile.encoding=UTF-8 -Duser.country=US -Duser.language=en -Duser.variant org.gradle.launcher.daemon.bootstrap.GradleDaemon 7.4

Host: Intel(R) Core(TM) i5-4300U CPU @ 1.90GHz, 4 cores, 7G,  Windows 10 , 64 bit Build 19041 (10.0.19041.3155)
Time: Wed Aug 23 00:07:28 2023 E. Africa Standard Time elapsed time: 17.436005 seconds (0d 0h 0m 17s)

---------------  T H R E A D  ---------------

Current thread (0x0000023c9e3c3800):  JavaThread "C2 CompilerThread1" daemon [_thread_in_native, id=11724, stack(0x000000fb76300000,0x000000fb76400000)]


Current CompileTask:
C2:  17436 4048       4       groovy.lang.MetaClassImpl$1MOPIter::methodNameAction (325 bytes)

Stack: [0x000000fb76300000,0x000000fb76400000]
Native frames: (J=compiled Java code, j=interpreted, Vv=VM code, C=native code)
V  [jvm.dll+0x6100fa]
V  [jvm.dll+0x747090]
V  [jvm.dll+0x7486ad]
V  [jvm.dll+0x748d83]
V  [jvm.dll+0x24ab48]
V  [jvm.dll+0xc075b]
V  [jvm.dll+0xc0a0c]
V  [jvm.dll+0x3644c6]
V  [jvm.dll+0x363d41]
V  [jvm.dll+0x363d84]
V  [jvm.dll+0x1a07ed]
V  [jvm.dll+0x50808c]
V  [jvm.dll+0x508756]
V  [jvm.dll+0x32b862]
V  [jvm.dll+0x32ad2a]
V  [jvm.dll+0x2032b2]
V  [jvm.dll+0x202437]
V  [jvm.dll+0x188e01]
V  [jvm.dll+0x21106b]
V  [jvm.dll+0x20f8c1]
V  [jvm.dll+0x70de0f]
V  [jvm.dll+0x706a75]
V  [jvm.dll+0x60ed66]
C  [ucrtbase.dll+0x21bb2]
C  [KERNEL32.DLL+0x17614]
C  [ntdll.dll+0x526b1]


---------------  P R O C E S S  ---------------

Threads class SMR info:
_java_thread_list=0x0000023c9e4fc930, length=36, elements={
0x0000023c8077d800, 0x0000023c9c2df000, 0x0000023c9c2e0800, 0x0000023c9c2ec000,
0x0000023c9c2ed000, 0x0000023c9c2ff000, 0x0000023c9c302800, 0x0000023c9c307800,
0x0000023c9c309800, 0x0000023c9cdb7800, 0x0000023c9f41b800, 0x0000023c9cf60800,
0x0000023c9f1bc800, 0x0000023c9ee83000, 0x0000023c9f48a000, 0x0000023c9ea5d000,
0x0000023c9eddb800, 0x0000023ca03c7000, 0x0000023c9dfd7800, 0x0000023c9e2e7000,
0x0000023c9e3bc000, 0x0000023c9e3be800, 0x0000023c9e3bd800, 0x0000023c9e3ba800,
0x0000023c9e3c0000, 0x0000023c9e3bf800, 0x0000023c9e3c1000, 0x0000023c9e3bd000,
0x0000023c9e3bb800, 0x0000023ca0280000, 0x0000023ca027c000, 0x0000023ca027b000,
0x0000023ca027e000, 0x0000023ca027f000, 0x0000023ca027c800, 0x0000023c9e3c3800
}

Java Threads: ( => current thread )
  0x0000023c8077d800 JavaThread "main" [_thread_blocked, id=13704, stack(0x000000fb73700000,0x000000fb73800000)]
  0x0000023c9c2df000 JavaThread "Reference Handler" daemon [_thread_blocked, id=10928, stack(0x000000fb73e00000,0x000000fb73f00000)]
  0x0000023c9c2e0800 JavaThread "Finalizer" daemon [_thread_blocked, id=9424, stack(0x000000fb73f00000,0x000000fb74000000)]
  0x0000023c9c2ec000 JavaThread "Signal Dispatcher" daemon [_thread_blocked, id=9744, stack(0x000000fb74000000,0x000000fb74100000)]
  0x0000023c9c2ed000 JavaThread "Attach Listener" daemon [_thread_blocked, id=10592, stack(0x000000fb74100000,0x000000fb74200000)]
  0x0000023c9c2ff000 JavaThread "Service Thread" daemon [_thread_blocked, id=1048, stack(0x000000fb74200000,0x000000fb74300000)]
  0x0000023c9c302800 JavaThread "C2 CompilerThread0" daemon [_thread_in_native, id=4604, stack(0x000000fb74300000,0x000000fb74400000)]
  0x0000023c9c307800 JavaThread "C1 CompilerThread0" daemon [_thread_blocked, id=8060, stack(0x000000fb74400000,0x000000fb74500000)]
  0x0000023c9c309800 JavaThread "Sweeper thread" daemon [_thread_blocked, id=12604, stack(0x000000fb74500000,0x000000fb74600000)]
  0x0000023c9cdb7800 JavaThread "Common-Cleaner" daemon [_thread_blocked, id=7336, stack(0x000000fb74600000,0x000000fb74700000)]
  0x0000023c9f41b800 JavaThread "Daemon health stats" [_thread_blocked, id=12648, stack(0x000000fb74b00000,0x000000fb74c00000)]
  0x0000023c9cf60800 JavaThread "Incoming local TCP Connector on port 11179" [_thread_in_native, id=7480, stack(0x000000fb74800000,0x000000fb74900000)]
  0x0000023c9f1bc800 JavaThread "Daemon periodic checks" [_thread_blocked, id=4328, stack(0x000000fb74c00000,0x000000fb74d00000)]
  0x0000023c9ee83000 JavaThread "Daemon" [_thread_blocked, id=1592, stack(0x000000fb74d00000,0x000000fb74e00000)]
  0x0000023c9f48a000 JavaThread "Handler for socket connection from /127.0.0.1:11179 to /127.0.0.1:11180" [_thread_in_native, id=3996, stack(0x000000fb74e00000,0x000000fb74f00000)]
  0x0000023c9ea5d000 JavaThread "Cancel handler" [_thread_blocked, id=13480, stack(0x000000fb75000000,0x000000fb75100000)]
  0x0000023c9eddb800 JavaThread "Daemon worker" [_thread_in_vm, id=7908, stack(0x000000fb75100000,0x000000fb75200000)]
  0x0000023ca03c7000 JavaThread "Asynchronous log dispatcher for DefaultDaemonConnection: socket connection from /127.0.0.1:11179 to /127.0.0.1:11180" [_thread_blocked, id=3060, stack(0x000000fb75200000,0x000000fb75300000)]
  0x0000023c9dfd7800 JavaThread "Stdin handler" [_thread_blocked, id=244, stack(0x000000fb75300000,0x000000fb75400000)]
  0x0000023c9e2e7000 JavaThread "Daemon client event forwarder" [_thread_blocked, id=11812, stack(0x000000fb75400000,0x000000fb75500000)]
  0x0000023c9e3bc000 JavaThread "Cache worker for journal cache (C:\Users\hp\.gradle\caches\journal-1)" [_thread_blocked, id=3672, stack(0x000000fb74f00000,0x000000fb75000000)]
  0x0000023c9e3be800 JavaThread "File lock request listener" [_thread_in_native, id=12588, stack(0x000000fb75600000,0x000000fb75700000)]
  0x0000023c9e3bd800 JavaThread "Cache worker for file hash cache (C:\Users\hp\.gradle\caches\7.4\fileHashes)" [_thread_blocked, id=12680, stack(0x000000fb75700000,0x000000fb75800000)]
  0x0000023c9e3ba800 JavaThread "File watcher server" daemon [_thread_in_native, id=10136, stack(0x000000fb75800000,0x000000fb75900000)]
  0x0000023c9e3c0000 JavaThread "File watcher consumer" daemon [_thread_blocked, id=5496, stack(0x000000fb75900000,0x000000fb75a00000)]
  0x0000023c9e3bf800 JavaThread "jar transforms" [_thread_blocked, id=7804, stack(0x000000fb75b00000,0x000000fb75c00000)]
  0x0000023c9e3c1000 JavaThread "jar transforms Thread 2" [_thread_blocked, id=10828, stack(0x000000fb75c00000,0x000000fb75d00000)]
  0x0000023c9e3bd000 JavaThread "jar transforms Thread 3" [_thread_blocked, id=1924, stack(0x000000fb75d00000,0x000000fb75e00000)]
  0x0000023c9e3bb800 JavaThread "jar transforms Thread 4" [_thread_blocked, id=11384, stack(0x000000fb75e00000,0x000000fb75f00000)]
  0x0000023ca0280000 JavaThread "Cache worker for checksums cache (C:\Users\hp\Desktop\eCommerceApp\.gradle\7.4\checksums)" [_thread_blocked, id=8824, stack(0x000000fb75a00000,0x000000fb75b00000)]
  0x0000023ca027c000 JavaThread "Cache worker for cache directory md-rule (C:\Users\hp\.gradle\caches\7.4\md-rule)" [_thread_blocked, id=10548, stack(0x000000fb75f00000,0x000000fb76000000)]
  0x0000023ca027b000 JavaThread "Cache worker for file hash cache (C:\Users\hp\Desktop\eCommerceApp\.gradle\7.4\fileHashes)" [_thread_blocked, id=7896, stack(0x000000fb76000000,0x000000fb76100000)]
  0x0000023ca027e000 JavaThread "Cache worker for cache directory md-supplier (C:\Users\hp\.gradle\caches\7.4\md-supplier)" [_thread_blocked, id=10716, stack(0x000000fb76100000,0x000000fb76200000)]
  0x0000023ca027f000 JavaThread "Cache worker for execution history cache (C:\Users\hp\.gradle\caches\7.4\executionHistory)" [_thread_blocked, id=980, stack(0x000000fb76200000,0x000000fb76300000)]
  0x0000023ca027c800 JavaThread "Cache worker for file content cache (C:\Users\hp\.gradle\caches\7.4\fileContent)" [_thread_blocked, id=11276, stack(0x000000fb76400000,0x000000fb76500000)]
=>0x0000023c9e3c3800 JavaThread "C2 CompilerThread1" daemon [_thread_in_native, id=11724, stack(0x000000fb76300000,0x000000fb76400000)]

Other Threads:
  0x0000023c9c2da000 VMThread "VM Thread" [stack: 0x000000fb73d00000,0x000000fb73e00000] [id=3376]
  0x0000023c9cdfc800 WatcherThread [stack: 0x000000fb74700000,0x000000fb74800000] [id=11876]
  0x0000023c80796000 GCTaskThread "GC Thread#0" [stack: 0x000000fb73800000,0x000000fb73900000] [id=3540]
  0x0000023c9d962800 GCTaskThread "GC Thread#1" [stack: 0x000000fb74900000,0x000000fb74a00000] [id=7464]
  0x0000023c9d220800 GCTaskThread "GC Thread#2" [stack: 0x000000fb74a00000,0x000000fb74b00000] [id=2872]
  0x0000023c9f709000 GCTaskThread "GC Thread#3" [stack: 0x000000fb75500000,0x000000fb75600000] [id=12540]
  0x0000023c807c6800 ConcurrentGCThread "G1 Main Marker" [stack: 0x000000fb73900000,0x000000fb73a00000] [id=5484]
  0x0000023c807c8000 ConcurrentGCThread "G1 Conc#0" [stack: 0x000000fb73a00000,0x000000fb73b00000] [id=7692]
  0x0000023c80856800 ConcurrentGCThread "G1 Refine#0" [stack: 0x000000fb73b00000,0x000000fb73c00000] [id=548]
  0x0000023c80857800 ConcurrentGCThread "G1 Young RemSet Sampling" [stack: 0x000000fb73c00000,0x000000fb73d00000] [id=11192]

Threads with active compile tasks:
C2 CompilerThread0  17503 4012       4       java.net.URLClassLoader$1::run (5 bytes)
C2 CompilerThread1  17503 4048       4       groovy.lang.MetaClassImpl$1MOPIter::methodNameAction (325 bytes)

VM state:not at safepoint (normal execution)

VM Mutex/Monitor currently owned by a thread: None

Heap address: 0x0000000080000000, size: 2048 MB, Compressed Oops mode: 32-bit
Narrow klass base: 0x0000000000000000, Narrow klass shift: 3
Compressed class space size: 1073741824 Address: 0x0000000100000000

Heap:
 garbage-first heap   total 164864K, used 75131K [0x0000000080000000, 0x0000000100000000)
  region size 1024K, 11 young (11264K), 10 survivors (10240K)
 Metaspace       used 45840K, capacity 47085K, committed 47408K, reserved 1095680K
  class space    used 5727K, capacity 6190K, committed 6272K, reserved 1048576K
Heap Regions: E=young(eden), S=young(survivor), O=old, HS=humongous(starts), HC=humongous(continues), CS=collection set, F=free, A=archive, TAMS=top-at-mark-start (previous, next)
|   0|0x0000000080000000, 0x0000000080100000, 0x0000000080100000|100%|HS|  |TAMS 0x0000000080100000, 0x0000000080100000| Complete 
|   1|0x0000000080100000, 0x0000000080200000, 0x0000000080200000|100%|HC|  |TAMS 0x0000000080200000, 0x0000000080200000| Complete 
|   2|0x0000000080200000, 0x0000000080300000, 0x0000000080300000|100%|HC|  |TAMS 0x0000000080300000, 0x0000000080300000| Complete 
|   3|0x0000000080300000, 0x0000000080400000, 0x0000000080400000|100%| O|  |TAMS 0x0000000080400000, 0x0000000080400000| Untracked 
|   4|0x0000000080400000, 0x0000000080500000, 0x0000000080500000|100%| O|  |TAMS 0x0000000080500000, 0x0000000080500000| Untracked 
|   5|0x0000000080500000, 0x0000000080600000, 0x0000000080600000|100%| O|  |TAMS 0x0000000080600000, 0x0000000080600000| Untracked 
|   6|0x0000000080600000, 0x0000000080700000, 0x0000000080700000|100%| O|  |TAMS 0x0000000080700000, 0x0000000080700000| Untracked 
|   7|0x0000000080700000, 0x0000000080800000, 0x0000000080800000|100%| O|  |TAMS 0x0000000080800000, 0x0000000080800000| Untracked 
|   8|0x0000000080800000, 0x0000000080900000, 0x0000000080900000|100%|HS|  |TAMS 0x0000000080900000, 0x0000000080900000| Complete 
|   9|0x0000000080900000, 0x0000000080a00000, 0x0000000080a00000|100%| O|  |TAMS 0x0000000080a00000, 0x0000000080a00000| Untracked 
|  10|0x0000000080a00000, 0x0000000080b00000, 0x0000000080b00000|100%| O|  |TAMS 0x0000000080b00000, 0x0000000080b00000| Untracked 
|  11|0x0000000080b00000, 0x0000000080c00000, 0x0000000080c00000|100%| O|  |TAMS 0x0000000080c00000, 0x0000000080c00000| Untracked 
|  12|0x0000000080c00000, 0x0000000080d00000, 0x0000000080d00000|100%| O|  |TAMS 0x0000000080d00000, 0x0000000080d00000| Untracked 
|  13|0x0000000080d00000, 0x0000000080e00000, 0x0000000080e00000|100%|HS|  |TAMS 0x0000000080e00000, 0x0000000080e00000| Complete 
|  14|0x0000000080e00000, 0x0000000080f00000, 0x0000000080f00000|100%|HC|  |TAMS 0x0000000080f00000, 0x0000000080f00000| Complete 
|  15|0x0000000080f00000, 0x0000000081000000, 0x0000000081000000|100%|HS|  |TAMS 0x0000000081000000, 0x0000000081000000| Complete 
|  16|0x0000000081000000, 0x0000000081100000, 0x0000000081100000|100%|HC|  |TAMS 0x0000000081100000, 0x0000000081100000| Complete 
|  17|0x0000000081100000, 0x0000000081200000, 0x0000000081200000|100%|HC|  |TAMS 0x0000000081200000, 0x0000000081200000| Complete 
|  18|0x0000000081200000, 0x0000000081300000, 0x0000000081300000|100%|HS|  |TAMS 0x0000000081300000, 0x0000000081300000| Complete 
|  19|0x0000000081300000, 0x0000000081400000, 0x0000000081400000|100%|HC|  |TAMS 0x0000000081400000, 0x0000000081400000| Complete 
|  20|0x0000000081400000, 0x0000000081500000, 0x0000000081500000|100%|HS|  |TAMS 0x0000000081500000, 0x0000000081500000| Complete 
|  21|0x0000000081500000, 0x0000000081600000, 0x0000000081600000|100%|HC|  |TAMS 0x0000000081600000, 0x0000000081600000| Complete 
|  22|0x0000000081600000, 0x0000000081700000, 0x0000000081700000|100%|HC|  |TAMS 0x0000000081700000, 0x0000000081700000| Complete 
|  23|0x0000000081700000, 0x0000000081800000, 0x0000000081800000|100%|HS|  |TAMS 0x0000000081800000, 0x0000000081800000| Complete 
|  24|0x0000000081800000, 0x0000000081900000, 0x0000000081900000|100%|HC|  |TAMS 0x0000000081900000, 0x0000000081900000| Complete 
|  25|0x0000000081900000, 0x0000000081a00000, 0x0000000081a00000|100%|HC|  |TAMS 0x0000000081a00000, 0x0000000081a00000| Complete 
|  26|0x0000000081a00000, 0x0000000081b00000, 0x0000000081b00000|100%| O|  |TAMS 0x0000000081b00000, 0x0000000081b00000| Untracked 
|  27|0x0000000081b00000, 0x0000000081c00000, 0x0000000081c00000|100%| O|  |TAMS 0x0000000081c00000, 0x0000000081c00000| Untracked 
|  28|0x0000000081c00000, 0x0000000081d00000, 0x0000000081d00000|100%| O|  |TAMS 0x0000000081d00000, 0x0000000081d00000| Untracked 
|  29|0x0000000081d00000, 0x0000000081e00000, 0x0000000081e00000|100%| O|  |TAMS 0x0000000081e00000, 0x0000000081e00000| Untracked 
|  30|0x0000000081e00000, 0x0000000081f00000, 0x0000000081f00000|100%|HS|  |TAMS 0x0000000081f00000, 0x0000000081f00000| Complete 
|  31|0x0000000081f00000, 0x0000000082000000, 0x0000000082000000|100%|HC|  |TAMS 0x0000000082000000, 0x0000000082000000| Complete 
|  32|0x0000000082000000, 0x0000000082100000, 0x0000000082100000|100%|HC|  |TAMS 0x0000000082100000, 0x0000000082100000| Complete 
|  33|0x0000000082100000, 0x0000000082200000, 0x0000000082200000|100%|HC|  |TAMS 0x0000000082200000, 0x0000000082200000| Complete 
|  34|0x0000000082200000, 0x0000000082300000, 0x0000000082300000|100%|HS|  |TAMS 0x0000000082300000, 0x0000000082300000| Complete 
|  35|0x0000000082300000, 0x0000000082400000, 0x0000000082400000|100%|HC|  |TAMS 0x0000000082400000, 0x0000000082400000| Complete 
|  36|0x0000000082400000, 0x0000000082500000, 0x0000000082500000|100%|HC|  |TAMS 0x0000000082500000, 0x0000000082500000| Complete 
|  37|0x0000000082500000, 0x0000000082600000, 0x0000000082600000|100%|HC|  |TAMS 0x0000000082600000, 0x0000000082600000| Complete 
|  38|0x0000000082600000, 0x0000000082700000, 0x0000000082700000|100%|HC|  |TAMS 0x0000000082700000, 0x0000000082700000| Complete 
|  39|0x0000000082700000, 0x0000000082800000, 0x0000000082800000|100%| O|  |TAMS 0x0000000082800000, 0x0000000082800000| Untracked 
|  40|0x0000000082800000, 0x0000000082900000, 0x0000000082900000|100%| O|  |TAMS 0x0000000082900000, 0x0000000082900000| Untracked 
|  41|0x0000000082900000, 0x0000000082a00000, 0x0000000082a00000|100%| O|  |TAMS 0x0000000082a00000, 0x0000000082a00000| Untracked 
|  42|0x0000000082a00000, 0x0000000082b00000, 0x0000000082b00000|100%| O|  |TAMS 0x0000000082b00000, 0x0000000082b00000| Untracked 
|  43|0x0000000082b00000, 0x0000000082c00000, 0x0000000082c00000|100%| O|  |TAMS 0x0000000082c00000, 0x0000000082c00000| Untracked 
|  44|0x0000000082c00000, 0x0000000082d00000, 0x0000000082d00000|100%| O|  |TAMS 0x0000000082d00000, 0x0000000082d00000| Untracked 
|  45|0x0000000082d00000, 0x0000000082e00000, 0x0000000082e00000|100%| O|  |TAMS 0x0000000082e00000, 0x0000000082e00000| Untracked 
|  46|0x0000000082e00000, 0x0000000082f00000, 0x0000000082f00000|100%| O|  |TAMS 0x0000000082e4c000, 0x0000000082f00000| Untracked 
|  47|0x0000000082f00000, 0x0000000083000000, 0x0000000083000000|100%|HS|  |TAMS 0x0000000082f00000, 0x0000000083000000| Complete 
|  48|0x0000000083000000, 0x0000000083100000, 0x0000000083100000|100%|HC|  |TAMS 0x0000000083000000, 0x0000000083100000| Complete 
|  49|0x0000000083100000, 0x0000000083200000, 0x0000000083200000|100%|HC|  |TAMS 0x0000000083100000, 0x0000000083200000| Complete 
|  50|0x0000000083200000, 0x0000000083300000, 0x0000000083300000|100%|HC|  |TAMS 0x0000000083200000, 0x0000000083300000| Complete 
|  51|0x0000000083300000, 0x0000000083400000, 0x0000000083400000|100%|HS|  |TAMS 0x0000000083300000, 0x0000000083400000| Complete 
|  52|0x0000000083400000, 0x0000000083500000, 0x0000000083500000|100%|HC|  |TAMS 0x0000000083400000, 0x0000000083500000| Complete 
|  53|0x0000000083500000, 0x0000000083600000, 0x0000000083600000|100%|HC|  |TAMS 0x0000000083500000, 0x0000000083600000| Complete 
|  54|0x0000000083600000, 0x0000000083700000, 0x0000000083700000|100%|HS|  |TAMS 0x0000000083600000, 0x0000000083700000| Complete 
|  55|0x0000000083700000, 0x0000000083800000, 0x0000000083800000|100%|HC|  |TAMS 0x0000000083700000, 0x0000000083800000| Complete 
|  56|0x0000000083800000, 0x0000000083900000, 0x0000000083900000|100%|HS|  |TAMS 0x0000000083800000, 0x0000000083900000| Complete 
|  57|0x0000000083900000, 0x0000000083a00000, 0x0000000083a00000|100%|HC|  |TAMS 0x0000000083900000, 0x0000000083a00000| Complete 
|  58|0x0000000083a00000, 0x0000000083b00000, 0x0000000083b00000|100%|HC|  |TAMS 0x0000000083a00000, 0x0000000083b00000| Complete 
|  59|0x0000000083b00000, 0x0000000083b00000, 0x0000000083c00000|  0%| F|  |TAMS 0x0000000083b00000, 0x0000000083b00000| Untracked 
|  60|0x0000000083c00000, 0x0000000083d00000, 0x0000000083d00000|100%| O|  |TAMS 0x0000000083c00000, 0x0000000083d00000| Untracked 
|  61|0x0000000083d00000, 0x0000000083e00000, 0x0000000083e00000|100%| O|  |TAMS 0x0000000083d00000, 0x0000000083e00000| Untracked 
|  62|0x0000000083e00000, 0x0000000083f00000, 0x0000000083f00000|100%| O|  |TAMS 0x0000000083e00000, 0x0000000083f00000| Untracked 
|  63|0x0000000083f00000, 0x0000000084000000, 0x0000000084000000|100%| O|  |TAMS 0x0000000083f00000, 0x0000000084000000| Untracked 
|  64|0x0000000084000000, 0x000000008405ee00, 0x0000000084100000| 37%| O|  |TAMS 0x0000000084000000, 0x000000008405ee00| Untracked 
|  65|0x0000000084100000, 0x0000000084100000, 0x0000000084200000|  0%| F|  |TAMS 0x0000000084100000, 0x0000000084100000| Untracked 
|  66|0x0000000084200000, 0x0000000084200000, 0x0000000084300000|  0%| F|  |TAMS 0x0000000084200000, 0x0000000084200000| Untracked 
|  67|0x0000000084300000, 0x0000000084300000, 0x0000000084400000|  0%| F|  |TAMS 0x0000000084300000, 0x0000000084300000| Untracked 
|  68|0x0000000084400000, 0x0000000084400000, 0x0000000084500000|  0%| F|  |TAMS 0x0000000084400000, 0x0000000084400000| Untracked 
|  69|0x0000000084500000, 0x0000000084500000, 0x0000000084600000|  0%| F|  |TAMS 0x0000000084500000, 0x0000000084500000| Untracked 
|  70|0x0000000084600000, 0x0000000084600000, 0x0000000084700000|  0%| F|  |TAMS 0x0000000084600000, 0x0000000084600000| Untracked 
|  71|0x0000000084700000, 0x0000000084700000, 0x0000000084800000|  0%| F|  |TAMS 0x0000000084700000, 0x0000000084700000| Untracked 
|  72|0x0000000084800000, 0x0000000084800000, 0x0000000084900000|  0%| F|  |TAMS 0x0000000084800000, 0x0000000084800000| Untracked 
|  73|0x0000000084900000, 0x0000000084900000, 0x0000000084a00000|  0%| F|  |TAMS 0x0000000084900000, 0x0000000084900000| Untracked 
|  74|0x0000000084a00000, 0x0000000084a00000, 0x0000000084b00000|  0%| F|  |TAMS 0x0000000084a00000, 0x0000000084a00000| Untracked 
|  75|0x0000000084b00000, 0x0000000084b00000, 0x0000000084c00000|  0%| F|  |TAMS 0x0000000084b00000, 0x0000000084b00000| Untracked 
|  76|0x0000000084c00000, 0x0000000084c00000, 0x0000000084d00000|  0%| F|  |TAMS 0x0000000084c00000, 0x0000000084c00000| Untracked 
|  77|0x0000000084d00000, 0x0000000084d00000, 0x0000000084e00000|  0%| F|  |TAMS 0x0000000084d00000, 0x0000000084d00000| Untracked 
|  78|0x0000000084e00000, 0x0000000084e00000, 0x0000000084f00000|  0%| F|  |TAMS 0x0000000084e00000, 0x0000000084e00000| Untracked 
|  79|0x0000000084f00000, 0x0000000084f00000, 0x0000000085000000|  0%| F|  |TAMS 0x0000000084f00000, 0x0000000084f00000| Untracked 
|  80|0x0000000085000000, 0x0000000085000000, 0x0000000085100000|  0%| F|  |TAMS 0x0000000085000000, 0x0000000085000000| Untracked 
|  81|0x0000000085100000, 0x0000000085100000, 0x0000000085200000|  0%| F|  |TAMS 0x0000000085100000, 0x0000000085100000| Untracked 
|  82|0x0000000085200000, 0x0000000085200000, 0x0000000085300000|  0%| F|  |TAMS 0x0000000085200000, 0x0000000085200000| Untracked 
|  83|0x0000000085300000, 0x0000000085300000, 0x0000000085400000|  0%| F|  |TAMS 0x0000000085300000, 0x0000000085300000| Untracked 
|  84|0x0000000085400000, 0x0000000085400000, 0x0000000085500000|  0%| F|  |TAMS 0x0000000085400000, 0x0000000085400000| Untracked 
|  85|0x0000000085500000, 0x0000000085500000, 0x0000000085600000|  0%| F|  |TAMS 0x0000000085500000, 0x0000000085500000| Untracked 
|  86|0x0000000085600000, 0x0000000085600000, 0x0000000085700000|  0%| F|  |TAMS 0x0000000085600000, 0x0000000085600000| Untracked 
|  87|0x0000000085700000, 0x0000000085700000, 0x0000000085800000|  0%| F|  |TAMS 0x0000000085700000, 0x0000000085700000| Untracked 
|  88|0x0000000085800000, 0x0000000085800000, 0x0000000085900000|  0%| F|  |TAMS 0x0000000085800000, 0x0000000085800000| Untracked 
|  89|0x0000000085900000, 0x0000000085900000, 0x0000000085a00000|  0%| F|  |TAMS 0x0000000085900000, 0x0000000085900000| Untracked 
|  90|0x0000000085a00000, 0x0000000085a00000, 0x0000000085b00000|  0%| F|  |TAMS 0x0000000085a00000, 0x0000000085a00000| Untracked 
|  91|0x0000000085b00000, 0x0000000085b00000, 0x0000000085c00000|  0%| F|  |TAMS 0x0000000085b00000, 0x0000000085b00000| Untracked 
|  92|0x0000000085c00000, 0x0000000085c00000, 0x0000000085d00000|  0%| F|  |TAMS 0x0000000085c00000, 0x0000000085c00000| Untracked 
|  93|0x0000000085d00000, 0x0000000085d00000, 0x0000000085e00000|  0%| F|  |TAMS 0x0000000085d00000, 0x0000000085d00000| Untracked 
|  94|0x0000000085e00000, 0x0000000085e00000, 0x0000000085f00000|  0%| F|  |TAMS 0x0000000085e00000, 0x0000000085e00000| Untracked 
|  95|0x0000000085f00000, 0x0000000085f00000, 0x0000000086000000|  0%| F|  |TAMS 0x0000000085f00000, 0x0000000085f00000| Untracked 
|  96|0x0000000086000000, 0x0000000086000000, 0x0000000086100000|  0%| F|  |TAMS 0x0000000086000000, 0x0000000086000000| Untracked 
|  97|0x0000000086100000, 0x0000000086100000, 0x0000000086200000|  0%| F|  |TAMS 0x0000000086100000, 0x0000000086100000| Untracked 
|  98|0x0000000086200000, 0x0000000086200000, 0x0000000086300000|  0%| F|  |TAMS 0x0000000086200000, 0x0000000086200000| Untracked 
|  99|0x0000000086300000, 0x0000000086300000, 0x0000000086400000|  0%| F|  |TAMS 0x0000000086300000, 0x0000000086300000| Untracked 
| 100|0x0000000086400000, 0x0000000086400000, 0x0000000086500000|  0%| F|  |TAMS 0x0000000086400000, 0x0000000086400000| Untracked 
| 101|0x0000000086500000, 0x0000000086500000, 0x0000000086600000|  0%| F|  |TAMS 0x0000000086500000, 0x0000000086500000| Untracked 
| 102|0x0000000086600000, 0x0000000086600000, 0x0000000086700000|  0%| F|  |TAMS 0x0000000086600000, 0x0000000086600000| Untracked 
| 103|0x0000000086700000, 0x0000000086700000, 0x0000000086800000|  0%| F|  |TAMS 0x0000000086700000, 0x0000000086700000| Untracked 
| 104|0x0000000086800000, 0x0000000086800000, 0x0000000086900000|  0%| F|  |TAMS 0x0000000086800000, 0x0000000086800000| Untracked 
| 105|0x0000000086900000, 0x0000000086900000, 0x0000000086a00000|  0%| F|  |TAMS 0x0000000086900000, 0x0000000086900000| Untracked 
| 106|0x0000000086a00000, 0x0000000086a00000, 0x0000000086b00000|  0%| F|  |TAMS 0x0000000086a00000, 0x0000000086a00000| Untracked 
| 107|0x0000000086b00000, 0x0000000086b00000, 0x0000000086c00000|  0%| F|  |TAMS 0x0000000086b00000, 0x0000000086b00000| Untracked 
| 108|0x0000000086c00000, 0x0000000086c00000, 0x0000000086d00000|  0%| F|  |TAMS 0x0000000086c00000, 0x0000000086c00000| Untracked 
| 109|0x0000000086d00000, 0x0000000086d00000, 0x0000000086e00000|  0%| F|  |TAMS 0x0000000086d00000, 0x0000000086d00000| Untracked 
| 110|0x0000000086e00000, 0x0000000086f00000, 0x0000000086f00000|100%| S|CS|TAMS 0x0000000086e00000, 0x0000000086e00000| Complete 
| 111|0x0000000086f00000, 0x0000000087000000, 0x0000000087000000|100%| S|CS|TAMS 0x0000000086f00000, 0x0000000086f00000| Complete 
| 112|0x0000000087000000, 0x0000000087100000, 0x0000000087100000|100%| S|CS|TAMS 0x0000000087000000, 0x0000000087000000| Complete 
| 113|0x0000000087100000, 0x0000000087200000, 0x0000000087200000|100%| S|CS|TAMS 0x0000000087100000, 0x0000000087100000| Complete 
| 114|0x0000000087200000, 0x0000000087300000, 0x0000000087300000|100%| S|CS|TAMS 0x0000000087200000, 0x0000000087200000| Complete 
| 115|0x0000000087300000, 0x0000000087400000, 0x0000000087400000|100%| S|CS|TAMS 0x0000000087300000, 0x0000000087300000| Complete 
| 116|0x0000000087400000, 0x0000000087500000, 0x0000000087500000|100%| S|CS|TAMS 0x0000000087400000, 0x0000000087400000| Complete 
| 117|0x0000000087500000, 0x0000000087600000, 0x0000000087600000|100%| S|CS|TAMS 0x0000000087500000, 0x0000000087500000| Complete 
| 118|0x0000000087600000, 0x0000000087700000, 0x0000000087700000|100%| S|CS|TAMS 0x0000000087600000, 0x0000000087600000| Complete 
| 119|0x0000000087700000, 0x0000000087800000, 0x0000000087800000|100%| S|CS|TAMS 0x0000000087700000, 0x0000000087700000| Complete 
| 120|0x0000000087800000, 0x0000000087800000, 0x0000000087900000|  0%| F|  |TAMS 0x0000000087800000, 0x0000000087800000| Untracked 
| 121|0x0000000087900000, 0x0000000087900000, 0x0000000087a00000|  0%| F|  |TAMS 0x0000000087900000, 0x0000000087900000| Untracked 
| 122|0x0000000087a00000, 0x0000000087a00000, 0x0000000087b00000|  0%| F|  |TAMS 0x0000000087a00000, 0x0000000087a00000| Untracked 
| 123|0x0000000087b00000, 0x0000000087b00000, 0x0000000087c00000|  0%| F|  |TAMS 0x0000000087b00000, 0x0000000087b00000| Untracked 
| 124|0x0000000087c00000, 0x0000000087c00000, 0x0000000087d00000|  0%| F|  |TAMS 0x0000000087c00000, 0x0000000087c00000| Untracked 
| 125|0x0000000087d00000, 0x0000000087d00000, 0x0000000087e00000|  0%| F|  |TAMS 0x0000000087d00000, 0x0000000087d00000| Untracked 
| 126|0x0000000087e00000, 0x0000000087e00000, 0x0000000087f00000|  0%| F|  |TAMS 0x0000000087e00000, 0x0000000087e00000| Untracked 
| 127|0x0000000087f00000, 0x0000000087f00000, 0x0000000088000000|  0%| F|  |TAMS 0x0000000087f00000, 0x0000000087f00000| Untracked 
| 128|0x0000000088000000, 0x0000000088000000, 0x0000000088100000|  0%| F|  |TAMS 0x0000000088000000, 0x0000000088000000| Untracked 
| 129|0x0000000088100000, 0x0000000088100000, 0x0000000088200000|  0%| F|  |TAMS 0x0000000088100000, 0x0000000088100000| Untracked 
| 130|0x0000000088200000, 0x0000000088200000, 0x0000000088300000|  0%| F|  |TAMS 0x0000000088200000, 0x0000000088200000| Untracked 
| 131|0x0000000088300000, 0x0000000088300000, 0x0000000088400000|  0%| F|  |TAMS 0x0000000088300000, 0x0000000088300000| Untracked 
| 132|0x0000000088400000, 0x0000000088400000, 0x0000000088500000|  0%| F|  |TAMS 0x0000000088400000, 0x0000000088400000| Untracked 
| 133|0x0000000088500000, 0x0000000088500000, 0x0000000088600000|  0%| F|  |TAMS 0x0000000088500000, 0x0000000088500000| Untracked 
| 134|0x0000000088600000, 0x0000000088600000, 0x0000000088700000|  0%| F|  |TAMS 0x0000000088600000, 0x0000000088600000| Untracked 
| 135|0x0000000088700000, 0x0000000088700000, 0x0000000088800000|  0%| F|  |TAMS 0x0000000088700000, 0x0000000088700000| Untracked 
| 136|0x0000000088800000, 0x0000000088800000, 0x0000000088900000|  0%| F|  |TAMS 0x0000000088800000, 0x0000000088800000| Untracked 
| 137|0x0000000088900000, 0x0000000088900000, 0x0000000088a00000|  0%| F|  |TAMS 0x0000000088900000, 0x0000000088900000| Untracked 
| 138|0x0000000088a00000, 0x0000000088a00000, 0x0000000088b00000|  0%| F|  |TAMS 0x0000000088a00000, 0x0000000088a00000| Untracked 
| 139|0x0000000088b00000, 0x0000000088b00000, 0x0000000088c00000|  0%| F|  |TAMS 0x0000000088b00000, 0x0000000088b00000| Untracked 
| 140|0x0000000088c00000, 0x0000000088c00000, 0x0000000088d00000|  0%| F|  |TAMS 0x0000000088c00000, 0x0000000088c00000| Untracked 
| 141|0x0000000088d00000, 0x0000000088d00000, 0x0000000088e00000|  0%| F|  |TAMS 0x0000000088d00000, 0x0000000088d00000| Untracked 
| 142|0x0000000088e00000, 0x0000000088e00000, 0x0000000088f00000|  0%| F|  |TAMS 0x0000000088e00000, 0x0000000088e00000| Untracked 
| 143|0x0000000088f00000, 0x0000000088f00000, 0x0000000089000000|  0%| F|  |TAMS 0x0000000088f00000, 0x0000000088f00000| Untracked 
| 144|0x0000000089000000, 0x0000000089000000, 0x0000000089100000|  0%| F|  |TAMS 0x0000000089000000, 0x0000000089000000| Untracked 
| 145|0x0000000089100000, 0x0000000089100000, 0x0000000089200000|  0%| F|  |TAMS 0x0000000089100000, 0x0000000089100000| Untracked 
| 146|0x0000000089200000, 0x0000000089200000, 0x0000000089300000|  0%| F|  |TAMS 0x0000000089200000, 0x0000000089200000| Untracked 
| 147|0x0000000089300000, 0x0000000089300000, 0x0000000089400000|  0%| F|  |TAMS 0x0000000089300000, 0x0000000089300000| Untracked 
| 148|0x0000000089400000, 0x0000000089400000, 0x0000000089500000|  0%| F|  |TAMS 0x0000000089400000, 0x0000000089400000| Untracked 
| 149|0x0000000089500000, 0x0000000089500000, 0x0000000089600000|  0%| F|  |TAMS 0x0000000089500000, 0x0000000089500000| Untracked 
| 150|0x0000000089600000, 0x0000000089600000, 0x0000000089700000|  0%| F|  |TAMS 0x0000000089600000, 0x0000000089600000| Untracked 
| 151|0x0000000089700000, 0x0000000089700000, 0x0000000089800000|  0%| F|  |TAMS 0x0000000089700000, 0x0000000089700000| Untracked 
| 152|0x0000000089800000, 0x0000000089800000, 0x0000000089900000|  0%| F|  |TAMS 0x0000000089800000, 0x0000000089800000| Untracked 
| 153|0x0000000089900000, 0x0000000089900000, 0x0000000089a00000|  0%| F|  |TAMS 0x0000000089900000, 0x0000000089900000| Untracked 
| 154|0x0000000089a00000, 0x0000000089a00000, 0x0000000089b00000|  0%| F|  |TAMS 0x0000000089a00000, 0x0000000089a00000| Untracked 
| 155|0x0000000089b00000, 0x0000000089b00000, 0x0000000089c00000|  0%| F|  |TAMS 0x0000000089b00000, 0x0000000089b00000| Untracked 
| 156|0x0000000089c00000, 0x0000000089c00000, 0x0000000089d00000|  0%| F|  |TAMS 0x0000000089c00000, 0x0000000089c00000| Untracked 
| 157|0x0000000089d00000, 0x0000000089d00000, 0x0000000089e00000|  0%| F|  |TAMS 0x0000000089d00000, 0x0000000089d00000| Untracked 
| 158|0x0000000089e00000, 0x0000000089e00000, 0x0000000089f00000|  0%| F|  |TAMS 0x0000000089e00000, 0x0000000089e00000| Untracked 
| 159|0x0000000089f00000, 0x0000000089f00000, 0x000000008a000000|  0%| F|  |TAMS 0x0000000089f00000, 0x0000000089f00000| Untracked 
| 160|0x000000008a000000, 0x000000008a080000, 0x000000008a100000| 50%| E|  |TAMS 0x000000008a000000, 0x000000008a000000| Complete 

Card table byte_map: [0x0000023c954a0000,0x0000023c958a0000] _byte_map_base: 0x0000023c950a0000

Marking Bits (Prev, Next): (CMBitMap*) 0x0000023c807bdd48, (CMBitMap*) 0x0000023c807bdd80
 Prev Bits: [0x0000023c95ca0000, 0x0000023c97ca0000)
 Next Bits: [0x0000023c97ca0000, 0x0000023c99ca0000)

Polling page: 0x0000023c80570000

Metaspace:

Usage:
  Non-class:     39.94 MB capacity,    39.19 MB ( 98%) used,   652.31 KB (  2%) free+waste,   114.69 KB ( <1%) overhead. 
      Class:      6.04 MB capacity,     5.60 MB ( 93%) used,   405.15 KB (  7%) free+waste,    55.25 KB ( <1%) overhead. 
       Both:     45.98 MB capacity,    44.78 MB ( 97%) used,     1.03 MB (  2%) free+waste,   169.94 KB ( <1%) overhead. 

Virtual space:
  Non-class space:       46.00 MB reserved,      40.17 MB ( 87%) committed 
      Class space:        1.00 GB reserved,       6.13 MB ( <1%) committed 
             Both:        1.04 GB reserved,      46.30 MB (  4%) committed 

Chunk freelists:
   Non-Class:  49.00 KB
       Class:  18.00 KB
        Both:  67.00 KB

MaxMetaspaceSize: 17179869184.00 GB
CompressedClassSpaceSize: 1.00 GB
Initial GC threshold: 20.80 MB
Current GC threshold: 58.74 MB
CDS: off

CodeHeap 'non-profiled nmethods': size=120064Kb used=2517Kb max_used=2517Kb free=117546Kb
 bounds [0x0000023c8d540000, 0x0000023c8d7c0000, 0x0000023c94a80000]
CodeHeap 'profiled nmethods': size=120000Kb used=8791Kb max_used=8791Kb free=111208Kb
 bounds [0x0000023c86010000, 0x0000023c868b0000, 0x0000023c8d540000]
CodeHeap 'non-nmethods': size=5696Kb used=2284Kb max_used=2333Kb free=3411Kb
 bounds [0x0000023c85a80000, 0x0000023c85cf0000, 0x0000023c86010000]
 total_blobs=4876 nmethods=4095 adapters=693
 compilation: enabled
              stopped_count=0, restarted_count=0
 full_count=0

Compilation events (20 events):
Event: 17.388 Thread 0x0000023c9c307800 4097       3       org.codehaus.groovy.reflection.CachedClass::getFields (11 bytes)
Event: 17.388 Thread 0x0000023c9c307800 nmethod 4097 0x0000023c8689d910 code [0x0000023c8689dae0, 0x0000023c8689dd88]
Event: 17.392 Thread 0x0000023c9c307800 4098       3       java.util.TreeMap::values (25 bytes)
Event: 17.392 Thread 0x0000023c9c307800 nmethod 4098 0x0000023c8689de90 code [0x0000023c8689e060, 0x0000023c8689e3d8]
Event: 17.392 Thread 0x0000023c9c307800 4099       3       groovy.lang.MetaClassImpl$Index::put (10 bytes)
Event: 17.392 Thread 0x0000023c9c307800 nmethod 4099 0x0000023c8689e510 code [0x0000023c8689e6e0, 0x0000023c8689e8e8]
Event: 17.395 Thread 0x0000023c9c307800 4100       3       com.google.common.collect.MapMakerInternalMap$StrongKeyWeakValueSegment::maybeDrainReferenceQueues (9 bytes)
Event: 17.396 Thread 0x0000023c9c307800 nmethod 4100 0x0000023c8689ea10 code [0x0000023c8689ebc0, 0x0000023c8689ed68]
Event: 17.396 Thread 0x0000023c9c307800 4101       3       com.google.common.collect.MapMakerInternalMap$Segment::drainValueReferenceQueue (42 bytes)
Event: 17.397 Thread 0x0000023c9c307800 nmethod 4101 0x0000023c8689ee10 code [0x0000023c8689f060, 0x0000023c8689fae8]
Event: 17.397 Thread 0x0000023c9c307800 4102       3       com.google.common.collect.MapMakerInternalMap$StrongKeyWeakValueEntry::setValue (26 bytes)
Event: 17.397 Thread 0x0000023c9c307800 nmethod 4102 0x0000023c8689fe90 code [0x0000023c868a0080, 0x0000023c868a05e8]
Event: 17.397 Thread 0x0000023c9c307800 4103       3       java.util.stream.SpinedBuffer::capacity (38 bytes)
Event: 17.398 Thread 0x0000023c9c307800 nmethod 4103 0x0000023c868a0790 code [0x0000023c868a0960, 0x0000023c868a0b38]
Event: 17.400 Thread 0x0000023c9c307800 4105       3       groovyjarjarasm.asm.SymbolTable::addConstantUtf8Reference (101 bytes)
Event: 17.400 Thread 0x0000023c9c307800 nmethod 4105 0x0000023c868a0c90 code [0x0000023c868a0ec0, 0x0000023c868a1538]
Event: 17.400 Thread 0x0000023c9c307800 4104       3       groovyjarjarasm.asm.SymbolTable::addConstantClass (8 bytes)
Event: 17.401 Thread 0x0000023c9c307800 nmethod 4104 0x0000023c868a1890 code [0x0000023c868a1a40, 0x0000023c868a1b68]
Event: 17.405 Thread 0x0000023c9c307800 4106       1       org.codehaus.groovy.runtime.metaclass.MetaClassRegistryImpl::getMetaClassCreationHandler (5 bytes)
Event: 17.405 Thread 0x0000023c9c307800 nmethod 4106 0x0000023c8d7b4c10 code [0x0000023c8d7b4dc0, 0x0000023c8d7b4e78]

GC Heap History (16 events):
Event: 0.686 GC heap before
{Heap before GC invocations=0 (full 0):
 garbage-first heap   total 131072K, used 17408K [0x0000000080000000, 0x0000000100000000)
  region size 1024K, 14 young (14336K), 0 survivors (0K)
 Metaspace       used 6732K, capacity 6925K, committed 7168K, reserved 1056768K
  class space    used 572K, capacity 650K, committed 768K, reserved 1048576K
}
Event: 0.692 GC heap after
{Heap after GC invocations=1 (full 0):
 garbage-first heap   total 131072K, used 4274K [0x0000000080000000, 0x0000000100000000)
  region size 1024K, 2 young (2048K), 2 survivors (2048K)
 Metaspace       used 6732K, capacity 6925K, committed 7168K, reserved 1056768K
  class space    used 572K, capacity 650K, committed 768K, reserved 1048576K
}
Event: 1.142 GC heap before
{Heap before GC invocations=1 (full 0):
 garbage-first heap   total 131072K, used 19634K [0x0000000080000000, 0x0000000100000000)
  region size 1024K, 14 young (14336K), 2 survivors (2048K)
 Metaspace       used 9879K, capacity 10118K, committed 10368K, reserved 1058816K
  class space    used 1011K, capacity 1102K, committed 1152K, reserved 1048576K
}
Event: 1.149 GC heap after
{Heap after GC invocations=2 (full 0):
 garbage-first heap   total 131072K, used 9184K [0x0000000080000000, 0x0000000100000000)
  region size 1024K, 2 young (2048K), 2 survivors (2048K)
 Metaspace       used 9879K, capacity 10118K, committed 10368K, reserved 1058816K
  class space    used 1011K, capacity 1102K, committed 1152K, reserved 1048576K
}
Event: 1.809 GC heap before
{Heap before GC invocations=2 (full 0):
 garbage-first heap   total 131072K, used 37856K [0x0000000080000000, 0x0000000100000000)
  region size 1024K, 30 young (30720K), 2 survivors (2048K)
 Metaspace       used 10858K, capacity 11073K, committed 11264K, reserved 1058816K
  class space    used 1112K, capacity 1207K, committed 1280K, reserved 1048576K
}
Event: 1.814 GC heap after
{Heap after GC invocations=3 (full 0):
 garbage-first heap   total 131072K, used 12743K [0x0000000080000000, 0x0000000100000000)
  region size 1024K, 4 young (4096K), 4 survivors (4096K)
 Metaspace       used 10858K, capacity 11073K, committed 11264K, reserved 1058816K
  class space    used 1112K, capacity 1207K, committed 1280K, reserved 1048576K
}
Event: 4.923 GC heap before
{Heap before GC invocations=3 (full 0):
 garbage-first heap   total 131072K, used 53703K [0x0000000080000000, 0x0000000100000000)
  region size 1024K, 45 young (46080K), 4 survivors (4096K)
 Metaspace       used 17871K, capacity 18276K, committed 18432K, reserved 1064960K
  class space    used 2070K, capacity 2194K, committed 2304K, reserved 1048576K
}
Event: 4.999 GC heap after
{Heap after GC invocations=4 (full 0):
 garbage-first heap   total 131072K, used 17144K [0x0000000080000000, 0x0000000100000000)
  region size 1024K, 6 young (6144K), 6 survivors (6144K)
 Metaspace       used 17871K, capacity 18276K, committed 18432K, reserved 1064960K
  class space    used 2070K, capacity 2194K, committed 2304K, reserved 1048576K
}
Event: 5.967 GC heap before
{Heap before GC invocations=4 (full 0):
 garbage-first heap   total 131072K, used 43768K [0x0000000080000000, 0x0000000100000000)
  region size 1024K, 33 young (33792K), 6 survivors (6144K)
 Metaspace       used 20720K, capacity 21152K, committed 21296K, reserved 1069056K
  class space    used 2510K, capacity 2663K, committed 2688K, reserved 1048576K
}
Event: 5.980 GC heap after
{Heap after GC invocations=5 (full 0):
 garbage-first heap   total 164864K, used 18485K [0x0000000080000000, 0x0000000100000000)
  region size 1024K, 6 young (6144K), 6 survivors (6144K)
 Metaspace       used 20720K, capacity 21152K, committed 21296K, reserved 1069056K
  class space    used 2510K, capacity 2663K, committed 2688K, reserved 1048576K
}
Event: 9.197 GC heap before
{Heap before GC invocations=6 (full 0):
 garbage-first heap   total 164864K, used 92213K [0x0000000080000000, 0x0000000100000000)
  region size 1024K, 66 young (67584K), 6 survivors (6144K)
 Metaspace       used 27068K, capacity 27810K, committed 28080K, reserved 1073152K
  class space    used 3524K, capacity 3803K, committed 3840K, reserved 1048576K
}
Event: 9.210 GC heap after
{Heap after GC invocations=7 (full 0):
 garbage-first heap   total 164864K, used 38051K [0x0000000080000000, 0x0000000100000000)
  region size 1024K, 8 young (8192K), 8 survivors (8192K)
 Metaspace       used 27068K, capacity 27810K, committed 28080K, reserved 1073152K
  class space    used 3524K, capacity 3803K, committed 3840K, reserved 1048576K
}
Event: 11.664 GC heap before
{Heap before GC invocations=7 (full 0):
 garbage-first heap   total 164864K, used 118947K [0x0000000080000000, 0x0000000100000000)
  region size 1024K, 80 young (81920K), 8 survivors (8192K)
 Metaspace       used 34600K, capacity 35511K, committed 35632K, reserved 1079296K
  class space    used 4578K, capacity 4923K, committed 4992K, reserved 1048576K
}
Event: 11.687 GC heap after
{Heap after GC invocations=8 (full 0):
 garbage-first heap   total 164864K, used 53383K [0x0000000080000000, 0x0000000100000000)
  region size 1024K, 6 young (6144K), 6 survivors (6144K)
 Metaspace       used 34600K, capacity 35511K, committed 35632K, reserved 1079296K
  class space    used 4578K, capacity 4923K, committed 4992K, reserved 1048576K
}
Event: 15.138 GC heap before
{Heap before GC invocations=9 (full 0):
 garbage-first heap   total 164864K, used 124039K [0x0000000080000000, 0x0000000100000000)
  region size 1024K, 73 young (74752K), 6 survivors (6144K)
 Metaspace       used 42658K, capacity 43788K, committed 43952K, reserved 1087488K
  class space    used 5409K, capacity 5845K, committed 5888K, reserved 1048576K
}
Event: 15.155 GC heap after
{Heap after GC invocations=10 (full 0):
 garbage-first heap   total 164864K, used 58119K [0x0000000080000000, 0x0000000100000000)
  region size 1024K, 10 young (10240K), 10 survivors (10240K)
 Metaspace       used 42658K, capacity 43788K, committed 43952K, reserved 1087488K
  class space    used 5409K, capacity 5845K, committed 5888K, reserved 1048576K
}

Deoptimization events (20 events):
Event: 16.655 Thread 0x0000023c9eddb800 Uncommon trap: trap_request=0xffffff4d fr.pc=0x0000023c8d774a44 relative=0x0000000000003c44
Event: 16.655 Thread 0x0000023c9eddb800 Uncommon trap: reason=unstable_if action=reinterpret pc=0x0000023c8d774a44 method=java.lang.ClassLoader.checkCerts(Ljava/lang/String;Ljava/security/CodeSource;)V @ 29 c2
Event: 16.655 Thread 0x0000023c9eddb800 DEOPT PACKING pc=0x0000023c8d774a44 sp=0x000000fb751f67c0
Event: 16.655 Thread 0x0000023c9eddb800 DEOPT UNPACKING pc=0x0000023c85aca1af sp=0x000000fb751f66d0 mode 2
Event: 16.656 Thread 0x0000023c9eddb800 Uncommon trap: trap_request=0xffffff4d fr.pc=0x0000023c8d77a844 relative=0x0000000000001464
Event: 16.656 Thread 0x0000023c9eddb800 Uncommon trap: reason=unstable_if action=reinterpret pc=0x0000023c8d77a844 method=java.lang.ClassLoader.postDefineClass(Ljava/lang/Class;Ljava/security/ProtectionDomain;)V @ 17 c2
Event: 16.656 Thread 0x0000023c9eddb800 DEOPT PACKING pc=0x0000023c8d77a844 sp=0x000000fb751f6750
Event: 16.656 Thread 0x0000023c9eddb800 DEOPT UNPACKING pc=0x0000023c85aca1af sp=0x000000fb751f6758 mode 2
Event: 16.777 Thread 0x0000023c9eddb800 Uncommon trap: trap_request=0xffffff4d fr.pc=0x0000023c8d76ff88 relative=0x0000000000000d48
Event: 16.777 Thread 0x0000023c9eddb800 Uncommon trap: reason=unstable_if action=reinterpret pc=0x0000023c8d76ff88 method=java.lang.ClassLoader.checkCerts(Ljava/lang/String;Ljava/security/CodeSource;)V @ 29 c2
Event: 16.777 Thread 0x0000023c9eddb800 DEOPT PACKING pc=0x0000023c8d76ff88 sp=0x000000fb751f6900
Event: 16.777 Thread 0x0000023c9eddb800 DEOPT UNPACKING pc=0x0000023c85aca1af sp=0x000000fb751f6870 mode 2
Event: 16.912 Thread 0x0000023c9eddb800 Uncommon trap: trap_request=0xffffff4d fr.pc=0x0000023c8d59af7c relative=0x000000000000059c
Event: 16.912 Thread 0x0000023c9eddb800 Uncommon trap: reason=unstable_if action=reinterpret pc=0x0000023c8d59af7c method=java.util.jar.Manifest$FastInputStream.readLine([BII)I @ 130 c2
Event: 16.912 Thread 0x0000023c9eddb800 DEOPT PACKING pc=0x0000023c8d59af7c sp=0x000000fb751f4b40
Event: 16.912 Thread 0x0000023c9eddb800 DEOPT UNPACKING pc=0x0000023c85aca1af sp=0x000000fb751f4ad0 mode 2
Event: 17.067 Thread 0x0000023c9eddb800 Uncommon trap: trap_request=0xffffff7e fr.pc=0x0000023c8d7893b4 relative=0x0000000000003134
Event: 17.067 Thread 0x0000023c9eddb800 Uncommon trap: reason=predicate action=maybe_recompile pc=0x0000023c8d7893b4 method=java.util.Arrays.binarySearch0([Ljava/lang/Object;IILjava/lang/Object;Ljava/util/Comparator;)I @ 25 c2
Event: 17.067 Thread 0x0000023c9eddb800 DEOPT PACKING pc=0x0000023c8d7893b4 sp=0x000000fb751f6880
Event: 17.067 Thread 0x0000023c9eddb800 DEOPT UNPACKING pc=0x0000023c85aca1af sp=0x000000fb751f6888 mode 2

Classes redefined (0 events):
No events

Internal exceptions (20 events):
Event: 17.069 Thread 0x0000023c9eddb800 Exception <a 'java/lang/ClassNotFoundException'{0x0000000087fb0448}: org/jetbrains/plugins/gradle/tooling/AbstractModelBuilderServiceCustomizer> (0x0000000087fb0448) thrown at [./src/hotspot/share/classfile/systemDictionary.cpp, line 231]
Event: 17.071 Thread 0x0000023c9eddb800 Exception <a 'java/lang/ClassNotFoundException'{0x0000000087fc0348}: org/jetbrains/plugins/gradle/tooling/builder/WarModelBuilderImplCustomizer> (0x0000000087fc0348) thrown at [./src/hotspot/share/classfile/systemDictionary.cpp, line 231]
Event: 17.083 Thread 0x0000023c9eddb800 Exception <a 'java/lang/ClassNotFoundException'{0x0000000087e32ab0}: org/jetbrains/plugins/gradle/tooling/builder/EarModelBuilderImplBeanInfo> (0x0000000087e32ab0) thrown at [./src/hotspot/share/classfile/systemDictionary.cpp, line 231]
Event: 17.084 Thread 0x0000023c9eddb800 Exception <a 'java/lang/ClassNotFoundException'{0x0000000087e3fb18}: org/jetbrains/plugins/gradle/tooling/builder/EarModelBuilderImplCustomizer> (0x0000000087e3fb18) thrown at [./src/hotspot/share/classfile/systemDictionary.cpp, line 231]
Event: 17.108 Thread 0x0000023c9eddb800 Exception <a 'java/lang/ClassNotFoundException'{0x0000000087d3b008}: org/jetbrains/plugins/gradle/tooling/builder/ScalaModelBuilderImplBeanInfo> (0x0000000087d3b008) thrown at [./src/hotspot/share/classfile/systemDictionary.cpp, line 231]
Event: 17.109 Thread 0x0000023c9eddb800 Exception <a 'java/lang/ClassNotFoundException'{0x0000000087d48138}: org/jetbrains/plugins/gradle/tooling/builder/ScalaModelBuilderImplCustomizer> (0x0000000087d48138) thrown at [./src/hotspot/share/classfile/systemDictionary.cpp, line 231]
Event: 17.124 Thread 0x0000023c9eddb800 Exception <a 'java/lang/ClassNotFoundException'{0x0000000087db9dc8}: org/jetbrains/plugins/gradle/tooling/builder/ExternalProjectBuilderImpl$1BeanInfo> (0x0000000087db9dc8) thrown at [./src/hotspot/share/classfile/systemDictionary.cpp, line 231]
Event: 17.124 Thread 0x0000023c9eddb800 Exception <a 'java/lang/ClassNotFoundException'{0x0000000087dc7180}: org/jetbrains/plugins/gradle/tooling/builder/ExternalProjectBuilderImpl$1Customizer> (0x0000000087dc7180) thrown at [./src/hotspot/share/classfile/systemDictionary.cpp, line 231]
Event: 17.140 Thread 0x0000023c9eddb800 Exception <a 'java/lang/ClassNotFoundException'{0x0000000087c37c68}: org/jetbrains/plugins/gradle/tooling/builder/ExternalProjectBuilderImplBeanInfo> (0x0000000087c37c68) thrown at [./src/hotspot/share/classfile/systemDictionary.cpp, line 231]
Event: 17.140 Thread 0x0000023c9eddb800 Exception <a 'java/lang/ClassNotFoundException'{0x0000000087c44eb8}: org/jetbrains/plugins/gradle/tooling/builder/ExternalProjectBuilderImplCustomizer> (0x0000000087c44eb8) thrown at [./src/hotspot/share/classfile/systemDictionary.cpp, line 231]
Event: 17.152 Thread 0x0000023c9eddb800 Exception <a 'java/lang/ClassNotFoundException'{0x0000000087c9ec40}: org/jetbrains/plugins/gradle/tooling/builder/DependencyGraphModelBuilderImplBeanInfo> (0x0000000087c9ec40) thrown at [./src/hotspot/share/classfile/systemDictionary.cpp, line 231]
Event: 17.153 Thread 0x0000023c9eddb800 Exception <a 'java/lang/ClassNotFoundException'{0x0000000087cac078}: org/jetbrains/plugins/gradle/tooling/builder/DependencyGraphModelBuilderImplCustomizer> (0x0000000087cac078) thrown at [./src/hotspot/share/classfile/systemDictionary.cpp, line 231]
Event: 17.177 Thread 0x0000023c9eddb800 Exception <a 'java/lang/ClassNotFoundException'{0x0000000087b7b4a8}: org/jetbrains/plugins/gradle/tooling/builder/ExternalTestsModelBuilderImplBeanInfo> (0x0000000087b7b4a8) thrown at [./src/hotspot/share/classfile/systemDictionary.cpp, line 231]
Event: 17.178 Thread 0x0000023c9eddb800 Exception <a 'java/lang/ClassNotFoundException'{0x0000000087b88ac0}: org/jetbrains/plugins/gradle/tooling/builder/ExternalTestsModelBuilderImplCustomizer> (0x0000000087b88ac0) thrown at [./src/hotspot/share/classfile/systemDictionary.cpp, line 231]
Event: 17.384 Thread 0x0000023c9eddb800 Exception <a 'java/lang/ClassNotFoundException'{0x00000000879fc9c0}: org/jetbrains/plugins/gradle/tooling/builder/ProjectExtensionsDataBuilderImplBeanInfo> (0x00000000879fc9c0) thrown at [./src/hotspot/share/classfile/systemDictionary.cpp, line 231]
Event: 17.384 Thread 0x0000023c9eddb800 Exception <a 'java/lang/ClassNotFoundException'{0x000000008780a410}: org/jetbrains/plugins/gradle/tooling/builder/ProjectExtensionsDataBuilderImplCustomizer> (0x000000008780a410) thrown at [./src/hotspot/share/classfile/systemDictionary.cpp, line 231]
Event: 17.391 Thread 0x0000023c9eddb800 Exception <a 'java/lang/ClassNotFoundException'{0x00000000878430a8}: org/jetbrains/plugins/gradle/tooling/builder/IntelliJSettingsBuilderBeanInfo> (0x00000000878430a8) thrown at [./src/hotspot/share/classfile/systemDictionary.cpp, line 231]
Event: 17.391 Thread 0x0000023c9eddb800 Exception <a 'java/lang/ClassNotFoundException'{0x0000000087850250}: org/jetbrains/plugins/gradle/tooling/builder/IntelliJSettingsBuilderCustomizer> (0x0000000087850250) thrown at [./src/hotspot/share/classfile/systemDictionary.cpp, line 231]
Event: 17.395 Thread 0x0000023c9eddb800 Exception <a 'java/lang/ClassNotFoundException'{0x0000000087889638}: org/jetbrains/plugins/gradle/tooling/builder/IntelliJProjectSettingsBuilderBeanInfo> (0x0000000087889638) thrown at [./src/hotspot/share/classfile/systemDictionary.cpp, line 231]
Event: 17.397 Thread 0x0000023c9eddb800 Exception <a 'java/lang/ClassNotFoundException'{0x0000000087896a18}: org/jetbrains/plugins/gradle/tooling/builder/IntelliJProjectSettingsBuilderCustomizer> (0x0000000087896a18) thrown at [./src/hotspot/share/classfile/systemDictionary.cpp, line 231]

Events (20 events):
Event: 17.395 loading class org/jetbrains/plugins/gradle/tooling/builder/IntelliJProjectSettingsBuilderBeanInfo
Event: 17.395 loading class org/jetbrains/plugins/gradle/tooling/builder/IntelliJProjectSettingsBuilderBeanInfo done
Event: 17.395 loading class org/jetbrains/plugins/gradle/tooling/builder/IntelliJProjectSettingsBuilderCustomizer
Event: 17.395 loading class org/jetbrains/plugins/gradle/tooling/builder/IntelliJProjectSettingsBuilderCustomizer done
Event: 17.396 loading class org/jetbrains/plugins/gradle/tooling/builder/IntelliJProjectSettingsBuilderCustomizer
Event: 17.396 loading class org/jetbrains/plugins/gradle/tooling/builder/IntelliJProjectSettingsBuilderCustomizer done
Event: 17.398 loading class org/jetbrains/plugins/gradle/tooling/builder/MavenRepositoriesModelBuilder
Event: 17.398 loading class org/jetbrains/plugins/gradle/tooling/builder/MavenRepositoriesModelBuilder done
Event: 17.398 loading class org/jetbrains/plugins/gradle/model/RepositoriesModel
Event: 17.398 loading class org/jetbrains/plugins/gradle/model/RepositoriesModel done
Event: 17.399 loading class org/jetbrains/plugins/gradle/model/MavenRepositoryModel
Event: 17.399 loading class org/jetbrains/plugins/gradle/model/MavenRepositoryModel done
Event: 17.401 loading class org/codehaus/groovy/runtime/BytecodeInterface8
Event: 17.401 loading class org/codehaus/groovy/runtime/BytecodeInterface8 done
Event: 17.401 loading class org/codehaus/groovy/runtime/BytecodeInterface8
Event: 17.401 loading class org/codehaus/groovy/runtime/BytecodeInterface8 done
Event: 17.403 loading class org/codehaus/groovy/runtime/metaclass/DefaultMetaClassInfo
Event: 17.403 loading class org/codehaus/groovy/runtime/metaclass/DefaultMetaClassInfo done
Event: 17.404 loading class org/codehaus/groovy/runtime/metaclass/DefaultMetaClassInfo$ConstantMetaClassVersioning
Event: 17.404 loading class org/codehaus/groovy/runtime/metaclass/DefaultMetaClassInfo$ConstantMetaClassVersioning done


Dynamic libraries:
0x00007ff742150000 - 0x00007ff74215a000 	C:\Program Files\Android\Android Studio\jre\bin\java.exe
0x00007ff8f8710000 - 0x00007ff8f8908000 	C:\Windows\SYSTEM32\ntdll.dll
0x00007ff8f7230000 - 0x00007ff8f72ef000 	C:\Windows\System32\KERNEL32.DLL
0x00007ff8f62a0000 - 0x00007ff8f6596000 	C:\Windows\System32\KERNELBASE.dll
0x00007ff8f5f10000 - 0x00007ff8f6010000 	C:\Windows\System32\ucrtbase.dll
0x00007ff8e59a0000 - 0x00007ff8e59b7000 	C:\Program Files\Android\Android Studio\jre\bin\VCRUNTIME140.dll
0x00007ff8e58e0000 - 0x00007ff8e58f9000 	C:\Program Files\Android\Android Studio\jre\bin\jli.dll
0x00007ff8f73a0000 - 0x00007ff8f753d000 	C:\Windows\System32\USER32.dll
0x00007ff8f6010000 - 0x00007ff8f6032000 	C:\Windows\System32\win32u.dll
0x00007ff8e3590000 - 0x00007ff8e382a000 	C:\Windows\WinSxS\amd64_microsoft.windows.common-controls_6595b64144ccf1df_6.0.19041.1110_none_60b5254171f9507e\COMCTL32.dll
0x00007ff8f8380000 - 0x00007ff8f83ac000 	C:\Windows\System32\GDI32.dll
0x00007ff8f80b0000 - 0x00007ff8f814e000 	C:\Windows\System32\msvcrt.dll
0x00007ff8f5df0000 - 0x00007ff8f5f05000 	C:\Windows\System32\gdi32full.dll
0x00007ff8f65a0000 - 0x00007ff8f663d000 	C:\Windows\System32\msvcp_win.dll
0x00007ff8f86a0000 - 0x00007ff8f86d0000 	C:\Windows\System32\IMM32.DLL
0x00007ff8dd930000 - 0x00007ff8dd9cd000 	C:\Program Files\Android\Android Studio\jre\bin\msvcp140.dll
0x00007ff8b0110000 - 0x00007ff8b0c12000 	C:\Program Files\Android\Android Studio\jre\bin\server\jvm.dll
0x00007ff8f72f0000 - 0x00007ff8f739f000 	C:\Windows\System32\ADVAPI32.dll
0x00007ff8f84e0000 - 0x00007ff8f857c000 	C:\Windows\System32\sechost.dll
0x00007ff8f83b0000 - 0x00007ff8f84d6000 	C:\Windows\System32\RPCRT4.dll
0x00007ff8f85e0000 - 0x00007ff8f85e8000 	C:\Windows\System32\PSAPI.DLL
0x00007ff8f0910000 - 0x00007ff8f0919000 	C:\Windows\SYSTEM32\WSOCK32.dll
0x00007ff8f7730000 - 0x00007ff8f779b000 	C:\Windows\System32\WS2_32.dll
0x00007ff8e2d20000 - 0x00007ff8e2d47000 	C:\Windows\SYSTEM32\WINMM.dll
0x00007ff8e3830000 - 0x00007ff8e383a000 	C:\Windows\SYSTEM32\VERSION.dll
0x00007ff8f3d20000 - 0x00007ff8f3d32000 	C:\Windows\SYSTEM32\kernel.appcore.dll
0x00007ff8efad0000 - 0x00007ff8efae1000 	C:\Program Files\Android\Android Studio\jre\bin\verify.dll
0x00007ff8e1860000 - 0x00007ff8e1a44000 	C:\Windows\SYSTEM32\DBGHELP.DLL
0x00007ff8e2600000 - 0x00007ff8e2634000 	C:\Windows\SYSTEM32\dbgcore.DLL
0x00007ff8f66b0000 - 0x00007ff8f6732000 	C:\Windows\System32\bcryptPrimitives.dll
0x00007ff8eede0000 - 0x00007ff8eee09000 	C:\Program Files\Android\Android Studio\jre\bin\java.dll
0x00007ff8eedd0000 - 0x00007ff8eeddb000 	C:\Program Files\Android\Android Studio\jre\bin\jimage.dll
0x00007ff8eed50000 - 0x00007ff8eed68000 	C:\Program Files\Android\Android Studio\jre\bin\zip.dll
0x00007ff8f6840000 - 0x00007ff8f6f84000 	C:\Windows\System32\SHELL32.dll
0x00007ff8f3e90000 - 0x00007ff8f4623000 	C:\Windows\SYSTEM32\windows.storage.dll
0x00007ff8f7d50000 - 0x00007ff8f80a4000 	C:\Windows\System32\combase.dll
0x00007ff8f5830000 - 0x00007ff8f585e000 	C:\Windows\SYSTEM32\Wldp.dll
0x00007ff8f8150000 - 0x00007ff8f81fd000 	C:\Windows\System32\SHCORE.dll
0x00007ff8f7540000 - 0x00007ff8f7595000 	C:\Windows\System32\shlwapi.dll
0x00007ff8f5d20000 - 0x00007ff8f5d45000 	C:\Windows\SYSTEM32\profapi.dll
0x00007ff8eec00000 - 0x00007ff8eec1a000 	C:\Program Files\Android\Android Studio\jre\bin\net.dll
0x00007ff8e98c0000 - 0x00007ff8e99ca000 	C:\Windows\SYSTEM32\WINHTTP.dll
0x00007ff8f5590000 - 0x00007ff8f55fa000 	C:\Windows\system32\mswsock.dll
0x00007ff8eebe0000 - 0x00007ff8eebf4000 	C:\Program Files\Android\Android Studio\jre\bin\nio.dll
0x00007ff8de630000 - 0x00007ff8de657000 	C:\Users\hp\.gradle\native\e1d6ef7f7dcc3fd88c89a11ec53ec762bb8ba0a96d01ffa2cd45eb1d1d8dd5c5\windows-amd64\native-platform.dll
0x00007ff8dba20000 - 0x00007ff8dbb64000 	C:\Users\hp\.gradle\native\0d407fdbe67a94daf76414ababcb853783967236a71b16ec16e742cd7a986fd3\windows-amd64\native-platform-file-events.dll
0x00007ff8eedc0000 - 0x00007ff8eedca000 	C:\Program Files\Android\Android Studio\jre\bin\management.dll
0x00007ff8eebd0000 - 0x00007ff8eebdd000 	C:\Program Files\Android\Android Studio\jre\bin\management_ext.dll
0x00007ff8f5780000 - 0x00007ff8f5798000 	C:\Windows\SYSTEM32\CRYPTSP.dll
0x00007ff8f4e30000 - 0x00007ff8f4e64000 	C:\Windows\system32\rsaenh.dll
0x00007ff8f6740000 - 0x00007ff8f6767000 	C:\Windows\System32\bcrypt.dll
0x00007ff8f5ca0000 - 0x00007ff8f5cce000 	C:\Windows\SYSTEM32\USERENV.dll
0x00007ff8f57a0000 - 0x00007ff8f57ac000 	C:\Windows\SYSTEM32\CRYPTBASE.dll
0x00007ff8f5230000 - 0x00007ff8f526b000 	C:\Windows\SYSTEM32\IPHLPAPI.DLL
0x00007ff8f8370000 - 0x00007ff8f8378000 	C:\Windows\System32\NSI.dll
0x00007ff8ebd80000 - 0x00007ff8ebd97000 	C:\Windows\SYSTEM32\dhcpcsvc6.DLL
0x00007ff8ebd60000 - 0x00007ff8ebd7d000 	C:\Windows\SYSTEM32\dhcpcsvc.DLL
0x00007ff8f5270000 - 0x00007ff8f533a000 	C:\Windows\SYSTEM32\DNSAPI.dll

dbghelp: loaded successfully - version: 4.0.5 - missing functions: none
symbol engine: initialized successfully - sym options: 0x614 - pdb path: .;C:\Program Files\Android\Android Studio\jre\bin;C:\Windows\SYSTEM32;C:\Windows\WinSxS\amd64_microsoft.windows.common-controls_6595b64144ccf1df_6.0.19041.1110_none_60b5254171f9507e;C:\Program Files\Android\Android Studio\jre\bin\server;C:\Users\hp\.gradle\native\e1d6ef7f7dcc3fd88c89a11ec53ec762bb8ba0a96d01ffa2cd45eb1d1d8dd5c5\windows-amd64;C:\Users\hp\.gradle\native\0d407fdbe67a94daf76414ababcb853783967236a71b16ec16e742cd7a986fd3\windows-amd64

VM Arguments:
jvm_args: --add-opens=java.base/java.util=ALL-UNNAMED --add-opens=java.base/java.lang=ALL-UNNAMED --add-opens=java.base/java.lang.invoke=ALL-UNNAMED --add-opens=java.base/java.util=ALL-UNNAMED --add-opens=java.prefs/java.util.prefs=ALL-UNNAMED --add-opens=java.prefs/java.util.prefs=ALL-UNNAMED --add-opens=java.base/java.nio.charset=ALL-UNNAMED --add-opens=java.base/java.net=ALL-UNNAMED --add-opens=java.base/java.util.concurrent.atomic=ALL-UNNAMED -Xmx2048m -Dfile.encoding=UTF-8 -Duser.country=US -Duser.language=en -Duser.variant 
java_command: org.gradle.launcher.daemon.bootstrap.GradleDaemon 7.4
java_class_path (initial): C:\Users\hp\.gradle\wrapper\dists\gradle-7.4-bin\c0gwcg53nkjbqw7r0h0umtfvt\gradle-7.4\lib\gradle-launcher-7.4.jar
Launcher Type: SUN_STANDARD

[Global flags]
     intx CICompilerCount                          = 3                                         {product} {ergonomic}
     uint ConcGCThreads                            = 1                                         {product} {ergonomic}
     uint G1ConcRefinementThreads                  = 4                                         {product} {ergonomic}
   size_t G1HeapRegionSize                         = 1048576                                   {product} {ergonomic}
    uintx GCDrainStackTargetSize                   = 64                                        {product} {ergonomic}
   size_t InitialHeapSize                          = 134217728                                 {product} {ergonomic}
   size_t MarkStackSize                            = 4194304                                   {product} {ergonomic}
   size_t MaxHeapSize                              = 2147483648                                {product} {command line}
   size_t MaxNewSize                               = 1287651328                                {product} {ergonomic}
   size_t MinHeapDeltaBytes                        = 1048576                                   {product} {ergonomic}
    uintx NonNMethodCodeHeapSize                   = 5830732                                {pd product} {ergonomic}
    uintx NonProfiledCodeHeapSize                  = 122913754                              {pd product} {ergonomic}
    uintx ProfiledCodeHeapSize                     = 122913754                              {pd product} {ergonomic}
    uintx ReservedCodeCacheSize                    = 251658240                              {pd product} {ergonomic}
     bool SegmentedCodeCache                       = true                                      {product} {ergonomic}
     bool UseCompressedClassPointers               = true                                 {lp64_product} {ergonomic}
     bool UseCompressedOops                        = true                                 {lp64_product} {ergonomic}
     bool UseG1GC                                  = true                                      {product} {ergonomic}
     bool UseLargePagesIndividualAllocation        = false                                  {pd product} {ergonomic}

Logging:
Log output configuration:
 #0: stdout all=warning uptime,level,tags
 #1: stderr all=off uptime,level,tags

Environment Variables:
PATH=C:\Program Files (x86)\VMware\VMware Workstation\bin\;C:\Program Files (x86)\NVIDIA Corporation\PhysX\Common;C:\Windows\system32;C:\Windows;C:\Windows\System32\Wbem;C:\Windows\System32\WindowsPowerShell\v1.0\;C:\Windows\System32\OpenSSH\;C:\Users\hp\Documents\Java\jdk1.8.0_111\bin;c:\Program Files (x86)\Microsoft SQL Server\90\Tools\binn\;C:\Program Files\dotnet\;C:\Program Files\Microsoft SQL Server\150\Tools\Binn\;C:\Program Files\Microsoft SQL Server\Client SDK\ODBC\170\Tools\Binn\;C:\Program Files\Git\cmd;C:\Program Files\nodejs\;C:\ProgramData\chocolatey\bin;C:\Users\hp\AppData\Local\Programs\Python\Python310\Scripts\;C:\Users\hp\AppData\Local\Programs\Python\Python310\;C:\Users\hp\AppData\Local\Programs\Python\Launcher\;C:\Users\hp\AppData\Local\Microsoft\WindowsApps;C:\Program Files\Java\jdk1.8.0_111\bin;;C:\Program Files\JetBrains\PyCharm Community Edition 2022.3.1\bin;;C:\Users\hp\.dotnet\tools;C:\Users\hp\AppData\Roaming\npm;C:\Users\hp\AppData\Local\Programs\Microsoft VS Code\bin
USERNAME=hp
OS=Windows_NT
PROCESSOR_IDENTIFIER=Intel64 Family 6 Model 69 Stepping 1, GenuineIntel



---------------  S Y S T E M  ---------------

OS: Windows 10 , 64 bit Build 19041 (10.0.19041.3155)
OS uptime: 0 days 15:01 hours

CPU:total 4 (initial active 4) (2 cores per cpu, 2 threads per core) family 6 model 69 stepping 1 microcode 0x25, cmov, cx8, fxsr, mmx, sse, sse2, sse3, ssse3, sse4.1, sse4.2, popcnt, avx, avx2, aes, clmul, erms, lzcnt, ht, tsc, tscinvbit, bmi1, bmi2, fma

Memory: 4k page, system-wide physical 8089M (2383M free)
TotalPageFile size 10949M (AvailPageFile size 5M)
current process WorkingSet (physical memory assigned to process): 320M, peak: 320M
current process commit charge ("private bytes"): 364M, peak: 364M

vm_info: OpenJDK 64-Bit Server VM (11.0.13+0-b1751.21-8125866) for windows-amd64 JRE (11.0.13+0-b1751.21-8125866), built on Feb  2 2022 03:00:22 by "builder" with MS VC++ 14.0 (VS2015)

END.
