#
# There is insufficient memory for the Java Runtime Environment to continue.
# Native memory allocation (malloc) failed to allocate 1176496 bytes for Chunk::new
# Possible reasons:
#   The system is out of physical RAM or swap space
#   The process is running with CompressedOops enabled, and the Java Heap may be blocking the growth of the native heap
# Possible solutions:
#   Reduce memory load on the system
#   Increase physical memory or swap space
#   Check if swap backing store is full
#   Decrease Java heap size (-Xmx/-Xms)
#   Decrease number of Java threads
#   Decrease Java thread stack sizes (-Xss)
#   Set larger code cache with -XX:ReservedCodeCacheSize=
#   JVM is running with Unscaled Compressed Oops mode in which the Java heap is
#     placed in the first 4GB address space. The Java Heap base address is the
#     maximum limit for the native heap growth. Please use -XX:HeapBaseMinAddress
#     to set the Java Heap base and to place the Java Heap above 4GB virtual address.
# This output file may be truncated or incomplete.
#
#  Out of Memory Error (./src/hotspot/share/memory/arena.cpp:197), pid=9068, tid=244
#
# JRE version: OpenJDK Runtime Environment (11.0.13) (build 11.0.13+0-b1751.21-8125866)
# Java VM: OpenJDK 64-Bit Server VM (11.0.13+0-b1751.21-8125866, mixed mode, tiered, compressed oops, g1 gc, windows-amd64)
# No core dump will be written. Minidumps are not enabled by default on client versions of Windows
#

---------------  S U M M A R Y ------------

Command Line: --add-opens=java.base/java.util=ALL-UNNAMED --add-opens=java.base/java.lang=ALL-UNNAMED --add-opens=java.base/java.lang.invoke=ALL-UNNAMED --add-opens=java.base/java.util=ALL-UNNAMED --add-opens=java.prefs/java.util.prefs=ALL-UNNAMED --add-opens=java.prefs/java.util.prefs=ALL-UNNAMED --add-opens=java.base/java.nio.charset=ALL-UNNAMED --add-opens=java.base/java.net=ALL-UNNAMED --add-opens=java.base/java.util.concurrent.atomic=ALL-UNNAMED -Xmx2048m -Dfile.encoding=UTF-8 -Duser.country=US -Duser.language=en -Duser.variant org.gradle.launcher.daemon.bootstrap.GradleDaemon 7.4

Host: Intel(R) Core(TM) i5-4300U CPU @ 1.90GHz, 4 cores, 7G,  Windows 10 , 64 bit Build 19041 (10.0.19041.3155)
Time: Wed Aug 23 00:33:45 2023 E. Africa Standard Time elapsed time: 550.805086 seconds (0d 0h 9m 10s)

---------------  T H R E A D  ---------------

Current thread (0x00000138e503b000):  JavaThread "C2 CompilerThread1" daemon [_thread_in_native, id=244, stack(0x0000001d43700000,0x0000001d43800000)]


Current CompileTask:
C2: 550805 19638       4       org.apache.xerces.impl.XMLEntityScanner::scanLiteral (746 bytes)

Stack: [0x0000001d43700000,0x0000001d43800000]
Native frames: (J=compiled Java code, j=interpreted, Vv=VM code, C=native code)
V  [jvm.dll+0x6100fa]
V  [jvm.dll+0x747090]
V  [jvm.dll+0x7486ad]
V  [jvm.dll+0x748d83]
V  [jvm.dll+0x24ab48]
V  [jvm.dll+0xc04dc]
V  [jvm.dll+0xc0a0c]
V  [jvm.dll+0x35eb5b]
V  [jvm.dll+0x32b833]
V  [jvm.dll+0x32ad2a]
V  [jvm.dll+0x2032b2]
V  [jvm.dll+0x202437]
V  [jvm.dll+0x188e01]
V  [jvm.dll+0x21106b]
V  [jvm.dll+0x20f8c1]
V  [jvm.dll+0x70de0f]
V  [jvm.dll+0x706a75]
V  [jvm.dll+0x60ed66]
C  [ucrtbase.dll+0x21bb2]
C  [KERNEL32.DLL+0x17614]
C  [ntdll.dll+0x526b1]


---------------  P R O C E S S  ---------------

Threads class SMR info:
_java_thread_list=0x00000138dfcc78c0, length=91, elements={
0x00000138be35f800, 0x00000138d9ec5000, 0x00000138d9ec6000, 0x00000138d9ede000,
0x00000138d9ede800, 0x00000138d9ee1000, 0x00000138d9ee4000, 0x00000138d9ee8800,
0x00000138d9ef5800, 0x00000138da99d000, 0x00000138dbe29800, 0x00000138db4e0800,
0x00000138dcbf1000, 0x00000138dbf85000, 0x00000138dbf86000, 0x00000138dbf87000,
0x00000138dbf84800, 0x00000138dff35000, 0x00000138dff31800, 0x00000138dff38800,
0x00000138dff32800, 0x00000138dff3a800, 0x00000138dff3d000, 0x00000138daf92000,
0x00000138daf95800, 0x00000138daf96800, 0x00000138de584800, 0x00000138e4b81800,
0x00000138de585000, 0x00000138de588800, 0x00000138de583800, 0x00000138de58b000,
0x00000138de589000, 0x00000138de586000, 0x00000138de58c800, 0x00000138de58a000,
0x00000138de587000, 0x00000138de58b800, 0x00000138de58d800, 0x00000138de587800,
0x00000138de591800, 0x00000138de58f000, 0x00000138de590000, 0x00000138de590800,
0x00000138de592000, 0x00000138de58e000, 0x00000138da9b1800, 0x00000138da9b3000,
0x00000138da9b4800, 0x00000138da9b5800, 0x00000138da9b0000, 0x00000138da9b6800,
0x00000138da9b0800, 0x00000138da9b7000, 0x00000138da9b8000, 0x00000138da9b2800,
0x00000138da9b9000, 0x00000138da9bc000, 0x00000138da9b9800, 0x00000138da9be800,
0x00000138da9ba800, 0x00000138da9bb800, 0x00000138da9bd000, 0x00000138da9bd800,
0x00000138e4b7f800, 0x00000138e4b84000, 0x00000138e4b85000, 0x00000138e4b83800,
0x00000138e4b86000, 0x00000138e4b81000, 0x00000138e4b80000, 0x00000138e4b87800,
0x00000138e4b86800, 0x00000138e4b82800, 0x00000138e4b89000, 0x00000138e4b8a000,
0x00000138e4b8d000, 0x00000138e4b8a800, 0x00000138e4b8e000, 0x00000138e4b8b800,
0x00000138e4b8c800, 0x00000138daf99000, 0x00000138daf94000, 0x00000138daf97000,
0x00000138daf98000, 0x00000138daf93000, 0x00000138daf9a800, 0x00000138daf9c000,
0x00000138daf9f800, 0x00000138daf99800, 0x00000138e503b000
}

Java Threads: ( => current thread )
  0x00000138be35f800 JavaThread "main" [_thread_blocked, id=14268, stack(0x0000001d41d00000,0x0000001d41e00000)]
  0x00000138d9ec5000 JavaThread "Reference Handler" daemon [_thread_blocked, id=1588, stack(0x0000001d42400000,0x0000001d42500000)]
  0x00000138d9ec6000 JavaThread "Finalizer" daemon [_thread_blocked, id=7748, stack(0x0000001d42500000,0x0000001d42600000)]
  0x00000138d9ede000 JavaThread "Signal Dispatcher" daemon [_thread_blocked, id=10128, stack(0x0000001d42600000,0x0000001d42700000)]
  0x00000138d9ede800 JavaThread "Attach Listener" daemon [_thread_blocked, id=10528, stack(0x0000001d42700000,0x0000001d42800000)]
  0x00000138d9ee1000 JavaThread "Service Thread" daemon [_thread_blocked, id=12652, stack(0x0000001d42800000,0x0000001d42900000)]
  0x00000138d9ee4000 JavaThread "C2 CompilerThread0" daemon [_thread_in_native, id=10236, stack(0x0000001d42900000,0x0000001d42a00000)]
  0x00000138d9ee8800 JavaThread "C1 CompilerThread0" daemon [_thread_blocked, id=6388, stack(0x0000001d42a00000,0x0000001d42b00000)]
  0x00000138d9ef5800 JavaThread "Sweeper thread" daemon [_thread_blocked, id=2800, stack(0x0000001d42b00000,0x0000001d42c00000)]
  0x00000138da99d000 JavaThread "Common-Cleaner" daemon [_thread_blocked, id=10788, stack(0x0000001d42c00000,0x0000001d42d00000)]
  0x00000138dbe29800 JavaThread "Daemon health stats" [_thread_blocked, id=8904, stack(0x0000001d43100000,0x0000001d43200000)]
  0x00000138db4e0800 JavaThread "Incoming local TCP Connector on port 14737" [_thread_in_native, id=1660, stack(0x0000001d42e00000,0x0000001d42f00000)]
  0x00000138dcbf1000 JavaThread "Daemon periodic checks" [_thread_blocked, id=11240, stack(0x0000001d43200000,0x0000001d43300000)]
  0x00000138dbf85000 JavaThread "Cache worker for journal cache (C:\Users\hp\.gradle\caches\journal-1)" [_thread_blocked, id=9744, stack(0x0000001d43c00000,0x0000001d43d00000)]
  0x00000138dbf86000 JavaThread "File lock request listener" [_thread_in_native, id=8600, stack(0x0000001d43d00000,0x0000001d43e00000)]
  0x00000138dbf87000 JavaThread "Cache worker for file hash cache (C:\Users\hp\.gradle\caches\7.4\fileHashes)" [_thread_blocked, id=12452, stack(0x0000001d43e00000,0x0000001d43f00000)]
  0x00000138dbf84800 JavaThread "File watcher server" daemon [_thread_in_native, id=3376, stack(0x0000001d43f00000,0x0000001d44000000)]
  0x00000138dff35000 JavaThread "File watcher consumer" daemon [_thread_blocked, id=13116, stack(0x0000001d44000000,0x0000001d44100000)]
  0x00000138dff31800 JavaThread "Cache worker for execution history cache (C:\Users\hp\.gradle\caches\7.4\executionHistory)" [_thread_blocked, id=1552, stack(0x0000001d44500000,0x0000001d44600000)]
  0x00000138dff38800 JavaThread "jar transforms" [_thread_blocked, id=7284, stack(0x0000001d44600000,0x0000001d44700000)]
  0x00000138dff32800 JavaThread "Cache worker for file content cache (C:\Users\hp\.gradle\caches\7.4\fileContent)" [_thread_blocked, id=7336, stack(0x0000001d44700000,0x0000001d44800000)]
  0x00000138dff3a800 JavaThread "jar transforms Thread 2" [_thread_blocked, id=548, stack(0x0000001d44800000,0x0000001d44900000)]
  0x00000138dff3d000 JavaThread "jar transforms Thread 3" [_thread_blocked, id=10856, stack(0x0000001d44a00000,0x0000001d44b00000)]
  0x00000138daf92000 JavaThread "jar transforms Thread 4" [_thread_blocked, id=11556, stack(0x0000001d47400000,0x0000001d47500000)]
  0x00000138daf95800 JavaThread "Memory manager" [_thread_blocked, id=6768, stack(0x0000001d47500000,0x0000001d47600000)]
  0x00000138daf96800 JavaThread "pool-3-thread-1" [_thread_blocked, id=12160, stack(0x0000001d47700000,0x0000001d47800000)]
  0x00000138de584800 JavaThread "pool-8-thread-1" [_thread_blocked, id=13204, stack(0x0000001d47200000,0x0000001d47300000)]
  0x00000138e4b81800 JavaThread "ForkJoinPool.commonPool-worker-3" daemon [_thread_blocked, id=4380, stack(0x0000001d48200000,0x0000001d48300000)]
  0x00000138de585000 JavaThread "Daemon Thread 3" [_thread_blocked, id=11980, stack(0x0000001d41a00000,0x0000001d41b00000)]
  0x00000138de588800 JavaThread "Handler for socket connection from /127.0.0.1:14737 to /127.0.0.1:14868" [_thread_in_native, id=10896, stack(0x0000001d41b00000,0x0000001d41c00000)]
  0x00000138de583800 JavaThread "Cancel handler" [_thread_blocked, id=5340, stack(0x0000001d41c00000,0x0000001d41d00000)]
  0x00000138de58b000 JavaThread "Daemon worker Thread 3" [_thread_blocked, id=7160, stack(0x0000001d43300000,0x0000001d43400000)]
  0x00000138de589000 JavaThread "Asynchronous log dispatcher for DefaultDaemonConnection: socket connection from /127.0.0.1:14737 to /127.0.0.1:14868" [_thread_blocked, id=7656, stack(0x0000001d43400000,0x0000001d43500000)]
  0x00000138de586000 JavaThread "Stdin handler" [_thread_blocked, id=6972, stack(0x0000001d43500000,0x0000001d43600000)]
  0x00000138de58c800 JavaThread "Daemon client event forwarder" [_thread_blocked, id=1168, stack(0x0000001d43600000,0x0000001d43700000)]
  0x00000138de58a000 JavaThread "Cache worker for checksums cache (C:\Users\hp\Desktop\eCommerceApp\.gradle\7.4\checksums)" [_thread_blocked, id=2972, stack(0x0000001d43800000,0x0000001d43900000)]
  0x00000138de587000 JavaThread "Cache worker for cache directory md-rule (C:\Users\hp\.gradle\caches\7.4\md-rule)" [_thread_blocked, id=4428, stack(0x0000001d43900000,0x0000001d43a00000)]
  0x00000138de58b800 JavaThread "Cache worker for file hash cache (C:\Users\hp\Desktop\eCommerceApp\.gradle\7.4\fileHashes)" [_thread_blocked, id=10824, stack(0x0000001d43a00000,0x0000001d43b00000)]
  0x00000138de58d800 JavaThread "Cache worker for cache directory md-supplier (C:\Users\hp\.gradle\caches\7.4\md-supplier)" [_thread_blocked, id=14300, stack(0x0000001d44100000,0x0000001d44200000)]
  0x00000138de587800 JavaThread "Cache worker for dependencies-accessors (C:\Users\hp\Desktop\eCommerceApp\.gradle\7.4\dependencies-accessors)" [_thread_blocked, id=11132, stack(0x0000001d44200000,0x0000001d44300000)]
  0x00000138de591800 JavaThread "Cache worker for Build Output Cleanup Cache (C:\Users\hp\Desktop\eCommerceApp\.gradle\buildOutputCleanup)" [_thread_blocked, id=8152, stack(0x0000001d44300000,0x0000001d44400000)]
  0x00000138de58f000 JavaThread "Unconstrained build operations" [_thread_blocked, id=10248, stack(0x0000001d44400000,0x0000001d44500000)]
  0x00000138de590000 JavaThread "Unconstrained build operations Thread 2" [_thread_blocked, id=8164, stack(0x0000001d44900000,0x0000001d44a00000)]
  0x00000138de590800 JavaThread "Unconstrained build operations Thread 3" [_thread_blocked, id=14020, stack(0x0000001d44b00000,0x0000001d44c00000)]
  0x00000138de592000 JavaThread "Unconstrained build operations Thread 4" [_thread_blocked, id=14100, stack(0x0000001d44c00000,0x0000001d44d00000)]
  0x00000138de58e000 JavaThread "Unconstrained build operations Thread 5" [_thread_blocked, id=9956, stack(0x0000001d44d00000,0x0000001d44e00000)]
  0x00000138da9b1800 JavaThread "Unconstrained build operations Thread 6" [_thread_blocked, id=6988, stack(0x0000001d44e00000,0x0000001d44f00000)]
  0x00000138da9b3000 JavaThread "Unconstrained build operations Thread 7" [_thread_blocked, id=11808, stack(0x0000001d44f00000,0x0000001d45000000)]
  0x00000138da9b4800 JavaThread "Unconstrained build operations Thread 8" [_thread_blocked, id=13652, stack(0x0000001d45000000,0x0000001d45100000)]
  0x00000138da9b5800 JavaThread "Unconstrained build operations Thread 9" [_thread_blocked, id=3576, stack(0x0000001d45100000,0x0000001d45200000)]
  0x00000138da9b0000 JavaThread "Unconstrained build operations Thread 10" [_thread_blocked, id=10232, stack(0x0000001d45200000,0x0000001d45300000)]
  0x00000138da9b6800 JavaThread "Unconstrained build operations Thread 11" [_thread_blocked, id=4852, stack(0x0000001d45300000,0x0000001d45400000)]
  0x00000138da9b0800 JavaThread "Unconstrained build operations Thread 12" [_thread_blocked, id=11852, stack(0x0000001d45400000,0x0000001d45500000)]
  0x00000138da9b7000 JavaThread "Unconstrained build operations Thread 13" [_thread_blocked, id=12216, stack(0x0000001d45500000,0x0000001d45600000)]
  0x00000138da9b8000 JavaThread "Unconstrained build operations Thread 14" [_thread_blocked, id=8988, stack(0x0000001d45600000,0x0000001d45700000)]
  0x00000138da9b2800 JavaThread "Unconstrained build operations Thread 15" [_thread_blocked, id=7084, stack(0x0000001d45700000,0x0000001d45800000)]
  0x00000138da9b9000 JavaThread "Unconstrained build operations Thread 16" [_thread_blocked, id=3740, stack(0x0000001d45800000,0x0000001d45900000)]
  0x00000138da9bc000 JavaThread "Unconstrained build operations Thread 17" [_thread_blocked, id=6964, stack(0x0000001d45900000,0x0000001d45a00000)]
  0x00000138da9b9800 JavaThread "Unconstrained build operations Thread 18" [_thread_blocked, id=8704, stack(0x0000001d45a00000,0x0000001d45b00000)]
  0x00000138da9be800 JavaThread "Unconstrained build operations Thread 19" [_thread_blocked, id=12148, stack(0x0000001d45b00000,0x0000001d45c00000)]
  0x00000138da9ba800 JavaThread "Unconstrained build operations Thread 20" [_thread_blocked, id=9200, stack(0x0000001d45c00000,0x0000001d45d00000)]
  0x00000138da9bb800 JavaThread "Unconstrained build operations Thread 21" [_thread_blocked, id=13432, stack(0x0000001d45d00000,0x0000001d45e00000)]
  0x00000138da9bd000 JavaThread "Unconstrained build operations Thread 22" [_thread_blocked, id=13292, stack(0x0000001d45e00000,0x0000001d45f00000)]
  0x00000138da9bd800 JavaThread "Unconstrained build operations Thread 23" [_thread_blocked, id=7896, stack(0x0000001d45f00000,0x0000001d46000000)]
  0x00000138e4b7f800 JavaThread "Unconstrained build operations Thread 24" [_thread_blocked, id=4364, stack(0x0000001d46000000,0x0000001d46100000)]
  0x00000138e4b84000 JavaThread "Unconstrained build operations Thread 25" [_thread_blocked, id=8464, stack(0x0000001d46100000,0x0000001d46200000)]
  0x00000138e4b85000 JavaThread "Unconstrained build operations Thread 26" [_thread_blocked, id=10220, stack(0x0000001d46200000,0x0000001d46300000)]
  0x00000138e4b83800 JavaThread "Unconstrained build operations Thread 27" [_thread_blocked, id=5112, stack(0x0000001d46300000,0x0000001d46400000)]
  0x00000138e4b86000 JavaThread "Unconstrained build operations Thread 28" [_thread_blocked, id=2708, stack(0x0000001d46400000,0x0000001d46500000)]
  0x00000138e4b81000 JavaThread "Unconstrained build operations Thread 29" [_thread_blocked, id=11368, stack(0x0000001d46500000,0x0000001d46600000)]
  0x00000138e4b80000 JavaThread "Unconstrained build operations Thread 30" [_thread_blocked, id=9208, stack(0x0000001d46600000,0x0000001d46700000)]
  0x00000138e4b87800 JavaThread "Unconstrained build operations Thread 31" [_thread_blocked, id=9264, stack(0x0000001d46700000,0x0000001d46800000)]
  0x00000138e4b86800 JavaThread "Unconstrained build operations Thread 32" [_thread_blocked, id=10052, stack(0x0000001d46800000,0x0000001d46900000)]
  0x00000138e4b82800 JavaThread "Unconstrained build operations Thread 33" [_thread_blocked, id=12844, stack(0x0000001d46900000,0x0000001d46a00000)]
  0x00000138e4b89000 JavaThread "Unconstrained build operations Thread 34" [_thread_blocked, id=9368, stack(0x0000001d46a00000,0x0000001d46b00000)]
  0x00000138e4b8a000 JavaThread "Unconstrained build operations Thread 35" [_thread_blocked, id=7308, stack(0x0000001d46b00000,0x0000001d46c00000)]
  0x00000138e4b8d000 JavaThread "Unconstrained build operations Thread 36" [_thread_blocked, id=11256, stack(0x0000001d46c00000,0x0000001d46d00000)]
  0x00000138e4b8a800 JavaThread "Unconstrained build operations Thread 37" [_thread_blocked, id=1252, stack(0x0000001d46d00000,0x0000001d46e00000)]
  0x00000138e4b8e000 JavaThread "Unconstrained build operations Thread 38" [_thread_blocked, id=13724, stack(0x0000001d46e00000,0x0000001d46f00000)]
  0x00000138e4b8b800 JavaThread "Unconstrained build operations Thread 39" [_thread_blocked, id=6596, stack(0x0000001d46f00000,0x0000001d47000000)]
  0x00000138e4b8c800 JavaThread "Unconstrained build operations Thread 40" [_thread_blocked, id=7576, stack(0x0000001d47000000,0x0000001d47100000)]
  0x00000138daf99000 JavaThread "build event listener" [_thread_blocked, id=12040, stack(0x0000001d47100000,0x0000001d47200000)]
  0x00000138daf94000 JavaThread "pool-13-thread-1" [_thread_blocked, id=68, stack(0x0000001d47300000,0x0000001d47400000)]
  0x00000138daf97000 JavaThread "build event listener" [_thread_blocked, id=10808, stack(0x0000001d47600000,0x0000001d47700000)]
  0x00000138daf98000 JavaThread "included builds" [_thread_blocked, id=4476, stack(0x0000001d47800000,0x0000001d47900000)]
  0x00000138daf93000 JavaThread "Execution worker for ':'" [_thread_blocked, id=7068, stack(0x0000001d47900000,0x0000001d47a00000)]
  0x00000138daf9a800 JavaThread "Execution worker for ':' Thread 2" [_thread_blocked, id=2212, stack(0x0000001d47a00000,0x0000001d47b00000)]
  0x00000138daf9c000 JavaThread "Execution worker for ':' Thread 3" [_thread_in_Java, id=11664, stack(0x0000001d47b00000,0x0000001d47c00000)]
  0x00000138daf9f800 JavaThread "Cache worker for execution history cache (C:\Users\hp\Desktop\eCommerceApp\.gradle\7.4\executionHistory)" [_thread_blocked, id=3772, stack(0x0000001d47c00000,0x0000001d47d00000)]
  0x00000138daf99800 JavaThread "WorkerExecutor Queue" [_thread_blocked, id=11564, stack(0x0000001d47d00000,0x0000001d47e00000)]
=>0x00000138e503b000 JavaThread "C2 CompilerThread1" daemon [_thread_in_native, id=244, stack(0x0000001d43700000,0x0000001d43800000)]

Other Threads:
  0x00000138d9ec1800 VMThread "VM Thread" [stack: 0x0000001d42300000,0x0000001d42400000] [id=13996]
  0x00000138da9c0000 WatcherThread [stack: 0x0000001d42d00000,0x0000001d42e00000] [id=2380]
  0x00000138be378000 GCTaskThread "GC Thread#0" [stack: 0x0000001d41e00000,0x0000001d41f00000] [id=6088]
  0x00000138dab0d800 GCTaskThread "GC Thread#1" [stack: 0x0000001d42f00000,0x0000001d43000000] [id=9900]
  0x00000138dad18000 GCTaskThread "GC Thread#2" [stack: 0x0000001d43000000,0x0000001d43100000] [id=1540]
  0x00000138db108000 GCTaskThread "GC Thread#3" [stack: 0x0000001d43b00000,0x0000001d43c00000] [id=6956]
  0x00000138be3a8800 ConcurrentGCThread "G1 Main Marker" [stack: 0x0000001d41f00000,0x0000001d42000000] [id=11912]
  0x00000138be3aa000 ConcurrentGCThread "G1 Conc#0" [stack: 0x0000001d42000000,0x0000001d42100000] [id=10344]
  0x00000138be439000 ConcurrentGCThread "G1 Refine#0" [stack: 0x0000001d42100000,0x0000001d42200000] [id=9528]
  0x00000138be43a000 ConcurrentGCThread "G1 Young RemSet Sampling" [stack: 0x0000001d42200000,0x0000001d42300000] [id=10996]

Threads with active compile tasks:
C2 CompilerThread0 550838 19630       4       com.google.common.collect.LinkedListMultimap$DistinctKeyIterator::next (81 bytes)
C2 CompilerThread1 550839 19638       4       org.apache.xerces.impl.XMLEntityScanner::scanLiteral (746 bytes)

VM state:not at safepoint (normal execution)

VM Mutex/Monitor currently owned by a thread: None

Heap address: 0x0000000080000000, size: 2048 MB, Compressed Oops mode: 32-bit
Narrow klass base: 0x0000000000000000, Narrow klass shift: 3
Compressed class space size: 1073741824 Address: 0x0000000100000000

Heap:
 garbage-first heap   total 273408K, used 146967K [0x0000000080000000, 0x0000000100000000)
  region size 1024K, 16 young (16384K), 2 survivors (2048K)
 Metaspace       used 118899K, capacity 122122K, committed 122376K, reserved 1155072K
  class space    used 14773K, capacity 16029K, committed 16152K, reserved 1048576K
Heap Regions: E=young(eden), S=young(survivor), O=old, HS=humongous(starts), HC=humongous(continues), CS=collection set, F=free, A=archive, TAMS=top-at-mark-start (previous, next)
|   0|0x0000000080000000, 0x0000000080100000, 0x0000000080100000|100%|HS|  |TAMS 0x0000000080100000, 0x0000000080100000| Complete 
|   1|0x0000000080100000, 0x0000000080200000, 0x0000000080200000|100%|HC|  |TAMS 0x0000000080200000, 0x0000000080200000| Complete 
|   2|0x0000000080200000, 0x0000000080300000, 0x0000000080300000|100%|HC|  |TAMS 0x0000000080300000, 0x0000000080300000| Complete 
|   3|0x0000000080300000, 0x0000000080400000, 0x0000000080400000|100%| O|  |TAMS 0x0000000080400000, 0x0000000080400000| Untracked 
|   4|0x0000000080400000, 0x0000000080500000, 0x0000000080500000|100%| O|  |TAMS 0x0000000080500000, 0x0000000080500000| Untracked 
|   5|0x0000000080500000, 0x0000000080600000, 0x0000000080600000|100%| O|  |TAMS 0x0000000080600000, 0x0000000080600000| Untracked 
|   6|0x0000000080600000, 0x0000000080700000, 0x0000000080700000|100%| O|  |TAMS 0x0000000080700000, 0x0000000080700000| Untracked 
|   7|0x0000000080700000, 0x0000000080800000, 0x0000000080800000|100%| O|  |TAMS 0x0000000080800000, 0x0000000080800000| Untracked 
|   8|0x0000000080800000, 0x0000000080900000, 0x0000000080900000|100%| O|  |TAMS 0x0000000080900000, 0x0000000080900000| Untracked 
|   9|0x0000000080900000, 0x0000000080a00000, 0x0000000080a00000|100%| O|  |TAMS 0x0000000080a00000, 0x0000000080a00000| Untracked 
|  10|0x0000000080a00000, 0x0000000080b00000, 0x0000000080b00000|100%| O|  |TAMS 0x0000000080b00000, 0x0000000080b00000| Untracked 
|  11|0x0000000080b00000, 0x0000000080c00000, 0x0000000080c00000|100%| O|  |TAMS 0x0000000080c00000, 0x0000000080c00000| Untracked 
|  12|0x0000000080c00000, 0x0000000080d00000, 0x0000000080d00000|100%| O|  |TAMS 0x0000000080d00000, 0x0000000080d00000| Untracked 
|  13|0x0000000080d00000, 0x0000000080e00000, 0x0000000080e00000|100%| O|  |TAMS 0x0000000080e00000, 0x0000000080e00000| Untracked 
|  14|0x0000000080e00000, 0x0000000080f00000, 0x0000000080f00000|100%| O|  |TAMS 0x0000000080f00000, 0x0000000080f00000| Untracked 
|  15|0x0000000080f00000, 0x0000000081000000, 0x0000000081000000|100%| O|  |TAMS 0x0000000081000000, 0x0000000081000000| Untracked 
|  16|0x0000000081000000, 0x0000000081100000, 0x0000000081100000|100%| O|  |TAMS 0x0000000081100000, 0x0000000081100000| Untracked 
|  17|0x0000000081100000, 0x0000000081200000, 0x0000000081200000|100%| O|  |TAMS 0x0000000081200000, 0x0000000081200000| Untracked 
|  18|0x0000000081200000, 0x0000000081300000, 0x0000000081300000|100%| O|  |TAMS 0x0000000081300000, 0x0000000081300000| Untracked 
|  19|0x0000000081300000, 0x0000000081400000, 0x0000000081400000|100%|HS|  |TAMS 0x0000000081400000, 0x0000000081400000| Complete 
|  20|0x0000000081400000, 0x0000000081500000, 0x0000000081500000|100%| O|  |TAMS 0x0000000081500000, 0x0000000081500000| Untracked 
|  21|0x0000000081500000, 0x0000000081600000, 0x0000000081600000|100%| O|  |TAMS 0x0000000081600000, 0x0000000081600000| Untracked 
|  22|0x0000000081600000, 0x0000000081700000, 0x0000000081700000|100%| O|  |TAMS 0x0000000081700000, 0x0000000081700000| Untracked 
|  23|0x0000000081700000, 0x0000000081800000, 0x0000000081800000|100%| O|  |TAMS 0x0000000081800000, 0x0000000081800000| Untracked 
|  24|0x0000000081800000, 0x0000000081900000, 0x0000000081900000|100%|HS|  |TAMS 0x0000000081900000, 0x0000000081900000| Complete 
|  25|0x0000000081900000, 0x0000000081a00000, 0x0000000081a00000|100%| O|  |TAMS 0x0000000081a00000, 0x0000000081a00000| Untracked 
|  26|0x0000000081a00000, 0x0000000081b00000, 0x0000000081b00000|100%|HS|  |TAMS 0x0000000081b00000, 0x0000000081b00000| Complete 
|  27|0x0000000081b00000, 0x0000000081c00000, 0x0000000081c00000|100%|HC|  |TAMS 0x0000000081c00000, 0x0000000081c00000| Complete 
|  28|0x0000000081c00000, 0x0000000081d00000, 0x0000000081d00000|100%| O|  |TAMS 0x0000000081d00000, 0x0000000081d00000| Untracked 
|  29|0x0000000081d00000, 0x0000000081e00000, 0x0000000081e00000|100%| O|  |TAMS 0x0000000081e00000, 0x0000000081e00000| Untracked 
|  30|0x0000000081e00000, 0x0000000081f00000, 0x0000000081f00000|100%| O|  |TAMS 0x0000000081f00000, 0x0000000081f00000| Untracked 
|  31|0x0000000081f00000, 0x0000000082000000, 0x0000000082000000|100%| O|  |TAMS 0x0000000082000000, 0x0000000082000000| Untracked 
|  32|0x0000000082000000, 0x0000000082100000, 0x0000000082100000|100%| O|  |TAMS 0x0000000082100000, 0x0000000082100000| Untracked 
|  33|0x0000000082100000, 0x0000000082200000, 0x0000000082200000|100%| O|  |TAMS 0x0000000082200000, 0x0000000082200000| Untracked 
|  34|0x0000000082200000, 0x0000000082300000, 0x0000000082300000|100%| O|  |TAMS 0x0000000082300000, 0x0000000082300000| Untracked 
|  35|0x0000000082300000, 0x0000000082400000, 0x0000000082400000|100%| O|  |TAMS 0x0000000082400000, 0x0000000082400000| Untracked 
|  36|0x0000000082400000, 0x0000000082500000, 0x0000000082500000|100%| O|  |TAMS 0x0000000082500000, 0x0000000082500000| Untracked 
|  37|0x0000000082500000, 0x0000000082600000, 0x0000000082600000|100%| O|  |TAMS 0x0000000082600000, 0x0000000082600000| Untracked 
|  38|0x0000000082600000, 0x0000000082700000, 0x0000000082700000|100%| O|  |TAMS 0x0000000082700000, 0x0000000082700000| Untracked 
|  39|0x0000000082700000, 0x0000000082800000, 0x0000000082800000|100%| O|  |TAMS 0x0000000082800000, 0x0000000082800000| Untracked 
|  40|0x0000000082800000, 0x0000000082900000, 0x0000000082900000|100%| O|  |TAMS 0x0000000082900000, 0x0000000082900000| Untracked 
|  41|0x0000000082900000, 0x0000000082a00000, 0x0000000082a00000|100%| O|  |TAMS 0x0000000082a00000, 0x0000000082a00000| Untracked 
|  42|0x0000000082a00000, 0x0000000082b00000, 0x0000000082b00000|100%| O|  |TAMS 0x0000000082b00000, 0x0000000082b00000| Untracked 
|  43|0x0000000082b00000, 0x0000000082c00000, 0x0000000082c00000|100%| O|  |TAMS 0x0000000082c00000, 0x0000000082c00000| Untracked 
|  44|0x0000000082c00000, 0x0000000082d00000, 0x0000000082d00000|100%| O|  |TAMS 0x0000000082d00000, 0x0000000082d00000| Untracked 
|  45|0x0000000082d00000, 0x0000000082e00000, 0x0000000082e00000|100%| O|  |TAMS 0x0000000082e00000, 0x0000000082e00000| Untracked 
|  46|0x0000000082e00000, 0x0000000082f00000, 0x0000000082f00000|100%| O|  |TAMS 0x0000000082f00000, 0x0000000082f00000| Untracked 
|  47|0x0000000082f00000, 0x0000000083000000, 0x0000000083000000|100%| O|  |TAMS 0x0000000083000000, 0x0000000083000000| Untracked 
|  48|0x0000000083000000, 0x0000000083100000, 0x0000000083100000|100%| O|  |TAMS 0x0000000083100000, 0x0000000083100000| Untracked 
|  49|0x0000000083100000, 0x0000000083200000, 0x0000000083200000|100%| O|  |TAMS 0x0000000083200000, 0x0000000083200000| Untracked 
|  50|0x0000000083200000, 0x0000000083300000, 0x0000000083300000|100%| O|  |TAMS 0x0000000083300000, 0x0000000083300000| Untracked 
|  51|0x0000000083300000, 0x0000000083400000, 0x0000000083400000|100%| O|  |TAMS 0x0000000083400000, 0x0000000083400000| Untracked 
|  52|0x0000000083400000, 0x0000000083500000, 0x0000000083500000|100%| O|  |TAMS 0x0000000083500000, 0x0000000083500000| Untracked 
|  53|0x0000000083500000, 0x0000000083600000, 0x0000000083600000|100%| O|  |TAMS 0x0000000083600000, 0x0000000083600000| Untracked 
|  54|0x0000000083600000, 0x0000000083700000, 0x0000000083700000|100%| O|  |TAMS 0x0000000083700000, 0x0000000083700000| Untracked 
|  55|0x0000000083700000, 0x0000000083800000, 0x0000000083800000|100%| O|  |TAMS 0x0000000083800000, 0x0000000083800000| Untracked 
|  56|0x0000000083800000, 0x0000000083900000, 0x0000000083900000|100%| O|  |TAMS 0x0000000083900000, 0x0000000083900000| Untracked 
|  57|0x0000000083900000, 0x0000000083a00000, 0x0000000083a00000|100%| O|  |TAMS 0x0000000083a00000, 0x0000000083a00000| Untracked 
|  58|0x0000000083a00000, 0x0000000083b00000, 0x0000000083b00000|100%| O|  |TAMS 0x0000000083b00000, 0x0000000083b00000| Untracked 
|  59|0x0000000083b00000, 0x0000000083c00000, 0x0000000083c00000|100%| O|  |TAMS 0x0000000083b00000, 0x0000000083c00000| Untracked 
|  60|0x0000000083c00000, 0x0000000083d00000, 0x0000000083d00000|100%| O|  |TAMS 0x0000000083d00000, 0x0000000083d00000| Untracked 
|  61|0x0000000083d00000, 0x0000000083e00000, 0x0000000083e00000|100%| O|  |TAMS 0x0000000083e00000, 0x0000000083e00000| Untracked 
|  62|0x0000000083e00000, 0x0000000083f00000, 0x0000000083f00000|100%| O|  |TAMS 0x0000000083f00000, 0x0000000083f00000| Untracked 
|  63|0x0000000083f00000, 0x0000000084000000, 0x0000000084000000|100%| O|  |TAMS 0x0000000084000000, 0x0000000084000000| Untracked 
|  64|0x0000000084000000, 0x0000000084100000, 0x0000000084100000|100%| O|  |TAMS 0x0000000084100000, 0x0000000084100000| Untracked 
|  65|0x0000000084100000, 0x0000000084200000, 0x0000000084200000|100%| O|  |TAMS 0x0000000084200000, 0x0000000084200000| Untracked 
|  66|0x0000000084200000, 0x0000000084300000, 0x0000000084300000|100%| O|  |TAMS 0x0000000084300000, 0x0000000084300000| Untracked 
|  67|0x0000000084300000, 0x0000000084400000, 0x0000000084400000|100%| O|  |TAMS 0x0000000084400000, 0x0000000084400000| Untracked 
|  68|0x0000000084400000, 0x0000000084500000, 0x0000000084500000|100%| O|  |TAMS 0x0000000084500000, 0x0000000084500000| Untracked 
|  69|0x0000000084500000, 0x0000000084600000, 0x0000000084600000|100%| O|  |TAMS 0x0000000084600000, 0x0000000084600000| Untracked 
|  70|0x0000000084600000, 0x0000000084700000, 0x0000000084700000|100%| O|  |TAMS 0x0000000084700000, 0x0000000084700000| Untracked 
|  71|0x0000000084700000, 0x0000000084800000, 0x0000000084800000|100%| O|  |TAMS 0x0000000084700000, 0x0000000084800000| Untracked 
|  72|0x0000000084800000, 0x0000000084900000, 0x0000000084900000|100%| O|  |TAMS 0x0000000084900000, 0x0000000084900000| Untracked 
|  73|0x0000000084900000, 0x0000000084a00000, 0x0000000084a00000|100%| O|  |TAMS 0x0000000084a00000, 0x0000000084a00000| Untracked 
|  74|0x0000000084a00000, 0x0000000084b00000, 0x0000000084b00000|100%| O|  |TAMS 0x0000000084b00000, 0x0000000084b00000| Untracked 
|  75|0x0000000084b00000, 0x0000000084c00000, 0x0000000084c00000|100%| O|  |TAMS 0x0000000084c00000, 0x0000000084c00000| Untracked 
|  76|0x0000000084c00000, 0x0000000084d00000, 0x0000000084d00000|100%| O|  |TAMS 0x0000000084d00000, 0x0000000084d00000| Untracked 
|  77|0x0000000084d00000, 0x0000000084d00000, 0x0000000084e00000|  0%| F|  |TAMS 0x0000000084d00000, 0x0000000084d00000| Untracked 
|  78|0x0000000084e00000, 0x0000000084f00000, 0x0000000084f00000|100%| O|  |TAMS 0x0000000084f00000, 0x0000000084f00000| Untracked 
|  79|0x0000000084f00000, 0x0000000085000000, 0x0000000085000000|100%| O|  |TAMS 0x0000000085000000, 0x0000000085000000| Untracked 
|  80|0x0000000085000000, 0x0000000085100000, 0x0000000085100000|100%| O|  |TAMS 0x0000000085100000, 0x0000000085100000| Untracked 
|  81|0x0000000085100000, 0x0000000085200000, 0x0000000085200000|100%| O|  |TAMS 0x0000000085200000, 0x0000000085200000| Untracked 
|  82|0x0000000085200000, 0x0000000085300000, 0x0000000085300000|100%| O|  |TAMS 0x0000000085300000, 0x0000000085300000| Untracked 
|  83|0x0000000085300000, 0x0000000085400000, 0x0000000085400000|100%| O|  |TAMS 0x0000000085400000, 0x0000000085400000| Untracked 
|  84|0x0000000085400000, 0x0000000085500000, 0x0000000085500000|100%| O|  |TAMS 0x0000000085500000, 0x0000000085500000| Untracked 
|  85|0x0000000085500000, 0x0000000085600000, 0x0000000085600000|100%| O|  |TAMS 0x0000000085600000, 0x0000000085600000| Untracked 
|  86|0x0000000085600000, 0x0000000085700000, 0x0000000085700000|100%| O|  |TAMS 0x0000000085700000, 0x0000000085700000| Untracked 
|  87|0x0000000085700000, 0x0000000085800000, 0x0000000085800000|100%| O|  |TAMS 0x0000000085800000, 0x0000000085800000| Untracked 
|  88|0x0000000085800000, 0x0000000085900000, 0x0000000085900000|100%| O|  |TAMS 0x0000000085900000, 0x0000000085900000| Untracked 
|  89|0x0000000085900000, 0x0000000085a00000, 0x0000000085a00000|100%| O|  |TAMS 0x0000000085a00000, 0x0000000085a00000| Untracked 
|  90|0x0000000085a00000, 0x0000000085b00000, 0x0000000085b00000|100%| O|  |TAMS 0x0000000085b00000, 0x0000000085b00000| Untracked 
|  91|0x0000000085b00000, 0x0000000085c00000, 0x0000000085c00000|100%| O|  |TAMS 0x0000000085c00000, 0x0000000085c00000| Untracked 
|  92|0x0000000085c00000, 0x0000000085d00000, 0x0000000085d00000|100%| O|  |TAMS 0x0000000085d00000, 0x0000000085d00000| Untracked 
|  93|0x0000000085d00000, 0x0000000085e00000, 0x0000000085e00000|100%| O|  |TAMS 0x0000000085e00000, 0x0000000085e00000| Untracked 
|  94|0x0000000085e00000, 0x0000000085f00000, 0x0000000085f00000|100%| O|  |TAMS 0x0000000085f00000, 0x0000000085f00000| Untracked 
|  95|0x0000000085f00000, 0x0000000086000000, 0x0000000086000000|100%|HS|  |TAMS 0x0000000085f00000, 0x0000000086000000| Complete 
|  96|0x0000000086000000, 0x0000000086100000, 0x0000000086100000|100%| O|  |TAMS 0x0000000086100000, 0x0000000086100000| Untracked 
|  97|0x0000000086100000, 0x0000000086100000, 0x0000000086200000|  0%| F|  |TAMS 0x0000000086100000, 0x0000000086100000| Untracked 
|  98|0x0000000086200000, 0x0000000086300000, 0x0000000086300000|100%| O|  |TAMS 0x0000000086200000, 0x0000000086300000| Untracked 
|  99|0x0000000086300000, 0x0000000086400000, 0x0000000086400000|100%| O|  |TAMS 0x0000000086300000, 0x0000000086400000| Untracked 
| 100|0x0000000086400000, 0x0000000086500000, 0x0000000086500000|100%| O|  |TAMS 0x0000000086400000, 0x0000000086500000| Untracked 
| 101|0x0000000086500000, 0x0000000086600000, 0x0000000086600000|100%| O|  |TAMS 0x0000000086500000, 0x0000000086600000| Untracked 
| 102|0x0000000086600000, 0x0000000086700000, 0x0000000086700000|100%|HS|  |TAMS 0x0000000086600000, 0x0000000086600000| Complete 
| 103|0x0000000086700000, 0x0000000086800000, 0x0000000086800000|100%|HC|  |TAMS 0x0000000086700000, 0x0000000086700000| Complete 
| 104|0x0000000086800000, 0x0000000086900000, 0x0000000086900000|100%| O|  |TAMS 0x0000000086800000, 0x0000000086900000| Untracked 
| 105|0x0000000086900000, 0x0000000086a00000, 0x0000000086a00000|100%| O|  |TAMS 0x0000000086a00000, 0x0000000086a00000| Untracked 
| 106|0x0000000086a00000, 0x0000000086b00000, 0x0000000086b00000|100%| O|  |TAMS 0x0000000086b00000, 0x0000000086b00000| Untracked 
| 107|0x0000000086b00000, 0x0000000086c00000, 0x0000000086c00000|100%| O|  |TAMS 0x0000000086c00000, 0x0000000086c00000| Untracked 
| 108|0x0000000086c00000, 0x0000000086d00000, 0x0000000086d00000|100%|HS|  |TAMS 0x0000000086c00000, 0x0000000086d00000| Complete 
| 109|0x0000000086d00000, 0x0000000086e00000, 0x0000000086e00000|100%|HC|  |TAMS 0x0000000086d00000, 0x0000000086e00000| Complete 
| 110|0x0000000086e00000, 0x0000000086f00000, 0x0000000086f00000|100%| O|  |TAMS 0x0000000086e00000, 0x0000000086f00000| Untracked 
| 111|0x0000000086f00000, 0x0000000087000000, 0x0000000087000000|100%| O|  |TAMS 0x0000000087000000, 0x0000000087000000| Untracked 
| 112|0x0000000087000000, 0x0000000087100000, 0x0000000087100000|100%| O|  |TAMS 0x0000000087000000, 0x0000000087100000| Untracked 
| 113|0x0000000087100000, 0x0000000087200000, 0x0000000087200000|100%| O|  |TAMS 0x0000000087100000, 0x0000000087200000| Untracked 
| 114|0x0000000087200000, 0x0000000087300000, 0x0000000087300000|100%| O|  |TAMS 0x0000000087200000, 0x0000000087300000| Untracked 
| 115|0x0000000087300000, 0x0000000087400000, 0x0000000087400000|100%| O|  |TAMS 0x0000000087300000, 0x0000000087400000| Untracked 
| 116|0x0000000087400000, 0x0000000087500000, 0x0000000087500000|100%| O|  |TAMS 0x0000000087400000, 0x0000000087500000| Untracked 
| 117|0x0000000087500000, 0x0000000087600000, 0x0000000087600000|100%| O|  |TAMS 0x0000000087500000, 0x0000000087600000| Untracked 
| 118|0x0000000087600000, 0x0000000087700000, 0x0000000087700000|100%| O|  |TAMS 0x0000000087600000, 0x0000000087700000| Untracked 
| 119|0x0000000087700000, 0x0000000087800000, 0x0000000087800000|100%| O|  |TAMS 0x0000000087800000, 0x0000000087800000| Untracked 
| 120|0x0000000087800000, 0x0000000087900000, 0x0000000087900000|100%| O|  |TAMS 0x0000000087900000, 0x0000000087900000| Untracked 
| 121|0x0000000087900000, 0x0000000087a00000, 0x0000000087a00000|100%| O|  |TAMS 0x0000000087a00000, 0x0000000087a00000| Untracked 
| 122|0x0000000087a00000, 0x0000000087b00000, 0x0000000087b00000|100%| O|  |TAMS 0x0000000087b00000, 0x0000000087b00000| Untracked 
| 123|0x0000000087b00000, 0x0000000087c00000, 0x0000000087c00000|100%| O|  |TAMS 0x0000000087c00000, 0x0000000087c00000| Untracked 
| 124|0x0000000087c00000, 0x0000000087d00000, 0x0000000087d00000|100%| O|  |TAMS 0x0000000087d00000, 0x0000000087d00000| Untracked 
| 125|0x0000000087d00000, 0x0000000087e00000, 0x0000000087e00000|100%| O|  |TAMS 0x0000000087d17800, 0x0000000087e00000| Untracked 
| 126|0x0000000087e00000, 0x0000000087f00000, 0x0000000087f00000|100%| O|  |TAMS 0x0000000087e00000, 0x0000000087f00000| Untracked 
| 127|0x0000000087f00000, 0x0000000088000000, 0x0000000088000000|100%| O|  |TAMS 0x0000000087f00000, 0x0000000088000000| Untracked 
| 128|0x0000000088000000, 0x0000000088100000, 0x0000000088100000|100%| O|  |TAMS 0x0000000088000000, 0x0000000088100000| Untracked 
| 129|0x0000000088100000, 0x0000000088200000, 0x0000000088200000|100%| O|  |TAMS 0x0000000088100000, 0x0000000088200000| Untracked 
| 130|0x0000000088200000, 0x0000000088300000, 0x0000000088300000|100%| O|  |TAMS 0x0000000088200000, 0x0000000088300000| Untracked 
| 131|0x0000000088300000, 0x0000000088322c00, 0x0000000088400000| 13%| O|  |TAMS 0x0000000088300000, 0x0000000088322c00| Untracked 
| 132|0x0000000088400000, 0x0000000088400000, 0x0000000088500000|  0%| F|  |TAMS 0x0000000088400000, 0x0000000088400000| Untracked 
| 133|0x0000000088500000, 0x0000000088500000, 0x0000000088600000|  0%| F|  |TAMS 0x0000000088500000, 0x0000000088500000| Untracked 
| 134|0x0000000088600000, 0x0000000088600000, 0x0000000088700000|  0%| F|  |TAMS 0x0000000088600000, 0x0000000088600000| Untracked 
| 135|0x0000000088700000, 0x0000000088700000, 0x0000000088800000|  0%| F|  |TAMS 0x0000000088700000, 0x0000000088700000| Untracked 
| 136|0x0000000088800000, 0x0000000088800000, 0x0000000088900000|  0%| F|  |TAMS 0x0000000088800000, 0x0000000088800000| Untracked 
| 137|0x0000000088900000, 0x0000000088900000, 0x0000000088a00000|  0%| F|  |TAMS 0x0000000088900000, 0x0000000088900000| Untracked 
| 138|0x0000000088a00000, 0x0000000088a00000, 0x0000000088b00000|  0%| F|  |TAMS 0x0000000088a00000, 0x0000000088a00000| Untracked 
| 139|0x0000000088b00000, 0x0000000088b00000, 0x0000000088c00000|  0%| F|  |TAMS 0x0000000088b00000, 0x0000000088b00000| Untracked 
| 140|0x0000000088c00000, 0x0000000088c00000, 0x0000000088d00000|  0%| F|  |TAMS 0x0000000088c00000, 0x0000000088c00000| Untracked 
| 141|0x0000000088d00000, 0x0000000088d00000, 0x0000000088e00000|  0%| F|  |TAMS 0x0000000088d00000, 0x0000000088d00000| Untracked 
| 142|0x0000000088e00000, 0x0000000088e00000, 0x0000000088f00000|  0%| F|  |TAMS 0x0000000088e00000, 0x0000000088e00000| Untracked 
| 143|0x0000000088f00000, 0x0000000088f00000, 0x0000000089000000|  0%| F|  |TAMS 0x0000000088f00000, 0x0000000088f00000| Untracked 
| 144|0x0000000089000000, 0x0000000089000000, 0x0000000089100000|  0%| F|  |TAMS 0x0000000089000000, 0x0000000089000000| Untracked 
| 145|0x0000000089100000, 0x0000000089100000, 0x0000000089200000|  0%| F|  |TAMS 0x0000000089100000, 0x0000000089100000| Untracked 
| 146|0x0000000089200000, 0x0000000089200000, 0x0000000089300000|  0%| F|  |TAMS 0x0000000089200000, 0x0000000089200000| Untracked 
| 147|0x0000000089300000, 0x0000000089300000, 0x0000000089400000|  0%| F|  |TAMS 0x0000000089300000, 0x0000000089300000| Untracked 
| 148|0x0000000089400000, 0x0000000089400000, 0x0000000089500000|  0%| F|  |TAMS 0x0000000089400000, 0x0000000089400000| Untracked 
| 149|0x0000000089500000, 0x0000000089500000, 0x0000000089600000|  0%| F|  |TAMS 0x0000000089500000, 0x0000000089500000| Untracked 
| 150|0x0000000089600000, 0x0000000089600000, 0x0000000089700000|  0%| F|  |TAMS 0x0000000089600000, 0x0000000089600000| Untracked 
| 151|0x0000000089700000, 0x0000000089700000, 0x0000000089800000|  0%| F|  |TAMS 0x0000000089700000, 0x0000000089700000| Untracked 
| 152|0x0000000089800000, 0x0000000089800000, 0x0000000089900000|  0%| F|  |TAMS 0x0000000089800000, 0x0000000089800000| Untracked 
| 153|0x0000000089900000, 0x0000000089900000, 0x0000000089a00000|  0%| F|  |TAMS 0x0000000089900000, 0x0000000089900000| Untracked 
| 154|0x0000000089a00000, 0x0000000089a00000, 0x0000000089b00000|  0%| F|  |TAMS 0x0000000089a00000, 0x0000000089a00000| Untracked 
| 155|0x0000000089b00000, 0x0000000089b00000, 0x0000000089c00000|  0%| F|  |TAMS 0x0000000089b00000, 0x0000000089b00000| Untracked 
| 156|0x0000000089c00000, 0x0000000089c00000, 0x0000000089d00000|  0%| F|  |TAMS 0x0000000089c00000, 0x0000000089c00000| Untracked 
| 157|0x0000000089d00000, 0x0000000089d00000, 0x0000000089e00000|  0%| F|  |TAMS 0x0000000089d00000, 0x0000000089d00000| Untracked 
| 158|0x0000000089e00000, 0x0000000089e00000, 0x0000000089f00000|  0%| F|  |TAMS 0x0000000089e00000, 0x0000000089e00000| Untracked 
| 159|0x0000000089f00000, 0x0000000089f00000, 0x000000008a000000|  0%| F|  |TAMS 0x0000000089f00000, 0x0000000089f00000| Untracked 
| 160|0x000000008a000000, 0x000000008a000000, 0x000000008a100000|  0%| F|  |TAMS 0x000000008a000000, 0x000000008a000000| Untracked 
| 161|0x000000008a100000, 0x000000008a100000, 0x000000008a200000|  0%| F|  |TAMS 0x000000008a100000, 0x000000008a100000| Untracked 
| 162|0x000000008a200000, 0x000000008a200000, 0x000000008a300000|  0%| F|  |TAMS 0x000000008a200000, 0x000000008a200000| Untracked 
| 163|0x000000008a300000, 0x000000008a300000, 0x000000008a400000|  0%| F|  |TAMS 0x000000008a300000, 0x000000008a300000| Untracked 
| 164|0x000000008a400000, 0x000000008a400000, 0x000000008a500000|  0%| F|  |TAMS 0x000000008a400000, 0x000000008a400000| Untracked 
| 165|0x000000008a500000, 0x000000008a500000, 0x000000008a600000|  0%| F|  |TAMS 0x000000008a500000, 0x000000008a500000| Untracked 
| 166|0x000000008a600000, 0x000000008a600000, 0x000000008a700000|  0%| F|  |TAMS 0x000000008a600000, 0x000000008a600000| Untracked 
| 167|0x000000008a700000, 0x000000008a700000, 0x000000008a800000|  0%| F|  |TAMS 0x000000008a700000, 0x000000008a700000| Untracked 
| 168|0x000000008a800000, 0x000000008a800000, 0x000000008a900000|  0%| F|  |TAMS 0x000000008a800000, 0x000000008a800000| Untracked 
| 169|0x000000008a900000, 0x000000008a900000, 0x000000008aa00000|  0%| F|  |TAMS 0x000000008a900000, 0x000000008a900000| Untracked 
| 170|0x000000008aa00000, 0x000000008aa00000, 0x000000008ab00000|  0%| F|  |TAMS 0x000000008aa00000, 0x000000008aa00000| Untracked 
| 171|0x000000008ab00000, 0x000000008ab00000, 0x000000008ac00000|  0%| F|  |TAMS 0x000000008ab00000, 0x000000008ab00000| Untracked 
| 172|0x000000008ac00000, 0x000000008ac00000, 0x000000008ad00000|  0%| F|  |TAMS 0x000000008ac00000, 0x000000008ac00000| Untracked 
| 173|0x000000008ad00000, 0x000000008ad00000, 0x000000008ae00000|  0%| F|  |TAMS 0x000000008ad00000, 0x000000008ad00000| Untracked 
| 174|0x000000008ae00000, 0x000000008ae00000, 0x000000008af00000|  0%| F|  |TAMS 0x000000008ae00000, 0x000000008ae00000| Untracked 
| 175|0x000000008af00000, 0x000000008af00000, 0x000000008b000000|  0%| F|  |TAMS 0x000000008af00000, 0x000000008af00000| Untracked 
| 176|0x000000008b000000, 0x000000008b000000, 0x000000008b100000|  0%| F|  |TAMS 0x000000008b000000, 0x000000008b000000| Untracked 
| 177|0x000000008b100000, 0x000000008b100000, 0x000000008b200000|  0%| F|  |TAMS 0x000000008b100000, 0x000000008b100000| Untracked 
| 178|0x000000008b200000, 0x000000008b200000, 0x000000008b300000|  0%| F|  |TAMS 0x000000008b200000, 0x000000008b200000| Untracked 
| 179|0x000000008b300000, 0x000000008b300000, 0x000000008b400000|  0%| F|  |TAMS 0x000000008b300000, 0x000000008b300000| Untracked 
| 180|0x000000008b400000, 0x000000008b400000, 0x000000008b500000|  0%| F|  |TAMS 0x000000008b400000, 0x000000008b400000| Untracked 
| 181|0x000000008b500000, 0x000000008b500000, 0x000000008b600000|  0%| F|  |TAMS 0x000000008b500000, 0x000000008b500000| Untracked 
| 182|0x000000008b600000, 0x000000008b600000, 0x000000008b700000|  0%| F|  |TAMS 0x000000008b600000, 0x000000008b600000| Untracked 
| 183|0x000000008b700000, 0x000000008b700000, 0x000000008b800000|  0%| F|  |TAMS 0x000000008b700000, 0x000000008b700000| Untracked 
| 184|0x000000008b800000, 0x000000008b800000, 0x000000008b900000|  0%| F|  |TAMS 0x000000008b800000, 0x000000008b800000| Untracked 
| 185|0x000000008b900000, 0x000000008b900000, 0x000000008ba00000|  0%| F|  |TAMS 0x000000008b900000, 0x000000008b900000| Untracked 
| 186|0x000000008ba00000, 0x000000008ba00000, 0x000000008bb00000|  0%| F|  |TAMS 0x000000008ba00000, 0x000000008ba00000| Untracked 
| 187|0x000000008bb00000, 0x000000008bb00000, 0x000000008bc00000|  0%| F|  |TAMS 0x000000008bb00000, 0x000000008bb00000| Untracked 
| 188|0x000000008bc00000, 0x000000008bc00000, 0x000000008bd00000|  0%| F|  |TAMS 0x000000008bc00000, 0x000000008bc00000| Untracked 
| 189|0x000000008bd00000, 0x000000008bd00000, 0x000000008be00000|  0%| F|  |TAMS 0x000000008bd00000, 0x000000008bd00000| Untracked 
| 190|0x000000008be00000, 0x000000008be00000, 0x000000008bf00000|  0%| F|  |TAMS 0x000000008be00000, 0x000000008be00000| Untracked 
| 191|0x000000008bf00000, 0x000000008bf00000, 0x000000008c000000|  0%| F|  |TAMS 0x000000008bf00000, 0x000000008bf00000| Untracked 
| 192|0x000000008c000000, 0x000000008c000000, 0x000000008c100000|  0%| F|  |TAMS 0x000000008c000000, 0x000000008c000000| Untracked 
| 193|0x000000008c100000, 0x000000008c100000, 0x000000008c200000|  0%| F|  |TAMS 0x000000008c100000, 0x000000008c100000| Untracked 
| 194|0x000000008c200000, 0x000000008c200000, 0x000000008c300000|  0%| F|  |TAMS 0x000000008c200000, 0x000000008c200000| Untracked 
| 195|0x000000008c300000, 0x000000008c300000, 0x000000008c400000|  0%| F|  |TAMS 0x000000008c300000, 0x000000008c300000| Untracked 
| 196|0x000000008c400000, 0x000000008c400000, 0x000000008c500000|  0%| F|  |TAMS 0x000000008c400000, 0x000000008c400000| Untracked 
| 197|0x000000008c500000, 0x000000008c500000, 0x000000008c600000|  0%| F|  |TAMS 0x000000008c500000, 0x000000008c500000| Untracked 
| 198|0x000000008c600000, 0x000000008c600000, 0x000000008c700000|  0%| F|  |TAMS 0x000000008c600000, 0x000000008c600000| Untracked 
| 199|0x000000008c700000, 0x000000008c700000, 0x000000008c800000|  0%| F|  |TAMS 0x000000008c700000, 0x000000008c700000| Untracked 
| 200|0x000000008c800000, 0x000000008c800000, 0x000000008c900000|  0%| F|  |TAMS 0x000000008c800000, 0x000000008c800000| Untracked 
| 201|0x000000008c900000, 0x000000008c900000, 0x000000008ca00000|  0%| F|  |TAMS 0x000000008c900000, 0x000000008c900000| Untracked 
| 202|0x000000008ca00000, 0x000000008ca00000, 0x000000008cb00000|  0%| F|  |TAMS 0x000000008ca00000, 0x000000008ca00000| Untracked 
| 203|0x000000008cb00000, 0x000000008cb00000, 0x000000008cc00000|  0%| F|  |TAMS 0x000000008cb00000, 0x000000008cb00000| Untracked 
| 204|0x000000008cc00000, 0x000000008cc00000, 0x000000008cd00000|  0%| F|  |TAMS 0x000000008cc00000, 0x000000008cc00000| Untracked 
| 205|0x000000008cd00000, 0x000000008cd00000, 0x000000008ce00000|  0%| F|  |TAMS 0x000000008cd00000, 0x000000008cd00000| Untracked 
| 206|0x000000008ce00000, 0x000000008ce00000, 0x000000008cf00000|  0%| F|  |TAMS 0x000000008ce00000, 0x000000008ce00000| Untracked 
| 207|0x000000008cf00000, 0x000000008cf00000, 0x000000008d000000|  0%| F|  |TAMS 0x000000008cf00000, 0x000000008cf00000| Untracked 
| 208|0x000000008d000000, 0x000000008d000000, 0x000000008d100000|  0%| F|  |TAMS 0x000000008d000000, 0x000000008d000000| Untracked 
| 209|0x000000008d100000, 0x000000008d100000, 0x000000008d200000|  0%| F|  |TAMS 0x000000008d100000, 0x000000008d100000| Untracked 
| 210|0x000000008d200000, 0x000000008d200000, 0x000000008d300000|  0%| F|  |TAMS 0x000000008d200000, 0x000000008d200000| Untracked 
| 211|0x000000008d300000, 0x000000008d300000, 0x000000008d400000|  0%| F|  |TAMS 0x000000008d300000, 0x000000008d300000| Untracked 
| 212|0x000000008d400000, 0x000000008d400000, 0x000000008d500000|  0%| F|  |TAMS 0x000000008d400000, 0x000000008d400000| Untracked 
| 213|0x000000008d500000, 0x000000008d500000, 0x000000008d600000|  0%| F|  |TAMS 0x000000008d500000, 0x000000008d500000| Untracked 
| 214|0x000000008d600000, 0x000000008d600000, 0x000000008d700000|  0%| F|  |TAMS 0x000000008d600000, 0x000000008d600000| Untracked 
| 215|0x000000008d700000, 0x000000008d700000, 0x000000008d800000|  0%| F|  |TAMS 0x000000008d700000, 0x000000008d700000| Untracked 
| 216|0x000000008d800000, 0x000000008d800000, 0x000000008d900000|  0%| F|  |TAMS 0x000000008d800000, 0x000000008d800000| Untracked 
| 217|0x000000008d900000, 0x000000008d900000, 0x000000008da00000|  0%| F|  |TAMS 0x000000008d900000, 0x000000008d900000| Untracked 
| 218|0x000000008da00000, 0x000000008da00000, 0x000000008db00000|  0%| F|  |TAMS 0x000000008da00000, 0x000000008da00000| Untracked 
| 219|0x000000008db00000, 0x000000008db00000, 0x000000008dc00000|  0%| F|  |TAMS 0x000000008db00000, 0x000000008db00000| Untracked 
| 220|0x000000008dc00000, 0x000000008dc00000, 0x000000008dd00000|  0%| F|  |TAMS 0x000000008dc00000, 0x000000008dc00000| Untracked 
| 221|0x000000008dd00000, 0x000000008dd00000, 0x000000008de00000|  0%| F|  |TAMS 0x000000008dd00000, 0x000000008dd00000| Untracked 
| 222|0x000000008de00000, 0x000000008de00000, 0x000000008df00000|  0%| F|  |TAMS 0x000000008de00000, 0x000000008de00000| Untracked 
| 223|0x000000008df00000, 0x000000008df00000, 0x000000008e000000|  0%| F|  |TAMS 0x000000008df00000, 0x000000008df00000| Untracked 
| 224|0x000000008e000000, 0x000000008e000000, 0x000000008e100000|  0%| F|  |TAMS 0x000000008e000000, 0x000000008e000000| Untracked 
| 225|0x000000008e100000, 0x000000008e100000, 0x000000008e200000|  0%| F|  |TAMS 0x000000008e100000, 0x000000008e100000| Untracked 
| 226|0x000000008e200000, 0x000000008e200000, 0x000000008e300000|  0%| F|  |TAMS 0x000000008e200000, 0x000000008e200000| Untracked 
| 227|0x000000008e300000, 0x000000008e300000, 0x000000008e400000|  0%| F|  |TAMS 0x000000008e300000, 0x000000008e300000| Untracked 
| 228|0x000000008e400000, 0x000000008e400000, 0x000000008e500000|  0%| F|  |TAMS 0x000000008e400000, 0x000000008e400000| Untracked 
| 229|0x000000008e500000, 0x000000008e500000, 0x000000008e600000|  0%| F|  |TAMS 0x000000008e500000, 0x000000008e500000| Untracked 
| 230|0x000000008e600000, 0x000000008e600000, 0x000000008e700000|  0%| F|  |TAMS 0x000000008e600000, 0x000000008e600000| Untracked 
| 231|0x000000008e700000, 0x000000008e700000, 0x000000008e800000|  0%| F|  |TAMS 0x000000008e700000, 0x000000008e700000| Untracked 
| 232|0x000000008e800000, 0x000000008e800000, 0x000000008e900000|  0%| F|  |TAMS 0x000000008e800000, 0x000000008e800000| Untracked 
| 233|0x000000008e900000, 0x000000008e900000, 0x000000008ea00000|  0%| F|  |TAMS 0x000000008e900000, 0x000000008e900000| Untracked 
| 234|0x000000008ea00000, 0x000000008ea00000, 0x000000008eb00000|  0%| F|  |TAMS 0x000000008ea00000, 0x000000008ea00000| Untracked 
| 235|0x000000008eb00000, 0x000000008eb00000, 0x000000008ec00000|  0%| F|  |TAMS 0x000000008eb00000, 0x000000008eb00000| Untracked 
| 236|0x000000008ec00000, 0x000000008ec00000, 0x000000008ed00000|  0%| F|  |TAMS 0x000000008ec00000, 0x000000008ec00000| Untracked 
| 237|0x000000008ed00000, 0x000000008ed00000, 0x000000008ee00000|  0%| F|  |TAMS 0x000000008ed00000, 0x000000008ed00000| Untracked 
| 238|0x000000008ee00000, 0x000000008ee00000, 0x000000008ef00000|  0%| F|  |TAMS 0x000000008ee00000, 0x000000008ee00000| Untracked 
| 239|0x000000008ef00000, 0x000000008ef00000, 0x000000008f000000|  0%| F|  |TAMS 0x000000008ef00000, 0x000000008ef00000| Untracked 
| 240|0x000000008f000000, 0x000000008f000000, 0x000000008f100000|  0%| F|  |TAMS 0x000000008f000000, 0x000000008f000000| Untracked 
| 241|0x000000008f100000, 0x000000008f100000, 0x000000008f200000|  0%| F|  |TAMS 0x000000008f100000, 0x000000008f100000| Untracked 
| 242|0x000000008f200000, 0x000000008f200000, 0x000000008f300000|  0%| F|  |TAMS 0x000000008f200000, 0x000000008f200000| Untracked 
| 243|0x000000008f300000, 0x000000008f300000, 0x000000008f400000|  0%| F|  |TAMS 0x000000008f300000, 0x000000008f300000| Untracked 
| 244|0x000000008f400000, 0x000000008f400000, 0x000000008f500000|  0%| F|  |TAMS 0x000000008f400000, 0x000000008f400000| Untracked 
| 245|0x000000008f500000, 0x000000008f500000, 0x000000008f600000|  0%| F|  |TAMS 0x000000008f500000, 0x000000008f500000| Untracked 
| 246|0x000000008f600000, 0x000000008f600000, 0x000000008f700000|  0%| F|  |TAMS 0x000000008f600000, 0x000000008f600000| Untracked 
| 247|0x000000008f700000, 0x000000008f700000, 0x000000008f800000|  0%| F|  |TAMS 0x000000008f700000, 0x000000008f700000| Untracked 
| 248|0x000000008f800000, 0x000000008f800000, 0x000000008f900000|  0%| F|  |TAMS 0x000000008f800000, 0x000000008f800000| Untracked 
| 249|0x000000008f900000, 0x000000008f900000, 0x000000008fa00000|  0%| F|  |TAMS 0x000000008f900000, 0x000000008f900000| Untracked 
| 250|0x000000008fa00000, 0x000000008fa00000, 0x000000008fb00000|  0%| F|  |TAMS 0x000000008fa00000, 0x000000008fa00000| Untracked 
| 251|0x000000008fb00000, 0x000000008fb95948, 0x000000008fc00000| 58%| E|  |TAMS 0x000000008fb00000, 0x000000008fb00000| Complete 
| 252|0x000000008fc00000, 0x000000008fd00000, 0x000000008fd00000|100%| E|CS|TAMS 0x000000008fc00000, 0x000000008fc00000| Complete 
| 253|0x000000008fd00000, 0x000000008fe00000, 0x000000008fe00000|100%| E|CS|TAMS 0x000000008fd00000, 0x000000008fd00000| Complete 
| 254|0x000000008fe00000, 0x000000008ff00000, 0x000000008ff00000|100%| E|CS|TAMS 0x000000008fe00000, 0x000000008fe00000| Complete 
| 255|0x000000008ff00000, 0x0000000090000000, 0x0000000090000000|100%| E|CS|TAMS 0x000000008ff00000, 0x000000008ff00000| Complete 
| 256|0x0000000090000000, 0x0000000090100000, 0x0000000090100000|100%| E|CS|TAMS 0x0000000090000000, 0x0000000090000000| Complete 
| 257|0x0000000090100000, 0x0000000090200000, 0x0000000090200000|100%| E|CS|TAMS 0x0000000090100000, 0x0000000090100000| Complete 
| 258|0x0000000090200000, 0x0000000090300000, 0x0000000090300000|100%| E|CS|TAMS 0x0000000090200000, 0x0000000090200000| Complete 
| 259|0x0000000090300000, 0x0000000090400000, 0x0000000090400000|100%| E|CS|TAMS 0x0000000090300000, 0x0000000090300000| Complete 
| 260|0x0000000090400000, 0x0000000090500000, 0x0000000090500000|100%| E|CS|TAMS 0x0000000090400000, 0x0000000090400000| Complete 
| 261|0x0000000090500000, 0x0000000090600000, 0x0000000090600000|100%| E|CS|TAMS 0x0000000090500000, 0x0000000090500000| Complete 
| 262|0x0000000090600000, 0x0000000090700000, 0x0000000090700000|100%| E|CS|TAMS 0x0000000090600000, 0x0000000090600000| Complete 
| 263|0x0000000090700000, 0x00000000907631d8, 0x0000000090800000| 38%| S|CS|TAMS 0x0000000090700000, 0x0000000090700000| Complete 
| 264|0x0000000090800000, 0x0000000090900000, 0x0000000090900000|100%| S|CS|TAMS 0x0000000090800000, 0x0000000090800000| Complete 
| 265|0x0000000090900000, 0x0000000090a00000, 0x0000000090a00000|100%| E|CS|TAMS 0x0000000090900000, 0x0000000090900000| Complete 
| 266|0x0000000090a00000, 0x0000000090b00000, 0x0000000090b00000|100%| E|CS|TAMS 0x0000000090a00000, 0x0000000090a00000| Complete 

Card table byte_map: [0x00000138d3070000,0x00000138d3470000] _byte_map_base: 0x00000138d2c70000

Marking Bits (Prev, Next): (CMBitMap*) 0x00000138be39f928, (CMBitMap*) 0x00000138be39f960
 Prev Bits: [0x00000138d3870000, 0x00000138d5870000)
 Next Bits: [0x00000138d5870000, 0x00000138d7870000)

Polling page: 0x00000138be210000

Metaspace:

Usage:
  Non-class:    103.61 MB capacity,   101.69 MB ( 98%) used,     1.52 MB (  1%) free+waste,   406.56 KB ( <1%) overhead. 
      Class:     15.65 MB capacity,    14.43 MB ( 92%) used,     1.05 MB (  7%) free+waste,   177.81 KB (  1%) overhead. 
       Both:    119.26 MB capacity,   116.11 MB ( 97%) used,     2.58 MB (  2%) free+waste,   584.38 KB ( <1%) overhead. 

Virtual space:
  Non-class space:      104.00 MB reserved,     103.73 MB (>99%) committed 
      Class space:        1.00 GB reserved,      15.77 MB (  2%) committed 
             Both:        1.10 GB reserved,     119.51 MB ( 11%) committed 

Chunk freelists:
   Non-Class:  3.00 KB
       Class:  67.00 KB
        Both:  70.00 KB

MaxMetaspaceSize: 17179869184.00 GB
CompressedClassSpaceSize: 1.00 GB
Initial GC threshold: 20.80 MB
Current GC threshold: 196.05 MB
CDS: off

CodeHeap 'non-profiled nmethods': size=120064Kb used=11684Kb max_used=11684Kb free=108379Kb
 bounds [0x00000138cb110000, 0x00000138cbc80000, 0x00000138d2650000]
CodeHeap 'profiled nmethods': size=120000Kb used=42668Kb max_used=42668Kb free=77331Kb
 bounds [0x00000138c3be0000, 0x00000138c6590000, 0x00000138cb110000]
CodeHeap 'non-nmethods': size=5696Kb used=2437Kb max_used=2496Kb free=3258Kb
 bounds [0x00000138c3650000, 0x00000138c38d0000, 0x00000138c3be0000]
 total_blobs=19528 nmethods=18566 adapters=872
 compilation: enabled
              stopped_count=0, restarted_count=0
 full_count=0

Compilation events (20 events):
Event: 550.651 Thread 0x00000138d9ee8800 19656       3       com.android.ide.common.resources.configuration.FolderConfiguration::getConfigFromQualifiers (336 bytes)
Event: 550.654 Thread 0x00000138d9ee8800 nmethod 19656 0x00000138c657a010 code [0x00000138c657a480, 0x00000138c657c758]
Event: 550.654 Thread 0x00000138d9ee8800 19657   !   3       com.android.ide.common.resources.configuration.CountryCodeQualifier::getQualifier (48 bytes)
Event: 550.655 Thread 0x00000138d9ee8800 nmethod 19657 0x00000138c657d190 code [0x00000138c657d3a0, 0x00000138c657d858]
Event: 550.655 Thread 0x00000138d9ee8800 19664       3       org.apache.xerces.parsers.XML11Configuration::reset (41 bytes)
Event: 550.656 Thread 0x00000138d9ee8800 nmethod 19664 0x00000138c657da90 code [0x00000138c657dca0, 0x00000138c657e478]
Event: 550.656 Thread 0x00000138d9ee8800 19658   !   3       org.apache.xerces.impl.XMLErrorReporter::reset (37 bytes)
Event: 550.656 Thread 0x00000138d9ee8800 nmethod 19658 0x00000138c657e710 code [0x00000138c657e900, 0x00000138c657ed38]
Event: 550.656 Thread 0x00000138d9ee8800 19659       3       org.apache.xerces.impl.XMLEntityManager$Entity::<init> (15 bytes)
Event: 550.656 Thread 0x00000138d9ee8800 nmethod 19659 0x00000138c657ee90 code [0x00000138c657f040, 0x00000138c657f1f8]
Event: 550.656 Thread 0x00000138d9ee8800 19660       3       org.apache.xerces.impl.XMLEntityManager$CharacterBufferPool::getBuffer (80 bytes)
Event: 550.657 Thread 0x00000138d9ee8800 nmethod 19660 0x00000138c657f290 code [0x00000138c657f480, 0x00000138c657faf8]
Event: 550.657 Thread 0x00000138d9ee8800 19661       3       org.apache.xerces.impl.XMLEntityManager$CharacterBuffer::<init> (17 bytes)
Event: 550.657 Thread 0x00000138e503b000 nmethod 19632 0x00000138cbc73210 code [0x00000138cbc73680, 0x00000138cbc76e08]
Event: 550.657 Thread 0x00000138d9ee8800 nmethod 19661 0x00000138c657fd10 code [0x00000138c657fec0, 0x00000138c6580118]
Event: 550.657 Thread 0x00000138d9ee8800 19662       3       org.apache.xerces.parsers.XIncludeAwareParserConfiguration::configurePipeline (300 bytes)
Event: 550.657 Thread 0x00000138e503b000 19638       4       org.apache.xerces.impl.XMLEntityScanner::scanLiteral (746 bytes)
Event: 550.659 Thread 0x00000138d9ee8800 nmethod 19662 0x00000138c6580210 code [0x00000138c65805c0, 0x00000138c6582098]
Event: 550.659 Thread 0x00000138d9ee8800 19663       3       org.apache.xerces.parsers.XML11Configuration::configurePipeline (607 bytes)
Event: 550.775 Thread 0x00000138d9ee8800 nmethod 19663 0x00000138c6582790 code [0x00000138c6582de0, 0x00000138c6587488]

GC Heap History (20 events):
Event: 39.635 GC heap before
{Heap before GC invocations=33 (full 0):
 garbage-first heap   total 227328K, used 130317K [0x0000000080000000, 0x0000000100000000)
  region size 1024K, 15 young (15360K), 8 survivors (8192K)
 Metaspace       used 109930K, capacity 112943K, committed 113800K, reserved 1148928K
  class space    used 14015K, capacity 15158K, committed 15512K, reserved 1048576K
}
Event: 39.680 GC heap after
{Heap after GC invocations=34 (full 0):
 garbage-first heap   total 227328K, used 124404K [0x0000000080000000, 0x0000000100000000)
  region size 1024K, 2 young (2048K), 2 survivors (2048K)
 Metaspace       used 109930K, capacity 112943K, committed 113800K, reserved 1148928K
  class space    used 14015K, capacity 15158K, committed 15512K, reserved 1048576K
}
Event: 41.659 GC heap before
{Heap before GC invocations=35 (full 0):
 garbage-first heap   total 227328K, used 215540K [0x0000000080000000, 0x0000000100000000)
  region size 1024K, 44 young (45056K), 2 survivors (2048K)
 Metaspace       used 115214K, capacity 118300K, committed 118664K, reserved 1153024K
  class space    used 14549K, capacity 15741K, committed 16024K, reserved 1048576K
}
Event: 41.673 GC heap after
{Heap after GC invocations=36 (full 0):
 garbage-first heap   total 273408K, used 122739K [0x0000000080000000, 0x0000000100000000)
  region size 1024K, 3 young (3072K), 3 survivors (3072K)
 Metaspace       used 115214K, capacity 118300K, committed 118664K, reserved 1153024K
  class space    used 14549K, capacity 15741K, committed 16024K, reserved 1048576K
}
Event: 160.836 GC heap before
{Heap before GC invocations=36 (full 0):
 garbage-first heap   total 273408K, used 132979K [0x0000000080000000, 0x0000000100000000)
  region size 1024K, 13 young (13312K), 3 survivors (3072K)
 Metaspace       used 116027K, capacity 119112K, committed 119432K, reserved 1153024K
  class space    used 14596K, capacity 15787K, committed 16024K, reserved 1048576K
}
Event: 160.844 GC heap after
{Heap after GC invocations=37 (full 0):
 garbage-first heap   total 273408K, used 121605K [0x0000000080000000, 0x0000000100000000)
  region size 1024K, 1 young (1024K), 1 survivors (1024K)
 Metaspace       used 116027K, capacity 119112K, committed 119432K, reserved 1153024K
  class space    used 14596K, capacity 15787K, committed 16024K, reserved 1048576K
}
Event: 163.691 GC heap before
{Heap before GC invocations=37 (full 0):
 garbage-first heap   total 273408K, used 189189K [0x0000000080000000, 0x0000000100000000)
  region size 1024K, 68 young (69632K), 1 survivors (1024K)
 Metaspace       used 116753K, capacity 119912K, committed 120200K, reserved 1153024K
  class space    used 14609K, capacity 15811K, committed 16024K, reserved 1048576K
}
Event: 163.709 GC heap after
{Heap after GC invocations=38 (full 0):
 garbage-first heap   total 273408K, used 128335K [0x0000000080000000, 0x0000000100000000)
  region size 1024K, 8 young (8192K), 8 survivors (8192K)
 Metaspace       used 116753K, capacity 119912K, committed 120200K, reserved 1153024K
  class space    used 14609K, capacity 15811K, committed 16024K, reserved 1048576K
}
Event: 166.297 GC heap before
{Heap before GC invocations=38 (full 0):
 garbage-first heap   total 273408K, used 195919K [0x0000000080000000, 0x0000000100000000)
  region size 1024K, 75 young (76800K), 8 survivors (8192K)
 Metaspace       used 116929K, capacity 120068K, committed 120456K, reserved 1155072K
  class space    used 14613K, capacity 15817K, committed 16024K, reserved 1048576K
}
Event: 166.322 GC heap after
{Heap after GC invocations=39 (full 0):
 garbage-first heap   total 273408K, used 133214K [0x0000000080000000, 0x0000000100000000)
  region size 1024K, 5 young (5120K), 5 survivors (5120K)
 Metaspace       used 116929K, capacity 120068K, committed 120456K, reserved 1155072K
  class space    used 14613K, capacity 15817K, committed 16024K, reserved 1048576K
}
Event: 166.442 GC heap before
{Heap before GC invocations=39 (full 0):
 garbage-first heap   total 273408K, used 137310K [0x0000000080000000, 0x0000000100000000)
  region size 1024K, 10 young (10240K), 5 survivors (5120K)
 Metaspace       used 116940K, capacity 120068K, committed 120456K, reserved 1155072K
  class space    used 14613K, capacity 15817K, committed 16024K, reserved 1048576K
}
Event: 166.455 GC heap after
{Heap after GC invocations=40 (full 0):
 garbage-first heap   total 273408K, used 133214K [0x0000000080000000, 0x0000000100000000)
  region size 1024K, 5 young (5120K), 5 survivors (5120K)
 Metaspace       used 116940K, capacity 120068K, committed 120456K, reserved 1155072K
  class space    used 14613K, capacity 15817K, committed 16024K, reserved 1048576K
}
Event: 547.103 GC heap before
{Heap before GC invocations=41 (full 0):
 garbage-first heap   total 273408K, used 236638K [0x0000000080000000, 0x0000000100000000)
  region size 1024K, 65 young (66560K), 5 survivors (5120K)
 Metaspace       used 117771K, capacity 120989K, committed 121224K, reserved 1155072K
  class space    used 14679K, capacity 15929K, committed 16024K, reserved 1048576K
}
Event: 547.121 GC heap after
{Heap after GC invocations=42 (full 0):
 garbage-first heap   total 273408K, used 127929K [0x0000000080000000, 0x0000000100000000)
  region size 1024K, 6 young (6144K), 6 survivors (6144K)
 Metaspace       used 117771K, capacity 120989K, committed 121224K, reserved 1155072K
  class space    used 14679K, capacity 15929K, committed 16024K, reserved 1048576K
}
Event: 547.244 GC heap before
{Heap before GC invocations=42 (full 0):
 garbage-first heap   total 273408K, used 135097K [0x0000000080000000, 0x0000000100000000)
  region size 1024K, 13 young (13312K), 6 survivors (6144K)
 Metaspace       used 117800K, capacity 120990K, committed 121224K, reserved 1155072K
  class space    used 14679K, capacity 15929K, committed 16024K, reserved 1048576K
}
Event: 547.268 GC heap after
{Heap after GC invocations=43 (full 0):
 garbage-first heap   total 273408K, used 116273K [0x0000000080000000, 0x0000000100000000)
  region size 1024K, 2 young (2048K), 2 survivors (2048K)
 Metaspace       used 117800K, capacity 120990K, committed 121224K, reserved 1155072K
  class space    used 14679K, capacity 15929K, committed 16024K, reserved 1048576K
}
Event: 550.228 GC heap before
{Heap before GC invocations=43 (full 0):
 garbage-first heap   total 273408K, used 188977K [0x0000000080000000, 0x0000000100000000)
  region size 1024K, 74 young (75776K), 2 survivors (2048K)
 Metaspace       used 118870K, capacity 122058K, committed 122376K, reserved 1155072K
  class space    used 14773K, capacity 16029K, committed 16152K, reserved 1048576K
}
Event: 550.273 GC heap after
{Heap after GC invocations=44 (full 0):
 garbage-first heap   total 273408K, used 126976K [0x0000000080000000, 0x0000000100000000)
  region size 1024K, 10 young (10240K), 10 survivors (10240K)
 Metaspace       used 118870K, capacity 122058K, committed 122376K, reserved 1155072K
  class space    used 14773K, capacity 16029K, committed 16152K, reserved 1048576K
}
Event: 550.408 GC heap before
{Heap before GC invocations=44 (full 0):
 garbage-first heap   total 273408K, used 135168K [0x0000000080000000, 0x0000000100000000)
  region size 1024K, 12 young (12288K), 10 survivors (10240K)
 Metaspace       used 118870K, capacity 122058K, committed 122376K, reserved 1155072K
  class space    used 14773K, capacity 16029K, committed 16152K, reserved 1048576K
}
Event: 550.449 GC heap after
{Heap after GC invocations=45 (full 0):
 garbage-first heap   total 273408K, used 131607K [0x0000000080000000, 0x0000000100000000)
  region size 1024K, 2 young (2048K), 2 survivors (2048K)
 Metaspace       used 118870K, capacity 122058K, committed 122376K, reserved 1155072K
  class space    used 14773K, capacity 16029K, committed 16152K, reserved 1048576K
}

Deoptimization events (20 events):
Event: 550.282 Thread 0x00000138da99d000 Uncommon trap: trap_request=0xffffffde fr.pc=0x00000138cb24d7ec relative=0x000000000000052c
Event: 550.282 Thread 0x00000138da99d000 Uncommon trap: reason=class_check action=maybe_recompile pc=0x00000138cb24d7ec method=jdk.internal.ref.PhantomCleanable.clean()V @ 12 c2
Event: 550.282 Thread 0x00000138da99d000 DEOPT PACKING pc=0x00000138cb24d7ec sp=0x0000001d42cff470
Event: 550.282 Thread 0x00000138da99d000 DEOPT UNPACKING pc=0x00000138c369a1af sp=0x0000001d42cff450 mode 2
Event: 550.457 Thread 0x00000138daf9c000 Uncommon trap: trap_request=0xffffff4d fr.pc=0x00000138cbc6ed44 relative=0x0000000000000924
Event: 550.457 Thread 0x00000138daf9c000 Uncommon trap: reason=unstable_if action=reinterpret pc=0x00000138cbc6ed44 method=org.apache.xerces.impl.XMLNSDocumentScannerImpl.scanAttribute(Lorg/apache/xerces/util/XMLAttributesImpl;)V @ 276 c2
Event: 550.457 Thread 0x00000138daf9c000 DEOPT PACKING pc=0x00000138cbc6ed44 sp=0x0000001d47bf9880
Event: 550.457 Thread 0x00000138daf9c000 DEOPT UNPACKING pc=0x00000138c369a1af sp=0x0000001d47bf9838 mode 2
Event: 550.463 Thread 0x00000138daf9c000 Uncommon trap: trap_request=0xffffff4d fr.pc=0x00000138cb175d68 relative=0x00000000000006c8
Event: 550.463 Thread 0x00000138daf9c000 Uncommon trap: reason=unstable_if action=reinterpret pc=0x00000138cb175d68 method=org.apache.xerces.impl.XMLEntityScanner.scanLiteral(ILorg/apache/xerces/xni/XMLString;)I @ 606 c2
Event: 550.463 Thread 0x00000138daf9c000 DEOPT PACKING pc=0x00000138cb175d68 sp=0x0000001d47bf96a0
Event: 550.463 Thread 0x00000138daf9c000 DEOPT UNPACKING pc=0x00000138c369a1af sp=0x0000001d47bf9628 mode 2
Event: 550.463 Thread 0x00000138daf9c000 Uncommon trap: trap_request=0xffffff4d fr.pc=0x00000138cbc4b138 relative=0x00000000000010d8
Event: 550.463 Thread 0x00000138daf9c000 Uncommon trap: reason=unstable_if action=reinterpret pc=0x00000138cbc4b138 method=org.apache.xerces.impl.XMLScanner.scanAttributeValue(Lorg/apache/xerces/xni/XMLString;Lorg/apache/xerces/xni/XMLString;Ljava/lang/String;ZLjava/lang/String;)Z @ 642 c2
Event: 550.463 Thread 0x00000138daf9c000 DEOPT PACKING pc=0x00000138cbc4b138 sp=0x0000001d47bf9700
Event: 550.463 Thread 0x00000138daf9c000 DEOPT UNPACKING pc=0x00000138c369a1af sp=0x0000001d47bf96a0 mode 2
Event: 550.524 Thread 0x00000138daf9c000 DEOPT PACKING pc=0x00000138c52ee907 sp=0x0000001d47bf97d0
Event: 550.524 Thread 0x00000138daf9c000 DEOPT UNPACKING pc=0x00000138c369a95e sp=0x0000001d47bf8ce0 mode 0
Event: 550.529 Thread 0x00000138daf9c000 DEOPT PACKING pc=0x00000138c52ee907 sp=0x0000001d47bf97d0
Event: 550.529 Thread 0x00000138daf9c000 DEOPT UNPACKING pc=0x00000138c369a95e sp=0x0000001d47bf8ce0 mode 0

Classes redefined (0 events):
No events

Internal exceptions (20 events):
Event: 165.911 Thread 0x00000138de58e000 Exception <a 'sun/nio/fs/WindowsException'{0x000000008e139288}> (0x000000008e139288) thrown at [./src/hotspot/share/prims/jni.cpp, line 616]
Event: 165.911 Thread 0x00000138de58e000 Exception <a 'sun/nio/fs/WindowsException'{0x000000008e139370}> (0x000000008e139370) thrown at [./src/hotspot/share/prims/jni.cpp, line 616]
Event: 166.213 Thread 0x00000138de58d800 Exception <a 'sun/nio/fs/WindowsException'{0x000000008cab8c38}> (0x000000008cab8c38) thrown at [./src/hotspot/share/prims/jni.cpp, line 616]
Event: 166.213 Thread 0x00000138de58d800 Exception <a 'sun/nio/fs/WindowsException'{0x000000008cab9aa0}> (0x000000008cab9aa0) thrown at [./src/hotspot/share/prims/jni.cpp, line 616]
Event: 166.440 Thread 0x00000138de58e000 Exception <a 'sun/nio/fs/WindowsException'{0x00000000907f1a38}> (0x00000000907f1a38) thrown at [./src/hotspot/share/prims/jni.cpp, line 616]
Event: 166.440 Thread 0x00000138de58e000 Exception <a 'sun/nio/fs/WindowsException'{0x00000000907f1ab8}> (0x00000000907f1ab8) thrown at [./src/hotspot/share/prims/jni.cpp, line 616]
Event: 167.204 Thread 0x00000138e4b81000 Exception <a 'sun/nio/fs/WindowsException'{0x00000000907c7070}> (0x00000000907c7070) thrown at [./src/hotspot/share/prims/jni.cpp, line 616]
Event: 167.210 Thread 0x00000138da9b3000 Exception <a 'sun/nio/fs/WindowsException'{0x000000009078dbc0}> (0x000000009078dbc0) thrown at [./src/hotspot/share/prims/jni.cpp, line 616]
Event: 167.210 Thread 0x00000138da9b3000 Exception <a 'sun/nio/fs/WindowsException'{0x000000009078dc40}> (0x000000009078dc40) thrown at [./src/hotspot/share/prims/jni.cpp, line 616]
Event: 167.211 Thread 0x00000138da9b3000 Exception <a 'sun/nio/fs/WindowsException'{0x000000009078f580}> (0x000000009078f580) thrown at [./src/hotspot/share/prims/jni.cpp, line 616]
Event: 544.724 Thread 0x00000138de58b000 Exception <a 'sun/nio/fs/WindowsException'{0x000000008dfacf28}> (0x000000008dfacf28) thrown at [./src/hotspot/share/prims/jni.cpp, line 616]
Event: 545.074 Thread 0x00000138de58b000 Exception <a 'java/lang/NoClassDefFoundError'{0x000000008dbecc70}: org/jetbrains/kotlin/gradle/plugin/KotlinBasePluginWrapper> (0x000000008dbecc70) thrown at [./src/hotspot/share/oops/constantPool.cpp, line 775]
Event: 545.177 Thread 0x00000138de58b000 Exception <a 'sun/nio/fs/WindowsException'{0x000000008d729510}> (0x000000008d729510) thrown at [./src/hotspot/share/prims/jni.cpp, line 616]
Event: 545.191 Thread 0x00000138de58b000 Exception <a 'sun/nio/fs/WindowsException'{0x000000008d7d24d8}> (0x000000008d7d24d8) thrown at [./src/hotspot/share/prims/jni.cpp, line 616]
Event: 545.191 Thread 0x00000138de58b000 Exception <a 'sun/nio/fs/WindowsException'{0x000000008d7d3af0}> (0x000000008d7d3af0) thrown at [./src/hotspot/share/prims/jni.cpp, line 616]
Event: 545.191 Thread 0x00000138de58b000 Exception <a 'sun/nio/fs/WindowsException'{0x000000008d7d5158}> (0x000000008d7d5158) thrown at [./src/hotspot/share/prims/jni.cpp, line 616]
Event: 545.191 Thread 0x00000138de58b000 Exception <a 'sun/nio/fs/WindowsException'{0x000000008d7d67c0}> (0x000000008d7d67c0) thrown at [./src/hotspot/share/prims/jni.cpp, line 616]
Event: 545.274 Thread 0x00000138de58b000 Exception <a 'sun/nio/fs/WindowsException'{0x000000008d33b3c0}> (0x000000008d33b3c0) thrown at [./src/hotspot/share/prims/jni.cpp, line 616]
Event: 546.936 Thread 0x00000138daf98000 Exception <a 'sun/nio/fs/WindowsException'{0x000000008d0bec70}> (0x000000008d0bec70) thrown at [./src/hotspot/share/prims/jni.cpp, line 616]
Event: 546.937 Thread 0x00000138daf98000 Exception <a 'sun/nio/fs/WindowsException'{0x000000008d0c14c0}> (0x000000008d0c14c0) thrown at [./src/hotspot/share/prims/jni.cpp, line 616]

Events (20 events):
Event: 547.617 loading class com/android/resources/UiMode
Event: 547.617 loading class com/android/resources/UiMode done
Event: 547.617 loading class com/android/resources/NightMode
Event: 547.617 loading class com/android/resources/NightMode done
Event: 547.619 loading class com/android/resources/TouchScreen
Event: 547.619 loading class com/android/resources/TouchScreen done
Event: 547.620 loading class com/android/resources/KeyboardState
Event: 547.620 loading class com/android/resources/KeyboardState done
Event: 547.621 loading class com/android/resources/Keyboard
Event: 547.621 loading class com/android/resources/Keyboard done
Event: 547.621 loading class com/android/resources/NavigationState
Event: 547.621 loading class com/android/resources/NavigationState done
Event: 547.622 loading class com/android/resources/Navigation
Event: 547.622 loading class com/android/resources/Navigation done
Event: 549.855 Thread 0x00000138e503d800 Thread exited: 0x00000138e503d800
Event: 549.951 Thread 0x00000138e503b000 Thread added: 0x00000138e503b000
Event: 550.210 Executing VM operation: G1CollectForAllocation
Event: 550.273 Executing VM operation: G1CollectForAllocation done
Event: 550.408 Executing VM operation: G1CollectForAllocation
Event: 550.449 Executing VM operation: G1CollectForAllocation done


Dynamic libraries:
0x00007ff742150000 - 0x00007ff74215a000 	C:\Program Files\Android\Android Studio\jre\bin\java.exe
0x00007ff8f8710000 - 0x00007ff8f8908000 	C:\Windows\SYSTEM32\ntdll.dll
0x00007ff8f7230000 - 0x00007ff8f72ef000 	C:\Windows\System32\KERNEL32.DLL
0x00007ff8f62a0000 - 0x00007ff8f6596000 	C:\Windows\System32\KERNELBASE.dll
0x00007ff8f5f10000 - 0x00007ff8f6010000 	C:\Windows\System32\ucrtbase.dll
0x00007ff8eece0000 - 0x00007ff8eecf9000 	C:\Program Files\Android\Android Studio\jre\bin\jli.dll
0x00007ff8eecc0000 - 0x00007ff8eecd7000 	C:\Program Files\Android\Android Studio\jre\bin\VCRUNTIME140.dll
0x00007ff8f73a0000 - 0x00007ff8f753d000 	C:\Windows\System32\USER32.dll
0x00007ff8e3590000 - 0x00007ff8e382a000 	C:\Windows\WinSxS\amd64_microsoft.windows.common-controls_6595b64144ccf1df_6.0.19041.1110_none_60b5254171f9507e\COMCTL32.dll
0x00007ff8f6010000 - 0x00007ff8f6032000 	C:\Windows\System32\win32u.dll
0x00007ff8f80b0000 - 0x00007ff8f814e000 	C:\Windows\System32\msvcrt.dll
0x00007ff8f8380000 - 0x00007ff8f83ac000 	C:\Windows\System32\GDI32.dll
0x00007ff8f5df0000 - 0x00007ff8f5f05000 	C:\Windows\System32\gdi32full.dll
0x00007ff8f65a0000 - 0x00007ff8f663d000 	C:\Windows\System32\msvcp_win.dll
0x00007ff8f86a0000 - 0x00007ff8f86d0000 	C:\Windows\System32\IMM32.DLL
0x00007ff8d45e0000 - 0x00007ff8d467d000 	C:\Program Files\Android\Android Studio\jre\bin\msvcp140.dll
0x00007ff8ba510000 - 0x00007ff8bb012000 	C:\Program Files\Android\Android Studio\jre\bin\server\jvm.dll
0x00007ff8f72f0000 - 0x00007ff8f739f000 	C:\Windows\System32\ADVAPI32.dll
0x00007ff8f84e0000 - 0x00007ff8f857c000 	C:\Windows\System32\sechost.dll
0x00007ff8f83b0000 - 0x00007ff8f84d6000 	C:\Windows\System32\RPCRT4.dll
0x00007ff8f85e0000 - 0x00007ff8f85e8000 	C:\Windows\System32\PSAPI.DLL
0x00007ff8f0910000 - 0x00007ff8f0919000 	C:\Windows\SYSTEM32\WSOCK32.dll
0x00007ff8e2d20000 - 0x00007ff8e2d47000 	C:\Windows\SYSTEM32\WINMM.dll
0x00007ff8f7730000 - 0x00007ff8f779b000 	C:\Windows\System32\WS2_32.dll
0x00007ff8e3830000 - 0x00007ff8e383a000 	C:\Windows\SYSTEM32\VERSION.dll
0x00007ff8f3d20000 - 0x00007ff8f3d32000 	C:\Windows\SYSTEM32\kernel.appcore.dll
0x00007ff8f0180000 - 0x00007ff8f0191000 	C:\Program Files\Android\Android Studio\jre\bin\verify.dll
0x00007ff8e1860000 - 0x00007ff8e1a44000 	C:\Windows\SYSTEM32\DBGHELP.DLL
0x00007ff8e2600000 - 0x00007ff8e2634000 	C:\Windows\SYSTEM32\dbgcore.DLL
0x00007ff8f66b0000 - 0x00007ff8f6732000 	C:\Windows\System32\bcryptPrimitives.dll
0x00007ff8eebf0000 - 0x00007ff8eec19000 	C:\Program Files\Android\Android Studio\jre\bin\java.dll
0x00007ff8f0110000 - 0x00007ff8f011b000 	C:\Program Files\Android\Android Studio\jre\bin\jimage.dll
0x00007ff8efad0000 - 0x00007ff8efae8000 	C:\Program Files\Android\Android Studio\jre\bin\zip.dll
0x00007ff8f6840000 - 0x00007ff8f6f84000 	C:\Windows\System32\SHELL32.dll
0x00007ff8f3e90000 - 0x00007ff8f4623000 	C:\Windows\SYSTEM32\windows.storage.dll
0x00007ff8f7d50000 - 0x00007ff8f80a4000 	C:\Windows\System32\combase.dll
0x00007ff8f5830000 - 0x00007ff8f585e000 	C:\Windows\SYSTEM32\Wldp.dll
0x00007ff8f8150000 - 0x00007ff8f81fd000 	C:\Windows\System32\SHCORE.dll
0x00007ff8f7540000 - 0x00007ff8f7595000 	C:\Windows\System32\shlwapi.dll
0x00007ff8f5d20000 - 0x00007ff8f5d45000 	C:\Windows\SYSTEM32\profapi.dll
0x00007ff8eed50000 - 0x00007ff8eed6a000 	C:\Program Files\Android\Android Studio\jre\bin\net.dll
0x00007ff8e98c0000 - 0x00007ff8e99ca000 	C:\Windows\SYSTEM32\WINHTTP.dll
0x00007ff8f5590000 - 0x00007ff8f55fa000 	C:\Windows\system32\mswsock.dll
0x00007ff8eebd0000 - 0x00007ff8eebe4000 	C:\Program Files\Android\Android Studio\jre\bin\nio.dll
0x00007ff8e0470000 - 0x00007ff8e0497000 	C:\Users\hp\.gradle\native\e1d6ef7f7dcc3fd88c89a11ec53ec762bb8ba0a96d01ffa2cd45eb1d1d8dd5c5\windows-amd64\native-platform.dll
0x00007ff8a69c0000 - 0x00007ff8a6b04000 	C:\Users\hp\.gradle\native\0d407fdbe67a94daf76414ababcb853783967236a71b16ec16e742cd7a986fd3\windows-amd64\native-platform-file-events.dll
0x00007ff8f00b0000 - 0x00007ff8f00ba000 	C:\Program Files\Android\Android Studio\jre\bin\management.dll
0x00007ff8eedc0000 - 0x00007ff8eedcd000 	C:\Program Files\Android\Android Studio\jre\bin\management_ext.dll
0x00007ff8f5780000 - 0x00007ff8f5798000 	C:\Windows\SYSTEM32\CRYPTSP.dll
0x00007ff8f4e30000 - 0x00007ff8f4e64000 	C:\Windows\system32\rsaenh.dll
0x00007ff8f6740000 - 0x00007ff8f6767000 	C:\Windows\System32\bcrypt.dll
0x00007ff8f5ca0000 - 0x00007ff8f5cce000 	C:\Windows\SYSTEM32\USERENV.dll
0x00007ff8f57a0000 - 0x00007ff8f57ac000 	C:\Windows\SYSTEM32\CRYPTBASE.dll
0x00007ff8f5230000 - 0x00007ff8f526b000 	C:\Windows\SYSTEM32\IPHLPAPI.DLL
0x00007ff8f8370000 - 0x00007ff8f8378000 	C:\Windows\System32\NSI.dll
0x00007ff8ebd80000 - 0x00007ff8ebd97000 	C:\Windows\SYSTEM32\dhcpcsvc6.DLL
0x00007ff8ebd60000 - 0x00007ff8ebd7d000 	C:\Windows\SYSTEM32\dhcpcsvc.DLL
0x00007ff8f5270000 - 0x00007ff8f533a000 	C:\Windows\SYSTEM32\DNSAPI.dll
0x00007ff8e33b0000 - 0x00007ff8e33d7000 	C:\Program Files\Android\Android Studio\jre\bin\sunec.dll

dbghelp: loaded successfully - version: 4.0.5 - missing functions: none
symbol engine: initialized successfully - sym options: 0x614 - pdb path: .;C:\Program Files\Android\Android Studio\jre\bin;C:\Windows\SYSTEM32;C:\Windows\WinSxS\amd64_microsoft.windows.common-controls_6595b64144ccf1df_6.0.19041.1110_none_60b5254171f9507e;C:\Program Files\Android\Android Studio\jre\bin\server;C:\Users\hp\.gradle\native\e1d6ef7f7dcc3fd88c89a11ec53ec762bb8ba0a96d01ffa2cd45eb1d1d8dd5c5\windows-amd64;C:\Users\hp\.gradle\native\0d407fdbe67a94daf76414ababcb853783967236a71b16ec16e742cd7a986fd3\windows-amd64

VM Arguments:
jvm_args: --add-opens=java.base/java.util=ALL-UNNAMED --add-opens=java.base/java.lang=ALL-UNNAMED --add-opens=java.base/java.lang.invoke=ALL-UNNAMED --add-opens=java.base/java.util=ALL-UNNAMED --add-opens=java.prefs/java.util.prefs=ALL-UNNAMED --add-opens=java.prefs/java.util.prefs=ALL-UNNAMED --add-opens=java.base/java.nio.charset=ALL-UNNAMED --add-opens=java.base/java.net=ALL-UNNAMED --add-opens=java.base/java.util.concurrent.atomic=ALL-UNNAMED -Xmx2048m -Dfile.encoding=UTF-8 -Duser.country=US -Duser.language=en -Duser.variant 
java_command: org.gradle.launcher.daemon.bootstrap.GradleDaemon 7.4
java_class_path (initial): C:\Users\hp\.gradle\wrapper\dists\gradle-7.4-bin\c0gwcg53nkjbqw7r0h0umtfvt\gradle-7.4\lib\gradle-launcher-7.4.jar
Launcher Type: SUN_STANDARD

[Global flags]
     intx CICompilerCount                          = 3                                         {product} {ergonomic}
     uint ConcGCThreads                            = 1                                         {product} {ergonomic}
     uint G1ConcRefinementThreads                  = 4                                         {product} {ergonomic}
   size_t G1HeapRegionSize                         = 1048576                                   {product} {ergonomic}
    uintx GCDrainStackTargetSize                   = 64                                        {product} {ergonomic}
   size_t InitialHeapSize                          = 134217728                                 {product} {ergonomic}
   size_t MarkStackSize                            = 4194304                                   {product} {ergonomic}
   size_t MaxHeapSize                              = 2147483648                                {product} {command line}
   size_t MaxNewSize                               = 1287651328                                {product} {ergonomic}
   size_t MinHeapDeltaBytes                        = 1048576                                   {product} {ergonomic}
    uintx NonNMethodCodeHeapSize                   = 5830732                                {pd product} {ergonomic}
    uintx NonProfiledCodeHeapSize                  = 122913754                              {pd product} {ergonomic}
    uintx ProfiledCodeHeapSize                     = 122913754                              {pd product} {ergonomic}
    uintx ReservedCodeCacheSize                    = 251658240                              {pd product} {ergonomic}
     bool SegmentedCodeCache                       = true                                      {product} {ergonomic}
     bool UseCompressedClassPointers               = true                                 {lp64_product} {ergonomic}
     bool UseCompressedOops                        = true                                 {lp64_product} {ergonomic}
     bool UseG1GC                                  = true                                      {product} {ergonomic}
     bool UseLargePagesIndividualAllocation        = false                                  {pd product} {ergonomic}

Logging:
Log output configuration:
 #0: stdout all=warning uptime,level,tags
 #1: stderr all=off uptime,level,tags

Environment Variables:
PATH=C:\Program Files (x86)\VMware\VMware Workstation\bin\;C:\Program Files (x86)\NVIDIA Corporation\PhysX\Common;C:\Windows\system32;C:\Windows;C:\Windows\System32\Wbem;C:\Windows\System32\WindowsPowerShell\v1.0\;C:\Windows\System32\OpenSSH\;C:\Users\hp\Documents\Java\jdk1.8.0_111\bin;c:\Program Files (x86)\Microsoft SQL Server\90\Tools\binn\;C:\Program Files\dotnet\;C:\Program Files\Microsoft SQL Server\150\Tools\Binn\;C:\Program Files\Microsoft SQL Server\Client SDK\ODBC\170\Tools\Binn\;C:\Program Files\Git\cmd;C:\Program Files\nodejs\;C:\ProgramData\chocolatey\bin;C:\Users\hp\AppData\Local\Programs\Python\Python310\Scripts\;C:\Users\hp\AppData\Local\Programs\Python\Python310\;C:\Users\hp\AppData\Local\Programs\Python\Launcher\;C:\Users\hp\AppData\Local\Microsoft\WindowsApps;C:\Program Files\Java\jdk1.8.0_111\bin;;C:\Program Files\JetBrains\PyCharm Community Edition 2022.3.1\bin;;C:\Users\hp\.dotnet\tools;C:\Users\hp\AppData\Roaming\npm;C:\Users\hp\AppData\Local\Programs\Microsoft VS Code\bin
USERNAME=hp
OS=Windows_NT
PROCESSOR_IDENTIFIER=Intel64 Family 6 Model 69 Stepping 1, GenuineIntel



---------------  S Y S T E M  ---------------

OS: Windows 10 , 64 bit Build 19041 (10.0.19041.3155)
OS uptime: 0 days 15:27 hours

CPU:total 4 (initial active 4) (2 cores per cpu, 2 threads per core) family 6 model 69 stepping 1 microcode 0x25, cmov, cx8, fxsr, mmx, sse, sse2, sse3, ssse3, sse4.1, sse4.2, popcnt, avx, avx2, aes, clmul, erms, lzcnt, ht, tsc, tscinvbit, bmi1, bmi2, fma

Memory: 4k page, system-wide physical 8089M (2340M free)
TotalPageFile size 10949M (AvailPageFile size 5M)
current process WorkingSet (physical memory assigned to process): 600M, peak: 607M
current process commit charge ("private bytes"): 628M, peak: 636M

vm_info: OpenJDK 64-Bit Server VM (11.0.13+0-b1751.21-8125866) for windows-amd64 JRE (11.0.13+0-b1751.21-8125866), built on Feb  2 2022 03:00:22 by "builder" with MS VC++ 14.0 (VS2015)

END.
