#
# There is insufficient memory for the Java Runtime Environment to continue.
# Native memory allocation (malloc) failed to allocate 734336 bytes for Chunk::new
# Possible reasons:
#   The system is out of physical RAM or swap space
#   The process is running with CompressedOops enabled, and the Java Heap may be blocking the growth of the native heap
# Possible solutions:
#   Reduce memory load on the system
#   Increase physical memory or swap space
#   Check if swap backing store is full
#   Decrease Java heap size (-Xmx/-Xms)
#   Decrease number of Java threads
#   Decrease Java thread stack sizes (-Xss)
#   Set larger code cache with -XX:ReservedCodeCacheSize=
#   JVM is running with Unscaled Compressed Oops mode in which the Java heap is
#     placed in the first 4GB address space. The Java Heap base address is the
#     maximum limit for the native heap growth. Please use -XX:HeapBaseMinAddress
#     to set the Java Heap base and to place the Java Heap above 4GB virtual address.
# This output file may be truncated or incomplete.
#
#  Out of Memory Error (./src/hotspot/share/memory/arena.cpp:197), pid=5584, tid=12856
#
# JRE version: OpenJDK Runtime Environment (11.0.13) (build 11.0.13+0-b1751.21-8125866)
# Java VM: OpenJDK 64-Bit Server VM (11.0.13+0-b1751.21-8125866, mixed mode, tiered, compressed oops, g1 gc, windows-amd64)
# No core dump will be written. Minidumps are not enabled by default on client versions of Windows
#

---------------  S U M M A R Y ------------

Command Line: --add-opens=java.base/java.util=ALL-UNNAMED --add-opens=java.base/java.lang=ALL-UNNAMED --add-opens=java.base/java.lang.invoke=ALL-UNNAMED --add-opens=java.base/java.util=ALL-UNNAMED --add-opens=java.prefs/java.util.prefs=ALL-UNNAMED --add-opens=java.prefs/java.util.prefs=ALL-UNNAMED --add-opens=java.base/java.nio.charset=ALL-UNNAMED --add-opens=java.base/java.net=ALL-UNNAMED --add-opens=java.base/java.util.concurrent.atomic=ALL-UNNAMED -Xmx2048m -Dfile.encoding=UTF-8 -Duser.country=US -Duser.language=en -Duser.variant org.gradle.launcher.daemon.bootstrap.GradleDaemon 7.4

Host: Intel(R) Core(TM) i5-4300U CPU @ 1.90GHz, 4 cores, 7G,  Windows 10 , 64 bit Build 19041 (10.0.19041.3155)
Time: Tue Aug 22 23:58:58 2023 E. Africa Standard Time elapsed time: 45.546883 seconds (0d 0h 0m 45s)

---------------  T H R E A D  ---------------

Current thread (0x000002b4bebe1000):  JavaThread "C2 CompilerThread0" daemon [_thread_in_native, id=12856, stack(0x000000d876000000,0x000000d876100000)]


Current CompileTask:
C2:  45546 10989       4       org.gradle.internal.fingerprint.impl.RelativePathFingerprintingStrategy$$Lambda$1089/0x0000000100c70440::visitEntry (18 bytes)

Stack: [0x000000d876000000,0x000000d876100000]
Native frames: (J=compiled Java code, j=interpreted, Vv=VM code, C=native code)
V  [jvm.dll+0x6100fa]
V  [jvm.dll+0x747090]
V  [jvm.dll+0x7486ad]
V  [jvm.dll+0x748d83]
V  [jvm.dll+0x24ab48]
V  [jvm.dll+0xc04dc]
V  [jvm.dll+0xc0a0c]
V  [jvm.dll+0x2bfab4]
V  [jvm.dll+0x524238]
V  [jvm.dll+0x204802]
V  [jvm.dll+0x2023c2]
V  [jvm.dll+0x188e01]
V  [jvm.dll+0x21106b]
V  [jvm.dll+0x20f8c1]
V  [jvm.dll+0x70de0f]
V  [jvm.dll+0x706a75]
V  [jvm.dll+0x60ed66]
C  [ucrtbase.dll+0x21bb2]
C  [KERNEL32.DLL+0x17614]
C  [ntdll.dll+0x526b1]


---------------  P R O C E S S  ---------------

Threads class SMR info:
_java_thread_list=0x000002b4c5859f40, length=87, elements={
0x000002b4a4fc0000, 0x000002b4bebbf000, 0x000002b4bebc0800, 0x000002b4bebda000,
0x000002b4bebdc000, 0x000002b4bebde000, 0x000002b4bebe1000, 0x000002b4bec0a800,
0x000002b4bf595000, 0x000002b4bf68b000, 0x000002b4c1e53800, 0x000002b4c15f0000,
0x000002b4c108f000, 0x000002b4bf8b8800, 0x000002b4c181f800, 0x000002b4c2707800,
0x000002b4c1eba800, 0x000002b4c0303800, 0x000002b4c09cf800, 0x000002b4c0bd7000,
0x000002b4c2113000, 0x000002b4c2112000, 0x000002b4c2113800, 0x000002b4c210e800,
0x000002b4c210f800, 0x000002b4c210e000, 0x000002b4c2114800, 0x000002b4c2110800,
0x000002b4c2111000, 0x000002b4c2be4000, 0x000002b4c2bde800, 0x000002b4c2be2800,
0x000002b4c2be1800, 0x000002b4c2be3000, 0x000002b4c2bdf000, 0x000002b4c2be5800,
0x000002b4c2be0000, 0x000002b4c2be6800, 0x000002b4c2be0800, 0x000002b4c2bec000,
0x000002b4c2bed000, 0x000002b4c2be7800, 0x000002b4c2beb800, 0x000002b4c2be9000,
0x000002b4c2bea800, 0x000002b4c2be8000, 0x000002b4c2be9800, 0x000002b4c2c0e800,
0x000002b4c2c0d800, 0x000002b4c2c0b000, 0x000002b4c2c10800, 0x000002b4c2c0f000,
0x000002b4c2c10000, 0x000002b4c2c11800, 0x000002b4c2c0c000, 0x000002b4c2c12800,
0x000002b4c2c0c800, 0x000002b4c2c13000, 0x000002b4c2c19800, 0x000002b4c2c14000,
0x000002b4c2c15800, 0x000002b4c2c17800, 0x000002b4c2c18000, 0x000002b4c2c19000,
0x000002b4c2c15000, 0x000002b4c2c16800, 0x000002b4c5511000, 0x000002b4c5511800,
0x000002b4c5510000, 0x000002b4c5512800, 0x000002b4c550d000, 0x000002b4c550f800,
0x000002b4c550d800, 0x000002b4c5513800, 0x000002b4c5514000, 0x000002b4c550e800,
0x000002b4c5515000, 0x000002b4c551b800, 0x000002b4c5516000, 0x000002b4c5516800,
0x000002b4c5517800, 0x000002b4c5519000, 0x000002b4c551a000, 0x000002b4c551a800,
0x000002b4c5cd0000, 0x000002b4c5ccb000, 0x000002b4c5cce800
}

Java Threads: ( => current thread )
  0x000002b4a4fc0000 JavaThread "main" [_thread_blocked, id=11372, stack(0x000000d875400000,0x000000d875500000)]
  0x000002b4bebbf000 JavaThread "Reference Handler" daemon [_thread_blocked, id=9036, stack(0x000000d875b00000,0x000000d875c00000)]
  0x000002b4bebc0800 JavaThread "Finalizer" daemon [_thread_blocked, id=13052, stack(0x000000d875c00000,0x000000d875d00000)]
  0x000002b4bebda000 JavaThread "Signal Dispatcher" daemon [_thread_blocked, id=7352, stack(0x000000d875d00000,0x000000d875e00000)]
  0x000002b4bebdc000 JavaThread "Attach Listener" daemon [_thread_blocked, id=13212, stack(0x000000d875e00000,0x000000d875f00000)]
  0x000002b4bebde000 JavaThread "Service Thread" daemon [_thread_blocked, id=6628, stack(0x000000d875f00000,0x000000d876000000)]
=>0x000002b4bebe1000 JavaThread "C2 CompilerThread0" daemon [_thread_in_native, id=12856, stack(0x000000d876000000,0x000000d876100000)]
  0x000002b4bec0a800 JavaThread "C1 CompilerThread0" daemon [_thread_blocked, id=6632, stack(0x000000d876100000,0x000000d876200000)]
  0x000002b4bf595000 JavaThread "Sweeper thread" daemon [_thread_blocked, id=12940, stack(0x000000d876200000,0x000000d876300000)]
  0x000002b4bf68b000 JavaThread "Common-Cleaner" daemon [_thread_blocked, id=13508, stack(0x000000d876300000,0x000000d876400000)]
  0x000002b4c1e53800 JavaThread "Daemon health stats" [_thread_blocked, id=12096, stack(0x000000d876800000,0x000000d876900000)]
  0x000002b4c15f0000 JavaThread "Incoming local TCP Connector on port 10835" [_thread_in_native, id=10476, stack(0x000000d876500000,0x000000d876600000)]
  0x000002b4c108f000 JavaThread "Daemon periodic checks" [_thread_blocked, id=13740, stack(0x000000d876900000,0x000000d876a00000)]
  0x000002b4bf8b8800 JavaThread "Daemon" [_thread_blocked, id=5504, stack(0x000000d876a00000,0x000000d876b00000)]
  0x000002b4c181f800 JavaThread "Handler for socket connection from /127.0.0.1:10835 to /127.0.0.1:10836" [_thread_in_native, id=2776, stack(0x000000d876b00000,0x000000d876c00000)]
  0x000002b4c2707800 JavaThread "Cancel handler" [_thread_blocked, id=7104, stack(0x000000d876c00000,0x000000d876d00000)]
  0x000002b4c1eba800 JavaThread "Daemon worker" [_thread_blocked, id=1872, stack(0x000000d876d00000,0x000000d876e00000)]
  0x000002b4c0303800 JavaThread "Asynchronous log dispatcher for DefaultDaemonConnection: socket connection from /127.0.0.1:10835 to /127.0.0.1:10836" [_thread_blocked, id=7784, stack(0x000000d876e00000,0x000000d876f00000)]
  0x000002b4c09cf800 JavaThread "Stdin handler" [_thread_blocked, id=3024, stack(0x000000d876f00000,0x000000d877000000)]
  0x000002b4c0bd7000 JavaThread "Daemon client event forwarder" [_thread_blocked, id=7592, stack(0x000000d877000000,0x000000d877100000)]
  0x000002b4c2113000 JavaThread "Cache worker for journal cache (C:\Users\hp\.gradle\caches\journal-1)" [_thread_blocked, id=7668, stack(0x000000d877200000,0x000000d877300000)]
  0x000002b4c2112000 JavaThread "File lock request listener" [_thread_in_native, id=14152, stack(0x000000d877300000,0x000000d877400000)]
  0x000002b4c2113800 JavaThread "Cache worker for file hash cache (C:\Users\hp\.gradle\caches\7.4\fileHashes)" [_thread_blocked, id=13124, stack(0x000000d877400000,0x000000d877500000)]
  0x000002b4c210e800 JavaThread "File watcher server" daemon [_thread_in_native, id=9296, stack(0x000000d877500000,0x000000d877600000)]
  0x000002b4c210f800 JavaThread "File watcher consumer" daemon [_thread_blocked, id=2976, stack(0x000000d877600000,0x000000d877700000)]
  0x000002b4c210e000 JavaThread "Cache worker for checksums cache (C:\Users\hp\Desktop\eCommerceApp\.gradle\7.4\checksums)" [_thread_blocked, id=9904, stack(0x000000d877700000,0x000000d877800000)]
  0x000002b4c2114800 JavaThread "Cache worker for cache directory md-rule (C:\Users\hp\.gradle\caches\7.4\md-rule)" [_thread_blocked, id=14296, stack(0x000000d877800000,0x000000d877900000)]
  0x000002b4c2110800 JavaThread "Cache worker for file hash cache (C:\Users\hp\Desktop\eCommerceApp\.gradle\7.4\fileHashes)" [_thread_blocked, id=12272, stack(0x000000d877900000,0x000000d877a00000)]
  0x000002b4c2111000 JavaThread "Cache worker for cache directory md-supplier (C:\Users\hp\.gradle\caches\7.4\md-supplier)" [_thread_blocked, id=7448, stack(0x000000d877a00000,0x000000d877b00000)]
  0x000002b4c2be4000 JavaThread "Cache worker for execution history cache (C:\Users\hp\.gradle\caches\7.4\executionHistory)" [_thread_blocked, id=13404, stack(0x000000d877c00000,0x000000d877d00000)]
  0x000002b4c2bde800 JavaThread "jar transforms" [_thread_blocked, id=7336, stack(0x000000d877d00000,0x000000d877e00000)]
  0x000002b4c2be2800 JavaThread "Cache worker for file content cache (C:\Users\hp\.gradle\caches\7.4\fileContent)" [_thread_blocked, id=3704, stack(0x000000d877e00000,0x000000d877f00000)]
  0x000002b4c2be1800 JavaThread "jar transforms Thread 2" [_thread_blocked, id=14088, stack(0x000000d877f00000,0x000000d878000000)]
  0x000002b4c2be3000 JavaThread "Cache worker for dependencies-accessors (C:\Users\hp\Desktop\eCommerceApp\.gradle\7.4\dependencies-accessors)" [_thread_blocked, id=9660, stack(0x000000d878000000,0x000000d878100000)]
  0x000002b4c2bdf000 JavaThread "jar transforms Thread 3" [_thread_blocked, id=9604, stack(0x000000d878100000,0x000000d878200000)]
  0x000002b4c2be5800 JavaThread "Cache worker for Build Output Cleanup Cache (C:\Users\hp\Desktop\eCommerceApp\.gradle\buildOutputCleanup)" [_thread_blocked, id=10564, stack(0x000000d877b00000,0x000000d877c00000)]
  0x000002b4c2be0000 JavaThread "Unconstrained build operations" [_thread_blocked, id=11928, stack(0x000000d878300000,0x000000d878400000)]
  0x000002b4c2be6800 JavaThread "Unconstrained build operations Thread 2" [_thread_blocked, id=10824, stack(0x000000d878400000,0x000000d878500000)]
  0x000002b4c2be0800 JavaThread "Unconstrained build operations Thread 3" [_thread_blocked, id=6580, stack(0x000000d878500000,0x000000d878600000)]
  0x000002b4c2bec000 JavaThread "Unconstrained build operations Thread 4" [_thread_blocked, id=11876, stack(0x000000d878600000,0x000000d878700000)]
  0x000002b4c2bed000 JavaThread "Unconstrained build operations Thread 5" [_thread_blocked, id=11952, stack(0x000000d878700000,0x000000d878800000)]
  0x000002b4c2be7800 JavaThread "Unconstrained build operations Thread 6" [_thread_blocked, id=8108, stack(0x000000d878800000,0x000000d878900000)]
  0x000002b4c2beb800 JavaThread "Unconstrained build operations Thread 7" [_thread_blocked, id=9092, stack(0x000000d878900000,0x000000d878a00000)]
  0x000002b4c2be9000 JavaThread "Unconstrained build operations Thread 8" [_thread_blocked, id=7464, stack(0x000000d878a00000,0x000000d878b00000)]
  0x000002b4c2bea800 JavaThread "Unconstrained build operations Thread 9" [_thread_blocked, id=5316, stack(0x000000d878b00000,0x000000d878c00000)]
  0x000002b4c2be8000 JavaThread "Unconstrained build operations Thread 10" [_thread_blocked, id=8116, stack(0x000000d878c00000,0x000000d878d00000)]
  0x000002b4c2be9800 JavaThread "Unconstrained build operations Thread 11" [_thread_blocked, id=7672, stack(0x000000d878d00000,0x000000d878e00000)]
  0x000002b4c2c0e800 JavaThread "Unconstrained build operations Thread 12" [_thread_blocked, id=11628, stack(0x000000d878e00000,0x000000d878f00000)]
  0x000002b4c2c0d800 JavaThread "Unconstrained build operations Thread 13" [_thread_blocked, id=8360, stack(0x000000d878f00000,0x000000d879000000)]
  0x000002b4c2c0b000 JavaThread "Unconstrained build operations Thread 14" [_thread_blocked, id=4136, stack(0x000000d879000000,0x000000d879100000)]
  0x000002b4c2c10800 JavaThread "Unconstrained build operations Thread 15" [_thread_blocked, id=12652, stack(0x000000d879100000,0x000000d879200000)]
  0x000002b4c2c0f000 JavaThread "Unconstrained build operations Thread 16" [_thread_blocked, id=3848, stack(0x000000d879200000,0x000000d879300000)]
  0x000002b4c2c10000 JavaThread "Unconstrained build operations Thread 17" [_thread_blocked, id=7676, stack(0x000000d879300000,0x000000d879400000)]
  0x000002b4c2c11800 JavaThread "Unconstrained build operations Thread 18" [_thread_blocked, id=7632, stack(0x000000d879400000,0x000000d879500000)]
  0x000002b4c2c0c000 JavaThread "Unconstrained build operations Thread 19" [_thread_blocked, id=13488, stack(0x000000d879500000,0x000000d879600000)]
  0x000002b4c2c12800 JavaThread "Unconstrained build operations Thread 20" [_thread_blocked, id=14128, stack(0x000000d879600000,0x000000d879700000)]
  0x000002b4c2c0c800 JavaThread "Unconstrained build operations Thread 21" [_thread_blocked, id=8088, stack(0x000000d879700000,0x000000d879800000)]
  0x000002b4c2c13000 JavaThread "Unconstrained build operations Thread 22" [_thread_blocked, id=8428, stack(0x000000d879800000,0x000000d879900000)]
  0x000002b4c2c19800 JavaThread "Unconstrained build operations Thread 23" [_thread_blocked, id=8620, stack(0x000000d879900000,0x000000d879a00000)]
  0x000002b4c2c14000 JavaThread "Unconstrained build operations Thread 24" [_thread_blocked, id=7588, stack(0x000000d879a00000,0x000000d879b00000)]
  0x000002b4c2c15800 JavaThread "Unconstrained build operations Thread 25" [_thread_blocked, id=13172, stack(0x000000d879b00000,0x000000d879c00000)]
  0x000002b4c2c17800 JavaThread "Unconstrained build operations Thread 26" [_thread_blocked, id=10372, stack(0x000000d879c00000,0x000000d879d00000)]
  0x000002b4c2c18000 JavaThread "Unconstrained build operations Thread 27" [_thread_blocked, id=5680, stack(0x000000d879d00000,0x000000d879e00000)]
  0x000002b4c2c19000 JavaThread "Unconstrained build operations Thread 28" [_thread_blocked, id=9648, stack(0x000000d879e00000,0x000000d879f00000)]
  0x000002b4c2c15000 JavaThread "Unconstrained build operations Thread 29" [_thread_blocked, id=2160, stack(0x000000d879f00000,0x000000d87a000000)]
  0x000002b4c2c16800 JavaThread "Unconstrained build operations Thread 30" [_thread_blocked, id=6984, stack(0x000000d87a000000,0x000000d87a100000)]
  0x000002b4c5511000 JavaThread "Unconstrained build operations Thread 31" [_thread_blocked, id=4692, stack(0x000000d87a100000,0x000000d87a200000)]
  0x000002b4c5511800 JavaThread "Unconstrained build operations Thread 32" [_thread_blocked, id=2860, stack(0x000000d87a200000,0x000000d87a300000)]
  0x000002b4c5510000 JavaThread "Unconstrained build operations Thread 33" [_thread_blocked, id=12184, stack(0x000000d87a300000,0x000000d87a400000)]
  0x000002b4c5512800 JavaThread "Unconstrained build operations Thread 34" [_thread_blocked, id=11288, stack(0x000000d87a400000,0x000000d87a500000)]
  0x000002b4c550d000 JavaThread "Unconstrained build operations Thread 35" [_thread_blocked, id=7584, stack(0x000000d87a500000,0x000000d87a600000)]
  0x000002b4c550f800 JavaThread "Unconstrained build operations Thread 36" [_thread_blocked, id=1300, stack(0x000000d87a600000,0x000000d87a700000)]
  0x000002b4c550d800 JavaThread "Unconstrained build operations Thread 37" [_thread_blocked, id=13988, stack(0x000000d87a700000,0x000000d87a800000)]
  0x000002b4c5513800 JavaThread "Unconstrained build operations Thread 38" [_thread_blocked, id=10124, stack(0x000000d87a800000,0x000000d87a900000)]
  0x000002b4c5514000 JavaThread "Unconstrained build operations Thread 39" [_thread_blocked, id=3576, stack(0x000000d87a900000,0x000000d87aa00000)]
  0x000002b4c550e800 JavaThread "Unconstrained build operations Thread 40" [_thread_blocked, id=14200, stack(0x000000d87aa00000,0x000000d87ab00000)]
  0x000002b4c5515000 JavaThread "jar transforms Thread 4" [_thread_blocked, id=13144, stack(0x000000d878200000,0x000000d878300000)]
  0x000002b4c551b800 JavaThread "Memory manager" [_thread_blocked, id=9572, stack(0x000000d87ac00000,0x000000d87ad00000)]
  0x000002b4c5516000 JavaThread "build event listener" [_thread_blocked, id=968, stack(0x000000d87ad00000,0x000000d87ae00000)]
  0x000002b4c5516800 JavaThread "pool-3-thread-1" [_thread_blocked, id=13664, stack(0x000000d87ae00000,0x000000d87af00000)]
  0x000002b4c5517800 JavaThread "build event listener" [_thread_blocked, id=592, stack(0x000000d87af00000,0x000000d87b000000)]
  0x000002b4c5519000 JavaThread "included builds" [_thread_in_native, id=1400, stack(0x000000d87b000000,0x000000d87b100000)]
  0x000002b4c551a000 JavaThread "Execution worker for ':'" [_thread_blocked, id=11588, stack(0x000000d87b100000,0x000000d87b200000)]
  0x000002b4c551a800 JavaThread "Execution worker for ':' Thread 2" [_thread_blocked, id=1628, stack(0x000000d87b200000,0x000000d87b300000)]
  0x000002b4c5cd0000 JavaThread "Execution worker for ':' Thread 3" [_thread_blocked, id=7640, stack(0x000000d87b300000,0x000000d87b400000)]
  0x000002b4c5ccb000 JavaThread "Cache worker for execution history cache (C:\Users\hp\Desktop\eCommerceApp\.gradle\7.4\executionHistory)" [_thread_blocked, id=584, stack(0x000000d87b400000,0x000000d87b500000)]
  0x000002b4c5cce800 JavaThread "WorkerExecutor Queue" [_thread_blocked, id=9968, stack(0x000000d87b800000,0x000000d87b900000)]

Other Threads:
  0x000002b4bebbb000 VMThread "VM Thread" [stack: 0x000000d875a00000,0x000000d875b00000] [id=1788]
  0x000002b4bf6dc000 WatcherThread [stack: 0x000000d876400000,0x000000d876500000] [id=2652]
  0x000002b4a4fd8800 GCTaskThread "GC Thread#0" [stack: 0x000000d875500000,0x000000d875600000] [id=12716]
  0x000002b4bfbd9800 GCTaskThread "GC Thread#1" [stack: 0x000000d876600000,0x000000d876700000] [id=12016]
  0x000002b4c009a000 GCTaskThread "GC Thread#2" [stack: 0x000000d876700000,0x000000d876800000] [id=11800]
  0x000002b4c0cc9800 GCTaskThread "GC Thread#3" [stack: 0x000000d877100000,0x000000d877200000] [id=4660]
  0x000002b4a500a000 ConcurrentGCThread "G1 Main Marker" [stack: 0x000000d875600000,0x000000d875700000] [id=13632]
  0x000002b4a500b000 ConcurrentGCThread "G1 Conc#0" [stack: 0x000000d875700000,0x000000d875800000] [id=14148]
  0x000002b4a509b000 ConcurrentGCThread "G1 Refine#0" [stack: 0x000000d875800000,0x000000d875900000] [id=8332]
  0x000002b4a509c000 ConcurrentGCThread "G1 Young RemSet Sampling" [stack: 0x000000d875900000,0x000000d875a00000] [id=13880]

Threads with active compile tasks:
C2 CompilerThread0  46105 10989       4       org.gradle.internal.fingerprint.impl.RelativePathFingerprintingStrategy$$Lambda$1089/0x0000000100c70440::visitEntry (18 bytes)

VM state:not at safepoint (normal execution)

VM Mutex/Monitor currently owned by a thread: None

Heap address: 0x0000000080000000, size: 2048 MB, Compressed Oops mode: 32-bit
Narrow klass base: 0x0000000000000000, Narrow klass shift: 3
Compressed class space size: 1073741824 Address: 0x0000000100000000

Heap:
 garbage-first heap   total 189440K, used 101608K [0x0000000080000000, 0x0000000100000000)
  region size 1024K, 26 young (26624K), 6 survivors (6144K)
 Metaspace       used 93906K, capacity 96112K, committed 96336K, reserved 1132544K
  class space    used 11977K, capacity 12841K, committed 12960K, reserved 1048576K
Heap Regions: E=young(eden), S=young(survivor), O=old, HS=humongous(starts), HC=humongous(continues), CS=collection set, F=free, A=archive, TAMS=top-at-mark-start (previous, next)
|   0|0x0000000080000000, 0x0000000080100000, 0x0000000080100000|100%|HS|  |TAMS 0x0000000080100000, 0x0000000080000000| Complete 
|   1|0x0000000080100000, 0x0000000080200000, 0x0000000080200000|100%|HC|  |TAMS 0x0000000080200000, 0x0000000080100000| Complete 
|   2|0x0000000080200000, 0x0000000080300000, 0x0000000080300000|100%|HC|  |TAMS 0x0000000080300000, 0x0000000080200000| Complete 
|   3|0x0000000080300000, 0x0000000080400000, 0x0000000080400000|100%| O|  |TAMS 0x0000000080400000, 0x0000000080300000| Untracked 
|   4|0x0000000080400000, 0x0000000080500000, 0x0000000080500000|100%| O|  |TAMS 0x0000000080500000, 0x0000000080400000| Untracked 
|   5|0x0000000080500000, 0x0000000080600000, 0x0000000080600000|100%| O|  |TAMS 0x0000000080600000, 0x0000000080500000| Untracked 
|   6|0x0000000080600000, 0x0000000080700000, 0x0000000080700000|100%| O|  |TAMS 0x0000000080700000, 0x0000000080600000| Untracked 
|   7|0x0000000080700000, 0x0000000080800000, 0x0000000080800000|100%| O|  |TAMS 0x0000000080800000, 0x0000000080700000| Untracked 
|   8|0x0000000080800000, 0x0000000080900000, 0x0000000080900000|100%| O|  |TAMS 0x0000000080900000, 0x0000000080800000| Untracked 
|   9|0x0000000080900000, 0x0000000080a00000, 0x0000000080a00000|100%| O|  |TAMS 0x0000000080a00000, 0x0000000080900000| Untracked 
|  10|0x0000000080a00000, 0x0000000080b00000, 0x0000000080b00000|100%| O|  |TAMS 0x0000000080b00000, 0x0000000080a00000| Untracked 
|  11|0x0000000080b00000, 0x0000000080c00000, 0x0000000080c00000|100%| O|  |TAMS 0x0000000080c00000, 0x0000000080b00000| Untracked 
|  12|0x0000000080c00000, 0x0000000080d00000, 0x0000000080d00000|100%| O|  |TAMS 0x0000000080d00000, 0x0000000080c00000| Untracked 
|  13|0x0000000080d00000, 0x0000000080e00000, 0x0000000080e00000|100%| O|  |TAMS 0x0000000080e00000, 0x0000000080d00000| Untracked 
|  14|0x0000000080e00000, 0x0000000080f00000, 0x0000000080f00000|100%| O|  |TAMS 0x0000000080f00000, 0x0000000080e00000| Untracked 
|  15|0x0000000080f00000, 0x0000000081000000, 0x0000000081000000|100%| O|  |TAMS 0x0000000081000000, 0x0000000080f00000| Untracked 
|  16|0x0000000081000000, 0x0000000081100000, 0x0000000081100000|100%| O|  |TAMS 0x0000000081100000, 0x0000000081000000| Untracked 
|  17|0x0000000081100000, 0x0000000081200000, 0x0000000081200000|100%|HS|  |TAMS 0x0000000081200000, 0x0000000081100000| Complete 
|  18|0x0000000081200000, 0x0000000081300000, 0x0000000081300000|100%| O|  |TAMS 0x0000000081300000, 0x0000000081200000| Untracked 
|  19|0x0000000081300000, 0x0000000081400000, 0x0000000081400000|100%| O|  |TAMS 0x0000000081400000, 0x0000000081300000| Untracked 
|  20|0x0000000081400000, 0x0000000081500000, 0x0000000081500000|100%| O|  |TAMS 0x0000000081500000, 0x0000000081400000| Untracked 
|  21|0x0000000081500000, 0x0000000081600000, 0x0000000081600000|100%| O|  |TAMS 0x0000000081600000, 0x0000000081500000| Untracked 
|  22|0x0000000081600000, 0x0000000081700000, 0x0000000081700000|100%| O|  |TAMS 0x0000000081700000, 0x0000000081600000| Untracked 
|  23|0x0000000081700000, 0x0000000081800000, 0x0000000081800000|100%| O|  |TAMS 0x0000000081800000, 0x0000000081700000| Untracked 
|  24|0x0000000081800000, 0x0000000081900000, 0x0000000081900000|100%|HS|  |TAMS 0x0000000081900000, 0x0000000081800000| Complete 
|  25|0x0000000081900000, 0x0000000081a00000, 0x0000000081a00000|100%| O|  |TAMS 0x0000000081a00000, 0x0000000081900000| Untracked 
|  26|0x0000000081a00000, 0x0000000081b00000, 0x0000000081b00000|100%|HS|  |TAMS 0x0000000081b00000, 0x0000000081a00000| Complete 
|  27|0x0000000081b00000, 0x0000000081c00000, 0x0000000081c00000|100%|HC|  |TAMS 0x0000000081c00000, 0x0000000081b00000| Complete 
|  28|0x0000000081c00000, 0x0000000081d00000, 0x0000000081d00000|100%| O|  |TAMS 0x0000000081d00000, 0x0000000081c00000| Untracked 
|  29|0x0000000081d00000, 0x0000000081e00000, 0x0000000081e00000|100%| O|  |TAMS 0x0000000081e00000, 0x0000000081d00000| Untracked 
|  30|0x0000000081e00000, 0x0000000081f00000, 0x0000000081f00000|100%| O|  |TAMS 0x0000000081f00000, 0x0000000081e00000| Untracked 
|  31|0x0000000081f00000, 0x0000000082000000, 0x0000000082000000|100%| O|  |TAMS 0x0000000082000000, 0x0000000081f00000| Untracked 
|  32|0x0000000082000000, 0x0000000082100000, 0x0000000082100000|100%| O|  |TAMS 0x0000000082100000, 0x0000000082000000| Untracked 
|  33|0x0000000082100000, 0x0000000082200000, 0x0000000082200000|100%| O|  |TAMS 0x0000000082200000, 0x0000000082100000| Untracked 
|  34|0x0000000082200000, 0x0000000082300000, 0x0000000082300000|100%| O|  |TAMS 0x0000000082300000, 0x0000000082200000| Untracked 
|  35|0x0000000082300000, 0x0000000082400000, 0x0000000082400000|100%| O|  |TAMS 0x0000000082400000, 0x0000000082300000| Untracked 
|  36|0x0000000082400000, 0x0000000082500000, 0x0000000082500000|100%| O|  |TAMS 0x0000000082500000, 0x0000000082400000| Untracked 
|  37|0x0000000082500000, 0x0000000082600000, 0x0000000082600000|100%| O|  |TAMS 0x0000000082600000, 0x0000000082500000| Untracked 
|  38|0x0000000082600000, 0x0000000082700000, 0x0000000082700000|100%| O|  |TAMS 0x0000000082700000, 0x0000000082600000| Untracked 
|  39|0x0000000082700000, 0x0000000082800000, 0x0000000082800000|100%| O|  |TAMS 0x0000000082800000, 0x0000000082700000| Untracked 
|  40|0x0000000082800000, 0x0000000082900000, 0x0000000082900000|100%| O|  |TAMS 0x0000000082900000, 0x0000000082800000| Untracked 
|  41|0x0000000082900000, 0x0000000082a00000, 0x0000000082a00000|100%| O|  |TAMS 0x0000000082a00000, 0x0000000082900000| Untracked 
|  42|0x0000000082a00000, 0x0000000082b00000, 0x0000000082b00000|100%| O|  |TAMS 0x0000000082adde00, 0x0000000082a00000| Untracked 
|  43|0x0000000082b00000, 0x0000000082c00000, 0x0000000082c00000|100%| O|  |TAMS 0x0000000082b00000, 0x0000000082b00000| Untracked 
|  44|0x0000000082c00000, 0x0000000082d00000, 0x0000000082d00000|100%| O|  |TAMS 0x0000000082c00000, 0x0000000082c00000| Untracked 
|  45|0x0000000082d00000, 0x0000000082e00000, 0x0000000082e00000|100%| O|  |TAMS 0x0000000082d00000, 0x0000000082d00000| Untracked 
|  46|0x0000000082e00000, 0x0000000082f00000, 0x0000000082f00000|100%| O|  |TAMS 0x0000000082e00000, 0x0000000082e00000| Untracked 
|  47|0x0000000082f00000, 0x0000000083000000, 0x0000000083000000|100%| O|  |TAMS 0x0000000082f00000, 0x0000000082f00000| Untracked 
|  48|0x0000000083000000, 0x0000000083100000, 0x0000000083100000|100%| O|  |TAMS 0x0000000083000000, 0x0000000083000000| Untracked 
|  49|0x0000000083100000, 0x0000000083200000, 0x0000000083200000|100%| O|  |TAMS 0x0000000083100000, 0x0000000083100000| Untracked 
|  50|0x0000000083200000, 0x0000000083300000, 0x0000000083300000|100%| O|  |TAMS 0x0000000083200000, 0x0000000083200000| Untracked 
|  51|0x0000000083300000, 0x0000000083400000, 0x0000000083400000|100%| O|  |TAMS 0x0000000083300000, 0x0000000083300000| Untracked 
|  52|0x0000000083400000, 0x0000000083500000, 0x0000000083500000|100%| O|  |TAMS 0x0000000083400000, 0x0000000083400000| Untracked 
|  53|0x0000000083500000, 0x0000000083600000, 0x0000000083600000|100%| O|  |TAMS 0x0000000083500000, 0x0000000083500000| Untracked 
|  54|0x0000000083600000, 0x0000000083700000, 0x0000000083700000|100%| O|  |TAMS 0x0000000083600000, 0x0000000083600000| Untracked 
|  55|0x0000000083700000, 0x0000000083800000, 0x0000000083800000|100%| O|  |TAMS 0x0000000083700000, 0x0000000083700000| Untracked 
|  56|0x0000000083800000, 0x0000000083900000, 0x0000000083900000|100%| O|  |TAMS 0x0000000083800000, 0x0000000083800000| Untracked 
|  57|0x0000000083900000, 0x0000000083a00000, 0x0000000083a00000|100%| O|  |TAMS 0x0000000083900000, 0x0000000083900000| Untracked 
|  58|0x0000000083a00000, 0x0000000083b00000, 0x0000000083b00000|100%| O|  |TAMS 0x0000000083a00000, 0x0000000083a00000| Untracked 
|  59|0x0000000083b00000, 0x0000000083c00000, 0x0000000083c00000|100%| O|  |TAMS 0x0000000083b00000, 0x0000000083b00000| Untracked 
|  60|0x0000000083c00000, 0x0000000083d00000, 0x0000000083d00000|100%| O|  |TAMS 0x0000000083c00000, 0x0000000083c00000| Untracked 
|  61|0x0000000083d00000, 0x0000000083e00000, 0x0000000083e00000|100%| O|  |TAMS 0x0000000083d00000, 0x0000000083d00000| Untracked 
|  62|0x0000000083e00000, 0x0000000083f00000, 0x0000000083f00000|100%| O|  |TAMS 0x0000000083e00000, 0x0000000083e00000| Untracked 
|  63|0x0000000083f00000, 0x0000000084000000, 0x0000000084000000|100%| O|  |TAMS 0x0000000083f00000, 0x0000000083f00000| Untracked 
|  64|0x0000000084000000, 0x0000000084100000, 0x0000000084100000|100%| O|  |TAMS 0x0000000084000000, 0x0000000084000000| Untracked 
|  65|0x0000000084100000, 0x0000000084200000, 0x0000000084200000|100%| O|  |TAMS 0x0000000084100000, 0x0000000084100000| Untracked 
|  66|0x0000000084200000, 0x0000000084300000, 0x0000000084300000|100%| O|  |TAMS 0x0000000084200000, 0x0000000084200000| Untracked 
|  67|0x0000000084300000, 0x0000000084400000, 0x0000000084400000|100%| O|  |TAMS 0x0000000084300000, 0x0000000084300000| Untracked 
|  68|0x0000000084400000, 0x0000000084500000, 0x0000000084500000|100%| O|  |TAMS 0x0000000084400000, 0x0000000084400000| Untracked 
|  69|0x0000000084500000, 0x0000000084600000, 0x0000000084600000|100%| O|  |TAMS 0x0000000084500000, 0x0000000084500000| Untracked 
|  70|0x0000000084600000, 0x0000000084700000, 0x0000000084700000|100%| O|  |TAMS 0x0000000084600000, 0x0000000084600000| Untracked 
|  71|0x0000000084700000, 0x0000000084800000, 0x0000000084800000|100%| O|  |TAMS 0x0000000084700000, 0x0000000084700000| Untracked 
|  72|0x0000000084800000, 0x0000000084900000, 0x0000000084900000|100%| O|  |TAMS 0x0000000084800000, 0x0000000084800000| Untracked 
|  73|0x0000000084900000, 0x0000000084a00000, 0x0000000084a00000|100%| O|  |TAMS 0x0000000084900000, 0x0000000084900000| Untracked 
|  74|0x0000000084a00000, 0x0000000084b00000, 0x0000000084b00000|100%| O|  |TAMS 0x0000000084a00000, 0x0000000084a00000| Untracked 
|  75|0x0000000084b00000, 0x0000000084b80000, 0x0000000084c00000| 50%| O|  |TAMS 0x0000000084b00000, 0x0000000084b00000| Untracked 
|  76|0x0000000084c00000, 0x0000000084c00000, 0x0000000084d00000|  0%| F|  |TAMS 0x0000000084c00000, 0x0000000084c00000| Untracked 
|  77|0x0000000084d00000, 0x0000000084d00000, 0x0000000084e00000|  0%| F|  |TAMS 0x0000000084d00000, 0x0000000084d00000| Untracked 
|  78|0x0000000084e00000, 0x0000000084e00000, 0x0000000084f00000|  0%| F|  |TAMS 0x0000000084e00000, 0x0000000084e00000| Untracked 
|  79|0x0000000084f00000, 0x0000000084f00000, 0x0000000085000000|  0%| F|  |TAMS 0x0000000084f00000, 0x0000000084f00000| Untracked 
|  80|0x0000000085000000, 0x0000000085000000, 0x0000000085100000|  0%| F|  |TAMS 0x0000000085000000, 0x0000000085000000| Untracked 
|  81|0x0000000085100000, 0x0000000085100000, 0x0000000085200000|  0%| F|  |TAMS 0x0000000085100000, 0x0000000085100000| Untracked 
|  82|0x0000000085200000, 0x0000000085200000, 0x0000000085300000|  0%| F|  |TAMS 0x0000000085200000, 0x0000000085200000| Untracked 
|  83|0x0000000085300000, 0x0000000085300000, 0x0000000085400000|  0%| F|  |TAMS 0x0000000085300000, 0x0000000085300000| Untracked 
|  84|0x0000000085400000, 0x0000000085400000, 0x0000000085500000|  0%| F|  |TAMS 0x0000000085400000, 0x0000000085400000| Untracked 
|  85|0x0000000085500000, 0x0000000085500000, 0x0000000085600000|  0%| F|  |TAMS 0x0000000085500000, 0x0000000085500000| Untracked 
|  86|0x0000000085600000, 0x0000000085600000, 0x0000000085700000|  0%| F|  |TAMS 0x0000000085600000, 0x0000000085600000| Untracked 
|  87|0x0000000085700000, 0x0000000085700000, 0x0000000085800000|  0%| F|  |TAMS 0x0000000085700000, 0x0000000085700000| Untracked 
|  88|0x0000000085800000, 0x0000000085800000, 0x0000000085900000|  0%| F|  |TAMS 0x0000000085800000, 0x0000000085800000| Untracked 
|  89|0x0000000085900000, 0x0000000085900000, 0x0000000085a00000|  0%| F|  |TAMS 0x0000000085900000, 0x0000000085900000| Untracked 
|  90|0x0000000085a00000, 0x0000000085a00000, 0x0000000085b00000|  0%| F|  |TAMS 0x0000000085a00000, 0x0000000085a00000| Untracked 
|  91|0x0000000085b00000, 0x0000000085b00000, 0x0000000085c00000|  0%| F|  |TAMS 0x0000000085b00000, 0x0000000085b00000| Untracked 
|  92|0x0000000085c00000, 0x0000000085c00000, 0x0000000085d00000|  0%| F|  |TAMS 0x0000000085c00000, 0x0000000085c00000| Untracked 
|  93|0x0000000085d00000, 0x0000000085d00000, 0x0000000085e00000|  0%| F|  |TAMS 0x0000000085d00000, 0x0000000085d00000| Untracked 
|  94|0x0000000085e00000, 0x0000000085e00000, 0x0000000085f00000|  0%| F|  |TAMS 0x0000000085e00000, 0x0000000085e00000| Untracked 
|  95|0x0000000085f00000, 0x0000000085f00000, 0x0000000086000000|  0%| F|  |TAMS 0x0000000085f00000, 0x0000000085f00000| Untracked 
|  96|0x0000000086000000, 0x0000000086000000, 0x0000000086100000|  0%| F|  |TAMS 0x0000000086000000, 0x0000000086000000| Untracked 
|  97|0x0000000086100000, 0x0000000086100000, 0x0000000086200000|  0%| F|  |TAMS 0x0000000086100000, 0x0000000086100000| Untracked 
|  98|0x0000000086200000, 0x0000000086200000, 0x0000000086300000|  0%| F|  |TAMS 0x0000000086200000, 0x0000000086200000| Untracked 
|  99|0x0000000086300000, 0x0000000086300000, 0x0000000086400000|  0%| F|  |TAMS 0x0000000086300000, 0x0000000086300000| Untracked 
| 100|0x0000000086400000, 0x0000000086400000, 0x0000000086500000|  0%| F|  |TAMS 0x0000000086400000, 0x0000000086400000| Untracked 
| 101|0x0000000086500000, 0x0000000086500000, 0x0000000086600000|  0%| F|  |TAMS 0x0000000086500000, 0x0000000086500000| Untracked 
| 102|0x0000000086600000, 0x00000000866ba300, 0x0000000086700000| 72%| S|CS|TAMS 0x0000000086600000, 0x0000000086600000| Complete 
| 103|0x0000000086700000, 0x0000000086700000, 0x0000000086800000|  0%| F|  |TAMS 0x0000000086700000, 0x0000000086700000| Untracked 
| 104|0x0000000086800000, 0x0000000086800000, 0x0000000086900000|  0%| F|  |TAMS 0x0000000086800000, 0x0000000086800000| Untracked 
| 105|0x0000000086900000, 0x0000000086900000, 0x0000000086a00000|  0%| F|  |TAMS 0x0000000086900000, 0x0000000086900000| Untracked 
| 106|0x0000000086a00000, 0x0000000086a00000, 0x0000000086b00000|  0%| F|  |TAMS 0x0000000086a00000, 0x0000000086a00000| Untracked 
| 107|0x0000000086b00000, 0x0000000086b00000, 0x0000000086c00000|  0%| F|  |TAMS 0x0000000086b00000, 0x0000000086b00000| Untracked 
| 108|0x0000000086c00000, 0x0000000086d00000, 0x0000000086d00000|100%| S|CS|TAMS 0x0000000086c00000, 0x0000000086c00000| Complete 
| 109|0x0000000086d00000, 0x0000000086e00000, 0x0000000086e00000|100%| S|CS|TAMS 0x0000000086d00000, 0x0000000086d00000| Complete 
| 110|0x0000000086e00000, 0x0000000086f00000, 0x0000000086f00000|100%| S|CS|TAMS 0x0000000086e00000, 0x0000000086e00000| Complete 
| 111|0x0000000086f00000, 0x0000000087000000, 0x0000000087000000|100%| S|CS|TAMS 0x0000000086f00000, 0x0000000086f00000| Complete 
| 112|0x0000000087000000, 0x0000000087100000, 0x0000000087100000|100%| S|CS|TAMS 0x0000000087000000, 0x0000000087000000| Complete 
| 113|0x0000000087100000, 0x0000000087100000, 0x0000000087200000|  0%| F|  |TAMS 0x0000000087100000, 0x0000000087100000| Untracked 
| 114|0x0000000087200000, 0x0000000087200000, 0x0000000087300000|  0%| F|  |TAMS 0x0000000087200000, 0x0000000087200000| Untracked 
| 115|0x0000000087300000, 0x0000000087300000, 0x0000000087400000|  0%| F|  |TAMS 0x0000000087300000, 0x0000000087300000| Untracked 
| 116|0x0000000087400000, 0x0000000087400000, 0x0000000087500000|  0%| F|  |TAMS 0x0000000087400000, 0x0000000087400000| Untracked 
| 117|0x0000000087500000, 0x0000000087500000, 0x0000000087600000|  0%| F|  |TAMS 0x0000000087500000, 0x0000000087500000| Untracked 
| 118|0x0000000087600000, 0x0000000087600000, 0x0000000087700000|  0%| F|  |TAMS 0x0000000087600000, 0x0000000087600000| Untracked 
| 119|0x0000000087700000, 0x0000000087700000, 0x0000000087800000|  0%| F|  |TAMS 0x0000000087700000, 0x0000000087700000| Untracked 
| 120|0x0000000087800000, 0x0000000087800000, 0x0000000087900000|  0%| F|  |TAMS 0x0000000087800000, 0x0000000087800000| Untracked 
| 121|0x0000000087900000, 0x0000000087900000, 0x0000000087a00000|  0%| F|  |TAMS 0x0000000087900000, 0x0000000087900000| Untracked 
| 122|0x0000000087a00000, 0x0000000087a00000, 0x0000000087b00000|  0%| F|  |TAMS 0x0000000087a00000, 0x0000000087a00000| Untracked 
| 123|0x0000000087b00000, 0x0000000087b00000, 0x0000000087c00000|  0%| F|  |TAMS 0x0000000087b00000, 0x0000000087b00000| Untracked 
| 124|0x0000000087c00000, 0x0000000087c00000, 0x0000000087d00000|  0%| F|  |TAMS 0x0000000087c00000, 0x0000000087c00000| Untracked 
| 125|0x0000000087d00000, 0x0000000087d00000, 0x0000000087e00000|  0%| F|  |TAMS 0x0000000087d00000, 0x0000000087d00000| Untracked 
| 126|0x0000000087e00000, 0x0000000087e00000, 0x0000000087f00000|  0%| F|  |TAMS 0x0000000087e00000, 0x0000000087e00000| Untracked 
| 127|0x0000000087f00000, 0x0000000087f00000, 0x0000000088000000|  0%| F|  |TAMS 0x0000000087f00000, 0x0000000087f00000| Untracked 
| 128|0x0000000088000000, 0x0000000088000000, 0x0000000088100000|  0%| F|  |TAMS 0x0000000088000000, 0x0000000088000000| Untracked 
| 129|0x0000000088100000, 0x0000000088100000, 0x0000000088200000|  0%| F|  |TAMS 0x0000000088100000, 0x0000000088100000| Untracked 
| 130|0x0000000088200000, 0x0000000088200000, 0x0000000088300000|  0%| F|  |TAMS 0x0000000088200000, 0x0000000088200000| Untracked 
| 131|0x0000000088300000, 0x0000000088300000, 0x0000000088400000|  0%| F|  |TAMS 0x0000000088300000, 0x0000000088300000| Untracked 
| 132|0x0000000088400000, 0x0000000088400000, 0x0000000088500000|  0%| F|  |TAMS 0x0000000088400000, 0x0000000088400000| Untracked 
| 133|0x0000000088500000, 0x0000000088500000, 0x0000000088600000|  0%| F|  |TAMS 0x0000000088500000, 0x0000000088500000| Untracked 
| 134|0x0000000088600000, 0x0000000088600000, 0x0000000088700000|  0%| F|  |TAMS 0x0000000088600000, 0x0000000088600000| Untracked 
| 135|0x0000000088700000, 0x0000000088700000, 0x0000000088800000|  0%| F|  |TAMS 0x0000000088700000, 0x0000000088700000| Untracked 
| 136|0x0000000088800000, 0x0000000088800000, 0x0000000088900000|  0%| F|  |TAMS 0x0000000088800000, 0x0000000088800000| Untracked 
| 137|0x0000000088900000, 0x0000000088900000, 0x0000000088a00000|  0%| F|  |TAMS 0x0000000088900000, 0x0000000088900000| Untracked 
| 138|0x0000000088a00000, 0x0000000088a00000, 0x0000000088b00000|  0%| F|  |TAMS 0x0000000088a00000, 0x0000000088a00000| Untracked 
| 139|0x0000000088b00000, 0x0000000088b00000, 0x0000000088c00000|  0%| F|  |TAMS 0x0000000088b00000, 0x0000000088b00000| Untracked 
| 140|0x0000000088c00000, 0x0000000088c00000, 0x0000000088d00000|  0%| F|  |TAMS 0x0000000088c00000, 0x0000000088c00000| Untracked 
| 141|0x0000000088d00000, 0x0000000088d00000, 0x0000000088e00000|  0%| F|  |TAMS 0x0000000088d00000, 0x0000000088d00000| Untracked 
| 142|0x0000000088e00000, 0x0000000088e00000, 0x0000000088f00000|  0%| F|  |TAMS 0x0000000088e00000, 0x0000000088e00000| Untracked 
| 143|0x0000000088f00000, 0x0000000088f00000, 0x0000000089000000|  0%| F|  |TAMS 0x0000000088f00000, 0x0000000088f00000| Untracked 
| 144|0x0000000089000000, 0x0000000089000000, 0x0000000089100000|  0%| F|  |TAMS 0x0000000089000000, 0x0000000089000000| Untracked 
| 145|0x0000000089100000, 0x0000000089100000, 0x0000000089200000|  0%| F|  |TAMS 0x0000000089100000, 0x0000000089100000| Untracked 
| 146|0x0000000089200000, 0x0000000089200000, 0x0000000089300000|  0%| F|  |TAMS 0x0000000089200000, 0x0000000089200000| Untracked 
| 147|0x0000000089300000, 0x0000000089300000, 0x0000000089400000|  0%| F|  |TAMS 0x0000000089300000, 0x0000000089300000| Untracked 
| 148|0x0000000089400000, 0x0000000089400000, 0x0000000089500000|  0%| F|  |TAMS 0x0000000089400000, 0x0000000089400000| Untracked 
| 149|0x0000000089500000, 0x0000000089500000, 0x0000000089600000|  0%| F|  |TAMS 0x0000000089500000, 0x0000000089500000| Untracked 
| 150|0x0000000089600000, 0x0000000089600000, 0x0000000089700000|  0%| F|  |TAMS 0x0000000089600000, 0x0000000089600000| Untracked 
| 151|0x0000000089700000, 0x0000000089700000, 0x0000000089800000|  0%| F|  |TAMS 0x0000000089700000, 0x0000000089700000| Untracked 
| 152|0x0000000089800000, 0x0000000089800000, 0x0000000089900000|  0%| F|  |TAMS 0x0000000089800000, 0x0000000089800000| Untracked 
| 153|0x0000000089900000, 0x0000000089900000, 0x0000000089a00000|  0%| F|  |TAMS 0x0000000089900000, 0x0000000089900000| Untracked 
| 154|0x0000000089a00000, 0x0000000089a00000, 0x0000000089b00000|  0%| F|  |TAMS 0x0000000089a00000, 0x0000000089a00000| Untracked 
| 155|0x0000000089b00000, 0x0000000089b00000, 0x0000000089c00000|  0%| F|  |TAMS 0x0000000089b00000, 0x0000000089b00000| Untracked 
| 156|0x0000000089c00000, 0x0000000089c00000, 0x0000000089d00000|  0%| F|  |TAMS 0x0000000089c00000, 0x0000000089c00000| Untracked 
| 157|0x0000000089d00000, 0x0000000089d00000, 0x0000000089e00000|  0%| F|  |TAMS 0x0000000089d00000, 0x0000000089d00000| Untracked 
| 158|0x0000000089e00000, 0x0000000089e00000, 0x0000000089f00000|  0%| F|  |TAMS 0x0000000089e00000, 0x0000000089e00000| Untracked 
| 159|0x0000000089f00000, 0x0000000089f00000, 0x000000008a000000|  0%| F|  |TAMS 0x0000000089f00000, 0x0000000089f00000| Untracked 
| 160|0x000000008a000000, 0x000000008a000000, 0x000000008a100000|  0%| F|  |TAMS 0x000000008a000000, 0x000000008a000000| Untracked 
| 161|0x000000008a100000, 0x000000008a100000, 0x000000008a200000|  0%| F|  |TAMS 0x000000008a100000, 0x000000008a100000| Untracked 
| 162|0x000000008a200000, 0x000000008a200000, 0x000000008a300000|  0%| F|  |TAMS 0x000000008a200000, 0x000000008a200000| Untracked 
| 163|0x000000008a300000, 0x000000008a300000, 0x000000008a400000|  0%| F|  |TAMS 0x000000008a300000, 0x000000008a300000| Untracked 
| 164|0x000000008a400000, 0x000000008a400000, 0x000000008a500000|  0%| F|  |TAMS 0x000000008a400000, 0x000000008a400000| Untracked 
| 165|0x000000008a500000, 0x000000008a568448, 0x000000008a600000| 40%| E|  |TAMS 0x000000008a500000, 0x000000008a500000| Complete 
| 166|0x000000008a600000, 0x000000008a700000, 0x000000008a700000|100%| E|CS|TAMS 0x000000008a600000, 0x000000008a600000| Complete 
| 167|0x000000008a700000, 0x000000008a800000, 0x000000008a800000|100%| E|CS|TAMS 0x000000008a700000, 0x000000008a700000| Complete 
| 168|0x000000008a800000, 0x000000008a900000, 0x000000008a900000|100%| E|CS|TAMS 0x000000008a800000, 0x000000008a800000| Complete 
| 169|0x000000008a900000, 0x000000008aa00000, 0x000000008aa00000|100%| E|CS|TAMS 0x000000008a900000, 0x000000008a900000| Complete 
| 170|0x000000008aa00000, 0x000000008ab00000, 0x000000008ab00000|100%| E|CS|TAMS 0x000000008aa00000, 0x000000008aa00000| Complete 
| 171|0x000000008ab00000, 0x000000008ac00000, 0x000000008ac00000|100%| E|CS|TAMS 0x000000008ab00000, 0x000000008ab00000| Complete 
| 172|0x000000008ac00000, 0x000000008ad00000, 0x000000008ad00000|100%| E|CS|TAMS 0x000000008ac00000, 0x000000008ac00000| Complete 
| 173|0x000000008ad00000, 0x000000008ae00000, 0x000000008ae00000|100%| E|CS|TAMS 0x000000008ad00000, 0x000000008ad00000| Complete 
| 174|0x000000008ae00000, 0x000000008af00000, 0x000000008af00000|100%| E|CS|TAMS 0x000000008ae00000, 0x000000008ae00000| Complete 
| 175|0x000000008af00000, 0x000000008b000000, 0x000000008b000000|100%| E|CS|TAMS 0x000000008af00000, 0x000000008af00000| Complete 
| 176|0x000000008b000000, 0x000000008b100000, 0x000000008b100000|100%| E|CS|TAMS 0x000000008b000000, 0x000000008b000000| Complete 
| 177|0x000000008b100000, 0x000000008b200000, 0x000000008b200000|100%| E|  |TAMS 0x000000008b100000, 0x000000008b100000| Complete 
| 178|0x000000008b200000, 0x000000008b300000, 0x000000008b300000|100%| E|CS|TAMS 0x000000008b200000, 0x000000008b200000| Complete 
| 179|0x000000008b300000, 0x000000008b400000, 0x000000008b400000|100%| E|CS|TAMS 0x000000008b300000, 0x000000008b300000| Complete 
| 180|0x000000008b400000, 0x000000008b500000, 0x000000008b500000|100%| E|CS|TAMS 0x000000008b400000, 0x000000008b400000| Complete 
| 181|0x000000008b500000, 0x000000008b600000, 0x000000008b600000|100%| E|CS|TAMS 0x000000008b500000, 0x000000008b500000| Complete 
| 182|0x000000008b600000, 0x000000008b700000, 0x000000008b700000|100%| E|CS|TAMS 0x000000008b600000, 0x000000008b600000| Complete 
| 183|0x000000008b700000, 0x000000008b800000, 0x000000008b800000|100%| E|CS|TAMS 0x000000008b700000, 0x000000008b700000| Complete 
| 184|0x000000008b800000, 0x000000008b900000, 0x000000008b900000|100%| E|CS|TAMS 0x000000008b800000, 0x000000008b800000| Complete 

Card table byte_map: [0x000002b4b7ee0000,0x000002b4b82e0000] _byte_map_base: 0x000002b4b7ae0000

Marking Bits (Prev, Next): (CMBitMap*) 0x000002b4a5000fe8, (CMBitMap*) 0x000002b4a5001020
 Prev Bits: [0x000002b4b86e0000, 0x000002b4ba6e0000)
 Next Bits: [0x000002b4ba6e0000, 0x000002b4bc6e0000)

Polling page: 0x000002b4a47a0000

Metaspace:

Usage:
  Non-class:     81.32 MB capacity,    80.01 MB ( 98%) used,     1.05 MB (  1%) free+waste,   263.25 KB ( <1%) overhead. 
      Class:     12.54 MB capacity,    11.70 MB ( 93%) used,   745.80 KB (  6%) free+waste,   118.06 KB ( <1%) overhead. 
       Both:     93.86 MB capacity,    91.71 MB ( 98%) used,     1.78 MB (  2%) free+waste,   381.31 KB ( <1%) overhead. 

Virtual space:
  Non-class space:       82.00 MB reserved,      81.42 MB (>99%) committed 
      Class space:        1.00 GB reserved,      12.66 MB (  1%) committed 
             Both:        1.08 GB reserved,      94.08 MB (  9%) committed 

Chunk freelists:
   Non-Class:  41.00 KB
       Class:  23.00 KB
        Both:  64.00 KB

MaxMetaspaceSize: 17179869184.00 GB
CompressedClassSpaceSize: 1.00 GB
Initial GC threshold: 20.80 MB
Current GC threshold: 109.30 MB
CDS: off

CodeHeap 'non-profiled nmethods': size=120064Kb used=6710Kb max_used=6710Kb free=113354Kb
 bounds [0x000002b4b05a0000, 0x000002b4b0c30000, 0x000002b4b7ae0000]
CodeHeap 'profiled nmethods': size=120000Kb used=24533Kb max_used=24533Kb free=95467Kb
 bounds [0x000002b4a9070000, 0x000002b4aa870000, 0x000002b4b05a0000]
CodeHeap 'non-nmethods': size=5696Kb used=2386Kb max_used=2447Kb free=3309Kb
 bounds [0x000002b4a8ae0000, 0x000002b4a8d50000, 0x000002b4a9070000]
 total_blobs=11867 nmethods=10956 adapters=823
 compilation: enabled
              stopped_count=0, restarted_count=0
 full_count=0

Compilation events (20 events):
Event: 45.477 Thread 0x000002b4bebe1000 10987       4       org.gradle.internal.snapshot.RelativePathTrackingFileSystemSnapshotHierarchyVisitor::enterDirectory (1 bytes)
Event: 45.477 Thread 0x000002b4bec0a800 nmethod 10975 0x000002b4aa85ac10 code [0x000002b4aa85adc0, 0x000002b4aa85aed8]
Event: 45.477 Thread 0x000002b4bebe1000 nmethod 10987 0x000002b4b0c2c910 code [0x000002b4b0c2caa0, 0x000002b4b0c2caf8]
Event: 45.477 Thread 0x000002b4bebe1000 10986       4       java.util.stream.ForEachOps$ForEachOp$OfRef::accept (11 bytes)
Event: 45.478 Thread 0x000002b4bebe1000 nmethod 10986 0x000002b4b0c2cc10 code [0x000002b4b0c2cda0, 0x000002b4b0c2ce38]
Event: 45.478 Thread 0x000002b4bebe1000 10989       4       org.gradle.internal.fingerprint.impl.RelativePathFingerprintingStrategy$$Lambda$1089/0x0000000100c70440::visitEntry (18 bytes)
Event: 45.478 Thread 0x000002b4bec0a800 10990       3       org.gradle.api.internal.file.collections.DefaultConfigurableFileCollection::visitChildren (137 bytes)
Event: 45.479 Thread 0x000002b4bec0a800 nmethod 10990 0x000002b4aa85af90 code [0x000002b4aa85b240, 0x000002b4aa85bad8]
Event: 45.490 Thread 0x000002b4bec0a800 10991       1       org.gradle.api.internal.file.collections.ListBackedFileSet::getFiles (5 bytes)
Event: 45.491 Thread 0x000002b4bec0a800 nmethod 10991 0x000002b4b0c2cf10 code [0x000002b4b0c2d0c0, 0x000002b4b0c2d178]
Event: 45.491 Thread 0x000002b4bec0a800 10992       3       org.gradle.internal.snapshot.EmptyChildMap::getInstance (4 bytes)
Event: 45.491 Thread 0x000002b4bec0a800 nmethod 10992 0x000002b4aa85bd90 code [0x000002b4aa85bf40, 0x000002b4aa85c038]
Event: 45.491 Thread 0x000002b4bec0a800 10993       3       org.gradle.execution.plan.ValuedVfsHierarchy::<init> (20 bytes)
Event: 45.491 Thread 0x000002b4bec0a800 nmethod 10993 0x000002b4aa85c110 code [0x000002b4aa85c2c0, 0x000002b4aa85c538]
Event: 45.491 Thread 0x000002b4bec0a800 10994       3       java.util.Iterator::forEachRemaining (30 bytes)
Event: 45.492 Thread 0x000002b4bec0a800 nmethod 10994 0x000002b4aa85c610 code [0x000002b4aa85c820, 0x000002b4aa85cd58]
Event: 45.492 Thread 0x000002b4bec0a800 10995       2       org.gradle.internal.snapshot.ChildMap$Entry::handleAncestorDescendantOrExactMatch (110 bytes)
Event: 45.493 Thread 0x000002b4bec0a800 nmethod 10995 0x000002b4aa85cf10 code [0x000002b4aa85d180, 0x000002b4aa85d9f8]
Event: 45.493 Thread 0x000002b4bec0a800 10996       3       com.google.common.collect.RegularImmutableSet::spliterator (11 bytes)
Event: 45.494 Thread 0x000002b4bec0a800 nmethod 10996 0x000002b4aa85de90 code [0x000002b4aa85e080, 0x000002b4aa85e438]

GC Heap History (20 events):
Event: 13.896 GC heap before
{Heap before GC invocations=9 (full 0):
 garbage-first heap   total 157696K, used 97879K [0x0000000080000000, 0x0000000100000000)
  region size 1024K, 78 young (79872K), 7 survivors (7168K)
 Metaspace       used 40951K, capacity 41942K, committed 42108K, reserved 1085440K
  class space    used 5170K, capacity 5519K, committed 5580K, reserved 1048576K
}
Event: 13.916 GC heap after
{Heap after GC invocations=10 (full 0):
 garbage-first heap   total 157696K, used 29000K [0x0000000080000000, 0x0000000100000000)
  region size 1024K, 10 young (10240K), 10 survivors (10240K)
 Metaspace       used 40951K, capacity 41942K, committed 42108K, reserved 1085440K
  class space    used 5170K, capacity 5519K, committed 5580K, reserved 1048576K
}
Event: 16.771 GC heap before
{Heap before GC invocations=10 (full 0):
 garbage-first heap   total 157696K, used 108872K [0x0000000080000000, 0x0000000100000000)
  region size 1024K, 87 young (89088K), 10 survivors (10240K)
 Metaspace       used 47824K, capacity 48983K, committed 49276K, reserved 1091584K
  class space    used 6053K, capacity 6495K, committed 6604K, reserved 1048576K
}
Event: 16.794 GC heap after
{Heap after GC invocations=11 (full 0):
 garbage-first heap   total 157696K, used 31503K [0x0000000080000000, 0x0000000100000000)
  region size 1024K, 9 young (9216K), 9 survivors (9216K)
 Metaspace       used 47824K, capacity 48983K, committed 49276K, reserved 1091584K
  class space    used 6053K, capacity 6495K, committed 6604K, reserved 1048576K
}
Event: 21.515 GC heap before
{Heap before GC invocations=11 (full 0):
 garbage-first heap   total 157696K, used 120591K [0x0000000080000000, 0x0000000100000000)
  region size 1024K, 92 young (94208K), 9 survivors (9216K)
 Metaspace       used 54972K, capacity 56391K, committed 56572K, reserved 1097728K
  class space    used 6913K, capacity 7454K, committed 7500K, reserved 1048576K
}
Event: 21.537 GC heap after
{Heap after GC invocations=12 (full 0):
 garbage-first heap   total 157696K, used 43863K [0x0000000080000000, 0x0000000100000000)
  region size 1024K, 12 young (12288K), 12 survivors (12288K)
 Metaspace       used 54972K, capacity 56391K, committed 56572K, reserved 1097728K
  class space    used 6913K, capacity 7454K, committed 7500K, reserved 1048576K
}
Event: 22.437 GC heap before
{Heap before GC invocations=12 (full 0):
 garbage-first heap   total 157696K, used 70487K [0x0000000080000000, 0x0000000100000000)
  region size 1024K, 39 young (39936K), 12 survivors (12288K)
 Metaspace       used 58834K, capacity 60247K, committed 60368K, reserved 1101824K
  class space    used 7355K, capacity 7883K, committed 7968K, reserved 1048576K
}
Event: 22.464 GC heap after
{Heap after GC invocations=13 (full 0):
 garbage-first heap   total 157696K, used 45773K [0x0000000080000000, 0x0000000100000000)
  region size 1024K, 2 young (2048K), 2 survivors (2048K)
 Metaspace       used 58834K, capacity 60247K, committed 60368K, reserved 1101824K
  class space    used 7355K, capacity 7883K, committed 7968K, reserved 1048576K
}
Event: 24.462 GC heap before
{Heap before GC invocations=14 (full 0):
 garbage-first heap   total 157696K, used 126669K [0x0000000080000000, 0x0000000100000000)
  region size 1024K, 75 young (76800K), 2 survivors (2048K)
 Metaspace       used 65241K, capacity 66737K, committed 66768K, reserved 1107968K
  class space    used 8163K, capacity 8735K, committed 8736K, reserved 1048576K
}
Event: 24.479 GC heap after
{Heap after GC invocations=15 (full 0):
 garbage-first heap   total 189440K, used 51635K [0x0000000080000000, 0x0000000100000000)
  region size 1024K, 8 young (8192K), 8 survivors (8192K)
 Metaspace       used 65241K, capacity 66737K, committed 66768K, reserved 1107968K
  class space    used 8163K, capacity 8735K, committed 8736K, reserved 1048576K
}
Event: 26.014 GC heap before
{Heap before GC invocations=16 (full 0):
 garbage-first heap   total 189440K, used 141747K [0x0000000080000000, 0x0000000100000000)
  region size 1024K, 95 young (97280K), 8 survivors (8192K)
 Metaspace       used 69429K, capacity 71041K, committed 71248K, reserved 1112064K
  class space    used 8748K, capacity 9369K, committed 9376K, reserved 1048576K
}
Event: 26.039 GC heap after
{Heap after GC invocations=17 (full 0):
 garbage-first heap   total 189440K, used 57602K [0x0000000080000000, 0x0000000100000000)
  region size 1024K, 6 young (6144K), 6 survivors (6144K)
 Metaspace       used 69429K, capacity 71041K, committed 71248K, reserved 1112064K
  class space    used 8748K, capacity 9369K, committed 9376K, reserved 1048576K
}
Event: 27.809 GC heap before
{Heap before GC invocations=17 (full 0):
 garbage-first heap   total 189440K, used 145666K [0x0000000080000000, 0x0000000100000000)
  region size 1024K, 92 young (94208K), 6 survivors (6144K)
 Metaspace       used 75063K, capacity 76802K, committed 77136K, reserved 1116160K
  class space    used 9645K, capacity 10291K, committed 10400K, reserved 1048576K
}
Event: 27.834 GC heap after
{Heap after GC invocations=18 (full 0):
 garbage-first heap   total 189440K, used 63385K [0x0000000080000000, 0x0000000100000000)
  region size 1024K, 12 young (12288K), 12 survivors (12288K)
 Metaspace       used 75063K, capacity 76802K, committed 77136K, reserved 1116160K
  class space    used 9645K, capacity 10291K, committed 10400K, reserved 1048576K
}
Event: 30.570 GC heap before
{Heap before GC invocations=18 (full 0):
 garbage-first heap   total 189440K, used 146329K [0x0000000080000000, 0x0000000100000000)
  region size 1024K, 94 young (96256K), 12 survivors (12288K)
 Metaspace       used 82658K, capacity 84541K, committed 84816K, reserved 1122304K
  class space    used 10622K, capacity 11332K, committed 11424K, reserved 1048576K
}
Event: 30.600 GC heap after
{Heap after GC invocations=19 (full 0):
 garbage-first heap   total 189440K, used 70656K [0x0000000080000000, 0x0000000100000000)
  region size 1024K, 12 young (12288K), 12 survivors (12288K)
 Metaspace       used 82658K, capacity 84541K, committed 84816K, reserved 1122304K
  class space    used 10622K, capacity 11332K, committed 11424K, reserved 1048576K
}
Event: 39.603 GC heap before
{Heap before GC invocations=19 (full 0):
 garbage-first heap   total 189440K, used 148480K [0x0000000080000000, 0x0000000100000000)
  region size 1024K, 89 young (91136K), 12 survivors (12288K)
 Metaspace       used 92134K, capacity 94278K, committed 94544K, reserved 1130496K
  class space    used 11797K, capacity 12599K, committed 12704K, reserved 1048576K
}
Event: 39.638 GC heap after
{Heap after GC invocations=20 (full 0):
 garbage-first heap   total 189440K, used 77312K [0x0000000080000000, 0x0000000100000000)
  region size 1024K, 7 young (7168K), 7 survivors (7168K)
 Metaspace       used 92134K, capacity 94278K, committed 94544K, reserved 1130496K
  class space    used 11797K, capacity 12599K, committed 12704K, reserved 1048576K
}
Event: 42.822 GC heap before
{Heap before GC invocations=20 (full 0):
 garbage-first heap   total 189440K, used 150016K [0x0000000080000000, 0x0000000100000000)
  region size 1024K, 79 young (80896K), 7 survivors (7168K)
 Metaspace       used 93436K, capacity 95627K, committed 95952K, reserved 1132544K
  class space    used 11933K, capacity 12733K, committed 12832K, reserved 1048576K
}
Event: 42.843 GC heap after
{Heap after GC invocations=21 (full 0):
 garbage-first heap   total 189440K, used 83176K [0x0000000080000000, 0x0000000100000000)
  region size 1024K, 6 young (6144K), 6 survivors (6144K)
 Metaspace       used 93436K, capacity 95627K, committed 95952K, reserved 1132544K
  class space    used 11933K, capacity 12733K, committed 12832K, reserved 1048576K
}

Deoptimization events (20 events):
Event: 45.490 Thread 0x000002b4c5519000 Uncommon trap: trap_request=0xffffffde fr.pc=0x000002b4b0bfb258 relative=0x0000000000000618
Event: 45.490 Thread 0x000002b4c5519000 Uncommon trap: reason=class_check action=maybe_recompile pc=0x000002b4b0bfb258 method=org.gradle.internal.snapshot.MediumChildMap.withNode(Lorg/gradle/internal/snapshot/VfsRelativePath;Lorg/gradle/internal/snapshot/CaseSensitivity;Lorg/gradle/internal/sna
Event: 45.490 Thread 0x000002b4c5519000 DEOPT PACKING pc=0x000002b4b0bfb258 sp=0x000000d87b0fbad0
Event: 45.490 Thread 0x000002b4c5519000 DEOPT UNPACKING pc=0x000002b4a8b2a1af sp=0x000000d87b0fba98 mode 2
Event: 45.490 Thread 0x000002b4c5519000 Uncommon trap: trap_request=0xffffffde fr.pc=0x000002b4b0bfb258 relative=0x0000000000000618
Event: 45.490 Thread 0x000002b4c5519000 Uncommon trap: reason=class_check action=maybe_recompile pc=0x000002b4b0bfb258 method=org.gradle.internal.snapshot.MediumChildMap.withNode(Lorg/gradle/internal/snapshot/VfsRelativePath;Lorg/gradle/internal/snapshot/CaseSensitivity;Lorg/gradle/internal/sna
Event: 45.490 Thread 0x000002b4c5519000 DEOPT PACKING pc=0x000002b4b0bfb258 sp=0x000000d87b0fbad0
Event: 45.490 Thread 0x000002b4c5519000 DEOPT UNPACKING pc=0x000002b4a8b2a1af sp=0x000000d87b0fba98 mode 2
Event: 45.491 Thread 0x000002b4c5519000 Uncommon trap: trap_request=0xffffffc6 fr.pc=0x000002b4b0b7e124 relative=0x0000000000000a04
Event: 45.491 Thread 0x000002b4c5519000 Uncommon trap: reason=bimorphic_or_optimized_type_check action=maybe_recompile pc=0x000002b4b0b7e124 method=org.gradle.internal.snapshot.ChildMap$Entry.handleAncestorDescendantOrExactMatch(Lorg/gradle/internal/snapshot/VfsRelativePath;Lorg/gradle/internal
Event: 45.491 Thread 0x000002b4c5519000 DEOPT PACKING pc=0x000002b4b0b7e124 sp=0x000000d87b0fb490
Event: 45.491 Thread 0x000002b4c5519000 DEOPT UNPACKING pc=0x000002b4a8b2a1af sp=0x000000d87b0fb498 mode 2
Event: 45.491 Thread 0x000002b4c5519000 Uncommon trap: trap_request=0xffffffc6 fr.pc=0x000002b4b0b7e124 relative=0x0000000000000a04
Event: 45.491 Thread 0x000002b4c5519000 Uncommon trap: reason=bimorphic_or_optimized_type_check action=maybe_recompile pc=0x000002b4b0b7e124 method=org.gradle.internal.snapshot.ChildMap$Entry.handleAncestorDescendantOrExactMatch(Lorg/gradle/internal/snapshot/VfsRelativePath;Lorg/gradle/internal
Event: 45.491 Thread 0x000002b4c5519000 DEOPT PACKING pc=0x000002b4b0b7e124 sp=0x000000d87b0fb490
Event: 45.491 Thread 0x000002b4c5519000 DEOPT UNPACKING pc=0x000002b4a8b2a1af sp=0x000000d87b0fb498 mode 2
Event: 45.491 Thread 0x000002b4c5519000 Uncommon trap: trap_request=0xffffffc6 fr.pc=0x000002b4b0b7e124 relative=0x0000000000000a04
Event: 45.491 Thread 0x000002b4c5519000 Uncommon trap: reason=bimorphic_or_optimized_type_check action=maybe_recompile pc=0x000002b4b0b7e124 method=org.gradle.internal.snapshot.ChildMap$Entry.handleAncestorDescendantOrExactMatch(Lorg/gradle/internal/snapshot/VfsRelativePath;Lorg/gradle/internal
Event: 45.491 Thread 0x000002b4c5519000 DEOPT PACKING pc=0x000002b4b0b7e124 sp=0x000000d87b0fb490
Event: 45.491 Thread 0x000002b4c5519000 DEOPT UNPACKING pc=0x000002b4a8b2a1af sp=0x000000d87b0fb498 mode 2

Classes redefined (0 events):
No events

Internal exceptions (20 events):
Event: 32.812 Thread 0x000002b4c551a000 Exception <a 'java/lang/NoSuchMethodError'{0x000000008aaf9670}: 'int java.lang.invoke.DirectMethodHandle$Holder.invokeStaticInit(java.lang.Object, java.lang.Object, java.lang.Object, java.lang.Object, java.lang.Object)'> (0x000000008aaf9670) thrown at [./src/hotspot/share/interpreter/linkResolver.cpp, line 773]
Event: 32.881 Thread 0x000002b4c551a000 Exception <a 'sun/nio/fs/WindowsException'{0x000000008a9e18f8}> (0x000000008a9e18f8) thrown at [./src/hotspot/share/prims/jni.cpp, line 616]
Event: 32.881 Thread 0x000002b4c551a000 Exception <a 'sun/nio/fs/WindowsException'{0x000000008a9e2770}> (0x000000008a9e2770) thrown at [./src/hotspot/share/prims/jni.cpp, line 616]
Event: 33.064 Thread 0x000002b4c551a000 Implicit null exception at 0x000002b4b0a28377 to 0x000002b4b0a28500
Event: 33.130 Thread 0x000002b4c0bd7000 Exception <a 'java/lang/NoSuchMethodError'{0x000000008a5bd700}: <clinit>> (0x000000008a5bd700) thrown at [./src/hotspot/share/prims/jni.cpp, line 1366]
Event: 33.152 Thread 0x000002b4c551a000 Exception <a 'java/lang/NoSuchMethodError'{0x000000008a4515e0}: 'int java.lang.invoke.DirectMethodHandle$Holder.invokeSpecial(java.lang.Object, java.lang.Object, java.lang.Object, java.lang.Object, java.lang.Object)'> (0x000000008a4515e0) thrown at [./src/hotspot/share/interpreter/linkResolver.cpp, line 773]
Event: 33.851 Thread 0x000002b4c5519000 Implicit null exception at 0x000002b4b08b1d14 to 0x000002b4b08b22e0
Event: 33.851 Thread 0x000002b4c2be6800 Implicit null exception at 0x000002b4b08b1d14 to 0x000002b4b08b22e0
Event: 34.480 Thread 0x000002b4c5519000 Implicit null exception at 0x000002b4b087cf6b to 0x000002b4b087cf8c
Event: 34.480 Thread 0x000002b4c2be6800 Implicit null exception at 0x000002b4b087cf6b to 0x000002b4b087cf8c
Event: 34.929 Thread 0x000002b4c5519000 Exception <a 'sun/nio/fs/WindowsException'{0x0000000089d38670}> (0x0000000089d38670) thrown at [./src/hotspot/share/prims/jni.cpp, line 616]
Event: 34.938 Thread 0x000002b4c5519000 Implicit null exception at 0x000002b4b06d82a0 to 0x000002b4b06dbbcc
Event: 39.717 Thread 0x000002b4c5519000 Exception <a 'java/lang/NoSuchMethodError'{0x000000008b6ff7c8}: 'void java.lang.invoke.DirectMethodHandle$Holder.invokeStatic(java.lang.Object, java.lang.Object, java.lang.Object, java.lang.Object, int, java.lang.Object, java.lang.Object)'> (0x000000008b6ff7c8) thrown at [./src/hotspot/share/interpreter/linkResolver.cpp, line 773]
Event: 39.748 Thread 0x000002b4c5512800 Exception <a 'java/lang/NoSuchMethodError'{0x000000008b0276d8}: 'java.lang.Object java.lang.invoke.DirectMethodHandle$Holder.invokeSpecialIFC(java.lang.Object, java.lang.Object, java.lang.Object)'> (0x000000008b0276d8) thrown at [./src/hotspot/share/interpreter/linkResolver.cpp, line 773]
Event: 39.748 Thread 0x000002b4c2c15800 Exception <a 'java/lang/NoSuchMethodError'{0x000000008b0342b0}: 'java.lang.Object java.lang.invoke.DirectMethodHandle$Holder.invokeSpecialIFC(java.lang.Object, java.lang.Object, java.lang.Object)'> (0x000000008b0342b0) thrown at [./src/hotspot/share/interpreter/linkResolver.cpp, line 773]
Event: 39.748 Thread 0x000002b4c2c15000 Exception <a 'java/lang/NoSuchMethodError'{0x000000008b044048}: 'java.lang.Object java.lang.invoke.DirectMethodHandle$Holder.invokeSpecialIFC(java.lang.Object, java.lang.Object, java.lang.Object)'> (0x000000008b044048) thrown at [./src/hotspot/share/interpreter/linkResolver.cpp, line 773]
Event: 40.435 Thread 0x000002b4c2be0000 Implicit null exception at 0x000002b4b0b7bfdb to 0x000002b4b0b7c070
Event: 40.647 Thread 0x000002b4c2be0000 Implicit null exception at 0x000002b4b0b8890f to 0x000002b4b0b89054
Event: 42.392 Thread 0x000002b4c5cd0000 Exception <a 'java/lang/NoSuchMethodError'{0x000000008aa54918}: 'void java.lang.invoke.DirectMethodHandle$Holder.invokeInterface(java.lang.Object, java.lang.Object, java.lang.Object, java.lang.Object)'> (0x000000008aa54918) thrown at [./src/hotspot/share/interpreter/linkResolver.cpp, line 773]
Event: 42.430 Thread 0x000002b4c5519000 Exception <a 'java/lang/NoSuchMethodError'{0x0000000087437390}: 'java.lang.Object java.lang.invoke.DirectMethodHandle$Holder.newInvokeSpecial(java.lang.Object, java.lang.Object, java.lang.Object, java.lang.Object)'> (0x0000000087437390) thrown at [./src/hotspot/share/interpreter/linkResolver.cpp, line 773]

Events (20 events):
Event: 45.497 loading class com/google/common/collect/Maps$EntryFunction
Event: 45.497 loading class com/google/common/collect/Maps$EntryFunction done
Event: 45.497 loading class com/google/common/collect/Maps$EntryFunction$1
Event: 45.497 loading class com/google/common/collect/Maps$EntryFunction$1 done
Event: 45.498 loading class com/google/common/collect/Maps$EntryFunction$2
Event: 45.498 loading class com/google/common/collect/Maps$EntryFunction$2 done
Event: 45.498 loading class com/google/common/base/Predicates$CompositionPredicate
Event: 45.498 loading class com/google/common/base/Predicates$CompositionPredicate done
Event: 45.499 loading class com/google/common/collect/Maps$FilteredEntryNavigableMap
Event: 45.499 loading class com/google/common/collect/Maps$FilteredEntryNavigableMap done
Event: 45.500 loading class com/google/common/collect/AbstractNavigableMap
Event: 45.500 loading class com/google/common/collect/AbstractNavigableMap done
Event: 45.501 loading class com/google/common/collect/Maps$FilteredEntryMap
Event: 45.501 loading class com/google/common/collect/Maps$FilteredEntryMap done
Event: 45.501 loading class com/google/common/collect/Maps$AbstractFilteredMap
Event: 45.501 loading class com/google/common/collect/Maps$AbstractFilteredMap done
Event: 45.502 loading class com/google/common/collect/Sets$FilteredSet
Event: 45.502 loading class com/google/common/collect/Sets$FilteredSet done
Event: 45.502 loading class com/google/common/collect/Collections2$FilteredCollection
Event: 45.502 loading class com/google/common/collect/Collections2$FilteredCollection done


Dynamic libraries:
0x00007ff742150000 - 0x00007ff74215a000 	C:\Program Files\Android\Android Studio\jre\bin\java.exe
0x00007ff8f8710000 - 0x00007ff8f8908000 	C:\Windows\SYSTEM32\ntdll.dll
0x00007ff8f7230000 - 0x00007ff8f72ef000 	C:\Windows\System32\KERNEL32.DLL
0x00007ff8f62a0000 - 0x00007ff8f6596000 	C:\Windows\System32\KERNELBASE.dll
0x00007ff8f5f10000 - 0x00007ff8f6010000 	C:\Windows\System32\ucrtbase.dll
0x00007ff8eed50000 - 0x00007ff8eed69000 	C:\Program Files\Android\Android Studio\jre\bin\jli.dll
0x00007ff8e3330000 - 0x00007ff8e3347000 	C:\Program Files\Android\Android Studio\jre\bin\VCRUNTIME140.dll
0x00007ff8f73a0000 - 0x00007ff8f753d000 	C:\Windows\System32\USER32.dll
0x00007ff8f6010000 - 0x00007ff8f6032000 	C:\Windows\System32\win32u.dll
0x00007ff8e3590000 - 0x00007ff8e382a000 	C:\Windows\WinSxS\amd64_microsoft.windows.common-controls_6595b64144ccf1df_6.0.19041.1110_none_60b5254171f9507e\COMCTL32.dll
0x00007ff8f8380000 - 0x00007ff8f83ac000 	C:\Windows\System32\GDI32.dll
0x00007ff8f80b0000 - 0x00007ff8f814e000 	C:\Windows\System32\msvcrt.dll
0x00007ff8f5df0000 - 0x00007ff8f5f05000 	C:\Windows\System32\gdi32full.dll
0x00007ff8f65a0000 - 0x00007ff8f663d000 	C:\Windows\System32\msvcp_win.dll
0x00007ff8f86a0000 - 0x00007ff8f86d0000 	C:\Windows\System32\IMM32.DLL
0x00007ff8dd110000 - 0x00007ff8dd1ad000 	C:\Program Files\Android\Android Studio\jre\bin\msvcp140.dll
0x00007ff8b0110000 - 0x00007ff8b0c12000 	C:\Program Files\Android\Android Studio\jre\bin\server\jvm.dll
0x00007ff8f72f0000 - 0x00007ff8f739f000 	C:\Windows\System32\ADVAPI32.dll
0x00007ff8f84e0000 - 0x00007ff8f857c000 	C:\Windows\System32\sechost.dll
0x00007ff8f83b0000 - 0x00007ff8f84d6000 	C:\Windows\System32\RPCRT4.dll
0x00007ff8f85e0000 - 0x00007ff8f85e8000 	C:\Windows\System32\PSAPI.DLL
0x00007ff8eedd0000 - 0x00007ff8eedd9000 	C:\Windows\SYSTEM32\WSOCK32.dll
0x00007ff8f7730000 - 0x00007ff8f779b000 	C:\Windows\System32\WS2_32.dll
0x00007ff8e3830000 - 0x00007ff8e383a000 	C:\Windows\SYSTEM32\VERSION.dll
0x00007ff8e2d20000 - 0x00007ff8e2d47000 	C:\Windows\SYSTEM32\WINMM.dll
0x00007ff8f3d20000 - 0x00007ff8f3d32000 	C:\Windows\SYSTEM32\kernel.appcore.dll
0x00007ff8eebc0000 - 0x00007ff8eebd1000 	C:\Program Files\Android\Android Studio\jre\bin\verify.dll
0x00007ff8e1860000 - 0x00007ff8e1a44000 	C:\Windows\SYSTEM32\DBGHELP.DLL
0x00007ff8e2600000 - 0x00007ff8e2634000 	C:\Windows\SYSTEM32\dbgcore.DLL
0x00007ff8f66b0000 - 0x00007ff8f6732000 	C:\Windows\System32\bcryptPrimitives.dll
0x00007ff8e59b0000 - 0x00007ff8e59d9000 	C:\Program Files\Android\Android Studio\jre\bin\java.dll
0x00007ff8eedc0000 - 0x00007ff8eedcb000 	C:\Program Files\Android\Android Studio\jre\bin\jimage.dll
0x00007ff8e58e0000 - 0x00007ff8e58f8000 	C:\Program Files\Android\Android Studio\jre\bin\zip.dll
0x00007ff8f6840000 - 0x00007ff8f6f84000 	C:\Windows\System32\SHELL32.dll
0x00007ff8f3e90000 - 0x00007ff8f4623000 	C:\Windows\SYSTEM32\windows.storage.dll
0x00007ff8f7d50000 - 0x00007ff8f80a4000 	C:\Windows\System32\combase.dll
0x00007ff8f5830000 - 0x00007ff8f585e000 	C:\Windows\SYSTEM32\Wldp.dll
0x00007ff8f8150000 - 0x00007ff8f81fd000 	C:\Windows\System32\SHCORE.dll
0x00007ff8f7540000 - 0x00007ff8f7595000 	C:\Windows\System32\shlwapi.dll
0x00007ff8f5d20000 - 0x00007ff8f5d45000 	C:\Windows\SYSTEM32\profapi.dll
0x00007ff8eec70000 - 0x00007ff8eec8a000 	C:\Program Files\Android\Android Studio\jre\bin\net.dll
0x00007ff8e98c0000 - 0x00007ff8e99ca000 	C:\Windows\SYSTEM32\WINHTTP.dll
0x00007ff8f5590000 - 0x00007ff8f55fa000 	C:\Windows\system32\mswsock.dll
0x00007ff8eec50000 - 0x00007ff8eec64000 	C:\Program Files\Android\Android Studio\jre\bin\nio.dll
0x00007ff8eede0000 - 0x00007ff8eee07000 	C:\Users\hp\.gradle\native\e1d6ef7f7dcc3fd88c89a11ec53ec762bb8ba0a96d01ffa2cd45eb1d1d8dd5c5\windows-amd64\native-platform.dll
0x00007ff8c6360000 - 0x00007ff8c64a4000 	C:\Users\hp\.gradle\native\0d407fdbe67a94daf76414ababcb853783967236a71b16ec16e742cd7a986fd3\windows-amd64\native-platform-file-events.dll
0x00007ff8eec40000 - 0x00007ff8eec4a000 	C:\Program Files\Android\Android Studio\jre\bin\management.dll
0x00007ff8eec30000 - 0x00007ff8eec3d000 	C:\Program Files\Android\Android Studio\jre\bin\management_ext.dll
0x00007ff8f5780000 - 0x00007ff8f5798000 	C:\Windows\SYSTEM32\CRYPTSP.dll
0x00007ff8f4e30000 - 0x00007ff8f4e64000 	C:\Windows\system32\rsaenh.dll
0x00007ff8f6740000 - 0x00007ff8f6767000 	C:\Windows\System32\bcrypt.dll
0x00007ff8f5ca0000 - 0x00007ff8f5cce000 	C:\Windows\SYSTEM32\USERENV.dll
0x00007ff8f57a0000 - 0x00007ff8f57ac000 	C:\Windows\SYSTEM32\CRYPTBASE.dll
0x00007ff8f5230000 - 0x00007ff8f526b000 	C:\Windows\SYSTEM32\IPHLPAPI.DLL
0x00007ff8f8370000 - 0x00007ff8f8378000 	C:\Windows\System32\NSI.dll
0x00007ff8ebd80000 - 0x00007ff8ebd97000 	C:\Windows\SYSTEM32\dhcpcsvc6.DLL
0x00007ff8ebd60000 - 0x00007ff8ebd7d000 	C:\Windows\SYSTEM32\dhcpcsvc.DLL
0x00007ff8f5270000 - 0x00007ff8f533a000 	C:\Windows\SYSTEM32\DNSAPI.dll
0x00007ff8e0830000 - 0x00007ff8e0857000 	C:\Program Files\Android\Android Studio\jre\bin\sunec.dll
0x00007ff8edb20000 - 0x00007ff8edb2a000 	C:\Windows\System32\rasadhlp.dll
0x00007ff8e6060000 - 0x00007ff8e60e2000 	C:\Windows\System32\fwpuclnt.dll

dbghelp: loaded successfully - version: 4.0.5 - missing functions: none
symbol engine: initialized successfully - sym options: 0x614 - pdb path: .;C:\Program Files\Android\Android Studio\jre\bin;C:\Windows\SYSTEM32;C:\Windows\WinSxS\amd64_microsoft.windows.common-controls_6595b64144ccf1df_6.0.19041.1110_none_60b5254171f9507e;C:\Program Files\Android\Android Studio\jre\bin\server;C:\Users\hp\.gradle\native\e1d6ef7f7dcc3fd88c89a11ec53ec762bb8ba0a96d01ffa2cd45eb1d1d8dd5c5\windows-amd64;C:\Users\hp\.gradle\native\0d407fdbe67a94daf76414ababcb853783967236a71b16ec16e742cd7a986fd3\windows-amd64

VM Arguments:
jvm_args: --add-opens=java.base/java.util=ALL-UNNAMED --add-opens=java.base/java.lang=ALL-UNNAMED --add-opens=java.base/java.lang.invoke=ALL-UNNAMED --add-opens=java.base/java.util=ALL-UNNAMED --add-opens=java.prefs/java.util.prefs=ALL-UNNAMED --add-opens=java.prefs/java.util.prefs=ALL-UNNAMED --add-opens=java.base/java.nio.charset=ALL-UNNAMED --add-opens=java.base/java.net=ALL-UNNAMED --add-opens=java.base/java.util.concurrent.atomic=ALL-UNNAMED -Xmx2048m -Dfile.encoding=UTF-8 -Duser.country=US -Duser.language=en -Duser.variant 
java_command: org.gradle.launcher.daemon.bootstrap.GradleDaemon 7.4
java_class_path (initial): C:\Users\hp\.gradle\wrapper\dists\gradle-7.4-bin\c0gwcg53nkjbqw7r0h0umtfvt\gradle-7.4\lib\gradle-launcher-7.4.jar
Launcher Type: SUN_STANDARD

[Global flags]
     intx CICompilerCount                          = 3                                         {product} {ergonomic}
     uint ConcGCThreads                            = 1                                         {product} {ergonomic}
     uint G1ConcRefinementThreads                  = 4                                         {product} {ergonomic}
   size_t G1HeapRegionSize                         = 1048576                                   {product} {ergonomic}
    uintx GCDrainStackTargetSize                   = 64                                        {product} {ergonomic}
   size_t InitialHeapSize                          = 134217728                                 {product} {ergonomic}
   size_t MarkStackSize                            = 4194304                                   {product} {ergonomic}
   size_t MaxHeapSize                              = 2147483648                                {product} {command line}
   size_t MaxNewSize                               = 1287651328                                {product} {ergonomic}
   size_t MinHeapDeltaBytes                        = 1048576                                   {product} {ergonomic}
    uintx NonNMethodCodeHeapSize                   = 5830732                                {pd product} {ergonomic}
    uintx NonProfiledCodeHeapSize                  = 122913754                              {pd product} {ergonomic}
    uintx ProfiledCodeHeapSize                     = 122913754                              {pd product} {ergonomic}
    uintx ReservedCodeCacheSize                    = 251658240                              {pd product} {ergonomic}
     bool SegmentedCodeCache                       = true                                      {product} {ergonomic}
     bool UseCompressedClassPointers               = true                                 {lp64_product} {ergonomic}
     bool UseCompressedOops                        = true                                 {lp64_product} {ergonomic}
     bool UseG1GC                                  = true                                      {product} {ergonomic}
     bool UseLargePagesIndividualAllocation        = false                                  {pd product} {ergonomic}

Logging:
Log output configuration:
 #0: stdout all=warning uptime,level,tags
 #1: stderr all=off uptime,level,tags

Environment Variables:
PATH=C:\Program Files (x86)\VMware\VMware Workstation\bin\;C:\Program Files (x86)\NVIDIA Corporation\PhysX\Common;C:\Windows\system32;C:\Windows;C:\Windows\System32\Wbem;C:\Windows\System32\WindowsPowerShell\v1.0\;C:\Windows\System32\OpenSSH\;C:\Users\hp\Documents\Java\jdk1.8.0_111\bin;c:\Program Files (x86)\Microsoft SQL Server\90\Tools\binn\;C:\Program Files\dotnet\;C:\Program Files\Microsoft SQL Server\150\Tools\Binn\;C:\Program Files\Microsoft SQL Server\Client SDK\ODBC\170\Tools\Binn\;C:\Program Files\Git\cmd;C:\Program Files\nodejs\;C:\ProgramData\chocolatey\bin;C:\Users\hp\AppData\Local\Programs\Python\Python310\Scripts\;C:\Users\hp\AppData\Local\Programs\Python\Python310\;C:\Users\hp\AppData\Local\Programs\Python\Launcher\;C:\Users\hp\AppData\Local\Microsoft\WindowsApps;C:\Program Files\Java\jdk1.8.0_111\bin;;C:\Program Files\JetBrains\PyCharm Community Edition 2022.3.1\bin;;C:\Users\hp\.dotnet\tools;C:\Users\hp\AppData\Roaming\npm;C:\Users\hp\AppData\Local\Programs\Microsoft VS Code\bin
USERNAME=hp
OS=Windows_NT
PROCESSOR_IDENTIFIER=Intel64 Family 6 Model 69 Stepping 1, GenuineIntel



---------------  S Y S T E M  ---------------

OS: Windows 10 , 64 bit Build 19041 (10.0.19041.3155)
OS uptime: 0 days 14:53 hours

CPU:total 4 (initial active 4) (2 cores per cpu, 2 threads per core) family 6 model 69 stepping 1 microcode 0x25, cmov, cx8, fxsr, mmx, sse, sse2, sse3, ssse3, sse4.1, sse4.2, popcnt, avx, avx2, aes, clmul, erms, lzcnt, ht, tsc, tscinvbit, bmi1, bmi2, fma

Memory: 4k page, system-wide physical 8089M (2285M free)
TotalPageFile size 10949M (AvailPageFile size 0M)
current process WorkingSet (physical memory assigned to process): 441M, peak: 449M
current process commit charge ("private bytes"): 468M, peak: 475M

vm_info: OpenJDK 64-Bit Server VM (11.0.13+0-b1751.21-8125866) for windows-amd64 JRE (11.0.13+0-b1751.21-8125866), built on Feb  2 2022 03:00:22 by "builder" with MS VC++ 14.0 (VS2015)

END.
