#
# There is insufficient memory for the Java Runtime Environment to continue.
# Native memory allocation (malloc) failed to allocate 1788336 bytes for Chunk::new
# Possible reasons:
#   The system is out of physical RAM or swap space
#   The process is running with CompressedOops enabled, and the Java Heap may be blocking the growth of the native heap
# Possible solutions:
#   Reduce memory load on the system
#   Increase physical memory or swap space
#   Check if swap backing store is full
#   Decrease Java heap size (-Xmx/-Xms)
#   Decrease number of Java threads
#   Decrease Java thread stack sizes (-Xss)
#   Set larger code cache with -XX:ReservedCodeCacheSize=
#   JVM is running with Unscaled Compressed Oops mode in which the Java heap is
#     placed in the first 4GB address space. The Java Heap base address is the
#     maximum limit for the native heap growth. Please use -XX:HeapBaseMinAddress
#     to set the Java Heap base and to place the Java Heap above 4GB virtual address.
# This output file may be truncated or incomplete.
#
#  Out of Memory Error (./src/hotspot/share/memory/arena.cpp:197), pid=11924, tid=4524
#
# JRE version: OpenJDK Runtime Environment (11.0.13) (build 11.0.13+0-b1751.21-8125866)
# Java VM: OpenJDK 64-Bit Server VM (11.0.13+0-b1751.21-8125866, mixed mode, tiered, compressed oops, g1 gc, windows-amd64)
# No core dump will be written. Minidumps are not enabled by default on client versions of Windows
#

---------------  S U M M A R Y ------------

Command Line: --add-opens=java.base/java.util=ALL-UNNAMED --add-opens=java.base/java.lang=ALL-UNNAMED --add-opens=java.base/java.lang.invoke=ALL-UNNAMED --add-opens=java.base/java.util=ALL-UNNAMED --add-opens=java.prefs/java.util.prefs=ALL-UNNAMED --add-opens=java.prefs/java.util.prefs=ALL-UNNAMED --add-opens=java.base/java.nio.charset=ALL-UNNAMED --add-opens=java.base/java.net=ALL-UNNAMED --add-opens=java.base/java.util.concurrent.atomic=ALL-UNNAMED -Xmx2048m -Dfile.encoding=UTF-8 -Duser.country=US -Duser.language=en -Duser.variant org.gradle.launcher.daemon.bootstrap.GradleDaemon 7.5

Host: Intel(R) Core(TM) i5-4300U CPU @ 1.90GHz, 4 cores, 7G,  Windows 10 , 64 bit Build 19041 (10.0.19041.3155)
Time: Thu Aug 24 19:32:22 2023 E. Africa Standard Time elapsed time: 105.043533 seconds (0d 0h 1m 45s)

---------------  T H R E A D  ---------------

Current thread (0x000002a22bd32000):  JavaThread "C2 CompilerThread0" daemon [_thread_in_native, id=4524, stack(0x000000d6a5200000,0x000000d6a5300000)]


Current CompileTask:
C2: 105043 13151       4       org.gradle.tooling.internal.adapter.ProtocolToModelAdapter$SupportedPropertyInvoker::invoke (154 bytes)

Stack: [0x000000d6a5200000,0x000000d6a5300000]
Native frames: (J=compiled Java code, j=interpreted, Vv=VM code, C=native code)
V  [jvm.dll+0x6100fa]
V  [jvm.dll+0x747090]
V  [jvm.dll+0x7486ad]
V  [jvm.dll+0x748d83]
V  [jvm.dll+0x24ab48]
V  [jvm.dll+0xc04dc]
V  [jvm.dll+0xc0a0c]
V  [jvm.dll+0x35eb9d]
V  [jvm.dll+0x19d7bc]
V  [jvm.dll+0x2033be]
V  [jvm.dll+0x202437]
V  [jvm.dll+0x188e01]
V  [jvm.dll+0x21106b]
V  [jvm.dll+0x20f8c1]
V  [jvm.dll+0x70de0f]
V  [jvm.dll+0x706a75]
V  [jvm.dll+0x60ed66]
C  [ucrtbase.dll+0x21bb2]
C  [KERNEL32.DLL+0x17614]
C  [ntdll.dll+0x526b1]


---------------  P R O C E S S  ---------------

Threads class SMR info:
_java_thread_list=0x000002a232a34320, length=84, elements={
0x000002a21210f800, 0x000002a22bd0e800, 0x000002a22bd12800, 0x000002a22c6a2800,
0x000002a22bd2c800, 0x000002a22bd2f000, 0x000002a22bd32000, 0x000002a22bd37000,
0x000002a22bd3b000, 0x000002a22c7de800, 0x000002a22e79f800, 0x000002a22eaab800,
0x000002a22d641800, 0x000002a22de1a800, 0x000002a22f0de000, 0x000002a22f95e800,
0x000002a22dee3800, 0x000002a22de40800, 0x000002a22ebb6800, 0x000002a22cb82000,
0x000002a22cb83000, 0x000002a22cb80800, 0x000002a22cb84800, 0x000002a22cb87000,
0x000002a22cb81800, 0x000002a22cb83800, 0x000002a22cb85800, 0x000002a22cb86000,
0x000002a22e170800, 0x000002a22e174800, 0x000002a22e175000, 0x000002a22e172000,
0x000002a22e16f800, 0x000002a22e176000, 0x000002a22e173800, 0x000002a22e178800,
0x000002a22e172800, 0x000002a22e17c800, 0x000002a22e17b000, 0x000002a22e17b800,
0x000002a22e179000, 0x000002a22e17d800, 0x000002a22e17e000, 0x000002a22e17a000,
0x000002a22d57b800, 0x000002a22d57a000, 0x000002a22d57d000, 0x000002a22d580800,
0x000002a22d57f800, 0x000002a22d57c000, 0x000002a22d57a800, 0x000002a22d57e000,
0x000002a22d57e800, 0x000002a22c8de800, 0x000002a22c8dc800, 0x000002a22c8d9000,
0x000002a22c8da800, 0x000002a22c8da000, 0x000002a22c8db800, 0x000002a22c8dd000,
0x000002a22c8de000, 0x000002a22c8df800, 0x000002a22fe2b800, 0x000002a22fe2a800,
0x000002a22fe2c800, 0x000002a22fe28800, 0x000002a22fe2a000, 0x000002a22fe2d000,
0x000002a22fe2e000, 0x000002a22fe2f000, 0x000002a22fe29000, 0x000002a22fe33000,
0x000002a22fe32000, 0x000002a22fe2f800, 0x000002a22fe34800, 0x000002a22fe36000,
0x000002a22fe30800, 0x000002a22fe35800, 0x000002a22fe33800, 0x000002a22fe37000,
0x000002a22fe31800, 0x000002a233094000, 0x000002a233095000, 0x000002a233204800
}

Java Threads: ( => current thread )
  0x000002a21210f800 JavaThread "main" [_thread_blocked, id=11072, stack(0x000000d6a4600000,0x000000d6a4700000)]
  0x000002a22bd0e800 JavaThread "Reference Handler" daemon [_thread_blocked, id=2840, stack(0x000000d6a4d00000,0x000000d6a4e00000)]
  0x000002a22bd12800 JavaThread "Finalizer" daemon [_thread_blocked, id=11952, stack(0x000000d6a4e00000,0x000000d6a4f00000)]
  0x000002a22c6a2800 JavaThread "Signal Dispatcher" daemon [_thread_blocked, id=4612, stack(0x000000d6a4f00000,0x000000d6a5000000)]
  0x000002a22bd2c800 JavaThread "Attach Listener" daemon [_thread_blocked, id=10220, stack(0x000000d6a5000000,0x000000d6a5100000)]
  0x000002a22bd2f000 JavaThread "Service Thread" daemon [_thread_blocked, id=4064, stack(0x000000d6a5100000,0x000000d6a5200000)]
=>0x000002a22bd32000 JavaThread "C2 CompilerThread0" daemon [_thread_in_native, id=4524, stack(0x000000d6a5200000,0x000000d6a5300000)]
  0x000002a22bd37000 JavaThread "C1 CompilerThread0" daemon [_thread_blocked, id=3660, stack(0x000000d6a5300000,0x000000d6a5400000)]
  0x000002a22bd3b000 JavaThread "Sweeper thread" daemon [_thread_blocked, id=6740, stack(0x000000d6a5400000,0x000000d6a5500000)]
  0x000002a22c7de800 JavaThread "Common-Cleaner" daemon [_thread_blocked, id=7792, stack(0x000000d6a5500000,0x000000d6a5600000)]
  0x000002a22e79f800 JavaThread "Daemon health stats" [_thread_blocked, id=4512, stack(0x000000d6a5700000,0x000000d6a5800000)]
  0x000002a22eaab800 JavaThread "Incoming local TCP Connector on port 11780" [_thread_in_native, id=10012, stack(0x000000d6a5a00000,0x000000d6a5b00000)]
  0x000002a22d641800 JavaThread "Daemon periodic checks" [_thread_blocked, id=9692, stack(0x000000d6a5b00000,0x000000d6a5c00000)]
  0x000002a22de1a800 JavaThread "Daemon" [_thread_blocked, id=8172, stack(0x000000d6a5c00000,0x000000d6a5d00000)]
  0x000002a22f0de000 JavaThread "Handler for socket connection from /127.0.0.1:11780 to /127.0.0.1:11781" [_thread_in_native, id=10772, stack(0x000000d6a5d00000,0x000000d6a5e00000)]
  0x000002a22f95e800 JavaThread "Cancel handler" [_thread_blocked, id=9736, stack(0x000000d6a5e00000,0x000000d6a5f00000)]
  0x000002a22dee3800 JavaThread "Daemon worker" [_thread_in_native, id=10424, stack(0x000000d6a5f00000,0x000000d6a6000000)]
  0x000002a22de40800 JavaThread "Asynchronous log dispatcher for DefaultDaemonConnection: socket connection from /127.0.0.1:11780 to /127.0.0.1:11781" [_thread_blocked, id=616, stack(0x000000d6a6000000,0x000000d6a6100000)]
  0x000002a22ebb6800 JavaThread "Daemon client event forwarder" [_thread_blocked, id=6968, stack(0x000000d6a6200000,0x000000d6a6300000)]
  0x000002a22cb82000 JavaThread "Cache worker for journal cache (C:\Users\hp\.gradle\caches\journal-1)" [_thread_blocked, id=4928, stack(0x000000d6a6300000,0x000000d6a6400000)]
  0x000002a22cb83000 JavaThread "File lock request listener" [_thread_in_native, id=5976, stack(0x000000d6a6400000,0x000000d6a6500000)]
  0x000002a22cb80800 JavaThread "Cache worker for file hash cache (C:\Users\hp\.gradle\caches\7.5\fileHashes)" [_thread_blocked, id=6424, stack(0x000000d6a6600000,0x000000d6a6700000)]
  0x000002a22cb84800 JavaThread "File watcher server" daemon [_thread_in_native, id=11904, stack(0x000000d6a6700000,0x000000d6a6800000)]
  0x000002a22cb87000 JavaThread "File watcher consumer" daemon [_thread_blocked, id=12116, stack(0x000000d6a6800000,0x000000d6a6900000)]
  0x000002a22cb81800 JavaThread "jar transforms" [_thread_blocked, id=7460, stack(0x000000d6a6900000,0x000000d6a6a00000)]
  0x000002a22cb83800 JavaThread "jar transforms Thread 2" [_thread_blocked, id=7324, stack(0x000000d6a6a00000,0x000000d6a6b00000)]
  0x000002a22cb85800 JavaThread "jar transforms Thread 3" [_thread_blocked, id=2940, stack(0x000000d6a6b00000,0x000000d6a6c00000)]
  0x000002a22cb86000 JavaThread "jar transforms Thread 4" [_thread_blocked, id=10664, stack(0x000000d6a6c00000,0x000000d6a6d00000)]
  0x000002a22e170800 JavaThread "Cache worker for checksums cache (C:\Users\hp\Desktop\eCommerceApp\.gradle\7.5\checksums)" [_thread_blocked, id=10852, stack(0x000000d6a6d00000,0x000000d6a6e00000)]
  0x000002a22e174800 JavaThread "Cache worker for cache directory md-rule (C:\Users\hp\.gradle\caches\7.5\md-rule)" [_thread_blocked, id=11928, stack(0x000000d6a6e00000,0x000000d6a6f00000)]
  0x000002a22e175000 JavaThread "Cache worker for file content cache (C:\Users\hp\.gradle\caches\7.5\fileContent)" [_thread_blocked, id=11944, stack(0x000000d6a6f00000,0x000000d6a7000000)]
  0x000002a22e172000 JavaThread "Cache worker for file hash cache (C:\Users\hp\Desktop\eCommerceApp\.gradle\7.5\fileHashes)" [_thread_blocked, id=10680, stack(0x000000d6a7000000,0x000000d6a7100000)]
  0x000002a22e16f800 JavaThread "Cache worker for cache directory md-supplier (C:\Users\hp\.gradle\caches\7.5\md-supplier)" [_thread_blocked, id=3304, stack(0x000000d6a7100000,0x000000d6a7200000)]
  0x000002a22e176000 JavaThread "Cache worker for execution history cache (C:\Users\hp\.gradle\caches\7.5\executionHistory)" [_thread_blocked, id=11472, stack(0x000000d6a7200000,0x000000d6a7300000)]
  0x000002a22e173800 JavaThread "Cache worker for dependencies-accessors (C:\Users\hp\Desktop\eCommerceApp\.gradle\7.5\dependencies-accessors)" [_thread_blocked, id=4696, stack(0x000000d6a7400000,0x000000d6a7500000)]
  0x000002a22e178800 JavaThread "Cache worker for Build Output Cleanup Cache (C:\Users\hp\Desktop\eCommerceApp\.gradle\buildOutputCleanup)" [_thread_blocked, id=2300, stack(0x000000d6a7700000,0x000000d6a7800000)]
  0x000002a22e172800 JavaThread "Unconstrained build operations" [_thread_blocked, id=10184, stack(0x000000d6a7300000,0x000000d6a7400000)]
  0x000002a22e17c800 JavaThread "Unconstrained build operations Thread 2" [_thread_blocked, id=9624, stack(0x000000d6a7800000,0x000000d6a7900000)]
  0x000002a22e17b000 JavaThread "Unconstrained build operations Thread 3" [_thread_blocked, id=12152, stack(0x000000d6a7900000,0x000000d6a7a00000)]
  0x000002a22e17b800 JavaThread "Unconstrained build operations Thread 4" [_thread_blocked, id=10648, stack(0x000000d6a7a00000,0x000000d6a7b00000)]
  0x000002a22e179000 JavaThread "Unconstrained build operations Thread 5" [_thread_blocked, id=3136, stack(0x000000d6a7b00000,0x000000d6a7c00000)]
  0x000002a22e17d800 JavaThread "Unconstrained build operations Thread 6" [_thread_blocked, id=12040, stack(0x000000d6a7c00000,0x000000d6a7d00000)]
  0x000002a22e17e000 JavaThread "Unconstrained build operations Thread 7" [_thread_blocked, id=9940, stack(0x000000d6a7d00000,0x000000d6a7e00000)]
  0x000002a22e17a000 JavaThread "Unconstrained build operations Thread 8" [_thread_blocked, id=3116, stack(0x000000d6a7e00000,0x000000d6a7f00000)]
  0x000002a22d57b800 JavaThread "Unconstrained build operations Thread 9" [_thread_blocked, id=9680, stack(0x000000d6a7f00000,0x000000d6a8000000)]
  0x000002a22d57a000 JavaThread "Unconstrained build operations Thread 10" [_thread_blocked, id=8916, stack(0x000000d6a8000000,0x000000d6a8100000)]
  0x000002a22d57d000 JavaThread "Unconstrained build operations Thread 11" [_thread_blocked, id=1688, stack(0x000000d6a8100000,0x000000d6a8200000)]
  0x000002a22d580800 JavaThread "Unconstrained build operations Thread 12" [_thread_blocked, id=6224, stack(0x000000d6a8200000,0x000000d6a8300000)]
  0x000002a22d57f800 JavaThread "Unconstrained build operations Thread 13" [_thread_blocked, id=3232, stack(0x000000d6a8300000,0x000000d6a8400000)]
  0x000002a22d57c000 JavaThread "Unconstrained build operations Thread 14" [_thread_blocked, id=6480, stack(0x000000d6a8400000,0x000000d6a8500000)]
  0x000002a22d57a800 JavaThread "Unconstrained build operations Thread 15" [_thread_blocked, id=9508, stack(0x000000d6a8500000,0x000000d6a8600000)]
  0x000002a22d57e000 JavaThread "Unconstrained build operations Thread 16" [_thread_blocked, id=6412, stack(0x000000d6a8600000,0x000000d6a8700000)]
  0x000002a22d57e800 JavaThread "Unconstrained build operations Thread 17" [_thread_blocked, id=1240, stack(0x000000d6a8700000,0x000000d6a8800000)]
  0x000002a22c8de800 JavaThread "Unconstrained build operations Thread 18" [_thread_blocked, id=4172, stack(0x000000d6a8800000,0x000000d6a8900000)]
  0x000002a22c8dc800 JavaThread "Unconstrained build operations Thread 19" [_thread_blocked, id=5200, stack(0x000000d6a8900000,0x000000d6a8a00000)]
  0x000002a22c8d9000 JavaThread "Unconstrained build operations Thread 20" [_thread_blocked, id=11812, stack(0x000000d6a8a00000,0x000000d6a8b00000)]
  0x000002a22c8da800 JavaThread "Unconstrained build operations Thread 21" [_thread_blocked, id=7488, stack(0x000000d6a8b00000,0x000000d6a8c00000)]
  0x000002a22c8da000 JavaThread "Unconstrained build operations Thread 22" [_thread_blocked, id=948, stack(0x000000d6a8c00000,0x000000d6a8d00000)]
  0x000002a22c8db800 JavaThread "Unconstrained build operations Thread 23" [_thread_blocked, id=4708, stack(0x000000d6a8d00000,0x000000d6a8e00000)]
  0x000002a22c8dd000 JavaThread "Unconstrained build operations Thread 24" [_thread_blocked, id=10720, stack(0x000000d6a8e00000,0x000000d6a8f00000)]
  0x000002a22c8de000 JavaThread "Unconstrained build operations Thread 25" [_thread_blocked, id=9084, stack(0x000000d6a8f00000,0x000000d6a9000000)]
  0x000002a22c8df800 JavaThread "Unconstrained build operations Thread 26" [_thread_blocked, id=5124, stack(0x000000d6a9000000,0x000000d6a9100000)]
  0x000002a22fe2b800 JavaThread "Unconstrained build operations Thread 27" [_thread_blocked, id=8268, stack(0x000000d6a9100000,0x000000d6a9200000)]
  0x000002a22fe2a800 JavaThread "Unconstrained build operations Thread 28" [_thread_blocked, id=10828, stack(0x000000d6a9200000,0x000000d6a9300000)]
  0x000002a22fe2c800 JavaThread "Unconstrained build operations Thread 29" [_thread_blocked, id=11828, stack(0x000000d6a9300000,0x000000d6a9400000)]
  0x000002a22fe28800 JavaThread "Unconstrained build operations Thread 30" [_thread_blocked, id=7056, stack(0x000000d6a9400000,0x000000d6a9500000)]
  0x000002a22fe2a000 JavaThread "Unconstrained build operations Thread 31" [_thread_blocked, id=2388, stack(0x000000d6a9500000,0x000000d6a9600000)]
  0x000002a22fe2d000 JavaThread "Unconstrained build operations Thread 32" [_thread_blocked, id=2104, stack(0x000000d6a9600000,0x000000d6a9700000)]
  0x000002a22fe2e000 JavaThread "Unconstrained build operations Thread 33" [_thread_blocked, id=9392, stack(0x000000d6a9700000,0x000000d6a9800000)]
  0x000002a22fe2f000 JavaThread "Unconstrained build operations Thread 34" [_thread_blocked, id=4564, stack(0x000000d6a9800000,0x000000d6a9900000)]
  0x000002a22fe29000 JavaThread "Unconstrained build operations Thread 35" [_thread_blocked, id=11048, stack(0x000000d6a9900000,0x000000d6a9a00000)]
  0x000002a22fe33000 JavaThread "Unconstrained build operations Thread 36" [_thread_blocked, id=6904, stack(0x000000d6a9a00000,0x000000d6a9b00000)]
  0x000002a22fe32000 JavaThread "Unconstrained build operations Thread 37" [_thread_blocked, id=8128, stack(0x000000d6a9b00000,0x000000d6a9c00000)]
  0x000002a22fe2f800 JavaThread "Unconstrained build operations Thread 38" [_thread_blocked, id=12284, stack(0x000000d6a9c00000,0x000000d6a9d00000)]
  0x000002a22fe34800 JavaThread "Unconstrained build operations Thread 39" [_thread_blocked, id=9952, stack(0x000000d6a9d00000,0x000000d6a9e00000)]
  0x000002a22fe36000 JavaThread "Unconstrained build operations Thread 40" [_thread_blocked, id=3644, stack(0x000000d6a9e00000,0x000000d6a9f00000)]
  0x000002a22fe30800 JavaThread "Memory manager" [_thread_blocked, id=11256, stack(0x000000d6a4300000,0x000000d6a4400000)]
  0x000002a22fe35800 JavaThread "pool-3-thread-1" [_thread_blocked, id=7760, stack(0x000000d6a4500000,0x000000d6a4600000)]
  0x000002a22fe33800 JavaThread "included builds" [_thread_blocked, id=8752, stack(0x000000d6a4400000,0x000000d6a4500000)]
  0x000002a22fe37000 JavaThread "Execution worker" [_thread_blocked, id=4212, stack(0x000000d6a6100000,0x000000d6a6200000)]
  0x000002a22fe31800 JavaThread "Execution worker Thread 2" [_thread_blocked, id=7744, stack(0x000000d6a9f00000,0x000000d6aa000000)]
  0x000002a233094000 JavaThread "Execution worker Thread 3" [_thread_blocked, id=8972, stack(0x000000d6aa000000,0x000000d6aa100000)]
  0x000002a233095000 JavaThread "Cache worker for execution history cache (C:\Users\hp\Desktop\eCommerceApp\.gradle\7.5\executionHistory)" [_thread_blocked, id=5808, stack(0x000000d6aa100000,0x000000d6aa200000)]
  0x000002a233204800 JavaThread "C2 CompilerThread1" daemon [_thread_in_native, id=1948, stack(0x000000d6aa200000,0x000000d6aa300000)]

Other Threads:
  0x000002a22bd0b800 VMThread "VM Thread" [stack: 0x000000d6a4c00000,0x000000d6a4d00000] [id=2324]
  0x000002a22c810000 WatcherThread [stack: 0x000000d6a5600000,0x000000d6a5700000] [id=7720]
  0x000002a212128000 GCTaskThread "GC Thread#0" [stack: 0x000000d6a4700000,0x000000d6a4800000] [id=8036]
  0x000002a22ca77000 GCTaskThread "GC Thread#1" [stack: 0x000000d6a5800000,0x000000d6a5900000] [id=7764]
  0x000002a22ca6c800 GCTaskThread "GC Thread#2" [stack: 0x000000d6a5900000,0x000000d6a5a00000] [id=10084]
  0x000002a22d7ed800 GCTaskThread "GC Thread#3" [stack: 0x000000d6a6500000,0x000000d6a6600000] [id=10036]
  0x000002a212159000 ConcurrentGCThread "G1 Main Marker" [stack: 0x000000d6a4800000,0x000000d6a4900000] [id=5264]
  0x000002a21215a000 ConcurrentGCThread "G1 Conc#0" [stack: 0x000000d6a4900000,0x000000d6a4a00000] [id=6056]
  0x000002a2121e8800 ConcurrentGCThread "G1 Refine#0" [stack: 0x000000d6a4a00000,0x000000d6a4b00000] [id=5308]
  0x000002a2121e9800 ConcurrentGCThread "G1 Young RemSet Sampling" [stack: 0x000000d6a4b00000,0x000000d6a4c00000] [id=9796]

Threads with active compile tasks:
C2 CompilerThread0 105511 13151       4       org.gradle.tooling.internal.adapter.ProtocolToModelAdapter$SupportedPropertyInvoker::invoke (154 bytes)
C2 CompilerThread1 105511 13149       4       org.gradle.tooling.internal.adapter.ProtocolToModelAdapter$InvocationHandlerImpl::invoke (176 bytes)

VM state:not at safepoint (normal execution)

VM Mutex/Monitor currently owned by a thread: None

Heap address: 0x0000000080000000, size: 2048 MB, Compressed Oops mode: 32-bit
Narrow klass base: 0x0000000000000000, Narrow klass shift: 3
Compressed class space size: 1073741824 Address: 0x0000000100000000

Heap:
 garbage-first heap   total 259072K, used 153845K [0x0000000080000000, 0x0000000100000000)
  region size 1024K, 10 young (10240K), 8 survivors (8192K)
 Metaspace       used 109297K, capacity 111970K, committed 112080K, reserved 1146880K
  class space    used 13887K, capacity 14865K, committed 14880K, reserved 1048576K
Heap Regions: E=young(eden), S=young(survivor), O=old, HS=humongous(starts), HC=humongous(continues), CS=collection set, F=free, A=archive, TAMS=top-at-mark-start (previous, next)
|   0|0x0000000080000000, 0x0000000080100000, 0x0000000080100000|100%|HS|  |TAMS 0x0000000080100000, 0x0000000080100000| Complete 
|   1|0x0000000080100000, 0x0000000080200000, 0x0000000080200000|100%|HC|  |TAMS 0x0000000080200000, 0x0000000080200000| Complete 
|   2|0x0000000080200000, 0x0000000080300000, 0x0000000080300000|100%|HC|  |TAMS 0x0000000080300000, 0x0000000080300000| Complete 
|   3|0x0000000080300000, 0x0000000080400000, 0x0000000080400000|100%| O|  |TAMS 0x0000000080400000, 0x0000000080400000| Untracked 
|   4|0x0000000080400000, 0x0000000080500000, 0x0000000080500000|100%| O|  |TAMS 0x0000000080500000, 0x0000000080500000| Untracked 
|   5|0x0000000080500000, 0x0000000080600000, 0x0000000080600000|100%| O|  |TAMS 0x0000000080600000, 0x0000000080600000| Untracked 
|   6|0x0000000080600000, 0x0000000080700000, 0x0000000080700000|100%| O|  |TAMS 0x0000000080700000, 0x0000000080700000| Untracked 
|   7|0x0000000080700000, 0x0000000080800000, 0x0000000080800000|100%| O|  |TAMS 0x0000000080800000, 0x0000000080800000| Untracked 
|   8|0x0000000080800000, 0x0000000080900000, 0x0000000080900000|100%| O|  |TAMS 0x0000000080900000, 0x0000000080900000| Untracked 
|   9|0x0000000080900000, 0x0000000080a00000, 0x0000000080a00000|100%| O|  |TAMS 0x0000000080a00000, 0x0000000080a00000| Untracked 
|  10|0x0000000080a00000, 0x0000000080b00000, 0x0000000080b00000|100%| O|  |TAMS 0x0000000080b00000, 0x0000000080b00000| Untracked 
|  11|0x0000000080b00000, 0x0000000080c00000, 0x0000000080c00000|100%| O|  |TAMS 0x0000000080c00000, 0x0000000080c00000| Untracked 
|  12|0x0000000080c00000, 0x0000000080d00000, 0x0000000080d00000|100%| O|  |TAMS 0x0000000080d00000, 0x0000000080d00000| Untracked 
|  13|0x0000000080d00000, 0x0000000080e00000, 0x0000000080e00000|100%| O|  |TAMS 0x0000000080e00000, 0x0000000080e00000| Untracked 
|  14|0x0000000080e00000, 0x0000000080f00000, 0x0000000080f00000|100%|HS|  |TAMS 0x0000000080f00000, 0x0000000080f00000| Complete 
|  15|0x0000000080f00000, 0x0000000081000000, 0x0000000081000000|100%|HC|  |TAMS 0x0000000081000000, 0x0000000081000000| Complete 
|  16|0x0000000081000000, 0x0000000081100000, 0x0000000081100000|100%|HS|  |TAMS 0x0000000081100000, 0x0000000081100000| Complete 
|  17|0x0000000081100000, 0x0000000081200000, 0x0000000081200000|100%|HC|  |TAMS 0x0000000081200000, 0x0000000081200000| Complete 
|  18|0x0000000081200000, 0x0000000081300000, 0x0000000081300000|100%|HC|  |TAMS 0x0000000081300000, 0x0000000081300000| Complete 
|  19|0x0000000081300000, 0x0000000081400000, 0x0000000081400000|100%|HS|  |TAMS 0x0000000081400000, 0x0000000081400000| Complete 
|  20|0x0000000081400000, 0x0000000081500000, 0x0000000081500000|100%|HS|  |TAMS 0x0000000081500000, 0x0000000081500000| Complete 
|  21|0x0000000081500000, 0x0000000081600000, 0x0000000081600000|100%|HC|  |TAMS 0x0000000081600000, 0x0000000081600000| Complete 
|  22|0x0000000081600000, 0x0000000081700000, 0x0000000081700000|100%|HS|  |TAMS 0x0000000081700000, 0x0000000081700000| Complete 
|  23|0x0000000081700000, 0x0000000081800000, 0x0000000081800000|100%|HC|  |TAMS 0x0000000081800000, 0x0000000081800000| Complete 
|  24|0x0000000081800000, 0x0000000081900000, 0x0000000081900000|100%|HC|  |TAMS 0x0000000081900000, 0x0000000081900000| Complete 
|  25|0x0000000081900000, 0x0000000081a00000, 0x0000000081a00000|100%|HS|  |TAMS 0x0000000081a00000, 0x0000000081a00000| Complete 
|  26|0x0000000081a00000, 0x0000000081b00000, 0x0000000081b00000|100%|HC|  |TAMS 0x0000000081b00000, 0x0000000081b00000| Complete 
|  27|0x0000000081b00000, 0x0000000081c00000, 0x0000000081c00000|100%|HC|  |TAMS 0x0000000081c00000, 0x0000000081c00000| Complete 
|  28|0x0000000081c00000, 0x0000000081d00000, 0x0000000081d00000|100%|HS|  |TAMS 0x0000000081d00000, 0x0000000081d00000| Complete 
|  29|0x0000000081d00000, 0x0000000081e00000, 0x0000000081e00000|100%|HC|  |TAMS 0x0000000081e00000, 0x0000000081e00000| Complete 
|  30|0x0000000081e00000, 0x0000000081f00000, 0x0000000081f00000|100%|HC|  |TAMS 0x0000000081f00000, 0x0000000081f00000| Complete 
|  31|0x0000000081f00000, 0x0000000082000000, 0x0000000082000000|100%|HC|  |TAMS 0x0000000082000000, 0x0000000082000000| Complete 
|  32|0x0000000082000000, 0x0000000082100000, 0x0000000082100000|100%|HC|  |TAMS 0x0000000082100000, 0x0000000082100000| Complete 
|  33|0x0000000082100000, 0x0000000082200000, 0x0000000082200000|100%| O|  |TAMS 0x0000000082200000, 0x0000000082200000| Untracked 
|  34|0x0000000082200000, 0x0000000082300000, 0x0000000082300000|100%| O|  |TAMS 0x0000000082300000, 0x0000000082300000| Untracked 
|  35|0x0000000082300000, 0x0000000082400000, 0x0000000082400000|100%| O|  |TAMS 0x0000000082400000, 0x0000000082400000| Untracked 
|  36|0x0000000082400000, 0x0000000082500000, 0x0000000082500000|100%| O|  |TAMS 0x0000000082500000, 0x0000000082500000| Untracked 
|  37|0x0000000082500000, 0x0000000082600000, 0x0000000082600000|100%| O|  |TAMS 0x0000000082600000, 0x0000000082600000| Untracked 
|  38|0x0000000082600000, 0x0000000082700000, 0x0000000082700000|100%| O|  |TAMS 0x0000000082700000, 0x0000000082700000| Untracked 
|  39|0x0000000082700000, 0x0000000082800000, 0x0000000082800000|100%| O|  |TAMS 0x0000000082800000, 0x0000000082800000| Untracked 
|  40|0x0000000082800000, 0x0000000082900000, 0x0000000082900000|100%| O|  |TAMS 0x0000000082900000, 0x0000000082900000| Untracked 
|  41|0x0000000082900000, 0x0000000082a00000, 0x0000000082a00000|100%| O|  |TAMS 0x0000000082a00000, 0x0000000082a00000| Untracked 
|  42|0x0000000082a00000, 0x0000000082b00000, 0x0000000082b00000|100%| O|  |TAMS 0x0000000082b00000, 0x0000000082b00000| Untracked 
|  43|0x0000000082b00000, 0x0000000082c00000, 0x0000000082c00000|100%|HS|  |TAMS 0x0000000082c00000, 0x0000000082c00000| Complete 
|  44|0x0000000082c00000, 0x0000000082d00000, 0x0000000082d00000|100%|HC|  |TAMS 0x0000000082d00000, 0x0000000082d00000| Complete 
|  45|0x0000000082d00000, 0x0000000082e00000, 0x0000000082e00000|100%|HC|  |TAMS 0x0000000082e00000, 0x0000000082e00000| Complete 
|  46|0x0000000082e00000, 0x0000000082f00000, 0x0000000082f00000|100%|HC|  |TAMS 0x0000000082f00000, 0x0000000082f00000| Complete 
|  47|0x0000000082f00000, 0x0000000083000000, 0x0000000083000000|100%|HS|  |TAMS 0x0000000083000000, 0x0000000083000000| Complete 
|  48|0x0000000083000000, 0x0000000083100000, 0x0000000083100000|100%|HC|  |TAMS 0x0000000083100000, 0x0000000083100000| Complete 
|  49|0x0000000083100000, 0x0000000083200000, 0x0000000083200000|100%|HC|  |TAMS 0x0000000083200000, 0x0000000083200000| Complete 
|  50|0x0000000083200000, 0x0000000083300000, 0x0000000083300000|100%|HS|  |TAMS 0x0000000083300000, 0x0000000083300000| Complete 
|  51|0x0000000083300000, 0x0000000083400000, 0x0000000083400000|100%|HC|  |TAMS 0x0000000083400000, 0x0000000083400000| Complete 
|  52|0x0000000083400000, 0x0000000083500000, 0x0000000083500000|100%| O|  |TAMS 0x0000000083500000, 0x0000000083500000| Untracked 
|  53|0x0000000083500000, 0x0000000083600000, 0x0000000083600000|100%| O|  |TAMS 0x0000000083600000, 0x0000000083600000| Untracked 
|  54|0x0000000083600000, 0x0000000083700000, 0x0000000083700000|100%| O|  |TAMS 0x0000000083700000, 0x0000000083700000| Untracked 
|  55|0x0000000083700000, 0x0000000083800000, 0x0000000083800000|100%|HS|  |TAMS 0x0000000083800000, 0x0000000083800000| Complete 
|  56|0x0000000083800000, 0x0000000083900000, 0x0000000083900000|100%|HC|  |TAMS 0x0000000083900000, 0x0000000083900000| Complete 
|  57|0x0000000083900000, 0x0000000083a00000, 0x0000000083a00000|100%|HC|  |TAMS 0x0000000083a00000, 0x0000000083a00000| Complete 
|  58|0x0000000083a00000, 0x0000000083b00000, 0x0000000083b00000|100%| O|  |TAMS 0x0000000083b00000, 0x0000000083b00000| Untracked 
|  59|0x0000000083b00000, 0x0000000083c00000, 0x0000000083c00000|100%| O|  |TAMS 0x0000000083c00000, 0x0000000083c00000| Untracked 
|  60|0x0000000083c00000, 0x0000000083d00000, 0x0000000083d00000|100%| O|  |TAMS 0x0000000083d00000, 0x0000000083d00000| Untracked 
|  61|0x0000000083d00000, 0x0000000083e00000, 0x0000000083e00000|100%| O|  |TAMS 0x0000000083e00000, 0x0000000083e00000| Untracked 
|  62|0x0000000083e00000, 0x0000000083f00000, 0x0000000083f00000|100%| O|  |TAMS 0x0000000083f00000, 0x0000000083f00000| Untracked 
|  63|0x0000000083f00000, 0x0000000084000000, 0x0000000084000000|100%| O|  |TAMS 0x0000000084000000, 0x0000000084000000| Untracked 
|  64|0x0000000084000000, 0x0000000084100000, 0x0000000084100000|100%| O|  |TAMS 0x0000000084100000, 0x0000000084100000| Untracked 
|  65|0x0000000084100000, 0x0000000084200000, 0x0000000084200000|100%| O|  |TAMS 0x0000000084200000, 0x0000000084200000| Untracked 
|  66|0x0000000084200000, 0x0000000084300000, 0x0000000084300000|100%| O|  |TAMS 0x0000000084300000, 0x0000000084300000| Untracked 
|  67|0x0000000084300000, 0x0000000084400000, 0x0000000084400000|100%| O|  |TAMS 0x0000000084400000, 0x0000000084400000| Untracked 
|  68|0x0000000084400000, 0x0000000084500000, 0x0000000084500000|100%| O|  |TAMS 0x0000000084500000, 0x0000000084500000| Untracked 
|  69|0x0000000084500000, 0x0000000084600000, 0x0000000084600000|100%| O|  |TAMS 0x0000000084600000, 0x0000000084600000| Untracked 
|  70|0x0000000084600000, 0x0000000084700000, 0x0000000084700000|100%|HS|  |TAMS 0x0000000084700000, 0x0000000084700000| Complete 
|  71|0x0000000084700000, 0x0000000084800000, 0x0000000084800000|100%|HC|  |TAMS 0x0000000084800000, 0x0000000084800000| Complete 
|  72|0x0000000084800000, 0x0000000084900000, 0x0000000084900000|100%|HC|  |TAMS 0x0000000084900000, 0x0000000084900000| Complete 
|  73|0x0000000084900000, 0x0000000084a00000, 0x0000000084a00000|100%|HC|  |TAMS 0x0000000084a00000, 0x0000000084a00000| Complete 
|  74|0x0000000084a00000, 0x0000000084b00000, 0x0000000084b00000|100%|HC|  |TAMS 0x0000000084b00000, 0x0000000084b00000| Complete 
|  75|0x0000000084b00000, 0x0000000084c00000, 0x0000000084c00000|100%| O|  |TAMS 0x0000000084c00000, 0x0000000084c00000| Untracked 
|  76|0x0000000084c00000, 0x0000000084d00000, 0x0000000084d00000|100%| O|  |TAMS 0x0000000084d00000, 0x0000000084d00000| Untracked 
|  77|0x0000000084d00000, 0x0000000084e00000, 0x0000000084e00000|100%| O|  |TAMS 0x0000000084e00000, 0x0000000084e00000| Untracked 
|  78|0x0000000084e00000, 0x0000000084f00000, 0x0000000084f00000|100%| O|  |TAMS 0x0000000084f00000, 0x0000000084f00000| Untracked 
|  79|0x0000000084f00000, 0x0000000085000000, 0x0000000085000000|100%| O|  |TAMS 0x0000000085000000, 0x0000000085000000| Untracked 
|  80|0x0000000085000000, 0x0000000085100000, 0x0000000085100000|100%| O|  |TAMS 0x0000000085100000, 0x0000000085100000| Untracked 
|  81|0x0000000085100000, 0x0000000085200000, 0x0000000085200000|100%|HS|  |TAMS 0x0000000085200000, 0x0000000085200000| Complete 
|  82|0x0000000085200000, 0x0000000085300000, 0x0000000085300000|100%|HS|  |TAMS 0x0000000085300000, 0x0000000085300000| Complete 
|  83|0x0000000085300000, 0x0000000085400000, 0x0000000085400000|100%| O|  |TAMS 0x0000000085400000, 0x0000000085400000| Untracked 
|  84|0x0000000085400000, 0x0000000085500000, 0x0000000085500000|100%| O|  |TAMS 0x0000000085500000, 0x0000000085500000| Untracked 
|  85|0x0000000085500000, 0x0000000085600000, 0x0000000085600000|100%| O|  |TAMS 0x0000000085600000, 0x0000000085600000| Untracked 
|  86|0x0000000085600000, 0x0000000085700000, 0x0000000085700000|100%| O|  |TAMS 0x0000000085700000, 0x0000000085700000| Untracked 
|  87|0x0000000085700000, 0x0000000085800000, 0x0000000085800000|100%| O|  |TAMS 0x0000000085800000, 0x0000000085800000| Untracked 
|  88|0x0000000085800000, 0x0000000085900000, 0x0000000085900000|100%| O|  |TAMS 0x0000000085900000, 0x0000000085900000| Untracked 
|  89|0x0000000085900000, 0x0000000085a00000, 0x0000000085a00000|100%| O|  |TAMS 0x0000000085a00000, 0x0000000085a00000| Untracked 
|  90|0x0000000085a00000, 0x0000000085b00000, 0x0000000085b00000|100%|HS|  |TAMS 0x0000000085b00000, 0x0000000085b00000| Complete 
|  91|0x0000000085b00000, 0x0000000085c00000, 0x0000000085c00000|100%|HC|  |TAMS 0x0000000085c00000, 0x0000000085c00000| Complete 
|  92|0x0000000085c00000, 0x0000000085d00000, 0x0000000085d00000|100%| O|  |TAMS 0x0000000085d00000, 0x0000000085d00000| Untracked 
|  93|0x0000000085d00000, 0x0000000085e00000, 0x0000000085e00000|100%| O|  |TAMS 0x0000000085e00000, 0x0000000085e00000| Untracked 
|  94|0x0000000085e00000, 0x0000000085f00000, 0x0000000085f00000|100%| O|  |TAMS 0x0000000085f00000, 0x0000000085f00000| Untracked 
|  95|0x0000000085f00000, 0x0000000086000000, 0x0000000086000000|100%| O|  |TAMS 0x0000000086000000, 0x0000000086000000| Untracked 
|  96|0x0000000086000000, 0x0000000086100000, 0x0000000086100000|100%| O|  |TAMS 0x0000000086100000, 0x0000000086100000| Untracked 
|  97|0x0000000086100000, 0x0000000086200000, 0x0000000086200000|100%| O|  |TAMS 0x0000000086200000, 0x0000000086200000| Untracked 
|  98|0x0000000086200000, 0x0000000086300000, 0x0000000086300000|100%| O|  |TAMS 0x0000000086300000, 0x0000000086300000| Untracked 
|  99|0x0000000086300000, 0x0000000086400000, 0x0000000086400000|100%| O|  |TAMS 0x0000000086400000, 0x0000000086400000| Untracked 
| 100|0x0000000086400000, 0x0000000086500000, 0x0000000086500000|100%| O|  |TAMS 0x0000000086500000, 0x0000000086500000| Untracked 
| 101|0x0000000086500000, 0x0000000086600000, 0x0000000086600000|100%| O|  |TAMS 0x0000000086600000, 0x0000000086600000| Untracked 
| 102|0x0000000086600000, 0x0000000086700000, 0x0000000086700000|100%| O|  |TAMS 0x0000000086700000, 0x0000000086700000| Untracked 
| 103|0x0000000086700000, 0x0000000086800000, 0x0000000086800000|100%| O|  |TAMS 0x0000000086800000, 0x0000000086800000| Untracked 
| 104|0x0000000086800000, 0x0000000086900000, 0x0000000086900000|100%| O|  |TAMS 0x0000000086900000, 0x0000000086900000| Untracked 
| 105|0x0000000086900000, 0x0000000086a00000, 0x0000000086a00000|100%| O|  |TAMS 0x0000000086a00000, 0x0000000086a00000| Untracked 
| 106|0x0000000086a00000, 0x0000000086b00000, 0x0000000086b00000|100%| O|  |TAMS 0x0000000086b00000, 0x0000000086b00000| Untracked 
| 107|0x0000000086b00000, 0x0000000086c00000, 0x0000000086c00000|100%| O|  |TAMS 0x0000000086c00000, 0x0000000086c00000| Untracked 
| 108|0x0000000086c00000, 0x0000000086d00000, 0x0000000086d00000|100%| O|  |TAMS 0x0000000086d00000, 0x0000000086d00000| Untracked 
| 109|0x0000000086d00000, 0x0000000086e00000, 0x0000000086e00000|100%| O|  |TAMS 0x0000000086e00000, 0x0000000086e00000| Untracked 
| 110|0x0000000086e00000, 0x0000000086f00000, 0x0000000086f00000|100%| O|  |TAMS 0x0000000086f00000, 0x0000000086f00000| Untracked 
| 111|0x0000000086f00000, 0x0000000087000000, 0x0000000087000000|100%| O|  |TAMS 0x0000000087000000, 0x0000000087000000| Untracked 
| 112|0x0000000087000000, 0x0000000087100000, 0x0000000087100000|100%| O|  |TAMS 0x0000000087100000, 0x0000000087100000| Untracked 
| 113|0x0000000087100000, 0x0000000087200000, 0x0000000087200000|100%| O|  |TAMS 0x0000000087200000, 0x0000000087200000| Untracked 
| 114|0x0000000087200000, 0x0000000087300000, 0x0000000087300000|100%| O|  |TAMS 0x0000000087300000, 0x0000000087300000| Untracked 
| 115|0x0000000087300000, 0x0000000087400000, 0x0000000087400000|100%| O|  |TAMS 0x0000000087400000, 0x0000000087400000| Untracked 
| 116|0x0000000087400000, 0x0000000087500000, 0x0000000087500000|100%|HS|  |TAMS 0x0000000087500000, 0x0000000087500000| Complete 
| 117|0x0000000087500000, 0x0000000087600000, 0x0000000087600000|100%|HS|  |TAMS 0x0000000087600000, 0x0000000087600000| Complete 
| 118|0x0000000087600000, 0x0000000087700000, 0x0000000087700000|100%|HC|  |TAMS 0x0000000087700000, 0x0000000087700000| Complete 
| 119|0x0000000087700000, 0x0000000087800000, 0x0000000087800000|100%|HC|  |TAMS 0x0000000087800000, 0x0000000087800000| Complete 
| 120|0x0000000087800000, 0x0000000087900000, 0x0000000087900000|100%|HC|  |TAMS 0x0000000087900000, 0x0000000087900000| Complete 
| 121|0x0000000087900000, 0x0000000087a00000, 0x0000000087a00000|100%| O|  |TAMS 0x0000000087a00000, 0x0000000087a00000| Untracked 
| 122|0x0000000087a00000, 0x0000000087b00000, 0x0000000087b00000|100%| O|  |TAMS 0x0000000087b00000, 0x0000000087b00000| Untracked 
| 123|0x0000000087b00000, 0x0000000087c00000, 0x0000000087c00000|100%| O|  |TAMS 0x0000000087c00000, 0x0000000087c00000| Untracked 
| 124|0x0000000087c00000, 0x0000000087d00000, 0x0000000087d00000|100%| O|  |TAMS 0x0000000087d00000, 0x0000000087d00000| Untracked 
| 125|0x0000000087d00000, 0x0000000087e00000, 0x0000000087e00000|100%| O|  |TAMS 0x0000000087e00000, 0x0000000087e00000| Untracked 
| 126|0x0000000087e00000, 0x0000000087f00000, 0x0000000087f00000|100%| O|  |TAMS 0x0000000087f00000, 0x0000000087f00000| Untracked 
| 127|0x0000000087f00000, 0x0000000088000000, 0x0000000088000000|100%| O|  |TAMS 0x0000000088000000, 0x0000000088000000| Untracked 
| 128|0x0000000088000000, 0x0000000088100000, 0x0000000088100000|100%| O|  |TAMS 0x0000000088100000, 0x0000000088100000| Untracked 
| 129|0x0000000088100000, 0x0000000088200000, 0x0000000088200000|100%| O|  |TAMS 0x0000000088200000, 0x0000000088200000| Untracked 
| 130|0x0000000088200000, 0x0000000088300000, 0x0000000088300000|100%| O|  |TAMS 0x0000000088300000, 0x0000000088300000| Untracked 
| 131|0x0000000088300000, 0x0000000088400000, 0x0000000088400000|100%| O|  |TAMS 0x0000000088400000, 0x0000000088400000| Untracked 
| 132|0x0000000088400000, 0x0000000088500000, 0x0000000088500000|100%| O|  |TAMS 0x0000000088500000, 0x0000000088500000| Untracked 
| 133|0x0000000088500000, 0x0000000088600000, 0x0000000088600000|100%| O|  |TAMS 0x0000000088600000, 0x0000000088600000| Untracked 
| 134|0x0000000088600000, 0x0000000088700000, 0x0000000088700000|100%| O|  |TAMS 0x0000000088700000, 0x0000000088700000| Untracked 
| 135|0x0000000088700000, 0x0000000088800000, 0x0000000088800000|100%| O|  |TAMS 0x0000000088800000, 0x0000000088800000| Untracked 
| 136|0x0000000088800000, 0x0000000088900000, 0x0000000088900000|100%| O|  |TAMS 0x0000000088900000, 0x0000000088900000| Untracked 
| 137|0x0000000088900000, 0x0000000088a00000, 0x0000000088a00000|100%| O|  |TAMS 0x0000000088a00000, 0x0000000088a00000| Untracked 
| 138|0x0000000088a00000, 0x0000000088b00000, 0x0000000088b00000|100%| O|  |TAMS 0x0000000088a26000, 0x0000000088b00000| Untracked 
| 139|0x0000000088b00000, 0x0000000088c00000, 0x0000000088c00000|100%| O|  |TAMS 0x0000000088b00000, 0x0000000088c00000| Untracked 
| 140|0x0000000088c00000, 0x0000000088d00000, 0x0000000088d00000|100%| O|  |TAMS 0x0000000088c00000, 0x0000000088d00000| Untracked 
| 141|0x0000000088d00000, 0x0000000088de7a00, 0x0000000088e00000| 90%| O|  |TAMS 0x0000000088d00000, 0x0000000088de7a00| Untracked 
| 142|0x0000000088e00000, 0x0000000088e00000, 0x0000000088f00000|  0%| F|  |TAMS 0x0000000088e00000, 0x0000000088e00000| Untracked 
| 143|0x0000000088f00000, 0x0000000088f00000, 0x0000000089000000|  0%| F|  |TAMS 0x0000000088f00000, 0x0000000088f00000| Untracked 
| 144|0x0000000089000000, 0x0000000089000000, 0x0000000089100000|  0%| F|  |TAMS 0x0000000089000000, 0x0000000089000000| Untracked 
| 145|0x0000000089100000, 0x0000000089100000, 0x0000000089200000|  0%| F|  |TAMS 0x0000000089100000, 0x0000000089100000| Untracked 
| 146|0x0000000089200000, 0x0000000089200000, 0x0000000089300000|  0%| F|  |TAMS 0x0000000089200000, 0x0000000089200000| Untracked 
| 147|0x0000000089300000, 0x0000000089300000, 0x0000000089400000|  0%| F|  |TAMS 0x0000000089300000, 0x0000000089300000| Untracked 
| 148|0x0000000089400000, 0x0000000089400000, 0x0000000089500000|  0%| F|  |TAMS 0x0000000089400000, 0x0000000089400000| Untracked 
| 149|0x0000000089500000, 0x0000000089500000, 0x0000000089600000|  0%| F|  |TAMS 0x0000000089500000, 0x0000000089500000| Untracked 
| 150|0x0000000089600000, 0x0000000089600000, 0x0000000089700000|  0%| F|  |TAMS 0x0000000089600000, 0x0000000089600000| Untracked 
| 151|0x0000000089700000, 0x0000000089700000, 0x0000000089800000|  0%| F|  |TAMS 0x0000000089700000, 0x0000000089700000| Untracked 
| 152|0x0000000089800000, 0x0000000089800000, 0x0000000089900000|  0%| F|  |TAMS 0x0000000089800000, 0x0000000089800000| Untracked 
| 153|0x0000000089900000, 0x0000000089900000, 0x0000000089a00000|  0%| F|  |TAMS 0x0000000089900000, 0x0000000089900000| Untracked 
| 154|0x0000000089a00000, 0x0000000089a00000, 0x0000000089b00000|  0%| F|  |TAMS 0x0000000089a00000, 0x0000000089a00000| Untracked 
| 155|0x0000000089b00000, 0x0000000089b00000, 0x0000000089c00000|  0%| F|  |TAMS 0x0000000089b00000, 0x0000000089b00000| Untracked 
| 156|0x0000000089c00000, 0x0000000089c00000, 0x0000000089d00000|  0%| F|  |TAMS 0x0000000089c00000, 0x0000000089c00000| Untracked 
| 157|0x0000000089d00000, 0x0000000089d00000, 0x0000000089e00000|  0%| F|  |TAMS 0x0000000089d00000, 0x0000000089d00000| Untracked 
| 158|0x0000000089e00000, 0x0000000089e00000, 0x0000000089f00000|  0%| F|  |TAMS 0x0000000089e00000, 0x0000000089e00000| Untracked 
| 159|0x0000000089f00000, 0x0000000089f00000, 0x000000008a000000|  0%| F|  |TAMS 0x0000000089f00000, 0x0000000089f00000| Untracked 
| 160|0x000000008a000000, 0x000000008a000000, 0x000000008a100000|  0%| F|  |TAMS 0x000000008a000000, 0x000000008a000000| Untracked 
| 161|0x000000008a100000, 0x000000008a100000, 0x000000008a200000|  0%| F|  |TAMS 0x000000008a100000, 0x000000008a100000| Untracked 
| 162|0x000000008a200000, 0x000000008a200000, 0x000000008a300000|  0%| F|  |TAMS 0x000000008a200000, 0x000000008a200000| Untracked 
| 163|0x000000008a300000, 0x000000008a300000, 0x000000008a400000|  0%| F|  |TAMS 0x000000008a300000, 0x000000008a300000| Untracked 
| 164|0x000000008a400000, 0x000000008a400000, 0x000000008a500000|  0%| F|  |TAMS 0x000000008a400000, 0x000000008a400000| Untracked 
| 165|0x000000008a500000, 0x000000008a500000, 0x000000008a600000|  0%| F|  |TAMS 0x000000008a500000, 0x000000008a500000| Untracked 
| 166|0x000000008a600000, 0x000000008a600000, 0x000000008a700000|  0%| F|  |TAMS 0x000000008a600000, 0x000000008a600000| Untracked 
| 167|0x000000008a700000, 0x000000008a700000, 0x000000008a800000|  0%| F|  |TAMS 0x000000008a700000, 0x000000008a700000| Untracked 
| 168|0x000000008a800000, 0x000000008a800000, 0x000000008a900000|  0%| F|  |TAMS 0x000000008a800000, 0x000000008a800000| Untracked 
| 169|0x000000008a900000, 0x000000008a900000, 0x000000008aa00000|  0%| F|  |TAMS 0x000000008a900000, 0x000000008a900000| Untracked 
| 170|0x000000008aa00000, 0x000000008aa00000, 0x000000008ab00000|  0%| F|  |TAMS 0x000000008aa00000, 0x000000008aa00000| Untracked 
| 171|0x000000008ab00000, 0x000000008ab00000, 0x000000008ac00000|  0%| F|  |TAMS 0x000000008ab00000, 0x000000008ab00000| Untracked 
| 172|0x000000008ac00000, 0x000000008ac00000, 0x000000008ad00000|  0%| F|  |TAMS 0x000000008ac00000, 0x000000008ac00000| Untracked 
| 173|0x000000008ad00000, 0x000000008ad00000, 0x000000008ae00000|  0%| F|  |TAMS 0x000000008ad00000, 0x000000008ad00000| Untracked 
| 174|0x000000008ae00000, 0x000000008ae00000, 0x000000008af00000|  0%| F|  |TAMS 0x000000008ae00000, 0x000000008ae00000| Untracked 
| 175|0x000000008af00000, 0x000000008af00000, 0x000000008b000000|  0%| F|  |TAMS 0x000000008af00000, 0x000000008af00000| Untracked 
| 176|0x000000008b000000, 0x000000008b000000, 0x000000008b100000|  0%| F|  |TAMS 0x000000008b000000, 0x000000008b000000| Untracked 
| 177|0x000000008b100000, 0x000000008b100000, 0x000000008b200000|  0%| F|  |TAMS 0x000000008b100000, 0x000000008b100000| Untracked 
| 178|0x000000008b200000, 0x000000008b200000, 0x000000008b300000|  0%| F|  |TAMS 0x000000008b200000, 0x000000008b200000| Untracked 
| 179|0x000000008b300000, 0x000000008b300000, 0x000000008b400000|  0%| F|  |TAMS 0x000000008b300000, 0x000000008b300000| Untracked 
| 180|0x000000008b400000, 0x000000008b400000, 0x000000008b500000|  0%| F|  |TAMS 0x000000008b400000, 0x000000008b400000| Untracked 
| 181|0x000000008b500000, 0x000000008b555d20, 0x000000008b600000| 33%| S|CS|TAMS 0x000000008b500000, 0x000000008b500000| Complete 
| 182|0x000000008b600000, 0x000000008b700000, 0x000000008b700000|100%| S|CS|TAMS 0x000000008b600000, 0x000000008b600000| Complete 
| 183|0x000000008b700000, 0x000000008b800000, 0x000000008b800000|100%| S|CS|TAMS 0x000000008b700000, 0x000000008b700000| Complete 
| 184|0x000000008b800000, 0x000000008b900000, 0x000000008b900000|100%| S|CS|TAMS 0x000000008b800000, 0x000000008b800000| Complete 
| 185|0x000000008b900000, 0x000000008b900000, 0x000000008ba00000|  0%| F|  |TAMS 0x000000008b900000, 0x000000008b900000| Untracked 
| 186|0x000000008ba00000, 0x000000008ba00000, 0x000000008bb00000|  0%| F|  |TAMS 0x000000008ba00000, 0x000000008ba00000| Untracked 
| 187|0x000000008bb00000, 0x000000008bb00000, 0x000000008bc00000|  0%| F|  |TAMS 0x000000008bb00000, 0x000000008bb00000| Untracked 
| 188|0x000000008bc00000, 0x000000008bc00000, 0x000000008bd00000|  0%| F|  |TAMS 0x000000008bc00000, 0x000000008bc00000| Untracked 
| 189|0x000000008bd00000, 0x000000008bd00000, 0x000000008be00000|  0%| F|  |TAMS 0x000000008bd00000, 0x000000008bd00000| Untracked 
| 190|0x000000008be00000, 0x000000008be00000, 0x000000008bf00000|  0%| F|  |TAMS 0x000000008be00000, 0x000000008be00000| Untracked 
| 191|0x000000008bf00000, 0x000000008c000000, 0x000000008c000000|100%| S|CS|TAMS 0x000000008bf00000, 0x000000008bf00000| Complete 
| 192|0x000000008c000000, 0x000000008c100000, 0x000000008c100000|100%| S|CS|TAMS 0x000000008c000000, 0x000000008c000000| Complete 
| 193|0x000000008c100000, 0x000000008c200000, 0x000000008c200000|100%| S|CS|TAMS 0x000000008c100000, 0x000000008c100000| Complete 
| 194|0x000000008c200000, 0x000000008c300000, 0x000000008c300000|100%| S|CS|TAMS 0x000000008c200000, 0x000000008c200000| Complete 
| 195|0x000000008c300000, 0x000000008c300000, 0x000000008c400000|  0%| F|  |TAMS 0x000000008c300000, 0x000000008c300000| Untracked 
| 196|0x000000008c400000, 0x000000008c400000, 0x000000008c500000|  0%| F|  |TAMS 0x000000008c400000, 0x000000008c400000| Untracked 
| 197|0x000000008c500000, 0x000000008c500000, 0x000000008c600000|  0%| F|  |TAMS 0x000000008c500000, 0x000000008c500000| Untracked 
| 198|0x000000008c600000, 0x000000008c600000, 0x000000008c700000|  0%| F|  |TAMS 0x000000008c600000, 0x000000008c600000| Untracked 
| 199|0x000000008c700000, 0x000000008c700000, 0x000000008c800000|  0%| F|  |TAMS 0x000000008c700000, 0x000000008c700000| Untracked 
| 200|0x000000008c800000, 0x000000008c800000, 0x000000008c900000|  0%| F|  |TAMS 0x000000008c800000, 0x000000008c800000| Untracked 
| 201|0x000000008c900000, 0x000000008c900000, 0x000000008ca00000|  0%| F|  |TAMS 0x000000008c900000, 0x000000008c900000| Untracked 
| 202|0x000000008ca00000, 0x000000008ca00000, 0x000000008cb00000|  0%| F|  |TAMS 0x000000008ca00000, 0x000000008ca00000| Untracked 
| 203|0x000000008cb00000, 0x000000008cb00000, 0x000000008cc00000|  0%| F|  |TAMS 0x000000008cb00000, 0x000000008cb00000| Untracked 
| 204|0x000000008cc00000, 0x000000008cc00000, 0x000000008cd00000|  0%| F|  |TAMS 0x000000008cc00000, 0x000000008cc00000| Untracked 
| 205|0x000000008cd00000, 0x000000008cd00000, 0x000000008ce00000|  0%| F|  |TAMS 0x000000008cd00000, 0x000000008cd00000| Untracked 
| 206|0x000000008ce00000, 0x000000008ce00000, 0x000000008cf00000|  0%| F|  |TAMS 0x000000008ce00000, 0x000000008ce00000| Untracked 
| 207|0x000000008cf00000, 0x000000008cf00000, 0x000000008d000000|  0%| F|  |TAMS 0x000000008cf00000, 0x000000008cf00000| Untracked 
| 208|0x000000008d000000, 0x000000008d000000, 0x000000008d100000|  0%| F|  |TAMS 0x000000008d000000, 0x000000008d000000| Untracked 
| 209|0x000000008d100000, 0x000000008d100000, 0x000000008d200000|  0%| F|  |TAMS 0x000000008d100000, 0x000000008d100000| Untracked 
| 210|0x000000008d200000, 0x000000008d200000, 0x000000008d300000|  0%| F|  |TAMS 0x000000008d200000, 0x000000008d200000| Untracked 
| 211|0x000000008d300000, 0x000000008d300000, 0x000000008d400000|  0%| F|  |TAMS 0x000000008d300000, 0x000000008d300000| Untracked 
| 212|0x000000008d400000, 0x000000008d400000, 0x000000008d500000|  0%| F|  |TAMS 0x000000008d400000, 0x000000008d400000| Untracked 
| 213|0x000000008d500000, 0x000000008d500000, 0x000000008d600000|  0%| F|  |TAMS 0x000000008d500000, 0x000000008d500000| Untracked 
| 214|0x000000008d600000, 0x000000008d600000, 0x000000008d700000|  0%| F|  |TAMS 0x000000008d600000, 0x000000008d600000| Untracked 
| 215|0x000000008d700000, 0x000000008d700000, 0x000000008d800000|  0%| F|  |TAMS 0x000000008d700000, 0x000000008d700000| Untracked 
| 216|0x000000008d800000, 0x000000008d800000, 0x000000008d900000|  0%| F|  |TAMS 0x000000008d800000, 0x000000008d800000| Untracked 
| 217|0x000000008d900000, 0x000000008d900000, 0x000000008da00000|  0%| F|  |TAMS 0x000000008d900000, 0x000000008d900000| Untracked 
| 218|0x000000008da00000, 0x000000008da00000, 0x000000008db00000|  0%| F|  |TAMS 0x000000008da00000, 0x000000008da00000| Untracked 
| 219|0x000000008db00000, 0x000000008db00000, 0x000000008dc00000|  0%| F|  |TAMS 0x000000008db00000, 0x000000008db00000| Untracked 
| 220|0x000000008dc00000, 0x000000008dc00000, 0x000000008dd00000|  0%| F|  |TAMS 0x000000008dc00000, 0x000000008dc00000| Untracked 
| 221|0x000000008dd00000, 0x000000008dd00000, 0x000000008de00000|  0%| F|  |TAMS 0x000000008dd00000, 0x000000008dd00000| Untracked 
| 222|0x000000008de00000, 0x000000008de00000, 0x000000008df00000|  0%| F|  |TAMS 0x000000008de00000, 0x000000008de00000| Untracked 
| 223|0x000000008df00000, 0x000000008df00000, 0x000000008e000000|  0%| F|  |TAMS 0x000000008df00000, 0x000000008df00000| Untracked 
| 224|0x000000008e000000, 0x000000008e000000, 0x000000008e100000|  0%| F|  |TAMS 0x000000008e000000, 0x000000008e000000| Untracked 
| 225|0x000000008e100000, 0x000000008e100000, 0x000000008e200000|  0%| F|  |TAMS 0x000000008e100000, 0x000000008e100000| Untracked 
| 226|0x000000008e200000, 0x000000008e200000, 0x000000008e300000|  0%| F|  |TAMS 0x000000008e200000, 0x000000008e200000| Untracked 
| 227|0x000000008e300000, 0x000000008e300000, 0x000000008e400000|  0%| F|  |TAMS 0x000000008e300000, 0x000000008e300000| Untracked 
| 228|0x000000008e400000, 0x000000008e400000, 0x000000008e500000|  0%| F|  |TAMS 0x000000008e400000, 0x000000008e400000| Untracked 
| 229|0x000000008e500000, 0x000000008e500000, 0x000000008e600000|  0%| F|  |TAMS 0x000000008e500000, 0x000000008e500000| Untracked 
| 230|0x000000008e600000, 0x000000008e600000, 0x000000008e700000|  0%| F|  |TAMS 0x000000008e600000, 0x000000008e600000| Untracked 
| 231|0x000000008e700000, 0x000000008e700000, 0x000000008e800000|  0%| F|  |TAMS 0x000000008e700000, 0x000000008e700000| Untracked 
| 232|0x000000008e800000, 0x000000008e800000, 0x000000008e900000|  0%| F|  |TAMS 0x000000008e800000, 0x000000008e800000| Untracked 
| 233|0x000000008e900000, 0x000000008e900000, 0x000000008ea00000|  0%| F|  |TAMS 0x000000008e900000, 0x000000008e900000| Untracked 
| 234|0x000000008ea00000, 0x000000008ea00000, 0x000000008eb00000|  0%| F|  |TAMS 0x000000008ea00000, 0x000000008ea00000| Untracked 
| 235|0x000000008eb00000, 0x000000008eb00000, 0x000000008ec00000|  0%| F|  |TAMS 0x000000008eb00000, 0x000000008eb00000| Untracked 
| 236|0x000000008ec00000, 0x000000008ec00000, 0x000000008ed00000|  0%| F|  |TAMS 0x000000008ec00000, 0x000000008ec00000| Untracked 
| 237|0x000000008ed00000, 0x000000008ed00000, 0x000000008ee00000|  0%| F|  |TAMS 0x000000008ed00000, 0x000000008ed00000| Untracked 
| 238|0x000000008ee00000, 0x000000008ee00000, 0x000000008ef00000|  0%| F|  |TAMS 0x000000008ee00000, 0x000000008ee00000| Untracked 
| 239|0x000000008ef00000, 0x000000008ef00000, 0x000000008f000000|  0%| F|  |TAMS 0x000000008ef00000, 0x000000008ef00000| Untracked 
| 240|0x000000008f000000, 0x000000008f000000, 0x000000008f100000|  0%| F|  |TAMS 0x000000008f000000, 0x000000008f000000| Untracked 
| 241|0x000000008f100000, 0x000000008f100000, 0x000000008f200000|  0%| F|  |TAMS 0x000000008f100000, 0x000000008f100000| Untracked 
| 242|0x000000008f200000, 0x000000008f200000, 0x000000008f300000|  0%| F|  |TAMS 0x000000008f200000, 0x000000008f200000| Untracked 
| 243|0x000000008f300000, 0x000000008f300000, 0x000000008f400000|  0%| F|  |TAMS 0x000000008f300000, 0x000000008f300000| Untracked 
| 244|0x000000008f400000, 0x000000008f400000, 0x000000008f500000|  0%| F|  |TAMS 0x000000008f400000, 0x000000008f400000| Untracked 
| 245|0x000000008f500000, 0x000000008f500000, 0x000000008f600000|  0%| F|  |TAMS 0x000000008f500000, 0x000000008f500000| Untracked 
| 246|0x000000008f600000, 0x000000008f600000, 0x000000008f700000|  0%| F|  |TAMS 0x000000008f600000, 0x000000008f600000| Untracked 
| 247|0x000000008f700000, 0x000000008f700000, 0x000000008f800000|  0%| F|  |TAMS 0x000000008f700000, 0x000000008f700000| Untracked 
| 248|0x000000008f800000, 0x000000008f800000, 0x000000008f900000|  0%| F|  |TAMS 0x000000008f800000, 0x000000008f800000| Untracked 
| 249|0x000000008f900000, 0x000000008f900000, 0x000000008fa00000|  0%| F|  |TAMS 0x000000008f900000, 0x000000008f900000| Untracked 
| 250|0x000000008fa00000, 0x000000008fa00000, 0x000000008fb00000|  0%| F|  |TAMS 0x000000008fa00000, 0x000000008fa00000| Untracked 
| 251|0x000000008fb00000, 0x000000008fb84668, 0x000000008fc00000| 51%| E|  |TAMS 0x000000008fb00000, 0x000000008fb00000| Complete 
| 252|0x000000008fc00000, 0x000000008fd00000, 0x000000008fd00000|100%| E|CS|TAMS 0x000000008fc00000, 0x000000008fc00000| Complete 

Card table byte_map: [0x000002a225030000,0x000002a225430000] _byte_map_base: 0x000002a224c30000

Marking Bits (Prev, Next): (CMBitMap*) 0x000002a21214ff90, (CMBitMap*) 0x000002a21214ff58
 Prev Bits: [0x000002a227830000, 0x000002a229830000)
 Next Bits: [0x000002a225830000, 0x000002a227830000)

Polling page: 0x000002a20fee0000

Metaspace:

Usage:
  Non-class:     94.83 MB capacity,    93.17 MB ( 98%) used,     1.35 MB (  1%) free+waste,   311.88 KB ( <1%) overhead. 
      Class:     14.52 MB capacity,    13.56 MB ( 93%) used,   837.77 KB (  6%) free+waste,   139.25 KB ( <1%) overhead. 
       Both:    109.35 MB capacity,   106.74 MB ( 98%) used,     2.17 MB (  2%) free+waste,   451.13 KB ( <1%) overhead. 

Virtual space:
  Non-class space:       96.00 MB reserved,      94.92 MB ( 99%) committed 
      Class space:        1.00 GB reserved,      14.53 MB (  1%) committed 
             Both:        1.09 GB reserved,     109.45 MB ( 10%) committed 

Chunk freelists:
   Non-Class:  31.00 KB
       Class:  15.00 KB
        Both:  46.00 KB

MaxMetaspaceSize: 17179869184.00 GB
CompressedClassSpaceSize: 1.00 GB
Initial GC threshold: 20.80 MB
Current GC threshold: 178.26 MB
CDS: off

CodeHeap 'non-profiled nmethods': size=120064Kb used=8447Kb max_used=8447Kb free=111616Kb
 bounds [0x000002a21d6f0000, 0x000002a21df30000, 0x000002a224c30000]
CodeHeap 'profiled nmethods': size=120000Kb used=29137Kb max_used=29137Kb free=90862Kb
 bounds [0x000002a2161c0000, 0x000002a217e40000, 0x000002a21d6f0000]
CodeHeap 'non-nmethods': size=5696Kb used=2446Kb max_used=2498Kb free=3249Kb
 bounds [0x000002a215c30000, 0x000002a215eb0000, 0x000002a2161c0000]
 total_blobs=14160 nmethods=13175 adapters=897
 compilation: enabled
              stopped_count=0, restarted_count=0
 full_count=0

Compilation events (20 events):
Event: 104.874 Thread 0x000002a22bd37000 13250       3       org.codehaus.groovy.reflection.CachedClass$1$$Lambda$410/0x000000010053bc40::run (8 bytes)
Event: 104.874 Thread 0x000002a22bd37000 nmethod 13250 0x000002a217e27d10 code [0x000002a217e27ec0, 0x000002a217e27fe8]
Event: 104.874 Thread 0x000002a22bd37000 13251       3       org.codehaus.groovy.reflection.CachedClass$1::lambda$initValue$2 (47 bytes)
Event: 104.875 Thread 0x000002a22bd37000 nmethod 13251 0x000002a217e28110 code [0x000002a217e284a0, 0x000002a217e29ac8]
Event: 104.876 Thread 0x000002a22bd37000 13252       3       org.codehaus.groovy.reflection.CachedClass$1$$Lambda$413/0x000000010053a840::apply (5 bytes)
Event: 104.876 Thread 0x000002a22bd37000 nmethod 13252 0x000002a217e2a210 code [0x000002a217e2a3c0, 0x000002a217e2a5b8]
Event: 104.876 Thread 0x000002a22bd37000 13253       3       org.codehaus.groovy.reflection.CachedClass$1::lambda$initValue$1 (5 bytes)
Event: 104.876 Thread 0x000002a22bd37000 nmethod 13253 0x000002a217e2a690 code [0x000002a217e2a840, 0x000002a217e2a9b8]
Event: 104.880 Thread 0x000002a22bd37000 13254       3       java.util.Hashtable::<init> (114 bytes)
Event: 104.882 Thread 0x000002a22bd37000 nmethod 13254 0x000002a217e2aa90 code [0x000002a217e2ae40, 0x000002a217e2c378]
Event: 104.885 Thread 0x000002a22bd37000 13257       2       java.util.Collection::removeIf (51 bytes)
Event: 104.886 Thread 0x000002a22bd37000 nmethod 13257 0x000002a217e2ca90 code [0x000002a217e2cca0, 0x000002a217e2d018]
Event: 104.886 Thread 0x000002a22bd37000 13258       2       org.codehaus.groovy.reflection.CachedClass::getNewMetaMethods (166 bytes)
Event: 104.888 Thread 0x000002a22bd37000 nmethod 13258 0x000002a217e2d210 code [0x000002a217e2d4a0, 0x000002a217e2dbe8]
Event: 104.891 Thread 0x000002a22bd37000 13259       2       com.sun.beans.WildcardTypeImpl::<init> (15 bytes)
Event: 104.892 Thread 0x000002a22bd37000 nmethod 13259 0x000002a217e2e110 code [0x000002a217e2e2c0, 0x000002a217e2e458]
Event: 104.895 Thread 0x000002a22bd37000 13260       2       org.codehaus.groovy.reflection.ClassLoaderForClassArtifacts::loadClass (38 bytes)
Event: 104.896 Thread 0x000002a22bd37000 nmethod 13260 0x000002a217e2e510 code [0x000002a217e2e6e0, 0x000002a217e2e888]
Event: 104.896 Thread 0x000002a22bd37000 13261  s!   2       org.codehaus.groovy.runtime.callsite.CallSiteClassLoader::loadClass (44 bytes)
Event: 104.898 Thread 0x000002a22bd37000 nmethod 13261 0x000002a217e2e990 code [0x000002a217e2ebe0, 0x000002a217e2f3f8]

GC Heap History (20 events):
Event: 71.177 GC heap before
{Heap before GC invocations=62 (full 0):
 garbage-first heap   total 189440K, used 148648K [0x0000000080000000, 0x0000000100000000)
  region size 1024K, 40 young (40960K), 4 survivors (4096K)
 Metaspace       used 81250K, capacity 83392K, committed 83536K, reserved 1122304K
  class space    used 10545K, capacity 11325K, committed 11424K, reserved 1048576K
}
Event: 71.195 GC heap after
{Heap after GC invocations=63 (full 0):
 garbage-first heap   total 189440K, used 114295K [0x0000000080000000, 0x0000000100000000)
  region size 1024K, 5 young (5120K), 5 survivors (5120K)
 Metaspace       used 81250K, capacity 83392K, committed 83536K, reserved 1122304K
  class space    used 10545K, capacity 11325K, committed 11424K, reserved 1048576K
}
Event: 72.405 GC heap before
{Heap before GC invocations=64 (full 0):
 garbage-first heap   total 189440K, used 150135K [0x0000000080000000, 0x0000000100000000)
  region size 1024K, 41 young (41984K), 5 survivors (5120K)
 Metaspace       used 83681K, capacity 85750K, committed 85968K, reserved 1124352K
  class space    used 10762K, capacity 11510K, committed 11552K, reserved 1048576K
}
Event: 72.438 GC heap after
{Heap after GC invocations=65 (full 0):
 garbage-first heap   total 189440K, used 118479K [0x0000000080000000, 0x0000000100000000)
  region size 1024K, 6 young (6144K), 6 survivors (6144K)
 Metaspace       used 83681K, capacity 85750K, committed 85968K, reserved 1124352K
  class space    used 10762K, capacity 11510K, committed 11552K, reserved 1048576K
}
Event: 72.702 GC heap before
{Heap before GC invocations=65 (full 0):
 garbage-first heap   total 189440K, used 121551K [0x0000000080000000, 0x0000000100000000)
  region size 1024K, 10 young (10240K), 6 survivors (6144K)
 Metaspace       used 84198K, capacity 86262K, committed 86608K, reserved 1124352K
  class space    used 10824K, capacity 11574K, committed 11680K, reserved 1048576K
}
Event: 72.732 GC heap after
{Heap after GC invocations=66 (full 0):
 garbage-first heap   total 259072K, used 120445K [0x0000000080000000, 0x0000000100000000)
  region size 1024K, 2 young (2048K), 2 survivors (2048K)
 Metaspace       used 84198K, capacity 86262K, committed 86608K, reserved 1124352K
  class space    used 10824K, capacity 11574K, committed 11680K, reserved 1048576K
}
Event: 77.301 GC heap before
{Heap before GC invocations=67 (full 0):
 garbage-first heap   total 259072K, used 174717K [0x0000000080000000, 0x0000000100000000)
  region size 1024K, 50 young (51200K), 2 survivors (2048K)
 Metaspace       used 86850K, capacity 89116K, committed 89296K, reserved 1126400K
  class space    used 11201K, capacity 12064K, committed 12064K, reserved 1048576K
}
Event: 77.310 GC heap after
{Heap after GC invocations=68 (full 0):
 garbage-first heap   total 259072K, used 128741K [0x0000000080000000, 0x0000000100000000)
  region size 1024K, 5 young (5120K), 5 survivors (5120K)
 Metaspace       used 86850K, capacity 89116K, committed 89296K, reserved 1126400K
  class space    used 11201K, capacity 12064K, committed 12064K, reserved 1048576K
}
Event: 77.657 GC heap before
{Heap before GC invocations=68 (full 0):
 garbage-first heap   total 259072K, used 164581K [0x0000000080000000, 0x0000000100000000)
  region size 1024K, 42 young (43008K), 5 survivors (5120K)
 Metaspace       used 88178K, capacity 90382K, committed 90448K, reserved 1128448K
  class space    used 11350K, capacity 12163K, committed 12192K, reserved 1048576K
}
Event: 77.664 GC heap after
{Heap after GC invocations=69 (full 0):
 garbage-first heap   total 259072K, used 129713K [0x0000000080000000, 0x0000000100000000)
  region size 1024K, 1 young (1024K), 1 survivors (1024K)
 Metaspace       used 88178K, capacity 90382K, committed 90448K, reserved 1128448K
  class space    used 11350K, capacity 12163K, committed 12192K, reserved 1048576K
}
Event: 80.858 GC heap before
{Heap before GC invocations=70 (full 0):
 garbage-first heap   total 259072K, used 182961K [0x0000000080000000, 0x0000000100000000)
  region size 1024K, 52 young (53248K), 1 survivors (1024K)
 Metaspace       used 95124K, capacity 97537K, committed 97744K, reserved 1134592K
  class space    used 12198K, capacity 13038K, committed 13088K, reserved 1048576K
}
Event: 80.865 GC heap after
{Heap after GC invocations=71 (full 0):
 garbage-first heap   total 259072K, used 130940K [0x0000000080000000, 0x0000000100000000)
  region size 1024K, 3 young (3072K), 3 survivors (3072K)
 Metaspace       used 95124K, capacity 97537K, committed 97744K, reserved 1134592K
  class space    used 12198K, capacity 13038K, committed 13088K, reserved 1048576K
}
Event: 86.073 GC heap before
{Heap before GC invocations=71 (full 0):
 garbage-first heap   total 259072K, used 187260K [0x0000000080000000, 0x0000000100000000)
  region size 1024K, 58 young (59392K), 3 survivors (3072K)
 Metaspace       used 100269K, capacity 102899K, committed 103120K, reserved 1138688K
  class space    used 12895K, capacity 13835K, committed 13856K, reserved 1048576K
}
Event: 86.093 GC heap after
{Heap after GC invocations=72 (full 0):
 garbage-first heap   total 259072K, used 134386K [0x0000000080000000, 0x0000000100000000)
  region size 1024K, 6 young (6144K), 6 survivors (6144K)
 Metaspace       used 100269K, capacity 102899K, committed 103120K, reserved 1138688K
  class space    used 12895K, capacity 13835K, committed 13856K, reserved 1048576K
}
Event: 93.432 GC heap before
{Heap before GC invocations=73 (full 0):
 garbage-first heap   total 259072K, used 191730K [0x0000000080000000, 0x0000000100000000)
  region size 1024K, 63 young (64512K), 6 survivors (6144K)
 Metaspace       used 106082K, capacity 108679K, committed 109008K, reserved 1144832K
  class space    used 13595K, capacity 14526K, committed 14624K, reserved 1048576K
}
Event: 93.459 GC heap after
{Heap after GC invocations=74 (full 0):
 garbage-first heap   total 259072K, used 141150K [0x0000000080000000, 0x0000000100000000)
  region size 1024K, 8 young (8192K), 8 survivors (8192K)
 Metaspace       used 106082K, capacity 108679K, committed 109008K, reserved 1144832K
  class space    used 13595K, capacity 14526K, committed 14624K, reserved 1048576K
}
Event: 100.928 GC heap before
{Heap before GC invocations=74 (full 0):
 garbage-first heap   total 259072K, used 197470K [0x0000000080000000, 0x0000000100000000)
  region size 1024K, 64 young (65536K), 8 survivors (8192K)
 Metaspace       used 106674K, capacity 109256K, committed 109520K, reserved 1144832K
  class space    used 13614K, capacity 14574K, committed 14624K, reserved 1048576K
}
Event: 100.956 GC heap after
{Heap after GC invocations=75 (full 0):
 garbage-first heap   total 259072K, used 145920K [0x0000000080000000, 0x0000000100000000)
  region size 1024K, 5 young (5120K), 5 survivors (5120K)
 Metaspace       used 106674K, capacity 109256K, committed 109520K, reserved 1144832K
  class space    used 13614K, capacity 14574K, committed 14624K, reserved 1048576K
}
Event: 103.878 GC heap before
{Heap before GC invocations=76 (full 0):
 garbage-first heap   total 259072K, used 201216K [0x0000000080000000, 0x0000000100000000)
  region size 1024K, 60 young (61440K), 5 survivors (5120K)
 Metaspace       used 107475K, capacity 110099K, committed 110288K, reserved 1144832K
  class space    used 13664K, capacity 14613K, committed 14624K, reserved 1048576K
}
Event: 103.897 GC heap after
{Heap after GC invocations=77 (full 0):
 garbage-first heap   total 259072K, used 149547K [0x0000000080000000, 0x0000000100000000)
  region size 1024K, 8 young (8192K), 8 survivors (8192K)
 Metaspace       used 107475K, capacity 110099K, committed 110288K, reserved 1144832K
  class space    used 13664K, capacity 14613K, committed 14624K, reserved 1048576K
}

Deoptimization events (20 events):
Event: 104.366 Thread 0x000002a22dee3800 DEOPT PACKING pc=0x000002a21df08c64 sp=0x000000d6a5ffb0a0
Event: 104.366 Thread 0x000002a22dee3800 DEOPT UNPACKING pc=0x000002a215c7a1af sp=0x000000d6a5ffb040 mode 2
Event: 104.761 Thread 0x000002a22dee3800 DEOPT PACKING pc=0x000002a216eeefdf sp=0x000000d6a5ff8800
Event: 104.761 Thread 0x000002a22dee3800 DEOPT UNPACKING pc=0x000002a215c7a95e sp=0x000000d6a5ff7c88 mode 0
Event: 104.800 Thread 0x000002a22dee3800 Uncommon trap: trap_request=0xffffffc6 fr.pc=0x000002a21db83c08 relative=0x0000000000000148
Event: 104.800 Thread 0x000002a22dee3800 Uncommon trap: reason=bimorphic_or_optimized_type_check action=maybe_recompile pc=0x000002a21db83c08 method=java.util.regex.Pattern$BmpCharPredicate.lambda$union$2(Ljava/util/regex/Pattern$CharPredicate;I)Z @ 12 c2
Event: 104.800 Thread 0x000002a22dee3800 DEOPT PACKING pc=0x000002a21db83c08 sp=0x000000d6a5ffb650
Event: 104.800 Thread 0x000002a22dee3800 DEOPT UNPACKING pc=0x000002a215c7a1af sp=0x000000d6a5ffb568 mode 2
Event: 104.800 Thread 0x000002a22dee3800 Uncommon trap: trap_request=0xffffffc6 fr.pc=0x000002a21db83c08 relative=0x0000000000000148
Event: 104.800 Thread 0x000002a22dee3800 Uncommon trap: reason=bimorphic_or_optimized_type_check action=maybe_recompile pc=0x000002a21db83c08 method=java.util.regex.Pattern$BmpCharPredicate.lambda$union$2(Ljava/util/regex/Pattern$CharPredicate;I)Z @ 12 c2
Event: 104.800 Thread 0x000002a22dee3800 DEOPT PACKING pc=0x000002a21db83c08 sp=0x000000d6a5ffb650
Event: 104.800 Thread 0x000002a22dee3800 DEOPT UNPACKING pc=0x000002a215c7a1af sp=0x000000d6a5ffb568 mode 2
Event: 104.800 Thread 0x000002a22dee3800 Uncommon trap: trap_request=0xffffffc6 fr.pc=0x000002a21db83c08 relative=0x0000000000000148
Event: 104.800 Thread 0x000002a22dee3800 Uncommon trap: reason=bimorphic_or_optimized_type_check action=maybe_recompile pc=0x000002a21db83c08 method=java.util.regex.Pattern$BmpCharPredicate.lambda$union$2(Ljava/util/regex/Pattern$CharPredicate;I)Z @ 12 c2
Event: 104.800 Thread 0x000002a22dee3800 DEOPT PACKING pc=0x000002a21db83c08 sp=0x000000d6a5ffb500
Event: 104.800 Thread 0x000002a22dee3800 DEOPT UNPACKING pc=0x000002a215c7a1af sp=0x000000d6a5ffb418 mode 2
Event: 104.803 Thread 0x000002a22dee3800 Uncommon trap: trap_request=0xffffffc6 fr.pc=0x000002a21db83c08 relative=0x0000000000000148
Event: 104.803 Thread 0x000002a22dee3800 Uncommon trap: reason=bimorphic_or_optimized_type_check action=maybe_recompile pc=0x000002a21db83c08 method=java.util.regex.Pattern$BmpCharPredicate.lambda$union$2(Ljava/util/regex/Pattern$CharPredicate;I)Z @ 12 c2
Event: 104.803 Thread 0x000002a22dee3800 DEOPT PACKING pc=0x000002a21db83c08 sp=0x000000d6a5ffb650
Event: 104.803 Thread 0x000002a22dee3800 DEOPT UNPACKING pc=0x000002a215c7a1af sp=0x000000d6a5ffb568 mode 2

Classes redefined (0 events):
No events

Internal exceptions (20 events):
Event: 104.863 Thread 0x000002a22dee3800 Exception <a 'java/lang/ClassNotFoundException'{0x000000008d309e78}: org/gradle/plugins/ide/idea/IdeaPluginBeanInfo> (0x000000008d309e78) thrown at [./src/hotspot/share/classfile/systemDictionary.cpp, line 231]
Event: 104.864 Thread 0x000002a22dee3800 Exception <a 'java/lang/ClassNotFoundException'{0x000000008d328ac0}: org/gradle/plugins/ide/internal/IdePluginBeanInfo> (0x000000008d328ac0) thrown at [./src/hotspot/share/classfile/systemDictionary.cpp, line 231]
Event: 104.865 Thread 0x000002a22dee3800 Exception <a 'java/lang/ClassNotFoundException'{0x000000008d349140}: org/gradle/plugins/ide/internal/IdePluginCustomizer> (0x000000008d349140) thrown at [./src/hotspot/share/classfile/systemDictionary.cpp, line 231]
Event: 104.867 Thread 0x000002a22dee3800 Exception <a 'java/lang/ClassNotFoundException'{0x000000008d371fb0}: org/gradle/plugins/ide/idea/IdeaPluginCustomizer> (0x000000008d371fb0) thrown at [./src/hotspot/share/classfile/systemDictionary.cpp, line 231]
Event: 104.871 Thread 0x000002a22dee3800 Exception <a 'java/lang/ClassNotFoundException'{0x000000008d3c7120}: org/gradle/plugins/ide/idea/model/IdeaModel_DecoratedBeanInfo> (0x000000008d3c7120) thrown at [./src/hotspot/share/classfile/systemDictionary.cpp, line 231]
Event: 104.871 Thread 0x000002a22dee3800 Exception <a 'java/lang/ClassNotFoundException'{0x000000008d3e8c48}: org/gradle/plugins/ide/idea/model/IdeaModelBeanInfo> (0x000000008d3e8c48) thrown at [./src/hotspot/share/classfile/systemDictionary.cpp, line 231]
Event: 104.871 Thread 0x000002a22dee3800 Exception <a 'java/lang/ClassNotFoundException'{0x000000008d209b30}: org/gradle/plugins/ide/idea/model/IdeaModelCustomizer> (0x000000008d209b30) thrown at [./src/hotspot/share/classfile/systemDictionary.cpp, line 231]
Event: 104.873 Thread 0x000002a22dee3800 Exception <a 'java/lang/ClassNotFoundException'{0x000000008d23c428}: org/gradle/plugins/ide/idea/model/IdeaModel_DecoratedCustomizer> (0x000000008d23c428) thrown at [./src/hotspot/share/classfile/systemDictionary.cpp, line 231]
Event: 104.877 Thread 0x000002a22dee3800 Exception <a 'java/lang/ClassNotFoundException'{0x000000008d2becd8}: org/gradle/plugins/ide/idea/model/IdeaModule_DecoratedBeanInfo> (0x000000008d2becd8) thrown at [./src/hotspot/share/classfile/systemDictionary.cpp, line 231]
Event: 104.878 Thread 0x000002a22dee3800 Exception <a 'java/lang/ClassNotFoundException'{0x000000008d2e0800}: org/gradle/plugins/ide/idea/model/IdeaModuleBeanInfo> (0x000000008d2e0800) thrown at [./src/hotspot/share/classfile/systemDictionary.cpp, line 231]
Event: 104.878 Thread 0x000002a22dee3800 Exception <a 'java/lang/ClassNotFoundException'{0x000000008d1019e0}: org/gradle/plugins/ide/idea/model/IdeaModuleCustomizer> (0x000000008d1019e0) thrown at [./src/hotspot/share/classfile/systemDictionary.cpp, line 231]
Event: 104.881 Thread 0x000002a22dee3800 Exception <a 'java/lang/ClassNotFoundException'{0x000000008d16e410}: org/gradle/plugins/ide/idea/model/IdeaModule_DecoratedCustomizer> (0x000000008d16e410) thrown at [./src/hotspot/share/classfile/systemDictionary.cpp, line 231]
Event: 104.889 Thread 0x000002a22dee3800 Exception <a 'java/lang/ClassNotFoundException'{0x000000008d097900}: java/util/LinkedHashSetBeanInfo> (0x000000008d097900) thrown at [./src/hotspot/share/classfile/systemDictionary.cpp, line 231]
Event: 104.889 Thread 0x000002a22dee3800 Exception <a 'java/lang/ClassNotFoundException'{0x000000008d0a0400}: java/util/HashSetBeanInfo> (0x000000008d0a0400) thrown at [./src/hotspot/share/classfile/systemDictionary.cpp, line 231]
Event: 104.889 Thread 0x000002a22dee3800 Exception <a 'java/lang/ClassNotFoundException'{0x000000008d0a9798}: java/util/AbstractSetBeanInfo> (0x000000008d0a9798) thrown at [./src/hotspot/share/classfile/systemDictionary.cpp, line 231]
Event: 104.890 Thread 0x000002a22dee3800 Exception <a 'java/lang/ClassNotFoundException'{0x000000008d0b2be8}: java/util/AbstractSetCustomizer> (0x000000008d0b2be8) thrown at [./src/hotspot/share/classfile/systemDictionary.cpp, line 231]
Event: 104.890 Thread 0x000002a22dee3800 Exception <a 'java/lang/ClassNotFoundException'{0x000000008d0c00d8}: java/util/HashSetCustomizer> (0x000000008d0c00d8) thrown at [./src/hotspot/share/classfile/systemDictionary.cpp, line 231]
Event: 104.891 Thread 0x000002a22dee3800 Exception <a 'java/lang/ClassNotFoundException'{0x000000008d0d1668}: java/util/LinkedHashSetCustomizer> (0x000000008d0d1668) thrown at [./src/hotspot/share/classfile/systemDictionary.cpp, line 231]
Event: 104.893 Thread 0x000002a22dee3800 Exception <a 'java/lang/ClassNotFoundException'{0x000000008d0f95e0}: org/jetbrains/plugins/gradle/tooling/util/JavaPluginUtilBeanInfo> (0x000000008d0f95e0) thrown at [./src/hotspot/share/classfile/systemDictionary.cpp, line 231]
Event: 104.894 Thread 0x000002a22dee3800 Exception <a 'java/lang/ClassNotFoundException'{0x000000008cf0a448}: org/jetbrains/plugins/gradle/tooling/util/JavaPluginUtilCustomizer> (0x000000008cf0a448) thrown at [./src/hotspot/share/classfile/systemDictionary.cpp, line 231]

Events (20 events):
Event: 104.994 loading class org/apache/tools/ant/types/FilterSetCollection
Event: 104.994 loading class org/apache/tools/ant/types/FilterSetCollection done
Event: 104.995 loading class org/apache/tools/ant/input/DefaultInputHandler
Event: 104.995 loading class org/apache/tools/ant/input/DefaultInputHandler done
Event: 104.998 loading class org/apache/tools/ant/ProjectHelper
Event: 104.998 loading class org/apache/tools/ant/ProjectHelper done
Event: 104.999 loading class org/apache/tools/ant/ExitStatusException
Event: 104.999 loading class org/apache/tools/ant/ExitStatusException done
Event: 105.000 loading class org/apache/tools/ant/ProjectHelperRepository
Event: 105.000 loading class org/apache/tools/ant/ProjectHelperRepository done
Event: 105.001 loading class org/apache/tools/ant/util/LoaderUtils
Event: 105.001 loading class org/apache/tools/ant/util/LoaderUtils done
Event: 105.009 loading class org/apache/tools/ant/helper/ProjectHelper2
Event: 105.009 loading class org/apache/tools/ant/helper/ProjectHelper2 done
Event: 105.016 loading class org/apache/tools/ant/helper/ProjectHelper2$AntHandler
Event: 105.016 loading class org/apache/tools/ant/helper/ProjectHelper2$AntHandler done
Event: 105.017 loading class org/apache/tools/ant/helper/ProjectHelper2$ElementHandler
Event: 105.017 loading class org/apache/tools/ant/helper/ProjectHelper2$ElementHandler done
Event: 105.018 loading class org/apache/tools/ant/helper/ProjectHelper2$TargetHandler
Event: 105.018 loading class org/apache/tools/ant/helper/ProjectHelper2$TargetHandler done


Dynamic libraries:
0x00007ff6b47b0000 - 0x00007ff6b47ba000 	C:\Program Files\Android\Android Studio\jre\bin\java.exe
0x00007fff94370000 - 0x00007fff94568000 	C:\Windows\SYSTEM32\ntdll.dll
0x00007fff92fd0000 - 0x00007fff9308f000 	C:\Windows\System32\KERNEL32.DLL
0x00007fff92040000 - 0x00007fff92336000 	C:\Windows\System32\KERNELBASE.dll
0x00007fff91e70000 - 0x00007fff91f70000 	C:\Windows\System32\ucrtbase.dll
0x00007fff8bc20000 - 0x00007fff8bc37000 	C:\Program Files\Android\Android Studio\jre\bin\VCRUNTIME140.dll
0x00007fff8b4d0000 - 0x00007fff8b4e9000 	C:\Program Files\Android\Android Studio\jre\bin\jli.dll
0x00007fff933b0000 - 0x00007fff9354d000 	C:\Windows\System32\USER32.dll
0x00007fff7ea10000 - 0x00007fff7ecaa000 	C:\Windows\WinSxS\amd64_microsoft.windows.common-controls_6595b64144ccf1df_6.0.19041.1110_none_60b5254171f9507e\COMCTL32.dll
0x00007fff91c90000 - 0x00007fff91cb2000 	C:\Windows\System32\win32u.dll
0x00007fff92b70000 - 0x00007fff92c0e000 	C:\Windows\System32\msvcrt.dll
0x00007fff93720000 - 0x00007fff9374c000 	C:\Windows\System32\GDI32.dll
0x00007fff91b00000 - 0x00007fff91c15000 	C:\Windows\System32\gdi32full.dll
0x00007fff91fa0000 - 0x00007fff9203d000 	C:\Windows\System32\msvcp_win.dll
0x00007fff92620000 - 0x00007fff92650000 	C:\Windows\System32\IMM32.DLL
0x00007fff73710000 - 0x00007fff737ad000 	C:\Program Files\Android\Android Studio\jre\bin\msvcp140.dll
0x00007fff4c860000 - 0x00007fff4d362000 	C:\Program Files\Android\Android Studio\jre\bin\server\jvm.dll
0x00007fff92ac0000 - 0x00007fff92b6f000 	C:\Windows\System32\ADVAPI32.dll
0x00007fff94290000 - 0x00007fff9432c000 	C:\Windows\System32\sechost.dll
0x00007fff93570000 - 0x00007fff93696000 	C:\Windows\System32\RPCRT4.dll
0x00007fff925b0000 - 0x00007fff925b8000 	C:\Windows\System32\PSAPI.DLL
0x00007fff8b4a0000 - 0x00007fff8b4a9000 	C:\Windows\SYSTEM32\WSOCK32.dll
0x00007fff7f2e0000 - 0x00007fff7f2ea000 	C:\Windows\SYSTEM32\VERSION.dll
0x00007fff7d490000 - 0x00007fff7d4b7000 	C:\Windows\SYSTEM32\WINMM.dll
0x00007fff93140000 - 0x00007fff931ab000 	C:\Windows\System32\WS2_32.dll
0x00007fff8f8f0000 - 0x00007fff8f902000 	C:\Windows\SYSTEM32\kernel.appcore.dll
0x00007fff8b480000 - 0x00007fff8b491000 	C:\Program Files\Android\Android Studio\jre\bin\verify.dll
0x00007fff7e630000 - 0x00007fff7e814000 	C:\Windows\SYSTEM32\DBGHELP.DLL
0x00007fff7e5f0000 - 0x00007fff7e624000 	C:\Windows\SYSTEM32\dbgcore.DLL
0x00007fff92340000 - 0x00007fff923c2000 	C:\Windows\System32\bcryptPrimitives.dll
0x00007fff8b450000 - 0x00007fff8b479000 	C:\Program Files\Android\Android Studio\jre\bin\java.dll
0x00007fff8b440000 - 0x00007fff8b44b000 	C:\Program Files\Android\Android Studio\jre\bin\jimage.dll
0x00007fff8b420000 - 0x00007fff8b438000 	C:\Program Files\Android\Android Studio\jre\bin\zip.dll
0x00007fff93ae0000 - 0x00007fff94224000 	C:\Windows\System32\SHELL32.dll
0x00007fff8faf0000 - 0x00007fff90283000 	C:\Windows\SYSTEM32\windows.storage.dll
0x00007fff92c10000 - 0x00007fff92f64000 	C:\Windows\System32\combase.dll
0x00007fff91490000 - 0x00007fff914be000 	C:\Windows\SYSTEM32\Wldp.dll
0x00007fff923d0000 - 0x00007fff9247d000 	C:\Windows\System32\SHCORE.dll
0x00007fff925c0000 - 0x00007fff92615000 	C:\Windows\System32\shlwapi.dll
0x00007fff91980000 - 0x00007fff919a5000 	C:\Windows\SYSTEM32\profapi.dll
0x00007fff8b400000 - 0x00007fff8b41a000 	C:\Program Files\Android\Android Studio\jre\bin\net.dll
0x00007fff864c0000 - 0x00007fff865ca000 	C:\Windows\SYSTEM32\WINHTTP.dll
0x00007fff911f0000 - 0x00007fff9125a000 	C:\Windows\system32\mswsock.dll
0x00007fff8b3e0000 - 0x00007fff8b3f4000 	C:\Program Files\Android\Android Studio\jre\bin\nio.dll
0x00007fff843d0000 - 0x00007fff843f7000 	C:\Users\hp\.gradle\native\e1d6ef7f7dcc3fd88c89a11ec53ec762bb8ba0a96d01ffa2cd45eb1d1d8dd5c5\windows-amd64\native-platform.dll
0x00007fff5fc40000 - 0x00007fff5fd84000 	C:\Users\hp\.gradle\native\0d407fdbe67a94daf76414ababcb853783967236a71b16ec16e742cd7a986fd3\windows-amd64\native-platform-file-events.dll
0x00007fff8b3d0000 - 0x00007fff8b3da000 	C:\Program Files\Android\Android Studio\jre\bin\management.dll
0x00007fff8b3c0000 - 0x00007fff8b3cd000 	C:\Program Files\Android\Android Studio\jre\bin\management_ext.dll
0x00007fff913e0000 - 0x00007fff913f8000 	C:\Windows\SYSTEM32\CRYPTSP.dll
0x00007fff90a90000 - 0x00007fff90ac4000 	C:\Windows\system32\rsaenh.dll
0x00007fff91f70000 - 0x00007fff91f97000 	C:\Windows\System32\bcrypt.dll
0x00007fff91900000 - 0x00007fff9192e000 	C:\Windows\SYSTEM32\USERENV.dll
0x00007fff91400000 - 0x00007fff9140c000 	C:\Windows\SYSTEM32\CRYPTBASE.dll
0x00007fff90e90000 - 0x00007fff90ecb000 	C:\Windows\SYSTEM32\IPHLPAPI.DLL
0x00007fff93130000 - 0x00007fff93138000 	C:\Windows\System32\NSI.dll
0x00007fff88230000 - 0x00007fff88247000 	C:\Windows\SYSTEM32\dhcpcsvc6.DLL
0x00007fff881d0000 - 0x00007fff881ed000 	C:\Windows\SYSTEM32\dhcpcsvc.DLL
0x00007fff90ee0000 - 0x00007fff90faa000 	C:\Windows\SYSTEM32\DNSAPI.dll
0x00007fff7db80000 - 0x00007fff7dba7000 	C:\Program Files\Android\Android Studio\jre\bin\sunec.dll
0x00007fff893c0000 - 0x00007fff893ca000 	C:\Windows\System32\rasadhlp.dll
0x00007fff83fd0000 - 0x00007fff84052000 	C:\Windows\System32\fwpuclnt.dll

dbghelp: loaded successfully - version: 4.0.5 - missing functions: none
symbol engine: initialized successfully - sym options: 0x614 - pdb path: .;C:\Program Files\Android\Android Studio\jre\bin;C:\Windows\SYSTEM32;C:\Windows\WinSxS\amd64_microsoft.windows.common-controls_6595b64144ccf1df_6.0.19041.1110_none_60b5254171f9507e;C:\Program Files\Android\Android Studio\jre\bin\server;C:\Users\hp\.gradle\native\e1d6ef7f7dcc3fd88c89a11ec53ec762bb8ba0a96d01ffa2cd45eb1d1d8dd5c5\windows-amd64;C:\Users\hp\.gradle\native\0d407fdbe67a94daf76414ababcb853783967236a71b16ec16e742cd7a986fd3\windows-amd64

VM Arguments:
jvm_args: --add-opens=java.base/java.util=ALL-UNNAMED --add-opens=java.base/java.lang=ALL-UNNAMED --add-opens=java.base/java.lang.invoke=ALL-UNNAMED --add-opens=java.base/java.util=ALL-UNNAMED --add-opens=java.prefs/java.util.prefs=ALL-UNNAMED --add-opens=java.prefs/java.util.prefs=ALL-UNNAMED --add-opens=java.base/java.nio.charset=ALL-UNNAMED --add-opens=java.base/java.net=ALL-UNNAMED --add-opens=java.base/java.util.concurrent.atomic=ALL-UNNAMED -Xmx2048m -Dfile.encoding=UTF-8 -Duser.country=US -Duser.language=en -Duser.variant 
java_command: org.gradle.launcher.daemon.bootstrap.GradleDaemon 7.5
java_class_path (initial): C:\Users\hp\.gradle\wrapper\dists\gradle-7.5-bin\f1w0cc9nuo0eivz97x2xlu9sv\gradle-7.5\lib\gradle-launcher-7.5.jar
Launcher Type: SUN_STANDARD

[Global flags]
     intx CICompilerCount                          = 3                                         {product} {ergonomic}
     uint ConcGCThreads                            = 1                                         {product} {ergonomic}
     uint G1ConcRefinementThreads                  = 4                                         {product} {ergonomic}
   size_t G1HeapRegionSize                         = 1048576                                   {product} {ergonomic}
    uintx GCDrainStackTargetSize                   = 64                                        {product} {ergonomic}
   size_t InitialHeapSize                          = 134217728                                 {product} {ergonomic}
   size_t MarkStackSize                            = 4194304                                   {product} {ergonomic}
   size_t MaxHeapSize                              = 2147483648                                {product} {command line}
   size_t MaxNewSize                               = 1287651328                                {product} {ergonomic}
   size_t MinHeapDeltaBytes                        = 1048576                                   {product} {ergonomic}
    uintx NonNMethodCodeHeapSize                   = 5830732                                {pd product} {ergonomic}
    uintx NonProfiledCodeHeapSize                  = 122913754                              {pd product} {ergonomic}
    uintx ProfiledCodeHeapSize                     = 122913754                              {pd product} {ergonomic}
    uintx ReservedCodeCacheSize                    = 251658240                              {pd product} {ergonomic}
     bool SegmentedCodeCache                       = true                                      {product} {ergonomic}
     bool UseCompressedClassPointers               = true                                 {lp64_product} {ergonomic}
     bool UseCompressedOops                        = true                                 {lp64_product} {ergonomic}
     bool UseG1GC                                  = true                                      {product} {ergonomic}
     bool UseLargePagesIndividualAllocation        = false                                  {pd product} {ergonomic}

Logging:
Log output configuration:
 #0: stdout all=warning uptime,level,tags
 #1: stderr all=off uptime,level,tags

Environment Variables:
PATH=C:\Program Files (x86)\VMware\VMware Workstation\bin\;C:\Program Files (x86)\NVIDIA Corporation\PhysX\Common;C:\Windows\system32;C:\Windows;C:\Windows\System32\Wbem;C:\Windows\System32\WindowsPowerShell\v1.0\;C:\Windows\System32\OpenSSH\;C:\Users\hp\Documents\Java\jdk1.8.0_111\bin;c:\Program Files (x86)\Microsoft SQL Server\90\Tools\binn\;C:\Program Files\dotnet\;C:\Program Files\Microsoft SQL Server\150\Tools\Binn\;C:\Program Files\Microsoft SQL Server\Client SDK\ODBC\170\Tools\Binn\;C:\Program Files\Git\cmd;C:\Program Files\nodejs\;C:\ProgramData\chocolatey\bin;C:\Users\hp\AppData\Local\Programs\Python\Python310\Scripts\;C:\Users\hp\AppData\Local\Programs\Python\Python310\;C:\Users\hp\AppData\Local\Programs\Python\Launcher\;C:\Users\hp\AppData\Local\Microsoft\WindowsApps;C:\Program Files\Java\jdk1.8.0_111\bin;;C:\Program Files\JetBrains\PyCharm Community Edition 2022.3.1\bin;;C:\Users\hp\.dotnet\tools;C:\Users\hp\AppData\Roaming\npm;C:\Users\hp\AppData\Local\Programs\Microsoft VS Code\bin
USERNAME=hp
OS=Windows_NT
PROCESSOR_IDENTIFIER=Intel64 Family 6 Model 69 Stepping 1, GenuineIntel



---------------  S Y S T E M  ---------------

OS: Windows 10 , 64 bit Build 19041 (10.0.19041.3155)
OS uptime: 0 days 10:15 hours

CPU:total 4 (initial active 4) (2 cores per cpu, 2 threads per core) family 6 model 69 stepping 1 microcode 0x25, cmov, cx8, fxsr, mmx, sse, sse2, sse3, ssse3, sse4.1, sse4.2, popcnt, avx, avx2, aes, clmul, erms, lzcnt, ht, tsc, tscinvbit, bmi1, bmi2, fma

Memory: 4k page, system-wide physical 8089M (426M free)
TotalPageFile size 10949M (AvailPageFile size 3M)
current process WorkingSet (physical memory assigned to process): 550M, peak: 550M
current process commit charge ("private bytes"): 582M, peak: 583M

vm_info: OpenJDK 64-Bit Server VM (11.0.13+0-b1751.21-8125866) for windows-amd64 JRE (11.0.13+0-b1751.21-8125866), built on Feb  2 2022 03:00:22 by "builder" with MS VC++ 14.0 (VS2015)

END.
