#
# There is insufficient memory for the Java Runtime Environment to continue.
# Native memory allocation (mmap) failed to map 32505856 bytes for Failed to commit area from 0x0000000089a00000 to 0x000000008b900000 of length 32505856.
# Possible reasons:
#   The system is out of physical RAM or swap space
#   The process is running with CompressedOops enabled, and the Java Heap may be blocking the growth of the native heap
# Possible solutions:
#   Reduce memory load on the system
#   Increase physical memory or swap space
#   Check if swap backing store is full
#   Decrease Java heap size (-Xmx/-Xms)
#   Decrease number of Java threads
#   Decrease Java thread stack sizes (-Xss)
#   Set larger code cache with -XX:ReservedCodeCacheSize=
#   JVM is running with Unscaled Compressed Oops mode in which the Java heap is
#     placed in the first 4GB address space. The Java Heap base address is the
#     maximum limit for the native heap growth. Please use -XX:HeapBaseMinAddress
#     to set the Java Heap base and to place the Java Heap above 4GB virtual address.
# This output file may be truncated or incomplete.
#
#  Out of Memory Error (./src/hotspot/os/windows/os_windows.cpp:3619), pid=6360, tid=8320
#
# JRE version: OpenJDK Runtime Environment (11.0.13) (build 11.0.13+0-b1751.21-8125866)
# Java VM: OpenJDK 64-Bit Server VM (11.0.13+0-b1751.21-8125866, mixed mode, tiered, compressed oops, g1 gc, windows-amd64)
# No core dump will be written. Minidumps are not enabled by default on client versions of Windows
#

---------------  S U M M A R Y ------------

Command Line: --add-opens=java.base/java.util=ALL-UNNAMED --add-opens=java.base/java.lang=ALL-UNNAMED --add-opens=java.base/java.lang.invoke=ALL-UNNAMED --add-opens=java.base/java.util=ALL-UNNAMED --add-opens=java.prefs/java.util.prefs=ALL-UNNAMED --add-opens=java.prefs/java.util.prefs=ALL-UNNAMED --add-opens=java.base/java.nio.charset=ALL-UNNAMED --add-opens=java.base/java.net=ALL-UNNAMED --add-opens=java.base/java.util.concurrent.atomic=ALL-UNNAMED -Xmx2048m -Dfile.encoding=UTF-8 -Duser.country=US -Duser.language=en -Duser.variant org.gradle.launcher.daemon.bootstrap.GradleDaemon 7.5

Host: Intel(R) Core(TM) i5-4300U CPU @ 1.90GHz, 4 cores, 7G,  Windows 10 , 64 bit Build 19041 (10.0.19041.3155)
Time: Thu Aug 24 19:49:01 2023 E. Africa Standard Time elapsed time: 8.728241 seconds (0d 0h 0m 8s)

---------------  T H R E A D  ---------------

Current thread (0x0000025f4d942000):  VMThread "VM Thread" [stack: 0x0000008717700000,0x0000008717800000] [id=8320]

Stack: [0x0000008717700000,0x0000008717800000]
[error occurred during error reporting (printing stack bounds), id 0xc0000005, EXCEPTION_ACCESS_VIOLATION (0xc0000005) at pc=0x0000025f3785112d]

Native frames: (J=compiled Java code, j=interpreted, Vv=VM code, C=native code)
V  [jvm.dll+0x6100fa]
V  [jvm.dll+0x747090]
V  [jvm.dll+0x7486ad]
V  [jvm.dll+0x748ce5]
V  [jvm.dll+0x748c9b]
V  [jvm.dll+0x60f224]
V  [jvm.dll+0x60f9b8]
C  [ntdll.dll+0xa23df]
C  [ntdll.dll+0x514b4]
C  [ntdll.dll+0xa0eee]
C  0x0000025f3785112d

VM_Operation (0x0000008718bf8dc0): G1CollectForAllocation, mode: safepoint, requested by thread 0x0000025f51498000


---------------  P R O C E S S  ---------------

Threads class SMR info:
_java_thread_list=0x0000025f50b9a620, length=36, elements={
0x0000025f33d30000, 0x0000025f4d944800, 0x0000025f4d952800, 0x0000025f4e2d3800,
0x0000025f4d95e800, 0x0000025f4d961000, 0x0000025f4d964000, 0x0000025f4d971800,
0x0000025f4d97d000, 0x0000025f4e425800, 0x0000025f4fc95000, 0x0000025f4e683000,
0x0000025f50593800, 0x0000025f50dd6800, 0x0000025f50dd7800, 0x0000025f50401000,
0x0000025f509e1800, 0x0000025f51498000, 0x0000025f508a5000, 0x0000025f5123a800,
0x0000025f50567000, 0x0000025f505b3000, 0x0000025f505b4000, 0x0000025f505b0000,
0x0000025f505b4800, 0x0000025f505b1800, 0x0000025f505af000, 0x0000025f505b5800,
0x0000025f505b0800, 0x0000025f505b2800, 0x0000025f4e9f8000, 0x0000025f4e9f9000,
0x0000025f4e9f6800, 0x0000025f4e9fa000, 0x0000025f4e9f5800, 0x0000025f4e9f5000
}

Java Threads: ( => current thread )
  0x0000025f33d30000 JavaThread "main" [_thread_blocked, id=1548, stack(0x0000008717100000,0x0000008717200000)]
  0x0000025f4d944800 JavaThread "Reference Handler" daemon [_thread_blocked, id=4232, stack(0x0000008717800000,0x0000008717900000)]
  0x0000025f4d952800 JavaThread "Finalizer" daemon [_thread_blocked, id=2892, stack(0x0000008717900000,0x0000008717a00000)]
  0x0000025f4e2d3800 JavaThread "Signal Dispatcher" daemon [_thread_blocked, id=9472, stack(0x0000008717a00000,0x0000008717b00000)]
  0x0000025f4d95e800 JavaThread "Attach Listener" daemon [_thread_blocked, id=6676, stack(0x0000008717b00000,0x0000008717c00000)]
  0x0000025f4d961000 JavaThread "Service Thread" daemon [_thread_blocked, id=5692, stack(0x0000008717c00000,0x0000008717d00000)]
  0x0000025f4d964000 JavaThread "C2 CompilerThread0" daemon [_thread_blocked, id=9504, stack(0x0000008717d00000,0x0000008717e00000)]
  0x0000025f4d971800 JavaThread "C1 CompilerThread0" daemon [_thread_blocked, id=9144, stack(0x0000008717e00000,0x0000008717f00000)]
  0x0000025f4d97d000 JavaThread "Sweeper thread" daemon [_thread_blocked, id=11464, stack(0x0000008717f00000,0x0000008718000000)]
  0x0000025f4e425800 JavaThread "Common-Cleaner" daemon [_thread_blocked, id=8720, stack(0x0000008718000000,0x0000008718100000)]
  0x0000025f4fc95000 JavaThread "Daemon health stats" [_thread_blocked, id=4608, stack(0x0000008718500000,0x0000008718600000)]
  0x0000025f4e683000 JavaThread "Incoming local TCP Connector on port 14182" [_thread_in_native, id=3168, stack(0x0000008718200000,0x0000008718300000)]
  0x0000025f50593800 JavaThread "Daemon periodic checks" [_thread_blocked, id=11628, stack(0x0000008718600000,0x0000008718700000)]
  0x0000025f50dd6800 JavaThread "Daemon" [_thread_blocked, id=12028, stack(0x0000008718700000,0x0000008718800000)]
  0x0000025f50dd7800 JavaThread "Handler for socket connection from /127.0.0.1:14182 to /127.0.0.1:14183" [_thread_in_native, id=10604, stack(0x0000008718800000,0x0000008718900000)]
  0x0000025f50401000 JavaThread "C2 CompilerThread1" daemon [_thread_blocked, id=11304, stack(0x0000008718900000,0x0000008718a00000)]
  0x0000025f509e1800 JavaThread "Cancel handler" [_thread_blocked, id=5860, stack(0x0000008718a00000,0x0000008718b00000)]
  0x0000025f51498000 JavaThread "Daemon worker" [_thread_blocked, id=6700, stack(0x0000008718b00000,0x0000008718c00000)]
  0x0000025f508a5000 JavaThread "Asynchronous log dispatcher for DefaultDaemonConnection: socket connection from /127.0.0.1:14182 to /127.0.0.1:14183" [_thread_blocked, id=5452, stack(0x0000008718c00000,0x0000008718d00000)]
  0x0000025f5123a800 JavaThread "Stdin handler" [_thread_blocked, id=1972, stack(0x0000008718d00000,0x0000008718e00000)]
  0x0000025f50567000 JavaThread "Daemon client event forwarder" [_thread_blocked, id=7428, stack(0x0000008718f00000,0x0000008719000000)]
  0x0000025f505b3000 JavaThread "Cache worker for journal cache (C:\Users\hp\.gradle\caches\journal-1)" [_thread_blocked, id=8484, stack(0x0000008719000000,0x0000008719100000)]
  0x0000025f505b4000 JavaThread "File lock request listener" [_thread_in_native, id=1520, stack(0x0000008719100000,0x0000008719200000)]
  0x0000025f505b0000 JavaThread "Cache worker for file hash cache (C:\Users\hp\.gradle\caches\7.5\fileHashes)" [_thread_blocked, id=12196, stack(0x0000008719200000,0x0000008719300000)]
  0x0000025f505b4800 JavaThread "File watcher server" daemon [_thread_in_native, id=11832, stack(0x0000008719300000,0x0000008719400000)]
  0x0000025f505b1800 JavaThread "File watcher consumer" daemon [_thread_blocked, id=11744, stack(0x0000008719400000,0x0000008719500000)]
  0x0000025f505af000 JavaThread "jar transforms" [_thread_blocked, id=5608, stack(0x0000008719500000,0x0000008719600000)]
  0x0000025f505b5800 JavaThread "jar transforms Thread 2" [_thread_blocked, id=1596, stack(0x0000008719600000,0x0000008719700000)]
  0x0000025f505b0800 JavaThread "jar transforms Thread 3" [_thread_blocked, id=11436, stack(0x0000008719700000,0x0000008719800000)]
  0x0000025f505b2800 JavaThread "jar transforms Thread 4" [_thread_blocked, id=5956, stack(0x0000008719800000,0x0000008719900000)]
  0x0000025f4e9f8000 JavaThread "Cache worker for checksums cache (C:\Users\hp\Desktop\eCommerceApp\.gradle\7.5\checksums)" [_thread_blocked, id=7836, stack(0x0000008719900000,0x0000008719a00000)]
  0x0000025f4e9f9000 JavaThread "Cache worker for cache directory md-rule (C:\Users\hp\.gradle\caches\7.5\md-rule)" [_thread_blocked, id=9320, stack(0x0000008719a00000,0x0000008719b00000)]
  0x0000025f4e9f6800 JavaThread "Cache worker for file content cache (C:\Users\hp\.gradle\caches\7.5\fileContent)" [_thread_blocked, id=7084, stack(0x0000008719b00000,0x0000008719c00000)]
  0x0000025f4e9fa000 JavaThread "Cache worker for file hash cache (C:\Users\hp\Desktop\eCommerceApp\.gradle\7.5\fileHashes)" [_thread_blocked, id=12104, stack(0x0000008719c00000,0x0000008719d00000)]
  0x0000025f4e9f5800 JavaThread "Cache worker for cache directory md-supplier (C:\Users\hp\.gradle\caches\7.5\md-supplier)" [_thread_blocked, id=10924, stack(0x0000008719d00000,0x0000008719e00000)]
  0x0000025f4e9f5000 JavaThread "Cache worker for execution history cache (C:\Users\hp\.gradle\caches\7.5\executionHistory)" [_thread_blocked, id=6688, stack(0x0000008719e00000,0x0000008719f00000)]

Other Threads:
=>0x0000025f4d942000 VMThread "VM Thread" [stack: 0x0000008717700000,0x0000008717800000] [id=8320]
  0x0000025f4e43f000 WatcherThread [stack: 0x0000008718100000,0x0000008718200000] [id=11728]
  0x0000025f33d49000 GCTaskThread "GC Thread#0" [stack: 0x0000008717200000,0x0000008717300000] [id=10128]
  0x0000025f4ebe9000 GCTaskThread "GC Thread#1" [stack: 0x0000008718300000,0x0000008718400000] [id=2500]
  0x0000025f4ebe9800 GCTaskThread "GC Thread#2" [stack: 0x0000008718400000,0x0000008718500000] [id=876]
  0x0000025f508bb800 GCTaskThread "GC Thread#3" [stack: 0x0000008718e00000,0x0000008718f00000] [id=3652]
  0x0000025f33d7a800 ConcurrentGCThread "G1 Main Marker" [stack: 0x0000008717300000,0x0000008717400000] [id=12172]
  0x0000025f33d7b800 ConcurrentGCThread "G1 Conc#0" [stack: 0x0000008717400000,0x0000008717500000] [id=7300]
  0x0000025f33e0a000 ConcurrentGCThread "G1 Refine#0" [stack: 0x0000008717500000,0x0000008717600000] [id=8012]
  0x0000025f33e0b000 ConcurrentGCThread "G1 Young RemSet Sampling" [stack: 0x0000008717600000,0x0000008717700000] [id=11128]

Threads with active compile tasks:
C2 CompilerThread0   8744 3938       4       groovy.lang.MetaClassImpl$1MOPIter::methodNameAction (325 bytes)
C1 CompilerThread0   8744 4195       3       org.gradle.internal.instantiation.generator.AbstractClassGenerator$PropertyTypePropertyHandler::visitProperty (29 bytes)
C2 CompilerThread1   8744 4173       4       java.util.Arrays::binarySearch0 (95 bytes)

VM state:at safepoint (normal execution)

VM Mutex/Monitor currently owned by a thread:  ([mutex/lock_event])
[0x0000025f33d2b4c0] Threads_lock - owner thread: 0x0000025f4d942000
[0x0000025f33d2c000] Heap_lock - owner thread: 0x0000025f51498000

Heap address: 0x0000000080000000, size: 2048 MB, Compressed Oops mode: 32-bit
Narrow klass base: 0x0000000000000000, Narrow klass shift: 3
Compressed class space size: 1073741824 Address: 0x0000000100000000

Heap:
 garbage-first heap   total 189440K, used 69084K [0x0000000080000000, 0x0000000100000000)
  region size 1024K, 6 young (6144K), 6 survivors (6144K)
 Metaspace       used 46648K, capacity 47877K, committed 48080K, reserved 1091584K
  class space    used 5867K, capacity 6347K, committed 6432K, reserved 1048576K
Heap Regions: E=young(eden), S=young(survivor), O=old, HS=humongous(starts), HC=humongous(continues), CS=collection set, F=free, A=archive, TAMS=top-at-mark-start (previous, next)
|   0|0x0000000080000000, 0x0000000080100000, 0x0000000080100000|100%|HS|  |TAMS 0x0000000080100000, 0x0000000080000000| Complete 
|   1|0x0000000080100000, 0x0000000080200000, 0x0000000080200000|100%|HC|  |TAMS 0x0000000080200000, 0x0000000080100000| Complete 
|   2|0x0000000080200000, 0x0000000080300000, 0x0000000080300000|100%|HC|  |TAMS 0x0000000080300000, 0x0000000080200000| Complete 
|   3|0x0000000080300000, 0x0000000080400000, 0x0000000080400000|100%| O|  |TAMS 0x0000000080400000, 0x0000000080300000| Untracked 
|   4|0x0000000080400000, 0x0000000080500000, 0x0000000080500000|100%| O|  |TAMS 0x0000000080500000, 0x0000000080400000| Untracked 
|   5|0x0000000080500000, 0x0000000080600000, 0x0000000080600000|100%| O|  |TAMS 0x0000000080600000, 0x0000000080500000| Untracked 
|   6|0x0000000080600000, 0x0000000080700000, 0x0000000080700000|100%| O|  |TAMS 0x0000000080700000, 0x0000000080600000| Untracked 
|   7|0x0000000080700000, 0x0000000080800000, 0x0000000080800000|100%| O|  |TAMS 0x0000000080800000, 0x0000000080700000| Untracked 
|   8|0x0000000080800000, 0x0000000080900000, 0x0000000080900000|100%| O|  |TAMS 0x0000000080900000, 0x0000000080800000| Untracked 
|   9|0x0000000080900000, 0x0000000080a00000, 0x0000000080a00000|100%| O|  |TAMS 0x0000000080a00000, 0x0000000080900000| Untracked 
|  10|0x0000000080a00000, 0x0000000080b00000, 0x0000000080b00000|100%| O|  |TAMS 0x0000000080b00000, 0x0000000080a00000| Untracked 
|  11|0x0000000080b00000, 0x0000000080c00000, 0x0000000080c00000|100%| O|  |TAMS 0x0000000080c00000, 0x0000000080b00000| Untracked 
|  12|0x0000000080c00000, 0x0000000080d00000, 0x0000000080d00000|100%| O|  |TAMS 0x0000000080d00000, 0x0000000080c00000| Untracked 
|  13|0x0000000080d00000, 0x0000000080e00000, 0x0000000080e00000|100%| O|  |TAMS 0x0000000080e00000, 0x0000000080d00000| Untracked 
|  14|0x0000000080e00000, 0x0000000080f00000, 0x0000000080f00000|100%| O|  |TAMS 0x0000000080f00000, 0x0000000080e00000| Untracked 
|  15|0x0000000080f00000, 0x0000000081000000, 0x0000000081000000|100%| O|  |TAMS 0x0000000081000000, 0x0000000080f00000| Untracked 
|  16|0x0000000081000000, 0x0000000081100000, 0x0000000081100000|100%|HS|  |TAMS 0x0000000081100000, 0x0000000081000000| Complete 
|  17|0x0000000081100000, 0x0000000081200000, 0x0000000081200000|100%|HC|  |TAMS 0x0000000081200000, 0x0000000081100000| Complete 
|  18|0x0000000081200000, 0x0000000081300000, 0x0000000081300000|100%|HS|  |TAMS 0x0000000081300000, 0x0000000081200000| Complete 
|  19|0x0000000081300000, 0x0000000081400000, 0x0000000081400000|100%|HC|  |TAMS 0x0000000081400000, 0x0000000081300000| Complete 
|  20|0x0000000081400000, 0x0000000081500000, 0x0000000081500000|100%|HC|  |TAMS 0x0000000081500000, 0x0000000081400000| Complete 
|  21|0x0000000081500000, 0x0000000081600000, 0x0000000081600000|100%|HS|  |TAMS 0x0000000081600000, 0x0000000081500000| Complete 
|  22|0x0000000081600000, 0x0000000081700000, 0x0000000081700000|100%|HS|  |TAMS 0x0000000081700000, 0x0000000081600000| Complete 
|  23|0x0000000081700000, 0x0000000081800000, 0x0000000081800000|100%|HC|  |TAMS 0x0000000081800000, 0x0000000081700000| Complete 
|  24|0x0000000081800000, 0x0000000081900000, 0x0000000081900000|100%|HS|  |TAMS 0x0000000081900000, 0x0000000081800000| Complete 
|  25|0x0000000081900000, 0x0000000081a00000, 0x0000000081a00000|100%|HC|  |TAMS 0x0000000081a00000, 0x0000000081900000| Complete 
|  26|0x0000000081a00000, 0x0000000081b00000, 0x0000000081b00000|100%|HC|  |TAMS 0x0000000081b00000, 0x0000000081a00000| Complete 
|  27|0x0000000081b00000, 0x0000000081c00000, 0x0000000081c00000|100%|HS|  |TAMS 0x0000000081c00000, 0x0000000081b00000| Complete 
|  28|0x0000000081c00000, 0x0000000081d00000, 0x0000000081d00000|100%|HC|  |TAMS 0x0000000081d00000, 0x0000000081c00000| Complete 
|  29|0x0000000081d00000, 0x0000000081e00000, 0x0000000081e00000|100%|HC|  |TAMS 0x0000000081e00000, 0x0000000081d00000| Complete 
|  30|0x0000000081e00000, 0x0000000081f00000, 0x0000000081f00000|100%|HS|  |TAMS 0x0000000081f00000, 0x0000000081e00000| Complete 
|  31|0x0000000081f00000, 0x0000000082000000, 0x0000000082000000|100%|HC|  |TAMS 0x0000000082000000, 0x0000000081f00000| Complete 
|  32|0x0000000082000000, 0x0000000082100000, 0x0000000082100000|100%|HC|  |TAMS 0x0000000082100000, 0x0000000082000000| Complete 
|  33|0x0000000082100000, 0x0000000082200000, 0x0000000082200000|100%|HC|  |TAMS 0x0000000082200000, 0x0000000082100000| Complete 
|  34|0x0000000082200000, 0x0000000082300000, 0x0000000082300000|100%|HC|  |TAMS 0x0000000082300000, 0x0000000082200000| Complete 
|  35|0x0000000082300000, 0x0000000082400000, 0x0000000082400000|100%| O|  |TAMS 0x0000000082400000, 0x0000000082300000| Untracked 
|  36|0x0000000082400000, 0x0000000082500000, 0x0000000082500000|100%| O|  |TAMS 0x0000000082500000, 0x0000000082400000| Untracked 
|  37|0x0000000082500000, 0x0000000082600000, 0x0000000082600000|100%| O|  |TAMS 0x0000000082600000, 0x0000000082500000| Untracked 
|  38|0x0000000082600000, 0x0000000082700000, 0x0000000082700000|100%| O|  |TAMS 0x0000000082700000, 0x0000000082600000| Untracked 
|  39|0x0000000082700000, 0x0000000082800000, 0x0000000082800000|100%| O|  |TAMS 0x0000000082800000, 0x0000000082700000| Untracked 
|  40|0x0000000082800000, 0x0000000082900000, 0x0000000082900000|100%| O|  |TAMS 0x0000000082900000, 0x0000000082800000| Untracked 
|  41|0x0000000082900000, 0x0000000082a00000, 0x0000000082a00000|100%| O|  |TAMS 0x0000000082a00000, 0x0000000082900000| Untracked 
|  42|0x0000000082a00000, 0x0000000082b00000, 0x0000000082b00000|100%| O|  |TAMS 0x0000000082b00000, 0x0000000082a00000| Untracked 
|  43|0x0000000082b00000, 0x0000000082c00000, 0x0000000082c00000|100%| O|  |TAMS 0x0000000082c00000, 0x0000000082b00000| Untracked 
|  44|0x0000000082c00000, 0x0000000082d00000, 0x0000000082d00000|100%| O|  |TAMS 0x0000000082c69600, 0x0000000082c00000| Untracked 
|  45|0x0000000082d00000, 0x0000000082e00000, 0x0000000082e00000|100%|HS|  |TAMS 0x0000000082d00000, 0x0000000082d00000| Complete 
|  46|0x0000000082e00000, 0x0000000082f00000, 0x0000000082f00000|100%|HC|  |TAMS 0x0000000082e00000, 0x0000000082e00000| Complete 
|  47|0x0000000082f00000, 0x0000000083000000, 0x0000000083000000|100%|HC|  |TAMS 0x0000000082f00000, 0x0000000082f00000| Complete 
|  48|0x0000000083000000, 0x0000000083100000, 0x0000000083100000|100%|HC|  |TAMS 0x0000000083000000, 0x0000000083000000| Complete 
|  49|0x0000000083100000, 0x0000000083200000, 0x0000000083200000|100%|HS|  |TAMS 0x0000000083100000, 0x0000000083100000| Complete 
|  50|0x0000000083200000, 0x0000000083300000, 0x0000000083300000|100%|HC|  |TAMS 0x0000000083200000, 0x0000000083200000| Complete 
|  51|0x0000000083300000, 0x0000000083400000, 0x0000000083400000|100%|HC|  |TAMS 0x0000000083300000, 0x0000000083300000| Complete 
|  52|0x0000000083400000, 0x0000000083500000, 0x0000000083500000|100%|HS|  |TAMS 0x0000000083400000, 0x0000000083400000| Complete 
|  53|0x0000000083500000, 0x0000000083600000, 0x0000000083600000|100%|HC|  |TAMS 0x0000000083500000, 0x0000000083500000| Complete 
|  54|0x0000000083600000, 0x0000000083700000, 0x0000000083700000|100%|HS|  |TAMS 0x0000000083600000, 0x0000000083600000| Complete 
|  55|0x0000000083700000, 0x0000000083800000, 0x0000000083800000|100%|HC|  |TAMS 0x0000000083700000, 0x0000000083700000| Complete 
|  56|0x0000000083800000, 0x0000000083900000, 0x0000000083900000|100%|HC|  |TAMS 0x0000000083800000, 0x0000000083800000| Complete 
|  57|0x0000000083900000, 0x0000000083900000, 0x0000000083a00000|  0%| F|  |TAMS 0x0000000083900000, 0x0000000083900000| Untracked 
|  58|0x0000000083a00000, 0x0000000083b00000, 0x0000000083b00000|100%| O|  |TAMS 0x0000000083a00000, 0x0000000083a00000| Untracked 
|  59|0x0000000083b00000, 0x0000000083c00000, 0x0000000083c00000|100%| O|  |TAMS 0x0000000083b00000, 0x0000000083b00000| Untracked 
|  60|0x0000000083c00000, 0x0000000083d00000, 0x0000000083d00000|100%| O|  |TAMS 0x0000000083c00000, 0x0000000083c00000| Untracked 
|  61|0x0000000083d00000, 0x0000000083e00000, 0x0000000083e00000|100%| O|  |TAMS 0x0000000083d00000, 0x0000000083d00000| Untracked 
|  62|0x0000000083e00000, 0x0000000083f00000, 0x0000000083f00000|100%| O|  |TAMS 0x0000000083e00000, 0x0000000083e00000| Untracked 
|  63|0x0000000083f00000, 0x0000000083f00000, 0x0000000084000000|  0%| F|  |TAMS 0x0000000083f00000, 0x0000000083f00000| Untracked 
|  64|0x0000000084000000, 0x0000000084000000, 0x0000000084100000|  0%| F|  |TAMS 0x0000000084000000, 0x0000000084000000| Untracked 
|  65|0x0000000084100000, 0x0000000084100000, 0x0000000084200000|  0%| F|  |TAMS 0x0000000084100000, 0x0000000084100000| Untracked 
|  66|0x0000000084200000, 0x0000000084200000, 0x0000000084300000|  0%| F|  |TAMS 0x0000000084200000, 0x0000000084200000| Untracked 
|  67|0x0000000084300000, 0x0000000084300000, 0x0000000084400000|  0%| F|  |TAMS 0x0000000084300000, 0x0000000084300000| Untracked 
|  68|0x0000000084400000, 0x0000000084400000, 0x0000000084500000|  0%| F|  |TAMS 0x0000000084400000, 0x0000000084400000| Untracked 
|  69|0x0000000084500000, 0x0000000084500000, 0x0000000084600000|  0%| F|  |TAMS 0x0000000084500000, 0x0000000084500000| Untracked 
|  70|0x0000000084600000, 0x0000000084600000, 0x0000000084700000|  0%| F|  |TAMS 0x0000000084600000, 0x0000000084600000| Untracked 
|  71|0x0000000084700000, 0x0000000084700000, 0x0000000084800000|  0%| F|  |TAMS 0x0000000084700000, 0x0000000084700000| Untracked 
|  72|0x0000000084800000, 0x0000000084800000, 0x0000000084900000|  0%| F|  |TAMS 0x0000000084800000, 0x0000000084800000| Untracked 
|  73|0x0000000084900000, 0x0000000084900000, 0x0000000084a00000|  0%| F|  |TAMS 0x0000000084900000, 0x0000000084900000| Untracked 
|  74|0x0000000084a00000, 0x0000000084a00000, 0x0000000084b00000|  0%| F|  |TAMS 0x0000000084a00000, 0x0000000084a00000| Untracked 
|  75|0x0000000084b00000, 0x0000000084b00000, 0x0000000084c00000|  0%| F|  |TAMS 0x0000000084b00000, 0x0000000084b00000| Untracked 
|  76|0x0000000084c00000, 0x0000000084c00000, 0x0000000084d00000|  0%| F|  |TAMS 0x0000000084c00000, 0x0000000084c00000| Untracked 
|  77|0x0000000084d00000, 0x0000000084d00000, 0x0000000084e00000|  0%| F|  |TAMS 0x0000000084d00000, 0x0000000084d00000| Untracked 
|  78|0x0000000084e00000, 0x0000000084e00000, 0x0000000084f00000|  0%| F|  |TAMS 0x0000000084e00000, 0x0000000084e00000| Untracked 
|  79|0x0000000084f00000, 0x0000000084f00000, 0x0000000085000000|  0%| F|  |TAMS 0x0000000084f00000, 0x0000000084f00000| Untracked 
|  80|0x0000000085000000, 0x0000000085000000, 0x0000000085100000|  0%| F|  |TAMS 0x0000000085000000, 0x0000000085000000| Untracked 
|  81|0x0000000085100000, 0x0000000085100000, 0x0000000085200000|  0%| F|  |TAMS 0x0000000085100000, 0x0000000085100000| Untracked 
|  82|0x0000000085200000, 0x0000000085200000, 0x0000000085300000|  0%| F|  |TAMS 0x0000000085200000, 0x0000000085200000| Untracked 
|  83|0x0000000085300000, 0x0000000085300000, 0x0000000085400000|  0%| F|  |TAMS 0x0000000085300000, 0x0000000085300000| Untracked 
|  84|0x0000000085400000, 0x0000000085400000, 0x0000000085500000|  0%| F|  |TAMS 0x0000000085400000, 0x0000000085400000| Untracked 
|  85|0x0000000085500000, 0x00000000855773f0, 0x0000000085600000| 46%| S|CS|TAMS 0x0000000085500000, 0x0000000085500000| Complete 
|  86|0x0000000085600000, 0x0000000085700000, 0x0000000085700000|100%| S|CS|TAMS 0x0000000085600000, 0x0000000085600000| Complete 
|  87|0x0000000085700000, 0x0000000085800000, 0x0000000085800000|100%| S|CS|TAMS 0x0000000085700000, 0x0000000085700000| Complete 
|  88|0x0000000085800000, 0x0000000085900000, 0x0000000085900000|100%| S|CS|TAMS 0x0000000085800000, 0x0000000085800000| Complete 
|  89|0x0000000085900000, 0x0000000085900000, 0x0000000085a00000|  0%| F|  |TAMS 0x0000000085900000, 0x0000000085900000| Untracked 
|  90|0x0000000085a00000, 0x0000000085a00000, 0x0000000085b00000|  0%| F|  |TAMS 0x0000000085a00000, 0x0000000085a00000| Untracked 
|  91|0x0000000085b00000, 0x0000000085b00000, 0x0000000085c00000|  0%| F|  |TAMS 0x0000000085b00000, 0x0000000085b00000| Untracked 
|  92|0x0000000085c00000, 0x0000000085c00000, 0x0000000085d00000|  0%| F|  |TAMS 0x0000000085c00000, 0x0000000085c00000| Untracked 
|  93|0x0000000085d00000, 0x0000000085d00000, 0x0000000085e00000|  0%| F|  |TAMS 0x0000000085d00000, 0x0000000085d00000| Untracked 
|  94|0x0000000085e00000, 0x0000000085e00000, 0x0000000085f00000|  0%| F|  |TAMS 0x0000000085e00000, 0x0000000085e00000| Untracked 
|  95|0x0000000085f00000, 0x0000000085f00000, 0x0000000086000000|  0%| F|  |TAMS 0x0000000085f00000, 0x0000000085f00000| Untracked 
|  96|0x0000000086000000, 0x0000000086100000, 0x0000000086100000|100%| S|CS|TAMS 0x0000000086000000, 0x0000000086000000| Complete 
|  97|0x0000000086100000, 0x0000000086200000, 0x0000000086200000|100%| S|CS|TAMS 0x0000000086100000, 0x0000000086100000| Complete 
|  98|0x0000000086200000, 0x0000000086200000, 0x0000000086300000|  0%| F|  |TAMS 0x0000000086200000, 0x0000000086200000| Untracked 
|  99|0x0000000086300000, 0x0000000086300000, 0x0000000086400000|  0%| F|  |TAMS 0x0000000086300000, 0x0000000086300000| Untracked 
| 100|0x0000000086400000, 0x0000000086400000, 0x0000000086500000|  0%| F|  |TAMS 0x0000000086400000, 0x0000000086400000| Untracked 
| 101|0x0000000086500000, 0x0000000086500000, 0x0000000086600000|  0%| F|  |TAMS 0x0000000086500000, 0x0000000086500000| Untracked 
| 102|0x0000000086600000, 0x0000000086600000, 0x0000000086700000|  0%| F|  |TAMS 0x0000000086600000, 0x0000000086600000| Untracked 
| 103|0x0000000086700000, 0x0000000086700000, 0x0000000086800000|  0%| F|  |TAMS 0x0000000086700000, 0x0000000086700000| Untracked 
| 104|0x0000000086800000, 0x0000000086800000, 0x0000000086900000|  0%| F|  |TAMS 0x0000000086800000, 0x0000000086800000| Untracked 
| 105|0x0000000086900000, 0x0000000086900000, 0x0000000086a00000|  0%| F|  |TAMS 0x0000000086900000, 0x0000000086900000| Untracked 
| 106|0x0000000086a00000, 0x0000000086a00000, 0x0000000086b00000|  0%| F|  |TAMS 0x0000000086a00000, 0x0000000086a00000| Untracked 
| 107|0x0000000086b00000, 0x0000000086b00000, 0x0000000086c00000|  0%| F|  |TAMS 0x0000000086b00000, 0x0000000086b00000| Untracked 
| 108|0x0000000086c00000, 0x0000000086c00000, 0x0000000086d00000|  0%| F|  |TAMS 0x0000000086c00000, 0x0000000086c00000| Untracked 
| 109|0x0000000086d00000, 0x0000000086d00000, 0x0000000086e00000|  0%| F|  |TAMS 0x0000000086d00000, 0x0000000086d00000| Untracked 
| 110|0x0000000086e00000, 0x0000000086e00000, 0x0000000086f00000|  0%| F|  |TAMS 0x0000000086e00000, 0x0000000086e00000| Untracked 
| 111|0x0000000086f00000, 0x0000000086f00000, 0x0000000087000000|  0%| F|  |TAMS 0x0000000086f00000, 0x0000000086f00000| Untracked 
| 112|0x0000000087000000, 0x0000000087000000, 0x0000000087100000|  0%| F|  |TAMS 0x0000000087000000, 0x0000000087000000| Untracked 
| 113|0x0000000087100000, 0x0000000087100000, 0x0000000087200000|  0%| F|  |TAMS 0x0000000087100000, 0x0000000087100000| Untracked 
| 114|0x0000000087200000, 0x0000000087200000, 0x0000000087300000|  0%| F|  |TAMS 0x0000000087200000, 0x0000000087200000| Untracked 
| 115|0x0000000087300000, 0x0000000087300000, 0x0000000087400000|  0%| F|  |TAMS 0x0000000087300000, 0x0000000087300000| Untracked 
| 116|0x0000000087400000, 0x0000000087400000, 0x0000000087500000|  0%| F|  |TAMS 0x0000000087400000, 0x0000000087400000| Untracked 
| 117|0x0000000087500000, 0x0000000087500000, 0x0000000087600000|  0%| F|  |TAMS 0x0000000087500000, 0x0000000087500000| Untracked 
| 118|0x0000000087600000, 0x0000000087600000, 0x0000000087700000|  0%| F|  |TAMS 0x0000000087600000, 0x0000000087600000| Untracked 
| 119|0x0000000087700000, 0x0000000087700000, 0x0000000087800000|  0%| F|  |TAMS 0x0000000087700000, 0x0000000087700000| Untracked 
| 120|0x0000000087800000, 0x0000000087800000, 0x0000000087900000|  0%| F|  |TAMS 0x0000000087800000, 0x0000000087800000| Untracked 
| 121|0x0000000087900000, 0x0000000087900000, 0x0000000087a00000|  0%| F|  |TAMS 0x0000000087900000, 0x0000000087900000| Untracked 
| 122|0x0000000087a00000, 0x0000000087a00000, 0x0000000087b00000|  0%| F|  |TAMS 0x0000000087a00000, 0x0000000087a00000| Untracked 
| 123|0x0000000087b00000, 0x0000000087b00000, 0x0000000087c00000|  0%| F|  |TAMS 0x0000000087b00000, 0x0000000087b00000| Untracked 
| 124|0x0000000087c00000, 0x0000000087c00000, 0x0000000087d00000|  0%| F|  |TAMS 0x0000000087c00000, 0x0000000087c00000| Untracked 
| 125|0x0000000087d00000, 0x0000000087d00000, 0x0000000087e00000|  0%| F|  |TAMS 0x0000000087d00000, 0x0000000087d00000| Untracked 
| 126|0x0000000087e00000, 0x0000000087e00000, 0x0000000087f00000|  0%| F|  |TAMS 0x0000000087e00000, 0x0000000087e00000| Untracked 
| 127|0x0000000087f00000, 0x0000000087f00000, 0x0000000088000000|  0%| F|  |TAMS 0x0000000087f00000, 0x0000000087f00000| Untracked 
| 128|0x0000000088000000, 0x0000000088000000, 0x0000000088100000|  0%| F|  |TAMS 0x0000000088000000, 0x0000000088000000| Untracked 
| 129|0x0000000088100000, 0x0000000088100000, 0x0000000088200000|  0%| F|  |TAMS 0x0000000088100000, 0x0000000088100000| Untracked 
| 130|0x0000000088200000, 0x0000000088200000, 0x0000000088300000|  0%| F|  |TAMS 0x0000000088200000, 0x0000000088200000| Untracked 
| 131|0x0000000088300000, 0x0000000088300000, 0x0000000088400000|  0%| F|  |TAMS 0x0000000088300000, 0x0000000088300000| Untracked 
| 132|0x0000000088400000, 0x0000000088400000, 0x0000000088500000|  0%| F|  |TAMS 0x0000000088400000, 0x0000000088400000| Untracked 
| 133|0x0000000088500000, 0x0000000088500000, 0x0000000088600000|  0%| F|  |TAMS 0x0000000088500000, 0x0000000088500000| Untracked 
| 134|0x0000000088600000, 0x0000000088600000, 0x0000000088700000|  0%| F|  |TAMS 0x0000000088600000, 0x0000000088600000| Untracked 
| 135|0x0000000088700000, 0x0000000088700000, 0x0000000088800000|  0%| F|  |TAMS 0x0000000088700000, 0x0000000088700000| Untracked 
| 136|0x0000000088800000, 0x0000000088800000, 0x0000000088900000|  0%| F|  |TAMS 0x0000000088800000, 0x0000000088800000| Untracked 
| 137|0x0000000088900000, 0x0000000088900000, 0x0000000088a00000|  0%| F|  |TAMS 0x0000000088900000, 0x0000000088900000| Untracked 
| 138|0x0000000088a00000, 0x0000000088a00000, 0x0000000088b00000|  0%| F|  |TAMS 0x0000000088a00000, 0x0000000088a00000| Untracked 
| 139|0x0000000088b00000, 0x0000000088b00000, 0x0000000088c00000|  0%| F|  |TAMS 0x0000000088b00000, 0x0000000088b00000| Untracked 
| 140|0x0000000088c00000, 0x0000000088c00000, 0x0000000088d00000|  0%| F|  |TAMS 0x0000000088c00000, 0x0000000088c00000| Untracked 
| 141|0x0000000088d00000, 0x0000000088d00000, 0x0000000088e00000|  0%| F|  |TAMS 0x0000000088d00000, 0x0000000088d00000| Untracked 
| 142|0x0000000088e00000, 0x0000000088e00000, 0x0000000088f00000|  0%| F|  |TAMS 0x0000000088e00000, 0x0000000088e00000| Untracked 
| 143|0x0000000088f00000, 0x0000000088f00000, 0x0000000089000000|  0%| F|  |TAMS 0x0000000088f00000, 0x0000000088f00000| Untracked 
| 144|0x0000000089000000, 0x0000000089000000, 0x0000000089100000|  0%| F|  |TAMS 0x0000000089000000, 0x0000000089000000| Untracked 
| 145|0x0000000089100000, 0x0000000089100000, 0x0000000089200000|  0%| F|  |TAMS 0x0000000089100000, 0x0000000089100000| Untracked 
| 146|0x0000000089200000, 0x0000000089200000, 0x0000000089300000|  0%| F|  |TAMS 0x0000000089200000, 0x0000000089200000| Untracked 
| 147|0x0000000089300000, 0x0000000089300000, 0x0000000089400000|  0%| F|  |TAMS 0x0000000089300000, 0x0000000089300000| Untracked 
| 148|0x0000000089400000, 0x0000000089400000, 0x0000000089500000|  0%| F|  |TAMS 0x0000000089400000, 0x0000000089400000| Untracked 
| 149|0x0000000089500000, 0x0000000089500000, 0x0000000089600000|  0%| F|  |TAMS 0x0000000089500000, 0x0000000089500000| Untracked 
| 150|0x0000000089600000, 0x0000000089600000, 0x0000000089700000|  0%| F|  |TAMS 0x0000000089600000, 0x0000000089600000| Untracked 
| 151|0x0000000089700000, 0x0000000089700000, 0x0000000089800000|  0%| F|  |TAMS 0x0000000089700000, 0x0000000089700000| Untracked 
| 152|0x0000000089800000, 0x0000000089800000, 0x0000000089900000|  0%| F|  |TAMS 0x0000000089800000, 0x0000000089800000| Untracked 
| 153|0x0000000089900000, 0x0000000089900000, 0x0000000089a00000|  0%| F|  |TAMS 0x0000000089900000, 0x0000000089900000| Untracked 

Card table byte_map: [0x0000025f46c50000,0x0000025f47050000] _byte_map_base: 0x0000025f46850000

Marking Bits (Prev, Next): (CMBitMap*) 0x0000025f33d71800, (CMBitMap*) 0x0000025f33d717c8
 Prev Bits: [0x0000025f49450000, 0x0000025f4b450000)
 Next Bits: [0x0000025f47450000, 0x0000025f49450000)

Polling page: 0x0000025f31d10000

Metaspace:

Usage:
  Non-class:     40.56 MB capacity,    39.82 MB ( 98%) used,   627.42 KB (  2%) free+waste,   121.94 KB ( <1%) overhead. 
      Class:      6.20 MB capacity,     5.73 MB ( 92%) used,   419.91 KB (  7%) free+waste,    59.25 KB ( <1%) overhead. 
       Both:     46.75 MB capacity,    45.56 MB ( 97%) used,     1.02 MB (  2%) free+waste,   181.19 KB ( <1%) overhead. 

Virtual space:
  Non-class space:       42.00 MB reserved,      40.67 MB ( 97%) committed 
      Class space:        1.00 GB reserved,       6.28 MB ( <1%) committed 
             Both:        1.04 GB reserved,      46.95 MB (  4%) committed 

Chunk freelists:
   Non-Class:  54.00 KB
       Class:  21.00 KB
        Both:  75.00 KB

MaxMetaspaceSize: 17179869184.00 GB
CompressedClassSpaceSize: 1.00 GB
Initial GC threshold: 20.80 MB
Current GC threshold: 71.59 MB
CDS: off

CodeHeap 'non-profiled nmethods': size=120064Kb used=2168Kb max_used=2168Kb free=117895Kb
 bounds [0x0000025f3f310000, 0x0000025f3f580000, 0x0000025f46850000]
CodeHeap 'profiled nmethods': size=120000Kb used=8773Kb max_used=8773Kb free=111227Kb
 bounds [0x0000025f37de0000, 0x0000025f38680000, 0x0000025f3f310000]
CodeHeap 'non-nmethods': size=5696Kb used=2293Kb max_used=2327Kb free=3403Kb
 bounds [0x0000025f37850000, 0x0000025f37ac0000, 0x0000025f37de0000]
 total_blobs=4944 nmethods=4151 adapters=705
 compilation: enabled
              stopped_count=0, restarted_count=0
 full_count=0

Compilation events (20 events):
Event: 8.698 Thread 0x0000025f4d971800 nmethod 4186 0x0000025f3866ce90 code [0x0000025f3866d040, 0x0000025f3866d158]
Event: 8.698 Thread 0x0000025f4d971800 4187       3       org.gradle.internal.event.ListenerBroadcast::dispatch (9 bytes)
Event: 8.699 Thread 0x0000025f4d971800 nmethod 4187 0x0000025f3866d210 code [0x0000025f3866d3e0, 0x0000025f3866d768]
Event: 8.699 Thread 0x0000025f4d971800 4188       3       org.gradle.internal.event.ListenerBroadcast::dispatch (9 bytes)
Event: 8.699 Thread 0x0000025f4d971800 nmethod 4188 0x0000025f3866d890 code [0x0000025f3866da40, 0x0000025f3866dc08]
Event: 8.701 Thread 0x0000025f4d971800 4189       1       org.gradle.internal.instantiation.generator.AbstractClassGenerator$GeneratedClassImpl::getOuterType (5 bytes)
Event: 8.701 Thread 0x0000025f4d971800 nmethod 4189 0x0000025f3f52ce90 code [0x0000025f3f52d040, 0x0000025f3f52d0f8]
Event: 8.701 Thread 0x0000025f50401000 nmethod 4170 0x0000025f3f52d190 code [0x0000025f3f52d360, 0x0000025f3f52dc58]
Event: 8.701 Thread 0x0000025f4d971800 4190       3       org.gradle.cache.internal.DefaultCrossBuildInMemoryCacheFactory$AbstractCrossBuildInMemoryCache::getIfPresentWithoutLock (43 bytes)
Event: 8.702 Thread 0x0000025f50401000 4173       4       java.util.Arrays::binarySearch0 (95 bytes)
Event: 8.702 Thread 0x0000025f4d971800 nmethod 4190 0x0000025f3866dd10 code [0x0000025f3866df00, 0x0000025f3866e308]
Event: 8.703 Thread 0x0000025f4d971800 4191       3       org.gradle.internal.reflect.MutableClassDetails::superType (12 bytes)
Event: 8.703 Thread 0x0000025f4d971800 nmethod 4191 0x0000025f3866e410 code [0x0000025f3866e5c0, 0x0000025f3866e788]
Event: 8.703 Thread 0x0000025f4d971800 4193       3       org.gradle.internal.reflect.JavaPropertyReflectionUtil::doesNotHaveTypeVariable (107 bytes)
Event: 8.704 Thread 0x0000025f4d971800 nmethod 4193 0x0000025f3866e890 code [0x0000025f3866eac0, 0x0000025f3866f4b8]
Event: 8.704 Thread 0x0000025f4d971800 4192       3       sun.reflect.generics.repository.AbstractRepository::<init> (19 bytes)
Event: 8.704 Thread 0x0000025f4d971800 nmethod 4192 0x0000025f3866f690 code [0x0000025f3866f860, 0x0000025f3866fb48]
Event: 8.704 Thread 0x0000025f4d971800 4194       3       org.gradle.internal.instantiation.generator.AbstractClassGenerator$PropertyMetadata::addGetter (129 bytes)
Event: 8.705 Thread 0x0000025f4d971800 nmethod 4194 0x0000025f3866fc10 code [0x0000025f3866fee0, 0x0000025f38671008]
Event: 8.705 Thread 0x0000025f4d971800 4195       3       org.gradle.internal.instantiation.generator.AbstractClassGenerator$PropertyTypePropertyHandler::visitProperty (29 bytes)

GC Heap History (19 events):
Event: 0.578 GC heap before
{Heap before GC invocations=0 (full 0):
 garbage-first heap   total 131072K, used 16384K [0x0000000080000000, 0x0000000100000000)
  region size 1024K, 14 young (14336K), 0 survivors (0K)
 Metaspace       used 6724K, capacity 6925K, committed 7168K, reserved 1056768K
  class space    used 573K, capacity 650K, committed 768K, reserved 1048576K
}
Event: 0.583 GC heap after
{Heap after GC invocations=1 (full 0):
 garbage-first heap   total 131072K, used 3881K [0x0000000080000000, 0x0000000100000000)
  region size 1024K, 2 young (2048K), 2 survivors (2048K)
 Metaspace       used 6724K, capacity 6925K, committed 7168K, reserved 1056768K
  class space    used 573K, capacity 650K, committed 768K, reserved 1048576K
}
Event: 0.946 GC heap before
{Heap before GC invocations=1 (full 0):
 garbage-first heap   total 131072K, used 19241K [0x0000000080000000, 0x0000000100000000)
  region size 1024K, 14 young (14336K), 2 survivors (2048K)
 Metaspace       used 9858K, capacity 10054K, committed 10112K, reserved 1058816K
  class space    used 1011K, capacity 1102K, committed 1152K, reserved 1048576K
}
Event: 0.959 GC heap after
{Heap after GC invocations=2 (full 0):
 garbage-first heap   total 131072K, used 9594K [0x0000000080000000, 0x0000000100000000)
  region size 1024K, 2 young (2048K), 2 survivors (2048K)
 Metaspace       used 9858K, capacity 10054K, committed 10112K, reserved 1058816K
  class space    used 1011K, capacity 1102K, committed 1152K, reserved 1048576K
}
Event: 1.536 GC heap before
{Heap before GC invocations=2 (full 0):
 garbage-first heap   total 131072K, used 37242K [0x0000000080000000, 0x0000000100000000)
  region size 1024K, 29 young (29696K), 2 survivors (2048K)
 Metaspace       used 10852K, capacity 11073K, committed 11264K, reserved 1058816K
  class space    used 1113K, capacity 1207K, committed 1280K, reserved 1048576K
}
Event: 1.540 GC heap after
{Heap after GC invocations=3 (full 0):
 garbage-first heap   total 131072K, used 10777K [0x0000000080000000, 0x0000000100000000)
  region size 1024K, 4 young (4096K), 4 survivors (4096K)
 Metaspace       used 10852K, capacity 11073K, committed 11264K, reserved 1058816K
  class space    used 1113K, capacity 1207K, committed 1280K, reserved 1048576K
}
Event: 3.895 GC heap before
{Heap before GC invocations=3 (full 0):
 garbage-first heap   total 131072K, used 53785K [0x0000000080000000, 0x0000000100000000)
  region size 1024K, 45 young (46080K), 4 survivors (4096K)
 Metaspace       used 17473K, capacity 17856K, committed 18048K, reserved 1064960K
  class space    used 1984K, capacity 2116K, committed 2176K, reserved 1048576K
}
Event: 3.907 GC heap after
{Heap after GC invocations=4 (full 0):
 garbage-first heap   total 131072K, used 16152K [0x0000000080000000, 0x0000000100000000)
  region size 1024K, 6 young (6144K), 6 survivors (6144K)
 Metaspace       used 17473K, capacity 17856K, committed 18048K, reserved 1064960K
  class space    used 1984K, capacity 2116K, committed 2176K, reserved 1048576K
}
Event: 4.313 GC heap before
{Heap before GC invocations=4 (full 0):
 garbage-first heap   total 131072K, used 46872K [0x0000000080000000, 0x0000000100000000)
  region size 1024K, 37 young (37888K), 6 survivors (6144K)
 Metaspace       used 20794K, capacity 21218K, committed 21296K, reserved 1069056K
  class space    used 2506K, capacity 2665K, committed 2688K, reserved 1048576K
}
Event: 4.325 GC heap after
{Heap after GC invocations=5 (full 0):
 garbage-first heap   total 131072K, used 17961K [0x0000000080000000, 0x0000000100000000)
  region size 1024K, 2 young (2048K), 2 survivors (2048K)
 Metaspace       used 20794K, capacity 21218K, committed 21296K, reserved 1069056K
  class space    used 2506K, capacity 2665K, committed 2688K, reserved 1048576K
}
Event: 5.175 GC heap before
{Heap before GC invocations=6 (full 0):
 garbage-first heap   total 131072K, used 71209K [0x0000000080000000, 0x0000000100000000)
  region size 1024K, 54 young (55296K), 2 survivors (2048K)
 Metaspace       used 26258K, capacity 26898K, committed 27132K, reserved 1073152K
  class space    used 3398K, capacity 3630K, committed 3660K, reserved 1048576K
}
Event: 5.186 GC heap after
{Heap after GC invocations=7 (full 0):
 garbage-first heap   total 157696K, used 19657K [0x0000000080000000, 0x0000000100000000)
  region size 1024K, 4 young (4096K), 4 survivors (4096K)
 Metaspace       used 26258K, capacity 26898K, committed 27132K, reserved 1073152K
  class space    used 3398K, capacity 3630K, committed 3660K, reserved 1048576K
}
Event: 6.272 GC heap before
{Heap before GC invocations=7 (full 0):
 garbage-first heap   total 157696K, used 113865K [0x0000000080000000, 0x0000000100000000)
  region size 1024K, 77 young (78848K), 4 survivors (4096K)
 Metaspace       used 32344K, capacity 33241K, committed 33404K, reserved 1077248K
  class space    used 4355K, capacity 4721K, committed 4812K, reserved 1048576K
}
Event: 6.282 GC heap after
{Heap after GC invocations=8 (full 0):
 garbage-first heap   total 157696K, used 45680K [0x0000000080000000, 0x0000000100000000)
  region size 1024K, 10 young (10240K), 10 survivors (10240K)
 Metaspace       used 32344K, capacity 33241K, committed 33404K, reserved 1077248K
  class space    used 4355K, capacity 4721K, committed 4812K, reserved 1048576K
}
Event: 6.632 GC heap before
{Heap before GC invocations=8 (full 0):
 garbage-first heap   total 157696K, used 60016K [0x0000000080000000, 0x0000000100000000)
  region size 1024K, 25 young (25600K), 10 survivors (10240K)
 Metaspace       used 34960K, capacity 35963K, committed 36048K, reserved 1081344K
  class space    used 4672K, capacity 5075K, committed 5152K, reserved 1048576K
}
Event: 6.656 GC heap after
{Heap after GC invocations=9 (full 0):
 garbage-first heap   total 157696K, used 47488K [0x0000000080000000, 0x0000000100000000)
  region size 1024K, 2 young (2048K), 2 survivors (2048K)
 Metaspace       used 34960K, capacity 35963K, committed 36048K, reserved 1081344K
  class space    used 4672K, capacity 5075K, committed 5152K, reserved 1048576K
}
Event: 7.733 GC heap before
{Heap before GC invocations=10 (full 0):
 garbage-first heap   total 157696K, used 106880K [0x0000000080000000, 0x0000000100000000)
  region size 1024K, 58 young (59392K), 2 survivors (2048K)
 Metaspace       used 42413K, capacity 43552K, committed 43600K, reserved 1087488K
  class space    used 5378K, capacity 5787K, committed 5792K, reserved 1048576K
}
Event: 7.748 GC heap after
{Heap after GC invocations=11 (full 0):
 garbage-first heap   total 157696K, used 52093K [0x0000000080000000, 0x0000000100000000)
  region size 1024K, 7 young (7168K), 7 survivors (7168K)
 Metaspace       used 42413K, capacity 43552K, committed 43600K, reserved 1087488K
  class space    used 5378K, capacity 5787K, committed 5792K, reserved 1048576K
}
Event: 8.706 GC heap before
{Heap before GC invocations=12 (full 0):
 garbage-first heap   total 157696K, used 121725K [0x0000000080000000, 0x0000000100000000)
  region size 1024K, 63 young (64512K), 7 survivors (7168K)
 Metaspace       used 46648K, capacity 47877K, committed 48080K, reserved 1091584K
  class space    used 5867K, capacity 6347K, committed 6432K, reserved 1048576K
}

Deoptimization events (20 events):
Event: 8.668 Thread 0x0000025f51498000 Uncommon trap: trap_request=0xffffffbe fr.pc=0x0000025f3f52aabc relative=0x000000000000085c
Event: 8.668 Thread 0x0000025f51498000 Uncommon trap: reason=profile_predicate action=maybe_recompile pc=0x0000025f3f52aabc method=java.lang.PublicMethods$MethodList.filter([Ljava/lang/reflect/Method;Ljava/lang/String;[Ljava/lang/Class;Z)Ljava/lang/PublicMethods$MethodList; @ 21 c2
Event: 8.668 Thread 0x0000025f51498000 DEOPT PACKING pc=0x0000025f3f52aabc sp=0x0000008718bf60b0
Event: 8.668 Thread 0x0000025f51498000 DEOPT UNPACKING pc=0x0000025f3789a1af sp=0x0000008718bf6068 mode 2
Event: 8.668 Thread 0x0000025f51498000 Uncommon trap: trap_request=0xffffffbe fr.pc=0x0000025f3f52aabc relative=0x000000000000085c
Event: 8.668 Thread 0x0000025f51498000 Uncommon trap: reason=profile_predicate action=maybe_recompile pc=0x0000025f3f52aabc method=java.lang.PublicMethods$MethodList.filter([Ljava/lang/reflect/Method;Ljava/lang/String;[Ljava/lang/Class;Z)Ljava/lang/PublicMethods$MethodList; @ 21 c2
Event: 8.668 Thread 0x0000025f51498000 DEOPT PACKING pc=0x0000025f3f52aabc sp=0x0000008718bf6000
Event: 8.668 Thread 0x0000025f51498000 DEOPT UNPACKING pc=0x0000025f3789a1af sp=0x0000008718bf5fb8 mode 2
Event: 8.668 Thread 0x0000025f51498000 Uncommon trap: trap_request=0xffffffbe fr.pc=0x0000025f3f52aabc relative=0x000000000000085c
Event: 8.668 Thread 0x0000025f51498000 Uncommon trap: reason=profile_predicate action=maybe_recompile pc=0x0000025f3f52aabc method=java.lang.PublicMethods$MethodList.filter([Ljava/lang/reflect/Method;Ljava/lang/String;[Ljava/lang/Class;Z)Ljava/lang/PublicMethods$MethodList; @ 21 c2
Event: 8.668 Thread 0x0000025f51498000 DEOPT PACKING pc=0x0000025f3f52aabc sp=0x0000008718bf6000
Event: 8.668 Thread 0x0000025f51498000 DEOPT UNPACKING pc=0x0000025f3789a1af sp=0x0000008718bf5fb8 mode 2
Event: 8.668 Thread 0x0000025f51498000 Uncommon trap: trap_request=0xffffffbe fr.pc=0x0000025f3f52aabc relative=0x000000000000085c
Event: 8.668 Thread 0x0000025f51498000 Uncommon trap: reason=profile_predicate action=maybe_recompile pc=0x0000025f3f52aabc method=java.lang.PublicMethods$MethodList.filter([Ljava/lang/reflect/Method;Ljava/lang/String;[Ljava/lang/Class;Z)Ljava/lang/PublicMethods$MethodList; @ 21 c2
Event: 8.668 Thread 0x0000025f51498000 DEOPT PACKING pc=0x0000025f3f52aabc sp=0x0000008718bf6000
Event: 8.668 Thread 0x0000025f51498000 DEOPT UNPACKING pc=0x0000025f3789a1af sp=0x0000008718bf5fb8 mode 2
Event: 8.702 Thread 0x0000025f51498000 Uncommon trap: trap_request=0xffffff4d fr.pc=0x0000025f3f3ef678 relative=0x00000000000001f8
Event: 8.702 Thread 0x0000025f51498000 Uncommon trap: reason=unstable_if action=reinterpret pc=0x0000025f3f3ef678 method=java.util.HashMap.putVal(ILjava/lang/Object;Ljava/lang/Object;ZZ)Ljava/lang/Object; @ 162 c2
Event: 8.702 Thread 0x0000025f51498000 DEOPT PACKING pc=0x0000025f3f3ef678 sp=0x0000008718bf9a80
Event: 8.702 Thread 0x0000025f51498000 DEOPT UNPACKING pc=0x0000025f3789a1af sp=0x0000008718bf9990 mode 2

Classes redefined (0 events):
No events

Internal exceptions (20 events):
Event: 8.574 Thread 0x0000025f51498000 Exception <a 'java/lang/ClassNotFoundException'{0x0000000086945478}: org/jetbrains/plugins/gradle/tooling/AbstractModelBuilderServiceCustomizer> (0x0000000086945478) thrown at [./src/hotspot/share/classfile/systemDictionary.cpp, line 231]
Event: 8.575 Thread 0x0000025f51498000 Exception <a 'java/lang/ClassNotFoundException'{0x0000000086955528}: org/jetbrains/plugins/gradle/tooling/builder/WarModelBuilderImplCustomizer> (0x0000000086955528) thrown at [./src/hotspot/share/classfile/systemDictionary.cpp, line 231]
Event: 8.583 Thread 0x0000025f51498000 Exception <a 'java/lang/ClassNotFoundException'{0x00000000869c9630}: org/jetbrains/plugins/gradle/tooling/builder/EarModelBuilderImplBeanInfo> (0x00000000869c9630) thrown at [./src/hotspot/share/classfile/systemDictionary.cpp, line 231]
Event: 8.583 Thread 0x0000025f51498000 Exception <a 'java/lang/ClassNotFoundException'{0x00000000869d6848}: org/jetbrains/plugins/gradle/tooling/builder/EarModelBuilderImplCustomizer> (0x00000000869d6848) thrown at [./src/hotspot/share/classfile/systemDictionary.cpp, line 231]
Event: 8.598 Thread 0x0000025f51498000 Exception <a 'java/lang/ClassNotFoundException'{0x00000000868da710}: org/jetbrains/plugins/gradle/tooling/builder/ScalaModelBuilderImplBeanInfo> (0x00000000868da710) thrown at [./src/hotspot/share/classfile/systemDictionary.cpp, line 231]
Event: 8.599 Thread 0x0000025f51498000 Exception <a 'java/lang/ClassNotFoundException'{0x00000000868e79f0}: org/jetbrains/plugins/gradle/tooling/builder/ScalaModelBuilderImplCustomizer> (0x00000000868e79f0) thrown at [./src/hotspot/share/classfile/systemDictionary.cpp, line 231]
Event: 8.610 Thread 0x0000025f51498000 Exception <a 'java/lang/ClassNotFoundException'{0x000000008675a940}: org/jetbrains/plugins/gradle/tooling/builder/ExternalProjectBuilderImpl$1BeanInfo> (0x000000008675a940) thrown at [./src/hotspot/share/classfile/systemDictionary.cpp, line 231]
Event: 8.611 Thread 0x0000025f51498000 Exception <a 'java/lang/ClassNotFoundException'{0x0000000086767ea8}: org/jetbrains/plugins/gradle/tooling/builder/ExternalProjectBuilderImpl$1Customizer> (0x0000000086767ea8) thrown at [./src/hotspot/share/classfile/systemDictionary.cpp, line 231]
Event: 8.619 Thread 0x0000025f51498000 Exception <a 'java/lang/ClassNotFoundException'{0x00000000867d9f80}: org/jetbrains/plugins/gradle/tooling/builder/ExternalProjectBuilderImplBeanInfo> (0x00000000867d9f80) thrown at [./src/hotspot/share/classfile/systemDictionary.cpp, line 231]
Event: 8.621 Thread 0x0000025f51498000 Exception <a 'java/lang/ClassNotFoundException'{0x00000000867e7380}: org/jetbrains/plugins/gradle/tooling/builder/ExternalProjectBuilderImplCustomizer> (0x00000000867e7380) thrown at [./src/hotspot/share/classfile/systemDictionary.cpp, line 231]
Event: 8.627 Thread 0x0000025f51498000 Exception <a 'java/lang/ClassNotFoundException'{0x0000000086642390}: org/jetbrains/plugins/gradle/tooling/builder/DependencyGraphModelBuilderImplBeanInfo> (0x0000000086642390) thrown at [./src/hotspot/share/classfile/systemDictionary.cpp, line 231]
Event: 8.628 Thread 0x0000025f51498000 Exception <a 'java/lang/ClassNotFoundException'{0x000000008664f978}: org/jetbrains/plugins/gradle/tooling/builder/DependencyGraphModelBuilderImplCustomizer> (0x000000008664f978) thrown at [./src/hotspot/share/classfile/systemDictionary.cpp, line 231]
Event: 8.641 Thread 0x0000025f51498000 Exception <a 'java/lang/ClassNotFoundException'{0x000000008650a9c0}: org/jetbrains/plugins/gradle/tooling/builder/ExternalTestsModelBuilderImplBeanInfo> (0x000000008650a9c0) thrown at [./src/hotspot/share/classfile/systemDictionary.cpp, line 231]
Event: 8.642 Thread 0x0000025f51498000 Exception <a 'java/lang/ClassNotFoundException'{0x0000000086517f30}: org/jetbrains/plugins/gradle/tooling/builder/ExternalTestsModelBuilderImplCustomizer> (0x0000000086517f30) thrown at [./src/hotspot/share/classfile/systemDictionary.cpp, line 231]
Event: 8.681 Thread 0x0000025f51498000 Exception <a 'java/lang/ClassNotFoundException'{0x00000000863a8348}: org/jetbrains/plugins/gradle/tooling/builder/ProjectExtensionsDataBuilderImplBeanInfo> (0x00000000863a8348) thrown at [./src/hotspot/share/classfile/systemDictionary.cpp, line 231]
Event: 8.681 Thread 0x0000025f51498000 Exception <a 'java/lang/ClassNotFoundException'{0x00000000863b5950}: org/jetbrains/plugins/gradle/tooling/builder/ProjectExtensionsDataBuilderImplCustomizer> (0x00000000863b5950) thrown at [./src/hotspot/share/classfile/systemDictionary.cpp, line 231]
Event: 8.685 Thread 0x0000025f51498000 Exception <a 'java/lang/ClassNotFoundException'{0x00000000863ef420}: org/jetbrains/plugins/gradle/tooling/builder/IntelliJSettingsBuilderBeanInfo> (0x00000000863ef420) thrown at [./src/hotspot/share/classfile/systemDictionary.cpp, line 231]
Event: 8.685 Thread 0x0000025f51498000 Exception <a 'java/lang/ClassNotFoundException'{0x00000000863fc778}: org/jetbrains/plugins/gradle/tooling/builder/IntelliJSettingsBuilderCustomizer> (0x00000000863fc778) thrown at [./src/hotspot/share/classfile/systemDictionary.cpp, line 231]
Event: 8.689 Thread 0x0000025f51498000 Exception <a 'java/lang/ClassNotFoundException'{0x0000000086236c38}: org/jetbrains/plugins/gradle/tooling/builder/IntelliJProjectSettingsBuilderBeanInfo> (0x0000000086236c38) thrown at [./src/hotspot/share/classfile/systemDictionary.cpp, line 231]
Event: 8.690 Thread 0x0000025f51498000 Exception <a 'java/lang/ClassNotFoundException'{0x00000000862441c8}: org/jetbrains/plugins/gradle/tooling/builder/IntelliJProjectSettingsBuilderCustomizer> (0x00000000862441c8) thrown at [./src/hotspot/share/classfile/systemDictionary.cpp, line 231]

Events (20 events):
Event: 8.691 loading class org/jetbrains/plugins/gradle/model/RepositoriesModel done
Event: 8.692 loading class org/jetbrains/plugins/gradle/model/MavenRepositoryModel
Event: 8.692 loading class org/jetbrains/plugins/gradle/model/MavenRepositoryModel done
Event: 8.693 loading class org/codehaus/groovy/runtime/BytecodeInterface8
Event: 8.693 loading class org/codehaus/groovy/runtime/BytecodeInterface8 done
Event: 8.693 loading class org/codehaus/groovy/runtime/BytecodeInterface8
Event: 8.693 loading class org/codehaus/groovy/runtime/BytecodeInterface8 done
Event: 8.694 loading class org/codehaus/groovy/runtime/metaclass/DefaultMetaClassInfo
Event: 8.694 loading class org/codehaus/groovy/runtime/metaclass/DefaultMetaClassInfo done
Event: 8.695 loading class org/codehaus/groovy/runtime/metaclass/DefaultMetaClassInfo$ConstantMetaClassVersioning
Event: 8.695 loading class org/codehaus/groovy/runtime/metaclass/DefaultMetaClassInfo$ConstantMetaClassVersioning done
Event: 8.697 loading class org/gradle/initialization/BuildOperationSettingsProcessor$2
Event: 8.697 loading class org/gradle/initialization/BuildOperationSettingsProcessor$2 done
Event: 8.697 loading class org/gradle/initialization/BuildOperationSettingsProcessor$2$1
Event: 8.697 loading class org/gradle/initialization/BuildOperationSettingsProcessor$2$1 done
Event: 8.698 loading class org/gradle/initialization/EvaluateSettingsBuildOperationType$Details
Event: 8.698 loading class org/gradle/initialization/EvaluateSettingsBuildOperationType$Details done
Event: 8.698 loading class org/gradle/initialization/DefaultSettings
Event: 8.698 loading class org/gradle/initialization/DefaultSettings done
Event: 8.706 Executing VM operation: G1CollectForAllocation


Dynamic libraries:
0x00007ff6b47b0000 - 0x00007ff6b47ba000 	C:\Program Files\Android\Android Studio\jre\bin\java.exe
0x00007fff94370000 - 0x00007fff94568000 	C:\Windows\SYSTEM32\ntdll.dll
0x00007fff92fd0000 - 0x00007fff9308f000 	C:\Windows\System32\KERNEL32.DLL
0x00007fff92040000 - 0x00007fff92336000 	C:\Windows\System32\KERNELBASE.dll
0x00007fff91e70000 - 0x00007fff91f70000 	C:\Windows\System32\ucrtbase.dll
0x00007fff8d250000 - 0x00007fff8d267000 	C:\Program Files\Android\Android Studio\jre\bin\VCRUNTIME140.dll
0x00007fff84430000 - 0x00007fff84449000 	C:\Program Files\Android\Android Studio\jre\bin\jli.dll
0x00007fff933b0000 - 0x00007fff9354d000 	C:\Windows\System32\USER32.dll
0x00007fff91c90000 - 0x00007fff91cb2000 	C:\Windows\System32\win32u.dll
0x00007fff7ea10000 - 0x00007fff7ecaa000 	C:\Windows\WinSxS\amd64_microsoft.windows.common-controls_6595b64144ccf1df_6.0.19041.1110_none_60b5254171f9507e\COMCTL32.dll
0x00007fff93720000 - 0x00007fff9374c000 	C:\Windows\System32\GDI32.dll
0x00007fff92b70000 - 0x00007fff92c0e000 	C:\Windows\System32\msvcrt.dll
0x00007fff91b00000 - 0x00007fff91c15000 	C:\Windows\System32\gdi32full.dll
0x00007fff91fa0000 - 0x00007fff9203d000 	C:\Windows\System32\msvcp_win.dll
0x00007fff92620000 - 0x00007fff92650000 	C:\Windows\System32\IMM32.DLL
0x00007fff60990000 - 0x00007fff60a2d000 	C:\Program Files\Android\Android Studio\jre\bin\msvcp140.dll
0x00007fff4c860000 - 0x00007fff4d362000 	C:\Program Files\Android\Android Studio\jre\bin\server\jvm.dll
0x00007fff92ac0000 - 0x00007fff92b6f000 	C:\Windows\System32\ADVAPI32.dll
0x00007fff94290000 - 0x00007fff9432c000 	C:\Windows\System32\sechost.dll
0x00007fff93570000 - 0x00007fff93696000 	C:\Windows\System32\RPCRT4.dll
0x00007fff925b0000 - 0x00007fff925b8000 	C:\Windows\System32\PSAPI.DLL
0x00007fff8b4a0000 - 0x00007fff8b4a9000 	C:\Windows\SYSTEM32\WSOCK32.dll
0x00007fff7d490000 - 0x00007fff7d4b7000 	C:\Windows\SYSTEM32\WINMM.dll
0x00007fff7f2e0000 - 0x00007fff7f2ea000 	C:\Windows\SYSTEM32\VERSION.dll
0x00007fff93140000 - 0x00007fff931ab000 	C:\Windows\System32\WS2_32.dll
0x00007fff8f8f0000 - 0x00007fff8f902000 	C:\Windows\SYSTEM32\kernel.appcore.dll
0x00007fff8b480000 - 0x00007fff8b491000 	C:\Program Files\Android\Android Studio\jre\bin\verify.dll
0x00007fff7e630000 - 0x00007fff7e814000 	C:\Windows\SYSTEM32\DBGHELP.DLL
0x00007fff7e5f0000 - 0x00007fff7e624000 	C:\Windows\SYSTEM32\dbgcore.DLL
0x00007fff92340000 - 0x00007fff923c2000 	C:\Windows\System32\bcryptPrimitives.dll
0x00007fff8b450000 - 0x00007fff8b479000 	C:\Program Files\Android\Android Studio\jre\bin\java.dll
0x00007fff8b440000 - 0x00007fff8b44b000 	C:\Program Files\Android\Android Studio\jre\bin\jimage.dll
0x00007fff8b420000 - 0x00007fff8b438000 	C:\Program Files\Android\Android Studio\jre\bin\zip.dll
0x00007fff93ae0000 - 0x00007fff94224000 	C:\Windows\System32\SHELL32.dll
0x00007fff8faf0000 - 0x00007fff90283000 	C:\Windows\SYSTEM32\windows.storage.dll
0x00007fff92c10000 - 0x00007fff92f64000 	C:\Windows\System32\combase.dll
0x00007fff91490000 - 0x00007fff914be000 	C:\Windows\SYSTEM32\Wldp.dll
0x00007fff923d0000 - 0x00007fff9247d000 	C:\Windows\System32\SHCORE.dll
0x00007fff925c0000 - 0x00007fff92615000 	C:\Windows\System32\shlwapi.dll
0x00007fff91980000 - 0x00007fff919a5000 	C:\Windows\SYSTEM32\profapi.dll
0x00007fff8b400000 - 0x00007fff8b41a000 	C:\Program Files\Android\Android Studio\jre\bin\net.dll
0x00007fff864c0000 - 0x00007fff865ca000 	C:\Windows\SYSTEM32\WINHTTP.dll
0x00007fff911f0000 - 0x00007fff9125a000 	C:\Windows\system32\mswsock.dll
0x00007fff8b3e0000 - 0x00007fff8b3f4000 	C:\Program Files\Android\Android Studio\jre\bin\nio.dll
0x00007fff843d0000 - 0x00007fff843f7000 	C:\Users\hp\.gradle\native\e1d6ef7f7dcc3fd88c89a11ec53ec762bb8ba0a96d01ffa2cd45eb1d1d8dd5c5\windows-amd64\native-platform.dll
0x00007fff60530000 - 0x00007fff60674000 	C:\Users\hp\.gradle\native\0d407fdbe67a94daf76414ababcb853783967236a71b16ec16e742cd7a986fd3\windows-amd64\native-platform-file-events.dll
0x00007fff8b3d0000 - 0x00007fff8b3da000 	C:\Program Files\Android\Android Studio\jre\bin\management.dll
0x00007fff8b3c0000 - 0x00007fff8b3cd000 	C:\Program Files\Android\Android Studio\jre\bin\management_ext.dll
0x00007fff913e0000 - 0x00007fff913f8000 	C:\Windows\SYSTEM32\CRYPTSP.dll
0x00007fff90a90000 - 0x00007fff90ac4000 	C:\Windows\system32\rsaenh.dll
0x00007fff91f70000 - 0x00007fff91f97000 	C:\Windows\System32\bcrypt.dll
0x00007fff91900000 - 0x00007fff9192e000 	C:\Windows\SYSTEM32\USERENV.dll
0x00007fff91400000 - 0x00007fff9140c000 	C:\Windows\SYSTEM32\CRYPTBASE.dll
0x00007fff90e90000 - 0x00007fff90ecb000 	C:\Windows\SYSTEM32\IPHLPAPI.DLL
0x00007fff93130000 - 0x00007fff93138000 	C:\Windows\System32\NSI.dll
0x00007fff88230000 - 0x00007fff88247000 	C:\Windows\SYSTEM32\dhcpcsvc6.DLL
0x00007fff881d0000 - 0x00007fff881ed000 	C:\Windows\SYSTEM32\dhcpcsvc.DLL
0x00007fff90ee0000 - 0x00007fff90faa000 	C:\Windows\SYSTEM32\DNSAPI.dll

dbghelp: loaded successfully - version: 4.0.5 - missing functions: none
symbol engine: initialized successfully - sym options: 0x614 - pdb path: .;C:\Program Files\Android\Android Studio\jre\bin;C:\Windows\SYSTEM32;C:\Windows\WinSxS\amd64_microsoft.windows.common-controls_6595b64144ccf1df_6.0.19041.1110_none_60b5254171f9507e;C:\Program Files\Android\Android Studio\jre\bin\server;C:\Users\hp\.gradle\native\e1d6ef7f7dcc3fd88c89a11ec53ec762bb8ba0a96d01ffa2cd45eb1d1d8dd5c5\windows-amd64;C:\Users\hp\.gradle\native\0d407fdbe67a94daf76414ababcb853783967236a71b16ec16e742cd7a986fd3\windows-amd64

VM Arguments:
jvm_args: --add-opens=java.base/java.util=ALL-UNNAMED --add-opens=java.base/java.lang=ALL-UNNAMED --add-opens=java.base/java.lang.invoke=ALL-UNNAMED --add-opens=java.base/java.util=ALL-UNNAMED --add-opens=java.prefs/java.util.prefs=ALL-UNNAMED --add-opens=java.prefs/java.util.prefs=ALL-UNNAMED --add-opens=java.base/java.nio.charset=ALL-UNNAMED --add-opens=java.base/java.net=ALL-UNNAMED --add-opens=java.base/java.util.concurrent.atomic=ALL-UNNAMED -Xmx2048m -Dfile.encoding=UTF-8 -Duser.country=US -Duser.language=en -Duser.variant 
java_command: org.gradle.launcher.daemon.bootstrap.GradleDaemon 7.5
java_class_path (initial): C:\Users\hp\.gradle\wrapper\dists\gradle-7.5-bin\f1w0cc9nuo0eivz97x2xlu9sv\gradle-7.5\lib\gradle-launcher-7.5.jar
Launcher Type: SUN_STANDARD

[Global flags]
     intx CICompilerCount                          = 3                                         {product} {ergonomic}
     uint ConcGCThreads                            = 1                                         {product} {ergonomic}
     uint G1ConcRefinementThreads                  = 4                                         {product} {ergonomic}
   size_t G1HeapRegionSize                         = 1048576                                   {product} {ergonomic}
    uintx GCDrainStackTargetSize                   = 64                                        {product} {ergonomic}
   size_t InitialHeapSize                          = 134217728                                 {product} {ergonomic}
   size_t MarkStackSize                            = 4194304                                   {product} {ergonomic}
   size_t MaxHeapSize                              = 2147483648                                {product} {command line}
   size_t MaxNewSize                               = 1287651328                                {product} {ergonomic}
   size_t MinHeapDeltaBytes                        = 1048576                                   {product} {ergonomic}
    uintx NonNMethodCodeHeapSize                   = 5830732                                {pd product} {ergonomic}
    uintx NonProfiledCodeHeapSize                  = 122913754                              {pd product} {ergonomic}
    uintx ProfiledCodeHeapSize                     = 122913754                              {pd product} {ergonomic}
    uintx ReservedCodeCacheSize                    = 251658240                              {pd product} {ergonomic}
     bool SegmentedCodeCache                       = true                                      {product} {ergonomic}
     bool UseCompressedClassPointers               = true                                 {lp64_product} {ergonomic}
     bool UseCompressedOops                        = true                                 {lp64_product} {ergonomic}
     bool UseG1GC                                  = true                                      {product} {ergonomic}
     bool UseLargePagesIndividualAllocation        = false                                  {pd product} {ergonomic}

Logging:
Log output configuration:
 #0: stdout all=warning uptime,level,tags
 #1: stderr all=off uptime,level,tags

Environment Variables:
PATH=C:\Program Files (x86)\VMware\VMware Workstation\bin\;C:\Program Files (x86)\NVIDIA Corporation\PhysX\Common;C:\Windows\system32;C:\Windows;C:\Windows\System32\Wbem;C:\Windows\System32\WindowsPowerShell\v1.0\;C:\Windows\System32\OpenSSH\;C:\Users\hp\Documents\Java\jdk1.8.0_111\bin;c:\Program Files (x86)\Microsoft SQL Server\90\Tools\binn\;C:\Program Files\dotnet\;C:\Program Files\Microsoft SQL Server\150\Tools\Binn\;C:\Program Files\Microsoft SQL Server\Client SDK\ODBC\170\Tools\Binn\;C:\Program Files\Git\cmd;C:\Program Files\nodejs\;C:\ProgramData\chocolatey\bin;C:\Users\hp\AppData\Local\Programs\Python\Python310\Scripts\;C:\Users\hp\AppData\Local\Programs\Python\Python310\;C:\Users\hp\AppData\Local\Programs\Python\Launcher\;C:\Users\hp\AppData\Local\Microsoft\WindowsApps;C:\Program Files\Java\jdk1.8.0_111\bin;;C:\Program Files\JetBrains\PyCharm Community Edition 2022.3.1\bin;;C:\Users\hp\.dotnet\tools;C:\Users\hp\AppData\Roaming\npm;C:\Users\hp\AppData\Local\Programs\Microsoft VS Code\bin
USERNAME=hp
OS=Windows_NT
PROCESSOR_IDENTIFIER=Intel64 Family 6 Model 69 Stepping 1, GenuineIntel



---------------  S Y S T E M  ---------------

OS: Windows 10 , 64 bit Build 19041 (10.0.19041.3155)
OS uptime: 0 days 10:32 hours

CPU:total 4 (initial active 4) (2 cores per cpu, 2 threads per core) family 6 model 69 stepping 1 microcode 0x25, cmov, cx8, fxsr, mmx, sse, sse2, sse3, ssse3, sse4.1, sse4.2, popcnt, avx, avx2, aes, clmul, erms, lzcnt, ht, tsc, tscinvbit, bmi1, bmi2, fma

Memory: 4k page, system-wide physical 8089M (2623M free)
TotalPageFile size 10949M (AvailPageFile size 8M)
current process WorkingSet (physical memory assigned to process): 316M, peak: 316M
current process commit charge ("private bytes"): 353M, peak: 384M

vm_info: OpenJDK 64-Bit Server VM (11.0.13+0-b1751.21-8125866) for windows-amd64 JRE (11.0.13+0-b1751.21-8125866), built on Feb  2 2022 03:00:22 by "builder" with MS VC++ 14.0 (VS2015)

END.
