#
# There is insufficient memory for the Java Runtime Environment to continue.
# Native memory allocation (mmap) failed to map 27262976 bytes for Failed to commit area from 0x0000000088000000 to 0x0000000089a00000 of length 27262976.
# Possible reasons:
#   The system is out of physical RAM or swap space
#   The process is running with CompressedOops enabled, and the Java Heap may be blocking the growth of the native heap
# Possible solutions:
#   Reduce memory load on the system
#   Increase physical memory or swap space
#   Check if swap backing store is full
#   Decrease Java heap size (-Xmx/-Xms)
#   Decrease number of Java threads
#   Decrease Java thread stack sizes (-Xss)
#   Set larger code cache with -XX:ReservedCodeCacheSize=
#   JVM is running with Unscaled Compressed Oops mode in which the Java heap is
#     placed in the first 4GB address space. The Java Heap base address is the
#     maximum limit for the native heap growth. Please use -XX:HeapBaseMinAddress
#     to set the Java Heap base and to place the Java Heap above 4GB virtual address.
# This output file may be truncated or incomplete.
#
#  Out of Memory Error (./src/hotspot/os/windows/os_windows.cpp:3619), pid=10052, tid=3388
#
# JRE version: OpenJDK Runtime Environment (11.0.13) (build 11.0.13+0-b1751.21-8125866)
# Java VM: OpenJDK 64-Bit Server VM (11.0.13+0-b1751.21-8125866, mixed mode, tiered, compressed oops, g1 gc, windows-amd64)
# No core dump will be written. Minidumps are not enabled by default on client versions of Windows
#

---------------  S U M M A R Y ------------

Command Line: --add-opens=java.base/java.util=ALL-UNNAMED --add-opens=java.base/java.lang=ALL-UNNAMED --add-opens=java.base/java.lang.invoke=ALL-UNNAMED --add-opens=java.prefs/java.util.prefs=ALL-UNNAMED --add-opens=java.base/java.nio.charset=ALL-UNNAMED --add-opens=java.base/java.net=ALL-UNNAMED --add-opens=java.base/java.util.concurrent.atomic=ALL-UNNAMED -Xmx2048m -Dfile.encoding=UTF-8 -Duser.country=US -Duser.language=en -Duser.variant org.gradle.launcher.daemon.bootstrap.GradleDaemon 8.0

Host: Intel(R) Core(TM) i5-4300U CPU @ 1.90GHz, 4 cores, 7G,  Windows 10 , 64 bit Build 19041 (10.0.19041.3155)
Time: Fri Aug 25 09:43:28 2023 E. Africa Standard Time elapsed time: 6.098962 seconds (0d 0h 0m 6s)

---------------  T H R E A D  ---------------

Current thread (0x0000013626d17800):  VMThread "VM Thread" [stack: 0x0000001dcd600000,0x0000001dcd700000] [id=3388]

Stack: [0x0000001dcd600000,0x0000001dcd700000]
[error occurred during error reporting (printing stack bounds), id 0xc0000005, EXCEPTION_ACCESS_VIOLATION (0xc0000005) at pc=0x00000136104a112d]

Native frames: (J=compiled Java code, j=interpreted, Vv=VM code, C=native code)
V  [jvm.dll+0x6100fa]
V  [jvm.dll+0x747090]
V  [jvm.dll+0x7486ad]
V  [jvm.dll+0x748ce5]
V  [jvm.dll+0x748c9b]
V  [jvm.dll+0x60f224]
V  [jvm.dll+0x60f9b8]
C  [ntdll.dll+0xa23df]
C  [ntdll.dll+0x514b4]
C  [ntdll.dll+0xa0eee]
C  0x00000136104a112d

VM_Operation (0x0000001dceaf8de0): CollectForMetadataAllocation, mode: safepoint, requested by thread 0x0000013629743800


---------------  P R O C E S S  ---------------

Threads class SMR info:
_java_thread_list=0x0000013628a50e90, length=21, elements={
0x000001360b1bd800, 0x0000013626d20000, 0x0000013626d21800, 0x00000136276c2800,
0x0000013626d3a800, 0x0000013626d3b800, 0x0000013626d42000, 0x0000013626d46000,
0x0000013626d4b800, 0x0000013627809800, 0x00000136296d1800, 0x00000136295bf000,
0x000001362a18d800, 0x0000013628e99800, 0x000001362981d800, 0x00000136295ae800,
0x0000013628a48800, 0x0000013629743800, 0x0000013629ea1800, 0x000001362834f000,
0x0000013628988800
}

Java Threads: ( => current thread )
  0x000001360b1bd800 JavaThread "main" [_thread_blocked, id=6120, stack(0x0000001dcd000000,0x0000001dcd100000)]
  0x0000013626d20000 JavaThread "Reference Handler" daemon [_thread_blocked, id=1804, stack(0x0000001dcd700000,0x0000001dcd800000)]
  0x0000013626d21800 JavaThread "Finalizer" daemon [_thread_blocked, id=3632, stack(0x0000001dcd800000,0x0000001dcd900000)]
  0x00000136276c2800 JavaThread "Signal Dispatcher" daemon [_thread_blocked, id=4188, stack(0x0000001dcd900000,0x0000001dcda00000)]
  0x0000013626d3a800 JavaThread "Attach Listener" daemon [_thread_blocked, id=10452, stack(0x0000001dcda00000,0x0000001dcdb00000)]
  0x0000013626d3b800 JavaThread "Service Thread" daemon [_thread_blocked, id=176, stack(0x0000001dcdb00000,0x0000001dcdc00000)]
  0x0000013626d42000 JavaThread "C2 CompilerThread0" daemon [_thread_blocked, id=11560, stack(0x0000001dcdc00000,0x0000001dcdd00000)]
  0x0000013626d46000 JavaThread "C1 CompilerThread0" daemon [_thread_blocked, id=2912, stack(0x0000001dcdd00000,0x0000001dcde00000)]
  0x0000013626d4b800 JavaThread "Sweeper thread" daemon [_thread_blocked, id=11556, stack(0x0000001dcde00000,0x0000001dcdf00000)]
  0x0000013627809800 JavaThread "Common-Cleaner" daemon [_thread_blocked, id=2756, stack(0x0000001dcdf00000,0x0000001dce000000)]
  0x00000136296d1800 JavaThread "Daemon health stats" [_thread_blocked, id=7672, stack(0x0000001dce400000,0x0000001dce500000)]
  0x00000136295bf000 JavaThread "Incoming local TCP Connector on port 1233" [_thread_in_native, id=5148, stack(0x0000001dce100000,0x0000001dce200000)]
  0x000001362a18d800 JavaThread "Daemon periodic checks" [_thread_blocked, id=3104, stack(0x0000001dce500000,0x0000001dce600000)]
  0x0000013628e99800 JavaThread "Daemon" [_thread_blocked, id=11512, stack(0x0000001dce600000,0x0000001dce700000)]
  0x000001362981d800 JavaThread "Handler for socket connection from /127.0.0.1:1233 to /127.0.0.1:1234" [_thread_in_native, id=8724, stack(0x0000001dce700000,0x0000001dce800000)]
  0x00000136295ae800 JavaThread "C2 CompilerThread1" daemon [_thread_blocked, id=11856, stack(0x0000001dce800000,0x0000001dce900000)]
  0x0000013628a48800 JavaThread "Cancel handler" [_thread_blocked, id=6368, stack(0x0000001dce900000,0x0000001dcea00000)]
  0x0000013629743800 JavaThread "Daemon worker" [_thread_blocked, id=10440, stack(0x0000001dcea00000,0x0000001dceb00000)]
  0x0000013629ea1800 JavaThread "Asynchronous log dispatcher for DefaultDaemonConnection: socket connection from /127.0.0.1:1233 to /127.0.0.1:1234" [_thread_blocked, id=7760, stack(0x0000001dceb00000,0x0000001dcec00000)]
  0x000001362834f000 JavaThread "Stdin handler" [_thread_blocked, id=11504, stack(0x0000001dcec00000,0x0000001dced00000)]
  0x0000013628988800 JavaThread "Daemon client event forwarder" [_thread_blocked, id=10688, stack(0x0000001dced00000,0x0000001dcee00000)]

Other Threads:
=>0x0000013626d17800 VMThread "VM Thread" [stack: 0x0000001dcd600000,0x0000001dcd700000] [id=3388]
  0x0000013627845800 WatcherThread [stack: 0x0000001dce000000,0x0000001dce100000] [id=2848]
  0x000001360b1d6000 GCTaskThread "GC Thread#0" [stack: 0x0000001dcd100000,0x0000001dcd200000] [id=9988]
  0x0000013628410800 GCTaskThread "GC Thread#1" [stack: 0x0000001dce200000,0x0000001dce300000] [id=9592]
  0x0000013627c6a000 GCTaskThread "GC Thread#2" [stack: 0x0000001dce300000,0x0000001dce400000] [id=1976]
  0x000001362967f000 GCTaskThread "GC Thread#3" [stack: 0x0000001dcee00000,0x0000001dcef00000] [id=6036]
  0x000001360b207000 ConcurrentGCThread "G1 Main Marker" [stack: 0x0000001dcd200000,0x0000001dcd300000] [id=7456]
  0x000001360b208800 ConcurrentGCThread "G1 Conc#0" [stack: 0x0000001dcd300000,0x0000001dcd400000] [id=9756]
  0x000001360b297000 ConcurrentGCThread "G1 Refine#0" [stack: 0x0000001dcd400000,0x0000001dcd500000] [id=5844]
  0x000001360b298000 ConcurrentGCThread "G1 Young RemSet Sampling" [stack: 0x0000001dcd500000,0x0000001dcd600000] [id=12160]

Threads with active compile tasks:
C2 CompilerThread1   6156 1989       4       java.lang.AbstractStringBuilder::append (55 bytes)

VM state:at safepoint (normal execution)

VM Mutex/Monitor currently owned by a thread:  ([mutex/lock_event])
[0x000001360b1ba370] Threads_lock - owner thread: 0x0000013626d17800
[0x000001360b1b9f80] Heap_lock - owner thread: 0x0000013629743800

Heap address: 0x0000000080000000, size: 2048 MB, Compressed Oops mode: 32-bit
Narrow klass base: 0x0000000000000000, Narrow klass shift: 3
Compressed class space size: 1073741824 Address: 0x0000000100000000

Heap:
 garbage-first heap   total 157696K, used 18419K [0x0000000080000000, 0x0000000100000000)
  region size 1024K, 2 young (2048K), 2 survivors (2048K)
 Metaspace       used 20765K, capacity 21181K, committed 21296K, reserved 1069056K
  class space    used 2486K, capacity 2658K, committed 2688K, reserved 1048576K
Heap Regions: E=young(eden), S=young(survivor), O=old, HS=humongous(starts), HC=humongous(continues), CS=collection set, F=free, A=archive, TAMS=top-at-mark-start (previous, next)
|   0|0x0000000080000000, 0x0000000080100000, 0x0000000080100000|100%|HS|  |TAMS 0x0000000080000000, 0x0000000080100000| Complete 
|   1|0x0000000080100000, 0x0000000080200000, 0x0000000080200000|100%|HC|  |TAMS 0x0000000080100000, 0x0000000080200000| Complete 
|   2|0x0000000080200000, 0x0000000080300000, 0x0000000080300000|100%|HC|  |TAMS 0x0000000080200000, 0x0000000080300000| Complete 
|   3|0x0000000080300000, 0x0000000080400000, 0x0000000080400000|100%|HC|  |TAMS 0x0000000080300000, 0x0000000080400000| Complete 
|   4|0x0000000080400000, 0x0000000080500000, 0x0000000080500000|100%| O|  |TAMS 0x0000000080400000, 0x0000000080500000| Untracked 
|   5|0x0000000080500000, 0x0000000080600000, 0x0000000080600000|100%| O|  |TAMS 0x0000000080500000, 0x0000000080600000| Untracked 
|   6|0x0000000080600000, 0x0000000080700000, 0x0000000080700000|100%| O|  |TAMS 0x0000000080600000, 0x0000000080700000| Untracked 
|   7|0x0000000080700000, 0x0000000080800000, 0x0000000080800000|100%| O|  |TAMS 0x0000000080700000, 0x0000000080800000| Untracked 
|   8|0x0000000080800000, 0x0000000080900000, 0x0000000080900000|100%| O|  |TAMS 0x0000000080800000, 0x0000000080900000| Untracked 
|   9|0x0000000080900000, 0x0000000080a00000, 0x0000000080a00000|100%| O|  |TAMS 0x0000000080900000, 0x0000000080a00000| Untracked 
|  10|0x0000000080a00000, 0x0000000080b00000, 0x0000000080b00000|100%| O|  |TAMS 0x0000000080a00000, 0x0000000080b00000| Untracked 
|  11|0x0000000080b00000, 0x0000000080c00000, 0x0000000080c00000|100%| O|  |TAMS 0x0000000080b00000, 0x0000000080c00000| Untracked 
|  12|0x0000000080c00000, 0x0000000080d00000, 0x0000000080d00000|100%| O|  |TAMS 0x0000000080c00000, 0x0000000080d00000| Untracked 
|  13|0x0000000080d00000, 0x0000000080e00000, 0x0000000080e00000|100%| O|  |TAMS 0x0000000080d00000, 0x0000000080e00000| Untracked 
|  14|0x0000000080e00000, 0x0000000080f00000, 0x0000000080f00000|100%| O|  |TAMS 0x0000000080e00000, 0x0000000080f00000| Untracked 
|  15|0x0000000080f00000, 0x0000000081000000, 0x0000000081000000|100%| O|  |TAMS 0x0000000080f00000, 0x0000000081000000| Untracked 
|  16|0x0000000081000000, 0x00000000810aec00, 0x0000000081100000| 68%| O|  |TAMS 0x0000000081000000, 0x00000000810aec00| Untracked 
|  17|0x0000000081100000, 0x0000000081100000, 0x0000000081200000|  0%| F|  |TAMS 0x0000000081100000, 0x0000000081100000| Untracked 
|  18|0x0000000081200000, 0x0000000081200000, 0x0000000081300000|  0%| F|  |TAMS 0x0000000081200000, 0x0000000081200000| Untracked 
|  19|0x0000000081300000, 0x0000000081300000, 0x0000000081400000|  0%| F|  |TAMS 0x0000000081300000, 0x0000000081300000| Untracked 
|  20|0x0000000081400000, 0x0000000081400000, 0x0000000081500000|  0%| F|  |TAMS 0x0000000081400000, 0x0000000081400000| Untracked 
|  21|0x0000000081500000, 0x0000000081500000, 0x0000000081600000|  0%| F|  |TAMS 0x0000000081500000, 0x0000000081500000| Untracked 
|  22|0x0000000081600000, 0x0000000081600000, 0x0000000081700000|  0%| F|  |TAMS 0x0000000081600000, 0x0000000081600000| Untracked 
|  23|0x0000000081700000, 0x0000000081700000, 0x0000000081800000|  0%| F|  |TAMS 0x0000000081700000, 0x0000000081700000| Untracked 
|  24|0x0000000081800000, 0x0000000081800000, 0x0000000081900000|  0%| F|  |TAMS 0x0000000081800000, 0x0000000081800000| Untracked 
|  25|0x0000000081900000, 0x0000000081900000, 0x0000000081a00000|  0%| F|  |TAMS 0x0000000081900000, 0x0000000081900000| Untracked 
|  26|0x0000000081a00000, 0x0000000081a00000, 0x0000000081b00000|  0%| F|  |TAMS 0x0000000081a00000, 0x0000000081a00000| Untracked 
|  27|0x0000000081b00000, 0x0000000081b00000, 0x0000000081c00000|  0%| F|  |TAMS 0x0000000081b00000, 0x0000000081b00000| Untracked 
|  28|0x0000000081c00000, 0x0000000081c00000, 0x0000000081d00000|  0%| F|  |TAMS 0x0000000081c00000, 0x0000000081c00000| Untracked 
|  29|0x0000000081d00000, 0x0000000081d00000, 0x0000000081e00000|  0%| F|  |TAMS 0x0000000081d00000, 0x0000000081d00000| Untracked 
|  30|0x0000000081e00000, 0x0000000081e00000, 0x0000000081f00000|  0%| F|  |TAMS 0x0000000081e00000, 0x0000000081e00000| Untracked 
|  31|0x0000000081f00000, 0x0000000081f00000, 0x0000000082000000|  0%| F|  |TAMS 0x0000000081f00000, 0x0000000081f00000| Untracked 
|  32|0x0000000082000000, 0x0000000082000000, 0x0000000082100000|  0%| F|  |TAMS 0x0000000082000000, 0x0000000082000000| Untracked 
|  33|0x0000000082100000, 0x0000000082100000, 0x0000000082200000|  0%| F|  |TAMS 0x0000000082100000, 0x0000000082100000| Untracked 
|  34|0x0000000082200000, 0x0000000082200000, 0x0000000082300000|  0%| F|  |TAMS 0x0000000082200000, 0x0000000082200000| Untracked 
|  35|0x0000000082300000, 0x0000000082300000, 0x0000000082400000|  0%| F|  |TAMS 0x0000000082300000, 0x0000000082300000| Untracked 
|  36|0x0000000082400000, 0x0000000082400000, 0x0000000082500000|  0%| F|  |TAMS 0x0000000082400000, 0x0000000082400000| Untracked 
|  37|0x0000000082500000, 0x0000000082500000, 0x0000000082600000|  0%| F|  |TAMS 0x0000000082500000, 0x0000000082500000| Untracked 
|  38|0x0000000082600000, 0x0000000082600000, 0x0000000082700000|  0%| F|  |TAMS 0x0000000082600000, 0x0000000082600000| Untracked 
|  39|0x0000000082700000, 0x0000000082700000, 0x0000000082800000|  0%| F|  |TAMS 0x0000000082700000, 0x0000000082700000| Untracked 
|  40|0x0000000082800000, 0x0000000082800000, 0x0000000082900000|  0%| F|  |TAMS 0x0000000082800000, 0x0000000082800000| Untracked 
|  41|0x0000000082900000, 0x0000000082900000, 0x0000000082a00000|  0%| F|  |TAMS 0x0000000082900000, 0x0000000082900000| Untracked 
|  42|0x0000000082a00000, 0x0000000082a00000, 0x0000000082b00000|  0%| F|  |TAMS 0x0000000082a00000, 0x0000000082a00000| Untracked 
|  43|0x0000000082b00000, 0x0000000082b00000, 0x0000000082c00000|  0%| F|  |TAMS 0x0000000082b00000, 0x0000000082b00000| Untracked 
|  44|0x0000000082c00000, 0x0000000082c00000, 0x0000000082d00000|  0%| F|  |TAMS 0x0000000082c00000, 0x0000000082c00000| Untracked 
|  45|0x0000000082d00000, 0x0000000082d00000, 0x0000000082e00000|  0%| F|  |TAMS 0x0000000082d00000, 0x0000000082d00000| Untracked 
|  46|0x0000000082e00000, 0x0000000082e00000, 0x0000000082f00000|  0%| F|  |TAMS 0x0000000082e00000, 0x0000000082e00000| Untracked 
|  47|0x0000000082f00000, 0x0000000082f00000, 0x0000000083000000|  0%| F|  |TAMS 0x0000000082f00000, 0x0000000082f00000| Untracked 
|  48|0x0000000083000000, 0x0000000083000000, 0x0000000083100000|  0%| F|  |TAMS 0x0000000083000000, 0x0000000083000000| Untracked 
|  49|0x0000000083100000, 0x0000000083100000, 0x0000000083200000|  0%| F|  |TAMS 0x0000000083100000, 0x0000000083100000| Untracked 
|  50|0x0000000083200000, 0x0000000083200000, 0x0000000083300000|  0%| F|  |TAMS 0x0000000083200000, 0x0000000083200000| Untracked 
|  51|0x0000000083300000, 0x0000000083300000, 0x0000000083400000|  0%| F|  |TAMS 0x0000000083300000, 0x0000000083300000| Untracked 
|  52|0x0000000083400000, 0x0000000083400000, 0x0000000083500000|  0%| F|  |TAMS 0x0000000083400000, 0x0000000083400000| Untracked 
|  53|0x0000000083500000, 0x0000000083500000, 0x0000000083600000|  0%| F|  |TAMS 0x0000000083500000, 0x0000000083500000| Untracked 
|  54|0x0000000083600000, 0x0000000083600000, 0x0000000083700000|  0%| F|  |TAMS 0x0000000083600000, 0x0000000083600000| Untracked 
|  55|0x0000000083700000, 0x0000000083700000, 0x0000000083800000|  0%| F|  |TAMS 0x0000000083700000, 0x0000000083700000| Untracked 
|  56|0x0000000083800000, 0x0000000083800000, 0x0000000083900000|  0%| F|  |TAMS 0x0000000083800000, 0x0000000083800000| Untracked 
|  57|0x0000000083900000, 0x0000000083900000, 0x0000000083a00000|  0%| F|  |TAMS 0x0000000083900000, 0x0000000083900000| Untracked 
|  58|0x0000000083a00000, 0x0000000083a00000, 0x0000000083b00000|  0%| F|  |TAMS 0x0000000083a00000, 0x0000000083a00000| Untracked 
|  59|0x0000000083b00000, 0x0000000083b00000, 0x0000000083c00000|  0%| F|  |TAMS 0x0000000083b00000, 0x0000000083b00000| Untracked 
|  60|0x0000000083c00000, 0x0000000083c00000, 0x0000000083d00000|  0%| F|  |TAMS 0x0000000083c00000, 0x0000000083c00000| Untracked 
|  61|0x0000000083d00000, 0x0000000083d00000, 0x0000000083e00000|  0%| F|  |TAMS 0x0000000083d00000, 0x0000000083d00000| Untracked 
|  62|0x0000000083e00000, 0x0000000083e00000, 0x0000000083f00000|  0%| F|  |TAMS 0x0000000083e00000, 0x0000000083e00000| Untracked 
|  63|0x0000000083f00000, 0x0000000083f00000, 0x0000000084000000|  0%| F|  |TAMS 0x0000000083f00000, 0x0000000083f00000| Untracked 
|  64|0x0000000084000000, 0x0000000084000000, 0x0000000084100000|  0%| F|  |TAMS 0x0000000084000000, 0x0000000084000000| Untracked 
|  65|0x0000000084100000, 0x0000000084100000, 0x0000000084200000|  0%| F|  |TAMS 0x0000000084100000, 0x0000000084100000| Untracked 
|  66|0x0000000084200000, 0x0000000084200000, 0x0000000084300000|  0%| F|  |TAMS 0x0000000084200000, 0x0000000084200000| Untracked 
|  67|0x0000000084300000, 0x0000000084300000, 0x0000000084400000|  0%| F|  |TAMS 0x0000000084300000, 0x0000000084300000| Untracked 
|  68|0x0000000084400000, 0x0000000084400000, 0x0000000084500000|  0%| F|  |TAMS 0x0000000084400000, 0x0000000084400000| Untracked 
|  69|0x0000000084500000, 0x0000000084500000, 0x0000000084600000|  0%| F|  |TAMS 0x0000000084500000, 0x0000000084500000| Untracked 
|  70|0x0000000084600000, 0x0000000084600000, 0x0000000084700000|  0%| F|  |TAMS 0x0000000084600000, 0x0000000084600000| Untracked 
|  71|0x0000000084700000, 0x0000000084700000, 0x0000000084800000|  0%| F|  |TAMS 0x0000000084700000, 0x0000000084700000| Untracked 
|  72|0x0000000084800000, 0x0000000084800000, 0x0000000084900000|  0%| F|  |TAMS 0x0000000084800000, 0x0000000084800000| Untracked 
|  73|0x0000000084900000, 0x0000000084900000, 0x0000000084a00000|  0%| F|  |TAMS 0x0000000084900000, 0x0000000084900000| Untracked 
|  74|0x0000000084a00000, 0x0000000084a00000, 0x0000000084b00000|  0%| F|  |TAMS 0x0000000084a00000, 0x0000000084a00000| Untracked 
|  75|0x0000000084b00000, 0x0000000084b00000, 0x0000000084c00000|  0%| F|  |TAMS 0x0000000084b00000, 0x0000000084b00000| Untracked 
|  76|0x0000000084c00000, 0x0000000084c00000, 0x0000000084d00000|  0%| F|  |TAMS 0x0000000084c00000, 0x0000000084c00000| Untracked 
|  77|0x0000000084d00000, 0x0000000084d00000, 0x0000000084e00000|  0%| F|  |TAMS 0x0000000084d00000, 0x0000000084d00000| Untracked 
|  78|0x0000000084e00000, 0x0000000084e00000, 0x0000000084f00000|  0%| F|  |TAMS 0x0000000084e00000, 0x0000000084e00000| Untracked 
|  79|0x0000000084f00000, 0x0000000084f00000, 0x0000000085000000|  0%| F|  |TAMS 0x0000000084f00000, 0x0000000084f00000| Untracked 
|  80|0x0000000085000000, 0x0000000085000000, 0x0000000085100000|  0%| F|  |TAMS 0x0000000085000000, 0x0000000085000000| Untracked 
|  81|0x0000000085100000, 0x0000000085100000, 0x0000000085200000|  0%| F|  |TAMS 0x0000000085100000, 0x0000000085100000| Untracked 
|  82|0x0000000085200000, 0x0000000085200000, 0x0000000085300000|  0%| F|  |TAMS 0x0000000085200000, 0x0000000085200000| Untracked 
|  83|0x0000000085300000, 0x0000000085300000, 0x0000000085400000|  0%| F|  |TAMS 0x0000000085300000, 0x0000000085300000| Untracked 
|  84|0x0000000085400000, 0x0000000085400000, 0x0000000085500000|  0%| F|  |TAMS 0x0000000085400000, 0x0000000085400000| Untracked 
|  85|0x0000000085500000, 0x0000000085500000, 0x0000000085600000|  0%| F|  |TAMS 0x0000000085500000, 0x0000000085500000| Untracked 
|  86|0x0000000085600000, 0x0000000085600000, 0x0000000085700000|  0%| F|  |TAMS 0x0000000085600000, 0x0000000085600000| Untracked 
|  87|0x0000000085700000, 0x0000000085700000, 0x0000000085800000|  0%| F|  |TAMS 0x0000000085700000, 0x0000000085700000| Untracked 
|  88|0x0000000085800000, 0x0000000085800000, 0x0000000085900000|  0%| F|  |TAMS 0x0000000085800000, 0x0000000085800000| Untracked 
|  89|0x0000000085900000, 0x0000000085900000, 0x0000000085a00000|  0%| F|  |TAMS 0x0000000085900000, 0x0000000085900000| Untracked 
|  90|0x0000000085a00000, 0x0000000085a00000, 0x0000000085b00000|  0%| F|  |TAMS 0x0000000085a00000, 0x0000000085a00000| Untracked 
|  91|0x0000000085b00000, 0x0000000085b00000, 0x0000000085c00000|  0%| F|  |TAMS 0x0000000085b00000, 0x0000000085b00000| Untracked 
|  92|0x0000000085c00000, 0x0000000085c00000, 0x0000000085d00000|  0%| F|  |TAMS 0x0000000085c00000, 0x0000000085c00000| Untracked 
|  93|0x0000000085d00000, 0x0000000085d00000, 0x0000000085e00000|  0%| F|  |TAMS 0x0000000085d00000, 0x0000000085d00000| Untracked 
|  94|0x0000000085e00000, 0x0000000085e00000, 0x0000000085f00000|  0%| F|  |TAMS 0x0000000085e00000, 0x0000000085e00000| Untracked 
|  95|0x0000000085f00000, 0x0000000085f00000, 0x0000000086000000|  0%| F|  |TAMS 0x0000000085f00000, 0x0000000085f00000| Untracked 
|  96|0x0000000086000000, 0x0000000086000000, 0x0000000086100000|  0%| F|  |TAMS 0x0000000086000000, 0x0000000086000000| Untracked 
|  97|0x0000000086100000, 0x0000000086100000, 0x0000000086200000|  0%| F|  |TAMS 0x0000000086100000, 0x0000000086100000| Untracked 
|  98|0x0000000086200000, 0x0000000086200000, 0x0000000086300000|  0%| F|  |TAMS 0x0000000086200000, 0x0000000086200000| Untracked 
|  99|0x0000000086300000, 0x0000000086300000, 0x0000000086400000|  0%| F|  |TAMS 0x0000000086300000, 0x0000000086300000| Untracked 
| 100|0x0000000086400000, 0x0000000086400000, 0x0000000086500000|  0%| F|  |TAMS 0x0000000086400000, 0x0000000086400000| Untracked 
| 101|0x0000000086500000, 0x0000000086500000, 0x0000000086600000|  0%| F|  |TAMS 0x0000000086500000, 0x0000000086500000| Untracked 
| 102|0x0000000086600000, 0x000000008664e180, 0x0000000086700000| 30%| S|CS|TAMS 0x0000000086600000, 0x0000000086600000| Complete 
| 103|0x0000000086700000, 0x0000000086800000, 0x0000000086800000|100%| S|CS|TAMS 0x0000000086700000, 0x0000000086700000| Complete 
| 104|0x0000000086800000, 0x0000000086800000, 0x0000000086900000|  0%| F|  |TAMS 0x0000000086800000, 0x0000000086800000| Untracked 
| 105|0x0000000086900000, 0x0000000086900000, 0x0000000086a00000|  0%| F|  |TAMS 0x0000000086900000, 0x0000000086900000| Untracked 
| 106|0x0000000086a00000, 0x0000000086a00000, 0x0000000086b00000|  0%| F|  |TAMS 0x0000000086a00000, 0x0000000086a00000| Untracked 
| 107|0x0000000086b00000, 0x0000000086b00000, 0x0000000086c00000|  0%| F|  |TAMS 0x0000000086b00000, 0x0000000086b00000| Untracked 
| 108|0x0000000086c00000, 0x0000000086c00000, 0x0000000086d00000|  0%| F|  |TAMS 0x0000000086c00000, 0x0000000086c00000| Untracked 
| 109|0x0000000086d00000, 0x0000000086d00000, 0x0000000086e00000|  0%| F|  |TAMS 0x0000000086d00000, 0x0000000086d00000| Untracked 
| 110|0x0000000086e00000, 0x0000000086e00000, 0x0000000086f00000|  0%| F|  |TAMS 0x0000000086e00000, 0x0000000086e00000| Untracked 
| 111|0x0000000086f00000, 0x0000000086f00000, 0x0000000087000000|  0%| F|  |TAMS 0x0000000086f00000, 0x0000000086f00000| Untracked 
| 112|0x0000000087000000, 0x0000000087000000, 0x0000000087100000|  0%| F|  |TAMS 0x0000000087000000, 0x0000000087000000| Untracked 
| 113|0x0000000087100000, 0x0000000087100000, 0x0000000087200000|  0%| F|  |TAMS 0x0000000087100000, 0x0000000087100000| Untracked 
| 114|0x0000000087200000, 0x0000000087200000, 0x0000000087300000|  0%| F|  |TAMS 0x0000000087200000, 0x0000000087200000| Untracked 
| 115|0x0000000087300000, 0x0000000087300000, 0x0000000087400000|  0%| F|  |TAMS 0x0000000087300000, 0x0000000087300000| Untracked 
| 116|0x0000000087400000, 0x0000000087400000, 0x0000000087500000|  0%| F|  |TAMS 0x0000000087400000, 0x0000000087400000| Untracked 
| 117|0x0000000087500000, 0x0000000087500000, 0x0000000087600000|  0%| F|  |TAMS 0x0000000087500000, 0x0000000087500000| Untracked 
| 118|0x0000000087600000, 0x0000000087600000, 0x0000000087700000|  0%| F|  |TAMS 0x0000000087600000, 0x0000000087600000| Untracked 
| 119|0x0000000087700000, 0x0000000087700000, 0x0000000087800000|  0%| F|  |TAMS 0x0000000087700000, 0x0000000087700000| Untracked 
| 120|0x0000000087800000, 0x0000000087800000, 0x0000000087900000|  0%| F|  |TAMS 0x0000000087800000, 0x0000000087800000| Untracked 
| 121|0x0000000087900000, 0x0000000087900000, 0x0000000087a00000|  0%| F|  |TAMS 0x0000000087900000, 0x0000000087900000| Untracked 
| 122|0x0000000087a00000, 0x0000000087a00000, 0x0000000087b00000|  0%| F|  |TAMS 0x0000000087a00000, 0x0000000087a00000| Untracked 
| 123|0x0000000087b00000, 0x0000000087b00000, 0x0000000087c00000|  0%| F|  |TAMS 0x0000000087b00000, 0x0000000087b00000| Untracked 
| 124|0x0000000087c00000, 0x0000000087c00000, 0x0000000087d00000|  0%| F|  |TAMS 0x0000000087c00000, 0x0000000087c00000| Untracked 
| 125|0x0000000087d00000, 0x0000000087d00000, 0x0000000087e00000|  0%| F|  |TAMS 0x0000000087d00000, 0x0000000087d00000| Untracked 
| 126|0x0000000087e00000, 0x0000000087e00000, 0x0000000087f00000|  0%| F|  |TAMS 0x0000000087e00000, 0x0000000087e00000| Untracked 
| 127|0x0000000087f00000, 0x0000000087f00000, 0x0000000088000000|  0%| F|  |TAMS 0x0000000087f00000, 0x0000000087f00000| Untracked 

Card table byte_map: [0x000001361fed0000,0x00000136202d0000] _byte_map_base: 0x000001361fad0000

Marking Bits (Prev, Next): (CMBitMap*) 0x000001360b1fe1a8, (CMBitMap*) 0x000001360b1fe1e0
 Prev Bits: [0x00000136206d0000, 0x00000136226d0000)
 Next Bits: [0x00000136226d0000, 0x00000136246d0000)

Polling page: 0x000001360afc0000

Metaspace:

Usage:
  Non-class:     18.09 MB capacity,    17.85 MB ( 99%) used,   202.31 KB (  1%) free+waste,    42.06 KB ( <1%) overhead. 
      Class:      2.60 MB capacity,     2.43 MB ( 94%) used,   150.33 KB (  6%) free+waste,    21.00 KB ( <1%) overhead. 
       Both:     20.68 MB capacity,    20.28 MB ( 98%) used,   352.64 KB (  2%) free+waste,    63.06 KB ( <1%) overhead. 

Virtual space:
  Non-class space:       20.00 MB reserved,      18.17 MB ( 91%) committed 
      Class space:        1.00 GB reserved,       2.63 MB ( <1%) committed 
             Both:        1.02 GB reserved,      20.80 MB (  2%) committed 

Chunk freelists:
   Non-Class:  37.00 KB
       Class:  30.00 KB
        Both:  67.00 KB

MaxMetaspaceSize: 17179869184.00 GB
CompressedClassSpaceSize: 1.00 GB
Initial GC threshold: 20.80 MB
Current GC threshold: 20.80 MB
CDS: off

CodeHeap 'non-profiled nmethods': size=120064Kb used=1003Kb max_used=1003Kb free=119060Kb
 bounds [0x0000013617f60000, 0x00000136181d0000, 0x000001361f4a0000]
CodeHeap 'profiled nmethods': size=120000Kb used=4165Kb max_used=4165Kb free=115834Kb
 bounds [0x0000013610a30000, 0x0000013610e50000, 0x0000013617f60000]
CodeHeap 'non-nmethods': size=5696Kb used=1206Kb max_used=1220Kb free=4490Kb
 bounds [0x00000136104a0000, 0x0000013610710000, 0x0000013610a30000]
 total_blobs=2484 nmethods=2001 adapters=396
 compilation: enabled
              stopped_count=0, restarted_count=0
 full_count=0

Compilation events (20 events):
Event: 6.073 Thread 0x0000013626d46000 nmethod 1996 0x0000013610e3b090 code [0x0000013610e3b240, 0x0000013610e3b358]
Event: 6.073 Thread 0x0000013626d46000 1997       3       sun.reflect.generics.scope.AbstractScope::<init> (10 bytes)
Event: 6.073 Thread 0x0000013626d46000 nmethod 1997 0x0000013610e3b410 code [0x0000013610e3b5c0, 0x0000013610e3b778]
Event: 6.073 Thread 0x0000013626d46000 1998       3       sun.reflect.generics.factory.CoreReflectionFactory::make (10 bytes)
Event: 6.074 Thread 0x0000013626d46000 nmethod 1998 0x0000013610e3b810 code [0x0000013610e3b9e0, 0x0000013610e3bc98]
Event: 6.075 Thread 0x0000013626d46000 1999       1       org.gradle.internal.service.DefaultServiceRegistry::access$1700 (5 bytes)
Event: 6.075 Thread 0x0000013626d46000 nmethod 1999 0x000001361805a110 code [0x000001361805a2c0, 0x000001361805a358]
Event: 6.075 Thread 0x0000013626d46000 2000       3       org.gradle.internal.service.DefaultServiceRegistry$OwnServices::getProviders (26 bytes)
Event: 6.076 Thread 0x0000013626d46000 nmethod 2000 0x0000013610e3bd90 code [0x0000013610e3bf60, 0x0000013610e3c2c8]
Event: 6.076 Thread 0x0000013626d46000 2001       3       org.gradle.internal.service.DefaultServiceRegistry$OwnServices::getService (309 bytes)
Event: 6.079 Thread 0x0000013626d42000 nmethod 1994 0x000001361805a410 code [0x000001361805a5c0, 0x000001361805a998]
Event: 6.079 Thread 0x0000013626d42000 1995       4       java.io.DataOutputStream::writeByte (14 bytes)
Event: 6.080 Thread 0x0000013626d46000 nmethod 2001 0x0000013610e3c410 code [0x0000013610e3c980, 0x0000013610e3f908]
Event: 6.080 Thread 0x0000013626d46000 2002       3       org.gradle.internal.service.DefaultServiceRegistry$CompositeServiceProvider::getService (49 bytes)
Event: 6.080 Thread 0x0000013626d46000 nmethod 2002 0x0000013610e40790 code [0x0000013610e40960, 0x0000013610e40c68]
Event: 6.080 Thread 0x0000013626d46000 2003       3       sun.reflect.generics.parser.SignatureParser::mark (9 bytes)
Event: 6.081 Thread 0x0000013626d46000 nmethod 2003 0x0000013610e40d90 code [0x0000013610e40f40, 0x0000013610e41038]
Event: 6.081 Thread 0x0000013626d46000 2004       3       sun.reflect.generics.parser.SignatureParser::markToCurrent (16 bytes)
Event: 6.081 Thread 0x0000013626d42000 nmethod 1995 0x000001361805ac10 code [0x000001361805ada0, 0x000001361805ae58]
Event: 6.081 Thread 0x0000013626d46000 nmethod 2004 0x0000013610e41110 code [0x0000013610e412c0, 0x0000013610e41408]

GC Heap History (9 events):
Event: 0.805 GC heap before
{Heap before GC invocations=0 (full 0):
 garbage-first heap   total 131072K, used 17408K [0x0000000080000000, 0x0000000100000000)
  region size 1024K, 14 young (14336K), 0 survivors (0K)
 Metaspace       used 6732K, capacity 6925K, committed 7168K, reserved 1056768K
  class space    used 573K, capacity 650K, committed 768K, reserved 1048576K
}
Event: 0.812 GC heap after
{Heap after GC invocations=1 (full 0):
 garbage-first heap   total 131072K, used 8414K [0x0000000080000000, 0x0000000100000000)
  region size 1024K, 2 young (2048K), 2 survivors (2048K)
 Metaspace       used 6732K, capacity 6925K, committed 7168K, reserved 1056768K
  class space    used 573K, capacity 650K, committed 768K, reserved 1048576K
}
Event: 1.331 GC heap before
{Heap before GC invocations=1 (full 0):
 garbage-first heap   total 131072K, used 20702K [0x0000000080000000, 0x0000000100000000)
  region size 1024K, 14 young (14336K), 2 survivors (2048K)
 Metaspace       used 9871K, capacity 10118K, committed 10368K, reserved 1058816K
  class space    used 1013K, capacity 1102K, committed 1152K, reserved 1048576K
}
Event: 1.338 GC heap after
{Heap after GC invocations=2 (full 0):
 garbage-first heap   total 131072K, used 10380K [0x0000000080000000, 0x0000000100000000)
  region size 1024K, 2 young (2048K), 2 survivors (2048K)
 Metaspace       used 9871K, capacity 10118K, committed 10368K, reserved 1058816K
  class space    used 1013K, capacity 1102K, committed 1152K, reserved 1048576K
}
Event: 2.150 GC heap before
{Heap before GC invocations=2 (full 0):
 garbage-first heap   total 131072K, used 40076K [0x0000000080000000, 0x0000000100000000)
  region size 1024K, 31 young (31744K), 2 survivors (2048K)
 Metaspace       used 10872K, capacity 11135K, committed 11264K, reserved 1058816K
  class space    used 1115K, capacity 1206K, committed 1280K, reserved 1048576K
}
Event: 2.155 GC heap after
{Heap after GC invocations=3 (full 0):
 garbage-first heap   total 131072K, used 13194K [0x0000000080000000, 0x0000000100000000)
  region size 1024K, 4 young (4096K), 4 survivors (4096K)
 Metaspace       used 10872K, capacity 11135K, committed 11264K, reserved 1058816K
  class space    used 1115K, capacity 1206K, committed 1280K, reserved 1048576K
}
Event: 5.617 GC heap before
{Heap before GC invocations=3 (full 0):
 garbage-first heap   total 131072K, used 55178K [0x0000000080000000, 0x0000000100000000)
  region size 1024K, 46 young (47104K), 4 survivors (4096K)
 Metaspace       used 17600K, capacity 17938K, committed 18048K, reserved 1064960K
  class space    used 2009K, capacity 2122K, committed 2176K, reserved 1048576K
}
Event: 5.635 GC heap after
{Heap after GC invocations=4 (full 0):
 garbage-first heap   total 131072K, used 17159K [0x0000000080000000, 0x0000000100000000)
  region size 1024K, 6 young (6144K), 6 survivors (6144K)
 Metaspace       used 17600K, capacity 17938K, committed 18048K, reserved 1064960K
  class space    used 2009K, capacity 2122K, committed 2176K, reserved 1048576K
}
Event: 6.086 GC heap before
{Heap before GC invocations=4 (full 0):
 garbage-first heap   total 131072K, used 40711K [0x0000000080000000, 0x0000000100000000)
  region size 1024K, 30 young (30720K), 6 survivors (6144K)
 Metaspace       used 20765K, capacity 21181K, committed 21296K, reserved 1069056K
  class space    used 2486K, capacity 2658K, committed 2688K, reserved 1048576K
}

Deoptimization events (20 events):
Event: 5.569 Thread 0x0000013629743800 Uncommon trap: trap_request=0xffffffc6 fr.pc=0x000001361801100c relative=0x000000000000098c
Event: 5.569 Thread 0x0000013629743800 Uncommon trap: reason=bimorphic_or_optimized_type_check action=maybe_recompile pc=0x000001361801100c method=java.util.HashMap.putVal(ILjava/lang/Object;Ljava/lang/Object;ZZ)Ljava/lang/Object; @ 253 c2
Event: 5.569 Thread 0x0000013629743800 DEOPT PACKING pc=0x000001361801100c sp=0x0000001dceafebb0
Event: 5.569 Thread 0x0000013629743800 DEOPT UNPACKING pc=0x00000136104ea1af sp=0x0000001dceafeae8 mode 2
Event: 5.569 Thread 0x0000013629743800 Uncommon trap: trap_request=0xffffffc6 fr.pc=0x000001361801100c relative=0x000000000000098c
Event: 5.569 Thread 0x0000013629743800 Uncommon trap: reason=bimorphic_or_optimized_type_check action=maybe_recompile pc=0x000001361801100c method=java.util.HashMap.putVal(ILjava/lang/Object;Ljava/lang/Object;ZZ)Ljava/lang/Object; @ 253 c2
Event: 5.569 Thread 0x0000013629743800 DEOPT PACKING pc=0x000001361801100c sp=0x0000001dceafeca0
Event: 5.570 Thread 0x0000013629743800 DEOPT UNPACKING pc=0x00000136104ea1af sp=0x0000001dceafebd8 mode 2
Event: 5.810 Thread 0x0000013629743800 Uncommon trap: trap_request=0xffffff4d fr.pc=0x0000013617fafa7c relative=0x000000000000023c
Event: 5.810 Thread 0x0000013629743800 Uncommon trap: reason=unstable_if action=reinterpret pc=0x0000013617fafa7c method=java.util.concurrent.ConcurrentHashMap.get(Ljava/lang/Object;)Ljava/lang/Object; @ 76 c2
Event: 5.810 Thread 0x0000013629743800 DEOPT PACKING pc=0x0000013617fafa7c sp=0x0000001dceafa060
Event: 5.810 Thread 0x0000013629743800 DEOPT UNPACKING pc=0x00000136104ea1af sp=0x0000001dceaf9fc8 mode 2
Event: 5.906 Thread 0x0000013629743800 Uncommon trap: trap_request=0xffffff4d fr.pc=0x000001361804c618 relative=0x0000000000000398
Event: 5.906 Thread 0x0000013629743800 Uncommon trap: reason=unstable_if action=reinterpret pc=0x000001361804c618 method=jdk.internal.org.objectweb.asm.Type.getArgumentsAndReturnSizes(Ljava/lang/String;)I @ 88 c2
Event: 5.906 Thread 0x0000013629743800 DEOPT PACKING pc=0x000001361804c618 sp=0x0000001dceafb4e0
Event: 5.906 Thread 0x0000013629743800 DEOPT UNPACKING pc=0x00000136104ea1af sp=0x0000001dceafb468 mode 2
Event: 6.078 Thread 0x0000013629743800 Uncommon trap: trap_request=0xffffffde fr.pc=0x0000013617f78ef0 relative=0x00000000000003d0
Event: 6.078 Thread 0x0000013629743800 Uncommon trap: reason=class_check action=maybe_recompile pc=0x0000013617f78ef0 method=java.util.regex.Matcher.match(II)Z @ 121 c2
Event: 6.078 Thread 0x0000013629743800 DEOPT PACKING pc=0x0000013617f78ef0 sp=0x0000001dceafc300
Event: 6.079 Thread 0x0000013629743800 DEOPT UNPACKING pc=0x00000136104ea1af sp=0x0000001dceafc2c0 mode 2

Classes redefined (0 events):
No events

Internal exceptions (20 events):
Event: 2.931 Thread 0x000001360b1bd800 Exception <a 'java/lang/NoSuchMethodError'{0x0000000085b9d950}: 'java.lang.Object java.lang.invoke.DirectMethodHandle$Holder.invokeStaticInit(java.lang.Object, int, int, int, int)'> (0x0000000085b9d950) thrown at [./src/hotspot/share/interpreter/linkResolver.cpp, line 773]
Event: 3.891 Thread 0x000001360b1bd800 Exception <a 'java/lang/NoSuchMethodError'{0x0000000085a6ea00}: 'java.lang.Object java.lang.invoke.DirectMethodHandle$Holder.invokeStaticInit(java.lang.Object, java.lang.Object, int, int, int, int)'> (0x0000000085a6ea00) thrown at [./src/hotspot/share/interpreter/linkResolver.cpp, line 773]
Event: 5.405 Thread 0x000001360b1bd800 Exception <a 'java/lang/NoSuchMethodError'{0x00000000858c7c70}: 'void java.lang.invoke.DirectMethodHandle$Holder.invokeSpecial(java.lang.Object, java.lang.Object)'> (0x00000000858c7c70) thrown at [./src/hotspot/share/interpreter/linkResolver.cpp, line 773]
Event: 5.411 Thread 0x000001360b1bd800 Exception <a 'java/io/IOException'{0x00000000858e1318}> (0x00000000858e1318) thrown at [./src/hotspot/share/prims/jni.cpp, line 616]
Event: 5.519 Thread 0x000001362981d800 Exception <a 'java/lang/NoSuchMethodError'{0x00000000855dc0c8}: <clinit>> (0x00000000855dc0c8) thrown at [./src/hotspot/share/prims/jni.cpp, line 1366]
Event: 5.522 Thread 0x000001362981d800 Exception <a 'java/lang/NoSuchMethodError'{0x00000000855f3eb0}: <clinit>> (0x00000000855f3eb0) thrown at [./src/hotspot/share/prims/jni.cpp, line 1366]
Event: 5.524 Thread 0x000001362981d800 Exception <a 'java/lang/NoSuchMethodError'{0x00000000855fd878}: <clinit>> (0x00000000855fd878) thrown at [./src/hotspot/share/prims/jni.cpp, line 1366]
Event: 5.529 Thread 0x000001362981d800 Exception <a 'java/lang/NoSuchMethodError'{0x0000000085413128}: <clinit>> (0x0000000085413128) thrown at [./src/hotspot/share/prims/jni.cpp, line 1366]
Event: 5.667 Thread 0x0000013629743800 Exception <a 'java/lang/NoSuchMethodError'{0x0000000087e52ca0}: 'long java.lang.invoke.DirectMethodHandle$Holder.invokeInterface(java.lang.Object, java.lang.Object)'> (0x0000000087e52ca0) thrown at [./src/hotspot/share/interpreter/linkResolver.cpp, line 773]
Event: 5.675 Thread 0x0000013629743800 Exception <a 'java/lang/NoSuchMethodError'{0x0000000087e9e328}: 'java.lang.Object java.lang.invoke.DirectMethodHandle$Holder.invokeVirtual(java.lang.Object, java.lang.Object, java.lang.Object)'> (0x0000000087e9e328) thrown at [./src/hotspot/share/interpreter/linkResolver.cpp, line 773]
Event: 5.874 Thread 0x0000013629743800 Exception <a 'java/lang/NoSuchMethodError'{0x00000000874271b0}: 'java.lang.Object java.lang.invoke.Invokers$Holder.linkToTargetMethod(java.lang.Object, java.lang.Object, java.lang.Object, java.lang.Object, java.lang.Object, java.lang.Object)'> (0x00000000874271b0) thrown at [./src/hotspot/share/interpreter/linkResolver.cpp, line 773]
Event: 5.878 Thread 0x0000013629743800 Exception <a 'java/lang/NoSuchMethodError'{0x0000000087455280}: 'void java.lang.invoke.DirectMethodHandle$Holder.invokeSpecial(java.lang.Object, java.lang.Object, java.lang.Object, java.lang.Object, java.lang.Object, java.lang.Object)'> (0x0000000087455280) thrown at [./src/hotspot/share/interpreter/linkResolver.cpp, line 773]
Event: 5.882 Thread 0x0000013629743800 Exception <a 'java/lang/NoSuchMethodError'{0x0000000087482e48}: 'java.lang.Object java.lang.invoke.DirectMethodHandle$Holder.invokeSpecial(java.lang.Object, java.lang.Object, java.lang.Object, java.lang.Object, java.lang.Object, java.lang.Object, java.lang.Object, java.lang.Object, int, int)'> (0x0000000087482e48) thrown at [./src/hotspot/share/interpreter/linkResolver.cpp, line 773]
Event: 5.915 Thread 0x0000013629743800 Exception <a 'java/lang/NoSuchMethodError'{0x00000000873a5e60}: 'java.lang.Object java.lang.invoke.DirectMethodHandle$Holder.invokeStatic(java.lang.Object, java.lang.Object, java.lang.Object, int, java.lang.Object, java.lang.Object)'> (0x00000000873a5e60) thrown at [./src/hotspot/share/interpreter/linkResolver.cpp, line 773]
Event: 5.916 Thread 0x0000013629743800 Exception <a 'java/lang/NoSuchMethodError'{0x00000000873ad2c8}: 'java.lang.Object java.lang.invoke.Invokers$Holder.linkToTargetMethod(java.lang.Object, java.lang.Object, int, java.lang.Object, java.lang.Object, java.lang.Object)'> (0x00000000873ad2c8) thrown at [./src/hotspot/share/interpreter/linkResolver.cpp, line 773]
Event: 5.972 Thread 0x0000013629743800 Exception <a 'java/lang/NoSuchMethodError'{0x00000000871f2920}: 'void java.lang.invoke.DelegatingMethodHandle$Holder.reinvoke_L(java.lang.Object, java.lang.Object, java.lang.Object, java.lang.Object, java.lang.Object, java.lang.Object, java.lang.Object, java.lang.Object, java.lang.Object, java.lang.Object, java.lang.Object)'> (0x00000000871f2920) thrown at [./src/hotspot/share/interpreter/linkResolver.cpp, line 773]
Event: 5.973 Thread 0x0000013629743800 Exception <a 'java/lang/NoSuchMethodError'{0x00000000871fad98}: 'java.lang.Object java.lang.invoke.DirectMethodHandle$Holder.invokeSpecial(java.lang.Object, java.lang.Object, java.lang.Object, java.lang.Object, java.lang.Object, java.lang.Object, java.lang.Object, java.lang.Object, java.lang.Object, java.lang.Object, java.lang.Object)'> (0x00000000871fad98) thrown at [./src/hotspot/share/interpreter/linkResolver.cpp, line 773]
Event: 5.974 Thread 0x0000013629743800 Exception <a 'java/lang/NoSuchMethodError'{0x00000000871ff508}: 'java.lang.Object java.lang.invoke.Invokers$Holder.invoker(java.lang.Object, java.lang.Object, java.lang.Object, java.lang.Object, java.lang.Object, java.lang.Object, java.lang.Object, java.lang.Object, java.lang.Object, java.lang.Object, java.lang.Object)'> (0x00000000871ff508) thrown at [./src/hotspot/share/interpreter/linkResolver.cpp, line 773]
Event: 5.975 Thread 0x0000013629743800 Exception <a 'java/lang/NoSuchMethodError'{0x0000000087004e88}: 'java.lang.Object java.lang.invoke.DirectMethodHandle$Holder.invokeSpecial(java.lang.Object, java.lang.Object, java.lang.Object, java.lang.Object, java.lang.Object, java.lang.Object, java.lang.Object, java.lang.Object, java.lang.Object, java.lang.Object, java.lang.Object, java.lang.Object)'> (0x0000000087004e88) thrown at [./src/hotspot/share/interpreter/linkResolver.cpp, line 773]
Event: 6.005 Thread 0x0000013629743800 Exception <a 'java/lang/NoSuchMethodError'{0x0000000086f619b0}: 'java.lang.Object java.lang.invoke.DirectMethodHandle$Holder.invokeSpecial(java.lang.Object, java.lang.Object, java.lang.Object, java.lang.Object, java.lang.Object, java.lang.Object, java.lang.Object, java.lang.Object, java.lang.Object)'> (0x0000000086f619b0) thrown at [./src/hotspot/share/interpreter/linkResolver.cpp, line 773]

Events (20 events):
Event: 6.078 loading class org/gradle/cache/internal/VersionStrategy done
Event: 6.079 loading class org/gradle/cache/internal/scopes/DefaultCacheScopeMapping$1
Event: 6.079 loading class org/gradle/cache/internal/scopes/DefaultCacheScopeMapping$1 done
Event: 6.079 loading class org/gradle/cache/internal/DefaultCacheRepository$PersistentCacheBuilder
Event: 6.079 loading class org/gradle/cache/internal/DefaultCacheRepository$PersistentCacheBuilder done
Event: 6.081 loading class org/gradle/cache/CacheBuilder$LockTarget
Event: 6.081 loading class org/gradle/cache/CacheBuilder$LockTarget done
Event: 6.082 loading class org/gradle/cache/internal/DefaultPersistentDirectoryStore
Event: 6.082 loading class org/gradle/cache/internal/DefaultPersistentDirectoryStore done
Event: 6.083 loading class org/gradle/cache/CacheOpenException
Event: 6.083 loading class org/gradle/cache/CacheOpenException done
Event: 6.084 loading class org/gradle/cache/internal/CacheCoordinator
Event: 6.084 loading class org/gradle/cache/internal/CacheCoordinator done
Event: 6.084 loading class org/gradle/cache/internal/CacheCleanupExecutor
Event: 6.084 loading class org/gradle/cache/internal/CacheCleanupExecutor done
Event: 6.084 loading class org/gradle/cache/internal/CacheInitializationAction
Event: 6.084 loading class org/gradle/cache/internal/CacheInitializationAction done
Event: 6.085 loading class org/gradle/cache/internal/DefaultCacheAccess
Event: 6.085 loading class org/gradle/cache/internal/DefaultCacheAccess done
Event: 6.086 Executing VM operation: CollectForMetadataAllocation


Dynamic libraries:
0x00007ff6779d0000 - 0x00007ff6779da000 	C:\Program Files\Android\Android Studio\jre\bin\java.exe
0x00007ff8a9b10000 - 0x00007ff8a9d08000 	C:\Windows\SYSTEM32\ntdll.dll
0x00007ff8a8ca0000 - 0x00007ff8a8d5f000 	C:\Windows\System32\KERNEL32.DLL
0x00007ff8a7560000 - 0x00007ff8a7856000 	C:\Windows\System32\KERNELBASE.dll
0x00007ff8a72a0000 - 0x00007ff8a73a0000 	C:\Windows\System32\ucrtbase.dll
0x00007ff894d40000 - 0x00007ff894d59000 	C:\Program Files\Android\Android Studio\jre\bin\jli.dll
0x00007ff8a0180000 - 0x00007ff8a0197000 	C:\Program Files\Android\Android Studio\jre\bin\VCRUNTIME140.dll
0x00007ff8a8b00000 - 0x00007ff8a8c9d000 	C:\Windows\System32\USER32.dll
0x00007ff892520000 - 0x00007ff8927ba000 	C:\Windows\WinSxS\amd64_microsoft.windows.common-controls_6595b64144ccf1df_6.0.19041.1110_none_60b5254171f9507e\COMCTL32.dll
0x00007ff8a7530000 - 0x00007ff8a7552000 	C:\Windows\System32\win32u.dll
0x00007ff8a91b0000 - 0x00007ff8a924e000 	C:\Windows\System32\msvcrt.dll
0x00007ff8a9700000 - 0x00007ff8a972c000 	C:\Windows\System32\GDI32.dll
0x00007ff8a7410000 - 0x00007ff8a7525000 	C:\Windows\System32\gdi32full.dll
0x00007ff8a7a50000 - 0x00007ff8a7aed000 	C:\Windows\System32\msvcp_win.dll
0x00007ff8a9740000 - 0x00007ff8a9770000 	C:\Windows\System32\IMM32.DLL
0x00007ff894ca0000 - 0x00007ff894d3d000 	C:\Program Files\Android\Android Studio\jre\bin\msvcp140.dll
0x00007ff8776e0000 - 0x00007ff8781e2000 	C:\Program Files\Android\Android Studio\jre\bin\server\jvm.dll
0x00007ff8a7d00000 - 0x00007ff8a7daf000 	C:\Windows\System32\ADVAPI32.dll
0x00007ff8a9660000 - 0x00007ff8a96fc000 	C:\Windows\System32\sechost.dll
0x00007ff8a7bd0000 - 0x00007ff8a7cf6000 	C:\Windows\System32\RPCRT4.dll
0x00007ff8a94f0000 - 0x00007ff8a94f8000 	C:\Windows\System32\PSAPI.DLL
0x00007ff8a12b0000 - 0x00007ff8a12b9000 	C:\Windows\SYSTEM32\WSOCK32.dll
0x00007ff8a9250000 - 0x00007ff8a92bb000 	C:\Windows\System32\WS2_32.dll
0x00007ff891170000 - 0x00007ff891197000 	C:\Windows\SYSTEM32\WINMM.dll
0x00007ff8968e0000 - 0x00007ff8968ea000 	C:\Windows\SYSTEM32\VERSION.dll
0x00007ff8a5120000 - 0x00007ff8a5132000 	C:\Windows\SYSTEM32\kernel.appcore.dll
0x00007ff8a1290000 - 0x00007ff8a12a1000 	C:\Program Files\Android\Android Studio\jre\bin\verify.dll
0x00007ff891c70000 - 0x00007ff891e54000 	C:\Windows\SYSTEM32\DBGHELP.DLL
0x00007ff891c30000 - 0x00007ff891c64000 	C:\Windows\SYSTEM32\dbgcore.DLL
0x00007ff8a7860000 - 0x00007ff8a78e2000 	C:\Windows\System32\bcryptPrimitives.dll
0x00007ff8a1110000 - 0x00007ff8a1139000 	C:\Program Files\Android\Android Studio\jre\bin\java.dll
0x00007ff8a1280000 - 0x00007ff8a128b000 	C:\Program Files\Android\Android Studio\jre\bin\jimage.dll
0x00007ff8a10f0000 - 0x00007ff8a1108000 	C:\Program Files\Android\Android Studio\jre\bin\zip.dll
0x00007ff8a83b0000 - 0x00007ff8a8af4000 	C:\Windows\System32\SHELL32.dll
0x00007ff8a5290000 - 0x00007ff8a5a23000 	C:\Windows\SYSTEM32\windows.storage.dll
0x00007ff8a8d60000 - 0x00007ff8a90b4000 	C:\Windows\System32\combase.dll
0x00007ff8a6c30000 - 0x00007ff8a6c5e000 	C:\Windows\SYSTEM32\Wldp.dll
0x00007ff8a9500000 - 0x00007ff8a95ad000 	C:\Windows\System32\SHCORE.dll
0x00007ff8a9980000 - 0x00007ff8a99d5000 	C:\Windows\System32\shlwapi.dll
0x00007ff8a7120000 - 0x00007ff8a7145000 	C:\Windows\SYSTEM32\profapi.dll
0x00007ff8a10d0000 - 0x00007ff8a10ea000 	C:\Program Files\Android\Android Studio\jre\bin\net.dll
0x00007ff89acc0000 - 0x00007ff89adca000 	C:\Windows\SYSTEM32\WINHTTP.dll
0x00007ff8a6990000 - 0x00007ff8a69fa000 	C:\Windows\system32\mswsock.dll
0x00007ff8a10b0000 - 0x00007ff8a10c4000 	C:\Program Files\Android\Android Studio\jre\bin\nio.dll
0x00007ff8a0630000 - 0x00007ff8a0657000 	C:\Users\hp\.gradle\native\68d5fa5c4cc2d200863cafc0d521ce42e7d3e7ee720ec0a83991735586a16f82\windows-amd64\native-platform.dll
0x00007ff8744c0000 - 0x00007ff874604000 	C:\Users\hp\.gradle\native\e376f236ea51e6404a007f0833ffe2c6e607c4080706a723a18a27aeea778392\windows-amd64\native-platform-file-events.dll
0x00007ff8a1270000 - 0x00007ff8a127a000 	C:\Program Files\Android\Android Studio\jre\bin\management.dll
0x00007ff8a11b0000 - 0x00007ff8a11bd000 	C:\Program Files\Android\Android Studio\jre\bin\management_ext.dll
0x00007ff8a6b80000 - 0x00007ff8a6b98000 	C:\Windows\SYSTEM32\CRYPTSP.dll
0x00007ff8a6230000 - 0x00007ff8a6264000 	C:\Windows\system32\rsaenh.dll
0x00007ff8a7af0000 - 0x00007ff8a7b17000 	C:\Windows\System32\bcrypt.dll
0x00007ff8a70a0000 - 0x00007ff8a70ce000 	C:\Windows\SYSTEM32\USERENV.dll
0x00007ff8a6ba0000 - 0x00007ff8a6bac000 	C:\Windows\SYSTEM32\CRYPTBASE.dll
0x00007ff8a6630000 - 0x00007ff8a666b000 	C:\Windows\SYSTEM32\IPHLPAPI.DLL
0x00007ff8a7f30000 - 0x00007ff8a7f38000 	C:\Windows\System32\NSI.dll
0x00007ff89d9d0000 - 0x00007ff89d9e7000 	C:\Windows\SYSTEM32\dhcpcsvc6.DLL
0x00007ff89d950000 - 0x00007ff89d96d000 	C:\Windows\SYSTEM32\dhcpcsvc.DLL
0x00007ff8a6680000 - 0x00007ff8a674a000 	C:\Windows\SYSTEM32\DNSAPI.dll

dbghelp: loaded successfully - version: 4.0.5 - missing functions: none
symbol engine: initialized successfully - sym options: 0x614 - pdb path: .;C:\Program Files\Android\Android Studio\jre\bin;C:\Windows\SYSTEM32;C:\Windows\WinSxS\amd64_microsoft.windows.common-controls_6595b64144ccf1df_6.0.19041.1110_none_60b5254171f9507e;C:\Program Files\Android\Android Studio\jre\bin\server;C:\Users\hp\.gradle\native\68d5fa5c4cc2d200863cafc0d521ce42e7d3e7ee720ec0a83991735586a16f82\windows-amd64;C:\Users\hp\.gradle\native\e376f236ea51e6404a007f0833ffe2c6e607c4080706a723a18a27aeea778392\windows-amd64

VM Arguments:
jvm_args: --add-opens=java.base/java.util=ALL-UNNAMED --add-opens=java.base/java.lang=ALL-UNNAMED --add-opens=java.base/java.lang.invoke=ALL-UNNAMED --add-opens=java.prefs/java.util.prefs=ALL-UNNAMED --add-opens=java.base/java.nio.charset=ALL-UNNAMED --add-opens=java.base/java.net=ALL-UNNAMED --add-opens=java.base/java.util.concurrent.atomic=ALL-UNNAMED -Xmx2048m -Dfile.encoding=UTF-8 -Duser.country=US -Duser.language=en -Duser.variant 
java_command: org.gradle.launcher.daemon.bootstrap.GradleDaemon 8.0
java_class_path (initial): C:\Users\hp\.gradle\wrapper\dists\gradle-8.0-bin\ca5e32bp14vu59qr306oxotwh\gradle-8.0\lib\gradle-launcher-8.0.jar
Launcher Type: SUN_STANDARD

[Global flags]
     intx CICompilerCount                          = 3                                         {product} {ergonomic}
     uint ConcGCThreads                            = 1                                         {product} {ergonomic}
     uint G1ConcRefinementThreads                  = 4                                         {product} {ergonomic}
   size_t G1HeapRegionSize                         = 1048576                                   {product} {ergonomic}
    uintx GCDrainStackTargetSize                   = 64                                        {product} {ergonomic}
   size_t InitialHeapSize                          = 134217728                                 {product} {ergonomic}
   size_t MarkStackSize                            = 4194304                                   {product} {ergonomic}
   size_t MaxHeapSize                              = 2147483648                                {product} {command line}
   size_t MaxNewSize                               = 1287651328                                {product} {ergonomic}
   size_t MinHeapDeltaBytes                        = 1048576                                   {product} {ergonomic}
    uintx NonNMethodCodeHeapSize                   = 5830732                                {pd product} {ergonomic}
    uintx NonProfiledCodeHeapSize                  = 122913754                              {pd product} {ergonomic}
    uintx ProfiledCodeHeapSize                     = 122913754                              {pd product} {ergonomic}
    uintx ReservedCodeCacheSize                    = 251658240                              {pd product} {ergonomic}
     bool SegmentedCodeCache                       = true                                      {product} {ergonomic}
     bool UseCompressedClassPointers               = true                                 {lp64_product} {ergonomic}
     bool UseCompressedOops                        = true                                 {lp64_product} {ergonomic}
     bool UseG1GC                                  = true                                      {product} {ergonomic}
     bool UseLargePagesIndividualAllocation        = false                                  {pd product} {ergonomic}

Logging:
Log output configuration:
 #0: stdout all=warning uptime,level,tags
 #1: stderr all=off uptime,level,tags

Environment Variables:
PATH=C:\Program Files (x86)\VMware\VMware Workstation\bin\;C:\Program Files (x86)\NVIDIA Corporation\PhysX\Common;C:\Windows\system32;C:\Windows;C:\Windows\System32\Wbem;C:\Windows\System32\WindowsPowerShell\v1.0\;C:\Windows\System32\OpenSSH\;C:\Users\hp\Documents\Java\jdk1.8.0_111\bin;c:\Program Files (x86)\Microsoft SQL Server\90\Tools\binn\;C:\Program Files\dotnet\;C:\Program Files\Microsoft SQL Server\150\Tools\Binn\;C:\Program Files\Microsoft SQL Server\Client SDK\ODBC\170\Tools\Binn\;C:\Program Files\Git\cmd;C:\Program Files\nodejs\;C:\ProgramData\chocolatey\bin;C:\Users\hp\AppData\Local\Programs\Python\Python310\Scripts\;C:\Users\hp\AppData\Local\Programs\Python\Python310\;C:\Users\hp\AppData\Local\Programs\Python\Launcher\;C:\Users\hp\AppData\Local\Microsoft\WindowsApps;C:\Program Files\Java\jdk1.8.0_111\bin;;C:\Program Files\JetBrains\PyCharm Community Edition 2022.3.1\bin;;C:\Users\hp\.dotnet\tools;C:\Users\hp\AppData\Roaming\npm;C:\Users\hp\AppData\Local\Programs\Microsoft VS Code\bin
USERNAME=hp
OS=Windows_NT
PROCESSOR_IDENTIFIER=Intel64 Family 6 Model 69 Stepping 1, GenuineIntel



---------------  S Y S T E M  ---------------

OS: Windows 10 , 64 bit Build 19041 (10.0.19041.3155)
OS uptime: 0 days 2:00 hours

CPU:total 4 (initial active 4) (2 cores per cpu, 2 threads per core) family 6 model 69 stepping 1 microcode 0x25, cmov, cx8, fxsr, mmx, sse, sse2, sse3, ssse3, sse4.1, sse4.2, popcnt, avx, avx2, aes, clmul, erms, lzcnt, ht, tsc, tscinvbit, bmi1, bmi2, fma

Memory: 4k page, system-wide physical 8089M (2457M free)
TotalPageFile size 10949M (AvailPageFile size 15M)
current process WorkingSet (physical memory assigned to process): 154M, peak: 154M
current process commit charge ("private bytes"): 250M, peak: 276M

vm_info: OpenJDK 64-Bit Server VM (11.0.13+0-b1751.21-8125866) for windows-amd64 JRE (11.0.13+0-b1751.21-8125866), built on Feb  2 2022 03:00:22 by "builder" with MS VC++ 14.0 (VS2015)

END.
